using Reference-sail_c_simulator.signature for test-signature output.
[Sail] Allocating new block 0x80000000
tohost located at 0x80001000
[Sail] Allocating new block 0x0

Running file ref.elf.
ELF Entry @ 0x80000000
begin_signature: 0x80002310
end_signature: 0x800024b0
CSR mstatus <- 0x00000000 (input: 0x00000000)
mem[X,0x00001000] -> 0x0297
mem[X,0x00001002] -> 0x0000
[0] [M]: 0x00001000 (0x00000297) auipc t0, 0
x5 <- 0x00001000


mem[X,0x00001004] -> 0x8593
mem[X,0x00001006] -> 0x0202
[1] [M]: 0x00001004 (0x02028593) addi a1, t0, 32
x11 <- 0x00001020


mem[X,0x00001008] -> 0x2573
mem[X,0x0000100A] -> 0xF140
[2] [M]: 0x00001008 (0xF1402573) csrrs a0, mhartid, zero
CSR mhartid -> 0x00000000
x10 <- 0x00000000


mem[X,0x0000100C] -> 0xA283
mem[X,0x0000100E] -> 0x0182
[3] [M]: 0x0000100C (0x0182A283) lw t0, 24(t0)
mem[R,0x00001018] -> 0x80000000
x5 <- 0x80000000


mem[X,0x00001010] -> 0x8067
mem[X,0x00001012] -> 0x0002
[4] [M]: 0x00001010 (0x00028067) jalr zero, t0, 0


mem[X,0x80000000] -> 0xC0B7
mem[X,0x80000002] -> 0xFEED
[5] [M]: 0x80000000 (0xFEEDC0B7) lui ra, 1044188
x1 <- 0xFEEDC000


mem[X,0x80000004] -> 0x8093
mem[X,0x80000006] -> 0xEAD0
[6] [M]: 0x80000004 (0xEAD08093) addi ra, ra, 3757
x1 <- 0xFEEDBEAD


mem[X,0x80000008] -> 0xE137
mem[X,0x8000000A] -> 0xFF76
[7] [M]: 0x80000008 (0xFF76E137) lui sp, 1046382
x2 <- 0xFF76E000


mem[X,0x8000000C] -> 0x0113
mem[X,0x8000000E] -> 0xF561
[8] [M]: 0x8000000C (0xF5610113) addi sp, sp, 3926
x2 <- 0xFF76DF56


mem[X,0x80000010] -> 0x71B7
mem[X,0x80000012] -> 0x7FBB
[9] [M]: 0x80000010 (0x7FBB71B7) lui gp, 523191
x3 <- 0x7FBB7000


mem[X,0x80000014] -> 0x8193
mem[X,0x80000016] -> 0xFAB1
[10] [M]: 0x80000014 (0xFAB18193) addi gp, gp, 4011
x3 <- 0x7FBB6FAB


mem[X,0x80000018] -> 0xB237
mem[X,0x8000001A] -> 0xBFDD
[11] [M]: 0x80000018 (0xBFDDB237) lui tp, 785883
x4 <- 0xBFDDB000


mem[X,0x8000001C] -> 0x0213
mem[X,0x8000001E] -> 0x7D52
[12] [M]: 0x8000001C (0x7D520213) addi tp, tp, 2005
x4 <- 0xBFDDB7D5


mem[X,0x80000020] -> 0x0297
mem[X,0x80000022] -> 0x0000
[13] [M]: 0x80000020 (0x00000297) auipc t0, 0
x5 <- 0x80000020


mem[X,0x80000024] -> 0x8293
mem[X,0x80000026] -> 0x0D82
[14] [M]: 0x80000024 (0x0D828293) addi t0, t0, 216
x5 <- 0x800000F8


mem[X,0x80000028] -> 0x2317
mem[X,0x8000002A] -> 0x0000
[15] [M]: 0x80000028 (0x00002317) auipc t1, 2
x6 <- 0x80002028


mem[X,0x8000002C] -> 0x0313
mem[X,0x8000002E] -> 0xFD83
[16] [M]: 0x8000002C (0xFD830313) addi t1, t1, 4056
x6 <- 0x80002000


mem[X,0x80000030] -> 0xB3B7
mem[X,0x80000032] -> 0xB7FB
[17] [M]: 0x80000030 (0xB7FBB3B7) lui t2, 753595
x7 <- 0xB7FBB000


mem[X,0x80000034] -> 0x8393
mem[X,0x80000036] -> 0x6FA3
[18] [M]: 0x80000034 (0x6FA38393) addi t2, t2, 1786
x7 <- 0xB7FBB6FA


mem[X,0x80000038] -> 0xE437
mem[X,0x8000003A] -> 0x5BFD
[19] [M]: 0x80000038 (0x5BFDE437) lui fp, 376798
x8 <- 0x5BFDE000


mem[X,0x8000003C] -> 0x0413
mem[X,0x8000003E] -> 0xB7D4
[20] [M]: 0x8000003C (0xB7D40413) addi fp, fp, 2941
x8 <- 0x5BFDDB7D


mem[X,0x80000040] -> 0xF4B7
mem[X,0x80000042] -> 0xADFE
[21] [M]: 0x80000040 (0xADFEF4B7) lui s1, 712687
x9 <- 0xADFEF000


mem[X,0x80000044] -> 0x8493
mem[X,0x80000046] -> 0xDBE4
[22] [M]: 0x80000044 (0xDBE48493) addi s1, s1, 3518
x9 <- 0xADFEEDBE


mem[X,0x80000048] -> 0x7537
mem[X,0x8000004A] -> 0x56FF
[23] [M]: 0x80000048 (0x56FF7537) lui a0, 356343
x10 <- 0x56FF7000


mem[X,0x8000004C] -> 0x0513
mem[X,0x8000004E] -> 0x6DF5
[24] [M]: 0x8000004C (0x6DF50513) addi a0, a0, 1759
x10 <- 0x56FF76DF


mem[X,0x80000050] -> 0xC5B7
mem[X,0x80000052] -> 0xAB7F
[25] [M]: 0x80000050 (0xAB7FC5B7) lui a1, 702460
x11 <- 0xAB7FC000


mem[X,0x80000054] -> 0x8593
mem[X,0x80000056] -> 0xB6F5
[26] [M]: 0x80000054 (0xB6F58593) addi a1, a1, 2927
x11 <- 0xAB7FBB6F


mem[X,0x80000058] -> 0xE637
mem[X,0x8000005A] -> 0xD5BF
[27] [M]: 0x80000058 (0xD5BFE637) lui a2, 875518
x12 <- 0xD5BFE000


mem[X,0x8000005C] -> 0x0613
mem[X,0x8000005E] -> 0xDB76
[28] [M]: 0x8000005C (0xDB760613) addi a2, a2, 3511
x12 <- 0xD5BFDDB7


mem[X,0x80000060] -> 0xF6B7
mem[X,0x80000062] -> 0xEADF
[29] [M]: 0x80000060 (0xEADFF6B7) lui a3, 962047
x13 <- 0xEADFF000


mem[X,0x80000064] -> 0x8693
mem[X,0x80000066] -> 0xEDB6
[30] [M]: 0x80000064 (0xEDB68693) addi a3, a3, 3803
x13 <- 0xEADFEEDB


mem[X,0x80000068] -> 0xF737
mem[X,0x8000006A] -> 0xF56F
[31] [M]: 0x80000068 (0xF56FF737) lui a4, 1005311
x14 <- 0xF56FF000


mem[X,0x8000006C] -> 0x0713
mem[X,0x8000006E] -> 0x76D7
[32] [M]: 0x8000006C (0x76D70713) addi a4, a4, 1901
x14 <- 0xF56FF76D


mem[X,0x80000070] -> 0x07B7
mem[X,0x80000072] -> 0xFAB8
[33] [M]: 0x80000070 (0xFAB807B7) lui a5, 1026944
x15 <- 0xFAB80000


mem[X,0x80000074] -> 0x8793
mem[X,0x80000076] -> 0xBB67
[34] [M]: 0x80000074 (0xBB678793) addi a5, a5, 2998
x15 <- 0xFAB7FBB6


mem[X,0x80000078] -> 0x0837
mem[X,0x8000007A] -> 0x7D5C
[35] [M]: 0x80000078 (0x7D5C0837) lui a6, 513472
x16 <- 0x7D5C0000


mem[X,0x8000007C] -> 0x0813
mem[X,0x8000007E] -> 0xDDB8
[36] [M]: 0x8000007C (0xDDB80813) addi a6, a6, 3547
x16 <- 0x7D5BFDDB


mem[X,0x80000080] -> 0x08B7
mem[X,0x80000082] -> 0xBEAE
[37] [M]: 0x80000080 (0xBEAE08B7) lui a7, 781024
x17 <- 0xBEAE0000


mem[X,0x80000084] -> 0x8893
mem[X,0x80000086] -> 0xEED8
[38] [M]: 0x80000084 (0xEED88893) addi a7, a7, 3821
x17 <- 0xBEADFEED


mem[X,0x80000088] -> 0x0937
mem[X,0x8000008A] -> 0xDF57
[39] [M]: 0x80000088 (0xDF570937) lui s2, 914800
x18 <- 0xDF570000


mem[X,0x8000008C] -> 0x0913
mem[X,0x8000008E] -> 0xF769
[40] [M]: 0x8000008C (0xF7690913) addi s2, s2, 3958
x18 <- 0xDF56FF76


mem[X,0x80000090] -> 0x89B7
mem[X,0x80000092] -> 0x6FAB
[41] [M]: 0x80000090 (0x6FAB89B7) lui s3, 457400
x19 <- 0x6FAB8000


mem[X,0x80000094] -> 0x8993
mem[X,0x80000096] -> 0xFBB9
[42] [M]: 0x80000094 (0xFBB98993) addi s3, s3, 4027
x19 <- 0x6FAB7FBB


mem[X,0x80000098] -> 0xCA37
mem[X,0x8000009A] -> 0xB7D5
[43] [M]: 0x80000098 (0xB7D5CA37) lui s4, 752988
x20 <- 0xB7D5C000


mem[X,0x8000009C] -> 0x0A13
mem[X,0x8000009E] -> 0xFDDA
[44] [M]: 0x8000009C (0xFDDA0A13) addi s4, s4, 4061
x20 <- 0xB7D5BFDD


mem[X,0x800000A0] -> 0xEAB7
mem[X,0x800000A2] -> 0xDBEA
[45] [M]: 0x800000A0 (0xDBEAEAB7) lui s5, 900782
x21 <- 0xDBEAE000


mem[X,0x800000A4] -> 0x8A93
mem[X,0x800000A6] -> 0xFEEA
[46] [M]: 0x800000A4 (0xFEEA8A93) addi s5, s5, 4078
x21 <- 0xDBEADFEE


mem[X,0x800000A8] -> 0x7B37
mem[X,0x800000AA] -> 0x6DF5
[47] [M]: 0x800000A8 (0x6DF57B37) lui s6, 450391
x22 <- 0x6DF57000


mem[X,0x800000AC] -> 0x0B13
mem[X,0x800000AE] -> 0xFF7B
[48] [M]: 0x800000AC (0xFF7B0B13) addi s6, s6, 4087
x22 <- 0x6DF56FF7


mem[X,0x800000B0] -> 0xBBB7
mem[X,0x800000B2] -> 0xB6FA
[49] [M]: 0x800000B0 (0xB6FABBB7) lui s7, 749483
x23 <- 0xB6FAB000


mem[X,0x800000B4] -> 0x8B93
mem[X,0x800000B6] -> 0x7FBB
[50] [M]: 0x800000B4 (0x7FBB8B93) addi s7, s7, 2043
x23 <- 0xB6FAB7FB


mem[X,0x800000B8] -> 0x6C37
mem[X,0x800000BA] -> 0xDB7D
[51] [M]: 0x800000B8 (0xDB7D6C37) lui s8, 899030
x24 <- 0xDB7D6000


mem[X,0x800000BC] -> 0x0C13
mem[X,0x800000BE] -> 0xBFDC
[52] [M]: 0x800000BC (0xBFDC0C13) addi s8, s8, 3069
x24 <- 0xDB7D5BFD


mem[X,0x800000C0] -> 0xBCB7
mem[X,0x800000C2] -> 0xEDBE
[53] [M]: 0x800000C0 (0xEDBEBCB7) lui s9, 973803
x25 <- 0xEDBEB000


mem[X,0x800000C4] -> 0x8C93
mem[X,0x800000C6] -> 0xDFEC
[54] [M]: 0x800000C4 (0xDFEC8C93) addi s9, s9, 3582
x25 <- 0xEDBEADFE


mem[X,0x800000C8] -> 0x5D37
mem[X,0x800000CA] -> 0x76DF
[55] [M]: 0x800000C8 (0x76DF5D37) lui s10, 486901
x26 <- 0x76DF5000


mem[X,0x800000CC] -> 0x0D13
mem[X,0x800000CE] -> 0x6FFD
[56] [M]: 0x800000CC (0x6FFD0D13) addi s10, s10, 1791
x26 <- 0x76DF56FF


mem[X,0x800000D0] -> 0xBDB7
mem[X,0x800000D2] -> 0xBB6F
[57] [M]: 0x800000D0 (0xBB6FBDB7) lui s11, 767739
x27 <- 0xBB6FB000


mem[X,0x800000D4] -> 0x8D93
mem[X,0x800000D6] -> 0xB7FD
[58] [M]: 0x800000D4 (0xB7FD8D93) addi s11, s11, 2943
x27 <- 0xBB6FAB7F


mem[X,0x800000D8] -> 0xDE37
mem[X,0x800000DA] -> 0xDDB7
[59] [M]: 0x800000D8 (0xDDB7DE37) lui t3, 908157
x28 <- 0xDDB7D000


mem[X,0x800000DC] -> 0x0E13
mem[X,0x800000DE] -> 0x5BFE
[60] [M]: 0x800000DC (0x5BFE0E13) addi t3, t3, 1471
x28 <- 0xDDB7D5BF


mem[X,0x800000E0] -> 0xFEB7
mem[X,0x800000E2] -> 0xEEDB
[61] [M]: 0x800000E0 (0xEEDBFEB7) lui t4, 978367
x29 <- 0xEEDBF000


mem[X,0x800000E4] -> 0x8E93
mem[X,0x800000E6] -> 0xADFE
[62] [M]: 0x800000E4 (0xADFE8E93) addi t4, t4, 2783
x29 <- 0xEEDBEADF


mem[X,0x800000E8] -> 0xFF37
mem[X,0x800000EA] -> 0xF76D
[63] [M]: 0x800000E8 (0xF76DFF37) lui t5, 1013471
x30 <- 0xF76DF000


mem[X,0x800000EC] -> 0x0F13
mem[X,0x800000EE] -> 0x56FF
[64] [M]: 0x800000EC (0x56FF0F13) addi t5, t5, 1391
x30 <- 0xF76DF56F


mem[X,0x800000F0] -> 0x0FB7
mem[X,0x800000F2] -> 0xFBB7
[65] [M]: 0x800000F0 (0xFBB70FB7) lui t6, 1031024
x31 <- 0xFBB70000


mem[X,0x800000F4] -> 0x8F93
mem[X,0x800000F6] -> 0xAB7F
[66] [M]: 0x800000F4 (0xAB7F8F93) addi t6, t6, 2743
x31 <- 0xFBB6FAB7


mem[X,0x800000F8] -> 0x2537
mem[X,0x800000FA] -> 0x0000
[67] [M]: 0x800000F8 (0x00002537) lui a0, 2
x10 <- 0x00002000


mem[X,0x800000FC] -> 0x2073
mem[X,0x800000FE] -> 0x3005
[68] [M]: 0x800000FC (0x30052073) csrrs zero, mstatus, a0
CSR mstatus -> 0x00000000
CSR mstatus <- 0x00002000 (input: 0x00002000)


mem[X,0x80000100] -> 0x5073
mem[X,0x80000102] -> 0x0030
[69] [M]: 0x80000100 (0x00305073) csrrwi zero, fcsr, 0
CSR fcsr -> 0x00000000
CSR fcsr <- 0x00000000 (input: 0x00000000)


mem[X,0x80000104] -> 0x2197
mem[X,0x80000106] -> 0x0000
[70] [M]: 0x80000104 (0x00002197) auipc gp, 2
x3 <- 0x80002104


mem[X,0x80000108] -> 0x8193
mem[X,0x8000010A] -> 0xF0C1
[71] [M]: 0x80000108 (0xF0C18193) addi gp, gp, 3852
x3 <- 0x80002010


mem[X,0x8000010C] -> 0x2097
mem[X,0x8000010E] -> 0x0000
[72] [M]: 0x8000010C (0x00002097) auipc ra, 2
x1 <- 0x8000210C


mem[X,0x80000110] -> 0x8093
mem[X,0x80000112] -> 0x2080
[73] [M]: 0x80000110 (0x20808093) addi ra, ra, 520
x1 <- 0x80002314


mem[X,0x80000114] -> 0xAF07
mem[X,0x80000116] -> 0x0001
[74] [M]: 0x80000114 (0x0001AF07) flw ft10, 0(gp)
mem[R,0x80002010] -> 0x0000FAC0
f30 <- 0xFFFFFFFF0000FAC0


mem[X,0x80000118] -> 0xAE87
mem[X,0x8000011A] -> 0x0041
[75] [M]: 0x80000118 (0x0041AE87) flw ft9, 4(gp)
mem[R,0x80002014] -> 0x00007BFF
f29 <- 0xFFFFFFFF00007BFF


mem[X,0x8000011C] -> 0x0113
mem[X,0x8000011E] -> 0x0000
[76] [M]: 0x8000011C (0x00000113) addi sp, zero, 0
x2 <- 0x00000000


mem[X,0x80000120] -> 0x1073
mem[X,0x80000122] -> 0x0031
[77] [M]: 0x80000120 (0x00311073) csrrw zero, fcsr, sp
CSR fcsr -> 0x00000000
CSR fcsr <- 0x00000000 (input: 0x00000000)


mem[X,0x80000124] -> 0x7FD3
mem[X,0x80000126] -> 0x05DF
[78] [M]: 0x80000124 (0x05DF7FD3) fadd.h ft11, ft10, ft9, dyn
f31 <- 0xFFFFFFFFFFFF7E00


mem[X,0x80000128] -> 0x2273
mem[X,0x8000012A] -> 0x0030
[79] [M]: 0x80000128 (0x00302273) csrrs tp, fcsr, zero
CSR fcsr -> 0x00000000
x4 <- 0x00000000


mem[X,0x8000012C] -> 0xA027
mem[X,0x8000012E] -> 0x01F0
[80] [M]: 0x8000012C (0x01F0A027) fsw ft11, 0(ra)
mem[0x80002314] <- 0xFFFF7E00


mem[X,0x80000130] -> 0xA223
mem[X,0x80000132] -> 0x0040
[81] [M]: 0x80000130 (0x0040A223) sw tp, 4(ra)
mem[0x80002318] <- 0x00000000


mem[X,0x80000134] -> 0xAF87
mem[X,0x80000136] -> 0x0081
[82] [M]: 0x80000134 (0x0081AF87) flw ft11, 8(gp)
mem[R,0x80002018] -> 0x0000F6B9
f31 <- 0xFFFFFFFF0000F6B9


mem[X,0x80000138] -> 0xAF87
mem[X,0x8000013A] -> 0x00C1
[83] [M]: 0x80000138 (0x00C1AF87) flw ft11, 12(gp)
mem[R,0x8000201C] -> 0x0000F6B9
f31 <- 0xFFFFFFFF0000F6B9


mem[X,0x8000013C] -> 0x0113
mem[X,0x8000013E] -> 0x0000
[84] [M]: 0x8000013C (0x00000113) addi sp, zero, 0
x2 <- 0x00000000


mem[X,0x80000140] -> 0x1073
mem[X,0x80000142] -> 0x0031
[85] [M]: 0x80000140 (0x00311073) csrrw zero, fcsr, sp
CSR fcsr -> 0x00000000
CSR fcsr <- 0x00000000 (input: 0x00000000)


mem[X,0x80000144] -> 0xFF53
mem[X,0x80000146] -> 0x05FF
[86] [M]: 0x80000144 (0x05FFFF53) fadd.h ft10, ft11, ft11, dyn
f30 <- 0xFFFFFFFFFFFF7E00


mem[X,0x80000148] -> 0x2273
mem[X,0x8000014A] -> 0x0030
[87] [M]: 0x80000148 (0x00302273) csrrs tp, fcsr, zero
CSR fcsr -> 0x00000000
x4 <- 0x00000000


mem[X,0x8000014C] -> 0xA427
mem[X,0x8000014E] -> 0x01E0
[88] [M]: 0x8000014C (0x01E0A427) fsw ft10, 8(ra)
mem[0x8000231C] <- 0xFFFF7E00


mem[X,0x80000150] -> 0xA623
mem[X,0x80000152] -> 0x0040
[89] [M]: 0x80000150 (0x0040A623) sw tp, 12(ra)
mem[0x80002320] <- 0x00000000


mem[X,0x80000154] -> 0xAE87
mem[X,0x80000156] -> 0x0101
[90] [M]: 0x80000154 (0x0101AE87) flw ft9, 16(gp)
mem[R,0x80002020] -> 0x0000F816
f29 <- 0xFFFFFFFF0000F816


mem[X,0x80000158] -> 0xAE07
mem[X,0x8000015A] -> 0x0141
[91] [M]: 0x80000158 (0x0141AE07) flw ft8, 20(gp)
mem[R,0x80002024] -> 0x00007B53
f28 <- 0xFFFFFFFF00007B53


mem[X,0x8000015C] -> 0x0113
mem[X,0x8000015E] -> 0x0000
[92] [M]: 0x8000015C (0x00000113) addi sp, zero, 0
x2 <- 0x00000000


mem[X,0x80000160] -> 0x1073
mem[X,0x80000162] -> 0x0031
[93] [M]: 0x80000160 (0x00311073) csrrw zero, fcsr, sp
CSR fcsr -> 0x00000000
CSR fcsr <- 0x00000000 (input: 0x00000000)


mem[X,0x80000164] -> 0xFE53
mem[X,0x80000166] -> 0x05CE
[94] [M]: 0x80000164 (0x05CEFE53) fadd.h ft8, ft9, ft8, dyn
f28 <- 0xFFFFFFFFFFFF7E00


mem[X,0x80000168] -> 0x2273
mem[X,0x8000016A] -> 0x0030
[95] [M]: 0x80000168 (0x00302273) csrrs tp, fcsr, zero
CSR fcsr -> 0x00000000
x4 <- 0x00000000


mem[X,0x8000016C] -> 0xA827
mem[X,0x8000016E] -> 0x01C0
[96] [M]: 0x8000016C (0x01C0A827) fsw ft8, 16(ra)
mem[0x80002324] <- 0xFFFF7E00


mem[X,0x80000170] -> 0xAA23
mem[X,0x80000172] -> 0x0040
[97] [M]: 0x80000170 (0x0040AA23) sw tp, 20(ra)
mem[0x80002328] <- 0x00000000


mem[X,0x80000174] -> 0xAD87
mem[X,0x80000176] -> 0x0181
[98] [M]: 0x80000174 (0x0181AD87) flw fs11, 24(gp)
mem[R,0x80002028] -> 0x0000FA44
f27 <- 0xFFFFFFFF0000FA44


mem[X,0x80000178] -> 0xAD87
mem[X,0x8000017A] -> 0x01C1
[99] [M]: 0x80000178 (0x01C1AD87) flw fs11, 28(gp)
mem[R,0x8000202C] -> 0x0000FA44
f27 <- 0xFFFFFFFF0000FA44


clint::tick mtime <- 0x0000000000000001
 clint timer pending at mtime 0x0000000000000001
htif::tick 0x0000000000000000
mem[X,0x8000017C] -> 0x0113
mem[X,0x8000017E] -> 0x0000
[100] [M]: 0x8000017C (0x00000113) addi sp, zero, 0
x2 <- 0x00000000


mem[X,0x80000180] -> 0x1073
mem[X,0x80000182] -> 0x0031
[101] [M]: 0x80000180 (0x00311073) csrrw zero, fcsr, sp
CSR fcsr -> 0x00000000
CSR fcsr <- 0x00000000 (input: 0x00000000)


mem[X,0x80000184] -> 0xFDD3
mem[X,0x80000186] -> 0x05BD
[102] [M]: 0x80000184 (0x05BDFDD3) fadd.h fs11, fs11, fs11, dyn
f27 <- 0xFFFFFFFFFFFF7E00


mem[X,0x80000188] -> 0x2273
mem[X,0x8000018A] -> 0x0030
[103] [M]: 0x80000188 (0x00302273) csrrs tp, fcsr, zero
CSR fcsr -> 0x00000000
x4 <- 0x00000000


mem[X,0x8000018C] -> 0xAC27
mem[X,0x8000018E] -> 0x01B0
[104] [M]: 0x8000018C (0x01B0AC27) fsw fs11, 24(ra)
mem[0x8000232C] <- 0xFFFF7E00


mem[X,0x80000190] -> 0xAE23
mem[X,0x80000192] -> 0x0040
[105] [M]: 0x80000190 (0x0040AE23) sw tp, 28(ra)
mem[0x80002330] <- 0x00000000


mem[X,0x80000194] -> 0xAD07
mem[X,0x80000196] -> 0x0201
[106] [M]: 0x80000194 (0x0201AD07) flw fs10, 32(gp)
mem[R,0x80002030] -> 0x0000F79F
f26 <- 0xFFFFFFFF0000F79F


mem[X,0x80000198] -> 0xAF07
mem[X,0x8000019A] -> 0x0241
[107] [M]: 0x80000198 (0x0241AF07) flw ft10, 36(gp)
mem[R,0x80002034] -> 0x00007BFF
f30 <- 0xFFFFFFFF00007BFF


mem[X,0x8000019C] -> 0x0113
mem[X,0x8000019E] -> 0x0000
[108] [M]: 0x8000019C (0x00000113) addi sp, zero, 0
x2 <- 0x00000000


mem[X,0x800001A0] -> 0x1073
mem[X,0x800001A2] -> 0x0031
[109] [M]: 0x800001A0 (0x00311073) csrrw zero, fcsr, sp
CSR fcsr -> 0x00000000
CSR fcsr <- 0x00000000 (input: 0x00000000)


mem[X,0x800001A4] -> 0x7D53
mem[X,0x800001A6] -> 0x05ED
[110] [M]: 0x800001A4 (0x05ED7D53) fadd.h fs10, fs10, ft10, dyn
f26 <- 0xFFFFFFFFFFFF7E00


mem[X,0x800001A8] -> 0x2273
mem[X,0x800001AA] -> 0x0030
[111] [M]: 0x800001A8 (0x00302273) csrrs tp, fcsr, zero
CSR fcsr -> 0x00000000
x4 <- 0x00000000


mem[X,0x800001AC] -> 0xA027
mem[X,0x800001AE] -> 0x03A0
[112] [M]: 0x800001AC (0x03A0A027) fsw fs10, 32(ra)
mem[0x80002334] <- 0xFFFF7E00


mem[X,0x800001B0] -> 0xA223
mem[X,0x800001B2] -> 0x0240
[113] [M]: 0x800001B0 (0x0240A223) sw tp, 36(ra)
mem[0x80002338] <- 0x00000000


mem[X,0x800001B4] -> 0xAE07
mem[X,0x800001B6] -> 0x0281
[114] [M]: 0x800001B4 (0x0281AE07) flw ft8, 40(gp)
mem[R,0x80002038] -> 0x0000FB42
f28 <- 0xFFFFFFFF0000FB42


mem[X,0x800001B8] -> 0xAD07
mem[X,0x800001BA] -> 0x02C1
[115] [M]: 0x800001B8 (0x02C1AD07) flw fs10, 44(gp)
mem[R,0x8000203C] -> 0x00007BFF
f26 <- 0xFFFFFFFF00007BFF


mem[X,0x800001BC] -> 0x0113
mem[X,0x800001BE] -> 0x0000
[116] [M]: 0x800001BC (0x00000113) addi sp, zero, 0
x2 <- 0x00000000


mem[X,0x800001C0] -> 0x1073
mem[X,0x800001C2] -> 0x0031
[117] [M]: 0x800001C0 (0x00311073) csrrw zero, fcsr, sp
CSR fcsr -> 0x00000000
CSR fcsr <- 0x00000000 (input: 0x00000000)


mem[X,0x800001C4] -> 0x7ED3
mem[X,0x800001C6] -> 0x05AE
[118] [M]: 0x800001C4 (0x05AE7ED3) fadd.h ft9, ft8, fs10, dyn
f29 <- 0xFFFFFFFFFFFF7E00


mem[X,0x800001C8] -> 0x2273
mem[X,0x800001CA] -> 0x0030
[119] [M]: 0x800001C8 (0x00302273) csrrs tp, fcsr, zero
CSR fcsr -> 0x00000000
x4 <- 0x00000000


mem[X,0x800001CC] -> 0xA427
mem[X,0x800001CE] -> 0x03D0
[120] [M]: 0x800001CC (0x03D0A427) fsw ft9, 40(ra)
mem[0x8000233C] <- 0xFFFF7E00


mem[X,0x800001D0] -> 0xA623
mem[X,0x800001D2] -> 0x0240
[121] [M]: 0x800001D0 (0x0240A623) sw tp, 44(ra)
mem[0x80002340] <- 0x00000000


mem[X,0x800001D4] -> 0xAC07
mem[X,0x800001D6] -> 0x0301
[122] [M]: 0x800001D4 (0x0301AC07) flw fs8, 48(gp)
mem[R,0x80002040] -> 0x0000F481
f24 <- 0xFFFFFFFF0000F481


mem[X,0x800001D8] -> 0xAB87
mem[X,0x800001DA] -> 0x0341
[123] [M]: 0x800001D8 (0x0341AB87) flw fs7, 52(gp)
mem[R,0x80002044] -> 0x00007BFF
f23 <- 0xFFFFFFFF00007BFF


mem[X,0x800001DC] -> 0x0113
mem[X,0x800001DE] -> 0x0000
[124] [M]: 0x800001DC (0x00000113) addi sp, zero, 0
x2 <- 0x00000000


mem[X,0x800001E0] -> 0x1073
mem[X,0x800001E2] -> 0x0031
[125] [M]: 0x800001E0 (0x00311073) csrrw zero, fcsr, sp
CSR fcsr -> 0x00000000
CSR fcsr <- 0x00000000 (input: 0x00000000)


mem[X,0x800001E4] -> 0x7CD3
mem[X,0x800001E6] -> 0x057C
[126] [M]: 0x800001E4 (0x057C7CD3) fadd.h fs9, fs8, fs7, dyn
f25 <- 0xFFFFFFFFFFFF7E00


mem[X,0x800001E8] -> 0x2273
mem[X,0x800001EA] -> 0x0030
[127] [M]: 0x800001E8 (0x00302273) csrrs tp, fcsr, zero
CSR fcsr -> 0x00000000
x4 <- 0x00000000


mem[X,0x800001EC] -> 0xA827
mem[X,0x800001EE] -> 0x0390
[128] [M]: 0x800001EC (0x0390A827) fsw fs9, 48(ra)
mem[0x80002344] <- 0xFFFF7E00


mem[X,0x800001F0] -> 0xAA23
mem[X,0x800001F2] -> 0x0240
[129] [M]: 0x800001F0 (0x0240AA23) sw tp, 52(ra)
mem[0x80002348] <- 0x00000000


mem[X,0x800001F4] -> 0xAB87
mem[X,0x800001F6] -> 0x0381
[130] [M]: 0x800001F4 (0x0381AB87) flw fs7, 56(gp)
mem[R,0x80002048] -> 0x0000F8F1
f23 <- 0xFFFFFFFF0000F8F1


mem[X,0x800001F8] -> 0xAC87
mem[X,0x800001FA] -> 0x03C1
[131] [M]: 0x800001F8 (0x03C1AC87) flw fs9, 60(gp)
mem[R,0x8000204C] -> 0x00007AF2
f25 <- 0xFFFFFFFF00007AF2


mem[X,0x800001FC] -> 0x0113
mem[X,0x800001FE] -> 0x0000
[132] [M]: 0x800001FC (0x00000113) addi sp, zero, 0
x2 <- 0x00000000


mem[X,0x80000200] -> 0x1073
mem[X,0x80000202] -> 0x0031
[133] [M]: 0x80000200 (0x00311073) csrrw zero, fcsr, sp
CSR fcsr -> 0x00000000
CSR fcsr <- 0x00000000 (input: 0x00000000)


mem[X,0x80000204] -> 0xFC53
mem[X,0x80000206] -> 0x059B
[134] [M]: 0x80000204 (0x059BFC53) fadd.h fs8, fs7, fs9, dyn
f24 <- 0xFFFFFFFFFFFF7E00


mem[X,0x80000208] -> 0x2273
mem[X,0x8000020A] -> 0x0030
[135] [M]: 0x80000208 (0x00302273) csrrs tp, fcsr, zero
CSR fcsr -> 0x00000000
x4 <- 0x00000000


mem[X,0x8000020C] -> 0xAC27
mem[X,0x8000020E] -> 0x0380
[136] [M]: 0x8000020C (0x0380AC27) fsw fs8, 56(ra)
mem[0x8000234C] <- 0xFFFF7E00


mem[X,0x80000210] -> 0xAE23
mem[X,0x80000212] -> 0x0240
[137] [M]: 0x80000210 (0x0240AE23) sw tp, 60(ra)
mem[0x80002350] <- 0x00000000


mem[X,0x80000214] -> 0xAC87
mem[X,0x80000216] -> 0x0401
[138] [M]: 0x80000214 (0x0401AC87) flw fs9, 64(gp)
mem[R,0x80002050] -> 0x0000FB46
f25 <- 0xFFFFFFFF0000FB46


mem[X,0x80000218] -> 0xAC07
mem[X,0x8000021A] -> 0x0441
[139] [M]: 0x80000218 (0x0441AC07) flw fs8, 68(gp)
mem[R,0x80002054] -> 0x00007BFF
f24 <- 0xFFFFFFFF00007BFF


mem[X,0x8000021C] -> 0x0113
mem[X,0x8000021E] -> 0x0000
[140] [M]: 0x8000021C (0x00000113) addi sp, zero, 0
x2 <- 0x00000000


mem[X,0x80000220] -> 0x1073
mem[X,0x80000222] -> 0x0031
[141] [M]: 0x80000220 (0x00311073) csrrw zero, fcsr, sp
CSR fcsr -> 0x00000000
CSR fcsr <- 0x00000000 (input: 0x00000000)


mem[X,0x80000224] -> 0xFBD3
mem[X,0x80000226] -> 0x058C
[142] [M]: 0x80000224 (0x058CFBD3) fadd.h fs7, fs9, fs8, dyn
f23 <- 0xFFFFFFFFFFFF7E00


mem[X,0x80000228] -> 0x2273
mem[X,0x8000022A] -> 0x0030
[143] [M]: 0x80000228 (0x00302273) csrrs tp, fcsr, zero
CSR fcsr -> 0x00000000
x4 <- 0x00000000


mem[X,0x8000022C] -> 0xA027
mem[X,0x8000022E] -> 0x0570
[144] [M]: 0x8000022C (0x0570A027) fsw fs7, 64(ra)
mem[0x80002354] <- 0xFFFF7E00


mem[X,0x80000230] -> 0xA223
mem[X,0x80000232] -> 0x0440
[145] [M]: 0x80000230 (0x0440A223) sw tp, 68(ra)
mem[0x80002358] <- 0x00000000


mem[X,0x80000234] -> 0xAA87
mem[X,0x80000236] -> 0x0481
[146] [M]: 0x80000234 (0x0481AA87) flw fs5, 72(gp)
mem[R,0x80002058] -> 0x0000FA7A
f21 <- 0xFFFFFFFF0000FA7A


mem[X,0x80000238] -> 0xAA07
mem[X,0x8000023A] -> 0x04C1
[147] [M]: 0x80000238 (0x04C1AA07) flw fs4, 76(gp)
mem[R,0x8000205C] -> 0x00007BFF
f20 <- 0xFFFFFFFF00007BFF


mem[X,0x8000023C] -> 0x0113
mem[X,0x8000023E] -> 0x0000
[148] [M]: 0x8000023C (0x00000113) addi sp, zero, 0
x2 <- 0x00000000


mem[X,0x80000240] -> 0x1073
mem[X,0x80000242] -> 0x0031
[149] [M]: 0x80000240 (0x00311073) csrrw zero, fcsr, sp
CSR fcsr -> 0x00000000
CSR fcsr <- 0x00000000 (input: 0x00000000)


mem[X,0x80000244] -> 0xFB53
mem[X,0x80000246] -> 0x054A
[150] [M]: 0x80000244 (0x054AFB53) fadd.h fs6, fs5, fs4, dyn
f22 <- 0xFFFFFFFFFFFF7E00


mem[X,0x80000248] -> 0x2273
mem[X,0x8000024A] -> 0x0030
[151] [M]: 0x80000248 (0x00302273) csrrs tp, fcsr, zero
CSR fcsr -> 0x00000000
x4 <- 0x00000000


mem[X,0x8000024C] -> 0xA427
mem[X,0x8000024E] -> 0x0560
[152] [M]: 0x8000024C (0x0560A427) fsw fs6, 72(ra)
mem[0x8000235C] <- 0xFFFF7E00


mem[X,0x80000250] -> 0xA623
mem[X,0x80000252] -> 0x0440
[153] [M]: 0x80000250 (0x0440A623) sw tp, 76(ra)
mem[0x80002360] <- 0x00000000


mem[X,0x80000254] -> 0xAA07
mem[X,0x80000256] -> 0x0501
[154] [M]: 0x80000254 (0x0501AA07) flw fs4, 80(gp)
mem[R,0x80002060] -> 0x0000F4F5
f20 <- 0xFFFFFFFF0000F4F5


mem[X,0x80000258] -> 0xAB07
mem[X,0x8000025A] -> 0x0541
[155] [M]: 0x80000258 (0x0541AB07) flw fs6, 84(gp)
mem[R,0x80002064] -> 0x00007BFF
f22 <- 0xFFFFFFFF00007BFF


mem[X,0x8000025C] -> 0x0113
mem[X,0x8000025E] -> 0x0000
[156] [M]: 0x8000025C (0x00000113) addi sp, zero, 0
x2 <- 0x00000000


mem[X,0x80000260] -> 0x1073
mem[X,0x80000262] -> 0x0031
[157] [M]: 0x80000260 (0x00311073) csrrw zero, fcsr, sp
CSR fcsr -> 0x00000000
CSR fcsr <- 0x00000000 (input: 0x00000000)


mem[X,0x80000264] -> 0x7AD3
mem[X,0x80000266] -> 0x056A
[158] [M]: 0x80000264 (0x056A7AD3) fadd.h fs5, fs4, fs6, dyn
f21 <- 0xFFFFFFFFFFFF7E00


mem[X,0x80000268] -> 0x2273
mem[X,0x8000026A] -> 0x0030
[159] [M]: 0x80000268 (0x00302273) csrrs tp, fcsr, zero
CSR fcsr -> 0x00000000
x4 <- 0x00000000


mem[X,0x8000026C] -> 0xA827
mem[X,0x8000026E] -> 0x0550
[160] [M]: 0x8000026C (0x0550A827) fsw fs5, 80(ra)
mem[0x80002364] <- 0xFFFF7E00


mem[X,0x80000270] -> 0xAA23
mem[X,0x80000272] -> 0x0440
[161] [M]: 0x80000270 (0x0440AA23) sw tp, 84(ra)
mem[0x80002368] <- 0x00000000


mem[X,0x80000274] -> 0xAB07
mem[X,0x80000276] -> 0x0581
[162] [M]: 0x80000274 (0x0581AB07) flw fs6, 88(gp)
mem[R,0x80002068] -> 0x0000FB2F
f22 <- 0xFFFFFFFF0000FB2F


mem[X,0x80000278] -> 0xAA87
mem[X,0x8000027A] -> 0x05C1
[163] [M]: 0x80000278 (0x05C1AA87) flw fs5, 92(gp)
mem[R,0x8000206C] -> 0x00007BFF
f21 <- 0xFFFFFFFF00007BFF


mem[X,0x8000027C] -> 0x0113
mem[X,0x8000027E] -> 0x0000
[164] [M]: 0x8000027C (0x00000113) addi sp, zero, 0
x2 <- 0x00000000


mem[X,0x80000280] -> 0x1073
mem[X,0x80000282] -> 0x0031
[165] [M]: 0x80000280 (0x00311073) csrrw zero, fcsr, sp
CSR fcsr -> 0x00000000
CSR fcsr <- 0x00000000 (input: 0x00000000)


mem[X,0x80000284] -> 0x7A53
mem[X,0x80000286] -> 0x055B
[166] [M]: 0x80000284 (0x055B7A53) fadd.h fs4, fs6, fs5, dyn
f20 <- 0xFFFFFFFFFFFF7E00


mem[X,0x80000288] -> 0x2273
mem[X,0x8000028A] -> 0x0030
[167] [M]: 0x80000288 (0x00302273) csrrs tp, fcsr, zero
CSR fcsr -> 0x00000000
x4 <- 0x00000000


mem[X,0x8000028C] -> 0xAC27
mem[X,0x8000028E] -> 0x0540
[168] [M]: 0x8000028C (0x0540AC27) fsw fs4, 88(ra)
mem[0x8000236C] <- 0xFFFF7E00


mem[X,0x80000290] -> 0xAE23
mem[X,0x80000292] -> 0x0440
[169] [M]: 0x80000290 (0x0440AE23) sw tp, 92(ra)
mem[0x80002370] <- 0x00000000


mem[X,0x80000294] -> 0xA907
mem[X,0x80000296] -> 0x0601
[170] [M]: 0x80000294 (0x0601A907) flw fs2, 96(gp)
mem[R,0x80002070] -> 0x0000F78C
f18 <- 0xFFFFFFFF0000F78C


mem[X,0x80000298] -> 0xA887
mem[X,0x8000029A] -> 0x0641
[171] [M]: 0x80000298 (0x0641A887) flw fa7, 100(gp)
mem[R,0x80002074] -> 0x00007894
f17 <- 0xFFFFFFFF00007894


mem[X,0x8000029C] -> 0x0113
mem[X,0x8000029E] -> 0x0000
[172] [M]: 0x8000029C (0x00000113) addi sp, zero, 0
x2 <- 0x00000000


mem[X,0x800002A0] -> 0x1073
mem[X,0x800002A2] -> 0x0031
[173] [M]: 0x800002A0 (0x00311073) csrrw zero, fcsr, sp
CSR fcsr -> 0x00000000
CSR fcsr <- 0x00000000 (input: 0x00000000)


mem[X,0x800002A4] -> 0x79D3
mem[X,0x800002A6] -> 0x0519
[174] [M]: 0x800002A4 (0x051979D3) fadd.h fs3, fs2, fa7, dyn
f19 <- 0xFFFFFFFFFFFF7E00


mem[X,0x800002A8] -> 0x2273
mem[X,0x800002AA] -> 0x0030
[175] [M]: 0x800002A8 (0x00302273) csrrs tp, fcsr, zero
CSR fcsr -> 0x00000000
x4 <- 0x00000000


mem[X,0x800002AC] -> 0xA027
mem[X,0x800002AE] -> 0x0730
[176] [M]: 0x800002AC (0x0730A027) fsw fs3, 96(ra)
mem[0x80002374] <- 0xFFFF7E00


mem[X,0x800002B0] -> 0xA223
mem[X,0x800002B2] -> 0x0640
[177] [M]: 0x800002B0 (0x0640A223) sw tp, 100(ra)
mem[0x80002378] <- 0x00000000


mem[X,0x800002B4] -> 0xA887
mem[X,0x800002B6] -> 0x0681
[178] [M]: 0x800002B4 (0x0681A887) flw fa7, 104(gp)
mem[R,0x80002078] -> 0x0000F6F1
f17 <- 0xFFFFFFFF0000F6F1


mem[X,0x800002B8] -> 0xA987
mem[X,0x800002BA] -> 0x06C1
[179] [M]: 0x800002B8 (0x06C1A987) flw fs3, 108(gp)
mem[R,0x8000207C] -> 0x00007BFF
f19 <- 0xFFFFFFFF00007BFF


mem[X,0x800002BC] -> 0x0113
mem[X,0x800002BE] -> 0x0000
[180] [M]: 0x800002BC (0x00000113) addi sp, zero, 0
x2 <- 0x00000000


mem[X,0x800002C0] -> 0x1073
mem[X,0x800002C2] -> 0x0031
[181] [M]: 0x800002C0 (0x00311073) csrrw zero, fcsr, sp
CSR fcsr -> 0x00000000
CSR fcsr <- 0x00000000 (input: 0x00000000)


mem[X,0x800002C4] -> 0xF953
mem[X,0x800002C6] -> 0x0538
[182] [M]: 0x800002C4 (0x0538F953) fadd.h fs2, fa7, fs3, dyn
f18 <- 0xFFFFFFFFFFFF7E00


mem[X,0x800002C8] -> 0x2273
mem[X,0x800002CA] -> 0x0030
[183] [M]: 0x800002C8 (0x00302273) csrrs tp, fcsr, zero
CSR fcsr -> 0x00000000
x4 <- 0x00000000


mem[X,0x800002CC] -> 0xA427
mem[X,0x800002CE] -> 0x0720
[184] [M]: 0x800002CC (0x0720A427) fsw fs2, 104(ra)
mem[0x8000237C] <- 0xFFFF7E00


mem[X,0x800002D0] -> 0xA623
mem[X,0x800002D2] -> 0x0640
[185] [M]: 0x800002D0 (0x0640A623) sw tp, 108(ra)
mem[0x80002380] <- 0x00000000


mem[X,0x800002D4] -> 0xA987
mem[X,0x800002D6] -> 0x0701
[186] [M]: 0x800002D4 (0x0701A987) flw fs3, 112(gp)
mem[R,0x80002080] -> 0x0000FB4C
f19 <- 0xFFFFFFFF0000FB4C


mem[X,0x800002D8] -> 0xA907
mem[X,0x800002DA] -> 0x0741
[187] [M]: 0x800002D8 (0x0741A907) flw fs2, 116(gp)
mem[R,0x80002084] -> 0x00007BFF
f18 <- 0xFFFFFFFF00007BFF


mem[X,0x800002DC] -> 0x0113
mem[X,0x800002DE] -> 0x0000
[188] [M]: 0x800002DC (0x00000113) addi sp, zero, 0
x2 <- 0x00000000


mem[X,0x800002E0] -> 0x1073
mem[X,0x800002E2] -> 0x0031
[189] [M]: 0x800002E0 (0x00311073) csrrw zero, fcsr, sp
CSR fcsr -> 0x00000000
CSR fcsr <- 0x00000000 (input: 0x00000000)


mem[X,0x800002E4] -> 0xF8D3
mem[X,0x800002E6] -> 0x0529
[190] [M]: 0x800002E4 (0x0529F8D3) fadd.h fa7, fs3, fs2, dyn
f17 <- 0xFFFFFFFFFFFF7E00


mem[X,0x800002E8] -> 0x2273
mem[X,0x800002EA] -> 0x0030
[191] [M]: 0x800002E8 (0x00302273) csrrs tp, fcsr, zero
CSR fcsr -> 0x00000000
x4 <- 0x00000000


mem[X,0x800002EC] -> 0xA827
mem[X,0x800002EE] -> 0x0710
[192] [M]: 0x800002EC (0x0710A827) fsw fa7, 112(ra)
mem[0x80002384] <- 0xFFFF7E00


mem[X,0x800002F0] -> 0xAA23
mem[X,0x800002F2] -> 0x0640
[193] [M]: 0x800002F0 (0x0640AA23) sw tp, 116(ra)
mem[0x80002388] <- 0x00000000


mem[X,0x800002F4] -> 0xA787
mem[X,0x800002F6] -> 0x0781
[194] [M]: 0x800002F4 (0x0781A787) flw fa5, 120(gp)
mem[R,0x80002088] -> 0x0000F7A0
f15 <- 0xFFFFFFFF0000F7A0


mem[X,0x800002F8] -> 0xA707
mem[X,0x800002FA] -> 0x07C1
[195] [M]: 0x800002F8 (0x07C1A707) flw fa4, 124(gp)
mem[R,0x8000208C] -> 0x00007BFF
f14 <- 0xFFFFFFFF00007BFF


mem[X,0x800002FC] -> 0x0113
mem[X,0x800002FE] -> 0x0000
[196] [M]: 0x800002FC (0x00000113) addi sp, zero, 0
x2 <- 0x00000000


mem[X,0x80000300] -> 0x1073
mem[X,0x80000302] -> 0x0031
[197] [M]: 0x80000300 (0x00311073) csrrw zero, fcsr, sp
CSR fcsr -> 0x00000000
CSR fcsr <- 0x00000000 (input: 0x00000000)


mem[X,0x80000304] -> 0xF853
mem[X,0x80000306] -> 0x04E7
[198] [M]: 0x80000304 (0x04E7F853) fadd.h fa6, fa5, fa4, dyn
f16 <- 0xFFFFFFFFFFFF7E00


mem[X,0x80000308] -> 0x2273
mem[X,0x8000030A] -> 0x0030
[199] [M]: 0x80000308 (0x00302273) csrrs tp, fcsr, zero
CSR fcsr -> 0x00000000
x4 <- 0x00000000


clint::tick mtime <- 0x0000000000000002
 clint timer pending at mtime 0x0000000000000002
htif::tick 0x0000000000000000
mem[X,0x8000030C] -> 0xAC27
mem[X,0x8000030E] -> 0x0700
[200] [M]: 0x8000030C (0x0700AC27) fsw fa6, 120(ra)
mem[0x8000238C] <- 0xFFFF7E00


mem[X,0x80000310] -> 0xAE23
mem[X,0x80000312] -> 0x0640
[201] [M]: 0x80000310 (0x0640AE23) sw tp, 124(ra)
mem[0x80002390] <- 0x00000000


mem[X,0x80000314] -> 0xA707
mem[X,0x80000316] -> 0x0801
[202] [M]: 0x80000314 (0x0801A707) flw fa4, 128(gp)
mem[R,0x80002090] -> 0x0000F42A
f14 <- 0xFFFFFFFF0000F42A


mem[X,0x80000318] -> 0xA807
mem[X,0x8000031A] -> 0x0841
[203] [M]: 0x80000318 (0x0841A807) flw fa6, 132(gp)
mem[R,0x80002094] -> 0x00007BFF
f16 <- 0xFFFFFFFF00007BFF


mem[X,0x8000031C] -> 0x0113
mem[X,0x8000031E] -> 0x0000
[204] [M]: 0x8000031C (0x00000113) addi sp, zero, 0
x2 <- 0x00000000


mem[X,0x80000320] -> 0x1073
mem[X,0x80000322] -> 0x0031
[205] [M]: 0x80000320 (0x00311073) csrrw zero, fcsr, sp
CSR fcsr -> 0x00000000
CSR fcsr <- 0x00000000 (input: 0x00000000)


mem[X,0x80000324] -> 0x77D3
mem[X,0x80000326] -> 0x0507
[206] [M]: 0x80000324 (0x050777D3) fadd.h fa5, fa4, fa6, dyn
f15 <- 0xFFFFFFFFFFFF7E00


mem[X,0x80000328] -> 0x2273
mem[X,0x8000032A] -> 0x0030
[207] [M]: 0x80000328 (0x00302273) csrrs tp, fcsr, zero
CSR fcsr -> 0x00000000
x4 <- 0x00000000


mem[X,0x8000032C] -> 0xA027
mem[X,0x8000032E] -> 0x08F0
[208] [M]: 0x8000032C (0x08F0A027) fsw fa5, 128(ra)
mem[0x80002394] <- 0xFFFF7E00


mem[X,0x80000330] -> 0xA223
mem[X,0x80000332] -> 0x0840
[209] [M]: 0x80000330 (0x0840A223) sw tp, 132(ra)
mem[0x80002398] <- 0x00000000


mem[X,0x80000334] -> 0xA807
mem[X,0x80000336] -> 0x0881
[210] [M]: 0x80000334 (0x0881A807) flw fa6, 136(gp)
mem[R,0x80002098] -> 0x0000F863
f16 <- 0xFFFFFFFF0000F863


mem[X,0x80000338] -> 0xA787
mem[X,0x8000033A] -> 0x08C1
[211] [M]: 0x80000338 (0x08C1A787) flw fa5, 140(gp)
mem[R,0x8000209C] -> 0x0000787F
f15 <- 0xFFFFFFFF0000787F


mem[X,0x8000033C] -> 0x0113
mem[X,0x8000033E] -> 0x0000
[212] [M]: 0x8000033C (0x00000113) addi sp, zero, 0
x2 <- 0x00000000


mem[X,0x80000340] -> 0x1073
mem[X,0x80000342] -> 0x0031
[213] [M]: 0x80000340 (0x00311073) csrrw zero, fcsr, sp
CSR fcsr -> 0x00000000
CSR fcsr <- 0x00000000 (input: 0x00000000)


mem[X,0x80000344] -> 0x7753
mem[X,0x80000346] -> 0x04F8
[214] [M]: 0x80000344 (0x04F87753) fadd.h fa4, fa6, fa5, dyn
f14 <- 0xFFFFFFFFFFFF7E00


mem[X,0x80000348] -> 0x2273
mem[X,0x8000034A] -> 0x0030
[215] [M]: 0x80000348 (0x00302273) csrrs tp, fcsr, zero
CSR fcsr -> 0x00000000
x4 <- 0x00000000


mem[X,0x8000034C] -> 0xA427
mem[X,0x8000034E] -> 0x08E0
[216] [M]: 0x8000034C (0x08E0A427) fsw fa4, 136(ra)
mem[0x8000239C] <- 0xFFFF7E00


mem[X,0x80000350] -> 0xA623
mem[X,0x80000352] -> 0x0840
[217] [M]: 0x80000350 (0x0840A623) sw tp, 140(ra)
mem[0x800023A0] <- 0x00000000


mem[X,0x80000354] -> 0xA607
mem[X,0x80000356] -> 0x0901
[218] [M]: 0x80000354 (0x0901A607) flw fa2, 144(gp)
mem[R,0x800020A0] -> 0x0000F9C1
f12 <- 0xFFFFFFFF0000F9C1


mem[X,0x80000358] -> 0xA587
mem[X,0x8000035A] -> 0x0941
[219] [M]: 0x80000358 (0x0941A587) flw fa1, 148(gp)
mem[R,0x800020A4] -> 0x00007BFF
f11 <- 0xFFFFFFFF00007BFF


mem[X,0x8000035C] -> 0x0113
mem[X,0x8000035E] -> 0x0000
[220] [M]: 0x8000035C (0x00000113) addi sp, zero, 0
x2 <- 0x00000000


mem[X,0x80000360] -> 0x1073
mem[X,0x80000362] -> 0x0031
[221] [M]: 0x80000360 (0x00311073) csrrw zero, fcsr, sp
CSR fcsr -> 0x00000000
CSR fcsr <- 0x00000000 (input: 0x00000000)


mem[X,0x80000364] -> 0x76D3
mem[X,0x80000366] -> 0x04B6
[222] [M]: 0x80000364 (0x04B676D3) fadd.h fa3, fa2, fa1, dyn
f13 <- 0xFFFFFFFFFFFF7E00


mem[X,0x80000368] -> 0x2273
mem[X,0x8000036A] -> 0x0030
[223] [M]: 0x80000368 (0x00302273) csrrs tp, fcsr, zero
CSR fcsr -> 0x00000000
x4 <- 0x00000000


mem[X,0x8000036C] -> 0xA827
mem[X,0x8000036E] -> 0x08D0
[224] [M]: 0x8000036C (0x08D0A827) fsw fa3, 144(ra)
mem[0x800023A4] <- 0xFFFF7E00


mem[X,0x80000370] -> 0xAA23
mem[X,0x80000372] -> 0x0840
[225] [M]: 0x80000370 (0x0840AA23) sw tp, 148(ra)
mem[0x800023A8] <- 0x00000000


mem[X,0x80000374] -> 0xA587
mem[X,0x80000376] -> 0x0981
[226] [M]: 0x80000374 (0x0981A587) flw fa1, 152(gp)
mem[R,0x800020A8] -> 0x0000FA98
f11 <- 0xFFFFFFFF0000FA98


mem[X,0x80000378] -> 0xA687
mem[X,0x8000037A] -> 0x09C1
[227] [M]: 0x80000378 (0x09C1A687) flw fa3, 156(gp)
mem[R,0x800020AC] -> 0x00007BFF
f13 <- 0xFFFFFFFF00007BFF


mem[X,0x8000037C] -> 0x0113
mem[X,0x8000037E] -> 0x0000
[228] [M]: 0x8000037C (0x00000113) addi sp, zero, 0
x2 <- 0x00000000


mem[X,0x80000380] -> 0x1073
mem[X,0x80000382] -> 0x0031
[229] [M]: 0x80000380 (0x00311073) csrrw zero, fcsr, sp
CSR fcsr -> 0x00000000
CSR fcsr <- 0x00000000 (input: 0x00000000)


mem[X,0x80000384] -> 0xF653
mem[X,0x80000386] -> 0x04D5
[230] [M]: 0x80000384 (0x04D5F653) fadd.h fa2, fa1, fa3, dyn
f12 <- 0xFFFFFFFFFFFF7E00


mem[X,0x80000388] -> 0x2273
mem[X,0x8000038A] -> 0x0030
[231] [M]: 0x80000388 (0x00302273) csrrs tp, fcsr, zero
CSR fcsr -> 0x00000000
x4 <- 0x00000000


mem[X,0x8000038C] -> 0xAC27
mem[X,0x8000038E] -> 0x08C0
[232] [M]: 0x8000038C (0x08C0AC27) fsw fa2, 152(ra)
mem[0x800023AC] <- 0xFFFF7E00


mem[X,0x80000390] -> 0xAE23
mem[X,0x80000392] -> 0x0840
[233] [M]: 0x80000390 (0x0840AE23) sw tp, 156(ra)
mem[0x800023B0] <- 0x00000000


mem[X,0x80000394] -> 0xA687
mem[X,0x80000396] -> 0x0A01
[234] [M]: 0x80000394 (0x0A01A687) flw fa3, 160(gp)
mem[R,0x800020B0] -> 0x0000D4AD
f13 <- 0xFFFFFFFF0000D4AD


mem[X,0x80000398] -> 0xA607
mem[X,0x8000039A] -> 0x0A41
[235] [M]: 0x80000398 (0x0A41A607) flw fa2, 164(gp)
mem[R,0x800020B4] -> 0x000077E9
f12 <- 0xFFFFFFFF000077E9


mem[X,0x8000039C] -> 0x0113
mem[X,0x8000039E] -> 0x0000
[236] [M]: 0x8000039C (0x00000113) addi sp, zero, 0
x2 <- 0x00000000


mem[X,0x800003A0] -> 0x1073
mem[X,0x800003A2] -> 0x0031
[237] [M]: 0x800003A0 (0x00311073) csrrw zero, fcsr, sp
CSR fcsr -> 0x00000000
CSR fcsr <- 0x00000000 (input: 0x00000000)


mem[X,0x800003A4] -> 0xF5D3
mem[X,0x800003A6] -> 0x04C6
[238] [M]: 0x800003A4 (0x04C6F5D3) fadd.h fa1, fa3, fa2, dyn
f11 <- 0xFFFFFFFFFFFF7E00


mem[X,0x800003A8] -> 0x2273
mem[X,0x800003AA] -> 0x0030
[239] [M]: 0x800003A8 (0x00302273) csrrs tp, fcsr, zero
CSR fcsr -> 0x00000000
x4 <- 0x00000000


mem[X,0x800003AC] -> 0xA027
mem[X,0x800003AE] -> 0x0AB0
[240] [M]: 0x800003AC (0x0AB0A027) fsw fa1, 160(ra)
mem[0x800023B4] <- 0xFFFF7E00


mem[X,0x800003B0] -> 0xA223
mem[X,0x800003B2] -> 0x0A40
[241] [M]: 0x800003B0 (0x0A40A223) sw tp, 164(ra)
mem[0x800023B8] <- 0x00000000


mem[X,0x800003B4] -> 0xA487
mem[X,0x800003B6] -> 0x0A81
[242] [M]: 0x800003B4 (0x0A81A487) flw fs1, 168(gp)
mem[R,0x800020B8] -> 0x0000FAEF
f9 <- 0xFFFFFFFF0000FAEF


mem[X,0x800003B8] -> 0xA407
mem[X,0x800003BA] -> 0x0AC1
[243] [M]: 0x800003B8 (0x0AC1A407) flw fs0, 172(gp)
mem[R,0x800020BC] -> 0x00007BFF
f8 <- 0xFFFFFFFF00007BFF


mem[X,0x800003BC] -> 0x0113
mem[X,0x800003BE] -> 0x0000
[244] [M]: 0x800003BC (0x00000113) addi sp, zero, 0
x2 <- 0x00000000


mem[X,0x800003C0] -> 0x1073
mem[X,0x800003C2] -> 0x0031
[245] [M]: 0x800003C0 (0x00311073) csrrw zero, fcsr, sp
CSR fcsr -> 0x00000000
CSR fcsr <- 0x00000000 (input: 0x00000000)


mem[X,0x800003C4] -> 0xF553
mem[X,0x800003C6] -> 0x0484
[246] [M]: 0x800003C4 (0x0484F553) fadd.h fa0, fs1, fs0, dyn
f10 <- 0xFFFFFFFFFFFF7E00


mem[X,0x800003C8] -> 0x2273
mem[X,0x800003CA] -> 0x0030
[247] [M]: 0x800003C8 (0x00302273) csrrs tp, fcsr, zero
CSR fcsr -> 0x00000000
x4 <- 0x00000000


mem[X,0x800003CC] -> 0xA427
mem[X,0x800003CE] -> 0x0AA0
[248] [M]: 0x800003CC (0x0AA0A427) fsw fa0, 168(ra)
mem[0x800023BC] <- 0xFFFF7E00


mem[X,0x800003D0] -> 0xA623
mem[X,0x800003D2] -> 0x0A40
[249] [M]: 0x800003D0 (0x0A40A623) sw tp, 172(ra)
mem[0x800023C0] <- 0x00000000


mem[X,0x800003D4] -> 0xA407
mem[X,0x800003D6] -> 0x0B01
[250] [M]: 0x800003D4 (0x0B01A407) flw fs0, 176(gp)
mem[R,0x800020C0] -> 0x0000F533
f8 <- 0xFFFFFFFF0000F533


mem[X,0x800003D8] -> 0xA507
mem[X,0x800003DA] -> 0x0B41
[251] [M]: 0x800003D8 (0x0B41A507) flw fa0, 180(gp)
mem[R,0x800020C4] -> 0x00007BFF
f10 <- 0xFFFFFFFF00007BFF


mem[X,0x800003DC] -> 0x0113
mem[X,0x800003DE] -> 0x0000
[252] [M]: 0x800003DC (0x00000113) addi sp, zero, 0
x2 <- 0x00000000


mem[X,0x800003E0] -> 0x1073
mem[X,0x800003E2] -> 0x0031
[253] [M]: 0x800003E0 (0x00311073) csrrw zero, fcsr, sp
CSR fcsr -> 0x00000000
CSR fcsr <- 0x00000000 (input: 0x00000000)


mem[X,0x800003E4] -> 0x74D3
mem[X,0x800003E6] -> 0x04A4
[254] [M]: 0x800003E4 (0x04A474D3) fadd.h fs1, fs0, fa0, dyn
f9 <- 0xFFFFFFFFFFFF7E00


mem[X,0x800003E8] -> 0x2273
mem[X,0x800003EA] -> 0x0030
[255] [M]: 0x800003E8 (0x00302273) csrrs tp, fcsr, zero
CSR fcsr -> 0x00000000
x4 <- 0x00000000


mem[X,0x800003EC] -> 0xA827
mem[X,0x800003EE] -> 0x0A90
[256] [M]: 0x800003EC (0x0A90A827) fsw fs1, 176(ra)
mem[0x800023C4] <- 0xFFFF7E00


mem[X,0x800003F0] -> 0xAA23
mem[X,0x800003F2] -> 0x0A40
[257] [M]: 0x800003F0 (0x0A40AA23) sw tp, 180(ra)
mem[0x800023C8] <- 0x00000000


mem[X,0x800003F4] -> 0xA507
mem[X,0x800003F6] -> 0x0B81
[258] [M]: 0x800003F4 (0x0B81A507) flw fa0, 184(gp)
mem[R,0x800020C8] -> 0x0000F21C
f10 <- 0xFFFFFFFF0000F21C


mem[X,0x800003F8] -> 0xA487
mem[X,0x800003FA] -> 0x0BC1
[259] [M]: 0x800003F8 (0x0BC1A487) flw fs1, 188(gp)
mem[R,0x800020CC] -> 0x00007A10
f9 <- 0xFFFFFFFF00007A10


mem[X,0x800003FC] -> 0x0113
mem[X,0x800003FE] -> 0x0000
[260] [M]: 0x800003FC (0x00000113) addi sp, zero, 0
x2 <- 0x00000000


mem[X,0x80000400] -> 0x1073
mem[X,0x80000402] -> 0x0031
[261] [M]: 0x80000400 (0x00311073) csrrw zero, fcsr, sp
CSR fcsr -> 0x00000000
CSR fcsr <- 0x00000000 (input: 0x00000000)


mem[X,0x80000404] -> 0x7453
mem[X,0x80000406] -> 0x0495
[262] [M]: 0x80000404 (0x04957453) fadd.h fs0, fa0, fs1, dyn
f8 <- 0xFFFFFFFFFFFF7E00


mem[X,0x80000408] -> 0x2273
mem[X,0x8000040A] -> 0x0030
[263] [M]: 0x80000408 (0x00302273) csrrs tp, fcsr, zero
CSR fcsr -> 0x00000000
x4 <- 0x00000000


mem[X,0x8000040C] -> 0xAC27
mem[X,0x8000040E] -> 0x0A80
[264] [M]: 0x8000040C (0x0A80AC27) fsw fs0, 184(ra)
mem[0x800023CC] <- 0xFFFF7E00


mem[X,0x80000410] -> 0xAE23
mem[X,0x80000412] -> 0x0A40
[265] [M]: 0x80000410 (0x0A40AE23) sw tp, 188(ra)
mem[0x800023D0] <- 0x00000000


mem[X,0x80000414] -> 0xA307
mem[X,0x80000416] -> 0x0C01
[266] [M]: 0x80000414 (0x0C01A307) flw ft6, 192(gp)
mem[R,0x800020D0] -> 0x0000F3A1
f6 <- 0xFFFFFFFF0000F3A1


mem[X,0x80000418] -> 0xA287
mem[X,0x8000041A] -> 0x0C41
[267] [M]: 0x80000418 (0x0C41A287) flw ft5, 196(gp)
mem[R,0x800020D4] -> 0x00007BFF
f5 <- 0xFFFFFFFF00007BFF


mem[X,0x8000041C] -> 0x0113
mem[X,0x8000041E] -> 0x0000
[268] [M]: 0x8000041C (0x00000113) addi sp, zero, 0
x2 <- 0x00000000


mem[X,0x80000420] -> 0x1073
mem[X,0x80000422] -> 0x0031
[269] [M]: 0x80000420 (0x00311073) csrrw zero, fcsr, sp
CSR fcsr -> 0x00000000
CSR fcsr <- 0x00000000 (input: 0x00000000)


mem[X,0x80000424] -> 0x73D3
mem[X,0x80000426] -> 0x0453
[270] [M]: 0x80000424 (0x045373D3) fadd.h ft7, ft6, ft5, dyn
f7 <- 0xFFFFFFFFFFFF7E00


mem[X,0x80000428] -> 0x2273
mem[X,0x8000042A] -> 0x0030
[271] [M]: 0x80000428 (0x00302273) csrrs tp, fcsr, zero
CSR fcsr -> 0x00000000
x4 <- 0x00000000


mem[X,0x8000042C] -> 0xA027
mem[X,0x8000042E] -> 0x0C70
[272] [M]: 0x8000042C (0x0C70A027) fsw ft7, 192(ra)
mem[0x800023D4] <- 0xFFFF7E00


mem[X,0x80000430] -> 0xA223
mem[X,0x80000432] -> 0x0C40
[273] [M]: 0x80000430 (0x0C40A223) sw tp, 196(ra)
mem[0x800023D8] <- 0x00000000


mem[X,0x80000434] -> 0xA287
mem[X,0x80000436] -> 0x0C81
[274] [M]: 0x80000434 (0x0C81A287) flw ft5, 200(gp)
mem[R,0x800020D8] -> 0x0000FA6C
f5 <- 0xFFFFFFFF0000FA6C


mem[X,0x80000438] -> 0xA387
mem[X,0x8000043A] -> 0x0CC1
[275] [M]: 0x80000438 (0x0CC1A387) flw ft7, 204(gp)
mem[R,0x800020DC] -> 0x00007BFF
f7 <- 0xFFFFFFFF00007BFF


mem[X,0x8000043C] -> 0x0113
mem[X,0x8000043E] -> 0x0000
[276] [M]: 0x8000043C (0x00000113) addi sp, zero, 0
x2 <- 0x00000000


mem[X,0x80000440] -> 0x1073
mem[X,0x80000442] -> 0x0031
[277] [M]: 0x80000440 (0x00311073) csrrw zero, fcsr, sp
CSR fcsr -> 0x00000000
CSR fcsr <- 0x00000000 (input: 0x00000000)


mem[X,0x80000444] -> 0xF353
mem[X,0x80000446] -> 0x0472
[278] [M]: 0x80000444 (0x0472F353) fadd.h ft6, ft5, ft7, dyn
f6 <- 0xFFFFFFFFFFFF7E00


mem[X,0x80000448] -> 0x2273
mem[X,0x8000044A] -> 0x0030
[279] [M]: 0x80000448 (0x00302273) csrrs tp, fcsr, zero
CSR fcsr -> 0x00000000
x4 <- 0x00000000


mem[X,0x8000044C] -> 0xA427
mem[X,0x8000044E] -> 0x0C60
[280] [M]: 0x8000044C (0x0C60A427) fsw ft6, 200(ra)
mem[0x800023DC] <- 0xFFFF7E00


mem[X,0x80000450] -> 0xA623
mem[X,0x80000452] -> 0x0C40
[281] [M]: 0x80000450 (0x0C40A623) sw tp, 204(ra)
mem[0x800023E0] <- 0x00000000


mem[X,0x80000454] -> 0xA387
mem[X,0x80000456] -> 0x0D01
[282] [M]: 0x80000454 (0x0D01A387) flw ft7, 208(gp)
mem[R,0x800020E0] -> 0x0000ED25
f7 <- 0xFFFFFFFF0000ED25


mem[X,0x80000458] -> 0xA307
mem[X,0x8000045A] -> 0x0D41
[283] [M]: 0x80000458 (0x0D41A307) flw ft6, 212(gp)
mem[R,0x800020E4] -> 0x00007667
f6 <- 0xFFFFFFFF00007667


mem[X,0x8000045C] -> 0x0113
mem[X,0x8000045E] -> 0x0000
[284] [M]: 0x8000045C (0x00000113) addi sp, zero, 0
x2 <- 0x00000000


mem[X,0x80000460] -> 0x1073
mem[X,0x80000462] -> 0x0031
[285] [M]: 0x80000460 (0x00311073) csrrw zero, fcsr, sp
CSR fcsr -> 0x00000000
CSR fcsr <- 0x00000000 (input: 0x00000000)


mem[X,0x80000464] -> 0xF2D3
mem[X,0x80000466] -> 0x0463
[286] [M]: 0x80000464 (0x0463F2D3) fadd.h ft5, ft7, ft6, dyn
f5 <- 0xFFFFFFFFFFFF7E00


mem[X,0x80000468] -> 0x2273
mem[X,0x8000046A] -> 0x0030
[287] [M]: 0x80000468 (0x00302273) csrrs tp, fcsr, zero
CSR fcsr -> 0x00000000
x4 <- 0x00000000


mem[X,0x8000046C] -> 0xA827
mem[X,0x8000046E] -> 0x0C50
[288] [M]: 0x8000046C (0x0C50A827) fsw ft5, 208(ra)
mem[0x800023E4] <- 0xFFFF7E00


mem[X,0x80000470] -> 0xAA23
mem[X,0x80000472] -> 0x0C40
[289] [M]: 0x80000470 (0x0C40AA23) sw tp, 212(ra)
mem[0x800023E8] <- 0x00000000


mem[X,0x80000474] -> 0xA187
mem[X,0x80000476] -> 0x0D81
[290] [M]: 0x80000474 (0x0D81A187) flw ft3, 216(gp)
mem[R,0x800020E8] -> 0x0000F80F
f3 <- 0xFFFFFFFF0000F80F


mem[X,0x80000478] -> 0xA107
mem[X,0x8000047A] -> 0x0DC1
[291] [M]: 0x80000478 (0x0DC1A107) flw ft2, 220(gp)
mem[R,0x800020EC] -> 0x00007BFF
f2 <- 0xFFFFFFFF00007BFF


mem[X,0x8000047C] -> 0x0113
mem[X,0x8000047E] -> 0x0000
[292] [M]: 0x8000047C (0x00000113) addi sp, zero, 0
x2 <- 0x00000000


mem[X,0x80000480] -> 0x1073
mem[X,0x80000482] -> 0x0031
[293] [M]: 0x80000480 (0x00311073) csrrw zero, fcsr, sp
CSR fcsr -> 0x00000000
CSR fcsr <- 0x00000000 (input: 0x00000000)


mem[X,0x80000484] -> 0xF253
mem[X,0x80000486] -> 0x0421
[294] [M]: 0x80000484 (0x0421F253) fadd.h ft4, ft3, ft2, dyn
f4 <- 0xFFFFFFFFFFFF7E00


mem[X,0x80000488] -> 0x2273
mem[X,0x8000048A] -> 0x0030
[295] [M]: 0x80000488 (0x00302273) csrrs tp, fcsr, zero
CSR fcsr -> 0x00000000
x4 <- 0x00000000


mem[X,0x8000048C] -> 0xAC27
mem[X,0x8000048E] -> 0x0C40
[296] [M]: 0x8000048C (0x0C40AC27) fsw ft4, 216(ra)
mem[0x800023EC] <- 0xFFFF7E00


mem[X,0x80000490] -> 0xAE23
mem[X,0x80000492] -> 0x0C40
[297] [M]: 0x80000490 (0x0C40AE23) sw tp, 220(ra)
mem[0x800023F0] <- 0x00000000


mem[X,0x80000494] -> 0xA107
mem[X,0x80000496] -> 0x0E01
[298] [M]: 0x80000494 (0x0E01A107) flw ft2, 224(gp)
mem[R,0x800020F0] -> 0x0000EEF9
f2 <- 0xFFFFFFFF0000EEF9


mem[X,0x80000498] -> 0xA207
mem[X,0x8000049A] -> 0x0E41
[299] [M]: 0x80000498 (0x0E41A207) flw ft4, 228(gp)
mem[R,0x800020F4] -> 0x00007947
f4 <- 0xFFFFFFFF00007947


clint::tick mtime <- 0x0000000000000003
 clint timer pending at mtime 0x0000000000000003
htif::tick 0x0000000000000000
mem[X,0x8000049C] -> 0x0113
mem[X,0x8000049E] -> 0x0000
[300] [M]: 0x8000049C (0x00000113) addi sp, zero, 0
x2 <- 0x00000000


mem[X,0x800004A0] -> 0x1073
mem[X,0x800004A2] -> 0x0031
[301] [M]: 0x800004A0 (0x00311073) csrrw zero, fcsr, sp
CSR fcsr -> 0x00000000
CSR fcsr <- 0x00000000 (input: 0x00000000)


mem[X,0x800004A4] -> 0x71D3
mem[X,0x800004A6] -> 0x0441
[302] [M]: 0x800004A4 (0x044171D3) fadd.h ft3, ft2, ft4, dyn
f3 <- 0xFFFFFFFFFFFF7E00


mem[X,0x800004A8] -> 0x2273
mem[X,0x800004AA] -> 0x0030
[303] [M]: 0x800004A8 (0x00302273) csrrs tp, fcsr, zero
CSR fcsr -> 0x00000000
x4 <- 0x00000000


mem[X,0x800004AC] -> 0xA027
mem[X,0x800004AE] -> 0x0E30
[304] [M]: 0x800004AC (0x0E30A027) fsw ft3, 224(ra)
mem[0x800023F4] <- 0xFFFF7E00


mem[X,0x800004B0] -> 0xA223
mem[X,0x800004B2] -> 0x0E40
[305] [M]: 0x800004B0 (0x0E40A223) sw tp, 228(ra)
mem[0x800023F8] <- 0x00000000


mem[X,0x800004B4] -> 0xA207
mem[X,0x800004B6] -> 0x0E81
[306] [M]: 0x800004B4 (0x0E81A207) flw ft4, 232(gp)
mem[R,0x800020F8] -> 0x0000F9A6
f4 <- 0xFFFFFFFF0000F9A6


mem[X,0x800004B8] -> 0xA187
mem[X,0x800004BA] -> 0x0EC1
[307] [M]: 0x800004B8 (0x0EC1A187) flw ft3, 236(gp)
mem[R,0x800020FC] -> 0x00007BFF
f3 <- 0xFFFFFFFF00007BFF


mem[X,0x800004BC] -> 0x0113
mem[X,0x800004BE] -> 0x0000
[308] [M]: 0x800004BC (0x00000113) addi sp, zero, 0
x2 <- 0x00000000


mem[X,0x800004C0] -> 0x1073
mem[X,0x800004C2] -> 0x0031
[309] [M]: 0x800004C0 (0x00311073) csrrw zero, fcsr, sp
CSR fcsr -> 0x00000000
CSR fcsr <- 0x00000000 (input: 0x00000000)


mem[X,0x800004C4] -> 0x7153
mem[X,0x800004C6] -> 0x0432
[310] [M]: 0x800004C4 (0x04327153) fadd.h ft2, ft4, ft3, dyn
f2 <- 0xFFFFFFFFFFFF7E00


mem[X,0x800004C8] -> 0x2273
mem[X,0x800004CA] -> 0x0030
[311] [M]: 0x800004C8 (0x00302273) csrrs tp, fcsr, zero
CSR fcsr -> 0x00000000
x4 <- 0x00000000


mem[X,0x800004CC] -> 0xA427
mem[X,0x800004CE] -> 0x0E20
[312] [M]: 0x800004CC (0x0E20A427) fsw ft2, 232(ra)
mem[0x800023FC] <- 0xFFFF7E00


mem[X,0x800004D0] -> 0xA623
mem[X,0x800004D2] -> 0x0E40
[313] [M]: 0x800004D0 (0x0E40A623) sw tp, 236(ra)
mem[0x80002400] <- 0x00000000


mem[X,0x800004D4] -> 0xA087
mem[X,0x800004D6] -> 0x0F01
[314] [M]: 0x800004D4 (0x0F01A087) flw ft1, 240(gp)
mem[R,0x80002100] -> 0x0000FA83
f1 <- 0xFFFFFFFF0000FA83


mem[X,0x800004D8] -> 0xAF07
mem[X,0x800004DA] -> 0x0F41
[315] [M]: 0x800004D8 (0x0F41AF07) flw ft10, 244(gp)
mem[R,0x80002104] -> 0x00007BFF
f30 <- 0xFFFFFFFF00007BFF


mem[X,0x800004DC] -> 0x0113
mem[X,0x800004DE] -> 0x0000
[316] [M]: 0x800004DC (0x00000113) addi sp, zero, 0
x2 <- 0x00000000


mem[X,0x800004E0] -> 0x1073
mem[X,0x800004E2] -> 0x0031
[317] [M]: 0x800004E0 (0x00311073) csrrw zero, fcsr, sp
CSR fcsr -> 0x00000000
CSR fcsr <- 0x00000000 (input: 0x00000000)


mem[X,0x800004E4] -> 0xFFD3
mem[X,0x800004E6] -> 0x05E0
[318] [M]: 0x800004E4 (0x05E0FFD3) fadd.h ft11, ft1, ft10, dyn
f31 <- 0xFFFFFFFFFFFF7E00


mem[X,0x800004E8] -> 0x2273
mem[X,0x800004EA] -> 0x0030
[319] [M]: 0x800004E8 (0x00302273) csrrs tp, fcsr, zero
CSR fcsr -> 0x00000000
x4 <- 0x00000000


mem[X,0x800004EC] -> 0xA827
mem[X,0x800004EE] -> 0x0FF0
[320] [M]: 0x800004EC (0x0FF0A827) fsw ft11, 240(ra)
mem[0x80002404] <- 0xFFFF7E00


mem[X,0x800004F0] -> 0xAA23
mem[X,0x800004F2] -> 0x0E40
[321] [M]: 0x800004F0 (0x0E40AA23) sw tp, 244(ra)
mem[0x80002408] <- 0x00000000


mem[X,0x800004F4] -> 0xA007
mem[X,0x800004F6] -> 0x0F81
[322] [M]: 0x800004F4 (0x0F81A007) flw ft0, 248(gp)
mem[R,0x80002108] -> 0x0000FBB4
f0 <- 0xFFFFFFFF0000FBB4


mem[X,0x800004F8] -> 0xAF07
mem[X,0x800004FA] -> 0x0FC1
[323] [M]: 0x800004F8 (0x0FC1AF07) flw ft10, 252(gp)
mem[R,0x8000210C] -> 0x00007BFF
f30 <- 0xFFFFFFFF00007BFF


mem[X,0x800004FC] -> 0x0113
mem[X,0x800004FE] -> 0x0000
[324] [M]: 0x800004FC (0x00000113) addi sp, zero, 0
x2 <- 0x00000000


mem[X,0x80000500] -> 0x1073
mem[X,0x80000502] -> 0x0031
[325] [M]: 0x80000500 (0x00311073) csrrw zero, fcsr, sp
CSR fcsr -> 0x00000000
CSR fcsr <- 0x00000000 (input: 0x00000000)


mem[X,0x80000504] -> 0x7FD3
mem[X,0x80000506] -> 0x05E0
[326] [M]: 0x80000504 (0x05E07FD3) fadd.h ft11, ft0, ft10, dyn
f31 <- 0xFFFFFFFFFFFF7E00


mem[X,0x80000508] -> 0x2273
mem[X,0x8000050A] -> 0x0030
[327] [M]: 0x80000508 (0x00302273) csrrs tp, fcsr, zero
CSR fcsr -> 0x00000000
x4 <- 0x00000000


mem[X,0x8000050C] -> 0xAC27
mem[X,0x8000050E] -> 0x0FF0
[328] [M]: 0x8000050C (0x0FF0AC27) fsw ft11, 248(ra)
mem[0x8000240C] <- 0xFFFF7E00


mem[X,0x80000510] -> 0xAE23
mem[X,0x80000512] -> 0x0E40
[329] [M]: 0x80000510 (0x0E40AE23) sw tp, 252(ra)
mem[0x80002410] <- 0x00000000


mem[X,0x80000514] -> 0xAF07
mem[X,0x80000516] -> 0x1001
[330] [M]: 0x80000514 (0x1001AF07) flw ft10, 256(gp)
mem[R,0x80002110] -> 0x0000F8B2
f30 <- 0xFFFFFFFF0000F8B2


mem[X,0x80000518] -> 0xA087
mem[X,0x8000051A] -> 0x1041
[331] [M]: 0x80000518 (0x1041A087) flw ft1, 260(gp)
mem[R,0x80002114] -> 0x00007BFF
f1 <- 0xFFFFFFFF00007BFF


mem[X,0x8000051C] -> 0x0113
mem[X,0x8000051E] -> 0x0000
[332] [M]: 0x8000051C (0x00000113) addi sp, zero, 0
x2 <- 0x00000000


mem[X,0x80000520] -> 0x1073
mem[X,0x80000522] -> 0x0031
[333] [M]: 0x80000520 (0x00311073) csrrw zero, fcsr, sp
CSR fcsr -> 0x00000000
CSR fcsr <- 0x00000000 (input: 0x00000000)


mem[X,0x80000524] -> 0x7FD3
mem[X,0x80000526] -> 0x041F
[334] [M]: 0x80000524 (0x041F7FD3) fadd.h ft11, ft10, ft1, dyn
f31 <- 0xFFFFFFFFFFFF7E00


mem[X,0x80000528] -> 0x2273
mem[X,0x8000052A] -> 0x0030
[335] [M]: 0x80000528 (0x00302273) csrrs tp, fcsr, zero
CSR fcsr -> 0x00000000
x4 <- 0x00000000


mem[X,0x8000052C] -> 0xA027
mem[X,0x8000052E] -> 0x11F0
[336] [M]: 0x8000052C (0x11F0A027) fsw ft11, 256(ra)
mem[0x80002414] <- 0xFFFF7E00


mem[X,0x80000530] -> 0xA223
mem[X,0x80000532] -> 0x1040
[337] [M]: 0x80000530 (0x1040A223) sw tp, 260(ra)
mem[0x80002418] <- 0x00000000


mem[X,0x80000534] -> 0xAF07
mem[X,0x80000536] -> 0x1081
[338] [M]: 0x80000534 (0x1081AF07) flw ft10, 264(gp)
mem[R,0x80002118] -> 0x0000F8C4
f30 <- 0xFFFFFFFF0000F8C4


mem[X,0x80000538] -> 0xA007
mem[X,0x8000053A] -> 0x10C1
[339] [M]: 0x80000538 (0x10C1A007) flw ft0, 268(gp)
mem[R,0x8000211C] -> 0x00007BD8
f0 <- 0xFFFFFFFF00007BD8


mem[X,0x8000053C] -> 0x0113
mem[X,0x8000053E] -> 0x0000
[340] [M]: 0x8000053C (0x00000113) addi sp, zero, 0
x2 <- 0x00000000


mem[X,0x80000540] -> 0x1073
mem[X,0x80000542] -> 0x0031
[341] [M]: 0x80000540 (0x00311073) csrrw zero, fcsr, sp
CSR fcsr -> 0x00000000
CSR fcsr <- 0x00000000 (input: 0x00000000)


mem[X,0x80000544] -> 0x7FD3
mem[X,0x80000546] -> 0x040F
[342] [M]: 0x80000544 (0x040F7FD3) fadd.h ft11, ft10, ft0, dyn
f31 <- 0xFFFFFFFFFFFF7E00


mem[X,0x80000548] -> 0x2273
mem[X,0x8000054A] -> 0x0030
[343] [M]: 0x80000548 (0x00302273) csrrs tp, fcsr, zero
CSR fcsr -> 0x00000000
x4 <- 0x00000000


mem[X,0x8000054C] -> 0xA427
mem[X,0x8000054E] -> 0x11F0
[344] [M]: 0x8000054C (0x11F0A427) fsw ft11, 264(ra)
mem[0x8000241C] <- 0xFFFF7E00


mem[X,0x80000550] -> 0xA623
mem[X,0x80000552] -> 0x1040
[345] [M]: 0x80000550 (0x1040A623) sw tp, 268(ra)
mem[0x80002420] <- 0x00000000


mem[X,0x80000554] -> 0xAF87
mem[X,0x80000556] -> 0x1101
[346] [M]: 0x80000554 (0x1101AF87) flw ft11, 272(gp)
mem[R,0x80002120] -> 0x0000F89A
f31 <- 0xFFFFFFFF0000F89A


mem[X,0x80000558] -> 0xAF07
mem[X,0x8000055A] -> 0x1141
[347] [M]: 0x80000558 (0x1141AF07) flw ft10, 276(gp)
mem[R,0x80002124] -> 0x00007AEC
f30 <- 0xFFFFFFFF00007AEC


mem[X,0x8000055C] -> 0x0113
mem[X,0x8000055E] -> 0x0000
[348] [M]: 0x8000055C (0x00000113) addi sp, zero, 0
x2 <- 0x00000000


mem[X,0x80000560] -> 0x1073
mem[X,0x80000562] -> 0x0031
[349] [M]: 0x80000560 (0x00311073) csrrw zero, fcsr, sp
CSR fcsr -> 0x00000000
CSR fcsr <- 0x00000000 (input: 0x00000000)


mem[X,0x80000564] -> 0xF0D3
mem[X,0x80000566] -> 0x05EF
[350] [M]: 0x80000564 (0x05EFF0D3) fadd.h ft1, ft11, ft10, dyn
f1 <- 0xFFFFFFFFFFFF7E00


mem[X,0x80000568] -> 0x2273
mem[X,0x8000056A] -> 0x0030
[351] [M]: 0x80000568 (0x00302273) csrrs tp, fcsr, zero
CSR fcsr -> 0x00000000
x4 <- 0x00000000


mem[X,0x8000056C] -> 0xA827
mem[X,0x8000056E] -> 0x1010
[352] [M]: 0x8000056C (0x1010A827) fsw ft1, 272(ra)
mem[0x80002424] <- 0xFFFF7E00


mem[X,0x80000570] -> 0xAA23
mem[X,0x80000572] -> 0x1040
[353] [M]: 0x80000570 (0x1040AA23) sw tp, 276(ra)
mem[0x80002428] <- 0x00000000


mem[X,0x80000574] -> 0xAF87
mem[X,0x80000576] -> 0x1181
[354] [M]: 0x80000574 (0x1181AF87) flw ft11, 280(gp)
mem[R,0x80002128] -> 0x0000F20E
f31 <- 0xFFFFFFFF0000F20E


mem[X,0x80000578] -> 0xAF07
mem[X,0x8000057A] -> 0x11C1
[355] [M]: 0x80000578 (0x11C1AF07) flw ft10, 284(gp)
mem[R,0x8000212C] -> 0x00007603
f30 <- 0xFFFFFFFF00007603


mem[X,0x8000057C] -> 0x0113
mem[X,0x8000057E] -> 0x0000
[356] [M]: 0x8000057C (0x00000113) addi sp, zero, 0
x2 <- 0x00000000


mem[X,0x80000580] -> 0x1073
mem[X,0x80000582] -> 0x0031
[357] [M]: 0x80000580 (0x00311073) csrrw zero, fcsr, sp
CSR fcsr -> 0x00000000
CSR fcsr <- 0x00000000 (input: 0x00000000)


mem[X,0x80000584] -> 0xF053
mem[X,0x80000586] -> 0x05EF
[358] [M]: 0x80000584 (0x05EFF053) fadd.h ft0, ft11, ft10, dyn
f0 <- 0xFFFFFFFFFFFF7E00


mem[X,0x80000588] -> 0x2273
mem[X,0x8000058A] -> 0x0030
[359] [M]: 0x80000588 (0x00302273) csrrs tp, fcsr, zero
CSR fcsr -> 0x00000000
x4 <- 0x00000000


mem[X,0x8000058C] -> 0xAC27
mem[X,0x8000058E] -> 0x1000
[360] [M]: 0x8000058C (0x1000AC27) fsw ft0, 280(ra)
mem[0x8000242C] <- 0xFFFF7E00


mem[X,0x80000590] -> 0xAE23
mem[X,0x80000592] -> 0x1040
[361] [M]: 0x80000590 (0x1040AE23) sw tp, 284(ra)
mem[0x80002430] <- 0x00000000


mem[X,0x80000594] -> 0xAF07
mem[X,0x80000596] -> 0x1201
[362] [M]: 0x80000594 (0x1201AF07) flw ft10, 288(gp)
mem[R,0x80002130] -> 0x0000F8E6
f30 <- 0xFFFFFFFF0000F8E6


mem[X,0x80000598] -> 0xAE87
mem[X,0x8000059A] -> 0x1241
[363] [M]: 0x80000598 (0x1241AE87) flw ft9, 292(gp)
mem[R,0x80002134] -> 0x00007BFF
f29 <- 0xFFFFFFFF00007BFF


mem[X,0x8000059C] -> 0x0113
mem[X,0x8000059E] -> 0x0000
[364] [M]: 0x8000059C (0x00000113) addi sp, zero, 0
x2 <- 0x00000000


mem[X,0x800005A0] -> 0x1073
mem[X,0x800005A2] -> 0x0031
[365] [M]: 0x800005A0 (0x00311073) csrrw zero, fcsr, sp
CSR fcsr -> 0x00000000
CSR fcsr <- 0x00000000 (input: 0x00000000)


mem[X,0x800005A4] -> 0x7FD3
mem[X,0x800005A6] -> 0x05DF
[366] [M]: 0x800005A4 (0x05DF7FD3) fadd.h ft11, ft10, ft9, dyn
f31 <- 0xFFFFFFFFFFFF7E00


mem[X,0x800005A8] -> 0x2273
mem[X,0x800005AA] -> 0x0030
[367] [M]: 0x800005A8 (0x00302273) csrrs tp, fcsr, zero
CSR fcsr -> 0x00000000
x4 <- 0x00000000


mem[X,0x800005AC] -> 0xA027
mem[X,0x800005AE] -> 0x13F0
[368] [M]: 0x800005AC (0x13F0A027) fsw ft11, 288(ra)
mem[0x80002434] <- 0xFFFF7E00


mem[X,0x800005B0] -> 0xA223
mem[X,0x800005B2] -> 0x1240
[369] [M]: 0x800005B0 (0x1240A223) sw tp, 292(ra)
mem[0x80002438] <- 0x00000000


mem[X,0x800005B4] -> 0xAF07
mem[X,0x800005B6] -> 0x1281
[370] [M]: 0x800005B4 (0x1281AF07) flw ft10, 296(gp)
mem[R,0x80002138] -> 0x0000F79E
f30 <- 0xFFFFFFFF0000F79E


mem[X,0x800005B8] -> 0xAE87
mem[X,0x800005BA] -> 0x12C1
[371] [M]: 0x800005B8 (0x12C1AE87) flw ft9, 300(gp)
mem[R,0x8000213C] -> 0x00007887
f29 <- 0xFFFFFFFF00007887


mem[X,0x800005BC] -> 0x0113
mem[X,0x800005BE] -> 0x0000
[372] [M]: 0x800005BC (0x00000113) addi sp, zero, 0
x2 <- 0x00000000


mem[X,0x800005C0] -> 0x1073
mem[X,0x800005C2] -> 0x0031
[373] [M]: 0x800005C0 (0x00311073) csrrw zero, fcsr, sp
CSR fcsr -> 0x00000000
CSR fcsr <- 0x00000000 (input: 0x00000000)


mem[X,0x800005C4] -> 0x7FD3
mem[X,0x800005C6] -> 0x05DF
[374] [M]: 0x800005C4 (0x05DF7FD3) fadd.h ft11, ft10, ft9, dyn
f31 <- 0xFFFFFFFFFFFF7E00


mem[X,0x800005C8] -> 0x2273
mem[X,0x800005CA] -> 0x0030
[375] [M]: 0x800005C8 (0x00302273) csrrs tp, fcsr, zero
CSR fcsr -> 0x00000000
x4 <- 0x00000000


mem[X,0x800005CC] -> 0xA427
mem[X,0x800005CE] -> 0x13F0
[376] [M]: 0x800005CC (0x13F0A427) fsw ft11, 296(ra)
mem[0x8000243C] <- 0xFFFF7E00


mem[X,0x800005D0] -> 0xA623
mem[X,0x800005D2] -> 0x1240
[377] [M]: 0x800005D0 (0x1240A623) sw tp, 300(ra)
mem[0x80002440] <- 0x00000000


mem[X,0x800005D4] -> 0xAF07
mem[X,0x800005D6] -> 0x1301
[378] [M]: 0x800005D4 (0x1301AF07) flw ft10, 304(gp)
mem[R,0x80002140] -> 0x0000FA0E
f30 <- 0xFFFFFFFF0000FA0E


mem[X,0x800005D8] -> 0xAE87
mem[X,0x800005DA] -> 0x1341
[379] [M]: 0x800005D8 (0x1341AE87) flw ft9, 308(gp)
mem[R,0x80002144] -> 0x00007BFF
f29 <- 0xFFFFFFFF00007BFF


mem[X,0x800005DC] -> 0x0113
mem[X,0x800005DE] -> 0x0000
[380] [M]: 0x800005DC (0x00000113) addi sp, zero, 0
x2 <- 0x00000000


mem[X,0x800005E0] -> 0x1073
mem[X,0x800005E2] -> 0x0031
[381] [M]: 0x800005E0 (0x00311073) csrrw zero, fcsr, sp
CSR fcsr -> 0x00000000
CSR fcsr <- 0x00000000 (input: 0x00000000)


mem[X,0x800005E4] -> 0x7FD3
mem[X,0x800005E6] -> 0x05DF
[382] [M]: 0x800005E4 (0x05DF7FD3) fadd.h ft11, ft10, ft9, dyn
f31 <- 0xFFFFFFFFFFFF7E00


mem[X,0x800005E8] -> 0x2273
mem[X,0x800005EA] -> 0x0030
[383] [M]: 0x800005E8 (0x00302273) csrrs tp, fcsr, zero
CSR fcsr -> 0x00000000
x4 <- 0x00000000


mem[X,0x800005EC] -> 0xA827
mem[X,0x800005EE] -> 0x13F0
[384] [M]: 0x800005EC (0x13F0A827) fsw ft11, 304(ra)
mem[0x80002444] <- 0xFFFF7E00


mem[X,0x800005F0] -> 0xAA23
mem[X,0x800005F2] -> 0x1240
[385] [M]: 0x800005F0 (0x1240AA23) sw tp, 308(ra)
mem[0x80002448] <- 0x00000000


mem[X,0x800005F4] -> 0xAF07
mem[X,0x800005F6] -> 0x1381
[386] [M]: 0x800005F4 (0x1381AF07) flw ft10, 312(gp)
mem[R,0x80002148] -> 0x0000FB62
f30 <- 0xFFFFFFFF0000FB62


mem[X,0x800005F8] -> 0xAE87
mem[X,0x800005FA] -> 0x13C1
[387] [M]: 0x800005F8 (0x13C1AE87) flw ft9, 316(gp)
mem[R,0x8000214C] -> 0x00007BFF
f29 <- 0xFFFFFFFF00007BFF


mem[X,0x800005FC] -> 0x0113
mem[X,0x800005FE] -> 0x0000
[388] [M]: 0x800005FC (0x00000113) addi sp, zero, 0
x2 <- 0x00000000


mem[X,0x80000600] -> 0x1073
mem[X,0x80000602] -> 0x0031
[389] [M]: 0x80000600 (0x00311073) csrrw zero, fcsr, sp
CSR fcsr -> 0x00000000
CSR fcsr <- 0x00000000 (input: 0x00000000)


mem[X,0x80000604] -> 0x7FD3
mem[X,0x80000606] -> 0x05DF
[390] [M]: 0x80000604 (0x05DF7FD3) fadd.h ft11, ft10, ft9, dyn
f31 <- 0xFFFFFFFFFFFF7E00


mem[X,0x80000608] -> 0x2273
mem[X,0x8000060A] -> 0x0030
[391] [M]: 0x80000608 (0x00302273) csrrs tp, fcsr, zero
CSR fcsr -> 0x00000000
x4 <- 0x00000000


mem[X,0x8000060C] -> 0xAC27
mem[X,0x8000060E] -> 0x13F0
[392] [M]: 0x8000060C (0x13F0AC27) fsw ft11, 312(ra)
mem[0x8000244C] <- 0xFFFF7E00


mem[X,0x80000610] -> 0xAE23
mem[X,0x80000612] -> 0x1240
[393] [M]: 0x80000610 (0x1240AE23) sw tp, 316(ra)
mem[0x80002450] <- 0x00000000


mem[X,0x80000614] -> 0xAF07
mem[X,0x80000616] -> 0x1401
[394] [M]: 0x80000614 (0x1401AF07) flw ft10, 320(gp)
mem[R,0x80002150] -> 0x0000FB2E
f30 <- 0xFFFFFFFF0000FB2E


mem[X,0x80000618] -> 0xAE87
mem[X,0x8000061A] -> 0x1441
[395] [M]: 0x80000618 (0x1441AE87) flw ft9, 324(gp)
mem[R,0x80002154] -> 0x00007BFF
f29 <- 0xFFFFFFFF00007BFF


mem[X,0x8000061C] -> 0x0113
mem[X,0x8000061E] -> 0x0000
[396] [M]: 0x8000061C (0x00000113) addi sp, zero, 0
x2 <- 0x00000000


mem[X,0x80000620] -> 0x1073
mem[X,0x80000622] -> 0x0031
[397] [M]: 0x80000620 (0x00311073) csrrw zero, fcsr, sp
CSR fcsr -> 0x00000000
CSR fcsr <- 0x00000000 (input: 0x00000000)


mem[X,0x80000624] -> 0x7FD3
mem[X,0x80000626] -> 0x05DF
[398] [M]: 0x80000624 (0x05DF7FD3) fadd.h ft11, ft10, ft9, dyn
f31 <- 0xFFFFFFFFFFFF7E00


mem[X,0x80000628] -> 0x2273
mem[X,0x8000062A] -> 0x0030
[399] [M]: 0x80000628 (0x00302273) csrrs tp, fcsr, zero
CSR fcsr -> 0x00000000
x4 <- 0x00000000


clint::tick mtime <- 0x0000000000000004
 clint timer pending at mtime 0x0000000000000004
htif::tick 0x0000000000000000
mem[X,0x8000062C] -> 0xA027
mem[X,0x8000062E] -> 0x15F0
[400] [M]: 0x8000062C (0x15F0A027) fsw ft11, 320(ra)
mem[0x80002454] <- 0xFFFF7E00


mem[X,0x80000630] -> 0xA223
mem[X,0x80000632] -> 0x1440
[401] [M]: 0x80000630 (0x1440A223) sw tp, 324(ra)
mem[0x80002458] <- 0x00000000


mem[X,0x80000634] -> 0xAF07
mem[X,0x80000636] -> 0x1481
[402] [M]: 0x80000634 (0x1481AF07) flw ft10, 328(gp)
mem[R,0x80002158] -> 0x0000F852
f30 <- 0xFFFFFFFF0000F852


mem[X,0x80000638] -> 0xAE87
mem[X,0x8000063A] -> 0x14C1
[403] [M]: 0x80000638 (0x14C1AE87) flw ft9, 332(gp)
mem[R,0x8000215C] -> 0x00007B73
f29 <- 0xFFFFFFFF00007B73


mem[X,0x8000063C] -> 0x0113
mem[X,0x8000063E] -> 0x0000
[404] [M]: 0x8000063C (0x00000113) addi sp, zero, 0
x2 <- 0x00000000


mem[X,0x80000640] -> 0x1073
mem[X,0x80000642] -> 0x0031
[405] [M]: 0x80000640 (0x00311073) csrrw zero, fcsr, sp
CSR fcsr -> 0x00000000
CSR fcsr <- 0x00000000 (input: 0x00000000)


mem[X,0x80000644] -> 0x7FD3
mem[X,0x80000646] -> 0x05DF
[406] [M]: 0x80000644 (0x05DF7FD3) fadd.h ft11, ft10, ft9, dyn
f31 <- 0xFFFFFFFFFFFF7E00


mem[X,0x80000648] -> 0x2273
mem[X,0x8000064A] -> 0x0030
[407] [M]: 0x80000648 (0x00302273) csrrs tp, fcsr, zero
CSR fcsr -> 0x00000000
x4 <- 0x00000000


mem[X,0x8000064C] -> 0xA427
mem[X,0x8000064E] -> 0x15F0
[408] [M]: 0x8000064C (0x15F0A427) fsw ft11, 328(ra)
mem[0x8000245C] <- 0xFFFF7E00


mem[X,0x80000650] -> 0xA623
mem[X,0x80000652] -> 0x1440
[409] [M]: 0x80000650 (0x1440A623) sw tp, 332(ra)
mem[0x80002460] <- 0x00000000


mem[X,0x80000654] -> 0xAF07
mem[X,0x80000656] -> 0x1501
[410] [M]: 0x80000654 (0x1501AF07) flw ft10, 336(gp)
mem[R,0x80002160] -> 0x0000F9A3
f30 <- 0xFFFFFFFF0000F9A3


mem[X,0x80000658] -> 0xAE87
mem[X,0x8000065A] -> 0x1541
[411] [M]: 0x80000658 (0x1541AE87) flw ft9, 340(gp)
mem[R,0x80002164] -> 0x00007BD7
f29 <- 0xFFFFFFFF00007BD7


mem[X,0x8000065C] -> 0x0113
mem[X,0x8000065E] -> 0x0000
[412] [M]: 0x8000065C (0x00000113) addi sp, zero, 0
x2 <- 0x00000000


mem[X,0x80000660] -> 0x1073
mem[X,0x80000662] -> 0x0031
[413] [M]: 0x80000660 (0x00311073) csrrw zero, fcsr, sp
CSR fcsr -> 0x00000000
CSR fcsr <- 0x00000000 (input: 0x00000000)


mem[X,0x80000664] -> 0x7FD3
mem[X,0x80000666] -> 0x05DF
[414] [M]: 0x80000664 (0x05DF7FD3) fadd.h ft11, ft10, ft9, dyn
f31 <- 0xFFFFFFFFFFFF7E00


mem[X,0x80000668] -> 0x2273
mem[X,0x8000066A] -> 0x0030
[415] [M]: 0x80000668 (0x00302273) csrrs tp, fcsr, zero
CSR fcsr -> 0x00000000
x4 <- 0x00000000


mem[X,0x8000066C] -> 0xA827
mem[X,0x8000066E] -> 0x15F0
[416] [M]: 0x8000066C (0x15F0A827) fsw ft11, 336(ra)
mem[0x80002464] <- 0xFFFF7E00


mem[X,0x80000670] -> 0xAA23
mem[X,0x80000672] -> 0x1440
[417] [M]: 0x80000670 (0x1440AA23) sw tp, 340(ra)
mem[0x80002468] <- 0x00000000


mem[X,0x80000674] -> 0xAF07
mem[X,0x80000676] -> 0x1581
[418] [M]: 0x80000674 (0x1581AF07) flw ft10, 344(gp)
mem[R,0x80002168] -> 0x0000FA7D
f30 <- 0xFFFFFFFF0000FA7D


mem[X,0x80000678] -> 0xAE87
mem[X,0x8000067A] -> 0x15C1
[419] [M]: 0x80000678 (0x15C1AE87) flw ft9, 348(gp)
mem[R,0x8000216C] -> 0x00007BFF
f29 <- 0xFFFFFFFF00007BFF


mem[X,0x8000067C] -> 0x0113
mem[X,0x8000067E] -> 0x0000
[420] [M]: 0x8000067C (0x00000113) addi sp, zero, 0
x2 <- 0x00000000


mem[X,0x80000680] -> 0x1073
mem[X,0x80000682] -> 0x0031
[421] [M]: 0x80000680 (0x00311073) csrrw zero, fcsr, sp
CSR fcsr -> 0x00000000
CSR fcsr <- 0x00000000 (input: 0x00000000)


mem[X,0x80000684] -> 0x7FD3
mem[X,0x80000686] -> 0x05DF
[422] [M]: 0x80000684 (0x05DF7FD3) fadd.h ft11, ft10, ft9, dyn
f31 <- 0xFFFFFFFFFFFF7E00


mem[X,0x80000688] -> 0x2273
mem[X,0x8000068A] -> 0x0030
[423] [M]: 0x80000688 (0x00302273) csrrs tp, fcsr, zero
CSR fcsr -> 0x00000000
x4 <- 0x00000000


mem[X,0x8000068C] -> 0xAC27
mem[X,0x8000068E] -> 0x15F0
[424] [M]: 0x8000068C (0x15F0AC27) fsw ft11, 344(ra)
mem[0x8000246C] <- 0xFFFF7E00


mem[X,0x80000690] -> 0xAE23
mem[X,0x80000692] -> 0x1440
[425] [M]: 0x80000690 (0x1440AE23) sw tp, 348(ra)
mem[0x80002470] <- 0x00000000


mem[X,0x80000694] -> 0xAF07
mem[X,0x80000696] -> 0x1601
[426] [M]: 0x80000694 (0x1601AF07) flw ft10, 352(gp)
mem[R,0x80002170] -> 0x0000FB28
f30 <- 0xFFFFFFFF0000FB28


mem[X,0x80000698] -> 0xAE87
mem[X,0x8000069A] -> 0x1641
[427] [M]: 0x80000698 (0x1641AE87) flw ft9, 356(gp)
mem[R,0x80002174] -> 0x00007BFF
f29 <- 0xFFFFFFFF00007BFF


mem[X,0x8000069C] -> 0x0113
mem[X,0x8000069E] -> 0x0000
[428] [M]: 0x8000069C (0x00000113) addi sp, zero, 0
x2 <- 0x00000000


mem[X,0x800006A0] -> 0x1073
mem[X,0x800006A2] -> 0x0031
[429] [M]: 0x800006A0 (0x00311073) csrrw zero, fcsr, sp
CSR fcsr -> 0x00000000
CSR fcsr <- 0x00000000 (input: 0x00000000)


mem[X,0x800006A4] -> 0x7FD3
mem[X,0x800006A6] -> 0x05DF
[430] [M]: 0x800006A4 (0x05DF7FD3) fadd.h ft11, ft10, ft9, dyn
f31 <- 0xFFFFFFFFFFFF7E00


mem[X,0x800006A8] -> 0x2273
mem[X,0x800006AA] -> 0x0030
[431] [M]: 0x800006A8 (0x00302273) csrrs tp, fcsr, zero
CSR fcsr -> 0x00000000
x4 <- 0x00000000


mem[X,0x800006AC] -> 0xA027
mem[X,0x800006AE] -> 0x17F0
[432] [M]: 0x800006AC (0x17F0A027) fsw ft11, 352(ra)
mem[0x80002474] <- 0xFFFF7E00


mem[X,0x800006B0] -> 0xA223
mem[X,0x800006B2] -> 0x1640
[433] [M]: 0x800006B0 (0x1640A223) sw tp, 356(ra)
mem[0x80002478] <- 0x00000000


mem[X,0x800006B4] -> 0xAF07
mem[X,0x800006B6] -> 0x1681
[434] [M]: 0x800006B4 (0x1681AF07) flw ft10, 360(gp)
mem[R,0x80002178] -> 0x0000FB98
f30 <- 0xFFFFFFFF0000FB98


mem[X,0x800006B8] -> 0xAE87
mem[X,0x800006BA] -> 0x16C1
[435] [M]: 0x800006B8 (0x16C1AE87) flw ft9, 364(gp)
mem[R,0x8000217C] -> 0x00007BFF
f29 <- 0xFFFFFFFF00007BFF


mem[X,0x800006BC] -> 0x0113
mem[X,0x800006BE] -> 0x0000
[436] [M]: 0x800006BC (0x00000113) addi sp, zero, 0
x2 <- 0x00000000


mem[X,0x800006C0] -> 0x1073
mem[X,0x800006C2] -> 0x0031
[437] [M]: 0x800006C0 (0x00311073) csrrw zero, fcsr, sp
CSR fcsr -> 0x00000000
CSR fcsr <- 0x00000000 (input: 0x00000000)


mem[X,0x800006C4] -> 0x7FD3
mem[X,0x800006C6] -> 0x05DF
[438] [M]: 0x800006C4 (0x05DF7FD3) fadd.h ft11, ft10, ft9, dyn
f31 <- 0xFFFFFFFFFFFF7E00


mem[X,0x800006C8] -> 0x2273
mem[X,0x800006CA] -> 0x0030
[439] [M]: 0x800006C8 (0x00302273) csrrs tp, fcsr, zero
CSR fcsr -> 0x00000000
x4 <- 0x00000000


mem[X,0x800006CC] -> 0xA427
mem[X,0x800006CE] -> 0x17F0
[440] [M]: 0x800006CC (0x17F0A427) fsw ft11, 360(ra)
mem[0x8000247C] <- 0xFFFF7E00


mem[X,0x800006D0] -> 0xA623
mem[X,0x800006D2] -> 0x1640
[441] [M]: 0x800006D0 (0x1640A623) sw tp, 364(ra)
mem[0x80002480] <- 0x00000000


mem[X,0x800006D4] -> 0xAF07
mem[X,0x800006D6] -> 0x1701
[442] [M]: 0x800006D4 (0x1701AF07) flw ft10, 368(gp)
mem[R,0x80002180] -> 0x0000F734
f30 <- 0xFFFFFFFF0000F734


mem[X,0x800006D8] -> 0xAE87
mem[X,0x800006DA] -> 0x1741
[443] [M]: 0x800006D8 (0x1741AE87) flw ft9, 372(gp)
mem[R,0x80002184] -> 0x00007BFF
f29 <- 0xFFFFFFFF00007BFF


mem[X,0x800006DC] -> 0x0113
mem[X,0x800006DE] -> 0x0000
[444] [M]: 0x800006DC (0x00000113) addi sp, zero, 0
x2 <- 0x00000000


mem[X,0x800006E0] -> 0x1073
mem[X,0x800006E2] -> 0x0031
[445] [M]: 0x800006E0 (0x00311073) csrrw zero, fcsr, sp
CSR fcsr -> 0x00000000
CSR fcsr <- 0x00000000 (input: 0x00000000)


mem[X,0x800006E4] -> 0x7FD3
mem[X,0x800006E6] -> 0x05DF
[446] [M]: 0x800006E4 (0x05DF7FD3) fadd.h ft11, ft10, ft9, dyn
f31 <- 0xFFFFFFFFFFFF7E00


mem[X,0x800006E8] -> 0x2273
mem[X,0x800006EA] -> 0x0030
[447] [M]: 0x800006E8 (0x00302273) csrrs tp, fcsr, zero
CSR fcsr -> 0x00000000
x4 <- 0x00000000


mem[X,0x800006EC] -> 0xA827
mem[X,0x800006EE] -> 0x17F0
[448] [M]: 0x800006EC (0x17F0A827) fsw ft11, 368(ra)
mem[0x80002484] <- 0xFFFF7E00


mem[X,0x800006F0] -> 0xAA23
mem[X,0x800006F2] -> 0x1640
[449] [M]: 0x800006F0 (0x1640AA23) sw tp, 372(ra)
mem[0x80002488] <- 0x00000000


mem[X,0x800006F4] -> 0xAF07
mem[X,0x800006F6] -> 0x1781
[450] [M]: 0x800006F4 (0x1781AF07) flw ft10, 376(gp)
mem[R,0x80002188] -> 0x0000FBF7
f30 <- 0xFFFFFFFF0000FBF7


mem[X,0x800006F8] -> 0xAE87
mem[X,0x800006FA] -> 0x17C1
[451] [M]: 0x800006F8 (0x17C1AE87) flw ft9, 380(gp)
mem[R,0x8000218C] -> 0x00007BFF
f29 <- 0xFFFFFFFF00007BFF


mem[X,0x800006FC] -> 0x0113
mem[X,0x800006FE] -> 0x0000
[452] [M]: 0x800006FC (0x00000113) addi sp, zero, 0
x2 <- 0x00000000


mem[X,0x80000700] -> 0x1073
mem[X,0x80000702] -> 0x0031
[453] [M]: 0x80000700 (0x00311073) csrrw zero, fcsr, sp
CSR fcsr -> 0x00000000
CSR fcsr <- 0x00000000 (input: 0x00000000)


mem[X,0x80000704] -> 0x7FD3
mem[X,0x80000706] -> 0x05DF
[454] [M]: 0x80000704 (0x05DF7FD3) fadd.h ft11, ft10, ft9, dyn
f31 <- 0xFFFFFFFFFFFF7E00


mem[X,0x80000708] -> 0x2273
mem[X,0x8000070A] -> 0x0030
[455] [M]: 0x80000708 (0x00302273) csrrs tp, fcsr, zero
CSR fcsr -> 0x00000000
x4 <- 0x00000000


mem[X,0x8000070C] -> 0xAC27
mem[X,0x8000070E] -> 0x17F0
[456] [M]: 0x8000070C (0x17F0AC27) fsw ft11, 376(ra)
mem[0x8000248C] <- 0xFFFF7E00


mem[X,0x80000710] -> 0xAE23
mem[X,0x80000712] -> 0x1640
[457] [M]: 0x80000710 (0x1640AE23) sw tp, 380(ra)
mem[0x80002490] <- 0x00000000


mem[X,0x80000714] -> 0xAF07
mem[X,0x80000716] -> 0x1801
[458] [M]: 0x80000714 (0x1801AF07) flw ft10, 384(gp)
mem[R,0x80002190] -> 0x0000FA57
f30 <- 0xFFFFFFFF0000FA57


mem[X,0x80000718] -> 0xAE87
mem[X,0x8000071A] -> 0x1841
[459] [M]: 0x80000718 (0x1841AE87) flw ft9, 388(gp)
mem[R,0x80002194] -> 0x00007B00
f29 <- 0xFFFFFFFF00007B00


mem[X,0x8000071C] -> 0x0113
mem[X,0x8000071E] -> 0x0000
[460] [M]: 0x8000071C (0x00000113) addi sp, zero, 0
x2 <- 0x00000000


mem[X,0x80000720] -> 0x1073
mem[X,0x80000722] -> 0x0031
[461] [M]: 0x80000720 (0x00311073) csrrw zero, fcsr, sp
CSR fcsr -> 0x00000000
CSR fcsr <- 0x00000000 (input: 0x00000000)


mem[X,0x80000724] -> 0x7FD3
mem[X,0x80000726] -> 0x05DF
[462] [M]: 0x80000724 (0x05DF7FD3) fadd.h ft11, ft10, ft9, dyn
f31 <- 0xFFFFFFFFFFFF7E00


mem[X,0x80000728] -> 0x2273
mem[X,0x8000072A] -> 0x0030
[463] [M]: 0x80000728 (0x00302273) csrrs tp, fcsr, zero
CSR fcsr -> 0x00000000
x4 <- 0x00000000


mem[X,0x8000072C] -> 0xA027
mem[X,0x8000072E] -> 0x19F0
[464] [M]: 0x8000072C (0x19F0A027) fsw ft11, 384(ra)
mem[0x80002494] <- 0xFFFF7E00


mem[X,0x80000730] -> 0xA223
mem[X,0x80000732] -> 0x1840
[465] [M]: 0x80000730 (0x1840A223) sw tp, 388(ra)
mem[0x80002498] <- 0x00000000


mem[X,0x80000734] -> 0xAF07
mem[X,0x80000736] -> 0x1881
[466] [M]: 0x80000734 (0x1881AF07) flw ft10, 392(gp)
mem[R,0x80002198] -> 0x0000F6B9
f30 <- 0xFFFFFFFF0000F6B9


mem[X,0x80000738] -> 0xAE87
mem[X,0x8000073A] -> 0x18C1
[467] [M]: 0x80000738 (0x18C1AE87) flw ft9, 396(gp)
mem[R,0x8000219C] -> 0x0000796E
f29 <- 0xFFFFFFFF0000796E


mem[X,0x8000073C] -> 0x0113
mem[X,0x8000073E] -> 0x0000
[468] [M]: 0x8000073C (0x00000113) addi sp, zero, 0
x2 <- 0x00000000


mem[X,0x80000740] -> 0x1073
mem[X,0x80000742] -> 0x0031
[469] [M]: 0x80000740 (0x00311073) csrrw zero, fcsr, sp
CSR fcsr -> 0x00000000
CSR fcsr <- 0x00000000 (input: 0x00000000)


mem[X,0x80000744] -> 0x7FD3
mem[X,0x80000746] -> 0x05DF
[470] [M]: 0x80000744 (0x05DF7FD3) fadd.h ft11, ft10, ft9, dyn
f31 <- 0xFFFFFFFFFFFF7E00


mem[X,0x80000748] -> 0x2273
mem[X,0x8000074A] -> 0x0030
[471] [M]: 0x80000748 (0x00302273) csrrs tp, fcsr, zero
CSR fcsr -> 0x00000000
x4 <- 0x00000000


mem[X,0x8000074C] -> 0xA427
mem[X,0x8000074E] -> 0x19F0
[472] [M]: 0x8000074C (0x19F0A427) fsw ft11, 392(ra)
mem[0x8000249C] <- 0xFFFF7E00


mem[X,0x80000750] -> 0xA623
mem[X,0x80000752] -> 0x1840
[473] [M]: 0x80000750 (0x1840A623) sw tp, 396(ra)
mem[0x800024A0] <- 0x00000000


mem[X,0x80000754] -> 0xAF07
mem[X,0x80000756] -> 0x1901
[474] [M]: 0x80000754 (0x1901AF07) flw ft10, 400(gp)
mem[R,0x800021A0] -> 0x0000FA44
f30 <- 0xFFFFFFFF0000FA44


mem[X,0x80000758] -> 0xAE87
mem[X,0x8000075A] -> 0x1941
[475] [M]: 0x80000758 (0x1941AE87) flw ft9, 404(gp)
mem[R,0x800021A4] -> 0x00007BFF
f29 <- 0xFFFFFFFF00007BFF


mem[X,0x8000075C] -> 0x0113
mem[X,0x8000075E] -> 0x0000
[476] [M]: 0x8000075C (0x00000113) addi sp, zero, 0
x2 <- 0x00000000


mem[X,0x80000760] -> 0x1073
mem[X,0x80000762] -> 0x0031
[477] [M]: 0x80000760 (0x00311073) csrrw zero, fcsr, sp
CSR fcsr -> 0x00000000
CSR fcsr <- 0x00000000 (input: 0x00000000)


mem[X,0x80000764] -> 0x7FD3
mem[X,0x80000766] -> 0x05DF
[478] [M]: 0x80000764 (0x05DF7FD3) fadd.h ft11, ft10, ft9, dyn
f31 <- 0xFFFFFFFFFFFF7E00


mem[X,0x80000768] -> 0x2273
mem[X,0x8000076A] -> 0x0030
[479] [M]: 0x80000768 (0x00302273) csrrs tp, fcsr, zero
CSR fcsr -> 0x00000000
x4 <- 0x00000000


mem[X,0x8000076C] -> 0xA827
mem[X,0x8000076E] -> 0x19F0
[480] [M]: 0x8000076C (0x19F0A827) fsw ft11, 400(ra)
mem[0x800024A4] <- 0xFFFF7E00


mem[X,0x80000770] -> 0xAA23
mem[X,0x80000772] -> 0x1840
[481] [M]: 0x80000770 (0x1840AA23) sw tp, 404(ra)
mem[0x800024A8] <- 0x00000000


mem[X,0x80000774] -> 0x0013
mem[X,0x80000776] -> 0x0000
[482] [M]: 0x80000774 (0x00000013) addi zero, zero, 0


mem[X,0x80000778] -> 0x0013
mem[X,0x8000077A] -> 0x0000
[483] [M]: 0x80000778 (0x00000013) addi zero, zero, 0


mem[X,0x8000077C] -> 0x0013
mem[X,0x8000077E] -> 0x0000
[484] [M]: 0x8000077C (0x00000013) addi zero, zero, 0


mem[X,0x80000780] -> 0x0093
mem[X,0x80000782] -> 0x0010
[485] [M]: 0x80000780 (0x00100093) addi ra, zero, 1
x1 <- 0x00000001


mem[X,0x80000784] -> 0x1F17
mem[X,0x80000786] -> 0x0000
[486] [M]: 0x80000784 (0x00001F17) auipc t5, 1
x30 <- 0x80001784


mem[X,0x80000788] -> 0x2E23
mem[X,0x8000078A] -> 0x861F
[487] [M]: 0x80000788 (0x861F2E23) sw ra, 2172(t5)
htif[0x80001000] <- 0x00000001


mem[X,0x8000078C] -> 0xF06F
mem[X,0x8000078E] -> 0xFF9F
[488] [M]: 0x8000078C (0xFF9FF06F) jal zero, 2097144


mem[X,0x80000784] -> 0x1F17
mem[X,0x80000786] -> 0x0000
[489] [M]: 0x80000784 (0x00001F17) auipc t5, 1
x30 <- 0x80001784


mem[X,0x80000788] -> 0x2E23
mem[X,0x8000078A] -> 0x861F
[490] [M]: 0x80000788 (0x861F2E23) sw ra, 2172(t5)
htif[0x80001000] <- 0x00000001


mem[X,0x8000078C] -> 0xF06F
mem[X,0x8000078E] -> 0xFF9F
[491] [M]: 0x8000078C (0xFF9FF06F) jal zero, 2097144


mem[X,0x80000784] -> 0x1F17
mem[X,0x80000786] -> 0x0000
[492] [M]: 0x80000784 (0x00001F17) auipc t5, 1
x30 <- 0x80001784


mem[X,0x80000788] -> 0x2E23
mem[X,0x8000078A] -> 0x861F
[493] [M]: 0x80000788 (0x861F2E23) sw ra, 2172(t5)
htif[0x80001000] <- 0x00000001
htif-syscall-proxy cmd: 0x000000000001

SUCCESS
