using Reference-sail_c_simulator.signature for test-signature output.
[Sail] Allocating new block 0x80000000
tohost located at 0x80001000
[Sail] Allocating new block 0x0

Running file ref.elf.
ELF Entry @ 0x80000000
begin_signature: 0x80002310
end_signature: 0x800025a0
CSR mstatus <- 0x00000000 (input: 0x00000000)
mem[X,0x00001000] -> 0x0297
mem[X,0x00001002] -> 0x0000
[0] [M]: 0x00001000 (0x00000297) auipc t0, 0
x5 <- 0x00001000


mem[X,0x00001004] -> 0x8593
mem[X,0x00001006] -> 0x0202
[1] [M]: 0x00001004 (0x02028593) addi a1, t0, 32
x11 <- 0x00001020


mem[X,0x00001008] -> 0x2573
mem[X,0x0000100A] -> 0xF140
[2] [M]: 0x00001008 (0xF1402573) csrrs a0, mhartid, zero
CSR mhartid -> 0x00000000
x10 <- 0x00000000


mem[X,0x0000100C] -> 0xA283
mem[X,0x0000100E] -> 0x0182
[3] [M]: 0x0000100C (0x0182A283) lw t0, 24(t0)
mem[R,0x00001018] -> 0x80000000
x5 <- 0x80000000


mem[X,0x00001010] -> 0x8067
mem[X,0x00001012] -> 0x0002
[4] [M]: 0x00001010 (0x00028067) jalr zero, t0, 0


mem[X,0x80000000] -> 0xC0B7
mem[X,0x80000002] -> 0xFEED
[5] [M]: 0x80000000 (0xFEEDC0B7) lui ra, 1044188
x1 <- 0xFEEDC000


mem[X,0x80000004] -> 0x8093
mem[X,0x80000006] -> 0xEAD0
[6] [M]: 0x80000004 (0xEAD08093) addi ra, ra, 3757
x1 <- 0xFEEDBEAD


mem[X,0x80000008] -> 0xE137
mem[X,0x8000000A] -> 0xFF76
[7] [M]: 0x80000008 (0xFF76E137) lui sp, 1046382
x2 <- 0xFF76E000


mem[X,0x8000000C] -> 0x0113
mem[X,0x8000000E] -> 0xF561
[8] [M]: 0x8000000C (0xF5610113) addi sp, sp, 3926
x2 <- 0xFF76DF56


mem[X,0x80000010] -> 0x71B7
mem[X,0x80000012] -> 0x7FBB
[9] [M]: 0x80000010 (0x7FBB71B7) lui gp, 523191
x3 <- 0x7FBB7000


mem[X,0x80000014] -> 0x8193
mem[X,0x80000016] -> 0xFAB1
[10] [M]: 0x80000014 (0xFAB18193) addi gp, gp, 4011
x3 <- 0x7FBB6FAB


mem[X,0x80000018] -> 0xB237
mem[X,0x8000001A] -> 0xBFDD
[11] [M]: 0x80000018 (0xBFDDB237) lui tp, 785883
x4 <- 0xBFDDB000


mem[X,0x8000001C] -> 0x0213
mem[X,0x8000001E] -> 0x7D52
[12] [M]: 0x8000001C (0x7D520213) addi tp, tp, 2005
x4 <- 0xBFDDB7D5


mem[X,0x80000020] -> 0x0297
mem[X,0x80000022] -> 0x0000
[13] [M]: 0x80000020 (0x00000297) auipc t0, 0
x5 <- 0x80000020


mem[X,0x80000024] -> 0x8293
mem[X,0x80000026] -> 0x0D82
[14] [M]: 0x80000024 (0x0D828293) addi t0, t0, 216
x5 <- 0x800000F8


mem[X,0x80000028] -> 0x2317
mem[X,0x8000002A] -> 0x0000
[15] [M]: 0x80000028 (0x00002317) auipc t1, 2
x6 <- 0x80002028


mem[X,0x8000002C] -> 0x0313
mem[X,0x8000002E] -> 0xFD83
[16] [M]: 0x8000002C (0xFD830313) addi t1, t1, 4056
x6 <- 0x80002000


mem[X,0x80000030] -> 0xB3B7
mem[X,0x80000032] -> 0xB7FB
[17] [M]: 0x80000030 (0xB7FBB3B7) lui t2, 753595
x7 <- 0xB7FBB000


mem[X,0x80000034] -> 0x8393
mem[X,0x80000036] -> 0x6FA3
[18] [M]: 0x80000034 (0x6FA38393) addi t2, t2, 1786
x7 <- 0xB7FBB6FA


mem[X,0x80000038] -> 0xE437
mem[X,0x8000003A] -> 0x5BFD
[19] [M]: 0x80000038 (0x5BFDE437) lui fp, 376798
x8 <- 0x5BFDE000


mem[X,0x8000003C] -> 0x0413
mem[X,0x8000003E] -> 0xB7D4
[20] [M]: 0x8000003C (0xB7D40413) addi fp, fp, 2941
x8 <- 0x5BFDDB7D


mem[X,0x80000040] -> 0xF4B7
mem[X,0x80000042] -> 0xADFE
[21] [M]: 0x80000040 (0xADFEF4B7) lui s1, 712687
x9 <- 0xADFEF000


mem[X,0x80000044] -> 0x8493
mem[X,0x80000046] -> 0xDBE4
[22] [M]: 0x80000044 (0xDBE48493) addi s1, s1, 3518
x9 <- 0xADFEEDBE


mem[X,0x80000048] -> 0x7537
mem[X,0x8000004A] -> 0x56FF
[23] [M]: 0x80000048 (0x56FF7537) lui a0, 356343
x10 <- 0x56FF7000


mem[X,0x8000004C] -> 0x0513
mem[X,0x8000004E] -> 0x6DF5
[24] [M]: 0x8000004C (0x6DF50513) addi a0, a0, 1759
x10 <- 0x56FF76DF


mem[X,0x80000050] -> 0xC5B7
mem[X,0x80000052] -> 0xAB7F
[25] [M]: 0x80000050 (0xAB7FC5B7) lui a1, 702460
x11 <- 0xAB7FC000


mem[X,0x80000054] -> 0x8593
mem[X,0x80000056] -> 0xB6F5
[26] [M]: 0x80000054 (0xB6F58593) addi a1, a1, 2927
x11 <- 0xAB7FBB6F


mem[X,0x80000058] -> 0xE637
mem[X,0x8000005A] -> 0xD5BF
[27] [M]: 0x80000058 (0xD5BFE637) lui a2, 875518
x12 <- 0xD5BFE000


mem[X,0x8000005C] -> 0x0613
mem[X,0x8000005E] -> 0xDB76
[28] [M]: 0x8000005C (0xDB760613) addi a2, a2, 3511
x12 <- 0xD5BFDDB7


mem[X,0x80000060] -> 0xF6B7
mem[X,0x80000062] -> 0xEADF
[29] [M]: 0x80000060 (0xEADFF6B7) lui a3, 962047
x13 <- 0xEADFF000


mem[X,0x80000064] -> 0x8693
mem[X,0x80000066] -> 0xEDB6
[30] [M]: 0x80000064 (0xEDB68693) addi a3, a3, 3803
x13 <- 0xEADFEEDB


mem[X,0x80000068] -> 0xF737
mem[X,0x8000006A] -> 0xF56F
[31] [M]: 0x80000068 (0xF56FF737) lui a4, 1005311
x14 <- 0xF56FF000


mem[X,0x8000006C] -> 0x0713
mem[X,0x8000006E] -> 0x76D7
[32] [M]: 0x8000006C (0x76D70713) addi a4, a4, 1901
x14 <- 0xF56FF76D


mem[X,0x80000070] -> 0x07B7
mem[X,0x80000072] -> 0xFAB8
[33] [M]: 0x80000070 (0xFAB807B7) lui a5, 1026944
x15 <- 0xFAB80000


mem[X,0x80000074] -> 0x8793
mem[X,0x80000076] -> 0xBB67
[34] [M]: 0x80000074 (0xBB678793) addi a5, a5, 2998
x15 <- 0xFAB7FBB6


mem[X,0x80000078] -> 0x0837
mem[X,0x8000007A] -> 0x7D5C
[35] [M]: 0x80000078 (0x7D5C0837) lui a6, 513472
x16 <- 0x7D5C0000


mem[X,0x8000007C] -> 0x0813
mem[X,0x8000007E] -> 0xDDB8
[36] [M]: 0x8000007C (0xDDB80813) addi a6, a6, 3547
x16 <- 0x7D5BFDDB


mem[X,0x80000080] -> 0x08B7
mem[X,0x80000082] -> 0xBEAE
[37] [M]: 0x80000080 (0xBEAE08B7) lui a7, 781024
x17 <- 0xBEAE0000


mem[X,0x80000084] -> 0x8893
mem[X,0x80000086] -> 0xEED8
[38] [M]: 0x80000084 (0xEED88893) addi a7, a7, 3821
x17 <- 0xBEADFEED


mem[X,0x80000088] -> 0x0937
mem[X,0x8000008A] -> 0xDF57
[39] [M]: 0x80000088 (0xDF570937) lui s2, 914800
x18 <- 0xDF570000


mem[X,0x8000008C] -> 0x0913
mem[X,0x8000008E] -> 0xF769
[40] [M]: 0x8000008C (0xF7690913) addi s2, s2, 3958
x18 <- 0xDF56FF76


mem[X,0x80000090] -> 0x89B7
mem[X,0x80000092] -> 0x6FAB
[41] [M]: 0x80000090 (0x6FAB89B7) lui s3, 457400
x19 <- 0x6FAB8000


mem[X,0x80000094] -> 0x8993
mem[X,0x80000096] -> 0xFBB9
[42] [M]: 0x80000094 (0xFBB98993) addi s3, s3, 4027
x19 <- 0x6FAB7FBB


mem[X,0x80000098] -> 0xCA37
mem[X,0x8000009A] -> 0xB7D5
[43] [M]: 0x80000098 (0xB7D5CA37) lui s4, 752988
x20 <- 0xB7D5C000


mem[X,0x8000009C] -> 0x0A13
mem[X,0x8000009E] -> 0xFDDA
[44] [M]: 0x8000009C (0xFDDA0A13) addi s4, s4, 4061
x20 <- 0xB7D5BFDD


mem[X,0x800000A0] -> 0xEAB7
mem[X,0x800000A2] -> 0xDBEA
[45] [M]: 0x800000A0 (0xDBEAEAB7) lui s5, 900782
x21 <- 0xDBEAE000


mem[X,0x800000A4] -> 0x8A93
mem[X,0x800000A6] -> 0xFEEA
[46] [M]: 0x800000A4 (0xFEEA8A93) addi s5, s5, 4078
x21 <- 0xDBEADFEE


mem[X,0x800000A8] -> 0x7B37
mem[X,0x800000AA] -> 0x6DF5
[47] [M]: 0x800000A8 (0x6DF57B37) lui s6, 450391
x22 <- 0x6DF57000


mem[X,0x800000AC] -> 0x0B13
mem[X,0x800000AE] -> 0xFF7B
[48] [M]: 0x800000AC (0xFF7B0B13) addi s6, s6, 4087
x22 <- 0x6DF56FF7


mem[X,0x800000B0] -> 0xBBB7
mem[X,0x800000B2] -> 0xB6FA
[49] [M]: 0x800000B0 (0xB6FABBB7) lui s7, 749483
x23 <- 0xB6FAB000


mem[X,0x800000B4] -> 0x8B93
mem[X,0x800000B6] -> 0x7FBB
[50] [M]: 0x800000B4 (0x7FBB8B93) addi s7, s7, 2043
x23 <- 0xB6FAB7FB


mem[X,0x800000B8] -> 0x6C37
mem[X,0x800000BA] -> 0xDB7D
[51] [M]: 0x800000B8 (0xDB7D6C37) lui s8, 899030
x24 <- 0xDB7D6000


mem[X,0x800000BC] -> 0x0C13
mem[X,0x800000BE] -> 0xBFDC
[52] [M]: 0x800000BC (0xBFDC0C13) addi s8, s8, 3069
x24 <- 0xDB7D5BFD


mem[X,0x800000C0] -> 0xBCB7
mem[X,0x800000C2] -> 0xEDBE
[53] [M]: 0x800000C0 (0xEDBEBCB7) lui s9, 973803
x25 <- 0xEDBEB000


mem[X,0x800000C4] -> 0x8C93
mem[X,0x800000C6] -> 0xDFEC
[54] [M]: 0x800000C4 (0xDFEC8C93) addi s9, s9, 3582
x25 <- 0xEDBEADFE


mem[X,0x800000C8] -> 0x5D37
mem[X,0x800000CA] -> 0x76DF
[55] [M]: 0x800000C8 (0x76DF5D37) lui s10, 486901
x26 <- 0x76DF5000


mem[X,0x800000CC] -> 0x0D13
mem[X,0x800000CE] -> 0x6FFD
[56] [M]: 0x800000CC (0x6FFD0D13) addi s10, s10, 1791
x26 <- 0x76DF56FF


mem[X,0x800000D0] -> 0xBDB7
mem[X,0x800000D2] -> 0xBB6F
[57] [M]: 0x800000D0 (0xBB6FBDB7) lui s11, 767739
x27 <- 0xBB6FB000


mem[X,0x800000D4] -> 0x8D93
mem[X,0x800000D6] -> 0xB7FD
[58] [M]: 0x800000D4 (0xB7FD8D93) addi s11, s11, 2943
x27 <- 0xBB6FAB7F


mem[X,0x800000D8] -> 0xDE37
mem[X,0x800000DA] -> 0xDDB7
[59] [M]: 0x800000D8 (0xDDB7DE37) lui t3, 908157
x28 <- 0xDDB7D000


mem[X,0x800000DC] -> 0x0E13
mem[X,0x800000DE] -> 0x5BFE
[60] [M]: 0x800000DC (0x5BFE0E13) addi t3, t3, 1471
x28 <- 0xDDB7D5BF


mem[X,0x800000E0] -> 0xFEB7
mem[X,0x800000E2] -> 0xEEDB
[61] [M]: 0x800000E0 (0xEEDBFEB7) lui t4, 978367
x29 <- 0xEEDBF000


mem[X,0x800000E4] -> 0x8E93
mem[X,0x800000E6] -> 0xADFE
[62] [M]: 0x800000E4 (0xADFE8E93) addi t4, t4, 2783
x29 <- 0xEEDBEADF


mem[X,0x800000E8] -> 0xFF37
mem[X,0x800000EA] -> 0xF76D
[63] [M]: 0x800000E8 (0xF76DFF37) lui t5, 1013471
x30 <- 0xF76DF000


mem[X,0x800000EC] -> 0x0F13
mem[X,0x800000EE] -> 0x56FF
[64] [M]: 0x800000EC (0x56FF0F13) addi t5, t5, 1391
x30 <- 0xF76DF56F


mem[X,0x800000F0] -> 0x0FB7
mem[X,0x800000F2] -> 0xFBB7
[65] [M]: 0x800000F0 (0xFBB70FB7) lui t6, 1031024
x31 <- 0xFBB70000


mem[X,0x800000F4] -> 0x8F93
mem[X,0x800000F6] -> 0xAB7F
[66] [M]: 0x800000F4 (0xAB7F8F93) addi t6, t6, 2743
x31 <- 0xFBB6FAB7


mem[X,0x800000F8] -> 0x2537
mem[X,0x800000FA] -> 0x0000
[67] [M]: 0x800000F8 (0x00002537) lui a0, 2
x10 <- 0x00002000


mem[X,0x800000FC] -> 0x2073
mem[X,0x800000FE] -> 0x3005
[68] [M]: 0x800000FC (0x30052073) csrrs zero, mstatus, a0
CSR mstatus -> 0x00000000
CSR mstatus <- 0x00002000 (input: 0x00002000)


mem[X,0x80000100] -> 0x5073
mem[X,0x80000102] -> 0x0030
[69] [M]: 0x80000100 (0x00305073) csrrwi zero, fcsr, 0
CSR fcsr -> 0x00000000
CSR fcsr <- 0x00000000 (input: 0x00000000)


mem[X,0x80000104] -> 0x2197
mem[X,0x80000106] -> 0x0000
[70] [M]: 0x80000104 (0x00002197) auipc gp, 2
x3 <- 0x80002104


mem[X,0x80000108] -> 0x8193
mem[X,0x8000010A] -> 0xF0C1
[71] [M]: 0x80000108 (0xF0C18193) addi gp, gp, 3852
x3 <- 0x80002010


mem[X,0x8000010C] -> 0x2097
mem[X,0x8000010E] -> 0x0000
[72] [M]: 0x8000010C (0x00002097) auipc ra, 2
x1 <- 0x8000210C


mem[X,0x80000110] -> 0x8093
mem[X,0x80000112] -> 0x2080
[73] [M]: 0x80000110 (0x20808093) addi ra, ra, 520
x1 <- 0x80002314


mem[X,0x80000114] -> 0xAF07
mem[X,0x80000116] -> 0x0001
[74] [M]: 0x80000114 (0x0001AF07) flw ft10, 0(gp)
mem[R,0x80002010] -> 0x3E4923B8
f30 <- 0xFFFFFFFF3E4923B8


mem[X,0x80000118] -> 0x0113
mem[X,0x8000011A] -> 0x0000
[75] [M]: 0x80000118 (0x00000113) addi sp, zero, 0
x2 <- 0x00000000


mem[X,0x8000011C] -> 0x1073
mem[X,0x8000011E] -> 0x0031
[76] [M]: 0x8000011C (0x00311073) csrrw zero, fcsr, sp
CSR fcsr -> 0x00000000
CSR fcsr <- 0x00000000 (input: 0x00000000)


mem[X,0x80000120] -> 0x7FD3
mem[X,0x80000122] -> 0x440F
[77] [M]: 0x80000120 (0x440F7FD3) fcvt.h.s ft11, ft10, dyn
f31 <- 0xFFFFFFFFFFFF3249


mem[X,0x80000124] -> 0x2273
mem[X,0x80000126] -> 0x0030
[78] [M]: 0x80000124 (0x00302273) csrrs tp, fcsr, zero
CSR fcsr -> 0x00000001
x4 <- 0x00000001


mem[X,0x80000128] -> 0xA027
mem[X,0x8000012A] -> 0x01F0
[79] [M]: 0x80000128 (0x01F0A027) fsw ft11, 0(ra)
mem[0x80002314] <- 0xFFFF3249


mem[X,0x8000012C] -> 0xA223
mem[X,0x8000012E] -> 0x0040
[80] [M]: 0x8000012C (0x0040A223) sw tp, 4(ra)
mem[0x80002318] <- 0x00000001


mem[X,0x80000130] -> 0xAE87
mem[X,0x80000132] -> 0x0041
[81] [M]: 0x80000130 (0x0041AE87) flw ft9, 4(gp)
mem[R,0x80002014] -> 0x3E4923B8
f29 <- 0xFFFFFFFF3E4923B8


mem[X,0x80000134] -> 0x0113
mem[X,0x80000136] -> 0x0200
[82] [M]: 0x80000134 (0x02000113) addi sp, zero, 32
x2 <- 0x00000020


mem[X,0x80000138] -> 0x1073
mem[X,0x8000013A] -> 0x0031
[83] [M]: 0x80000138 (0x00311073) csrrw zero, fcsr, sp
CSR fcsr -> 0x00000001
CSR fcsr <- 0x00000020 (input: 0x00000020)


mem[X,0x8000013C] -> 0xFED3
mem[X,0x8000013E] -> 0x440E
[84] [M]: 0x8000013C (0x440EFED3) fcvt.h.s ft9, ft9, dyn
f29 <- 0xFFFFFFFFFFFF3249


mem[X,0x80000140] -> 0x2273
mem[X,0x80000142] -> 0x0030
[85] [M]: 0x80000140 (0x00302273) csrrs tp, fcsr, zero
CSR fcsr -> 0x00000021
x4 <- 0x00000021


mem[X,0x80000144] -> 0xA427
mem[X,0x80000146] -> 0x01D0
[86] [M]: 0x80000144 (0x01D0A427) fsw ft9, 8(ra)
mem[0x8000231C] <- 0xFFFF3249


mem[X,0x80000148] -> 0xA623
mem[X,0x8000014A] -> 0x0040
[87] [M]: 0x80000148 (0x0040A623) sw tp, 12(ra)
mem[0x80002320] <- 0x00000021


mem[X,0x8000014C] -> 0xAF87
mem[X,0x8000014E] -> 0x0081
[88] [M]: 0x8000014C (0x0081AF87) flw ft11, 8(gp)
mem[R,0x80002018] -> 0x3E4923B8
f31 <- 0xFFFFFFFF3E4923B8


mem[X,0x80000150] -> 0x0113
mem[X,0x80000152] -> 0x0400
[89] [M]: 0x80000150 (0x04000113) addi sp, zero, 64
x2 <- 0x00000040


mem[X,0x80000154] -> 0x1073
mem[X,0x80000156] -> 0x0031
[90] [M]: 0x80000154 (0x00311073) csrrw zero, fcsr, sp
CSR fcsr -> 0x00000021
CSR fcsr <- 0x00000040 (input: 0x00000040)


mem[X,0x80000158] -> 0xFF53
mem[X,0x8000015A] -> 0x440F
[91] [M]: 0x80000158 (0x440FFF53) fcvt.h.s ft10, ft11, dyn
f30 <- 0xFFFFFFFFFFFF3249


mem[X,0x8000015C] -> 0x2273
mem[X,0x8000015E] -> 0x0030
[92] [M]: 0x8000015C (0x00302273) csrrs tp, fcsr, zero
CSR fcsr -> 0x00000041
x4 <- 0x00000041


mem[X,0x80000160] -> 0xA827
mem[X,0x80000162] -> 0x01E0
[93] [M]: 0x80000160 (0x01E0A827) fsw ft10, 16(ra)
mem[0x80002324] <- 0xFFFF3249


mem[X,0x80000164] -> 0xAA23
mem[X,0x80000166] -> 0x0040
[94] [M]: 0x80000164 (0x0040AA23) sw tp, 20(ra)
mem[0x80002328] <- 0x00000041


mem[X,0x80000168] -> 0xAD87
mem[X,0x8000016A] -> 0x00C1
[95] [M]: 0x80000168 (0x00C1AD87) flw fs11, 12(gp)
mem[R,0x8000201C] -> 0x3E4923B8
f27 <- 0xFFFFFFFF3E4923B8


mem[X,0x8000016C] -> 0x0113
mem[X,0x8000016E] -> 0x0600
[96] [M]: 0x8000016C (0x06000113) addi sp, zero, 96
x2 <- 0x00000060


mem[X,0x80000170] -> 0x1073
mem[X,0x80000172] -> 0x0031
[97] [M]: 0x80000170 (0x00311073) csrrw zero, fcsr, sp
CSR fcsr -> 0x00000041
CSR fcsr <- 0x00000060 (input: 0x00000060)


mem[X,0x80000174] -> 0xFE53
mem[X,0x80000176] -> 0x440D
[98] [M]: 0x80000174 (0x440DFE53) fcvt.h.s ft8, fs11, dyn
f28 <- 0xFFFFFFFFFFFF324A


mem[X,0x80000178] -> 0x2273
mem[X,0x8000017A] -> 0x0030
[99] [M]: 0x80000178 (0x00302273) csrrs tp, fcsr, zero
CSR fcsr -> 0x00000061
x4 <- 0x00000061


clint::tick mtime <- 0x0000000000000001
 clint timer pending at mtime 0x0000000000000001
htif::tick 0x0000000000000000
mem[X,0x8000017C] -> 0xAC27
mem[X,0x8000017E] -> 0x01C0
[100] [M]: 0x8000017C (0x01C0AC27) fsw ft8, 24(ra)
mem[0x8000232C] <- 0xFFFF324A


mem[X,0x80000180] -> 0xAE23
mem[X,0x80000182] -> 0x0040
[101] [M]: 0x80000180 (0x0040AE23) sw tp, 28(ra)
mem[0x80002330] <- 0x00000061


mem[X,0x80000184] -> 0xAE07
mem[X,0x80000186] -> 0x0101
[102] [M]: 0x80000184 (0x0101AE07) flw ft8, 16(gp)
mem[R,0x80002020] -> 0x3E4923B8
f28 <- 0xFFFFFFFF3E4923B8


mem[X,0x80000188] -> 0x0113
mem[X,0x8000018A] -> 0x0800
[103] [M]: 0x80000188 (0x08000113) addi sp, zero, 128
x2 <- 0x00000080


mem[X,0x8000018C] -> 0x1073
mem[X,0x8000018E] -> 0x0031
[104] [M]: 0x8000018C (0x00311073) csrrw zero, fcsr, sp
CSR fcsr -> 0x00000061
CSR fcsr <- 0x00000080 (input: 0x00000080)


mem[X,0x80000190] -> 0x7DD3
mem[X,0x80000192] -> 0x440E
[105] [M]: 0x80000190 (0x440E7DD3) fcvt.h.s fs11, ft8, dyn
f27 <- 0xFFFFFFFFFFFF3249


mem[X,0x80000194] -> 0x2273
mem[X,0x80000196] -> 0x0030
[106] [M]: 0x80000194 (0x00302273) csrrs tp, fcsr, zero
CSR fcsr -> 0x00000081
x4 <- 0x00000081


mem[X,0x80000198] -> 0xA027
mem[X,0x8000019A] -> 0x03B0
[107] [M]: 0x80000198 (0x03B0A027) fsw fs11, 32(ra)
mem[0x80002334] <- 0xFFFF3249


mem[X,0x8000019C] -> 0xA223
mem[X,0x8000019E] -> 0x0240
[108] [M]: 0x8000019C (0x0240A223) sw tp, 36(ra)
mem[0x80002338] <- 0x00000081


mem[X,0x800001A0] -> 0xAC87
mem[X,0x800001A2] -> 0x0141
[109] [M]: 0x800001A0 (0x0141AC87) flw fs9, 20(gp)
mem[R,0x80002024] -> 0x3E4923B9
f25 <- 0xFFFFFFFF3E4923B9


mem[X,0x800001A4] -> 0x0113
mem[X,0x800001A6] -> 0x0000
[110] [M]: 0x800001A4 (0x00000113) addi sp, zero, 0
x2 <- 0x00000000


mem[X,0x800001A8] -> 0x1073
mem[X,0x800001AA] -> 0x0031
[111] [M]: 0x800001A8 (0x00311073) csrrw zero, fcsr, sp
CSR fcsr -> 0x00000081
CSR fcsr <- 0x00000000 (input: 0x00000000)


mem[X,0x800001AC] -> 0xFD53
mem[X,0x800001AE] -> 0x440C
[112] [M]: 0x800001AC (0x440CFD53) fcvt.h.s fs10, fs9, dyn
f26 <- 0xFFFFFFFFFFFF3249


mem[X,0x800001B0] -> 0x2273
mem[X,0x800001B2] -> 0x0030
[113] [M]: 0x800001B0 (0x00302273) csrrs tp, fcsr, zero
CSR fcsr -> 0x00000001
x4 <- 0x00000001


mem[X,0x800001B4] -> 0xA427
mem[X,0x800001B6] -> 0x03A0
[114] [M]: 0x800001B4 (0x03A0A427) fsw fs10, 40(ra)
mem[0x8000233C] <- 0xFFFF3249


mem[X,0x800001B8] -> 0xA623
mem[X,0x800001BA] -> 0x0240
[115] [M]: 0x800001B8 (0x0240A623) sw tp, 44(ra)
mem[0x80002340] <- 0x00000001


mem[X,0x800001BC] -> 0xAD07
mem[X,0x800001BE] -> 0x0181
[116] [M]: 0x800001BC (0x0181AD07) flw fs10, 24(gp)
mem[R,0x80002028] -> 0x3E4923B9
f26 <- 0xFFFFFFFF3E4923B9


mem[X,0x800001C0] -> 0x0113
mem[X,0x800001C2] -> 0x0200
[117] [M]: 0x800001C0 (0x02000113) addi sp, zero, 32
x2 <- 0x00000020


mem[X,0x800001C4] -> 0x1073
mem[X,0x800001C6] -> 0x0031
[118] [M]: 0x800001C4 (0x00311073) csrrw zero, fcsr, sp
CSR fcsr -> 0x00000001
CSR fcsr <- 0x00000020 (input: 0x00000020)


mem[X,0x800001C8] -> 0x7CD3
mem[X,0x800001CA] -> 0x440D
[119] [M]: 0x800001C8 (0x440D7CD3) fcvt.h.s fs9, fs10, dyn
f25 <- 0xFFFFFFFFFFFF3249


mem[X,0x800001CC] -> 0x2273
mem[X,0x800001CE] -> 0x0030
[120] [M]: 0x800001CC (0x00302273) csrrs tp, fcsr, zero
CSR fcsr -> 0x00000021
x4 <- 0x00000021


mem[X,0x800001D0] -> 0xA827
mem[X,0x800001D2] -> 0x0390
[121] [M]: 0x800001D0 (0x0390A827) fsw fs9, 48(ra)
mem[0x80002344] <- 0xFFFF3249


mem[X,0x800001D4] -> 0xAA23
mem[X,0x800001D6] -> 0x0240
[122] [M]: 0x800001D4 (0x0240AA23) sw tp, 52(ra)
mem[0x80002348] <- 0x00000021


mem[X,0x800001D8] -> 0xAB87
mem[X,0x800001DA] -> 0x01C1
[123] [M]: 0x800001D8 (0x01C1AB87) flw fs7, 28(gp)
mem[R,0x8000202C] -> 0x3E4923B9
f23 <- 0xFFFFFFFF3E4923B9


mem[X,0x800001DC] -> 0x0113
mem[X,0x800001DE] -> 0x0400
[124] [M]: 0x800001DC (0x04000113) addi sp, zero, 64
x2 <- 0x00000040


mem[X,0x800001E0] -> 0x1073
mem[X,0x800001E2] -> 0x0031
[125] [M]: 0x800001E0 (0x00311073) csrrw zero, fcsr, sp
CSR fcsr -> 0x00000021
CSR fcsr <- 0x00000040 (input: 0x00000040)


mem[X,0x800001E4] -> 0xFC53
mem[X,0x800001E6] -> 0x440B
[126] [M]: 0x800001E4 (0x440BFC53) fcvt.h.s fs8, fs7, dyn
f24 <- 0xFFFFFFFFFFFF3249


mem[X,0x800001E8] -> 0x2273
mem[X,0x800001EA] -> 0x0030
[127] [M]: 0x800001E8 (0x00302273) csrrs tp, fcsr, zero
CSR fcsr -> 0x00000041
x4 <- 0x00000041


mem[X,0x800001EC] -> 0xAC27
mem[X,0x800001EE] -> 0x0380
[128] [M]: 0x800001EC (0x0380AC27) fsw fs8, 56(ra)
mem[0x8000234C] <- 0xFFFF3249


mem[X,0x800001F0] -> 0xAE23
mem[X,0x800001F2] -> 0x0240
[129] [M]: 0x800001F0 (0x0240AE23) sw tp, 60(ra)
mem[0x80002350] <- 0x00000041


mem[X,0x800001F4] -> 0xAC07
mem[X,0x800001F6] -> 0x0201
[130] [M]: 0x800001F4 (0x0201AC07) flw fs8, 32(gp)
mem[R,0x80002030] -> 0x3E4923B9
f24 <- 0xFFFFFFFF3E4923B9


mem[X,0x800001F8] -> 0x0113
mem[X,0x800001FA] -> 0x0600
[131] [M]: 0x800001F8 (0x06000113) addi sp, zero, 96
x2 <- 0x00000060


mem[X,0x800001FC] -> 0x1073
mem[X,0x800001FE] -> 0x0031
[132] [M]: 0x800001FC (0x00311073) csrrw zero, fcsr, sp
CSR fcsr -> 0x00000041
CSR fcsr <- 0x00000060 (input: 0x00000060)


mem[X,0x80000200] -> 0x7BD3
mem[X,0x80000202] -> 0x440C
[133] [M]: 0x80000200 (0x440C7BD3) fcvt.h.s fs7, fs8, dyn
f23 <- 0xFFFFFFFFFFFF324A


mem[X,0x80000204] -> 0x2273
mem[X,0x80000206] -> 0x0030
[134] [M]: 0x80000204 (0x00302273) csrrs tp, fcsr, zero
CSR fcsr -> 0x00000061
x4 <- 0x00000061


mem[X,0x80000208] -> 0xA027
mem[X,0x8000020A] -> 0x0570
[135] [M]: 0x80000208 (0x0570A027) fsw fs7, 64(ra)
mem[0x80002354] <- 0xFFFF324A


mem[X,0x8000020C] -> 0xA223
mem[X,0x8000020E] -> 0x0440
[136] [M]: 0x8000020C (0x0440A223) sw tp, 68(ra)
mem[0x80002358] <- 0x00000061


mem[X,0x80000210] -> 0xAA87
mem[X,0x80000212] -> 0x0241
[137] [M]: 0x80000210 (0x0241AA87) flw fs5, 36(gp)
mem[R,0x80002034] -> 0x3E4923B9
f21 <- 0xFFFFFFFF3E4923B9


mem[X,0x80000214] -> 0x0113
mem[X,0x80000216] -> 0x0800
[138] [M]: 0x80000214 (0x08000113) addi sp, zero, 128
x2 <- 0x00000080


mem[X,0x80000218] -> 0x1073
mem[X,0x8000021A] -> 0x0031
[139] [M]: 0x80000218 (0x00311073) csrrw zero, fcsr, sp
CSR fcsr -> 0x00000061
CSR fcsr <- 0x00000080 (input: 0x00000080)


mem[X,0x8000021C] -> 0xFB53
mem[X,0x8000021E] -> 0x440A
[140] [M]: 0x8000021C (0x440AFB53) fcvt.h.s fs6, fs5, dyn
f22 <- 0xFFFFFFFFFFFF3249


mem[X,0x80000220] -> 0x2273
mem[X,0x80000222] -> 0x0030
[141] [M]: 0x80000220 (0x00302273) csrrs tp, fcsr, zero
CSR fcsr -> 0x00000081
x4 <- 0x00000081


mem[X,0x80000224] -> 0xA427
mem[X,0x80000226] -> 0x0560
[142] [M]: 0x80000224 (0x0560A427) fsw fs6, 72(ra)
mem[0x8000235C] <- 0xFFFF3249


mem[X,0x80000228] -> 0xA623
mem[X,0x8000022A] -> 0x0440
[143] [M]: 0x80000228 (0x0440A623) sw tp, 76(ra)
mem[0x80002360] <- 0x00000081


mem[X,0x8000022C] -> 0xAB07
mem[X,0x8000022E] -> 0x0281
[144] [M]: 0x8000022C (0x0281AB07) flw fs6, 40(gp)
mem[R,0x80002038] -> 0x3E4923BA
f22 <- 0xFFFFFFFF3E4923BA


mem[X,0x80000230] -> 0x0113
mem[X,0x80000232] -> 0x0000
[145] [M]: 0x80000230 (0x00000113) addi sp, zero, 0
x2 <- 0x00000000


mem[X,0x80000234] -> 0x1073
mem[X,0x80000236] -> 0x0031
[146] [M]: 0x80000234 (0x00311073) csrrw zero, fcsr, sp
CSR fcsr -> 0x00000081
CSR fcsr <- 0x00000000 (input: 0x00000000)


mem[X,0x80000238] -> 0x7AD3
mem[X,0x8000023A] -> 0x440B
[147] [M]: 0x80000238 (0x440B7AD3) fcvt.h.s fs5, fs6, dyn
f21 <- 0xFFFFFFFFFFFF3249


mem[X,0x8000023C] -> 0x2273
mem[X,0x8000023E] -> 0x0030
[148] [M]: 0x8000023C (0x00302273) csrrs tp, fcsr, zero
CSR fcsr -> 0x00000001
x4 <- 0x00000001


mem[X,0x80000240] -> 0xA827
mem[X,0x80000242] -> 0x0550
[149] [M]: 0x80000240 (0x0550A827) fsw fs5, 80(ra)
mem[0x80002364] <- 0xFFFF3249


mem[X,0x80000244] -> 0xAA23
mem[X,0x80000246] -> 0x0440
[150] [M]: 0x80000244 (0x0440AA23) sw tp, 84(ra)
mem[0x80002368] <- 0x00000001


mem[X,0x80000248] -> 0xA987
mem[X,0x8000024A] -> 0x02C1
[151] [M]: 0x80000248 (0x02C1A987) flw fs3, 44(gp)
mem[R,0x8000203C] -> 0x3E4923BA
f19 <- 0xFFFFFFFF3E4923BA


mem[X,0x8000024C] -> 0x0113
mem[X,0x8000024E] -> 0x0200
[152] [M]: 0x8000024C (0x02000113) addi sp, zero, 32
x2 <- 0x00000020


mem[X,0x80000250] -> 0x1073
mem[X,0x80000252] -> 0x0031
[153] [M]: 0x80000250 (0x00311073) csrrw zero, fcsr, sp
CSR fcsr -> 0x00000001
CSR fcsr <- 0x00000020 (input: 0x00000020)


mem[X,0x80000254] -> 0xFA53
mem[X,0x80000256] -> 0x4409
[154] [M]: 0x80000254 (0x4409FA53) fcvt.h.s fs4, fs3, dyn
f20 <- 0xFFFFFFFFFFFF3249


mem[X,0x80000258] -> 0x2273
mem[X,0x8000025A] -> 0x0030
[155] [M]: 0x80000258 (0x00302273) csrrs tp, fcsr, zero
CSR fcsr -> 0x00000021
x4 <- 0x00000021


mem[X,0x8000025C] -> 0xAC27
mem[X,0x8000025E] -> 0x0540
[156] [M]: 0x8000025C (0x0540AC27) fsw fs4, 88(ra)
mem[0x8000236C] <- 0xFFFF3249


mem[X,0x80000260] -> 0xAE23
mem[X,0x80000262] -> 0x0440
[157] [M]: 0x80000260 (0x0440AE23) sw tp, 92(ra)
mem[0x80002370] <- 0x00000021


mem[X,0x80000264] -> 0xAA07
mem[X,0x80000266] -> 0x0301
[158] [M]: 0x80000264 (0x0301AA07) flw fs4, 48(gp)
mem[R,0x80002040] -> 0x3E4923BA
f20 <- 0xFFFFFFFF3E4923BA


mem[X,0x80000268] -> 0x0113
mem[X,0x8000026A] -> 0x0400
[159] [M]: 0x80000268 (0x04000113) addi sp, zero, 64
x2 <- 0x00000040


mem[X,0x8000026C] -> 0x1073
mem[X,0x8000026E] -> 0x0031
[160] [M]: 0x8000026C (0x00311073) csrrw zero, fcsr, sp
CSR fcsr -> 0x00000021
CSR fcsr <- 0x00000040 (input: 0x00000040)


mem[X,0x80000270] -> 0x79D3
mem[X,0x80000272] -> 0x440A
[161] [M]: 0x80000270 (0x440A79D3) fcvt.h.s fs3, fs4, dyn
f19 <- 0xFFFFFFFFFFFF3249


mem[X,0x80000274] -> 0x2273
mem[X,0x80000276] -> 0x0030
[162] [M]: 0x80000274 (0x00302273) csrrs tp, fcsr, zero
CSR fcsr -> 0x00000041
x4 <- 0x00000041


mem[X,0x80000278] -> 0xA027
mem[X,0x8000027A] -> 0x0730
[163] [M]: 0x80000278 (0x0730A027) fsw fs3, 96(ra)
mem[0x80002374] <- 0xFFFF3249


mem[X,0x8000027C] -> 0xA223
mem[X,0x8000027E] -> 0x0640
[164] [M]: 0x8000027C (0x0640A223) sw tp, 100(ra)
mem[0x80002378] <- 0x00000041


mem[X,0x80000280] -> 0xA887
mem[X,0x80000282] -> 0x0341
[165] [M]: 0x80000280 (0x0341A887) flw fa7, 52(gp)
mem[R,0x80002044] -> 0x3E4923BA
f17 <- 0xFFFFFFFF3E4923BA


mem[X,0x80000284] -> 0x0113
mem[X,0x80000286] -> 0x0600
[166] [M]: 0x80000284 (0x06000113) addi sp, zero, 96
x2 <- 0x00000060


mem[X,0x80000288] -> 0x1073
mem[X,0x8000028A] -> 0x0031
[167] [M]: 0x80000288 (0x00311073) csrrw zero, fcsr, sp
CSR fcsr -> 0x00000041
CSR fcsr <- 0x00000060 (input: 0x00000060)


mem[X,0x8000028C] -> 0xF953
mem[X,0x8000028E] -> 0x4408
[168] [M]: 0x8000028C (0x4408F953) fcvt.h.s fs2, fa7, dyn
f18 <- 0xFFFFFFFFFFFF324A


mem[X,0x80000290] -> 0x2273
mem[X,0x80000292] -> 0x0030
[169] [M]: 0x80000290 (0x00302273) csrrs tp, fcsr, zero
CSR fcsr -> 0x00000061
x4 <- 0x00000061


mem[X,0x80000294] -> 0xA427
mem[X,0x80000296] -> 0x0720
[170] [M]: 0x80000294 (0x0720A427) fsw fs2, 104(ra)
mem[0x8000237C] <- 0xFFFF324A


mem[X,0x80000298] -> 0xA623
mem[X,0x8000029A] -> 0x0640
[171] [M]: 0x80000298 (0x0640A623) sw tp, 108(ra)
mem[0x80002380] <- 0x00000061


mem[X,0x8000029C] -> 0xA907
mem[X,0x8000029E] -> 0x0381
[172] [M]: 0x8000029C (0x0381A907) flw fs2, 56(gp)
mem[R,0x80002048] -> 0x3E4923BA
f18 <- 0xFFFFFFFF3E4923BA


mem[X,0x800002A0] -> 0x0113
mem[X,0x800002A2] -> 0x0800
[173] [M]: 0x800002A0 (0x08000113) addi sp, zero, 128
x2 <- 0x00000080


mem[X,0x800002A4] -> 0x1073
mem[X,0x800002A6] -> 0x0031
[174] [M]: 0x800002A4 (0x00311073) csrrw zero, fcsr, sp
CSR fcsr -> 0x00000061
CSR fcsr <- 0x00000080 (input: 0x00000080)


mem[X,0x800002A8] -> 0x78D3
mem[X,0x800002AA] -> 0x4409
[175] [M]: 0x800002A8 (0x440978D3) fcvt.h.s fa7, fs2, dyn
f17 <- 0xFFFFFFFFFFFF3249


mem[X,0x800002AC] -> 0x2273
mem[X,0x800002AE] -> 0x0030
[176] [M]: 0x800002AC (0x00302273) csrrs tp, fcsr, zero
CSR fcsr -> 0x00000081
x4 <- 0x00000081


mem[X,0x800002B0] -> 0xA827
mem[X,0x800002B2] -> 0x0710
[177] [M]: 0x800002B0 (0x0710A827) fsw fa7, 112(ra)
mem[0x80002384] <- 0xFFFF3249


mem[X,0x800002B4] -> 0xAA23
mem[X,0x800002B6] -> 0x0640
[178] [M]: 0x800002B4 (0x0640AA23) sw tp, 116(ra)
mem[0x80002388] <- 0x00000081


mem[X,0x800002B8] -> 0xA787
mem[X,0x800002BA] -> 0x03C1
[179] [M]: 0x800002B8 (0x03C1A787) flw fa5, 60(gp)
mem[R,0x8000204C] -> 0x3E4923BB
f15 <- 0xFFFFFFFF3E4923BB


mem[X,0x800002BC] -> 0x0113
mem[X,0x800002BE] -> 0x0000
[180] [M]: 0x800002BC (0x00000113) addi sp, zero, 0
x2 <- 0x00000000


mem[X,0x800002C0] -> 0x1073
mem[X,0x800002C2] -> 0x0031
[181] [M]: 0x800002C0 (0x00311073) csrrw zero, fcsr, sp
CSR fcsr -> 0x00000081
CSR fcsr <- 0x00000000 (input: 0x00000000)


mem[X,0x800002C4] -> 0xF853
mem[X,0x800002C6] -> 0x4407
[182] [M]: 0x800002C4 (0x4407F853) fcvt.h.s fa6, fa5, dyn
f16 <- 0xFFFFFFFFFFFF3249


mem[X,0x800002C8] -> 0x2273
mem[X,0x800002CA] -> 0x0030
[183] [M]: 0x800002C8 (0x00302273) csrrs tp, fcsr, zero
CSR fcsr -> 0x00000001
x4 <- 0x00000001


mem[X,0x800002CC] -> 0xAC27
mem[X,0x800002CE] -> 0x0700
[184] [M]: 0x800002CC (0x0700AC27) fsw fa6, 120(ra)
mem[0x8000238C] <- 0xFFFF3249


mem[X,0x800002D0] -> 0xAE23
mem[X,0x800002D2] -> 0x0640
[185] [M]: 0x800002D0 (0x0640AE23) sw tp, 124(ra)
mem[0x80002390] <- 0x00000001


mem[X,0x800002D4] -> 0xA807
mem[X,0x800002D6] -> 0x0401
[186] [M]: 0x800002D4 (0x0401A807) flw fa6, 64(gp)
mem[R,0x80002050] -> 0x3E4923BB
f16 <- 0xFFFFFFFF3E4923BB


mem[X,0x800002D8] -> 0x0113
mem[X,0x800002DA] -> 0x0200
[187] [M]: 0x800002D8 (0x02000113) addi sp, zero, 32
x2 <- 0x00000020


mem[X,0x800002DC] -> 0x1073
mem[X,0x800002DE] -> 0x0031
[188] [M]: 0x800002DC (0x00311073) csrrw zero, fcsr, sp
CSR fcsr -> 0x00000001
CSR fcsr <- 0x00000020 (input: 0x00000020)


mem[X,0x800002E0] -> 0x77D3
mem[X,0x800002E2] -> 0x4408
[189] [M]: 0x800002E0 (0x440877D3) fcvt.h.s fa5, fa6, dyn
f15 <- 0xFFFFFFFFFFFF3249


mem[X,0x800002E4] -> 0x2273
mem[X,0x800002E6] -> 0x0030
[190] [M]: 0x800002E4 (0x00302273) csrrs tp, fcsr, zero
CSR fcsr -> 0x00000021
x4 <- 0x00000021


mem[X,0x800002E8] -> 0xA027
mem[X,0x800002EA] -> 0x08F0
[191] [M]: 0x800002E8 (0x08F0A027) fsw fa5, 128(ra)
mem[0x80002394] <- 0xFFFF3249


mem[X,0x800002EC] -> 0xA223
mem[X,0x800002EE] -> 0x0840
[192] [M]: 0x800002EC (0x0840A223) sw tp, 132(ra)
mem[0x80002398] <- 0x00000021


mem[X,0x800002F0] -> 0xA687
mem[X,0x800002F2] -> 0x0441
[193] [M]: 0x800002F0 (0x0441A687) flw fa3, 68(gp)
mem[R,0x80002054] -> 0x3E4923BB
f13 <- 0xFFFFFFFF3E4923BB


mem[X,0x800002F4] -> 0x0113
mem[X,0x800002F6] -> 0x0400
[194] [M]: 0x800002F4 (0x04000113) addi sp, zero, 64
x2 <- 0x00000040


mem[X,0x800002F8] -> 0x1073
mem[X,0x800002FA] -> 0x0031
[195] [M]: 0x800002F8 (0x00311073) csrrw zero, fcsr, sp
CSR fcsr -> 0x00000021
CSR fcsr <- 0x00000040 (input: 0x00000040)


mem[X,0x800002FC] -> 0xF753
mem[X,0x800002FE] -> 0x4406
[196] [M]: 0x800002FC (0x4406F753) fcvt.h.s fa4, fa3, dyn
f14 <- 0xFFFFFFFFFFFF3249


mem[X,0x80000300] -> 0x2273
mem[X,0x80000302] -> 0x0030
[197] [M]: 0x80000300 (0x00302273) csrrs tp, fcsr, zero
CSR fcsr -> 0x00000041
x4 <- 0x00000041


mem[X,0x80000304] -> 0xA427
mem[X,0x80000306] -> 0x08E0
[198] [M]: 0x80000304 (0x08E0A427) fsw fa4, 136(ra)
mem[0x8000239C] <- 0xFFFF3249


mem[X,0x80000308] -> 0xA623
mem[X,0x8000030A] -> 0x0840
[199] [M]: 0x80000308 (0x0840A623) sw tp, 140(ra)
mem[0x800023A0] <- 0x00000041


clint::tick mtime <- 0x0000000000000002
 clint timer pending at mtime 0x0000000000000002
htif::tick 0x0000000000000000
mem[X,0x8000030C] -> 0xA707
mem[X,0x8000030E] -> 0x0481
[200] [M]: 0x8000030C (0x0481A707) flw fa4, 72(gp)
mem[R,0x80002058] -> 0x3E4923BB
f14 <- 0xFFFFFFFF3E4923BB


mem[X,0x80000310] -> 0x0113
mem[X,0x80000312] -> 0x0600
[201] [M]: 0x80000310 (0x06000113) addi sp, zero, 96
x2 <- 0x00000060


mem[X,0x80000314] -> 0x1073
mem[X,0x80000316] -> 0x0031
[202] [M]: 0x80000314 (0x00311073) csrrw zero, fcsr, sp
CSR fcsr -> 0x00000041
CSR fcsr <- 0x00000060 (input: 0x00000060)


mem[X,0x80000318] -> 0x76D3
mem[X,0x8000031A] -> 0x4407
[203] [M]: 0x80000318 (0x440776D3) fcvt.h.s fa3, fa4, dyn
f13 <- 0xFFFFFFFFFFFF324A


mem[X,0x8000031C] -> 0x2273
mem[X,0x8000031E] -> 0x0030
[204] [M]: 0x8000031C (0x00302273) csrrs tp, fcsr, zero
CSR fcsr -> 0x00000061
x4 <- 0x00000061


mem[X,0x80000320] -> 0xA827
mem[X,0x80000322] -> 0x08D0
[205] [M]: 0x80000320 (0x08D0A827) fsw fa3, 144(ra)
mem[0x800023A4] <- 0xFFFF324A


mem[X,0x80000324] -> 0xAA23
mem[X,0x80000326] -> 0x0840
[206] [M]: 0x80000324 (0x0840AA23) sw tp, 148(ra)
mem[0x800023A8] <- 0x00000061


mem[X,0x80000328] -> 0xA587
mem[X,0x8000032A] -> 0x04C1
[207] [M]: 0x80000328 (0x04C1A587) flw fa1, 76(gp)
mem[R,0x8000205C] -> 0x3E4923BB
f11 <- 0xFFFFFFFF3E4923BB


mem[X,0x8000032C] -> 0x0113
mem[X,0x8000032E] -> 0x0800
[208] [M]: 0x8000032C (0x08000113) addi sp, zero, 128
x2 <- 0x00000080


mem[X,0x80000330] -> 0x1073
mem[X,0x80000332] -> 0x0031
[209] [M]: 0x80000330 (0x00311073) csrrw zero, fcsr, sp
CSR fcsr -> 0x00000061
CSR fcsr <- 0x00000080 (input: 0x00000080)


mem[X,0x80000334] -> 0xF653
mem[X,0x80000336] -> 0x4405
[210] [M]: 0x80000334 (0x4405F653) fcvt.h.s fa2, fa1, dyn
f12 <- 0xFFFFFFFFFFFF3249


mem[X,0x80000338] -> 0x2273
mem[X,0x8000033A] -> 0x0030
[211] [M]: 0x80000338 (0x00302273) csrrs tp, fcsr, zero
CSR fcsr -> 0x00000081
x4 <- 0x00000081


mem[X,0x8000033C] -> 0xAC27
mem[X,0x8000033E] -> 0x08C0
[212] [M]: 0x8000033C (0x08C0AC27) fsw fa2, 152(ra)
mem[0x800023AC] <- 0xFFFF3249


mem[X,0x80000340] -> 0xAE23
mem[X,0x80000342] -> 0x0840
[213] [M]: 0x80000340 (0x0840AE23) sw tp, 156(ra)
mem[0x800023B0] <- 0x00000081


mem[X,0x80000344] -> 0xA607
mem[X,0x80000346] -> 0x0501
[214] [M]: 0x80000344 (0x0501A607) flw fa2, 80(gp)
mem[R,0x80002060] -> 0x3E4923BC
f12 <- 0xFFFFFFFF3E4923BC


mem[X,0x80000348] -> 0x0113
mem[X,0x8000034A] -> 0x0000
[215] [M]: 0x80000348 (0x00000113) addi sp, zero, 0
x2 <- 0x00000000


mem[X,0x8000034C] -> 0x1073
mem[X,0x8000034E] -> 0x0031
[216] [M]: 0x8000034C (0x00311073) csrrw zero, fcsr, sp
CSR fcsr -> 0x00000081
CSR fcsr <- 0x00000000 (input: 0x00000000)


mem[X,0x80000350] -> 0x75D3
mem[X,0x80000352] -> 0x4406
[217] [M]: 0x80000350 (0x440675D3) fcvt.h.s fa1, fa2, dyn
f11 <- 0xFFFFFFFFFFFF3249


mem[X,0x80000354] -> 0x2273
mem[X,0x80000356] -> 0x0030
[218] [M]: 0x80000354 (0x00302273) csrrs tp, fcsr, zero
CSR fcsr -> 0x00000001
x4 <- 0x00000001


mem[X,0x80000358] -> 0xA027
mem[X,0x8000035A] -> 0x0AB0
[219] [M]: 0x80000358 (0x0AB0A027) fsw fa1, 160(ra)
mem[0x800023B4] <- 0xFFFF3249


mem[X,0x8000035C] -> 0xA223
mem[X,0x8000035E] -> 0x0A40
[220] [M]: 0x8000035C (0x0A40A223) sw tp, 164(ra)
mem[0x800023B8] <- 0x00000001


mem[X,0x80000360] -> 0xA487
mem[X,0x80000362] -> 0x0541
[221] [M]: 0x80000360 (0x0541A487) flw fs1, 84(gp)
mem[R,0x80002064] -> 0x3E4923BC
f9 <- 0xFFFFFFFF3E4923BC


mem[X,0x80000364] -> 0x0113
mem[X,0x80000366] -> 0x0200
[222] [M]: 0x80000364 (0x02000113) addi sp, zero, 32
x2 <- 0x00000020


mem[X,0x80000368] -> 0x1073
mem[X,0x8000036A] -> 0x0031
[223] [M]: 0x80000368 (0x00311073) csrrw zero, fcsr, sp
CSR fcsr -> 0x00000001
CSR fcsr <- 0x00000020 (input: 0x00000020)


mem[X,0x8000036C] -> 0xF553
mem[X,0x8000036E] -> 0x4404
[224] [M]: 0x8000036C (0x4404F553) fcvt.h.s fa0, fs1, dyn
f10 <- 0xFFFFFFFFFFFF3249


mem[X,0x80000370] -> 0x2273
mem[X,0x80000372] -> 0x0030
[225] [M]: 0x80000370 (0x00302273) csrrs tp, fcsr, zero
CSR fcsr -> 0x00000021
x4 <- 0x00000021


mem[X,0x80000374] -> 0xA427
mem[X,0x80000376] -> 0x0AA0
[226] [M]: 0x80000374 (0x0AA0A427) fsw fa0, 168(ra)
mem[0x800023BC] <- 0xFFFF3249


mem[X,0x80000378] -> 0xA623
mem[X,0x8000037A] -> 0x0A40
[227] [M]: 0x80000378 (0x0A40A623) sw tp, 172(ra)
mem[0x800023C0] <- 0x00000021


mem[X,0x8000037C] -> 0xA507
mem[X,0x8000037E] -> 0x0581
[228] [M]: 0x8000037C (0x0581A507) flw fa0, 88(gp)
mem[R,0x80002068] -> 0x3E4923BC
f10 <- 0xFFFFFFFF3E4923BC


mem[X,0x80000380] -> 0x0113
mem[X,0x80000382] -> 0x0400
[229] [M]: 0x80000380 (0x04000113) addi sp, zero, 64
x2 <- 0x00000040


mem[X,0x80000384] -> 0x1073
mem[X,0x80000386] -> 0x0031
[230] [M]: 0x80000384 (0x00311073) csrrw zero, fcsr, sp
CSR fcsr -> 0x00000021
CSR fcsr <- 0x00000040 (input: 0x00000040)


mem[X,0x80000388] -> 0x74D3
mem[X,0x8000038A] -> 0x4405
[231] [M]: 0x80000388 (0x440574D3) fcvt.h.s fs1, fa0, dyn
f9 <- 0xFFFFFFFFFFFF3249


mem[X,0x8000038C] -> 0x2273
mem[X,0x8000038E] -> 0x0030
[232] [M]: 0x8000038C (0x00302273) csrrs tp, fcsr, zero
CSR fcsr -> 0x00000041
x4 <- 0x00000041


mem[X,0x80000390] -> 0xA827
mem[X,0x80000392] -> 0x0A90
[233] [M]: 0x80000390 (0x0A90A827) fsw fs1, 176(ra)
mem[0x800023C4] <- 0xFFFF3249


mem[X,0x80000394] -> 0xAA23
mem[X,0x80000396] -> 0x0A40
[234] [M]: 0x80000394 (0x0A40AA23) sw tp, 180(ra)
mem[0x800023C8] <- 0x00000041


mem[X,0x80000398] -> 0xA387
mem[X,0x8000039A] -> 0x05C1
[235] [M]: 0x80000398 (0x05C1A387) flw ft7, 92(gp)
mem[R,0x8000206C] -> 0x3E4923BC
f7 <- 0xFFFFFFFF3E4923BC


mem[X,0x8000039C] -> 0x0113
mem[X,0x8000039E] -> 0x0600
[236] [M]: 0x8000039C (0x06000113) addi sp, zero, 96
x2 <- 0x00000060


mem[X,0x800003A0] -> 0x1073
mem[X,0x800003A2] -> 0x0031
[237] [M]: 0x800003A0 (0x00311073) csrrw zero, fcsr, sp
CSR fcsr -> 0x00000041
CSR fcsr <- 0x00000060 (input: 0x00000060)


mem[X,0x800003A4] -> 0xF453
mem[X,0x800003A6] -> 0x4403
[238] [M]: 0x800003A4 (0x4403F453) fcvt.h.s fs0, ft7, dyn
f8 <- 0xFFFFFFFFFFFF324A


mem[X,0x800003A8] -> 0x2273
mem[X,0x800003AA] -> 0x0030
[239] [M]: 0x800003A8 (0x00302273) csrrs tp, fcsr, zero
CSR fcsr -> 0x00000061
x4 <- 0x00000061


mem[X,0x800003AC] -> 0xAC27
mem[X,0x800003AE] -> 0x0A80
[240] [M]: 0x800003AC (0x0A80AC27) fsw fs0, 184(ra)
mem[0x800023CC] <- 0xFFFF324A


mem[X,0x800003B0] -> 0xAE23
mem[X,0x800003B2] -> 0x0A40
[241] [M]: 0x800003B0 (0x0A40AE23) sw tp, 188(ra)
mem[0x800023D0] <- 0x00000061


mem[X,0x800003B4] -> 0xA407
mem[X,0x800003B6] -> 0x0601
[242] [M]: 0x800003B4 (0x0601A407) flw fs0, 96(gp)
mem[R,0x80002070] -> 0x3E4923BC
f8 <- 0xFFFFFFFF3E4923BC


mem[X,0x800003B8] -> 0x0113
mem[X,0x800003BA] -> 0x0800
[243] [M]: 0x800003B8 (0x08000113) addi sp, zero, 128
x2 <- 0x00000080


mem[X,0x800003BC] -> 0x1073
mem[X,0x800003BE] -> 0x0031
[244] [M]: 0x800003BC (0x00311073) csrrw zero, fcsr, sp
CSR fcsr -> 0x00000061
CSR fcsr <- 0x00000080 (input: 0x00000080)


mem[X,0x800003C0] -> 0x73D3
mem[X,0x800003C2] -> 0x4404
[245] [M]: 0x800003C0 (0x440473D3) fcvt.h.s ft7, fs0, dyn
f7 <- 0xFFFFFFFFFFFF3249


mem[X,0x800003C4] -> 0x2273
mem[X,0x800003C6] -> 0x0030
[246] [M]: 0x800003C4 (0x00302273) csrrs tp, fcsr, zero
CSR fcsr -> 0x00000081
x4 <- 0x00000081


mem[X,0x800003C8] -> 0xA027
mem[X,0x800003CA] -> 0x0C70
[247] [M]: 0x800003C8 (0x0C70A027) fsw ft7, 192(ra)
mem[0x800023D4] <- 0xFFFF3249


mem[X,0x800003CC] -> 0xA223
mem[X,0x800003CE] -> 0x0C40
[248] [M]: 0x800003CC (0x0C40A223) sw tp, 196(ra)
mem[0x800023D8] <- 0x00000081


mem[X,0x800003D0] -> 0xA287
mem[X,0x800003D2] -> 0x0641
[249] [M]: 0x800003D0 (0x0641A287) flw ft5, 100(gp)
mem[R,0x80002074] -> 0x3E4923BD
f5 <- 0xFFFFFFFF3E4923BD


mem[X,0x800003D4] -> 0x0113
mem[X,0x800003D6] -> 0x0000
[250] [M]: 0x800003D4 (0x00000113) addi sp, zero, 0
x2 <- 0x00000000


mem[X,0x800003D8] -> 0x1073
mem[X,0x800003DA] -> 0x0031
[251] [M]: 0x800003D8 (0x00311073) csrrw zero, fcsr, sp
CSR fcsr -> 0x00000081
CSR fcsr <- 0x00000000 (input: 0x00000000)


mem[X,0x800003DC] -> 0xF353
mem[X,0x800003DE] -> 0x4402
[252] [M]: 0x800003DC (0x4402F353) fcvt.h.s ft6, ft5, dyn
f6 <- 0xFFFFFFFFFFFF3249


mem[X,0x800003E0] -> 0x2273
mem[X,0x800003E2] -> 0x0030
[253] [M]: 0x800003E0 (0x00302273) csrrs tp, fcsr, zero
CSR fcsr -> 0x00000001
x4 <- 0x00000001


mem[X,0x800003E4] -> 0xA427
mem[X,0x800003E6] -> 0x0C60
[254] [M]: 0x800003E4 (0x0C60A427) fsw ft6, 200(ra)
mem[0x800023DC] <- 0xFFFF3249


mem[X,0x800003E8] -> 0xA623
mem[X,0x800003EA] -> 0x0C40
[255] [M]: 0x800003E8 (0x0C40A623) sw tp, 204(ra)
mem[0x800023E0] <- 0x00000001


mem[X,0x800003EC] -> 0xA307
mem[X,0x800003EE] -> 0x0681
[256] [M]: 0x800003EC (0x0681A307) flw ft6, 104(gp)
mem[R,0x80002078] -> 0x3E4923BD
f6 <- 0xFFFFFFFF3E4923BD


mem[X,0x800003F0] -> 0x0113
mem[X,0x800003F2] -> 0x0200
[257] [M]: 0x800003F0 (0x02000113) addi sp, zero, 32
x2 <- 0x00000020


mem[X,0x800003F4] -> 0x1073
mem[X,0x800003F6] -> 0x0031
[258] [M]: 0x800003F4 (0x00311073) csrrw zero, fcsr, sp
CSR fcsr -> 0x00000001
CSR fcsr <- 0x00000020 (input: 0x00000020)


mem[X,0x800003F8] -> 0x72D3
mem[X,0x800003FA] -> 0x4403
[259] [M]: 0x800003F8 (0x440372D3) fcvt.h.s ft5, ft6, dyn
f5 <- 0xFFFFFFFFFFFF3249


mem[X,0x800003FC] -> 0x2273
mem[X,0x800003FE] -> 0x0030
[260] [M]: 0x800003FC (0x00302273) csrrs tp, fcsr, zero
CSR fcsr -> 0x00000021
x4 <- 0x00000021


mem[X,0x80000400] -> 0xA827
mem[X,0x80000402] -> 0x0C50
[261] [M]: 0x80000400 (0x0C50A827) fsw ft5, 208(ra)
mem[0x800023E4] <- 0xFFFF3249


mem[X,0x80000404] -> 0xAA23
mem[X,0x80000406] -> 0x0C40
[262] [M]: 0x80000404 (0x0C40AA23) sw tp, 212(ra)
mem[0x800023E8] <- 0x00000021


mem[X,0x80000408] -> 0xA187
mem[X,0x8000040A] -> 0x06C1
[263] [M]: 0x80000408 (0x06C1A187) flw ft3, 108(gp)
mem[R,0x8000207C] -> 0x3E4923BD
f3 <- 0xFFFFFFFF3E4923BD


mem[X,0x8000040C] -> 0x0113
mem[X,0x8000040E] -> 0x0400
[264] [M]: 0x8000040C (0x04000113) addi sp, zero, 64
x2 <- 0x00000040


mem[X,0x80000410] -> 0x1073
mem[X,0x80000412] -> 0x0031
[265] [M]: 0x80000410 (0x00311073) csrrw zero, fcsr, sp
CSR fcsr -> 0x00000021
CSR fcsr <- 0x00000040 (input: 0x00000040)


mem[X,0x80000414] -> 0xF253
mem[X,0x80000416] -> 0x4401
[266] [M]: 0x80000414 (0x4401F253) fcvt.h.s ft4, ft3, dyn
f4 <- 0xFFFFFFFFFFFF3249


mem[X,0x80000418] -> 0x2273
mem[X,0x8000041A] -> 0x0030
[267] [M]: 0x80000418 (0x00302273) csrrs tp, fcsr, zero
CSR fcsr -> 0x00000041
x4 <- 0x00000041


mem[X,0x8000041C] -> 0xAC27
mem[X,0x8000041E] -> 0x0C40
[268] [M]: 0x8000041C (0x0C40AC27) fsw ft4, 216(ra)
mem[0x800023EC] <- 0xFFFF3249


mem[X,0x80000420] -> 0xAE23
mem[X,0x80000422] -> 0x0C40
[269] [M]: 0x80000420 (0x0C40AE23) sw tp, 220(ra)
mem[0x800023F0] <- 0x00000041


mem[X,0x80000424] -> 0xA207
mem[X,0x80000426] -> 0x0701
[270] [M]: 0x80000424 (0x0701A207) flw ft4, 112(gp)
mem[R,0x80002080] -> 0x3E4923BD
f4 <- 0xFFFFFFFF3E4923BD


mem[X,0x80000428] -> 0x0113
mem[X,0x8000042A] -> 0x0600
[271] [M]: 0x80000428 (0x06000113) addi sp, zero, 96
x2 <- 0x00000060


mem[X,0x8000042C] -> 0x1073
mem[X,0x8000042E] -> 0x0031
[272] [M]: 0x8000042C (0x00311073) csrrw zero, fcsr, sp
CSR fcsr -> 0x00000041
CSR fcsr <- 0x00000060 (input: 0x00000060)


mem[X,0x80000430] -> 0x71D3
mem[X,0x80000432] -> 0x4402
[273] [M]: 0x80000430 (0x440271D3) fcvt.h.s ft3, ft4, dyn
f3 <- 0xFFFFFFFFFFFF324A


mem[X,0x80000434] -> 0x2273
mem[X,0x80000436] -> 0x0030
[274] [M]: 0x80000434 (0x00302273) csrrs tp, fcsr, zero
CSR fcsr -> 0x00000061
x4 <- 0x00000061


mem[X,0x80000438] -> 0xA027
mem[X,0x8000043A] -> 0x0E30
[275] [M]: 0x80000438 (0x0E30A027) fsw ft3, 224(ra)
mem[0x800023F4] <- 0xFFFF324A


mem[X,0x8000043C] -> 0xA223
mem[X,0x8000043E] -> 0x0E40
[276] [M]: 0x8000043C (0x0E40A223) sw tp, 228(ra)
mem[0x800023F8] <- 0x00000061


mem[X,0x80000440] -> 0xA087
mem[X,0x80000442] -> 0x0741
[277] [M]: 0x80000440 (0x0741A087) flw ft1, 116(gp)
mem[R,0x80002084] -> 0x3E4923BD
f1 <- 0xFFFFFFFF3E4923BD


mem[X,0x80000444] -> 0x0113
mem[X,0x80000446] -> 0x0800
[278] [M]: 0x80000444 (0x08000113) addi sp, zero, 128
x2 <- 0x00000080


mem[X,0x80000448] -> 0x1073
mem[X,0x8000044A] -> 0x0031
[279] [M]: 0x80000448 (0x00311073) csrrw zero, fcsr, sp
CSR fcsr -> 0x00000061
CSR fcsr <- 0x00000080 (input: 0x00000080)


mem[X,0x8000044C] -> 0xF153
mem[X,0x8000044E] -> 0x4400
[280] [M]: 0x8000044C (0x4400F153) fcvt.h.s ft2, ft1, dyn
f2 <- 0xFFFFFFFFFFFF3249


mem[X,0x80000450] -> 0x2273
mem[X,0x80000452] -> 0x0030
[281] [M]: 0x80000450 (0x00302273) csrrs tp, fcsr, zero
CSR fcsr -> 0x00000081
x4 <- 0x00000081


mem[X,0x80000454] -> 0xA427
mem[X,0x80000456] -> 0x0E20
[282] [M]: 0x80000454 (0x0E20A427) fsw ft2, 232(ra)
mem[0x800023FC] <- 0xFFFF3249


mem[X,0x80000458] -> 0xA623
mem[X,0x8000045A] -> 0x0E40
[283] [M]: 0x80000458 (0x0E40A623) sw tp, 236(ra)
mem[0x80002400] <- 0x00000081


mem[X,0x8000045C] -> 0xA107
mem[X,0x8000045E] -> 0x0781
[284] [M]: 0x8000045C (0x0781A107) flw ft2, 120(gp)
mem[R,0x80002088] -> 0x3E4923BE
f2 <- 0xFFFFFFFF3E4923BE


mem[X,0x80000460] -> 0x0113
mem[X,0x80000462] -> 0x0000
[285] [M]: 0x80000460 (0x00000113) addi sp, zero, 0
x2 <- 0x00000000


mem[X,0x80000464] -> 0x1073
mem[X,0x80000466] -> 0x0031
[286] [M]: 0x80000464 (0x00311073) csrrw zero, fcsr, sp
CSR fcsr -> 0x00000081
CSR fcsr <- 0x00000000 (input: 0x00000000)


mem[X,0x80000468] -> 0x70D3
mem[X,0x8000046A] -> 0x4401
[287] [M]: 0x80000468 (0x440170D3) fcvt.h.s ft1, ft2, dyn
f1 <- 0xFFFFFFFFFFFF3249


mem[X,0x8000046C] -> 0x2273
mem[X,0x8000046E] -> 0x0030
[288] [M]: 0x8000046C (0x00302273) csrrs tp, fcsr, zero
CSR fcsr -> 0x00000001
x4 <- 0x00000001


mem[X,0x80000470] -> 0xA827
mem[X,0x80000472] -> 0x0E10
[289] [M]: 0x80000470 (0x0E10A827) fsw ft1, 240(ra)
mem[0x80002404] <- 0xFFFF3249


mem[X,0x80000474] -> 0xAA23
mem[X,0x80000476] -> 0x0E40
[290] [M]: 0x80000474 (0x0E40AA23) sw tp, 244(ra)
mem[0x80002408] <- 0x00000001


mem[X,0x80000478] -> 0xA007
mem[X,0x8000047A] -> 0x07C1
[291] [M]: 0x80000478 (0x07C1A007) flw ft0, 124(gp)
mem[R,0x8000208C] -> 0x3E4923BE
f0 <- 0xFFFFFFFF3E4923BE


mem[X,0x8000047C] -> 0x0113
mem[X,0x8000047E] -> 0x0200
[292] [M]: 0x8000047C (0x02000113) addi sp, zero, 32
x2 <- 0x00000020


mem[X,0x80000480] -> 0x1073
mem[X,0x80000482] -> 0x0031
[293] [M]: 0x80000480 (0x00311073) csrrw zero, fcsr, sp
CSR fcsr -> 0x00000001
CSR fcsr <- 0x00000020 (input: 0x00000020)


mem[X,0x80000484] -> 0x7FD3
mem[X,0x80000486] -> 0x4400
[294] [M]: 0x80000484 (0x44007FD3) fcvt.h.s ft11, ft0, dyn
f31 <- 0xFFFFFFFFFFFF3249


mem[X,0x80000488] -> 0x2273
mem[X,0x8000048A] -> 0x0030
[295] [M]: 0x80000488 (0x00302273) csrrs tp, fcsr, zero
CSR fcsr -> 0x00000021
x4 <- 0x00000021


mem[X,0x8000048C] -> 0xAC27
mem[X,0x8000048E] -> 0x0FF0
[296] [M]: 0x8000048C (0x0FF0AC27) fsw ft11, 248(ra)
mem[0x8000240C] <- 0xFFFF3249


mem[X,0x80000490] -> 0xAE23
mem[X,0x80000492] -> 0x0E40
[297] [M]: 0x80000490 (0x0E40AE23) sw tp, 252(ra)
mem[0x80002410] <- 0x00000021


mem[X,0x80000494] -> 0xAF87
mem[X,0x80000496] -> 0x0801
[298] [M]: 0x80000494 (0x0801AF87) flw ft11, 128(gp)
mem[R,0x80002090] -> 0x3E4923BE
f31 <- 0xFFFFFFFF3E4923BE


mem[X,0x80000498] -> 0x0113
mem[X,0x8000049A] -> 0x0400
[299] [M]: 0x80000498 (0x04000113) addi sp, zero, 64
x2 <- 0x00000040


clint::tick mtime <- 0x0000000000000003
 clint timer pending at mtime 0x0000000000000003
htif::tick 0x0000000000000000
mem[X,0x8000049C] -> 0x1073
mem[X,0x8000049E] -> 0x0031
[300] [M]: 0x8000049C (0x00311073) csrrw zero, fcsr, sp
CSR fcsr -> 0x00000021
CSR fcsr <- 0x00000040 (input: 0x00000040)


mem[X,0x800004A0] -> 0xF053
mem[X,0x800004A2] -> 0x440F
[301] [M]: 0x800004A0 (0x440FF053) fcvt.h.s ft0, ft11, dyn
f0 <- 0xFFFFFFFFFFFF3249


mem[X,0x800004A4] -> 0x2273
mem[X,0x800004A6] -> 0x0030
[302] [M]: 0x800004A4 (0x00302273) csrrs tp, fcsr, zero
CSR fcsr -> 0x00000041
x4 <- 0x00000041


mem[X,0x800004A8] -> 0xA027
mem[X,0x800004AA] -> 0x1000
[303] [M]: 0x800004A8 (0x1000A027) fsw ft0, 256(ra)
mem[0x80002414] <- 0xFFFF3249


mem[X,0x800004AC] -> 0xA223
mem[X,0x800004AE] -> 0x1040
[304] [M]: 0x800004AC (0x1040A223) sw tp, 260(ra)
mem[0x80002418] <- 0x00000041


mem[X,0x800004B0] -> 0xAF07
mem[X,0x800004B2] -> 0x0841
[305] [M]: 0x800004B0 (0x0841AF07) flw ft10, 132(gp)
mem[R,0x80002094] -> 0x3E4923BE
f30 <- 0xFFFFFFFF3E4923BE


mem[X,0x800004B4] -> 0x0113
mem[X,0x800004B6] -> 0x0600
[306] [M]: 0x800004B4 (0x06000113) addi sp, zero, 96
x2 <- 0x00000060


mem[X,0x800004B8] -> 0x1073
mem[X,0x800004BA] -> 0x0031
[307] [M]: 0x800004B8 (0x00311073) csrrw zero, fcsr, sp
CSR fcsr -> 0x00000041
CSR fcsr <- 0x00000060 (input: 0x00000060)


mem[X,0x800004BC] -> 0x7FD3
mem[X,0x800004BE] -> 0x440F
[308] [M]: 0x800004BC (0x440F7FD3) fcvt.h.s ft11, ft10, dyn
f31 <- 0xFFFFFFFFFFFF324A


mem[X,0x800004C0] -> 0x2273
mem[X,0x800004C2] -> 0x0030
[309] [M]: 0x800004C0 (0x00302273) csrrs tp, fcsr, zero
CSR fcsr -> 0x00000061
x4 <- 0x00000061


mem[X,0x800004C4] -> 0xA427
mem[X,0x800004C6] -> 0x11F0
[310] [M]: 0x800004C4 (0x11F0A427) fsw ft11, 264(ra)
mem[0x8000241C] <- 0xFFFF324A


mem[X,0x800004C8] -> 0xA623
mem[X,0x800004CA] -> 0x1040
[311] [M]: 0x800004C8 (0x1040A623) sw tp, 268(ra)
mem[0x80002420] <- 0x00000061


mem[X,0x800004CC] -> 0xAF07
mem[X,0x800004CE] -> 0x0881
[312] [M]: 0x800004CC (0x0881AF07) flw ft10, 136(gp)
mem[R,0x80002098] -> 0x3E4923BE
f30 <- 0xFFFFFFFF3E4923BE


mem[X,0x800004D0] -> 0x0113
mem[X,0x800004D2] -> 0x0800
[313] [M]: 0x800004D0 (0x08000113) addi sp, zero, 128
x2 <- 0x00000080


mem[X,0x800004D4] -> 0x1073
mem[X,0x800004D6] -> 0x0031
[314] [M]: 0x800004D4 (0x00311073) csrrw zero, fcsr, sp
CSR fcsr -> 0x00000061
CSR fcsr <- 0x00000080 (input: 0x00000080)


mem[X,0x800004D8] -> 0x7FD3
mem[X,0x800004DA] -> 0x440F
[315] [M]: 0x800004D8 (0x440F7FD3) fcvt.h.s ft11, ft10, dyn
f31 <- 0xFFFFFFFFFFFF3249


mem[X,0x800004DC] -> 0x2273
mem[X,0x800004DE] -> 0x0030
[316] [M]: 0x800004DC (0x00302273) csrrs tp, fcsr, zero
CSR fcsr -> 0x00000081
x4 <- 0x00000081


mem[X,0x800004E0] -> 0xA827
mem[X,0x800004E2] -> 0x11F0
[317] [M]: 0x800004E0 (0x11F0A827) fsw ft11, 272(ra)
mem[0x80002424] <- 0xFFFF3249


mem[X,0x800004E4] -> 0xAA23
mem[X,0x800004E6] -> 0x1040
[318] [M]: 0x800004E4 (0x1040AA23) sw tp, 276(ra)
mem[0x80002428] <- 0x00000081


mem[X,0x800004E8] -> 0xAF07
mem[X,0x800004EA] -> 0x08C1
[319] [M]: 0x800004E8 (0x08C1AF07) flw ft10, 140(gp)
mem[R,0x8000209C] -> 0x3E4923BF
f30 <- 0xFFFFFFFF3E4923BF


mem[X,0x800004EC] -> 0x0113
mem[X,0x800004EE] -> 0x0000
[320] [M]: 0x800004EC (0x00000113) addi sp, zero, 0
x2 <- 0x00000000


mem[X,0x800004F0] -> 0x1073
mem[X,0x800004F2] -> 0x0031
[321] [M]: 0x800004F0 (0x00311073) csrrw zero, fcsr, sp
CSR fcsr -> 0x00000081
CSR fcsr <- 0x00000000 (input: 0x00000000)


mem[X,0x800004F4] -> 0x7FD3
mem[X,0x800004F6] -> 0x440F
[322] [M]: 0x800004F4 (0x440F7FD3) fcvt.h.s ft11, ft10, dyn
f31 <- 0xFFFFFFFFFFFF3249


mem[X,0x800004F8] -> 0x2273
mem[X,0x800004FA] -> 0x0030
[323] [M]: 0x800004F8 (0x00302273) csrrs tp, fcsr, zero
CSR fcsr -> 0x00000001
x4 <- 0x00000001


mem[X,0x800004FC] -> 0xAC27
mem[X,0x800004FE] -> 0x11F0
[324] [M]: 0x800004FC (0x11F0AC27) fsw ft11, 280(ra)
mem[0x8000242C] <- 0xFFFF3249


mem[X,0x80000500] -> 0xAE23
mem[X,0x80000502] -> 0x1040
[325] [M]: 0x80000500 (0x1040AE23) sw tp, 284(ra)
mem[0x80002430] <- 0x00000001


mem[X,0x80000504] -> 0xAF07
mem[X,0x80000506] -> 0x0901
[326] [M]: 0x80000504 (0x0901AF07) flw ft10, 144(gp)
mem[R,0x800020A0] -> 0x3E4923BF
f30 <- 0xFFFFFFFF3E4923BF


mem[X,0x80000508] -> 0x0113
mem[X,0x8000050A] -> 0x0200
[327] [M]: 0x80000508 (0x02000113) addi sp, zero, 32
x2 <- 0x00000020


mem[X,0x8000050C] -> 0x1073
mem[X,0x8000050E] -> 0x0031
[328] [M]: 0x8000050C (0x00311073) csrrw zero, fcsr, sp
CSR fcsr -> 0x00000001
CSR fcsr <- 0x00000020 (input: 0x00000020)


mem[X,0x80000510] -> 0x7FD3
mem[X,0x80000512] -> 0x440F
[329] [M]: 0x80000510 (0x440F7FD3) fcvt.h.s ft11, ft10, dyn
f31 <- 0xFFFFFFFFFFFF3249


mem[X,0x80000514] -> 0x2273
mem[X,0x80000516] -> 0x0030
[330] [M]: 0x80000514 (0x00302273) csrrs tp, fcsr, zero
CSR fcsr -> 0x00000021
x4 <- 0x00000021


mem[X,0x80000518] -> 0xA027
mem[X,0x8000051A] -> 0x13F0
[331] [M]: 0x80000518 (0x13F0A027) fsw ft11, 288(ra)
mem[0x80002434] <- 0xFFFF3249


mem[X,0x8000051C] -> 0xA223
mem[X,0x8000051E] -> 0x1240
[332] [M]: 0x8000051C (0x1240A223) sw tp, 292(ra)
mem[0x80002438] <- 0x00000021


mem[X,0x80000520] -> 0xAF07
mem[X,0x80000522] -> 0x0941
[333] [M]: 0x80000520 (0x0941AF07) flw ft10, 148(gp)
mem[R,0x800020A4] -> 0x3E4923BF
f30 <- 0xFFFFFFFF3E4923BF


mem[X,0x80000524] -> 0x0113
mem[X,0x80000526] -> 0x0400
[334] [M]: 0x80000524 (0x04000113) addi sp, zero, 64
x2 <- 0x00000040


mem[X,0x80000528] -> 0x1073
mem[X,0x8000052A] -> 0x0031
[335] [M]: 0x80000528 (0x00311073) csrrw zero, fcsr, sp
CSR fcsr -> 0x00000021
CSR fcsr <- 0x00000040 (input: 0x00000040)


mem[X,0x8000052C] -> 0x7FD3
mem[X,0x8000052E] -> 0x440F
[336] [M]: 0x8000052C (0x440F7FD3) fcvt.h.s ft11, ft10, dyn
f31 <- 0xFFFFFFFFFFFF3249


mem[X,0x80000530] -> 0x2273
mem[X,0x80000532] -> 0x0030
[337] [M]: 0x80000530 (0x00302273) csrrs tp, fcsr, zero
CSR fcsr -> 0x00000041
x4 <- 0x00000041


mem[X,0x80000534] -> 0xA427
mem[X,0x80000536] -> 0x13F0
[338] [M]: 0x80000534 (0x13F0A427) fsw ft11, 296(ra)
mem[0x8000243C] <- 0xFFFF3249


mem[X,0x80000538] -> 0xA623
mem[X,0x8000053A] -> 0x1240
[339] [M]: 0x80000538 (0x1240A623) sw tp, 300(ra)
mem[0x80002440] <- 0x00000041


mem[X,0x8000053C] -> 0xAF07
mem[X,0x8000053E] -> 0x0981
[340] [M]: 0x8000053C (0x0981AF07) flw ft10, 152(gp)
mem[R,0x800020A8] -> 0x3E4923BF
f30 <- 0xFFFFFFFF3E4923BF


mem[X,0x80000540] -> 0x0113
mem[X,0x80000542] -> 0x0600
[341] [M]: 0x80000540 (0x06000113) addi sp, zero, 96
x2 <- 0x00000060


mem[X,0x80000544] -> 0x1073
mem[X,0x80000546] -> 0x0031
[342] [M]: 0x80000544 (0x00311073) csrrw zero, fcsr, sp
CSR fcsr -> 0x00000041
CSR fcsr <- 0x00000060 (input: 0x00000060)


mem[X,0x80000548] -> 0x7FD3
mem[X,0x8000054A] -> 0x440F
[343] [M]: 0x80000548 (0x440F7FD3) fcvt.h.s ft11, ft10, dyn
f31 <- 0xFFFFFFFFFFFF324A


mem[X,0x8000054C] -> 0x2273
mem[X,0x8000054E] -> 0x0030
[344] [M]: 0x8000054C (0x00302273) csrrs tp, fcsr, zero
CSR fcsr -> 0x00000061
x4 <- 0x00000061


mem[X,0x80000550] -> 0xA827
mem[X,0x80000552] -> 0x13F0
[345] [M]: 0x80000550 (0x13F0A827) fsw ft11, 304(ra)
mem[0x80002444] <- 0xFFFF324A


mem[X,0x80000554] -> 0xAA23
mem[X,0x80000556] -> 0x1240
[346] [M]: 0x80000554 (0x1240AA23) sw tp, 308(ra)
mem[0x80002448] <- 0x00000061


mem[X,0x80000558] -> 0xAF07
mem[X,0x8000055A] -> 0x09C1
[347] [M]: 0x80000558 (0x09C1AF07) flw ft10, 156(gp)
mem[R,0x800020AC] -> 0x3E4923BF
f30 <- 0xFFFFFFFF3E4923BF


mem[X,0x8000055C] -> 0x0113
mem[X,0x8000055E] -> 0x0800
[348] [M]: 0x8000055C (0x08000113) addi sp, zero, 128
x2 <- 0x00000080


mem[X,0x80000560] -> 0x1073
mem[X,0x80000562] -> 0x0031
[349] [M]: 0x80000560 (0x00311073) csrrw zero, fcsr, sp
CSR fcsr -> 0x00000061
CSR fcsr <- 0x00000080 (input: 0x00000080)


mem[X,0x80000564] -> 0x7FD3
mem[X,0x80000566] -> 0x440F
[350] [M]: 0x80000564 (0x440F7FD3) fcvt.h.s ft11, ft10, dyn
f31 <- 0xFFFFFFFFFFFF3249


mem[X,0x80000568] -> 0x2273
mem[X,0x8000056A] -> 0x0030
[351] [M]: 0x80000568 (0x00302273) csrrs tp, fcsr, zero
CSR fcsr -> 0x00000081
x4 <- 0x00000081


mem[X,0x8000056C] -> 0xAC27
mem[X,0x8000056E] -> 0x13F0
[352] [M]: 0x8000056C (0x13F0AC27) fsw ft11, 312(ra)
mem[0x8000244C] <- 0xFFFF3249


mem[X,0x80000570] -> 0xAE23
mem[X,0x80000572] -> 0x1240
[353] [M]: 0x80000570 (0x1240AE23) sw tp, 316(ra)
mem[0x80002450] <- 0x00000081


mem[X,0x80000574] -> 0xAF07
mem[X,0x80000576] -> 0x0A01
[354] [M]: 0x80000574 (0x0A01AF07) flw ft10, 160(gp)
mem[R,0x800020B0] -> 0xBE4923B8
f30 <- 0xFFFFFFFFBE4923B8


mem[X,0x80000578] -> 0x0113
mem[X,0x8000057A] -> 0x0000
[355] [M]: 0x80000578 (0x00000113) addi sp, zero, 0
x2 <- 0x00000000


mem[X,0x8000057C] -> 0x1073
mem[X,0x8000057E] -> 0x0031
[356] [M]: 0x8000057C (0x00311073) csrrw zero, fcsr, sp
CSR fcsr -> 0x00000081
CSR fcsr <- 0x00000000 (input: 0x00000000)


mem[X,0x80000580] -> 0x7FD3
mem[X,0x80000582] -> 0x440F
[357] [M]: 0x80000580 (0x440F7FD3) fcvt.h.s ft11, ft10, dyn
f31 <- 0xFFFFFFFFFFFFB249


mem[X,0x80000584] -> 0x2273
mem[X,0x80000586] -> 0x0030
[358] [M]: 0x80000584 (0x00302273) csrrs tp, fcsr, zero
CSR fcsr -> 0x00000001
x4 <- 0x00000001


mem[X,0x80000588] -> 0xA027
mem[X,0x8000058A] -> 0x15F0
[359] [M]: 0x80000588 (0x15F0A027) fsw ft11, 320(ra)
mem[0x80002454] <- 0xFFFFB249


mem[X,0x8000058C] -> 0xA223
mem[X,0x8000058E] -> 0x1440
[360] [M]: 0x8000058C (0x1440A223) sw tp, 324(ra)
mem[0x80002458] <- 0x00000001


mem[X,0x80000590] -> 0xAF07
mem[X,0x80000592] -> 0x0A41
[361] [M]: 0x80000590 (0x0A41AF07) flw ft10, 164(gp)
mem[R,0x800020B4] -> 0xBE4923B8
f30 <- 0xFFFFFFFFBE4923B8


mem[X,0x80000594] -> 0x0113
mem[X,0x80000596] -> 0x0200
[362] [M]: 0x80000594 (0x02000113) addi sp, zero, 32
x2 <- 0x00000020


mem[X,0x80000598] -> 0x1073
mem[X,0x8000059A] -> 0x0031
[363] [M]: 0x80000598 (0x00311073) csrrw zero, fcsr, sp
CSR fcsr -> 0x00000001
CSR fcsr <- 0x00000020 (input: 0x00000020)


mem[X,0x8000059C] -> 0x7FD3
mem[X,0x8000059E] -> 0x440F
[364] [M]: 0x8000059C (0x440F7FD3) fcvt.h.s ft11, ft10, dyn
f31 <- 0xFFFFFFFFFFFFB249


mem[X,0x800005A0] -> 0x2273
mem[X,0x800005A2] -> 0x0030
[365] [M]: 0x800005A0 (0x00302273) csrrs tp, fcsr, zero
CSR fcsr -> 0x00000021
x4 <- 0x00000021


mem[X,0x800005A4] -> 0xA427
mem[X,0x800005A6] -> 0x15F0
[366] [M]: 0x800005A4 (0x15F0A427) fsw ft11, 328(ra)
mem[0x8000245C] <- 0xFFFFB249


mem[X,0x800005A8] -> 0xA623
mem[X,0x800005AA] -> 0x1440
[367] [M]: 0x800005A8 (0x1440A623) sw tp, 332(ra)
mem[0x80002460] <- 0x00000021


mem[X,0x800005AC] -> 0xAF07
mem[X,0x800005AE] -> 0x0A81
[368] [M]: 0x800005AC (0x0A81AF07) flw ft10, 168(gp)
mem[R,0x800020B8] -> 0xBE4923B8
f30 <- 0xFFFFFFFFBE4923B8


mem[X,0x800005B0] -> 0x0113
mem[X,0x800005B2] -> 0x0400
[369] [M]: 0x800005B0 (0x04000113) addi sp, zero, 64
x2 <- 0x00000040


mem[X,0x800005B4] -> 0x1073
mem[X,0x800005B6] -> 0x0031
[370] [M]: 0x800005B4 (0x00311073) csrrw zero, fcsr, sp
CSR fcsr -> 0x00000021
CSR fcsr <- 0x00000040 (input: 0x00000040)


mem[X,0x800005B8] -> 0x7FD3
mem[X,0x800005BA] -> 0x440F
[371] [M]: 0x800005B8 (0x440F7FD3) fcvt.h.s ft11, ft10, dyn
f31 <- 0xFFFFFFFFFFFFB24A


mem[X,0x800005BC] -> 0x2273
mem[X,0x800005BE] -> 0x0030
[372] [M]: 0x800005BC (0x00302273) csrrs tp, fcsr, zero
CSR fcsr -> 0x00000041
x4 <- 0x00000041


mem[X,0x800005C0] -> 0xA827
mem[X,0x800005C2] -> 0x15F0
[373] [M]: 0x800005C0 (0x15F0A827) fsw ft11, 336(ra)
mem[0x80002464] <- 0xFFFFB24A


mem[X,0x800005C4] -> 0xAA23
mem[X,0x800005C6] -> 0x1440
[374] [M]: 0x800005C4 (0x1440AA23) sw tp, 340(ra)
mem[0x80002468] <- 0x00000041


mem[X,0x800005C8] -> 0xAF07
mem[X,0x800005CA] -> 0x0AC1
[375] [M]: 0x800005C8 (0x0AC1AF07) flw ft10, 172(gp)
mem[R,0x800020BC] -> 0xBE4923B8
f30 <- 0xFFFFFFFFBE4923B8


mem[X,0x800005CC] -> 0x0113
mem[X,0x800005CE] -> 0x0600
[376] [M]: 0x800005CC (0x06000113) addi sp, zero, 96
x2 <- 0x00000060


mem[X,0x800005D0] -> 0x1073
mem[X,0x800005D2] -> 0x0031
[377] [M]: 0x800005D0 (0x00311073) csrrw zero, fcsr, sp
CSR fcsr -> 0x00000041
CSR fcsr <- 0x00000060 (input: 0x00000060)


mem[X,0x800005D4] -> 0x7FD3
mem[X,0x800005D6] -> 0x440F
[378] [M]: 0x800005D4 (0x440F7FD3) fcvt.h.s ft11, ft10, dyn
f31 <- 0xFFFFFFFFFFFFB249


mem[X,0x800005D8] -> 0x2273
mem[X,0x800005DA] -> 0x0030
[379] [M]: 0x800005D8 (0x00302273) csrrs tp, fcsr, zero
CSR fcsr -> 0x00000061
x4 <- 0x00000061


mem[X,0x800005DC] -> 0xAC27
mem[X,0x800005DE] -> 0x15F0
[380] [M]: 0x800005DC (0x15F0AC27) fsw ft11, 344(ra)
mem[0x8000246C] <- 0xFFFFB249


mem[X,0x800005E0] -> 0xAE23
mem[X,0x800005E2] -> 0x1440
[381] [M]: 0x800005E0 (0x1440AE23) sw tp, 348(ra)
mem[0x80002470] <- 0x00000061


mem[X,0x800005E4] -> 0xAF07
mem[X,0x800005E6] -> 0x0B01
[382] [M]: 0x800005E4 (0x0B01AF07) flw ft10, 176(gp)
mem[R,0x800020C0] -> 0xBE4923B8
f30 <- 0xFFFFFFFFBE4923B8


mem[X,0x800005E8] -> 0x0113
mem[X,0x800005EA] -> 0x0800
[383] [M]: 0x800005E8 (0x08000113) addi sp, zero, 128
x2 <- 0x00000080


mem[X,0x800005EC] -> 0x1073
mem[X,0x800005EE] -> 0x0031
[384] [M]: 0x800005EC (0x00311073) csrrw zero, fcsr, sp
CSR fcsr -> 0x00000061
CSR fcsr <- 0x00000080 (input: 0x00000080)


mem[X,0x800005F0] -> 0x7FD3
mem[X,0x800005F2] -> 0x440F
[385] [M]: 0x800005F0 (0x440F7FD3) fcvt.h.s ft11, ft10, dyn
f31 <- 0xFFFFFFFFFFFFB249


mem[X,0x800005F4] -> 0x2273
mem[X,0x800005F6] -> 0x0030
[386] [M]: 0x800005F4 (0x00302273) csrrs tp, fcsr, zero
CSR fcsr -> 0x00000081
x4 <- 0x00000081


mem[X,0x800005F8] -> 0xA027
mem[X,0x800005FA] -> 0x17F0
[387] [M]: 0x800005F8 (0x17F0A027) fsw ft11, 352(ra)
mem[0x80002474] <- 0xFFFFB249


mem[X,0x800005FC] -> 0xA223
mem[X,0x800005FE] -> 0x1640
[388] [M]: 0x800005FC (0x1640A223) sw tp, 356(ra)
mem[0x80002478] <- 0x00000081


mem[X,0x80000600] -> 0xAF07
mem[X,0x80000602] -> 0x0B41
[389] [M]: 0x80000600 (0x0B41AF07) flw ft10, 180(gp)
mem[R,0x800020C4] -> 0xBE4923B9
f30 <- 0xFFFFFFFFBE4923B9


mem[X,0x80000604] -> 0x0113
mem[X,0x80000606] -> 0x0000
[390] [M]: 0x80000604 (0x00000113) addi sp, zero, 0
x2 <- 0x00000000


mem[X,0x80000608] -> 0x1073
mem[X,0x8000060A] -> 0x0031
[391] [M]: 0x80000608 (0x00311073) csrrw zero, fcsr, sp
CSR fcsr -> 0x00000081
CSR fcsr <- 0x00000000 (input: 0x00000000)


mem[X,0x8000060C] -> 0x7FD3
mem[X,0x8000060E] -> 0x440F
[392] [M]: 0x8000060C (0x440F7FD3) fcvt.h.s ft11, ft10, dyn
f31 <- 0xFFFFFFFFFFFFB249


mem[X,0x80000610] -> 0x2273
mem[X,0x80000612] -> 0x0030
[393] [M]: 0x80000610 (0x00302273) csrrs tp, fcsr, zero
CSR fcsr -> 0x00000001
x4 <- 0x00000001


mem[X,0x80000614] -> 0xA427
mem[X,0x80000616] -> 0x17F0
[394] [M]: 0x80000614 (0x17F0A427) fsw ft11, 360(ra)
mem[0x8000247C] <- 0xFFFFB249


mem[X,0x80000618] -> 0xA623
mem[X,0x8000061A] -> 0x1640
[395] [M]: 0x80000618 (0x1640A623) sw tp, 364(ra)
mem[0x80002480] <- 0x00000001


mem[X,0x8000061C] -> 0xAF07
mem[X,0x8000061E] -> 0x0B81
[396] [M]: 0x8000061C (0x0B81AF07) flw ft10, 184(gp)
mem[R,0x800020C8] -> 0xBE4923B9
f30 <- 0xFFFFFFFFBE4923B9


mem[X,0x80000620] -> 0x0113
mem[X,0x80000622] -> 0x0200
[397] [M]: 0x80000620 (0x02000113) addi sp, zero, 32
x2 <- 0x00000020


mem[X,0x80000624] -> 0x1073
mem[X,0x80000626] -> 0x0031
[398] [M]: 0x80000624 (0x00311073) csrrw zero, fcsr, sp
CSR fcsr -> 0x00000001
CSR fcsr <- 0x00000020 (input: 0x00000020)


mem[X,0x80000628] -> 0x7FD3
mem[X,0x8000062A] -> 0x440F
[399] [M]: 0x80000628 (0x440F7FD3) fcvt.h.s ft11, ft10, dyn
f31 <- 0xFFFFFFFFFFFFB249


clint::tick mtime <- 0x0000000000000004
 clint timer pending at mtime 0x0000000000000004
htif::tick 0x0000000000000000
mem[X,0x8000062C] -> 0x2273
mem[X,0x8000062E] -> 0x0030
[400] [M]: 0x8000062C (0x00302273) csrrs tp, fcsr, zero
CSR fcsr -> 0x00000021
x4 <- 0x00000021


mem[X,0x80000630] -> 0xA827
mem[X,0x80000632] -> 0x17F0
[401] [M]: 0x80000630 (0x17F0A827) fsw ft11, 368(ra)
mem[0x80002484] <- 0xFFFFB249


mem[X,0x80000634] -> 0xAA23
mem[X,0x80000636] -> 0x1640
[402] [M]: 0x80000634 (0x1640AA23) sw tp, 372(ra)
mem[0x80002488] <- 0x00000021


mem[X,0x80000638] -> 0xAF07
mem[X,0x8000063A] -> 0x0BC1
[403] [M]: 0x80000638 (0x0BC1AF07) flw ft10, 188(gp)
mem[R,0x800020CC] -> 0xBE4923B9
f30 <- 0xFFFFFFFFBE4923B9


mem[X,0x8000063C] -> 0x0113
mem[X,0x8000063E] -> 0x0400
[404] [M]: 0x8000063C (0x04000113) addi sp, zero, 64
x2 <- 0x00000040


mem[X,0x80000640] -> 0x1073
mem[X,0x80000642] -> 0x0031
[405] [M]: 0x80000640 (0x00311073) csrrw zero, fcsr, sp
CSR fcsr -> 0x00000021
CSR fcsr <- 0x00000040 (input: 0x00000040)


mem[X,0x80000644] -> 0x7FD3
mem[X,0x80000646] -> 0x440F
[406] [M]: 0x80000644 (0x440F7FD3) fcvt.h.s ft11, ft10, dyn
f31 <- 0xFFFFFFFFFFFFB24A


mem[X,0x80000648] -> 0x2273
mem[X,0x8000064A] -> 0x0030
[407] [M]: 0x80000648 (0x00302273) csrrs tp, fcsr, zero
CSR fcsr -> 0x00000041
x4 <- 0x00000041


mem[X,0x8000064C] -> 0xAC27
mem[X,0x8000064E] -> 0x17F0
[408] [M]: 0x8000064C (0x17F0AC27) fsw ft11, 376(ra)
mem[0x8000248C] <- 0xFFFFB24A


mem[X,0x80000650] -> 0xAE23
mem[X,0x80000652] -> 0x1640
[409] [M]: 0x80000650 (0x1640AE23) sw tp, 380(ra)
mem[0x80002490] <- 0x00000041


mem[X,0x80000654] -> 0xAF07
mem[X,0x80000656] -> 0x0C01
[410] [M]: 0x80000654 (0x0C01AF07) flw ft10, 192(gp)
mem[R,0x800020D0] -> 0xBE4923B9
f30 <- 0xFFFFFFFFBE4923B9


mem[X,0x80000658] -> 0x0113
mem[X,0x8000065A] -> 0x0600
[411] [M]: 0x80000658 (0x06000113) addi sp, zero, 96
x2 <- 0x00000060


mem[X,0x8000065C] -> 0x1073
mem[X,0x8000065E] -> 0x0031
[412] [M]: 0x8000065C (0x00311073) csrrw zero, fcsr, sp
CSR fcsr -> 0x00000041
CSR fcsr <- 0x00000060 (input: 0x00000060)


mem[X,0x80000660] -> 0x7FD3
mem[X,0x80000662] -> 0x440F
[413] [M]: 0x80000660 (0x440F7FD3) fcvt.h.s ft11, ft10, dyn
f31 <- 0xFFFFFFFFFFFFB249


mem[X,0x80000664] -> 0x2273
mem[X,0x80000666] -> 0x0030
[414] [M]: 0x80000664 (0x00302273) csrrs tp, fcsr, zero
CSR fcsr -> 0x00000061
x4 <- 0x00000061


mem[X,0x80000668] -> 0xA027
mem[X,0x8000066A] -> 0x19F0
[415] [M]: 0x80000668 (0x19F0A027) fsw ft11, 384(ra)
mem[0x80002494] <- 0xFFFFB249


mem[X,0x8000066C] -> 0xA223
mem[X,0x8000066E] -> 0x1840
[416] [M]: 0x8000066C (0x1840A223) sw tp, 388(ra)
mem[0x80002498] <- 0x00000061


mem[X,0x80000670] -> 0xAF07
mem[X,0x80000672] -> 0x0C41
[417] [M]: 0x80000670 (0x0C41AF07) flw ft10, 196(gp)
mem[R,0x800020D4] -> 0xBE4923B9
f30 <- 0xFFFFFFFFBE4923B9


mem[X,0x80000674] -> 0x0113
mem[X,0x80000676] -> 0x0800
[418] [M]: 0x80000674 (0x08000113) addi sp, zero, 128
x2 <- 0x00000080


mem[X,0x80000678] -> 0x1073
mem[X,0x8000067A] -> 0x0031
[419] [M]: 0x80000678 (0x00311073) csrrw zero, fcsr, sp
CSR fcsr -> 0x00000061
CSR fcsr <- 0x00000080 (input: 0x00000080)


mem[X,0x8000067C] -> 0x7FD3
mem[X,0x8000067E] -> 0x440F
[420] [M]: 0x8000067C (0x440F7FD3) fcvt.h.s ft11, ft10, dyn
f31 <- 0xFFFFFFFFFFFFB249


mem[X,0x80000680] -> 0x2273
mem[X,0x80000682] -> 0x0030
[421] [M]: 0x80000680 (0x00302273) csrrs tp, fcsr, zero
CSR fcsr -> 0x00000081
x4 <- 0x00000081


mem[X,0x80000684] -> 0xA427
mem[X,0x80000686] -> 0x19F0
[422] [M]: 0x80000684 (0x19F0A427) fsw ft11, 392(ra)
mem[0x8000249C] <- 0xFFFFB249


mem[X,0x80000688] -> 0xA623
mem[X,0x8000068A] -> 0x1840
[423] [M]: 0x80000688 (0x1840A623) sw tp, 396(ra)
mem[0x800024A0] <- 0x00000081


mem[X,0x8000068C] -> 0xAF07
mem[X,0x8000068E] -> 0x0C81
[424] [M]: 0x8000068C (0x0C81AF07) flw ft10, 200(gp)
mem[R,0x800020D8] -> 0xBE4923BA
f30 <- 0xFFFFFFFFBE4923BA


mem[X,0x80000690] -> 0x0113
mem[X,0x80000692] -> 0x0000
[425] [M]: 0x80000690 (0x00000113) addi sp, zero, 0
x2 <- 0x00000000


mem[X,0x80000694] -> 0x1073
mem[X,0x80000696] -> 0x0031
[426] [M]: 0x80000694 (0x00311073) csrrw zero, fcsr, sp
CSR fcsr -> 0x00000081
CSR fcsr <- 0x00000000 (input: 0x00000000)


mem[X,0x80000698] -> 0x7FD3
mem[X,0x8000069A] -> 0x440F
[427] [M]: 0x80000698 (0x440F7FD3) fcvt.h.s ft11, ft10, dyn
f31 <- 0xFFFFFFFFFFFFB249


mem[X,0x8000069C] -> 0x2273
mem[X,0x8000069E] -> 0x0030
[428] [M]: 0x8000069C (0x00302273) csrrs tp, fcsr, zero
CSR fcsr -> 0x00000001
x4 <- 0x00000001


mem[X,0x800006A0] -> 0xA827
mem[X,0x800006A2] -> 0x19F0
[429] [M]: 0x800006A0 (0x19F0A827) fsw ft11, 400(ra)
mem[0x800024A4] <- 0xFFFFB249


mem[X,0x800006A4] -> 0xAA23
mem[X,0x800006A6] -> 0x1840
[430] [M]: 0x800006A4 (0x1840AA23) sw tp, 404(ra)
mem[0x800024A8] <- 0x00000001


mem[X,0x800006A8] -> 0xAF07
mem[X,0x800006AA] -> 0x0CC1
[431] [M]: 0x800006A8 (0x0CC1AF07) flw ft10, 204(gp)
mem[R,0x800020DC] -> 0xBE4923BA
f30 <- 0xFFFFFFFFBE4923BA


mem[X,0x800006AC] -> 0x0113
mem[X,0x800006AE] -> 0x0200
[432] [M]: 0x800006AC (0x02000113) addi sp, zero, 32
x2 <- 0x00000020


mem[X,0x800006B0] -> 0x1073
mem[X,0x800006B2] -> 0x0031
[433] [M]: 0x800006B0 (0x00311073) csrrw zero, fcsr, sp
CSR fcsr -> 0x00000001
CSR fcsr <- 0x00000020 (input: 0x00000020)


mem[X,0x800006B4] -> 0x7FD3
mem[X,0x800006B6] -> 0x440F
[434] [M]: 0x800006B4 (0x440F7FD3) fcvt.h.s ft11, ft10, dyn
f31 <- 0xFFFFFFFFFFFFB249


mem[X,0x800006B8] -> 0x2273
mem[X,0x800006BA] -> 0x0030
[435] [M]: 0x800006B8 (0x00302273) csrrs tp, fcsr, zero
CSR fcsr -> 0x00000021
x4 <- 0x00000021


mem[X,0x800006BC] -> 0xAC27
mem[X,0x800006BE] -> 0x19F0
[436] [M]: 0x800006BC (0x19F0AC27) fsw ft11, 408(ra)
mem[0x800024AC] <- 0xFFFFB249


mem[X,0x800006C0] -> 0xAE23
mem[X,0x800006C2] -> 0x1840
[437] [M]: 0x800006C0 (0x1840AE23) sw tp, 412(ra)
mem[0x800024B0] <- 0x00000021


mem[X,0x800006C4] -> 0xAF07
mem[X,0x800006C6] -> 0x0D01
[438] [M]: 0x800006C4 (0x0D01AF07) flw ft10, 208(gp)
mem[R,0x800020E0] -> 0xBE4923BA
f30 <- 0xFFFFFFFFBE4923BA


mem[X,0x800006C8] -> 0x0113
mem[X,0x800006CA] -> 0x0400
[439] [M]: 0x800006C8 (0x04000113) addi sp, zero, 64
x2 <- 0x00000040


mem[X,0x800006CC] -> 0x1073
mem[X,0x800006CE] -> 0x0031
[440] [M]: 0x800006CC (0x00311073) csrrw zero, fcsr, sp
CSR fcsr -> 0x00000021
CSR fcsr <- 0x00000040 (input: 0x00000040)


mem[X,0x800006D0] -> 0x7FD3
mem[X,0x800006D2] -> 0x440F
[441] [M]: 0x800006D0 (0x440F7FD3) fcvt.h.s ft11, ft10, dyn
f31 <- 0xFFFFFFFFFFFFB24A


mem[X,0x800006D4] -> 0x2273
mem[X,0x800006D6] -> 0x0030
[442] [M]: 0x800006D4 (0x00302273) csrrs tp, fcsr, zero
CSR fcsr -> 0x00000041
x4 <- 0x00000041


mem[X,0x800006D8] -> 0xA027
mem[X,0x800006DA] -> 0x1BF0
[443] [M]: 0x800006D8 (0x1BF0A027) fsw ft11, 416(ra)
mem[0x800024B4] <- 0xFFFFB24A


mem[X,0x800006DC] -> 0xA223
mem[X,0x800006DE] -> 0x1A40
[444] [M]: 0x800006DC (0x1A40A223) sw tp, 420(ra)
mem[0x800024B8] <- 0x00000041


mem[X,0x800006E0] -> 0xAF07
mem[X,0x800006E2] -> 0x0D41
[445] [M]: 0x800006E0 (0x0D41AF07) flw ft10, 212(gp)
mem[R,0x800020E4] -> 0xBE4923BA
f30 <- 0xFFFFFFFFBE4923BA


mem[X,0x800006E4] -> 0x0113
mem[X,0x800006E6] -> 0x0600
[446] [M]: 0x800006E4 (0x06000113) addi sp, zero, 96
x2 <- 0x00000060


mem[X,0x800006E8] -> 0x1073
mem[X,0x800006EA] -> 0x0031
[447] [M]: 0x800006E8 (0x00311073) csrrw zero, fcsr, sp
CSR fcsr -> 0x00000041
CSR fcsr <- 0x00000060 (input: 0x00000060)


mem[X,0x800006EC] -> 0x7FD3
mem[X,0x800006EE] -> 0x440F
[448] [M]: 0x800006EC (0x440F7FD3) fcvt.h.s ft11, ft10, dyn
f31 <- 0xFFFFFFFFFFFFB249


mem[X,0x800006F0] -> 0x2273
mem[X,0x800006F2] -> 0x0030
[449] [M]: 0x800006F0 (0x00302273) csrrs tp, fcsr, zero
CSR fcsr -> 0x00000061
x4 <- 0x00000061


mem[X,0x800006F4] -> 0xA427
mem[X,0x800006F6] -> 0x1BF0
[450] [M]: 0x800006F4 (0x1BF0A427) fsw ft11, 424(ra)
mem[0x800024BC] <- 0xFFFFB249


mem[X,0x800006F8] -> 0xA623
mem[X,0x800006FA] -> 0x1A40
[451] [M]: 0x800006F8 (0x1A40A623) sw tp, 428(ra)
mem[0x800024C0] <- 0x00000061


mem[X,0x800006FC] -> 0xAF07
mem[X,0x800006FE] -> 0x0D81
[452] [M]: 0x800006FC (0x0D81AF07) flw ft10, 216(gp)
mem[R,0x800020E8] -> 0xBE4923BA
f30 <- 0xFFFFFFFFBE4923BA


mem[X,0x80000700] -> 0x0113
mem[X,0x80000702] -> 0x0800
[453] [M]: 0x80000700 (0x08000113) addi sp, zero, 128
x2 <- 0x00000080


mem[X,0x80000704] -> 0x1073
mem[X,0x80000706] -> 0x0031
[454] [M]: 0x80000704 (0x00311073) csrrw zero, fcsr, sp
CSR fcsr -> 0x00000061
CSR fcsr <- 0x00000080 (input: 0x00000080)


mem[X,0x80000708] -> 0x7FD3
mem[X,0x8000070A] -> 0x440F
[455] [M]: 0x80000708 (0x440F7FD3) fcvt.h.s ft11, ft10, dyn
f31 <- 0xFFFFFFFFFFFFB249


mem[X,0x8000070C] -> 0x2273
mem[X,0x8000070E] -> 0x0030
[456] [M]: 0x8000070C (0x00302273) csrrs tp, fcsr, zero
CSR fcsr -> 0x00000081
x4 <- 0x00000081


mem[X,0x80000710] -> 0xA827
mem[X,0x80000712] -> 0x1BF0
[457] [M]: 0x80000710 (0x1BF0A827) fsw ft11, 432(ra)
mem[0x800024C4] <- 0xFFFFB249


mem[X,0x80000714] -> 0xAA23
mem[X,0x80000716] -> 0x1A40
[458] [M]: 0x80000714 (0x1A40AA23) sw tp, 436(ra)
mem[0x800024C8] <- 0x00000081


mem[X,0x80000718] -> 0xAF07
mem[X,0x8000071A] -> 0x0DC1
[459] [M]: 0x80000718 (0x0DC1AF07) flw ft10, 220(gp)
mem[R,0x800020EC] -> 0xBE4923BB
f30 <- 0xFFFFFFFFBE4923BB


mem[X,0x8000071C] -> 0x0113
mem[X,0x8000071E] -> 0x0000
[460] [M]: 0x8000071C (0x00000113) addi sp, zero, 0
x2 <- 0x00000000


mem[X,0x80000720] -> 0x1073
mem[X,0x80000722] -> 0x0031
[461] [M]: 0x80000720 (0x00311073) csrrw zero, fcsr, sp
CSR fcsr -> 0x00000081
CSR fcsr <- 0x00000000 (input: 0x00000000)


mem[X,0x80000724] -> 0x7FD3
mem[X,0x80000726] -> 0x440F
[462] [M]: 0x80000724 (0x440F7FD3) fcvt.h.s ft11, ft10, dyn
f31 <- 0xFFFFFFFFFFFFB249


mem[X,0x80000728] -> 0x2273
mem[X,0x8000072A] -> 0x0030
[463] [M]: 0x80000728 (0x00302273) csrrs tp, fcsr, zero
CSR fcsr -> 0x00000001
x4 <- 0x00000001


mem[X,0x8000072C] -> 0xAC27
mem[X,0x8000072E] -> 0x1BF0
[464] [M]: 0x8000072C (0x1BF0AC27) fsw ft11, 440(ra)
mem[0x800024CC] <- 0xFFFFB249


mem[X,0x80000730] -> 0xAE23
mem[X,0x80000732] -> 0x1A40
[465] [M]: 0x80000730 (0x1A40AE23) sw tp, 444(ra)
mem[0x800024D0] <- 0x00000001


mem[X,0x80000734] -> 0xAF07
mem[X,0x80000736] -> 0x0E01
[466] [M]: 0x80000734 (0x0E01AF07) flw ft10, 224(gp)
mem[R,0x800020F0] -> 0xBE4923BB
f30 <- 0xFFFFFFFFBE4923BB


mem[X,0x80000738] -> 0x0113
mem[X,0x8000073A] -> 0x0200
[467] [M]: 0x80000738 (0x02000113) addi sp, zero, 32
x2 <- 0x00000020


mem[X,0x8000073C] -> 0x1073
mem[X,0x8000073E] -> 0x0031
[468] [M]: 0x8000073C (0x00311073) csrrw zero, fcsr, sp
CSR fcsr -> 0x00000001
CSR fcsr <- 0x00000020 (input: 0x00000020)


mem[X,0x80000740] -> 0x7FD3
mem[X,0x80000742] -> 0x440F
[469] [M]: 0x80000740 (0x440F7FD3) fcvt.h.s ft11, ft10, dyn
f31 <- 0xFFFFFFFFFFFFB249


mem[X,0x80000744] -> 0x2273
mem[X,0x80000746] -> 0x0030
[470] [M]: 0x80000744 (0x00302273) csrrs tp, fcsr, zero
CSR fcsr -> 0x00000021
x4 <- 0x00000021


mem[X,0x80000748] -> 0xA027
mem[X,0x8000074A] -> 0x1DF0
[471] [M]: 0x80000748 (0x1DF0A027) fsw ft11, 448(ra)
mem[0x800024D4] <- 0xFFFFB249


mem[X,0x8000074C] -> 0xA223
mem[X,0x8000074E] -> 0x1C40
[472] [M]: 0x8000074C (0x1C40A223) sw tp, 452(ra)
mem[0x800024D8] <- 0x00000021


mem[X,0x80000750] -> 0xAF07
mem[X,0x80000752] -> 0x0E41
[473] [M]: 0x80000750 (0x0E41AF07) flw ft10, 228(gp)
mem[R,0x800020F4] -> 0xBE4923BB
f30 <- 0xFFFFFFFFBE4923BB


mem[X,0x80000754] -> 0x0113
mem[X,0x80000756] -> 0x0400
[474] [M]: 0x80000754 (0x04000113) addi sp, zero, 64
x2 <- 0x00000040


mem[X,0x80000758] -> 0x1073
mem[X,0x8000075A] -> 0x0031
[475] [M]: 0x80000758 (0x00311073) csrrw zero, fcsr, sp
CSR fcsr -> 0x00000021
CSR fcsr <- 0x00000040 (input: 0x00000040)


mem[X,0x8000075C] -> 0x7FD3
mem[X,0x8000075E] -> 0x440F
[476] [M]: 0x8000075C (0x440F7FD3) fcvt.h.s ft11, ft10, dyn
f31 <- 0xFFFFFFFFFFFFB24A


mem[X,0x80000760] -> 0x2273
mem[X,0x80000762] -> 0x0030
[477] [M]: 0x80000760 (0x00302273) csrrs tp, fcsr, zero
CSR fcsr -> 0x00000041
x4 <- 0x00000041


mem[X,0x80000764] -> 0xA427
mem[X,0x80000766] -> 0x1DF0
[478] [M]: 0x80000764 (0x1DF0A427) fsw ft11, 456(ra)
mem[0x800024DC] <- 0xFFFFB24A


mem[X,0x80000768] -> 0xA623
mem[X,0x8000076A] -> 0x1C40
[479] [M]: 0x80000768 (0x1C40A623) sw tp, 460(ra)
mem[0x800024E0] <- 0x00000041


mem[X,0x8000076C] -> 0xAF07
mem[X,0x8000076E] -> 0x0E81
[480] [M]: 0x8000076C (0x0E81AF07) flw ft10, 232(gp)
mem[R,0x800020F8] -> 0xBE4923BB
f30 <- 0xFFFFFFFFBE4923BB


mem[X,0x80000770] -> 0x0113
mem[X,0x80000772] -> 0x0600
[481] [M]: 0x80000770 (0x06000113) addi sp, zero, 96
x2 <- 0x00000060


mem[X,0x80000774] -> 0x1073
mem[X,0x80000776] -> 0x0031
[482] [M]: 0x80000774 (0x00311073) csrrw zero, fcsr, sp
CSR fcsr -> 0x00000041
CSR fcsr <- 0x00000060 (input: 0x00000060)


mem[X,0x80000778] -> 0x7FD3
mem[X,0x8000077A] -> 0x440F
[483] [M]: 0x80000778 (0x440F7FD3) fcvt.h.s ft11, ft10, dyn
f31 <- 0xFFFFFFFFFFFFB249


mem[X,0x8000077C] -> 0x2273
mem[X,0x8000077E] -> 0x0030
[484] [M]: 0x8000077C (0x00302273) csrrs tp, fcsr, zero
CSR fcsr -> 0x00000061
x4 <- 0x00000061


mem[X,0x80000780] -> 0xA827
mem[X,0x80000782] -> 0x1DF0
[485] [M]: 0x80000780 (0x1DF0A827) fsw ft11, 464(ra)
mem[0x800024E4] <- 0xFFFFB249


mem[X,0x80000784] -> 0xAA23
mem[X,0x80000786] -> 0x1C40
[486] [M]: 0x80000784 (0x1C40AA23) sw tp, 468(ra)
mem[0x800024E8] <- 0x00000061


mem[X,0x80000788] -> 0xAF07
mem[X,0x8000078A] -> 0x0EC1
[487] [M]: 0x80000788 (0x0EC1AF07) flw ft10, 236(gp)
mem[R,0x800020FC] -> 0xBE4923BB
f30 <- 0xFFFFFFFFBE4923BB


mem[X,0x8000078C] -> 0x0113
mem[X,0x8000078E] -> 0x0800
[488] [M]: 0x8000078C (0x08000113) addi sp, zero, 128
x2 <- 0x00000080


mem[X,0x80000790] -> 0x1073
mem[X,0x80000792] -> 0x0031
[489] [M]: 0x80000790 (0x00311073) csrrw zero, fcsr, sp
CSR fcsr -> 0x00000061
CSR fcsr <- 0x00000080 (input: 0x00000080)


mem[X,0x80000794] -> 0x7FD3
mem[X,0x80000796] -> 0x440F
[490] [M]: 0x80000794 (0x440F7FD3) fcvt.h.s ft11, ft10, dyn
f31 <- 0xFFFFFFFFFFFFB249


mem[X,0x80000798] -> 0x2273
mem[X,0x8000079A] -> 0x0030
[491] [M]: 0x80000798 (0x00302273) csrrs tp, fcsr, zero
CSR fcsr -> 0x00000081
x4 <- 0x00000081


mem[X,0x8000079C] -> 0xAC27
mem[X,0x8000079E] -> 0x1DF0
[492] [M]: 0x8000079C (0x1DF0AC27) fsw ft11, 472(ra)
mem[0x800024EC] <- 0xFFFFB249


mem[X,0x800007A0] -> 0xAE23
mem[X,0x800007A2] -> 0x1C40
[493] [M]: 0x800007A0 (0x1C40AE23) sw tp, 476(ra)
mem[0x800024F0] <- 0x00000081


mem[X,0x800007A4] -> 0xAF07
mem[X,0x800007A6] -> 0x0F01
[494] [M]: 0x800007A4 (0x0F01AF07) flw ft10, 240(gp)
mem[R,0x80002100] -> 0xBE4923BC
f30 <- 0xFFFFFFFFBE4923BC


mem[X,0x800007A8] -> 0x0113
mem[X,0x800007AA] -> 0x0000
[495] [M]: 0x800007A8 (0x00000113) addi sp, zero, 0
x2 <- 0x00000000


mem[X,0x800007AC] -> 0x1073
mem[X,0x800007AE] -> 0x0031
[496] [M]: 0x800007AC (0x00311073) csrrw zero, fcsr, sp
CSR fcsr -> 0x00000081
CSR fcsr <- 0x00000000 (input: 0x00000000)


mem[X,0x800007B0] -> 0x7FD3
mem[X,0x800007B2] -> 0x440F
[497] [M]: 0x800007B0 (0x440F7FD3) fcvt.h.s ft11, ft10, dyn
f31 <- 0xFFFFFFFFFFFFB249


mem[X,0x800007B4] -> 0x2273
mem[X,0x800007B6] -> 0x0030
[498] [M]: 0x800007B4 (0x00302273) csrrs tp, fcsr, zero
CSR fcsr -> 0x00000001
x4 <- 0x00000001


mem[X,0x800007B8] -> 0xA027
mem[X,0x800007BA] -> 0x1FF0
[499] [M]: 0x800007B8 (0x1FF0A027) fsw ft11, 480(ra)
mem[0x800024F4] <- 0xFFFFB249


clint::tick mtime <- 0x0000000000000005
 clint timer pending at mtime 0x0000000000000005
htif::tick 0x0000000000000000
mem[X,0x800007BC] -> 0xA223
mem[X,0x800007BE] -> 0x1E40
[500] [M]: 0x800007BC (0x1E40A223) sw tp, 484(ra)
mem[0x800024F8] <- 0x00000001


mem[X,0x800007C0] -> 0xAF07
mem[X,0x800007C2] -> 0x0F41
[501] [M]: 0x800007C0 (0x0F41AF07) flw ft10, 244(gp)
mem[R,0x80002104] -> 0xBE4923BC
f30 <- 0xFFFFFFFFBE4923BC


mem[X,0x800007C4] -> 0x0113
mem[X,0x800007C6] -> 0x0200
[502] [M]: 0x800007C4 (0x02000113) addi sp, zero, 32
x2 <- 0x00000020


mem[X,0x800007C8] -> 0x1073
mem[X,0x800007CA] -> 0x0031
[503] [M]: 0x800007C8 (0x00311073) csrrw zero, fcsr, sp
CSR fcsr -> 0x00000001
CSR fcsr <- 0x00000020 (input: 0x00000020)


mem[X,0x800007CC] -> 0x7FD3
mem[X,0x800007CE] -> 0x440F
[504] [M]: 0x800007CC (0x440F7FD3) fcvt.h.s ft11, ft10, dyn
f31 <- 0xFFFFFFFFFFFFB249


mem[X,0x800007D0] -> 0x2273
mem[X,0x800007D2] -> 0x0030
[505] [M]: 0x800007D0 (0x00302273) csrrs tp, fcsr, zero
CSR fcsr -> 0x00000021
x4 <- 0x00000021


mem[X,0x800007D4] -> 0xA427
mem[X,0x800007D6] -> 0x1FF0
[506] [M]: 0x800007D4 (0x1FF0A427) fsw ft11, 488(ra)
mem[0x800024FC] <- 0xFFFFB249


mem[X,0x800007D8] -> 0xA623
mem[X,0x800007DA] -> 0x1E40
[507] [M]: 0x800007D8 (0x1E40A623) sw tp, 492(ra)
mem[0x80002500] <- 0x00000021


mem[X,0x800007DC] -> 0xAF07
mem[X,0x800007DE] -> 0x0F81
[508] [M]: 0x800007DC (0x0F81AF07) flw ft10, 248(gp)
mem[R,0x80002108] -> 0xBE4923BC
f30 <- 0xFFFFFFFFBE4923BC


mem[X,0x800007E0] -> 0x0113
mem[X,0x800007E2] -> 0x0400
[509] [M]: 0x800007E0 (0x04000113) addi sp, zero, 64
x2 <- 0x00000040


mem[X,0x800007E4] -> 0x1073
mem[X,0x800007E6] -> 0x0031
[510] [M]: 0x800007E4 (0x00311073) csrrw zero, fcsr, sp
CSR fcsr -> 0x00000021
CSR fcsr <- 0x00000040 (input: 0x00000040)


mem[X,0x800007E8] -> 0x7FD3
mem[X,0x800007EA] -> 0x440F
[511] [M]: 0x800007E8 (0x440F7FD3) fcvt.h.s ft11, ft10, dyn
f31 <- 0xFFFFFFFFFFFFB24A


mem[X,0x800007EC] -> 0x2273
mem[X,0x800007EE] -> 0x0030
[512] [M]: 0x800007EC (0x00302273) csrrs tp, fcsr, zero
CSR fcsr -> 0x00000041
x4 <- 0x00000041


mem[X,0x800007F0] -> 0xA827
mem[X,0x800007F2] -> 0x1FF0
[513] [M]: 0x800007F0 (0x1FF0A827) fsw ft11, 496(ra)
mem[0x80002504] <- 0xFFFFB24A


mem[X,0x800007F4] -> 0xAA23
mem[X,0x800007F6] -> 0x1E40
[514] [M]: 0x800007F4 (0x1E40AA23) sw tp, 500(ra)
mem[0x80002508] <- 0x00000041


mem[X,0x800007F8] -> 0xAF07
mem[X,0x800007FA] -> 0x0FC1
[515] [M]: 0x800007F8 (0x0FC1AF07) flw ft10, 252(gp)
mem[R,0x8000210C] -> 0xBE4923BC
f30 <- 0xFFFFFFFFBE4923BC


mem[X,0x800007FC] -> 0x0113
mem[X,0x800007FE] -> 0x0600
[516] [M]: 0x800007FC (0x06000113) addi sp, zero, 96
x2 <- 0x00000060


mem[X,0x80000800] -> 0x1073
mem[X,0x80000802] -> 0x0031
[517] [M]: 0x80000800 (0x00311073) csrrw zero, fcsr, sp
CSR fcsr -> 0x00000041
CSR fcsr <- 0x00000060 (input: 0x00000060)


mem[X,0x80000804] -> 0x7FD3
mem[X,0x80000806] -> 0x440F
[518] [M]: 0x80000804 (0x440F7FD3) fcvt.h.s ft11, ft10, dyn
f31 <- 0xFFFFFFFFFFFFB249


mem[X,0x80000808] -> 0x2273
mem[X,0x8000080A] -> 0x0030
[519] [M]: 0x80000808 (0x00302273) csrrs tp, fcsr, zero
CSR fcsr -> 0x00000061
x4 <- 0x00000061


mem[X,0x8000080C] -> 0xAC27
mem[X,0x8000080E] -> 0x1FF0
[520] [M]: 0x8000080C (0x1FF0AC27) fsw ft11, 504(ra)
mem[0x8000250C] <- 0xFFFFB249


mem[X,0x80000810] -> 0xAE23
mem[X,0x80000812] -> 0x1E40
[521] [M]: 0x80000810 (0x1E40AE23) sw tp, 508(ra)
mem[0x80002510] <- 0x00000061


mem[X,0x80000814] -> 0xAF07
mem[X,0x80000816] -> 0x1001
[522] [M]: 0x80000814 (0x1001AF07) flw ft10, 256(gp)
mem[R,0x80002110] -> 0xBE4923BC
f30 <- 0xFFFFFFFFBE4923BC


mem[X,0x80000818] -> 0x0113
mem[X,0x8000081A] -> 0x0800
[523] [M]: 0x80000818 (0x08000113) addi sp, zero, 128
x2 <- 0x00000080


mem[X,0x8000081C] -> 0x1073
mem[X,0x8000081E] -> 0x0031
[524] [M]: 0x8000081C (0x00311073) csrrw zero, fcsr, sp
CSR fcsr -> 0x00000061
CSR fcsr <- 0x00000080 (input: 0x00000080)


mem[X,0x80000820] -> 0x7FD3
mem[X,0x80000822] -> 0x440F
[525] [M]: 0x80000820 (0x440F7FD3) fcvt.h.s ft11, ft10, dyn
f31 <- 0xFFFFFFFFFFFFB249


mem[X,0x80000824] -> 0x2273
mem[X,0x80000826] -> 0x0030
[526] [M]: 0x80000824 (0x00302273) csrrs tp, fcsr, zero
CSR fcsr -> 0x00000081
x4 <- 0x00000081


mem[X,0x80000828] -> 0xA027
mem[X,0x8000082A] -> 0x21F0
[527] [M]: 0x80000828 (0x21F0A027) fsw ft11, 512(ra)
mem[0x80002514] <- 0xFFFFB249


mem[X,0x8000082C] -> 0xA223
mem[X,0x8000082E] -> 0x2040
[528] [M]: 0x8000082C (0x2040A223) sw tp, 516(ra)
mem[0x80002518] <- 0x00000081


mem[X,0x80000830] -> 0xAF07
mem[X,0x80000832] -> 0x1041
[529] [M]: 0x80000830 (0x1041AF07) flw ft10, 260(gp)
mem[R,0x80002114] -> 0xBE4923BD
f30 <- 0xFFFFFFFFBE4923BD


mem[X,0x80000834] -> 0x0113
mem[X,0x80000836] -> 0x0000
[530] [M]: 0x80000834 (0x00000113) addi sp, zero, 0
x2 <- 0x00000000


mem[X,0x80000838] -> 0x1073
mem[X,0x8000083A] -> 0x0031
[531] [M]: 0x80000838 (0x00311073) csrrw zero, fcsr, sp
CSR fcsr -> 0x00000081
CSR fcsr <- 0x00000000 (input: 0x00000000)


mem[X,0x8000083C] -> 0x7FD3
mem[X,0x8000083E] -> 0x440F
[532] [M]: 0x8000083C (0x440F7FD3) fcvt.h.s ft11, ft10, dyn
f31 <- 0xFFFFFFFFFFFFB249


mem[X,0x80000840] -> 0x2273
mem[X,0x80000842] -> 0x0030
[533] [M]: 0x80000840 (0x00302273) csrrs tp, fcsr, zero
CSR fcsr -> 0x00000001
x4 <- 0x00000001


mem[X,0x80000844] -> 0xA427
mem[X,0x80000846] -> 0x21F0
[534] [M]: 0x80000844 (0x21F0A427) fsw ft11, 520(ra)
mem[0x8000251C] <- 0xFFFFB249


mem[X,0x80000848] -> 0xA623
mem[X,0x8000084A] -> 0x2040
[535] [M]: 0x80000848 (0x2040A623) sw tp, 524(ra)
mem[0x80002520] <- 0x00000001


mem[X,0x8000084C] -> 0xAF07
mem[X,0x8000084E] -> 0x1081
[536] [M]: 0x8000084C (0x1081AF07) flw ft10, 264(gp)
mem[R,0x80002118] -> 0xBE4923BD
f30 <- 0xFFFFFFFFBE4923BD


mem[X,0x80000850] -> 0x0113
mem[X,0x80000852] -> 0x0200
[537] [M]: 0x80000850 (0x02000113) addi sp, zero, 32
x2 <- 0x00000020


mem[X,0x80000854] -> 0x1073
mem[X,0x80000856] -> 0x0031
[538] [M]: 0x80000854 (0x00311073) csrrw zero, fcsr, sp
CSR fcsr -> 0x00000001
CSR fcsr <- 0x00000020 (input: 0x00000020)


mem[X,0x80000858] -> 0x7FD3
mem[X,0x8000085A] -> 0x440F
[539] [M]: 0x80000858 (0x440F7FD3) fcvt.h.s ft11, ft10, dyn
f31 <- 0xFFFFFFFFFFFFB249


mem[X,0x8000085C] -> 0x2273
mem[X,0x8000085E] -> 0x0030
[540] [M]: 0x8000085C (0x00302273) csrrs tp, fcsr, zero
CSR fcsr -> 0x00000021
x4 <- 0x00000021


mem[X,0x80000860] -> 0xA827
mem[X,0x80000862] -> 0x21F0
[541] [M]: 0x80000860 (0x21F0A827) fsw ft11, 528(ra)
mem[0x80002524] <- 0xFFFFB249


mem[X,0x80000864] -> 0xAA23
mem[X,0x80000866] -> 0x2040
[542] [M]: 0x80000864 (0x2040AA23) sw tp, 532(ra)
mem[0x80002528] <- 0x00000021


mem[X,0x80000868] -> 0xAF07
mem[X,0x8000086A] -> 0x10C1
[543] [M]: 0x80000868 (0x10C1AF07) flw ft10, 268(gp)
mem[R,0x8000211C] -> 0xBE4923BD
f30 <- 0xFFFFFFFFBE4923BD


mem[X,0x8000086C] -> 0x0113
mem[X,0x8000086E] -> 0x0400
[544] [M]: 0x8000086C (0x04000113) addi sp, zero, 64
x2 <- 0x00000040


mem[X,0x80000870] -> 0x1073
mem[X,0x80000872] -> 0x0031
[545] [M]: 0x80000870 (0x00311073) csrrw zero, fcsr, sp
CSR fcsr -> 0x00000021
CSR fcsr <- 0x00000040 (input: 0x00000040)


mem[X,0x80000874] -> 0x7FD3
mem[X,0x80000876] -> 0x440F
[546] [M]: 0x80000874 (0x440F7FD3) fcvt.h.s ft11, ft10, dyn
f31 <- 0xFFFFFFFFFFFFB24A


mem[X,0x80000878] -> 0x2273
mem[X,0x8000087A] -> 0x0030
[547] [M]: 0x80000878 (0x00302273) csrrs tp, fcsr, zero
CSR fcsr -> 0x00000041
x4 <- 0x00000041


mem[X,0x8000087C] -> 0xAC27
mem[X,0x8000087E] -> 0x21F0
[548] [M]: 0x8000087C (0x21F0AC27) fsw ft11, 536(ra)
mem[0x8000252C] <- 0xFFFFB24A


mem[X,0x80000880] -> 0xAE23
mem[X,0x80000882] -> 0x2040
[549] [M]: 0x80000880 (0x2040AE23) sw tp, 540(ra)
mem[0x80002530] <- 0x00000041


mem[X,0x80000884] -> 0xAF07
mem[X,0x80000886] -> 0x1101
[550] [M]: 0x80000884 (0x1101AF07) flw ft10, 272(gp)
mem[R,0x80002120] -> 0xBE4923BD
f30 <- 0xFFFFFFFFBE4923BD


mem[X,0x80000888] -> 0x0113
mem[X,0x8000088A] -> 0x0600
[551] [M]: 0x80000888 (0x06000113) addi sp, zero, 96
x2 <- 0x00000060


mem[X,0x8000088C] -> 0x1073
mem[X,0x8000088E] -> 0x0031
[552] [M]: 0x8000088C (0x00311073) csrrw zero, fcsr, sp
CSR fcsr -> 0x00000041
CSR fcsr <- 0x00000060 (input: 0x00000060)


mem[X,0x80000890] -> 0x7FD3
mem[X,0x80000892] -> 0x440F
[553] [M]: 0x80000890 (0x440F7FD3) fcvt.h.s ft11, ft10, dyn
f31 <- 0xFFFFFFFFFFFFB249


mem[X,0x80000894] -> 0x2273
mem[X,0x80000896] -> 0x0030
[554] [M]: 0x80000894 (0x00302273) csrrs tp, fcsr, zero
CSR fcsr -> 0x00000061
x4 <- 0x00000061


mem[X,0x80000898] -> 0xA027
mem[X,0x8000089A] -> 0x23F0
[555] [M]: 0x80000898 (0x23F0A027) fsw ft11, 544(ra)
mem[0x80002534] <- 0xFFFFB249


mem[X,0x8000089C] -> 0xA223
mem[X,0x8000089E] -> 0x2240
[556] [M]: 0x8000089C (0x2240A223) sw tp, 548(ra)
mem[0x80002538] <- 0x00000061


mem[X,0x800008A0] -> 0xAF07
mem[X,0x800008A2] -> 0x1141
[557] [M]: 0x800008A0 (0x1141AF07) flw ft10, 276(gp)
mem[R,0x80002124] -> 0xBE4923BD
f30 <- 0xFFFFFFFFBE4923BD


mem[X,0x800008A4] -> 0x0113
mem[X,0x800008A6] -> 0x0800
[558] [M]: 0x800008A4 (0x08000113) addi sp, zero, 128
x2 <- 0x00000080


mem[X,0x800008A8] -> 0x1073
mem[X,0x800008AA] -> 0x0031
[559] [M]: 0x800008A8 (0x00311073) csrrw zero, fcsr, sp
CSR fcsr -> 0x00000061
CSR fcsr <- 0x00000080 (input: 0x00000080)


mem[X,0x800008AC] -> 0x7FD3
mem[X,0x800008AE] -> 0x440F
[560] [M]: 0x800008AC (0x440F7FD3) fcvt.h.s ft11, ft10, dyn
f31 <- 0xFFFFFFFFFFFFB249


mem[X,0x800008B0] -> 0x2273
mem[X,0x800008B2] -> 0x0030
[561] [M]: 0x800008B0 (0x00302273) csrrs tp, fcsr, zero
CSR fcsr -> 0x00000081
x4 <- 0x00000081


mem[X,0x800008B4] -> 0xA427
mem[X,0x800008B6] -> 0x23F0
[562] [M]: 0x800008B4 (0x23F0A427) fsw ft11, 552(ra)
mem[0x8000253C] <- 0xFFFFB249


mem[X,0x800008B8] -> 0xA623
mem[X,0x800008BA] -> 0x2240
[563] [M]: 0x800008B8 (0x2240A623) sw tp, 556(ra)
mem[0x80002540] <- 0x00000081


mem[X,0x800008BC] -> 0xAF07
mem[X,0x800008BE] -> 0x1181
[564] [M]: 0x800008BC (0x1181AF07) flw ft10, 280(gp)
mem[R,0x80002128] -> 0xBE4923BE
f30 <- 0xFFFFFFFFBE4923BE


mem[X,0x800008C0] -> 0x0113
mem[X,0x800008C2] -> 0x0000
[565] [M]: 0x800008C0 (0x00000113) addi sp, zero, 0
x2 <- 0x00000000


mem[X,0x800008C4] -> 0x1073
mem[X,0x800008C6] -> 0x0031
[566] [M]: 0x800008C4 (0x00311073) csrrw zero, fcsr, sp
CSR fcsr -> 0x00000081
CSR fcsr <- 0x00000000 (input: 0x00000000)


mem[X,0x800008C8] -> 0x7FD3
mem[X,0x800008CA] -> 0x440F
[567] [M]: 0x800008C8 (0x440F7FD3) fcvt.h.s ft11, ft10, dyn
f31 <- 0xFFFFFFFFFFFFB249


mem[X,0x800008CC] -> 0x2273
mem[X,0x800008CE] -> 0x0030
[568] [M]: 0x800008CC (0x00302273) csrrs tp, fcsr, zero
CSR fcsr -> 0x00000001
x4 <- 0x00000001


mem[X,0x800008D0] -> 0xA827
mem[X,0x800008D2] -> 0x23F0
[569] [M]: 0x800008D0 (0x23F0A827) fsw ft11, 560(ra)
mem[0x80002544] <- 0xFFFFB249


mem[X,0x800008D4] -> 0xAA23
mem[X,0x800008D6] -> 0x2240
[570] [M]: 0x800008D4 (0x2240AA23) sw tp, 564(ra)
mem[0x80002548] <- 0x00000001


mem[X,0x800008D8] -> 0xAF07
mem[X,0x800008DA] -> 0x11C1
[571] [M]: 0x800008D8 (0x11C1AF07) flw ft10, 284(gp)
mem[R,0x8000212C] -> 0xBE4923BE
f30 <- 0xFFFFFFFFBE4923BE


mem[X,0x800008DC] -> 0x0113
mem[X,0x800008DE] -> 0x0200
[572] [M]: 0x800008DC (0x02000113) addi sp, zero, 32
x2 <- 0x00000020


mem[X,0x800008E0] -> 0x1073
mem[X,0x800008E2] -> 0x0031
[573] [M]: 0x800008E0 (0x00311073) csrrw zero, fcsr, sp
CSR fcsr -> 0x00000001
CSR fcsr <- 0x00000020 (input: 0x00000020)


mem[X,0x800008E4] -> 0x7FD3
mem[X,0x800008E6] -> 0x440F
[574] [M]: 0x800008E4 (0x440F7FD3) fcvt.h.s ft11, ft10, dyn
f31 <- 0xFFFFFFFFFFFFB249


mem[X,0x800008E8] -> 0x2273
mem[X,0x800008EA] -> 0x0030
[575] [M]: 0x800008E8 (0x00302273) csrrs tp, fcsr, zero
CSR fcsr -> 0x00000021
x4 <- 0x00000021


mem[X,0x800008EC] -> 0xAC27
mem[X,0x800008EE] -> 0x23F0
[576] [M]: 0x800008EC (0x23F0AC27) fsw ft11, 568(ra)
mem[0x8000254C] <- 0xFFFFB249


mem[X,0x800008F0] -> 0xAE23
mem[X,0x800008F2] -> 0x2240
[577] [M]: 0x800008F0 (0x2240AE23) sw tp, 572(ra)
mem[0x80002550] <- 0x00000021


mem[X,0x800008F4] -> 0xAF07
mem[X,0x800008F6] -> 0x1201
[578] [M]: 0x800008F4 (0x1201AF07) flw ft10, 288(gp)
mem[R,0x80002130] -> 0xBE4923BE
f30 <- 0xFFFFFFFFBE4923BE


mem[X,0x800008F8] -> 0x0113
mem[X,0x800008FA] -> 0x0400
[579] [M]: 0x800008F8 (0x04000113) addi sp, zero, 64
x2 <- 0x00000040


mem[X,0x800008FC] -> 0x1073
mem[X,0x800008FE] -> 0x0031
[580] [M]: 0x800008FC (0x00311073) csrrw zero, fcsr, sp
CSR fcsr -> 0x00000021
CSR fcsr <- 0x00000040 (input: 0x00000040)


mem[X,0x80000900] -> 0x7FD3
mem[X,0x80000902] -> 0x440F
[581] [M]: 0x80000900 (0x440F7FD3) fcvt.h.s ft11, ft10, dyn
f31 <- 0xFFFFFFFFFFFFB24A


mem[X,0x80000904] -> 0x2273
mem[X,0x80000906] -> 0x0030
[582] [M]: 0x80000904 (0x00302273) csrrs tp, fcsr, zero
CSR fcsr -> 0x00000041
x4 <- 0x00000041


mem[X,0x80000908] -> 0xA027
mem[X,0x8000090A] -> 0x25F0
[583] [M]: 0x80000908 (0x25F0A027) fsw ft11, 576(ra)
mem[0x80002554] <- 0xFFFFB24A


mem[X,0x8000090C] -> 0xA223
mem[X,0x8000090E] -> 0x2440
[584] [M]: 0x8000090C (0x2440A223) sw tp, 580(ra)
mem[0x80002558] <- 0x00000041


mem[X,0x80000910] -> 0xAF07
mem[X,0x80000912] -> 0x1241
[585] [M]: 0x80000910 (0x1241AF07) flw ft10, 292(gp)
mem[R,0x80002134] -> 0xBE4923BE
f30 <- 0xFFFFFFFFBE4923BE


mem[X,0x80000914] -> 0x0113
mem[X,0x80000916] -> 0x0600
[586] [M]: 0x80000914 (0x06000113) addi sp, zero, 96
x2 <- 0x00000060


mem[X,0x80000918] -> 0x1073
mem[X,0x8000091A] -> 0x0031
[587] [M]: 0x80000918 (0x00311073) csrrw zero, fcsr, sp
CSR fcsr -> 0x00000041
CSR fcsr <- 0x00000060 (input: 0x00000060)


mem[X,0x8000091C] -> 0x7FD3
mem[X,0x8000091E] -> 0x440F
[588] [M]: 0x8000091C (0x440F7FD3) fcvt.h.s ft11, ft10, dyn
f31 <- 0xFFFFFFFFFFFFB249


mem[X,0x80000920] -> 0x2273
mem[X,0x80000922] -> 0x0030
[589] [M]: 0x80000920 (0x00302273) csrrs tp, fcsr, zero
CSR fcsr -> 0x00000061
x4 <- 0x00000061


mem[X,0x80000924] -> 0xA427
mem[X,0x80000926] -> 0x25F0
[590] [M]: 0x80000924 (0x25F0A427) fsw ft11, 584(ra)
mem[0x8000255C] <- 0xFFFFB249


mem[X,0x80000928] -> 0xA623
mem[X,0x8000092A] -> 0x2440
[591] [M]: 0x80000928 (0x2440A623) sw tp, 588(ra)
mem[0x80002560] <- 0x00000061


mem[X,0x8000092C] -> 0xAF07
mem[X,0x8000092E] -> 0x1281
[592] [M]: 0x8000092C (0x1281AF07) flw ft10, 296(gp)
mem[R,0x80002138] -> 0xBE4923BE
f30 <- 0xFFFFFFFFBE4923BE


mem[X,0x80000930] -> 0x0113
mem[X,0x80000932] -> 0x0800
[593] [M]: 0x80000930 (0x08000113) addi sp, zero, 128
x2 <- 0x00000080


mem[X,0x80000934] -> 0x1073
mem[X,0x80000936] -> 0x0031
[594] [M]: 0x80000934 (0x00311073) csrrw zero, fcsr, sp
CSR fcsr -> 0x00000061
CSR fcsr <- 0x00000080 (input: 0x00000080)


mem[X,0x80000938] -> 0x7FD3
mem[X,0x8000093A] -> 0x440F
[595] [M]: 0x80000938 (0x440F7FD3) fcvt.h.s ft11, ft10, dyn
f31 <- 0xFFFFFFFFFFFFB249


mem[X,0x8000093C] -> 0x2273
mem[X,0x8000093E] -> 0x0030
[596] [M]: 0x8000093C (0x00302273) csrrs tp, fcsr, zero
CSR fcsr -> 0x00000081
x4 <- 0x00000081


mem[X,0x80000940] -> 0xA827
mem[X,0x80000942] -> 0x25F0
[597] [M]: 0x80000940 (0x25F0A827) fsw ft11, 592(ra)
mem[0x80002564] <- 0xFFFFB249


mem[X,0x80000944] -> 0xAA23
mem[X,0x80000946] -> 0x2440
[598] [M]: 0x80000944 (0x2440AA23) sw tp, 596(ra)
mem[0x80002568] <- 0x00000081


mem[X,0x80000948] -> 0xAF07
mem[X,0x8000094A] -> 0x12C1
[599] [M]: 0x80000948 (0x12C1AF07) flw ft10, 300(gp)
mem[R,0x8000213C] -> 0xBE4923BF
f30 <- 0xFFFFFFFFBE4923BF


clint::tick mtime <- 0x0000000000000006
 clint timer pending at mtime 0x0000000000000006
htif::tick 0x0000000000000000
mem[X,0x8000094C] -> 0x0113
mem[X,0x8000094E] -> 0x0000
[600] [M]: 0x8000094C (0x00000113) addi sp, zero, 0
x2 <- 0x00000000


mem[X,0x80000950] -> 0x1073
mem[X,0x80000952] -> 0x0031
[601] [M]: 0x80000950 (0x00311073) csrrw zero, fcsr, sp
CSR fcsr -> 0x00000081
CSR fcsr <- 0x00000000 (input: 0x00000000)


mem[X,0x80000954] -> 0x7FD3
mem[X,0x80000956] -> 0x440F
[602] [M]: 0x80000954 (0x440F7FD3) fcvt.h.s ft11, ft10, dyn
f31 <- 0xFFFFFFFFFFFFB249


mem[X,0x80000958] -> 0x2273
mem[X,0x8000095A] -> 0x0030
[603] [M]: 0x80000958 (0x00302273) csrrs tp, fcsr, zero
CSR fcsr -> 0x00000001
x4 <- 0x00000001


mem[X,0x8000095C] -> 0xAC27
mem[X,0x8000095E] -> 0x25F0
[604] [M]: 0x8000095C (0x25F0AC27) fsw ft11, 600(ra)
mem[0x8000256C] <- 0xFFFFB249


mem[X,0x80000960] -> 0xAE23
mem[X,0x80000962] -> 0x2440
[605] [M]: 0x80000960 (0x2440AE23) sw tp, 604(ra)
mem[0x80002570] <- 0x00000001


mem[X,0x80000964] -> 0xAF07
mem[X,0x80000966] -> 0x1301
[606] [M]: 0x80000964 (0x1301AF07) flw ft10, 304(gp)
mem[R,0x80002140] -> 0xBE4923BF
f30 <- 0xFFFFFFFFBE4923BF


mem[X,0x80000968] -> 0x0113
mem[X,0x8000096A] -> 0x0200
[607] [M]: 0x80000968 (0x02000113) addi sp, zero, 32
x2 <- 0x00000020


mem[X,0x8000096C] -> 0x1073
mem[X,0x8000096E] -> 0x0031
[608] [M]: 0x8000096C (0x00311073) csrrw zero, fcsr, sp
CSR fcsr -> 0x00000001
CSR fcsr <- 0x00000020 (input: 0x00000020)


mem[X,0x80000970] -> 0x7FD3
mem[X,0x80000972] -> 0x440F
[609] [M]: 0x80000970 (0x440F7FD3) fcvt.h.s ft11, ft10, dyn
f31 <- 0xFFFFFFFFFFFFB249


mem[X,0x80000974] -> 0x2273
mem[X,0x80000976] -> 0x0030
[610] [M]: 0x80000974 (0x00302273) csrrs tp, fcsr, zero
CSR fcsr -> 0x00000021
x4 <- 0x00000021


mem[X,0x80000978] -> 0xA027
mem[X,0x8000097A] -> 0x27F0
[611] [M]: 0x80000978 (0x27F0A027) fsw ft11, 608(ra)
mem[0x80002574] <- 0xFFFFB249


mem[X,0x8000097C] -> 0xA223
mem[X,0x8000097E] -> 0x2640
[612] [M]: 0x8000097C (0x2640A223) sw tp, 612(ra)
mem[0x80002578] <- 0x00000021


mem[X,0x80000980] -> 0xAF07
mem[X,0x80000982] -> 0x1341
[613] [M]: 0x80000980 (0x1341AF07) flw ft10, 308(gp)
mem[R,0x80002144] -> 0xBE4923BF
f30 <- 0xFFFFFFFFBE4923BF


mem[X,0x80000984] -> 0x0113
mem[X,0x80000986] -> 0x0400
[614] [M]: 0x80000984 (0x04000113) addi sp, zero, 64
x2 <- 0x00000040


mem[X,0x80000988] -> 0x1073
mem[X,0x8000098A] -> 0x0031
[615] [M]: 0x80000988 (0x00311073) csrrw zero, fcsr, sp
CSR fcsr -> 0x00000021
CSR fcsr <- 0x00000040 (input: 0x00000040)


mem[X,0x8000098C] -> 0x7FD3
mem[X,0x8000098E] -> 0x440F
[616] [M]: 0x8000098C (0x440F7FD3) fcvt.h.s ft11, ft10, dyn
f31 <- 0xFFFFFFFFFFFFB24A


mem[X,0x80000990] -> 0x2273
mem[X,0x80000992] -> 0x0030
[617] [M]: 0x80000990 (0x00302273) csrrs tp, fcsr, zero
CSR fcsr -> 0x00000041
x4 <- 0x00000041


mem[X,0x80000994] -> 0xA427
mem[X,0x80000996] -> 0x27F0
[618] [M]: 0x80000994 (0x27F0A427) fsw ft11, 616(ra)
mem[0x8000257C] <- 0xFFFFB24A


mem[X,0x80000998] -> 0xA623
mem[X,0x8000099A] -> 0x2640
[619] [M]: 0x80000998 (0x2640A623) sw tp, 620(ra)
mem[0x80002580] <- 0x00000041


mem[X,0x8000099C] -> 0xAF07
mem[X,0x8000099E] -> 0x1381
[620] [M]: 0x8000099C (0x1381AF07) flw ft10, 312(gp)
mem[R,0x80002148] -> 0xBE4923BF
f30 <- 0xFFFFFFFFBE4923BF


mem[X,0x800009A0] -> 0x0113
mem[X,0x800009A2] -> 0x0600
[621] [M]: 0x800009A0 (0x06000113) addi sp, zero, 96
x2 <- 0x00000060


mem[X,0x800009A4] -> 0x1073
mem[X,0x800009A6] -> 0x0031
[622] [M]: 0x800009A4 (0x00311073) csrrw zero, fcsr, sp
CSR fcsr -> 0x00000041
CSR fcsr <- 0x00000060 (input: 0x00000060)


mem[X,0x800009A8] -> 0x7FD3
mem[X,0x800009AA] -> 0x440F
[623] [M]: 0x800009A8 (0x440F7FD3) fcvt.h.s ft11, ft10, dyn
f31 <- 0xFFFFFFFFFFFFB249


mem[X,0x800009AC] -> 0x2273
mem[X,0x800009AE] -> 0x0030
[624] [M]: 0x800009AC (0x00302273) csrrs tp, fcsr, zero
CSR fcsr -> 0x00000061
x4 <- 0x00000061


mem[X,0x800009B0] -> 0xA827
mem[X,0x800009B2] -> 0x27F0
[625] [M]: 0x800009B0 (0x27F0A827) fsw ft11, 624(ra)
mem[0x80002584] <- 0xFFFFB249


mem[X,0x800009B4] -> 0xAA23
mem[X,0x800009B6] -> 0x2640
[626] [M]: 0x800009B4 (0x2640AA23) sw tp, 628(ra)
mem[0x80002588] <- 0x00000061


mem[X,0x800009B8] -> 0xAF07
mem[X,0x800009BA] -> 0x13C1
[627] [M]: 0x800009B8 (0x13C1AF07) flw ft10, 316(gp)
mem[R,0x8000214C] -> 0xBE4923BF
f30 <- 0xFFFFFFFFBE4923BF


mem[X,0x800009BC] -> 0x0113
mem[X,0x800009BE] -> 0x0800
[628] [M]: 0x800009BC (0x08000113) addi sp, zero, 128
x2 <- 0x00000080


mem[X,0x800009C0] -> 0x1073
mem[X,0x800009C2] -> 0x0031
[629] [M]: 0x800009C0 (0x00311073) csrrw zero, fcsr, sp
CSR fcsr -> 0x00000061
CSR fcsr <- 0x00000080 (input: 0x00000080)


mem[X,0x800009C4] -> 0x7FD3
mem[X,0x800009C6] -> 0x440F
[630] [M]: 0x800009C4 (0x440F7FD3) fcvt.h.s ft11, ft10, dyn
f31 <- 0xFFFFFFFFFFFFB249


mem[X,0x800009C8] -> 0x2273
mem[X,0x800009CA] -> 0x0030
[631] [M]: 0x800009C8 (0x00302273) csrrs tp, fcsr, zero
CSR fcsr -> 0x00000081
x4 <- 0x00000081


mem[X,0x800009CC] -> 0xAC27
mem[X,0x800009CE] -> 0x27F0
[632] [M]: 0x800009CC (0x27F0AC27) fsw ft11, 632(ra)
mem[0x8000258C] <- 0xFFFFB249


mem[X,0x800009D0] -> 0xAE23
mem[X,0x800009D2] -> 0x2640
[633] [M]: 0x800009D0 (0x2640AE23) sw tp, 636(ra)
mem[0x80002590] <- 0x00000081


mem[X,0x800009D4] -> 0x0013
mem[X,0x800009D6] -> 0x0000
[634] [M]: 0x800009D4 (0x00000013) addi zero, zero, 0


mem[X,0x800009D8] -> 0x0013
mem[X,0x800009DA] -> 0x0000
[635] [M]: 0x800009D8 (0x00000013) addi zero, zero, 0


mem[X,0x800009DC] -> 0x0013
mem[X,0x800009DE] -> 0x0000
[636] [M]: 0x800009DC (0x00000013) addi zero, zero, 0


mem[X,0x800009E0] -> 0x0093
mem[X,0x800009E2] -> 0x0010
[637] [M]: 0x800009E0 (0x00100093) addi ra, zero, 1
x1 <- 0x00000001


mem[X,0x800009E4] -> 0x0F17
mem[X,0x800009E6] -> 0x0000
[638] [M]: 0x800009E4 (0x00000F17) auipc t5, 0
x30 <- 0x800009E4


mem[X,0x800009E8] -> 0x2E23
mem[X,0x800009EA] -> 0x601F
[639] [M]: 0x800009E8 (0x601F2E23) sw ra, 1564(t5)
htif[0x80001000] <- 0x00000001


mem[X,0x800009EC] -> 0xF06F
mem[X,0x800009EE] -> 0xFF9F
[640] [M]: 0x800009EC (0xFF9FF06F) jal zero, 2097144


mem[X,0x800009E4] -> 0x0F17
mem[X,0x800009E6] -> 0x0000
[641] [M]: 0x800009E4 (0x00000F17) auipc t5, 0
x30 <- 0x800009E4


mem[X,0x800009E8] -> 0x2E23
mem[X,0x800009EA] -> 0x601F
[642] [M]: 0x800009E8 (0x601F2E23) sw ra, 1564(t5)
htif[0x80001000] <- 0x00000001


mem[X,0x800009EC] -> 0xF06F
mem[X,0x800009EE] -> 0xFF9F
[643] [M]: 0x800009EC (0xFF9FF06F) jal zero, 2097144


mem[X,0x800009E4] -> 0x0F17
mem[X,0x800009E6] -> 0x0000
[644] [M]: 0x800009E4 (0x00000F17) auipc t5, 0
x30 <- 0x800009E4


mem[X,0x800009E8] -> 0x2E23
mem[X,0x800009EA] -> 0x601F
[645] [M]: 0x800009E8 (0x601F2E23) sw ra, 1564(t5)
htif[0x80001000] <- 0x00000001
htif-syscall-proxy cmd: 0x000000000001

SUCCESS
