using Reference-sail_c_simulator.signature for test-signature output.
[Sail] Allocating new block 0x80000000
tohost located at 0x80001000
[Sail] Allocating new block 0x0

Running file ref.elf.
ELF Entry @ 0x80000000
begin_signature: 0x80002210
end_signature: 0x80002320
CSR mstatus <- 0x00000000 (input: 0x00000000)
mem[X,0x00001000] -> 0x0297
mem[X,0x00001002] -> 0x0000
[0] [M]: 0x00001000 (0x00000297) auipc t0, 0
x5 <- 0x00001000


mem[X,0x00001004] -> 0x8593
mem[X,0x00001006] -> 0x0202
[1] [M]: 0x00001004 (0x02028593) addi a1, t0, 32
x11 <- 0x00001020


mem[X,0x00001008] -> 0x2573
mem[X,0x0000100A] -> 0xF140
[2] [M]: 0x00001008 (0xF1402573) csrrs a0, mhartid, zero
CSR mhartid -> 0x00000000
x10 <- 0x00000000


mem[X,0x0000100C] -> 0xA283
mem[X,0x0000100E] -> 0x0182
[3] [M]: 0x0000100C (0x0182A283) lw t0, 24(t0)
mem[R,0x00001018] -> 0x80000000
x5 <- 0x80000000


mem[X,0x00001010] -> 0x8067
mem[X,0x00001012] -> 0x0002
[4] [M]: 0x00001010 (0x00028067) jalr zero, t0, 0


mem[X,0x80000000] -> 0xC0B7
mem[X,0x80000002] -> 0xFEED
[5] [M]: 0x80000000 (0xFEEDC0B7) lui ra, 1044188
x1 <- 0xFEEDC000


mem[X,0x80000004] -> 0x8093
mem[X,0x80000006] -> 0xEAD0
[6] [M]: 0x80000004 (0xEAD08093) addi ra, ra, 3757
x1 <- 0xFEEDBEAD


mem[X,0x80000008] -> 0xE137
mem[X,0x8000000A] -> 0xFF76
[7] [M]: 0x80000008 (0xFF76E137) lui sp, 1046382
x2 <- 0xFF76E000


mem[X,0x8000000C] -> 0x0113
mem[X,0x8000000E] -> 0xF561
[8] [M]: 0x8000000C (0xF5610113) addi sp, sp, 3926
x2 <- 0xFF76DF56


mem[X,0x80000010] -> 0x71B7
mem[X,0x80000012] -> 0x7FBB
[9] [M]: 0x80000010 (0x7FBB71B7) lui gp, 523191
x3 <- 0x7FBB7000


mem[X,0x80000014] -> 0x8193
mem[X,0x80000016] -> 0xFAB1
[10] [M]: 0x80000014 (0xFAB18193) addi gp, gp, 4011
x3 <- 0x7FBB6FAB


mem[X,0x80000018] -> 0xB237
mem[X,0x8000001A] -> 0xBFDD
[11] [M]: 0x80000018 (0xBFDDB237) lui tp, 785883
x4 <- 0xBFDDB000


mem[X,0x8000001C] -> 0x0213
mem[X,0x8000001E] -> 0x7D52
[12] [M]: 0x8000001C (0x7D520213) addi tp, tp, 2005
x4 <- 0xBFDDB7D5


mem[X,0x80000020] -> 0x0297
mem[X,0x80000022] -> 0x0000
[13] [M]: 0x80000020 (0x00000297) auipc t0, 0
x5 <- 0x80000020


mem[X,0x80000024] -> 0x8293
mem[X,0x80000026] -> 0x0D82
[14] [M]: 0x80000024 (0x0D828293) addi t0, t0, 216
x5 <- 0x800000F8


mem[X,0x80000028] -> 0x2317
mem[X,0x8000002A] -> 0x0000
[15] [M]: 0x80000028 (0x00002317) auipc t1, 2
x6 <- 0x80002028


mem[X,0x8000002C] -> 0x0313
mem[X,0x8000002E] -> 0xFD83
[16] [M]: 0x8000002C (0xFD830313) addi t1, t1, 4056
x6 <- 0x80002000


mem[X,0x80000030] -> 0xB3B7
mem[X,0x80000032] -> 0xB7FB
[17] [M]: 0x80000030 (0xB7FBB3B7) lui t2, 753595
x7 <- 0xB7FBB000


mem[X,0x80000034] -> 0x8393
mem[X,0x80000036] -> 0x6FA3
[18] [M]: 0x80000034 (0x6FA38393) addi t2, t2, 1786
x7 <- 0xB7FBB6FA


mem[X,0x80000038] -> 0xE437
mem[X,0x8000003A] -> 0x5BFD
[19] [M]: 0x80000038 (0x5BFDE437) lui fp, 376798
x8 <- 0x5BFDE000


mem[X,0x8000003C] -> 0x0413
mem[X,0x8000003E] -> 0xB7D4
[20] [M]: 0x8000003C (0xB7D40413) addi fp, fp, 2941
x8 <- 0x5BFDDB7D


mem[X,0x80000040] -> 0xF4B7
mem[X,0x80000042] -> 0xADFE
[21] [M]: 0x80000040 (0xADFEF4B7) lui s1, 712687
x9 <- 0xADFEF000


mem[X,0x80000044] -> 0x8493
mem[X,0x80000046] -> 0xDBE4
[22] [M]: 0x80000044 (0xDBE48493) addi s1, s1, 3518
x9 <- 0xADFEEDBE


mem[X,0x80000048] -> 0x7537
mem[X,0x8000004A] -> 0x56FF
[23] [M]: 0x80000048 (0x56FF7537) lui a0, 356343
x10 <- 0x56FF7000


mem[X,0x8000004C] -> 0x0513
mem[X,0x8000004E] -> 0x6DF5
[24] [M]: 0x8000004C (0x6DF50513) addi a0, a0, 1759
x10 <- 0x56FF76DF


mem[X,0x80000050] -> 0xC5B7
mem[X,0x80000052] -> 0xAB7F
[25] [M]: 0x80000050 (0xAB7FC5B7) lui a1, 702460
x11 <- 0xAB7FC000


mem[X,0x80000054] -> 0x8593
mem[X,0x80000056] -> 0xB6F5
[26] [M]: 0x80000054 (0xB6F58593) addi a1, a1, 2927
x11 <- 0xAB7FBB6F


mem[X,0x80000058] -> 0xE637
mem[X,0x8000005A] -> 0xD5BF
[27] [M]: 0x80000058 (0xD5BFE637) lui a2, 875518
x12 <- 0xD5BFE000


mem[X,0x8000005C] -> 0x0613
mem[X,0x8000005E] -> 0xDB76
[28] [M]: 0x8000005C (0xDB760613) addi a2, a2, 3511
x12 <- 0xD5BFDDB7


mem[X,0x80000060] -> 0xF6B7
mem[X,0x80000062] -> 0xEADF
[29] [M]: 0x80000060 (0xEADFF6B7) lui a3, 962047
x13 <- 0xEADFF000


mem[X,0x80000064] -> 0x8693
mem[X,0x80000066] -> 0xEDB6
[30] [M]: 0x80000064 (0xEDB68693) addi a3, a3, 3803
x13 <- 0xEADFEEDB


mem[X,0x80000068] -> 0xF737
mem[X,0x8000006A] -> 0xF56F
[31] [M]: 0x80000068 (0xF56FF737) lui a4, 1005311
x14 <- 0xF56FF000


mem[X,0x8000006C] -> 0x0713
mem[X,0x8000006E] -> 0x76D7
[32] [M]: 0x8000006C (0x76D70713) addi a4, a4, 1901
x14 <- 0xF56FF76D


mem[X,0x80000070] -> 0x07B7
mem[X,0x80000072] -> 0xFAB8
[33] [M]: 0x80000070 (0xFAB807B7) lui a5, 1026944
x15 <- 0xFAB80000


mem[X,0x80000074] -> 0x8793
mem[X,0x80000076] -> 0xBB67
[34] [M]: 0x80000074 (0xBB678793) addi a5, a5, 2998
x15 <- 0xFAB7FBB6


mem[X,0x80000078] -> 0x0837
mem[X,0x8000007A] -> 0x7D5C
[35] [M]: 0x80000078 (0x7D5C0837) lui a6, 513472
x16 <- 0x7D5C0000


mem[X,0x8000007C] -> 0x0813
mem[X,0x8000007E] -> 0xDDB8
[36] [M]: 0x8000007C (0xDDB80813) addi a6, a6, 3547
x16 <- 0x7D5BFDDB


mem[X,0x80000080] -> 0x08B7
mem[X,0x80000082] -> 0xBEAE
[37] [M]: 0x80000080 (0xBEAE08B7) lui a7, 781024
x17 <- 0xBEAE0000


mem[X,0x80000084] -> 0x8893
mem[X,0x80000086] -> 0xEED8
[38] [M]: 0x80000084 (0xEED88893) addi a7, a7, 3821
x17 <- 0xBEADFEED


mem[X,0x80000088] -> 0x0937
mem[X,0x8000008A] -> 0xDF57
[39] [M]: 0x80000088 (0xDF570937) lui s2, 914800
x18 <- 0xDF570000


mem[X,0x8000008C] -> 0x0913
mem[X,0x8000008E] -> 0xF769
[40] [M]: 0x8000008C (0xF7690913) addi s2, s2, 3958
x18 <- 0xDF56FF76


mem[X,0x80000090] -> 0x89B7
mem[X,0x80000092] -> 0x6FAB
[41] [M]: 0x80000090 (0x6FAB89B7) lui s3, 457400
x19 <- 0x6FAB8000


mem[X,0x80000094] -> 0x8993
mem[X,0x80000096] -> 0xFBB9
[42] [M]: 0x80000094 (0xFBB98993) addi s3, s3, 4027
x19 <- 0x6FAB7FBB


mem[X,0x80000098] -> 0xCA37
mem[X,0x8000009A] -> 0xB7D5
[43] [M]: 0x80000098 (0xB7D5CA37) lui s4, 752988
x20 <- 0xB7D5C000


mem[X,0x8000009C] -> 0x0A13
mem[X,0x8000009E] -> 0xFDDA
[44] [M]: 0x8000009C (0xFDDA0A13) addi s4, s4, 4061
x20 <- 0xB7D5BFDD


mem[X,0x800000A0] -> 0xEAB7
mem[X,0x800000A2] -> 0xDBEA
[45] [M]: 0x800000A0 (0xDBEAEAB7) lui s5, 900782
x21 <- 0xDBEAE000


mem[X,0x800000A4] -> 0x8A93
mem[X,0x800000A6] -> 0xFEEA
[46] [M]: 0x800000A4 (0xFEEA8A93) addi s5, s5, 4078
x21 <- 0xDBEADFEE


mem[X,0x800000A8] -> 0x7B37
mem[X,0x800000AA] -> 0x6DF5
[47] [M]: 0x800000A8 (0x6DF57B37) lui s6, 450391
x22 <- 0x6DF57000


mem[X,0x800000AC] -> 0x0B13
mem[X,0x800000AE] -> 0xFF7B
[48] [M]: 0x800000AC (0xFF7B0B13) addi s6, s6, 4087
x22 <- 0x6DF56FF7


mem[X,0x800000B0] -> 0xBBB7
mem[X,0x800000B2] -> 0xB6FA
[49] [M]: 0x800000B0 (0xB6FABBB7) lui s7, 749483
x23 <- 0xB6FAB000


mem[X,0x800000B4] -> 0x8B93
mem[X,0x800000B6] -> 0x7FBB
[50] [M]: 0x800000B4 (0x7FBB8B93) addi s7, s7, 2043
x23 <- 0xB6FAB7FB


mem[X,0x800000B8] -> 0x6C37
mem[X,0x800000BA] -> 0xDB7D
[51] [M]: 0x800000B8 (0xDB7D6C37) lui s8, 899030
x24 <- 0xDB7D6000


mem[X,0x800000BC] -> 0x0C13
mem[X,0x800000BE] -> 0xBFDC
[52] [M]: 0x800000BC (0xBFDC0C13) addi s8, s8, 3069
x24 <- 0xDB7D5BFD


mem[X,0x800000C0] -> 0xBCB7
mem[X,0x800000C2] -> 0xEDBE
[53] [M]: 0x800000C0 (0xEDBEBCB7) lui s9, 973803
x25 <- 0xEDBEB000


mem[X,0x800000C4] -> 0x8C93
mem[X,0x800000C6] -> 0xDFEC
[54] [M]: 0x800000C4 (0xDFEC8C93) addi s9, s9, 3582
x25 <- 0xEDBEADFE


mem[X,0x800000C8] -> 0x5D37
mem[X,0x800000CA] -> 0x76DF
[55] [M]: 0x800000C8 (0x76DF5D37) lui s10, 486901
x26 <- 0x76DF5000


mem[X,0x800000CC] -> 0x0D13
mem[X,0x800000CE] -> 0x6FFD
[56] [M]: 0x800000CC (0x6FFD0D13) addi s10, s10, 1791
x26 <- 0x76DF56FF


mem[X,0x800000D0] -> 0xBDB7
mem[X,0x800000D2] -> 0xBB6F
[57] [M]: 0x800000D0 (0xBB6FBDB7) lui s11, 767739
x27 <- 0xBB6FB000


mem[X,0x800000D4] -> 0x8D93
mem[X,0x800000D6] -> 0xB7FD
[58] [M]: 0x800000D4 (0xB7FD8D93) addi s11, s11, 2943
x27 <- 0xBB6FAB7F


mem[X,0x800000D8] -> 0xDE37
mem[X,0x800000DA] -> 0xDDB7
[59] [M]: 0x800000D8 (0xDDB7DE37) lui t3, 908157
x28 <- 0xDDB7D000


mem[X,0x800000DC] -> 0x0E13
mem[X,0x800000DE] -> 0x5BFE
[60] [M]: 0x800000DC (0x5BFE0E13) addi t3, t3, 1471
x28 <- 0xDDB7D5BF


mem[X,0x800000E0] -> 0xFEB7
mem[X,0x800000E2] -> 0xEEDB
[61] [M]: 0x800000E0 (0xEEDBFEB7) lui t4, 978367
x29 <- 0xEEDBF000


mem[X,0x800000E4] -> 0x8E93
mem[X,0x800000E6] -> 0xADFE
[62] [M]: 0x800000E4 (0xADFE8E93) addi t4, t4, 2783
x29 <- 0xEEDBEADF


mem[X,0x800000E8] -> 0xFF37
mem[X,0x800000EA] -> 0xF76D
[63] [M]: 0x800000E8 (0xF76DFF37) lui t5, 1013471
x30 <- 0xF76DF000


mem[X,0x800000EC] -> 0x0F13
mem[X,0x800000EE] -> 0x56FF
[64] [M]: 0x800000EC (0x56FF0F13) addi t5, t5, 1391
x30 <- 0xF76DF56F


mem[X,0x800000F0] -> 0x0FB7
mem[X,0x800000F2] -> 0xFBB7
[65] [M]: 0x800000F0 (0xFBB70FB7) lui t6, 1031024
x31 <- 0xFBB70000


mem[X,0x800000F4] -> 0x8F93
mem[X,0x800000F6] -> 0xAB7F
[66] [M]: 0x800000F4 (0xAB7F8F93) addi t6, t6, 2743
x31 <- 0xFBB6FAB7


mem[X,0x800000F8] -> 0x2537
mem[X,0x800000FA] -> 0x0000
[67] [M]: 0x800000F8 (0x00002537) lui a0, 2
x10 <- 0x00002000


mem[X,0x800000FC] -> 0x2073
mem[X,0x800000FE] -> 0x3005
[68] [M]: 0x800000FC (0x30052073) csrrs zero, mstatus, a0
CSR mstatus -> 0x00000000
CSR mstatus <- 0x00002000 (input: 0x00002000)


mem[X,0x80000100] -> 0x5073
mem[X,0x80000102] -> 0x0030
[69] [M]: 0x80000100 (0x00305073) csrrwi zero, fcsr, 0
CSR fcsr -> 0x00000000
CSR fcsr <- 0x00000000 (input: 0x00000000)


mem[X,0x80000104] -> 0x2197
mem[X,0x80000106] -> 0x0000
[70] [M]: 0x80000104 (0x00002197) auipc gp, 2
x3 <- 0x80002104


mem[X,0x80000108] -> 0x8193
mem[X,0x8000010A] -> 0xF0C1
[71] [M]: 0x80000108 (0xF0C18193) addi gp, gp, 3852
x3 <- 0x80002010


mem[X,0x8000010C] -> 0x2097
mem[X,0x8000010E] -> 0x0000
[72] [M]: 0x8000010C (0x00002097) auipc ra, 2
x1 <- 0x8000210C


mem[X,0x80000110] -> 0x8093
mem[X,0x80000112] -> 0x1080
[73] [M]: 0x80000110 (0x10808093) addi ra, ra, 264
x1 <- 0x80002214


mem[X,0x80000114] -> 0x2F97
mem[X,0x80000116] -> 0x0000
[74] [M]: 0x80000114 (0x00002F97) auipc t6, 2
x31 <- 0x80002114


mem[X,0x80000118] -> 0x8F93
mem[X,0x8000011A] -> 0xEF0F
[75] [M]: 0x80000118 (0xEF0F8F93) addi t6, t6, 3824
x31 <- 0x80002004


mem[X,0x8000011C] -> 0x0113
mem[X,0x8000011E] -> 0x09F0
[76] [M]: 0x8000011C (0x09F00113) addi sp, zero, 159
x2 <- 0x0000009F


mem[X,0x80000120] -> 0x1073
mem[X,0x80000122] -> 0x0031
[77] [M]: 0x80000120 (0x00311073) csrrw zero, fcsr, sp
CSR fcsr -> 0x00000000
CSR fcsr <- 0x0000009F (input: 0x0000009F)


mem[X,0x80000124] -> 0x9F87
mem[X,0x80000126] -> 0xFFCF
[78] [M]: 0x80000124 (0xFFCF9F87) flh ft11, 4092(t6)
mem[R,0x80002000] -> 0xCAFE
f31 <- 0xFFFFFFFFFFFFCAFE


mem[X,0x80000128] -> 0x0013
mem[X,0x8000012A] -> 0x0000
[79] [M]: 0x80000128 (0x00000013) addi zero, zero, 0


mem[X,0x8000012C] -> 0x0013
mem[X,0x8000012E] -> 0x0000
[80] [M]: 0x8000012C (0x00000013) addi zero, zero, 0


mem[X,0x80000130] -> 0x2273
mem[X,0x80000132] -> 0x0030
[81] [M]: 0x80000130 (0x00302273) csrrs tp, fcsr, zero
CSR fcsr -> 0x0000009F
x4 <- 0x0000009F


mem[X,0x80000134] -> 0xA027
mem[X,0x80000136] -> 0x01F0
[82] [M]: 0x80000134 (0x01F0A027) fsw ft11, 0(ra)
mem[0x80002214] <- 0xFFFFCAFE


mem[X,0x80000138] -> 0xA223
mem[X,0x8000013A] -> 0x0040
[83] [M]: 0x80000138 (0x0040A223) sw tp, 4(ra)
mem[0x80002218] <- 0x0000009F


mem[X,0x8000013C] -> 0x2F17
mem[X,0x8000013E] -> 0x0000
[84] [M]: 0x8000013C (0x00002F17) auipc t5, 2
x30 <- 0x8000213C


mem[X,0x80000140] -> 0x0F13
mem[X,0x80000142] -> 0xEC7F
[85] [M]: 0x80000140 (0xEC7F0F13) addi t5, t5, 3783
x30 <- 0x80002003


mem[X,0x80000144] -> 0x0113
mem[X,0x80000146] -> 0x09F0
[86] [M]: 0x80000144 (0x09F00113) addi sp, zero, 159
x2 <- 0x0000009F


mem[X,0x80000148] -> 0x1073
mem[X,0x8000014A] -> 0x0031
[87] [M]: 0x80000148 (0x00311073) csrrw zero, fcsr, sp
CSR fcsr -> 0x0000009F
CSR fcsr <- 0x0000009F (input: 0x0000009F)


mem[X,0x8000014C] -> 0x1F07
mem[X,0x8000014E] -> 0xFFDF
[88] [M]: 0x8000014C (0xFFDF1F07) flh ft10, 4093(t5)
mem[R,0x80002000] -> 0xCAFE
f30 <- 0xFFFFFFFFFFFFCAFE


mem[X,0x80000150] -> 0x0013
mem[X,0x80000152] -> 0x0000
[89] [M]: 0x80000150 (0x00000013) addi zero, zero, 0


mem[X,0x80000154] -> 0x0013
mem[X,0x80000156] -> 0x0000
[90] [M]: 0x80000154 (0x00000013) addi zero, zero, 0


mem[X,0x80000158] -> 0x2273
mem[X,0x8000015A] -> 0x0030
[91] [M]: 0x80000158 (0x00302273) csrrs tp, fcsr, zero
CSR fcsr -> 0x0000009F
x4 <- 0x0000009F


mem[X,0x8000015C] -> 0xA427
mem[X,0x8000015E] -> 0x01E0
[92] [M]: 0x8000015C (0x01E0A427) fsw ft10, 8(ra)
mem[0x8000221C] <- 0xFFFFCAFE


mem[X,0x80000160] -> 0xA623
mem[X,0x80000162] -> 0x0040
[93] [M]: 0x80000160 (0x0040A623) sw tp, 12(ra)
mem[0x80002220] <- 0x0000009F


mem[X,0x80000164] -> 0x2E97
mem[X,0x80000166] -> 0x0000
[94] [M]: 0x80000164 (0x00002E97) auipc t4, 2
x29 <- 0x80002164


mem[X,0x80000168] -> 0x8E93
mem[X,0x8000016A] -> 0xEA2E
[95] [M]: 0x80000168 (0xEA2E8E93) addi t4, t4, 3746
x29 <- 0x80002006


mem[X,0x8000016C] -> 0x0113
mem[X,0x8000016E] -> 0x09F0
[96] [M]: 0x8000016C (0x09F00113) addi sp, zero, 159
x2 <- 0x0000009F


mem[X,0x80000170] -> 0x1073
mem[X,0x80000172] -> 0x0031
[97] [M]: 0x80000170 (0x00311073) csrrw zero, fcsr, sp
CSR fcsr -> 0x0000009F
CSR fcsr <- 0x0000009F (input: 0x0000009F)


mem[X,0x80000174] -> 0x9E87
mem[X,0x80000176] -> 0xFFAE
[98] [M]: 0x80000174 (0xFFAE9E87) flh ft9, 4090(t4)
mem[R,0x80002000] -> 0xCAFE
f29 <- 0xFFFFFFFFFFFFCAFE


mem[X,0x80000178] -> 0x0013
mem[X,0x8000017A] -> 0x0000
[99] [M]: 0x80000178 (0x00000013) addi zero, zero, 0


clint::tick mtime <- 0x0000000000000001
 clint timer pending at mtime 0x0000000000000001
htif::tick 0x0000000000000000
mem[X,0x8000017C] -> 0x0013
mem[X,0x8000017E] -> 0x0000
[100] [M]: 0x8000017C (0x00000013) addi zero, zero, 0


mem[X,0x80000180] -> 0x2273
mem[X,0x80000182] -> 0x0030
[101] [M]: 0x80000180 (0x00302273) csrrs tp, fcsr, zero
CSR fcsr -> 0x0000009F
x4 <- 0x0000009F


mem[X,0x80000184] -> 0xA827
mem[X,0x80000186] -> 0x01D0
[102] [M]: 0x80000184 (0x01D0A827) fsw ft9, 16(ra)
mem[0x80002224] <- 0xFFFFCAFE


mem[X,0x80000188] -> 0xAA23
mem[X,0x8000018A] -> 0x0040
[103] [M]: 0x80000188 (0x0040AA23) sw tp, 20(ra)
mem[0x80002228] <- 0x0000009F


mem[X,0x8000018C] -> 0x1E17
mem[X,0x8000018E] -> 0x0000
[104] [M]: 0x8000018C (0x00001E17) auipc t3, 1
x28 <- 0x8000118C


mem[X,0x80000190] -> 0x0E13
mem[X,0x80000192] -> 0x675E
[105] [M]: 0x80000190 (0x675E0E13) addi t3, t3, 1653
x28 <- 0x80001801


mem[X,0x80000194] -> 0x0113
mem[X,0x80000196] -> 0x09F0
[106] [M]: 0x80000194 (0x09F00113) addi sp, zero, 159
x2 <- 0x0000009F


mem[X,0x80000198] -> 0x1073
mem[X,0x8000019A] -> 0x0031
[107] [M]: 0x80000198 (0x00311073) csrrw zero, fcsr, sp
CSR fcsr -> 0x0000009F
CSR fcsr <- 0x0000009F (input: 0x0000009F)


mem[X,0x8000019C] -> 0x1E07
mem[X,0x8000019E] -> 0x7FFE
[108] [M]: 0x8000019C (0x7FFE1E07) flh ft8, 2047(t3)
mem[R,0x80002000] -> 0xCAFE
f28 <- 0xFFFFFFFFFFFFCAFE


mem[X,0x800001A0] -> 0x0013
mem[X,0x800001A2] -> 0x0000
[109] [M]: 0x800001A0 (0x00000013) addi zero, zero, 0


mem[X,0x800001A4] -> 0x0013
mem[X,0x800001A6] -> 0x0000
[110] [M]: 0x800001A4 (0x00000013) addi zero, zero, 0


mem[X,0x800001A8] -> 0x2273
mem[X,0x800001AA] -> 0x0030
[111] [M]: 0x800001A8 (0x00302273) csrrs tp, fcsr, zero
CSR fcsr -> 0x0000009F
x4 <- 0x0000009F


mem[X,0x800001AC] -> 0xAC27
mem[X,0x800001AE] -> 0x01C0
[112] [M]: 0x800001AC (0x01C0AC27) fsw ft8, 24(ra)
mem[0x8000222C] <- 0xFFFFCAFE


mem[X,0x800001B0] -> 0xAE23
mem[X,0x800001B2] -> 0x0040
[113] [M]: 0x800001B0 (0x0040AE23) sw tp, 28(ra)
mem[0x80002230] <- 0x0000009F


mem[X,0x800001B4] -> 0x2D97
mem[X,0x800001B6] -> 0x0000
[114] [M]: 0x800001B4 (0x00002D97) auipc s11, 2
x27 <- 0x800021B4


mem[X,0x800001B8] -> 0x8D93
mem[X,0x800001BA] -> 0xE4CD
[115] [M]: 0x800001B8 (0xE4CD8D93) addi s11, s11, 3660
x27 <- 0x80002000


mem[X,0x800001BC] -> 0x0113
mem[X,0x800001BE] -> 0x09F0
[116] [M]: 0x800001BC (0x09F00113) addi sp, zero, 159
x2 <- 0x0000009F


mem[X,0x800001C0] -> 0x1073
mem[X,0x800001C2] -> 0x0031
[117] [M]: 0x800001C0 (0x00311073) csrrw zero, fcsr, sp
CSR fcsr -> 0x0000009F
CSR fcsr <- 0x0000009F (input: 0x0000009F)


mem[X,0x800001C4] -> 0x9D87
mem[X,0x800001C6] -> 0x000D
[118] [M]: 0x800001C4 (0x000D9D87) flh fs11, 0(s11)
mem[R,0x80002000] -> 0xCAFE
f27 <- 0xFFFFFFFFFFFFCAFE


mem[X,0x800001C8] -> 0x0013
mem[X,0x800001CA] -> 0x0000
[119] [M]: 0x800001C8 (0x00000013) addi zero, zero, 0


mem[X,0x800001CC] -> 0x0013
mem[X,0x800001CE] -> 0x0000
[120] [M]: 0x800001CC (0x00000013) addi zero, zero, 0


mem[X,0x800001D0] -> 0x2273
mem[X,0x800001D2] -> 0x0030
[121] [M]: 0x800001D0 (0x00302273) csrrs tp, fcsr, zero
CSR fcsr -> 0x0000009F
x4 <- 0x0000009F


mem[X,0x800001D4] -> 0xA027
mem[X,0x800001D6] -> 0x03B0
[122] [M]: 0x800001D4 (0x03B0A027) fsw fs11, 32(ra)
mem[0x80002234] <- 0xFFFFCAFE


mem[X,0x800001D8] -> 0xA223
mem[X,0x800001DA] -> 0x0240
[123] [M]: 0x800001D8 (0x0240A223) sw tp, 36(ra)
mem[0x80002238] <- 0x0000009F


mem[X,0x800001DC] -> 0x2D17
mem[X,0x800001DE] -> 0x0000
[124] [M]: 0x800001DC (0x00002D17) auipc s10, 2
x26 <- 0x800021DC


mem[X,0x800001E0] -> 0x0D13
mem[X,0x800001E2] -> 0x624D
[125] [M]: 0x800001E0 (0x624D0D13) addi s10, s10, 1572
x26 <- 0x80002800


mem[X,0x800001E4] -> 0x0113
mem[X,0x800001E6] -> 0x0000
[126] [M]: 0x800001E4 (0x00000113) addi sp, zero, 0
x2 <- 0x00000000


mem[X,0x800001E8] -> 0x1073
mem[X,0x800001EA] -> 0x0031
[127] [M]: 0x800001E8 (0x00311073) csrrw zero, fcsr, sp
CSR fcsr -> 0x0000009F
CSR fcsr <- 0x00000000 (input: 0x00000000)


mem[X,0x800001EC] -> 0x1D07
mem[X,0x800001EE] -> 0x800D
[128] [M]: 0x800001EC (0x800D1D07) flh fs10, 2048(s10)
mem[R,0x80002000] -> 0xCAFE
f26 <- 0xFFFFFFFFFFFFCAFE


mem[X,0x800001F0] -> 0x0013
mem[X,0x800001F2] -> 0x0000
[129] [M]: 0x800001F0 (0x00000013) addi zero, zero, 0


mem[X,0x800001F4] -> 0x0013
mem[X,0x800001F6] -> 0x0000
[130] [M]: 0x800001F4 (0x00000013) addi zero, zero, 0


mem[X,0x800001F8] -> 0x2273
mem[X,0x800001FA] -> 0x0030
[131] [M]: 0x800001F8 (0x00302273) csrrs tp, fcsr, zero
CSR fcsr -> 0x00000000
x4 <- 0x00000000


mem[X,0x800001FC] -> 0xA427
mem[X,0x800001FE] -> 0x03A0
[132] [M]: 0x800001FC (0x03A0A427) fsw fs10, 40(ra)
mem[0x8000223C] <- 0xFFFFCAFE


mem[X,0x80000200] -> 0xA623
mem[X,0x80000202] -> 0x0240
[133] [M]: 0x80000200 (0x0240A623) sw tp, 44(ra)
mem[0x80002240] <- 0x00000000


mem[X,0x80000204] -> 0x2C97
mem[X,0x80000206] -> 0x0000
[134] [M]: 0x80000204 (0x00002C97) auipc s9, 2
x25 <- 0x80002204


mem[X,0x80000208] -> 0x8C93
mem[X,0x8000020A] -> 0x5FCC
[135] [M]: 0x80000208 (0x5FCC8C93) addi s9, s9, 1532
x25 <- 0x80002800


mem[X,0x8000020C] -> 0x0113
mem[X,0x8000020E] -> 0x0000
[136] [M]: 0x8000020C (0x00000113) addi sp, zero, 0
x2 <- 0x00000000


mem[X,0x80000210] -> 0x1073
mem[X,0x80000212] -> 0x0031
[137] [M]: 0x80000210 (0x00311073) csrrw zero, fcsr, sp
CSR fcsr -> 0x00000000
CSR fcsr <- 0x00000000 (input: 0x00000000)


mem[X,0x80000214] -> 0x9C87
mem[X,0x80000216] -> 0x800C
[138] [M]: 0x80000214 (0x800C9C87) flh fs9, 2048(s9)
mem[R,0x80002000] -> 0xCAFE
f25 <- 0xFFFFFFFFFFFFCAFE


mem[X,0x80000218] -> 0x0013
mem[X,0x8000021A] -> 0x0000
[139] [M]: 0x80000218 (0x00000013) addi zero, zero, 0


mem[X,0x8000021C] -> 0x0013
mem[X,0x8000021E] -> 0x0000
[140] [M]: 0x8000021C (0x00000013) addi zero, zero, 0


mem[X,0x80000220] -> 0x2273
mem[X,0x80000222] -> 0x0030
[141] [M]: 0x80000220 (0x00302273) csrrs tp, fcsr, zero
CSR fcsr -> 0x00000000
x4 <- 0x00000000


mem[X,0x80000224] -> 0xA827
mem[X,0x80000226] -> 0x0390
[142] [M]: 0x80000224 (0x0390A827) fsw fs9, 48(ra)
mem[0x80002244] <- 0xFFFFCAFE


mem[X,0x80000228] -> 0xAA23
mem[X,0x8000022A] -> 0x0240
[143] [M]: 0x80000228 (0x0240AA23) sw tp, 52(ra)
mem[0x80002248] <- 0x00000000


mem[X,0x8000022C] -> 0x2C17
mem[X,0x8000022E] -> 0x0000
[144] [M]: 0x8000022C (0x00002C17) auipc s8, 2
x24 <- 0x8000222C


mem[X,0x80000230] -> 0x0C13
mem[X,0x80000232] -> 0x5D4C
[145] [M]: 0x80000230 (0x5D4C0C13) addi s8, s8, 1492
x24 <- 0x80002800


mem[X,0x80000234] -> 0x0113
mem[X,0x80000236] -> 0x0000
[146] [M]: 0x80000234 (0x00000113) addi sp, zero, 0
x2 <- 0x00000000


mem[X,0x80000238] -> 0x1073
mem[X,0x8000023A] -> 0x0031
[147] [M]: 0x80000238 (0x00311073) csrrw zero, fcsr, sp
CSR fcsr -> 0x00000000
CSR fcsr <- 0x00000000 (input: 0x00000000)


mem[X,0x8000023C] -> 0x1C07
mem[X,0x8000023E] -> 0x800C
[148] [M]: 0x8000023C (0x800C1C07) flh fs8, 2048(s8)
mem[R,0x80002000] -> 0xCAFE
f24 <- 0xFFFFFFFFFFFFCAFE


mem[X,0x80000240] -> 0x0013
mem[X,0x80000242] -> 0x0000
[149] [M]: 0x80000240 (0x00000013) addi zero, zero, 0


mem[X,0x80000244] -> 0x0013
mem[X,0x80000246] -> 0x0000
[150] [M]: 0x80000244 (0x00000013) addi zero, zero, 0


mem[X,0x80000248] -> 0x2273
mem[X,0x8000024A] -> 0x0030
[151] [M]: 0x80000248 (0x00302273) csrrs tp, fcsr, zero
CSR fcsr -> 0x00000000
x4 <- 0x00000000


mem[X,0x8000024C] -> 0xAC27
mem[X,0x8000024E] -> 0x0380
[152] [M]: 0x8000024C (0x0380AC27) fsw fs8, 56(ra)
mem[0x8000224C] <- 0xFFFFCAFE


mem[X,0x80000250] -> 0xAE23
mem[X,0x80000252] -> 0x0240
[153] [M]: 0x80000250 (0x0240AE23) sw tp, 60(ra)
mem[0x80002250] <- 0x00000000


mem[X,0x80000254] -> 0x2B97
mem[X,0x80000256] -> 0x0000
[154] [M]: 0x80000254 (0x00002B97) auipc s7, 2
x23 <- 0x80002254


mem[X,0x80000258] -> 0x8B93
mem[X,0x8000025A] -> 0x5ACB
[155] [M]: 0x80000258 (0x5ACB8B93) addi s7, s7, 1452
x23 <- 0x80002800


mem[X,0x8000025C] -> 0x0113
mem[X,0x8000025E] -> 0x0000
[156] [M]: 0x8000025C (0x00000113) addi sp, zero, 0
x2 <- 0x00000000


mem[X,0x80000260] -> 0x1073
mem[X,0x80000262] -> 0x0031
[157] [M]: 0x80000260 (0x00311073) csrrw zero, fcsr, sp
CSR fcsr -> 0x00000000
CSR fcsr <- 0x00000000 (input: 0x00000000)


mem[X,0x80000264] -> 0x9B87
mem[X,0x80000266] -> 0x800B
[158] [M]: 0x80000264 (0x800B9B87) flh fs7, 2048(s7)
mem[R,0x80002000] -> 0xCAFE
f23 <- 0xFFFFFFFFFFFFCAFE


mem[X,0x80000268] -> 0x0013
mem[X,0x8000026A] -> 0x0000
[159] [M]: 0x80000268 (0x00000013) addi zero, zero, 0


mem[X,0x8000026C] -> 0x0013
mem[X,0x8000026E] -> 0x0000
[160] [M]: 0x8000026C (0x00000013) addi zero, zero, 0


mem[X,0x80000270] -> 0x2273
mem[X,0x80000272] -> 0x0030
[161] [M]: 0x80000270 (0x00302273) csrrs tp, fcsr, zero
CSR fcsr -> 0x00000000
x4 <- 0x00000000


mem[X,0x80000274] -> 0xA027
mem[X,0x80000276] -> 0x0570
[162] [M]: 0x80000274 (0x0570A027) fsw fs7, 64(ra)
mem[0x80002254] <- 0xFFFFCAFE


mem[X,0x80000278] -> 0xA223
mem[X,0x8000027A] -> 0x0440
[163] [M]: 0x80000278 (0x0440A223) sw tp, 68(ra)
mem[0x80002258] <- 0x00000000


mem[X,0x8000027C] -> 0x2B17
mem[X,0x8000027E] -> 0x0000
[164] [M]: 0x8000027C (0x00002B17) auipc s6, 2
x22 <- 0x8000227C


mem[X,0x80000280] -> 0x0B13
mem[X,0x80000282] -> 0x584B
[165] [M]: 0x80000280 (0x584B0B13) addi s6, s6, 1412
x22 <- 0x80002800


mem[X,0x80000284] -> 0x0113
mem[X,0x80000286] -> 0x0000
[166] [M]: 0x80000284 (0x00000113) addi sp, zero, 0
x2 <- 0x00000000


mem[X,0x80000288] -> 0x1073
mem[X,0x8000028A] -> 0x0031
[167] [M]: 0x80000288 (0x00311073) csrrw zero, fcsr, sp
CSR fcsr -> 0x00000000
CSR fcsr <- 0x00000000 (input: 0x00000000)


mem[X,0x8000028C] -> 0x1B07
mem[X,0x8000028E] -> 0x800B
[168] [M]: 0x8000028C (0x800B1B07) flh fs6, 2048(s6)
mem[R,0x80002000] -> 0xCAFE
f22 <- 0xFFFFFFFFFFFFCAFE


mem[X,0x80000290] -> 0x0013
mem[X,0x80000292] -> 0x0000
[169] [M]: 0x80000290 (0x00000013) addi zero, zero, 0


mem[X,0x80000294] -> 0x0013
mem[X,0x80000296] -> 0x0000
[170] [M]: 0x80000294 (0x00000013) addi zero, zero, 0


mem[X,0x80000298] -> 0x2273
mem[X,0x8000029A] -> 0x0030
[171] [M]: 0x80000298 (0x00302273) csrrs tp, fcsr, zero
CSR fcsr -> 0x00000000
x4 <- 0x00000000


mem[X,0x8000029C] -> 0xA427
mem[X,0x8000029E] -> 0x0560
[172] [M]: 0x8000029C (0x0560A427) fsw fs6, 72(ra)
mem[0x8000225C] <- 0xFFFFCAFE


mem[X,0x800002A0] -> 0xA623
mem[X,0x800002A2] -> 0x0440
[173] [M]: 0x800002A0 (0x0440A623) sw tp, 76(ra)
mem[0x80002260] <- 0x00000000


mem[X,0x800002A4] -> 0x2A97
mem[X,0x800002A6] -> 0x0000
[174] [M]: 0x800002A4 (0x00002A97) auipc s5, 2
x21 <- 0x800022A4


mem[X,0x800002A8] -> 0x8A93
mem[X,0x800002AA] -> 0x55CA
[175] [M]: 0x800002A8 (0x55CA8A93) addi s5, s5, 1372
x21 <- 0x80002800


mem[X,0x800002AC] -> 0x0113
mem[X,0x800002AE] -> 0x0000
[176] [M]: 0x800002AC (0x00000113) addi sp, zero, 0
x2 <- 0x00000000


mem[X,0x800002B0] -> 0x1073
mem[X,0x800002B2] -> 0x0031
[177] [M]: 0x800002B0 (0x00311073) csrrw zero, fcsr, sp
CSR fcsr -> 0x00000000
CSR fcsr <- 0x00000000 (input: 0x00000000)


mem[X,0x800002B4] -> 0x9A87
mem[X,0x800002B6] -> 0x800A
[178] [M]: 0x800002B4 (0x800A9A87) flh fs5, 2048(s5)
mem[R,0x80002000] -> 0xCAFE
f21 <- 0xFFFFFFFFFFFFCAFE


mem[X,0x800002B8] -> 0x0013
mem[X,0x800002BA] -> 0x0000
[179] [M]: 0x800002B8 (0x00000013) addi zero, zero, 0


mem[X,0x800002BC] -> 0x0013
mem[X,0x800002BE] -> 0x0000
[180] [M]: 0x800002BC (0x00000013) addi zero, zero, 0


mem[X,0x800002C0] -> 0x2273
mem[X,0x800002C2] -> 0x0030
[181] [M]: 0x800002C0 (0x00302273) csrrs tp, fcsr, zero
CSR fcsr -> 0x00000000
x4 <- 0x00000000


mem[X,0x800002C4] -> 0xA827
mem[X,0x800002C6] -> 0x0550
[182] [M]: 0x800002C4 (0x0550A827) fsw fs5, 80(ra)
mem[0x80002264] <- 0xFFFFCAFE


mem[X,0x800002C8] -> 0xAA23
mem[X,0x800002CA] -> 0x0440
[183] [M]: 0x800002C8 (0x0440AA23) sw tp, 84(ra)
mem[0x80002268] <- 0x00000000


mem[X,0x800002CC] -> 0x2A17
mem[X,0x800002CE] -> 0x0000
[184] [M]: 0x800002CC (0x00002A17) auipc s4, 2
x20 <- 0x800022CC


mem[X,0x800002D0] -> 0x0A13
mem[X,0x800002D2] -> 0x534A
[185] [M]: 0x800002D0 (0x534A0A13) addi s4, s4, 1332
x20 <- 0x80002800


mem[X,0x800002D4] -> 0x0113
mem[X,0x800002D6] -> 0x0000
[186] [M]: 0x800002D4 (0x00000113) addi sp, zero, 0
x2 <- 0x00000000


mem[X,0x800002D8] -> 0x1073
mem[X,0x800002DA] -> 0x0031
[187] [M]: 0x800002D8 (0x00311073) csrrw zero, fcsr, sp
CSR fcsr -> 0x00000000
CSR fcsr <- 0x00000000 (input: 0x00000000)


mem[X,0x800002DC] -> 0x1A07
mem[X,0x800002DE] -> 0x800A
[188] [M]: 0x800002DC (0x800A1A07) flh fs4, 2048(s4)
mem[R,0x80002000] -> 0xCAFE
f20 <- 0xFFFFFFFFFFFFCAFE


mem[X,0x800002E0] -> 0x0013
mem[X,0x800002E2] -> 0x0000
[189] [M]: 0x800002E0 (0x00000013) addi zero, zero, 0


mem[X,0x800002E4] -> 0x0013
mem[X,0x800002E6] -> 0x0000
[190] [M]: 0x800002E4 (0x00000013) addi zero, zero, 0


mem[X,0x800002E8] -> 0x2273
mem[X,0x800002EA] -> 0x0030
[191] [M]: 0x800002E8 (0x00302273) csrrs tp, fcsr, zero
CSR fcsr -> 0x00000000
x4 <- 0x00000000


mem[X,0x800002EC] -> 0xAC27
mem[X,0x800002EE] -> 0x0540
[192] [M]: 0x800002EC (0x0540AC27) fsw fs4, 88(ra)
mem[0x8000226C] <- 0xFFFFCAFE


mem[X,0x800002F0] -> 0xAE23
mem[X,0x800002F2] -> 0x0440
[193] [M]: 0x800002F0 (0x0440AE23) sw tp, 92(ra)
mem[0x80002270] <- 0x00000000


mem[X,0x800002F4] -> 0x2997
mem[X,0x800002F6] -> 0x0000
[194] [M]: 0x800002F4 (0x00002997) auipc s3, 2
x19 <- 0x800022F4


mem[X,0x800002F8] -> 0x8993
mem[X,0x800002FA] -> 0x50C9
[195] [M]: 0x800002F8 (0x50C98993) addi s3, s3, 1292
x19 <- 0x80002800


mem[X,0x800002FC] -> 0x0113
mem[X,0x800002FE] -> 0x0000
[196] [M]: 0x800002FC (0x00000113) addi sp, zero, 0
x2 <- 0x00000000


mem[X,0x80000300] -> 0x1073
mem[X,0x80000302] -> 0x0031
[197] [M]: 0x80000300 (0x00311073) csrrw zero, fcsr, sp
CSR fcsr -> 0x00000000
CSR fcsr <- 0x00000000 (input: 0x00000000)


mem[X,0x80000304] -> 0x9987
mem[X,0x80000306] -> 0x8009
[198] [M]: 0x80000304 (0x80099987) flh fs3, 2048(s3)
mem[R,0x80002000] -> 0xCAFE
f19 <- 0xFFFFFFFFFFFFCAFE


mem[X,0x80000308] -> 0x0013
mem[X,0x8000030A] -> 0x0000
[199] [M]: 0x80000308 (0x00000013) addi zero, zero, 0


clint::tick mtime <- 0x0000000000000002
 clint timer pending at mtime 0x0000000000000002
htif::tick 0x0000000000000000
mem[X,0x8000030C] -> 0x0013
mem[X,0x8000030E] -> 0x0000
[200] [M]: 0x8000030C (0x00000013) addi zero, zero, 0


mem[X,0x80000310] -> 0x2273
mem[X,0x80000312] -> 0x0030
[201] [M]: 0x80000310 (0x00302273) csrrs tp, fcsr, zero
CSR fcsr -> 0x00000000
x4 <- 0x00000000


mem[X,0x80000314] -> 0xA027
mem[X,0x80000316] -> 0x0730
[202] [M]: 0x80000314 (0x0730A027) fsw fs3, 96(ra)
mem[0x80002274] <- 0xFFFFCAFE


mem[X,0x80000318] -> 0xA223
mem[X,0x8000031A] -> 0x0640
[203] [M]: 0x80000318 (0x0640A223) sw tp, 100(ra)
mem[0x80002278] <- 0x00000000


mem[X,0x8000031C] -> 0x2917
mem[X,0x8000031E] -> 0x0000
[204] [M]: 0x8000031C (0x00002917) auipc s2, 2
x18 <- 0x8000231C


mem[X,0x80000320] -> 0x0913
mem[X,0x80000322] -> 0x4E49
[205] [M]: 0x80000320 (0x4E490913) addi s2, s2, 1252
x18 <- 0x80002800


mem[X,0x80000324] -> 0x0113
mem[X,0x80000326] -> 0x0000
[206] [M]: 0x80000324 (0x00000113) addi sp, zero, 0
x2 <- 0x00000000


mem[X,0x80000328] -> 0x1073
mem[X,0x8000032A] -> 0x0031
[207] [M]: 0x80000328 (0x00311073) csrrw zero, fcsr, sp
CSR fcsr -> 0x00000000
CSR fcsr <- 0x00000000 (input: 0x00000000)


mem[X,0x8000032C] -> 0x1907
mem[X,0x8000032E] -> 0x8009
[208] [M]: 0x8000032C (0x80091907) flh fs2, 2048(s2)
mem[R,0x80002000] -> 0xCAFE
f18 <- 0xFFFFFFFFFFFFCAFE


mem[X,0x80000330] -> 0x0013
mem[X,0x80000332] -> 0x0000
[209] [M]: 0x80000330 (0x00000013) addi zero, zero, 0


mem[X,0x80000334] -> 0x0013
mem[X,0x80000336] -> 0x0000
[210] [M]: 0x80000334 (0x00000013) addi zero, zero, 0


mem[X,0x80000338] -> 0x2273
mem[X,0x8000033A] -> 0x0030
[211] [M]: 0x80000338 (0x00302273) csrrs tp, fcsr, zero
CSR fcsr -> 0x00000000
x4 <- 0x00000000


mem[X,0x8000033C] -> 0xA427
mem[X,0x8000033E] -> 0x0720
[212] [M]: 0x8000033C (0x0720A427) fsw fs2, 104(ra)
mem[0x8000227C] <- 0xFFFFCAFE


mem[X,0x80000340] -> 0xA623
mem[X,0x80000342] -> 0x0640
[213] [M]: 0x80000340 (0x0640A623) sw tp, 108(ra)
mem[0x80002280] <- 0x00000000


mem[X,0x80000344] -> 0x2897
mem[X,0x80000346] -> 0x0000
[214] [M]: 0x80000344 (0x00002897) auipc a7, 2
x17 <- 0x80002344


mem[X,0x80000348] -> 0x8893
mem[X,0x8000034A] -> 0x4BC8
[215] [M]: 0x80000348 (0x4BC88893) addi a7, a7, 1212
x17 <- 0x80002800


mem[X,0x8000034C] -> 0x0113
mem[X,0x8000034E] -> 0x0000
[216] [M]: 0x8000034C (0x00000113) addi sp, zero, 0
x2 <- 0x00000000


mem[X,0x80000350] -> 0x1073
mem[X,0x80000352] -> 0x0031
[217] [M]: 0x80000350 (0x00311073) csrrw zero, fcsr, sp
CSR fcsr -> 0x00000000
CSR fcsr <- 0x00000000 (input: 0x00000000)


mem[X,0x80000354] -> 0x9887
mem[X,0x80000356] -> 0x8008
[218] [M]: 0x80000354 (0x80089887) flh fa7, 2048(a7)
mem[R,0x80002000] -> 0xCAFE
f17 <- 0xFFFFFFFFFFFFCAFE


mem[X,0x80000358] -> 0x0013
mem[X,0x8000035A] -> 0x0000
[219] [M]: 0x80000358 (0x00000013) addi zero, zero, 0


mem[X,0x8000035C] -> 0x0013
mem[X,0x8000035E] -> 0x0000
[220] [M]: 0x8000035C (0x00000013) addi zero, zero, 0


mem[X,0x80000360] -> 0x2273
mem[X,0x80000362] -> 0x0030
[221] [M]: 0x80000360 (0x00302273) csrrs tp, fcsr, zero
CSR fcsr -> 0x00000000
x4 <- 0x00000000


mem[X,0x80000364] -> 0xA827
mem[X,0x80000366] -> 0x0710
[222] [M]: 0x80000364 (0x0710A827) fsw fa7, 112(ra)
mem[0x80002284] <- 0xFFFFCAFE


mem[X,0x80000368] -> 0xAA23
mem[X,0x8000036A] -> 0x0640
[223] [M]: 0x80000368 (0x0640AA23) sw tp, 116(ra)
mem[0x80002288] <- 0x00000000


mem[X,0x8000036C] -> 0x2817
mem[X,0x8000036E] -> 0x0000
[224] [M]: 0x8000036C (0x00002817) auipc a6, 2
x16 <- 0x8000236C


mem[X,0x80000370] -> 0x0813
mem[X,0x80000372] -> 0x4948
[225] [M]: 0x80000370 (0x49480813) addi a6, a6, 1172
x16 <- 0x80002800


mem[X,0x80000374] -> 0x0113
mem[X,0x80000376] -> 0x0000
[226] [M]: 0x80000374 (0x00000113) addi sp, zero, 0
x2 <- 0x00000000


mem[X,0x80000378] -> 0x1073
mem[X,0x8000037A] -> 0x0031
[227] [M]: 0x80000378 (0x00311073) csrrw zero, fcsr, sp
CSR fcsr -> 0x00000000
CSR fcsr <- 0x00000000 (input: 0x00000000)


mem[X,0x8000037C] -> 0x1807
mem[X,0x8000037E] -> 0x8008
[228] [M]: 0x8000037C (0x80081807) flh fa6, 2048(a6)
mem[R,0x80002000] -> 0xCAFE
f16 <- 0xFFFFFFFFFFFFCAFE


mem[X,0x80000380] -> 0x0013
mem[X,0x80000382] -> 0x0000
[229] [M]: 0x80000380 (0x00000013) addi zero, zero, 0


mem[X,0x80000384] -> 0x0013
mem[X,0x80000386] -> 0x0000
[230] [M]: 0x80000384 (0x00000013) addi zero, zero, 0


mem[X,0x80000388] -> 0x2273
mem[X,0x8000038A] -> 0x0030
[231] [M]: 0x80000388 (0x00302273) csrrs tp, fcsr, zero
CSR fcsr -> 0x00000000
x4 <- 0x00000000


mem[X,0x8000038C] -> 0xAC27
mem[X,0x8000038E] -> 0x0700
[232] [M]: 0x8000038C (0x0700AC27) fsw fa6, 120(ra)
mem[0x8000228C] <- 0xFFFFCAFE


mem[X,0x80000390] -> 0xAE23
mem[X,0x80000392] -> 0x0640
[233] [M]: 0x80000390 (0x0640AE23) sw tp, 124(ra)
mem[0x80002290] <- 0x00000000


mem[X,0x80000394] -> 0x2797
mem[X,0x80000396] -> 0x0000
[234] [M]: 0x80000394 (0x00002797) auipc a5, 2
x15 <- 0x80002394


mem[X,0x80000398] -> 0x8793
mem[X,0x8000039A] -> 0x46C7
[235] [M]: 0x80000398 (0x46C78793) addi a5, a5, 1132
x15 <- 0x80002800


mem[X,0x8000039C] -> 0x0113
mem[X,0x8000039E] -> 0x0000
[236] [M]: 0x8000039C (0x00000113) addi sp, zero, 0
x2 <- 0x00000000


mem[X,0x800003A0] -> 0x1073
mem[X,0x800003A2] -> 0x0031
[237] [M]: 0x800003A0 (0x00311073) csrrw zero, fcsr, sp
CSR fcsr -> 0x00000000
CSR fcsr <- 0x00000000 (input: 0x00000000)


mem[X,0x800003A4] -> 0x9787
mem[X,0x800003A6] -> 0x8007
[238] [M]: 0x800003A4 (0x80079787) flh fa5, 2048(a5)
mem[R,0x80002000] -> 0xCAFE
f15 <- 0xFFFFFFFFFFFFCAFE


mem[X,0x800003A8] -> 0x0013
mem[X,0x800003AA] -> 0x0000
[239] [M]: 0x800003A8 (0x00000013) addi zero, zero, 0


mem[X,0x800003AC] -> 0x0013
mem[X,0x800003AE] -> 0x0000
[240] [M]: 0x800003AC (0x00000013) addi zero, zero, 0


mem[X,0x800003B0] -> 0x2273
mem[X,0x800003B2] -> 0x0030
[241] [M]: 0x800003B0 (0x00302273) csrrs tp, fcsr, zero
CSR fcsr -> 0x00000000
x4 <- 0x00000000


mem[X,0x800003B4] -> 0xA027
mem[X,0x800003B6] -> 0x08F0
[242] [M]: 0x800003B4 (0x08F0A027) fsw fa5, 128(ra)
mem[0x80002294] <- 0xFFFFCAFE


mem[X,0x800003B8] -> 0xA223
mem[X,0x800003BA] -> 0x0840
[243] [M]: 0x800003B8 (0x0840A223) sw tp, 132(ra)
mem[0x80002298] <- 0x00000000


mem[X,0x800003BC] -> 0x2717
mem[X,0x800003BE] -> 0x0000
[244] [M]: 0x800003BC (0x00002717) auipc a4, 2
x14 <- 0x800023BC


mem[X,0x800003C0] -> 0x0713
mem[X,0x800003C2] -> 0x4447
[245] [M]: 0x800003C0 (0x44470713) addi a4, a4, 1092
x14 <- 0x80002800


mem[X,0x800003C4] -> 0x0113
mem[X,0x800003C6] -> 0x0000
[246] [M]: 0x800003C4 (0x00000113) addi sp, zero, 0
x2 <- 0x00000000


mem[X,0x800003C8] -> 0x1073
mem[X,0x800003CA] -> 0x0031
[247] [M]: 0x800003C8 (0x00311073) csrrw zero, fcsr, sp
CSR fcsr -> 0x00000000
CSR fcsr <- 0x00000000 (input: 0x00000000)


mem[X,0x800003CC] -> 0x1707
mem[X,0x800003CE] -> 0x8007
[248] [M]: 0x800003CC (0x80071707) flh fa4, 2048(a4)
mem[R,0x80002000] -> 0xCAFE
f14 <- 0xFFFFFFFFFFFFCAFE


mem[X,0x800003D0] -> 0x0013
mem[X,0x800003D2] -> 0x0000
[249] [M]: 0x800003D0 (0x00000013) addi zero, zero, 0


mem[X,0x800003D4] -> 0x0013
mem[X,0x800003D6] -> 0x0000
[250] [M]: 0x800003D4 (0x00000013) addi zero, zero, 0


mem[X,0x800003D8] -> 0x2273
mem[X,0x800003DA] -> 0x0030
[251] [M]: 0x800003D8 (0x00302273) csrrs tp, fcsr, zero
CSR fcsr -> 0x00000000
x4 <- 0x00000000


mem[X,0x800003DC] -> 0xA427
mem[X,0x800003DE] -> 0x08E0
[252] [M]: 0x800003DC (0x08E0A427) fsw fa4, 136(ra)
mem[0x8000229C] <- 0xFFFFCAFE


mem[X,0x800003E0] -> 0xA623
mem[X,0x800003E2] -> 0x0840
[253] [M]: 0x800003E0 (0x0840A623) sw tp, 140(ra)
mem[0x800022A0] <- 0x00000000


mem[X,0x800003E4] -> 0x2697
mem[X,0x800003E6] -> 0x0000
[254] [M]: 0x800003E4 (0x00002697) auipc a3, 2
x13 <- 0x800023E4


mem[X,0x800003E8] -> 0x8693
mem[X,0x800003EA] -> 0x41C6
[255] [M]: 0x800003E8 (0x41C68693) addi a3, a3, 1052
x13 <- 0x80002800


mem[X,0x800003EC] -> 0x0113
mem[X,0x800003EE] -> 0x0000
[256] [M]: 0x800003EC (0x00000113) addi sp, zero, 0
x2 <- 0x00000000


mem[X,0x800003F0] -> 0x1073
mem[X,0x800003F2] -> 0x0031
[257] [M]: 0x800003F0 (0x00311073) csrrw zero, fcsr, sp
CSR fcsr -> 0x00000000
CSR fcsr <- 0x00000000 (input: 0x00000000)


mem[X,0x800003F4] -> 0x9687
mem[X,0x800003F6] -> 0x8006
[258] [M]: 0x800003F4 (0x80069687) flh fa3, 2048(a3)
mem[R,0x80002000] -> 0xCAFE
f13 <- 0xFFFFFFFFFFFFCAFE


mem[X,0x800003F8] -> 0x0013
mem[X,0x800003FA] -> 0x0000
[259] [M]: 0x800003F8 (0x00000013) addi zero, zero, 0


mem[X,0x800003FC] -> 0x0013
mem[X,0x800003FE] -> 0x0000
[260] [M]: 0x800003FC (0x00000013) addi zero, zero, 0


mem[X,0x80000400] -> 0x2273
mem[X,0x80000402] -> 0x0030
[261] [M]: 0x80000400 (0x00302273) csrrs tp, fcsr, zero
CSR fcsr -> 0x00000000
x4 <- 0x00000000


mem[X,0x80000404] -> 0xA827
mem[X,0x80000406] -> 0x08D0
[262] [M]: 0x80000404 (0x08D0A827) fsw fa3, 144(ra)
mem[0x800022A4] <- 0xFFFFCAFE


mem[X,0x80000408] -> 0xAA23
mem[X,0x8000040A] -> 0x0840
[263] [M]: 0x80000408 (0x0840AA23) sw tp, 148(ra)
mem[0x800022A8] <- 0x00000000


mem[X,0x8000040C] -> 0x2617
mem[X,0x8000040E] -> 0x0000
[264] [M]: 0x8000040C (0x00002617) auipc a2, 2
x12 <- 0x8000240C


mem[X,0x80000410] -> 0x0613
mem[X,0x80000412] -> 0x3F46
[265] [M]: 0x80000410 (0x3F460613) addi a2, a2, 1012
x12 <- 0x80002800


mem[X,0x80000414] -> 0x0113
mem[X,0x80000416] -> 0x0000
[266] [M]: 0x80000414 (0x00000113) addi sp, zero, 0
x2 <- 0x00000000


mem[X,0x80000418] -> 0x1073
mem[X,0x8000041A] -> 0x0031
[267] [M]: 0x80000418 (0x00311073) csrrw zero, fcsr, sp
CSR fcsr -> 0x00000000
CSR fcsr <- 0x00000000 (input: 0x00000000)


mem[X,0x8000041C] -> 0x1607
mem[X,0x8000041E] -> 0x8006
[268] [M]: 0x8000041C (0x80061607) flh fa2, 2048(a2)
mem[R,0x80002000] -> 0xCAFE
f12 <- 0xFFFFFFFFFFFFCAFE


mem[X,0x80000420] -> 0x0013
mem[X,0x80000422] -> 0x0000
[269] [M]: 0x80000420 (0x00000013) addi zero, zero, 0


mem[X,0x80000424] -> 0x0013
mem[X,0x80000426] -> 0x0000
[270] [M]: 0x80000424 (0x00000013) addi zero, zero, 0


mem[X,0x80000428] -> 0x2273
mem[X,0x8000042A] -> 0x0030
[271] [M]: 0x80000428 (0x00302273) csrrs tp, fcsr, zero
CSR fcsr -> 0x00000000
x4 <- 0x00000000


mem[X,0x8000042C] -> 0xAC27
mem[X,0x8000042E] -> 0x08C0
[272] [M]: 0x8000042C (0x08C0AC27) fsw fa2, 152(ra)
mem[0x800022AC] <- 0xFFFFCAFE


mem[X,0x80000430] -> 0xAE23
mem[X,0x80000432] -> 0x0840
[273] [M]: 0x80000430 (0x0840AE23) sw tp, 156(ra)
mem[0x800022B0] <- 0x00000000


mem[X,0x80000434] -> 0x2597
mem[X,0x80000436] -> 0x0000
[274] [M]: 0x80000434 (0x00002597) auipc a1, 2
x11 <- 0x80002434


mem[X,0x80000438] -> 0x8593
mem[X,0x8000043A] -> 0x3CC5
[275] [M]: 0x80000438 (0x3CC58593) addi a1, a1, 972
x11 <- 0x80002800


mem[X,0x8000043C] -> 0x0113
mem[X,0x8000043E] -> 0x0000
[276] [M]: 0x8000043C (0x00000113) addi sp, zero, 0
x2 <- 0x00000000


mem[X,0x80000440] -> 0x1073
mem[X,0x80000442] -> 0x0031
[277] [M]: 0x80000440 (0x00311073) csrrw zero, fcsr, sp
CSR fcsr -> 0x00000000
CSR fcsr <- 0x00000000 (input: 0x00000000)


mem[X,0x80000444] -> 0x9587
mem[X,0x80000446] -> 0x8005
[278] [M]: 0x80000444 (0x80059587) flh fa1, 2048(a1)
mem[R,0x80002000] -> 0xCAFE
f11 <- 0xFFFFFFFFFFFFCAFE


mem[X,0x80000448] -> 0x0013
mem[X,0x8000044A] -> 0x0000
[279] [M]: 0x80000448 (0x00000013) addi zero, zero, 0


mem[X,0x8000044C] -> 0x0013
mem[X,0x8000044E] -> 0x0000
[280] [M]: 0x8000044C (0x00000013) addi zero, zero, 0


mem[X,0x80000450] -> 0x2273
mem[X,0x80000452] -> 0x0030
[281] [M]: 0x80000450 (0x00302273) csrrs tp, fcsr, zero
CSR fcsr -> 0x00000000
x4 <- 0x00000000


mem[X,0x80000454] -> 0xA027
mem[X,0x80000456] -> 0x0AB0
[282] [M]: 0x80000454 (0x0AB0A027) fsw fa1, 160(ra)
mem[0x800022B4] <- 0xFFFFCAFE


mem[X,0x80000458] -> 0xA223
mem[X,0x8000045A] -> 0x0A40
[283] [M]: 0x80000458 (0x0A40A223) sw tp, 164(ra)
mem[0x800022B8] <- 0x00000000


mem[X,0x8000045C] -> 0x2517
mem[X,0x8000045E] -> 0x0000
[284] [M]: 0x8000045C (0x00002517) auipc a0, 2
x10 <- 0x8000245C


mem[X,0x80000460] -> 0x0513
mem[X,0x80000462] -> 0x3A45
[285] [M]: 0x80000460 (0x3A450513) addi a0, a0, 932
x10 <- 0x80002800


mem[X,0x80000464] -> 0x0113
mem[X,0x80000466] -> 0x0000
[286] [M]: 0x80000464 (0x00000113) addi sp, zero, 0
x2 <- 0x00000000


mem[X,0x80000468] -> 0x1073
mem[X,0x8000046A] -> 0x0031
[287] [M]: 0x80000468 (0x00311073) csrrw zero, fcsr, sp
CSR fcsr -> 0x00000000
CSR fcsr <- 0x00000000 (input: 0x00000000)


mem[X,0x8000046C] -> 0x1507
mem[X,0x8000046E] -> 0x8005
[288] [M]: 0x8000046C (0x80051507) flh fa0, 2048(a0)
mem[R,0x80002000] -> 0xCAFE
f10 <- 0xFFFFFFFFFFFFCAFE


mem[X,0x80000470] -> 0x0013
mem[X,0x80000472] -> 0x0000
[289] [M]: 0x80000470 (0x00000013) addi zero, zero, 0


mem[X,0x80000474] -> 0x0013
mem[X,0x80000476] -> 0x0000
[290] [M]: 0x80000474 (0x00000013) addi zero, zero, 0


mem[X,0x80000478] -> 0x2273
mem[X,0x8000047A] -> 0x0030
[291] [M]: 0x80000478 (0x00302273) csrrs tp, fcsr, zero
CSR fcsr -> 0x00000000
x4 <- 0x00000000


mem[X,0x8000047C] -> 0xA427
mem[X,0x8000047E] -> 0x0AA0
[292] [M]: 0x8000047C (0x0AA0A427) fsw fa0, 168(ra)
mem[0x800022BC] <- 0xFFFFCAFE


mem[X,0x80000480] -> 0xA623
mem[X,0x80000482] -> 0x0A40
[293] [M]: 0x80000480 (0x0A40A623) sw tp, 172(ra)
mem[0x800022C0] <- 0x00000000


mem[X,0x80000484] -> 0x2497
mem[X,0x80000486] -> 0x0000
[294] [M]: 0x80000484 (0x00002497) auipc s1, 2
x9 <- 0x80002484


mem[X,0x80000488] -> 0x8493
mem[X,0x8000048A] -> 0x37C4
[295] [M]: 0x80000488 (0x37C48493) addi s1, s1, 892
x9 <- 0x80002800


mem[X,0x8000048C] -> 0x0113
mem[X,0x8000048E] -> 0x0000
[296] [M]: 0x8000048C (0x00000113) addi sp, zero, 0
x2 <- 0x00000000


mem[X,0x80000490] -> 0x1073
mem[X,0x80000492] -> 0x0031
[297] [M]: 0x80000490 (0x00311073) csrrw zero, fcsr, sp
CSR fcsr -> 0x00000000
CSR fcsr <- 0x00000000 (input: 0x00000000)


mem[X,0x80000494] -> 0x9487
mem[X,0x80000496] -> 0x8004
[298] [M]: 0x80000494 (0x80049487) flh fs1, 2048(s1)
mem[R,0x80002000] -> 0xCAFE
f9 <- 0xFFFFFFFFFFFFCAFE


mem[X,0x80000498] -> 0x0013
mem[X,0x8000049A] -> 0x0000
[299] [M]: 0x80000498 (0x00000013) addi zero, zero, 0


clint::tick mtime <- 0x0000000000000003
 clint timer pending at mtime 0x0000000000000003
htif::tick 0x0000000000000000
mem[X,0x8000049C] -> 0x0013
mem[X,0x8000049E] -> 0x0000
[300] [M]: 0x8000049C (0x00000013) addi zero, zero, 0


mem[X,0x800004A0] -> 0x2273
mem[X,0x800004A2] -> 0x0030
[301] [M]: 0x800004A0 (0x00302273) csrrs tp, fcsr, zero
CSR fcsr -> 0x00000000
x4 <- 0x00000000


mem[X,0x800004A4] -> 0xA827
mem[X,0x800004A6] -> 0x0A90
[302] [M]: 0x800004A4 (0x0A90A827) fsw fs1, 176(ra)
mem[0x800022C4] <- 0xFFFFCAFE


mem[X,0x800004A8] -> 0xAA23
mem[X,0x800004AA] -> 0x0A40
[303] [M]: 0x800004A8 (0x0A40AA23) sw tp, 180(ra)
mem[0x800022C8] <- 0x00000000


mem[X,0x800004AC] -> 0x2417
mem[X,0x800004AE] -> 0x0000
[304] [M]: 0x800004AC (0x00002417) auipc fp, 2
x8 <- 0x800024AC


mem[X,0x800004B0] -> 0x0413
mem[X,0x800004B2] -> 0x3544
[305] [M]: 0x800004B0 (0x35440413) addi fp, fp, 852
x8 <- 0x80002800


mem[X,0x800004B4] -> 0x0113
mem[X,0x800004B6] -> 0x0000
[306] [M]: 0x800004B4 (0x00000113) addi sp, zero, 0
x2 <- 0x00000000


mem[X,0x800004B8] -> 0x1073
mem[X,0x800004BA] -> 0x0031
[307] [M]: 0x800004B8 (0x00311073) csrrw zero, fcsr, sp
CSR fcsr -> 0x00000000
CSR fcsr <- 0x00000000 (input: 0x00000000)


mem[X,0x800004BC] -> 0x1407
mem[X,0x800004BE] -> 0x8004
[308] [M]: 0x800004BC (0x80041407) flh fs0, 2048(fp)
mem[R,0x80002000] -> 0xCAFE
f8 <- 0xFFFFFFFFFFFFCAFE


mem[X,0x800004C0] -> 0x0013
mem[X,0x800004C2] -> 0x0000
[309] [M]: 0x800004C0 (0x00000013) addi zero, zero, 0


mem[X,0x800004C4] -> 0x0013
mem[X,0x800004C6] -> 0x0000
[310] [M]: 0x800004C4 (0x00000013) addi zero, zero, 0


mem[X,0x800004C8] -> 0x2273
mem[X,0x800004CA] -> 0x0030
[311] [M]: 0x800004C8 (0x00302273) csrrs tp, fcsr, zero
CSR fcsr -> 0x00000000
x4 <- 0x00000000


mem[X,0x800004CC] -> 0xAC27
mem[X,0x800004CE] -> 0x0A80
[312] [M]: 0x800004CC (0x0A80AC27) fsw fs0, 184(ra)
mem[0x800022CC] <- 0xFFFFCAFE


mem[X,0x800004D0] -> 0xAE23
mem[X,0x800004D2] -> 0x0A40
[313] [M]: 0x800004D0 (0x0A40AE23) sw tp, 188(ra)
mem[0x800022D0] <- 0x00000000


mem[X,0x800004D4] -> 0x2417
mem[X,0x800004D6] -> 0x0000
[314] [M]: 0x800004D4 (0x00002417) auipc fp, 2
x8 <- 0x800024D4


mem[X,0x800004D8] -> 0x0413
mem[X,0x800004DA] -> 0xB3C4
[315] [M]: 0x800004D8 (0xB3C40413) addi fp, fp, 2876
x8 <- 0x80002010


mem[X,0x800004DC] -> 0x2397
mem[X,0x800004DE] -> 0x0000
[316] [M]: 0x800004DC (0x00002397) auipc t2, 2
x7 <- 0x800024DC


mem[X,0x800004E0] -> 0x8393
mem[X,0x800004E2] -> 0x3243
[317] [M]: 0x800004E0 (0x32438393) addi t2, t2, 804
x7 <- 0x80002800


mem[X,0x800004E4] -> 0x0113
mem[X,0x800004E6] -> 0x0000
[318] [M]: 0x800004E4 (0x00000113) addi sp, zero, 0
x2 <- 0x00000000


mem[X,0x800004E8] -> 0x1073
mem[X,0x800004EA] -> 0x0031
[319] [M]: 0x800004E8 (0x00311073) csrrw zero, fcsr, sp
CSR fcsr -> 0x00000000
CSR fcsr <- 0x00000000 (input: 0x00000000)


mem[X,0x800004EC] -> 0x9387
mem[X,0x800004EE] -> 0x8003
[320] [M]: 0x800004EC (0x80039387) flh ft7, 2048(t2)
mem[R,0x80002000] -> 0xCAFE
f7 <- 0xFFFFFFFFFFFFCAFE


mem[X,0x800004F0] -> 0x0013
mem[X,0x800004F2] -> 0x0000
[321] [M]: 0x800004F0 (0x00000013) addi zero, zero, 0


mem[X,0x800004F4] -> 0x0013
mem[X,0x800004F6] -> 0x0000
[322] [M]: 0x800004F4 (0x00000013) addi zero, zero, 0


mem[X,0x800004F8] -> 0x24F3
mem[X,0x800004FA] -> 0x0030
[323] [M]: 0x800004F8 (0x003024F3) csrrs s1, fcsr, zero
CSR fcsr -> 0x00000000
x9 <- 0x00000000


mem[X,0x800004FC] -> 0xA027
mem[X,0x800004FE] -> 0x0C70
[324] [M]: 0x800004FC (0x0C70A027) fsw ft7, 192(ra)
mem[0x800022D4] <- 0xFFFFCAFE


mem[X,0x80000500] -> 0xA223
mem[X,0x80000502] -> 0x0C90
[325] [M]: 0x80000500 (0x0C90A223) sw s1, 196(ra)
mem[0x800022D8] <- 0x00000000


mem[X,0x80000504] -> 0x2317
mem[X,0x80000506] -> 0x0000
[326] [M]: 0x80000504 (0x00002317) auipc t1, 2
x6 <- 0x80002504


mem[X,0x80000508] -> 0x0313
mem[X,0x8000050A] -> 0x2FC3
[327] [M]: 0x80000508 (0x2FC30313) addi t1, t1, 764
x6 <- 0x80002800


mem[X,0x8000050C] -> 0x0113
mem[X,0x8000050E] -> 0x0000
[328] [M]: 0x8000050C (0x00000113) addi sp, zero, 0
x2 <- 0x00000000


mem[X,0x80000510] -> 0x1073
mem[X,0x80000512] -> 0x0031
[329] [M]: 0x80000510 (0x00311073) csrrw zero, fcsr, sp
CSR fcsr -> 0x00000000
CSR fcsr <- 0x00000000 (input: 0x00000000)


mem[X,0x80000514] -> 0x1307
mem[X,0x80000516] -> 0x8003
[330] [M]: 0x80000514 (0x80031307) flh ft6, 2048(t1)
mem[R,0x80002000] -> 0xCAFE
f6 <- 0xFFFFFFFFFFFFCAFE


mem[X,0x80000518] -> 0x0013
mem[X,0x8000051A] -> 0x0000
[331] [M]: 0x80000518 (0x00000013) addi zero, zero, 0


mem[X,0x8000051C] -> 0x0013
mem[X,0x8000051E] -> 0x0000
[332] [M]: 0x8000051C (0x00000013) addi zero, zero, 0


mem[X,0x80000520] -> 0x24F3
mem[X,0x80000522] -> 0x0030
[333] [M]: 0x80000520 (0x003024F3) csrrs s1, fcsr, zero
CSR fcsr -> 0x00000000
x9 <- 0x00000000


mem[X,0x80000524] -> 0xA427
mem[X,0x80000526] -> 0x0C60
[334] [M]: 0x80000524 (0x0C60A427) fsw ft6, 200(ra)
mem[0x800022DC] <- 0xFFFFCAFE


mem[X,0x80000528] -> 0xA623
mem[X,0x8000052A] -> 0x0C90
[335] [M]: 0x80000528 (0x0C90A623) sw s1, 204(ra)
mem[0x800022E0] <- 0x00000000


mem[X,0x8000052C] -> 0x2297
mem[X,0x8000052E] -> 0x0000
[336] [M]: 0x8000052C (0x00002297) auipc t0, 2
x5 <- 0x8000252C


mem[X,0x80000530] -> 0x8293
mem[X,0x80000532] -> 0x2D42
[337] [M]: 0x80000530 (0x2D428293) addi t0, t0, 724
x5 <- 0x80002800


mem[X,0x80000534] -> 0x0313
mem[X,0x80000536] -> 0x0000
[338] [M]: 0x80000534 (0x00000313) addi t1, zero, 0
x6 <- 0x00000000


mem[X,0x80000538] -> 0x1073
mem[X,0x8000053A] -> 0x0033
[339] [M]: 0x80000538 (0x00331073) csrrw zero, fcsr, t1
CSR fcsr -> 0x00000000
CSR fcsr <- 0x00000000 (input: 0x00000000)


mem[X,0x8000053C] -> 0x9287
mem[X,0x8000053E] -> 0x8002
[340] [M]: 0x8000053C (0x80029287) flh ft5, 2048(t0)
mem[R,0x80002000] -> 0xCAFE
f5 <- 0xFFFFFFFFFFFFCAFE


mem[X,0x80000540] -> 0x0013
mem[X,0x80000542] -> 0x0000
[341] [M]: 0x80000540 (0x00000013) addi zero, zero, 0


mem[X,0x80000544] -> 0x0013
mem[X,0x80000546] -> 0x0000
[342] [M]: 0x80000544 (0x00000013) addi zero, zero, 0


mem[X,0x80000548] -> 0x24F3
mem[X,0x8000054A] -> 0x0030
[343] [M]: 0x80000548 (0x003024F3) csrrs s1, fcsr, zero
CSR fcsr -> 0x00000000
x9 <- 0x00000000


mem[X,0x8000054C] -> 0xA827
mem[X,0x8000054E] -> 0x0C50
[344] [M]: 0x8000054C (0x0C50A827) fsw ft5, 208(ra)
mem[0x800022E4] <- 0xFFFFCAFE


mem[X,0x80000550] -> 0xAA23
mem[X,0x80000552] -> 0x0C90
[345] [M]: 0x80000550 (0x0C90AA23) sw s1, 212(ra)
mem[0x800022E8] <- 0x00000000


mem[X,0x80000554] -> 0x2297
mem[X,0x80000556] -> 0x0000
[346] [M]: 0x80000554 (0x00002297) auipc t0, 2
x5 <- 0x80002554


mem[X,0x80000558] -> 0x8293
mem[X,0x8000055A] -> 0xD982
[347] [M]: 0x80000558 (0xD9828293) addi t0, t0, 3480
x5 <- 0x800022EC


mem[X,0x8000055C] -> 0x2217
mem[X,0x8000055E] -> 0x0000
[348] [M]: 0x8000055C (0x00002217) auipc tp, 2
x4 <- 0x8000255C


mem[X,0x80000560] -> 0x0213
mem[X,0x80000562] -> 0x2A42
[349] [M]: 0x80000560 (0x2A420213) addi tp, tp, 676
x4 <- 0x80002800


mem[X,0x80000564] -> 0x0313
mem[X,0x80000566] -> 0x0000
[350] [M]: 0x80000564 (0x00000313) addi t1, zero, 0
x6 <- 0x00000000


mem[X,0x80000568] -> 0x1073
mem[X,0x8000056A] -> 0x0033
[351] [M]: 0x80000568 (0x00331073) csrrw zero, fcsr, t1
CSR fcsr -> 0x00000000
CSR fcsr <- 0x00000000 (input: 0x00000000)


mem[X,0x8000056C] -> 0x1207
mem[X,0x8000056E] -> 0x8002
[352] [M]: 0x8000056C (0x80021207) flh ft4, 2048(tp)
mem[R,0x80002000] -> 0xCAFE
f4 <- 0xFFFFFFFFFFFFCAFE


mem[X,0x80000570] -> 0x0013
mem[X,0x80000572] -> 0x0000
[353] [M]: 0x80000570 (0x00000013) addi zero, zero, 0


mem[X,0x80000574] -> 0x0013
mem[X,0x80000576] -> 0x0000
[354] [M]: 0x80000574 (0x00000013) addi zero, zero, 0


mem[X,0x80000578] -> 0x24F3
mem[X,0x8000057A] -> 0x0030
[355] [M]: 0x80000578 (0x003024F3) csrrs s1, fcsr, zero
CSR fcsr -> 0x00000000
x9 <- 0x00000000


mem[X,0x8000057C] -> 0xA027
mem[X,0x8000057E] -> 0x0042
[356] [M]: 0x8000057C (0x0042A027) fsw ft4, 0(t0)
mem[0x800022EC] <- 0xFFFFCAFE


mem[X,0x80000580] -> 0xA223
mem[X,0x80000582] -> 0x0092
[357] [M]: 0x80000580 (0x0092A223) sw s1, 4(t0)
mem[0x800022F0] <- 0x00000000


mem[X,0x80000584] -> 0x2197
mem[X,0x80000586] -> 0x0000
[358] [M]: 0x80000584 (0x00002197) auipc gp, 2
x3 <- 0x80002584


mem[X,0x80000588] -> 0x8193
mem[X,0x8000058A] -> 0x27C1
[359] [M]: 0x80000588 (0x27C18193) addi gp, gp, 636
x3 <- 0x80002800


mem[X,0x8000058C] -> 0x0313
mem[X,0x8000058E] -> 0x0000
[360] [M]: 0x8000058C (0x00000313) addi t1, zero, 0
x6 <- 0x00000000


mem[X,0x80000590] -> 0x1073
mem[X,0x80000592] -> 0x0033
[361] [M]: 0x80000590 (0x00331073) csrrw zero, fcsr, t1
CSR fcsr -> 0x00000000
CSR fcsr <- 0x00000000 (input: 0x00000000)


mem[X,0x80000594] -> 0x9187
mem[X,0x80000596] -> 0x8001
[362] [M]: 0x80000594 (0x80019187) flh ft3, 2048(gp)
mem[R,0x80002000] -> 0xCAFE
f3 <- 0xFFFFFFFFFFFFCAFE


mem[X,0x80000598] -> 0x0013
mem[X,0x8000059A] -> 0x0000
[363] [M]: 0x80000598 (0x00000013) addi zero, zero, 0


mem[X,0x8000059C] -> 0x0013
mem[X,0x8000059E] -> 0x0000
[364] [M]: 0x8000059C (0x00000013) addi zero, zero, 0


mem[X,0x800005A0] -> 0x24F3
mem[X,0x800005A2] -> 0x0030
[365] [M]: 0x800005A0 (0x003024F3) csrrs s1, fcsr, zero
CSR fcsr -> 0x00000000
x9 <- 0x00000000


mem[X,0x800005A4] -> 0xA427
mem[X,0x800005A6] -> 0x0032
[366] [M]: 0x800005A4 (0x0032A427) fsw ft3, 8(t0)
mem[0x800022F4] <- 0xFFFFCAFE


mem[X,0x800005A8] -> 0xA623
mem[X,0x800005AA] -> 0x0092
[367] [M]: 0x800005A8 (0x0092A623) sw s1, 12(t0)
mem[0x800022F8] <- 0x00000000


mem[X,0x800005AC] -> 0x2117
mem[X,0x800005AE] -> 0x0000
[368] [M]: 0x800005AC (0x00002117) auipc sp, 2
x2 <- 0x800025AC


mem[X,0x800005B0] -> 0x0113
mem[X,0x800005B2] -> 0x2541
[369] [M]: 0x800005B0 (0x25410113) addi sp, sp, 596
x2 <- 0x80002800


mem[X,0x800005B4] -> 0x0313
mem[X,0x800005B6] -> 0x0000
[370] [M]: 0x800005B4 (0x00000313) addi t1, zero, 0
x6 <- 0x00000000


mem[X,0x800005B8] -> 0x1073
mem[X,0x800005BA] -> 0x0033
[371] [M]: 0x800005B8 (0x00331073) csrrw zero, fcsr, t1
CSR fcsr -> 0x00000000
CSR fcsr <- 0x00000000 (input: 0x00000000)


mem[X,0x800005BC] -> 0x1107
mem[X,0x800005BE] -> 0x8001
[372] [M]: 0x800005BC (0x80011107) flh ft2, 2048(sp)
mem[R,0x80002000] -> 0xCAFE
f2 <- 0xFFFFFFFFFFFFCAFE


mem[X,0x800005C0] -> 0x0013
mem[X,0x800005C2] -> 0x0000
[373] [M]: 0x800005C0 (0x00000013) addi zero, zero, 0


mem[X,0x800005C4] -> 0x0013
mem[X,0x800005C6] -> 0x0000
[374] [M]: 0x800005C4 (0x00000013) addi zero, zero, 0


mem[X,0x800005C8] -> 0x24F3
mem[X,0x800005CA] -> 0x0030
[375] [M]: 0x800005C8 (0x003024F3) csrrs s1, fcsr, zero
CSR fcsr -> 0x00000000
x9 <- 0x00000000


mem[X,0x800005CC] -> 0xA827
mem[X,0x800005CE] -> 0x0022
[376] [M]: 0x800005CC (0x0022A827) fsw ft2, 16(t0)
mem[0x800022FC] <- 0xFFFFCAFE


mem[X,0x800005D0] -> 0xAA23
mem[X,0x800005D2] -> 0x0092
[377] [M]: 0x800005D0 (0x0092AA23) sw s1, 20(t0)
mem[0x80002300] <- 0x00000000


mem[X,0x800005D4] -> 0x2097
mem[X,0x800005D6] -> 0x0000
[378] [M]: 0x800005D4 (0x00002097) auipc ra, 2
x1 <- 0x800025D4


mem[X,0x800005D8] -> 0x8093
mem[X,0x800005DA] -> 0x22C0
[379] [M]: 0x800005D8 (0x22C08093) addi ra, ra, 556
x1 <- 0x80002800


mem[X,0x800005DC] -> 0x0313
mem[X,0x800005DE] -> 0x0000
[380] [M]: 0x800005DC (0x00000313) addi t1, zero, 0
x6 <- 0x00000000


mem[X,0x800005E0] -> 0x1073
mem[X,0x800005E2] -> 0x0033
[381] [M]: 0x800005E0 (0x00331073) csrrw zero, fcsr, t1
CSR fcsr -> 0x00000000
CSR fcsr <- 0x00000000 (input: 0x00000000)


mem[X,0x800005E4] -> 0x9087
mem[X,0x800005E6] -> 0x8000
[382] [M]: 0x800005E4 (0x80009087) flh ft1, 2048(ra)
mem[R,0x80002000] -> 0xCAFE
f1 <- 0xFFFFFFFFFFFFCAFE


mem[X,0x800005E8] -> 0x0013
mem[X,0x800005EA] -> 0x0000
[383] [M]: 0x800005E8 (0x00000013) addi zero, zero, 0


mem[X,0x800005EC] -> 0x0013
mem[X,0x800005EE] -> 0x0000
[384] [M]: 0x800005EC (0x00000013) addi zero, zero, 0


mem[X,0x800005F0] -> 0x24F3
mem[X,0x800005F2] -> 0x0030
[385] [M]: 0x800005F0 (0x003024F3) csrrs s1, fcsr, zero
CSR fcsr -> 0x00000000
x9 <- 0x00000000


mem[X,0x800005F4] -> 0xAC27
mem[X,0x800005F6] -> 0x0012
[386] [M]: 0x800005F4 (0x0012AC27) fsw ft1, 24(t0)
mem[0x80002304] <- 0xFFFFCAFE


mem[X,0x800005F8] -> 0xAE23
mem[X,0x800005FA] -> 0x0092
[387] [M]: 0x800005F8 (0x0092AE23) sw s1, 28(t0)
mem[0x80002308] <- 0x00000000


mem[X,0x800005FC] -> 0x2F97
mem[X,0x800005FE] -> 0x0000
[388] [M]: 0x800005FC (0x00002F97) auipc t6, 2
x31 <- 0x800025FC


mem[X,0x80000600] -> 0x8F93
mem[X,0x80000602] -> 0x204F
[389] [M]: 0x80000600 (0x204F8F93) addi t6, t6, 516
x31 <- 0x80002800


mem[X,0x80000604] -> 0x0313
mem[X,0x80000606] -> 0x0000
[390] [M]: 0x80000604 (0x00000313) addi t1, zero, 0
x6 <- 0x00000000


mem[X,0x80000608] -> 0x1073
mem[X,0x8000060A] -> 0x0033
[391] [M]: 0x80000608 (0x00331073) csrrw zero, fcsr, t1
CSR fcsr -> 0x00000000
CSR fcsr <- 0x00000000 (input: 0x00000000)


mem[X,0x8000060C] -> 0x9007
mem[X,0x8000060E] -> 0x800F
[392] [M]: 0x8000060C (0x800F9007) flh ft0, 2048(t6)
mem[R,0x80002000] -> 0xCAFE
f0 <- 0xFFFFFFFFFFFFCAFE


mem[X,0x80000610] -> 0x0013
mem[X,0x80000612] -> 0x0000
[393] [M]: 0x80000610 (0x00000013) addi zero, zero, 0


mem[X,0x80000614] -> 0x0013
mem[X,0x80000616] -> 0x0000
[394] [M]: 0x80000614 (0x00000013) addi zero, zero, 0


mem[X,0x80000618] -> 0x24F3
mem[X,0x8000061A] -> 0x0030
[395] [M]: 0x80000618 (0x003024F3) csrrs s1, fcsr, zero
CSR fcsr -> 0x00000000
x9 <- 0x00000000


mem[X,0x8000061C] -> 0xA027
mem[X,0x8000061E] -> 0x0202
[396] [M]: 0x8000061C (0x0202A027) fsw ft0, 32(t0)
mem[0x8000230C] <- 0xFFFFCAFE


mem[X,0x80000620] -> 0xA223
mem[X,0x80000622] -> 0x0292
[397] [M]: 0x80000620 (0x0292A223) sw s1, 36(t0)
mem[0x80002310] <- 0x00000000


mem[X,0x80000624] -> 0x0013
mem[X,0x80000626] -> 0x0000
[398] [M]: 0x80000624 (0x00000013) addi zero, zero, 0


mem[X,0x80000628] -> 0x0013
mem[X,0x8000062A] -> 0x0000
[399] [M]: 0x80000628 (0x00000013) addi zero, zero, 0


clint::tick mtime <- 0x0000000000000004
 clint timer pending at mtime 0x0000000000000004
htif::tick 0x0000000000000000
mem[X,0x8000062C] -> 0x0013
mem[X,0x8000062E] -> 0x0000
[400] [M]: 0x8000062C (0x00000013) addi zero, zero, 0


mem[X,0x80000630] -> 0x0093
mem[X,0x80000632] -> 0x0010
[401] [M]: 0x80000630 (0x00100093) addi ra, zero, 1
x1 <- 0x00000001


mem[X,0x80000634] -> 0x1F17
mem[X,0x80000636] -> 0x0000
[402] [M]: 0x80000634 (0x00001F17) auipc t5, 1
x30 <- 0x80001634


mem[X,0x80000638] -> 0x2623
mem[X,0x8000063A] -> 0x9C1F
[403] [M]: 0x80000638 (0x9C1F2623) sw ra, 2508(t5)
htif[0x80001000] <- 0x00000001


mem[X,0x8000063C] -> 0xF06F
mem[X,0x8000063E] -> 0xFF9F
[404] [M]: 0x8000063C (0xFF9FF06F) jal zero, 2097144


mem[X,0x80000634] -> 0x1F17
mem[X,0x80000636] -> 0x0000
[405] [M]: 0x80000634 (0x00001F17) auipc t5, 1
x30 <- 0x80001634


mem[X,0x80000638] -> 0x2623
mem[X,0x8000063A] -> 0x9C1F
[406] [M]: 0x80000638 (0x9C1F2623) sw ra, 2508(t5)
htif[0x80001000] <- 0x00000001


mem[X,0x8000063C] -> 0xF06F
mem[X,0x8000063E] -> 0xFF9F
[407] [M]: 0x8000063C (0xFF9FF06F) jal zero, 2097144


mem[X,0x80000634] -> 0x1F17
mem[X,0x80000636] -> 0x0000
[408] [M]: 0x80000634 (0x00001F17) auipc t5, 1
x30 <- 0x80001634


mem[X,0x80000638] -> 0x2623
mem[X,0x8000063A] -> 0x9C1F
[409] [M]: 0x80000638 (0x9C1F2623) sw ra, 2508(t5)
htif[0x80001000] <- 0x00000001
htif-syscall-proxy cmd: 0x000000000001

SUCCESS
