using Reference-sail_c_simulator.signature for test-signature output.
[Sail] Allocating new block 0x80000000
tohost located at 0x80002000
[Sail] Allocating new block 0x0

Running file ref.elf.
ELF Entry @ 0x80000000
begin_signature: 0x80003810
end_signature: 0x80003e50
CSR mstatus <- 0x00000000 (input: 0x00000000)
mem[X,0x00001000] -> 0x0297
mem[X,0x00001002] -> 0x0000
[0] [M]: 0x00001000 (0x00000297) auipc t0, 0
x5 <- 0x00001000


mem[X,0x00001004] -> 0x8593
mem[X,0x00001006] -> 0x0202
[1] [M]: 0x00001004 (0x02028593) addi a1, t0, 32
x11 <- 0x00001020


mem[X,0x00001008] -> 0x2573
mem[X,0x0000100A] -> 0xF140
[2] [M]: 0x00001008 (0xF1402573) csrrs a0, mhartid, zero
CSR mhartid -> 0x00000000
x10 <- 0x00000000


mem[X,0x0000100C] -> 0xA283
mem[X,0x0000100E] -> 0x0182
[3] [M]: 0x0000100C (0x0182A283) lw t0, 24(t0)
mem[R,0x00001018] -> 0x80000000
x5 <- 0x80000000


mem[X,0x00001010] -> 0x8067
mem[X,0x00001012] -> 0x0002
[4] [M]: 0x00001010 (0x00028067) jalr zero, t0, 0


mem[X,0x80000000] -> 0xC0B7
mem[X,0x80000002] -> 0xFEED
[5] [M]: 0x80000000 (0xFEEDC0B7) lui ra, 1044188
x1 <- 0xFEEDC000


mem[X,0x80000004] -> 0x8093
mem[X,0x80000006] -> 0xEAD0
[6] [M]: 0x80000004 (0xEAD08093) addi ra, ra, 3757
x1 <- 0xFEEDBEAD


mem[X,0x80000008] -> 0xE137
mem[X,0x8000000A] -> 0xFF76
[7] [M]: 0x80000008 (0xFF76E137) lui sp, 1046382
x2 <- 0xFF76E000


mem[X,0x8000000C] -> 0x0113
mem[X,0x8000000E] -> 0xF561
[8] [M]: 0x8000000C (0xF5610113) addi sp, sp, 3926
x2 <- 0xFF76DF56


mem[X,0x80000010] -> 0x71B7
mem[X,0x80000012] -> 0x7FBB
[9] [M]: 0x80000010 (0x7FBB71B7) lui gp, 523191
x3 <- 0x7FBB7000


mem[X,0x80000014] -> 0x8193
mem[X,0x80000016] -> 0xFAB1
[10] [M]: 0x80000014 (0xFAB18193) addi gp, gp, 4011
x3 <- 0x7FBB6FAB


mem[X,0x80000018] -> 0xB237
mem[X,0x8000001A] -> 0xBFDD
[11] [M]: 0x80000018 (0xBFDDB237) lui tp, 785883
x4 <- 0xBFDDB000


mem[X,0x8000001C] -> 0x0213
mem[X,0x8000001E] -> 0x7D52
[12] [M]: 0x8000001C (0x7D520213) addi tp, tp, 2005
x4 <- 0xBFDDB7D5


mem[X,0x80000020] -> 0x0297
mem[X,0x80000022] -> 0x0000
[13] [M]: 0x80000020 (0x00000297) auipc t0, 0
x5 <- 0x80000020


mem[X,0x80000024] -> 0x8293
mem[X,0x80000026] -> 0x0D82
[14] [M]: 0x80000024 (0x0D828293) addi t0, t0, 216
x5 <- 0x800000F8


mem[X,0x80000028] -> 0x3317
mem[X,0x8000002A] -> 0x0000
[15] [M]: 0x80000028 (0x00003317) auipc t1, 3
x6 <- 0x80003028


mem[X,0x8000002C] -> 0x0313
mem[X,0x8000002E] -> 0xFD83
[16] [M]: 0x8000002C (0xFD830313) addi t1, t1, 4056
x6 <- 0x80003000


mem[X,0x80000030] -> 0xB3B7
mem[X,0x80000032] -> 0xB7FB
[17] [M]: 0x80000030 (0xB7FBB3B7) lui t2, 753595
x7 <- 0xB7FBB000


mem[X,0x80000034] -> 0x8393
mem[X,0x80000036] -> 0x6FA3
[18] [M]: 0x80000034 (0x6FA38393) addi t2, t2, 1786
x7 <- 0xB7FBB6FA


mem[X,0x80000038] -> 0xE437
mem[X,0x8000003A] -> 0x5BFD
[19] [M]: 0x80000038 (0x5BFDE437) lui fp, 376798
x8 <- 0x5BFDE000


mem[X,0x8000003C] -> 0x0413
mem[X,0x8000003E] -> 0xB7D4
[20] [M]: 0x8000003C (0xB7D40413) addi fp, fp, 2941
x8 <- 0x5BFDDB7D


mem[X,0x80000040] -> 0xF4B7
mem[X,0x80000042] -> 0xADFE
[21] [M]: 0x80000040 (0xADFEF4B7) lui s1, 712687
x9 <- 0xADFEF000


mem[X,0x80000044] -> 0x8493
mem[X,0x80000046] -> 0xDBE4
[22] [M]: 0x80000044 (0xDBE48493) addi s1, s1, 3518
x9 <- 0xADFEEDBE


mem[X,0x80000048] -> 0x7537
mem[X,0x8000004A] -> 0x56FF
[23] [M]: 0x80000048 (0x56FF7537) lui a0, 356343
x10 <- 0x56FF7000


mem[X,0x8000004C] -> 0x0513
mem[X,0x8000004E] -> 0x6DF5
[24] [M]: 0x8000004C (0x6DF50513) addi a0, a0, 1759
x10 <- 0x56FF76DF


mem[X,0x80000050] -> 0xC5B7
mem[X,0x80000052] -> 0xAB7F
[25] [M]: 0x80000050 (0xAB7FC5B7) lui a1, 702460
x11 <- 0xAB7FC000


mem[X,0x80000054] -> 0x8593
mem[X,0x80000056] -> 0xB6F5
[26] [M]: 0x80000054 (0xB6F58593) addi a1, a1, 2927
x11 <- 0xAB7FBB6F


mem[X,0x80000058] -> 0xE637
mem[X,0x8000005A] -> 0xD5BF
[27] [M]: 0x80000058 (0xD5BFE637) lui a2, 875518
x12 <- 0xD5BFE000


mem[X,0x8000005C] -> 0x0613
mem[X,0x8000005E] -> 0xDB76
[28] [M]: 0x8000005C (0xDB760613) addi a2, a2, 3511
x12 <- 0xD5BFDDB7


mem[X,0x80000060] -> 0xF6B7
mem[X,0x80000062] -> 0xEADF
[29] [M]: 0x80000060 (0xEADFF6B7) lui a3, 962047
x13 <- 0xEADFF000


mem[X,0x80000064] -> 0x8693
mem[X,0x80000066] -> 0xEDB6
[30] [M]: 0x80000064 (0xEDB68693) addi a3, a3, 3803
x13 <- 0xEADFEEDB


mem[X,0x80000068] -> 0xF737
mem[X,0x8000006A] -> 0xF56F
[31] [M]: 0x80000068 (0xF56FF737) lui a4, 1005311
x14 <- 0xF56FF000


mem[X,0x8000006C] -> 0x0713
mem[X,0x8000006E] -> 0x76D7
[32] [M]: 0x8000006C (0x76D70713) addi a4, a4, 1901
x14 <- 0xF56FF76D


mem[X,0x80000070] -> 0x07B7
mem[X,0x80000072] -> 0xFAB8
[33] [M]: 0x80000070 (0xFAB807B7) lui a5, 1026944
x15 <- 0xFAB80000


mem[X,0x80000074] -> 0x8793
mem[X,0x80000076] -> 0xBB67
[34] [M]: 0x80000074 (0xBB678793) addi a5, a5, 2998
x15 <- 0xFAB7FBB6


mem[X,0x80000078] -> 0x0837
mem[X,0x8000007A] -> 0x7D5C
[35] [M]: 0x80000078 (0x7D5C0837) lui a6, 513472
x16 <- 0x7D5C0000


mem[X,0x8000007C] -> 0x0813
mem[X,0x8000007E] -> 0xDDB8
[36] [M]: 0x8000007C (0xDDB80813) addi a6, a6, 3547
x16 <- 0x7D5BFDDB


mem[X,0x80000080] -> 0x08B7
mem[X,0x80000082] -> 0xBEAE
[37] [M]: 0x80000080 (0xBEAE08B7) lui a7, 781024
x17 <- 0xBEAE0000


mem[X,0x80000084] -> 0x8893
mem[X,0x80000086] -> 0xEED8
[38] [M]: 0x80000084 (0xEED88893) addi a7, a7, 3821
x17 <- 0xBEADFEED


mem[X,0x80000088] -> 0x0937
mem[X,0x8000008A] -> 0xDF57
[39] [M]: 0x80000088 (0xDF570937) lui s2, 914800
x18 <- 0xDF570000


mem[X,0x8000008C] -> 0x0913
mem[X,0x8000008E] -> 0xF769
[40] [M]: 0x8000008C (0xF7690913) addi s2, s2, 3958
x18 <- 0xDF56FF76


mem[X,0x80000090] -> 0x89B7
mem[X,0x80000092] -> 0x6FAB
[41] [M]: 0x80000090 (0x6FAB89B7) lui s3, 457400
x19 <- 0x6FAB8000


mem[X,0x80000094] -> 0x8993
mem[X,0x80000096] -> 0xFBB9
[42] [M]: 0x80000094 (0xFBB98993) addi s3, s3, 4027
x19 <- 0x6FAB7FBB


mem[X,0x80000098] -> 0xCA37
mem[X,0x8000009A] -> 0xB7D5
[43] [M]: 0x80000098 (0xB7D5CA37) lui s4, 752988
x20 <- 0xB7D5C000


mem[X,0x8000009C] -> 0x0A13
mem[X,0x8000009E] -> 0xFDDA
[44] [M]: 0x8000009C (0xFDDA0A13) addi s4, s4, 4061
x20 <- 0xB7D5BFDD


mem[X,0x800000A0] -> 0xEAB7
mem[X,0x800000A2] -> 0xDBEA
[45] [M]: 0x800000A0 (0xDBEAEAB7) lui s5, 900782
x21 <- 0xDBEAE000


mem[X,0x800000A4] -> 0x8A93
mem[X,0x800000A6] -> 0xFEEA
[46] [M]: 0x800000A4 (0xFEEA8A93) addi s5, s5, 4078
x21 <- 0xDBEADFEE


mem[X,0x800000A8] -> 0x7B37
mem[X,0x800000AA] -> 0x6DF5
[47] [M]: 0x800000A8 (0x6DF57B37) lui s6, 450391
x22 <- 0x6DF57000


mem[X,0x800000AC] -> 0x0B13
mem[X,0x800000AE] -> 0xFF7B
[48] [M]: 0x800000AC (0xFF7B0B13) addi s6, s6, 4087
x22 <- 0x6DF56FF7


mem[X,0x800000B0] -> 0xBBB7
mem[X,0x800000B2] -> 0xB6FA
[49] [M]: 0x800000B0 (0xB6FABBB7) lui s7, 749483
x23 <- 0xB6FAB000


mem[X,0x800000B4] -> 0x8B93
mem[X,0x800000B6] -> 0x7FBB
[50] [M]: 0x800000B4 (0x7FBB8B93) addi s7, s7, 2043
x23 <- 0xB6FAB7FB


mem[X,0x800000B8] -> 0x6C37
mem[X,0x800000BA] -> 0xDB7D
[51] [M]: 0x800000B8 (0xDB7D6C37) lui s8, 899030
x24 <- 0xDB7D6000


mem[X,0x800000BC] -> 0x0C13
mem[X,0x800000BE] -> 0xBFDC
[52] [M]: 0x800000BC (0xBFDC0C13) addi s8, s8, 3069
x24 <- 0xDB7D5BFD


mem[X,0x800000C0] -> 0xBCB7
mem[X,0x800000C2] -> 0xEDBE
[53] [M]: 0x800000C0 (0xEDBEBCB7) lui s9, 973803
x25 <- 0xEDBEB000


mem[X,0x800000C4] -> 0x8C93
mem[X,0x800000C6] -> 0xDFEC
[54] [M]: 0x800000C4 (0xDFEC8C93) addi s9, s9, 3582
x25 <- 0xEDBEADFE


mem[X,0x800000C8] -> 0x5D37
mem[X,0x800000CA] -> 0x76DF
[55] [M]: 0x800000C8 (0x76DF5D37) lui s10, 486901
x26 <- 0x76DF5000


mem[X,0x800000CC] -> 0x0D13
mem[X,0x800000CE] -> 0x6FFD
[56] [M]: 0x800000CC (0x6FFD0D13) addi s10, s10, 1791
x26 <- 0x76DF56FF


mem[X,0x800000D0] -> 0xBDB7
mem[X,0x800000D2] -> 0xBB6F
[57] [M]: 0x800000D0 (0xBB6FBDB7) lui s11, 767739
x27 <- 0xBB6FB000


mem[X,0x800000D4] -> 0x8D93
mem[X,0x800000D6] -> 0xB7FD
[58] [M]: 0x800000D4 (0xB7FD8D93) addi s11, s11, 2943
x27 <- 0xBB6FAB7F


mem[X,0x800000D8] -> 0xDE37
mem[X,0x800000DA] -> 0xDDB7
[59] [M]: 0x800000D8 (0xDDB7DE37) lui t3, 908157
x28 <- 0xDDB7D000


mem[X,0x800000DC] -> 0x0E13
mem[X,0x800000DE] -> 0x5BFE
[60] [M]: 0x800000DC (0x5BFE0E13) addi t3, t3, 1471
x28 <- 0xDDB7D5BF


mem[X,0x800000E0] -> 0xFEB7
mem[X,0x800000E2] -> 0xEEDB
[61] [M]: 0x800000E0 (0xEEDBFEB7) lui t4, 978367
x29 <- 0xEEDBF000


mem[X,0x800000E4] -> 0x8E93
mem[X,0x800000E6] -> 0xADFE
[62] [M]: 0x800000E4 (0xADFE8E93) addi t4, t4, 2783
x29 <- 0xEEDBEADF


mem[X,0x800000E8] -> 0xFF37
mem[X,0x800000EA] -> 0xF76D
[63] [M]: 0x800000E8 (0xF76DFF37) lui t5, 1013471
x30 <- 0xF76DF000


mem[X,0x800000EC] -> 0x0F13
mem[X,0x800000EE] -> 0x56FF
[64] [M]: 0x800000EC (0x56FF0F13) addi t5, t5, 1391
x30 <- 0xF76DF56F


mem[X,0x800000F0] -> 0x0FB7
mem[X,0x800000F2] -> 0xFBB7
[65] [M]: 0x800000F0 (0xFBB70FB7) lui t6, 1031024
x31 <- 0xFBB70000


mem[X,0x800000F4] -> 0x8F93
mem[X,0x800000F6] -> 0xAB7F
[66] [M]: 0x800000F4 (0xAB7F8F93) addi t6, t6, 2743
x31 <- 0xFBB6FAB7


mem[X,0x800000F8] -> 0x2537
mem[X,0x800000FA] -> 0x0000
[67] [M]: 0x800000F8 (0x00002537) lui a0, 2
x10 <- 0x00002000


mem[X,0x800000FC] -> 0x2073
mem[X,0x800000FE] -> 0x3005
[68] [M]: 0x800000FC (0x30052073) csrrs zero, mstatus, a0
CSR mstatus -> 0x00000000
CSR mstatus <- 0x00002000 (input: 0x00002000)


mem[X,0x80000100] -> 0x5073
mem[X,0x80000102] -> 0x0030
[69] [M]: 0x80000100 (0x00305073) csrrwi zero, fcsr, 0
CSR fcsr -> 0x00000000
CSR fcsr <- 0x00000000 (input: 0x00000000)


mem[X,0x80000104] -> 0x3197
mem[X,0x80000106] -> 0x0000
[70] [M]: 0x80000104 (0x00003197) auipc gp, 3
x3 <- 0x80003104


mem[X,0x80000108] -> 0x8193
mem[X,0x8000010A] -> 0xF0C1
[71] [M]: 0x80000108 (0xF0C18193) addi gp, gp, 3852
x3 <- 0x80003010


mem[X,0x8000010C] -> 0x3097
mem[X,0x8000010E] -> 0x0000
[72] [M]: 0x8000010C (0x00003097) auipc ra, 3
x1 <- 0x8000310C


mem[X,0x80000110] -> 0x8093
mem[X,0x80000112] -> 0x7080
[73] [M]: 0x80000110 (0x70808093) addi ra, ra, 1800
x1 <- 0x80003814


mem[X,0x80000114] -> 0xAF07
mem[X,0x80000116] -> 0x0001
[74] [M]: 0x80000114 (0x0001AF07) flw ft10, 0(gp)
mem[R,0x80003010] -> 0x0000704C
f30 <- 0xFFFFFFFF0000704C


mem[X,0x80000118] -> 0xAE87
mem[X,0x8000011A] -> 0x0041
[75] [M]: 0x80000118 (0x0041AE87) flw ft9, 4(gp)
mem[R,0x80003014] -> 0x0000704C
f29 <- 0xFFFFFFFF0000704C


mem[X,0x8000011C] -> 0x0113
mem[X,0x8000011E] -> 0x0000
[76] [M]: 0x8000011C (0x00000113) addi sp, zero, 0
x2 <- 0x00000000


mem[X,0x80000120] -> 0x1073
mem[X,0x80000122] -> 0x0031
[77] [M]: 0x80000120 (0x00311073) csrrw zero, fcsr, sp
CSR fcsr -> 0x00000000
CSR fcsr <- 0x00000000 (input: 0x00000000)


mem[X,0x80000124] -> 0x7FD3
mem[X,0x80000126] -> 0x0DDF
[78] [M]: 0x80000124 (0x0DDF7FD3) fsub.h ft11, ft10, ft9, dyn
f31 <- 0xFFFFFFFFFFFF7E00


mem[X,0x80000128] -> 0x2273
mem[X,0x8000012A] -> 0x0030
[79] [M]: 0x80000128 (0x00302273) csrrs tp, fcsr, zero
CSR fcsr -> 0x00000000
x4 <- 0x00000000


mem[X,0x8000012C] -> 0xA027
mem[X,0x8000012E] -> 0x01F0
[80] [M]: 0x8000012C (0x01F0A027) fsw ft11, 0(ra)
mem[0x80003814] <- 0xFFFF7E00


mem[X,0x80000130] -> 0xA223
mem[X,0x80000132] -> 0x0040
[81] [M]: 0x80000130 (0x0040A223) sw tp, 4(ra)
mem[0x80003818] <- 0x00000000


mem[X,0x80000134] -> 0xAE07
mem[X,0x80000136] -> 0x0081
[82] [M]: 0x80000134 (0x0081AE07) flw ft8, 8(gp)
mem[R,0x80003018] -> 0x00007A1B
f28 <- 0xFFFFFFFF00007A1B


mem[X,0x80000138] -> 0xAE07
mem[X,0x8000013A] -> 0x00C1
[83] [M]: 0x80000138 (0x00C1AE07) flw ft8, 12(gp)
mem[R,0x8000301C] -> 0x00007A1B
f28 <- 0xFFFFFFFF00007A1B


mem[X,0x8000013C] -> 0x0113
mem[X,0x8000013E] -> 0x0000
[84] [M]: 0x8000013C (0x00000113) addi sp, zero, 0
x2 <- 0x00000000


mem[X,0x80000140] -> 0x1073
mem[X,0x80000142] -> 0x0031
[85] [M]: 0x80000140 (0x00311073) csrrw zero, fcsr, sp
CSR fcsr -> 0x00000000
CSR fcsr <- 0x00000000 (input: 0x00000000)


mem[X,0x80000144] -> 0x7E53
mem[X,0x80000146] -> 0x0DCE
[86] [M]: 0x80000144 (0x0DCE7E53) fsub.h ft8, ft8, ft8, dyn
f28 <- 0xFFFFFFFFFFFF7E00


mem[X,0x80000148] -> 0x2273
mem[X,0x8000014A] -> 0x0030
[87] [M]: 0x80000148 (0x00302273) csrrs tp, fcsr, zero
CSR fcsr -> 0x00000000
x4 <- 0x00000000


mem[X,0x8000014C] -> 0xA427
mem[X,0x8000014E] -> 0x01C0
[88] [M]: 0x8000014C (0x01C0A427) fsw ft8, 8(ra)
mem[0x8000381C] <- 0xFFFF7E00


mem[X,0x80000150] -> 0xA623
mem[X,0x80000152] -> 0x0040
[89] [M]: 0x80000150 (0x0040A623) sw tp, 12(ra)
mem[0x80003820] <- 0x00000000


mem[X,0x80000154] -> 0xAF87
mem[X,0x80000156] -> 0x0101
[90] [M]: 0x80000154 (0x0101AF87) flw ft11, 16(gp)
mem[R,0x80003020] -> 0x000077EC
f31 <- 0xFFFFFFFF000077EC


mem[X,0x80000158] -> 0xAF07
mem[X,0x8000015A] -> 0x0141
[91] [M]: 0x80000158 (0x0141AF07) flw ft10, 20(gp)
mem[R,0x80003024] -> 0x000077EC
f30 <- 0xFFFFFFFF000077EC


mem[X,0x8000015C] -> 0x0113
mem[X,0x8000015E] -> 0x0000
[92] [M]: 0x8000015C (0x00000113) addi sp, zero, 0
x2 <- 0x00000000


mem[X,0x80000160] -> 0x1073
mem[X,0x80000162] -> 0x0031
[93] [M]: 0x80000160 (0x00311073) csrrw zero, fcsr, sp
CSR fcsr -> 0x00000000
CSR fcsr <- 0x00000000 (input: 0x00000000)


mem[X,0x80000164] -> 0xFF53
mem[X,0x80000166] -> 0x0DEF
[94] [M]: 0x80000164 (0x0DEFFF53) fsub.h ft10, ft11, ft10, dyn
f30 <- 0xFFFFFFFFFFFF7E00


mem[X,0x80000168] -> 0x2273
mem[X,0x8000016A] -> 0x0030
[95] [M]: 0x80000168 (0x00302273) csrrs tp, fcsr, zero
CSR fcsr -> 0x00000000
x4 <- 0x00000000


mem[X,0x8000016C] -> 0xA827
mem[X,0x8000016E] -> 0x01E0
[96] [M]: 0x8000016C (0x01E0A827) fsw ft10, 16(ra)
mem[0x80003824] <- 0xFFFF7E00


mem[X,0x80000170] -> 0xAA23
mem[X,0x80000172] -> 0x0040
[97] [M]: 0x80000170 (0x0040AA23) sw tp, 20(ra)
mem[0x80003828] <- 0x00000000


mem[X,0x80000174] -> 0xAE87
mem[X,0x80000176] -> 0x0181
[98] [M]: 0x80000174 (0x0181AE87) flw ft9, 24(gp)
mem[R,0x80003028] -> 0x00007935
f29 <- 0xFFFFFFFF00007935


mem[X,0x80000178] -> 0xAF87
mem[X,0x8000017A] -> 0x01C1
[99] [M]: 0x80000178 (0x01C1AF87) flw ft11, 28(gp)
mem[R,0x8000302C] -> 0x00007935
f31 <- 0xFFFFFFFF00007935


clint::tick mtime <- 0x0000000000000001
 clint timer pending at mtime 0x0000000000000001
htif::tick 0x0000000000000000
mem[X,0x8000017C] -> 0x0113
mem[X,0x8000017E] -> 0x0000
[100] [M]: 0x8000017C (0x00000113) addi sp, zero, 0
x2 <- 0x00000000


mem[X,0x80000180] -> 0x1073
mem[X,0x80000182] -> 0x0031
[101] [M]: 0x80000180 (0x00311073) csrrw zero, fcsr, sp
CSR fcsr -> 0x00000000
CSR fcsr <- 0x00000000 (input: 0x00000000)


mem[X,0x80000184] -> 0xFED3
mem[X,0x80000186] -> 0x0DFE
[102] [M]: 0x80000184 (0x0DFEFED3) fsub.h ft9, ft9, ft11, dyn
f29 <- 0xFFFFFFFFFFFF7E00


mem[X,0x80000188] -> 0x2273
mem[X,0x8000018A] -> 0x0030
[103] [M]: 0x80000188 (0x00302273) csrrs tp, fcsr, zero
CSR fcsr -> 0x00000000
x4 <- 0x00000000


mem[X,0x8000018C] -> 0xAC27
mem[X,0x8000018E] -> 0x01D0
[104] [M]: 0x8000018C (0x01D0AC27) fsw ft9, 24(ra)
mem[0x8000382C] <- 0xFFFF7E00


mem[X,0x80000190] -> 0xAE23
mem[X,0x80000192] -> 0x0040
[105] [M]: 0x80000190 (0x0040AE23) sw tp, 28(ra)
mem[0x80003830] <- 0x00000000


mem[X,0x80000194] -> 0xAD07
mem[X,0x80000196] -> 0x0201
[106] [M]: 0x80000194 (0x0201AD07) flw fs10, 32(gp)
mem[R,0x80003030] -> 0x00006E01
f26 <- 0xFFFFFFFF00006E01


mem[X,0x80000198] -> 0xAD07
mem[X,0x8000019A] -> 0x0241
[107] [M]: 0x80000198 (0x0241AD07) flw fs10, 36(gp)
mem[R,0x80003034] -> 0x00006E01
f26 <- 0xFFFFFFFF00006E01


mem[X,0x8000019C] -> 0x0113
mem[X,0x8000019E] -> 0x0000
[108] [M]: 0x8000019C (0x00000113) addi sp, zero, 0
x2 <- 0x00000000


mem[X,0x800001A0] -> 0x1073
mem[X,0x800001A2] -> 0x0031
[109] [M]: 0x800001A0 (0x00311073) csrrw zero, fcsr, sp
CSR fcsr -> 0x00000000
CSR fcsr <- 0x00000000 (input: 0x00000000)


mem[X,0x800001A4] -> 0x7DD3
mem[X,0x800001A6] -> 0x0DAD
[110] [M]: 0x800001A4 (0x0DAD7DD3) fsub.h fs11, fs10, fs10, dyn
f27 <- 0xFFFFFFFFFFFF7E00


mem[X,0x800001A8] -> 0x2273
mem[X,0x800001AA] -> 0x0030
[111] [M]: 0x800001A8 (0x00302273) csrrs tp, fcsr, zero
CSR fcsr -> 0x00000000
x4 <- 0x00000000


mem[X,0x800001AC] -> 0xA027
mem[X,0x800001AE] -> 0x03B0
[112] [M]: 0x800001AC (0x03B0A027) fsw fs11, 32(ra)
mem[0x80003834] <- 0xFFFF7E00


mem[X,0x800001B0] -> 0xA223
mem[X,0x800001B2] -> 0x0240
[113] [M]: 0x800001B0 (0x0240A223) sw tp, 36(ra)
mem[0x80003838] <- 0x00000000


mem[X,0x800001B4] -> 0xAD87
mem[X,0x800001B6] -> 0x0281
[114] [M]: 0x800001B4 (0x0281AD87) flw fs11, 40(gp)
mem[R,0x80003038] -> 0x00007AAE
f27 <- 0xFFFFFFFF00007AAE


mem[X,0x800001B8] -> 0xAC87
mem[X,0x800001BA] -> 0x02C1
[115] [M]: 0x800001B8 (0x02C1AC87) flw fs9, 44(gp)
mem[R,0x8000303C] -> 0x00007AAE
f25 <- 0xFFFFFFFF00007AAE


mem[X,0x800001BC] -> 0x0113
mem[X,0x800001BE] -> 0x0000
[116] [M]: 0x800001BC (0x00000113) addi sp, zero, 0
x2 <- 0x00000000


mem[X,0x800001C0] -> 0x1073
mem[X,0x800001C2] -> 0x0031
[117] [M]: 0x800001C0 (0x00311073) csrrw zero, fcsr, sp
CSR fcsr -> 0x00000000
CSR fcsr <- 0x00000000 (input: 0x00000000)


mem[X,0x800001C4] -> 0xFD53
mem[X,0x800001C6] -> 0x0D9D
[118] [M]: 0x800001C4 (0x0D9DFD53) fsub.h fs10, fs11, fs9, dyn
f26 <- 0xFFFFFFFFFFFF7E00


mem[X,0x800001C8] -> 0x2273
mem[X,0x800001CA] -> 0x0030
[119] [M]: 0x800001C8 (0x00302273) csrrs tp, fcsr, zero
CSR fcsr -> 0x00000000
x4 <- 0x00000000


mem[X,0x800001CC] -> 0xA427
mem[X,0x800001CE] -> 0x03A0
[120] [M]: 0x800001CC (0x03A0A427) fsw fs10, 40(ra)
mem[0x8000383C] <- 0xFFFF7E00


mem[X,0x800001D0] -> 0xA623
mem[X,0x800001D2] -> 0x0240
[121] [M]: 0x800001D0 (0x0240A623) sw tp, 44(ra)
mem[0x80003840] <- 0x00000000


mem[X,0x800001D4] -> 0xAC07
mem[X,0x800001D6] -> 0x0301
[122] [M]: 0x800001D4 (0x0301AC07) flw fs8, 48(gp)
mem[R,0x80003040] -> 0x00007A18
f24 <- 0xFFFFFFFF00007A18


mem[X,0x800001D8] -> 0xAD87
mem[X,0x800001DA] -> 0x0341
[123] [M]: 0x800001D8 (0x0341AD87) flw fs11, 52(gp)
mem[R,0x80003044] -> 0x00007A18
f27 <- 0xFFFFFFFF00007A18


mem[X,0x800001DC] -> 0x0113
mem[X,0x800001DE] -> 0x0000
[124] [M]: 0x800001DC (0x00000113) addi sp, zero, 0
x2 <- 0x00000000


mem[X,0x800001E0] -> 0x1073
mem[X,0x800001E2] -> 0x0031
[125] [M]: 0x800001E0 (0x00311073) csrrw zero, fcsr, sp
CSR fcsr -> 0x00000000
CSR fcsr <- 0x00000000 (input: 0x00000000)


mem[X,0x800001E4] -> 0x7CD3
mem[X,0x800001E6] -> 0x0DBC
[126] [M]: 0x800001E4 (0x0DBC7CD3) fsub.h fs9, fs8, fs11, dyn
f25 <- 0xFFFFFFFFFFFF7E00


mem[X,0x800001E8] -> 0x2273
mem[X,0x800001EA] -> 0x0030
[127] [M]: 0x800001E8 (0x00302273) csrrs tp, fcsr, zero
CSR fcsr -> 0x00000000
x4 <- 0x00000000


mem[X,0x800001EC] -> 0xA827
mem[X,0x800001EE] -> 0x0390
[128] [M]: 0x800001EC (0x0390A827) fsw fs9, 48(ra)
mem[0x80003844] <- 0xFFFF7E00


mem[X,0x800001F0] -> 0xAA23
mem[X,0x800001F2] -> 0x0240
[129] [M]: 0x800001F0 (0x0240AA23) sw tp, 52(ra)
mem[0x80003848] <- 0x00000000


mem[X,0x800001F4] -> 0xAC87
mem[X,0x800001F6] -> 0x0381
[130] [M]: 0x800001F4 (0x0381AC87) flw fs9, 56(gp)
mem[R,0x80003048] -> 0x0000771F
f25 <- 0xFFFFFFFF0000771F


mem[X,0x800001F8] -> 0xAB87
mem[X,0x800001FA] -> 0x03C1
[131] [M]: 0x800001F8 (0x03C1AB87) flw fs7, 60(gp)
mem[R,0x8000304C] -> 0x0000771F
f23 <- 0xFFFFFFFF0000771F


mem[X,0x800001FC] -> 0x0113
mem[X,0x800001FE] -> 0x0000
[132] [M]: 0x800001FC (0x00000113) addi sp, zero, 0
x2 <- 0x00000000


mem[X,0x80000200] -> 0x1073
mem[X,0x80000202] -> 0x0031
[133] [M]: 0x80000200 (0x00311073) csrrw zero, fcsr, sp
CSR fcsr -> 0x00000000
CSR fcsr <- 0x00000000 (input: 0x00000000)


mem[X,0x80000204] -> 0xFC53
mem[X,0x80000206] -> 0x0D7C
[134] [M]: 0x80000204 (0x0D7CFC53) fsub.h fs8, fs9, fs7, dyn
f24 <- 0xFFFFFFFFFFFF7E00


mem[X,0x80000208] -> 0x2273
mem[X,0x8000020A] -> 0x0030
[135] [M]: 0x80000208 (0x00302273) csrrs tp, fcsr, zero
CSR fcsr -> 0x00000000
x4 <- 0x00000000


mem[X,0x8000020C] -> 0xAC27
mem[X,0x8000020E] -> 0x0380
[136] [M]: 0x8000020C (0x0380AC27) fsw fs8, 56(ra)
mem[0x8000384C] <- 0xFFFF7E00


mem[X,0x80000210] -> 0xAE23
mem[X,0x80000212] -> 0x0240
[137] [M]: 0x80000210 (0x0240AE23) sw tp, 60(ra)
mem[0x80003850] <- 0x00000000


mem[X,0x80000214] -> 0xAB07
mem[X,0x80000216] -> 0x0401
[138] [M]: 0x80000214 (0x0401AB07) flw fs6, 64(gp)
mem[R,0x80003050] -> 0x00007351
f22 <- 0xFFFFFFFF00007351


mem[X,0x80000218] -> 0xAC07
mem[X,0x8000021A] -> 0x0441
[139] [M]: 0x80000218 (0x0441AC07) flw fs8, 68(gp)
mem[R,0x80003054] -> 0x00007351
f24 <- 0xFFFFFFFF00007351


mem[X,0x8000021C] -> 0x0113
mem[X,0x8000021E] -> 0x0000
[140] [M]: 0x8000021C (0x00000113) addi sp, zero, 0
x2 <- 0x00000000


mem[X,0x80000220] -> 0x1073
mem[X,0x80000222] -> 0x0031
[141] [M]: 0x80000220 (0x00311073) csrrw zero, fcsr, sp
CSR fcsr -> 0x00000000
CSR fcsr <- 0x00000000 (input: 0x00000000)


mem[X,0x80000224] -> 0x7BD3
mem[X,0x80000226] -> 0x0D8B
[142] [M]: 0x80000224 (0x0D8B7BD3) fsub.h fs7, fs6, fs8, dyn
f23 <- 0xFFFFFFFFFFFF7E00


mem[X,0x80000228] -> 0x2273
mem[X,0x8000022A] -> 0x0030
[143] [M]: 0x80000228 (0x00302273) csrrs tp, fcsr, zero
CSR fcsr -> 0x00000000
x4 <- 0x00000000


mem[X,0x8000022C] -> 0xA027
mem[X,0x8000022E] -> 0x0570
[144] [M]: 0x8000022C (0x0570A027) fsw fs7, 64(ra)
mem[0x80003854] <- 0xFFFF7E00


mem[X,0x80000230] -> 0xA223
mem[X,0x80000232] -> 0x0440
[145] [M]: 0x80000230 (0x0440A223) sw tp, 68(ra)
mem[0x80003858] <- 0x00000000


mem[X,0x80000234] -> 0xAB87
mem[X,0x80000236] -> 0x0481
[146] [M]: 0x80000234 (0x0481AB87) flw fs7, 72(gp)
mem[R,0x80003058] -> 0x00007B35
f23 <- 0xFFFFFFFF00007B35


mem[X,0x80000238] -> 0xAA87
mem[X,0x8000023A] -> 0x04C1
[147] [M]: 0x80000238 (0x04C1AA87) flw fs5, 76(gp)
mem[R,0x8000305C] -> 0x00007B35
f21 <- 0xFFFFFFFF00007B35


mem[X,0x8000023C] -> 0x0113
mem[X,0x8000023E] -> 0x0000
[148] [M]: 0x8000023C (0x00000113) addi sp, zero, 0
x2 <- 0x00000000


mem[X,0x80000240] -> 0x1073
mem[X,0x80000242] -> 0x0031
[149] [M]: 0x80000240 (0x00311073) csrrw zero, fcsr, sp
CSR fcsr -> 0x00000000
CSR fcsr <- 0x00000000 (input: 0x00000000)


mem[X,0x80000244] -> 0xFB53
mem[X,0x80000246] -> 0x0D5B
[150] [M]: 0x80000244 (0x0D5BFB53) fsub.h fs6, fs7, fs5, dyn
f22 <- 0xFFFFFFFFFFFF7E00


mem[X,0x80000248] -> 0x2273
mem[X,0x8000024A] -> 0x0030
[151] [M]: 0x80000248 (0x00302273) csrrs tp, fcsr, zero
CSR fcsr -> 0x00000000
x4 <- 0x00000000


mem[X,0x8000024C] -> 0xA427
mem[X,0x8000024E] -> 0x0560
[152] [M]: 0x8000024C (0x0560A427) fsw fs6, 72(ra)
mem[0x8000385C] <- 0xFFFF7E00


mem[X,0x80000250] -> 0xA623
mem[X,0x80000252] -> 0x0440
[153] [M]: 0x80000250 (0x0440A623) sw tp, 76(ra)
mem[0x80003860] <- 0x00000000


mem[X,0x80000254] -> 0xAA07
mem[X,0x80000256] -> 0x0501
[154] [M]: 0x80000254 (0x0501AA07) flw fs4, 80(gp)
mem[R,0x80003060] -> 0x00006682
f20 <- 0xFFFFFFFF00006682


mem[X,0x80000258] -> 0xAB07
mem[X,0x8000025A] -> 0x0541
[155] [M]: 0x80000258 (0x0541AB07) flw fs6, 84(gp)
mem[R,0x80003064] -> 0x00006682
f22 <- 0xFFFFFFFF00006682


mem[X,0x8000025C] -> 0x0113
mem[X,0x8000025E] -> 0x0000
[156] [M]: 0x8000025C (0x00000113) addi sp, zero, 0
x2 <- 0x00000000


mem[X,0x80000260] -> 0x1073
mem[X,0x80000262] -> 0x0031
[157] [M]: 0x80000260 (0x00311073) csrrw zero, fcsr, sp
CSR fcsr -> 0x00000000
CSR fcsr <- 0x00000000 (input: 0x00000000)


mem[X,0x80000264] -> 0x7AD3
mem[X,0x80000266] -> 0x0D6A
[158] [M]: 0x80000264 (0x0D6A7AD3) fsub.h fs5, fs4, fs6, dyn
f21 <- 0xFFFFFFFFFFFF7E00


mem[X,0x80000268] -> 0x2273
mem[X,0x8000026A] -> 0x0030
[159] [M]: 0x80000268 (0x00302273) csrrs tp, fcsr, zero
CSR fcsr -> 0x00000000
x4 <- 0x00000000


mem[X,0x8000026C] -> 0xA827
mem[X,0x8000026E] -> 0x0550
[160] [M]: 0x8000026C (0x0550A827) fsw fs5, 80(ra)
mem[0x80003864] <- 0xFFFF7E00


mem[X,0x80000270] -> 0xAA23
mem[X,0x80000272] -> 0x0440
[161] [M]: 0x80000270 (0x0440AA23) sw tp, 84(ra)
mem[0x80003868] <- 0x00000000


mem[X,0x80000274] -> 0xAA87
mem[X,0x80000276] -> 0x0581
[162] [M]: 0x80000274 (0x0581AA87) flw fs5, 88(gp)
mem[R,0x80003068] -> 0x00007B82
f21 <- 0xFFFFFFFF00007B82


mem[X,0x80000278] -> 0xA987
mem[X,0x8000027A] -> 0x05C1
[163] [M]: 0x80000278 (0x05C1A987) flw fs3, 92(gp)
mem[R,0x8000306C] -> 0x00007B82
f19 <- 0xFFFFFFFF00007B82


mem[X,0x8000027C] -> 0x0113
mem[X,0x8000027E] -> 0x0000
[164] [M]: 0x8000027C (0x00000113) addi sp, zero, 0
x2 <- 0x00000000


mem[X,0x80000280] -> 0x1073
mem[X,0x80000282] -> 0x0031
[165] [M]: 0x80000280 (0x00311073) csrrw zero, fcsr, sp
CSR fcsr -> 0x00000000
CSR fcsr <- 0x00000000 (input: 0x00000000)


mem[X,0x80000284] -> 0xFA53
mem[X,0x80000286] -> 0x0D3A
[166] [M]: 0x80000284 (0x0D3AFA53) fsub.h fs4, fs5, fs3, dyn
f20 <- 0xFFFFFFFFFFFF7E00


mem[X,0x80000288] -> 0x2273
mem[X,0x8000028A] -> 0x0030
[167] [M]: 0x80000288 (0x00302273) csrrs tp, fcsr, zero
CSR fcsr -> 0x00000000
x4 <- 0x00000000


mem[X,0x8000028C] -> 0xAC27
mem[X,0x8000028E] -> 0x0540
[168] [M]: 0x8000028C (0x0540AC27) fsw fs4, 88(ra)
mem[0x8000386C] <- 0xFFFF7E00


mem[X,0x80000290] -> 0xAE23
mem[X,0x80000292] -> 0x0440
[169] [M]: 0x80000290 (0x0440AE23) sw tp, 92(ra)
mem[0x80003870] <- 0x00000000


mem[X,0x80000294] -> 0xA907
mem[X,0x80000296] -> 0x0601
[170] [M]: 0x80000294 (0x0601A907) flw fs2, 96(gp)
mem[R,0x80003070] -> 0x000072ED
f18 <- 0xFFFFFFFF000072ED


mem[X,0x80000298] -> 0xAA07
mem[X,0x8000029A] -> 0x0641
[171] [M]: 0x80000298 (0x0641AA07) flw fs4, 100(gp)
mem[R,0x80003074] -> 0x000072ED
f20 <- 0xFFFFFFFF000072ED


mem[X,0x8000029C] -> 0x0113
mem[X,0x8000029E] -> 0x0000
[172] [M]: 0x8000029C (0x00000113) addi sp, zero, 0
x2 <- 0x00000000


mem[X,0x800002A0] -> 0x1073
mem[X,0x800002A2] -> 0x0031
[173] [M]: 0x800002A0 (0x00311073) csrrw zero, fcsr, sp
CSR fcsr -> 0x00000000
CSR fcsr <- 0x00000000 (input: 0x00000000)


mem[X,0x800002A4] -> 0x79D3
mem[X,0x800002A6] -> 0x0D49
[174] [M]: 0x800002A4 (0x0D4979D3) fsub.h fs3, fs2, fs4, dyn
f19 <- 0xFFFFFFFFFFFF7E00


mem[X,0x800002A8] -> 0x2273
mem[X,0x800002AA] -> 0x0030
[175] [M]: 0x800002A8 (0x00302273) csrrs tp, fcsr, zero
CSR fcsr -> 0x00000000
x4 <- 0x00000000


mem[X,0x800002AC] -> 0xA027
mem[X,0x800002AE] -> 0x0730
[176] [M]: 0x800002AC (0x0730A027) fsw fs3, 96(ra)
mem[0x80003874] <- 0xFFFF7E00


mem[X,0x800002B0] -> 0xA223
mem[X,0x800002B2] -> 0x0640
[177] [M]: 0x800002B0 (0x0640A223) sw tp, 100(ra)
mem[0x80003878] <- 0x00000000


mem[X,0x800002B4] -> 0xA987
mem[X,0x800002B6] -> 0x0681
[178] [M]: 0x800002B4 (0x0681A987) flw fs3, 104(gp)
mem[R,0x80003078] -> 0x0000676E
f19 <- 0xFFFFFFFF0000676E


mem[X,0x800002B8] -> 0xA887
mem[X,0x800002BA] -> 0x06C1
[179] [M]: 0x800002B8 (0x06C1A887) flw fa7, 108(gp)
mem[R,0x8000307C] -> 0x0000676E
f17 <- 0xFFFFFFFF0000676E


mem[X,0x800002BC] -> 0x0113
mem[X,0x800002BE] -> 0x0000
[180] [M]: 0x800002BC (0x00000113) addi sp, zero, 0
x2 <- 0x00000000


mem[X,0x800002C0] -> 0x1073
mem[X,0x800002C2] -> 0x0031
[181] [M]: 0x800002C0 (0x00311073) csrrw zero, fcsr, sp
CSR fcsr -> 0x00000000
CSR fcsr <- 0x00000000 (input: 0x00000000)


mem[X,0x800002C4] -> 0xF953
mem[X,0x800002C6] -> 0x0D19
[182] [M]: 0x800002C4 (0x0D19F953) fsub.h fs2, fs3, fa7, dyn
f18 <- 0xFFFFFFFFFFFF7E00


mem[X,0x800002C8] -> 0x2273
mem[X,0x800002CA] -> 0x0030
[183] [M]: 0x800002C8 (0x00302273) csrrs tp, fcsr, zero
CSR fcsr -> 0x00000000
x4 <- 0x00000000


mem[X,0x800002CC] -> 0xA427
mem[X,0x800002CE] -> 0x0720
[184] [M]: 0x800002CC (0x0720A427) fsw fs2, 104(ra)
mem[0x8000387C] <- 0xFFFF7E00


mem[X,0x800002D0] -> 0xA623
mem[X,0x800002D2] -> 0x0640
[185] [M]: 0x800002D0 (0x0640A623) sw tp, 108(ra)
mem[0x80003880] <- 0x00000000


mem[X,0x800002D4] -> 0xA807
mem[X,0x800002D6] -> 0x0701
[186] [M]: 0x800002D4 (0x0701A807) flw fa6, 112(gp)
mem[R,0x80003080] -> 0x00007700
f16 <- 0xFFFFFFFF00007700


mem[X,0x800002D8] -> 0xA907
mem[X,0x800002DA] -> 0x0741
[187] [M]: 0x800002D8 (0x0741A907) flw fs2, 116(gp)
mem[R,0x80003084] -> 0x00007700
f18 <- 0xFFFFFFFF00007700


mem[X,0x800002DC] -> 0x0113
mem[X,0x800002DE] -> 0x0000
[188] [M]: 0x800002DC (0x00000113) addi sp, zero, 0
x2 <- 0x00000000


mem[X,0x800002E0] -> 0x1073
mem[X,0x800002E2] -> 0x0031
[189] [M]: 0x800002E0 (0x00311073) csrrw zero, fcsr, sp
CSR fcsr -> 0x00000000
CSR fcsr <- 0x00000000 (input: 0x00000000)


mem[X,0x800002E4] -> 0x78D3
mem[X,0x800002E6] -> 0x0D28
[190] [M]: 0x800002E4 (0x0D2878D3) fsub.h fa7, fa6, fs2, dyn
f17 <- 0xFFFFFFFFFFFF7E00


mem[X,0x800002E8] -> 0x2273
mem[X,0x800002EA] -> 0x0030
[191] [M]: 0x800002E8 (0x00302273) csrrs tp, fcsr, zero
CSR fcsr -> 0x00000000
x4 <- 0x00000000


mem[X,0x800002EC] -> 0xA827
mem[X,0x800002EE] -> 0x0710
[192] [M]: 0x800002EC (0x0710A827) fsw fa7, 112(ra)
mem[0x80003884] <- 0xFFFF7E00


mem[X,0x800002F0] -> 0xAA23
mem[X,0x800002F2] -> 0x0640
[193] [M]: 0x800002F0 (0x0640AA23) sw tp, 116(ra)
mem[0x80003888] <- 0x00000000


mem[X,0x800002F4] -> 0xA887
mem[X,0x800002F6] -> 0x0781
[194] [M]: 0x800002F4 (0x0781A887) flw fa7, 120(gp)
mem[R,0x80003088] -> 0x00007374
f17 <- 0xFFFFFFFF00007374


mem[X,0x800002F8] -> 0xA787
mem[X,0x800002FA] -> 0x07C1
[195] [M]: 0x800002F8 (0x07C1A787) flw fa5, 124(gp)
mem[R,0x8000308C] -> 0x00007374
f15 <- 0xFFFFFFFF00007374


mem[X,0x800002FC] -> 0x0113
mem[X,0x800002FE] -> 0x0000
[196] [M]: 0x800002FC (0x00000113) addi sp, zero, 0
x2 <- 0x00000000


mem[X,0x80000300] -> 0x1073
mem[X,0x80000302] -> 0x0031
[197] [M]: 0x80000300 (0x00311073) csrrw zero, fcsr, sp
CSR fcsr -> 0x00000000
CSR fcsr <- 0x00000000 (input: 0x00000000)


mem[X,0x80000304] -> 0xF853
mem[X,0x80000306] -> 0x0CF8
[198] [M]: 0x80000304 (0x0CF8F853) fsub.h fa6, fa7, fa5, dyn
f16 <- 0xFFFFFFFFFFFF7E00


mem[X,0x80000308] -> 0x2273
mem[X,0x8000030A] -> 0x0030
[199] [M]: 0x80000308 (0x00302273) csrrs tp, fcsr, zero
CSR fcsr -> 0x00000000
x4 <- 0x00000000


clint::tick mtime <- 0x0000000000000002
 clint timer pending at mtime 0x0000000000000002
htif::tick 0x0000000000000000
mem[X,0x8000030C] -> 0xAC27
mem[X,0x8000030E] -> 0x0700
[200] [M]: 0x8000030C (0x0700AC27) fsw fa6, 120(ra)
mem[0x8000388C] <- 0xFFFF7E00


mem[X,0x80000310] -> 0xAE23
mem[X,0x80000312] -> 0x0640
[201] [M]: 0x80000310 (0x0640AE23) sw tp, 124(ra)
mem[0x80003890] <- 0x00000000


mem[X,0x80000314] -> 0xA707
mem[X,0x80000316] -> 0x0801
[202] [M]: 0x80000314 (0x0801A707) flw fa4, 128(gp)
mem[R,0x80003090] -> 0x000072FF
f14 <- 0xFFFFFFFF000072FF


mem[X,0x80000318] -> 0xA807
mem[X,0x8000031A] -> 0x0841
[203] [M]: 0x80000318 (0x0841A807) flw fa6, 132(gp)
mem[R,0x80003094] -> 0x000072FF
f16 <- 0xFFFFFFFF000072FF


mem[X,0x8000031C] -> 0x0113
mem[X,0x8000031E] -> 0x0000
[204] [M]: 0x8000031C (0x00000113) addi sp, zero, 0
x2 <- 0x00000000


mem[X,0x80000320] -> 0x1073
mem[X,0x80000322] -> 0x0031
[205] [M]: 0x80000320 (0x00311073) csrrw zero, fcsr, sp
CSR fcsr -> 0x00000000
CSR fcsr <- 0x00000000 (input: 0x00000000)


mem[X,0x80000324] -> 0x77D3
mem[X,0x80000326] -> 0x0D07
[206] [M]: 0x80000324 (0x0D0777D3) fsub.h fa5, fa4, fa6, dyn
f15 <- 0xFFFFFFFFFFFF7E00


mem[X,0x80000328] -> 0x2273
mem[X,0x8000032A] -> 0x0030
[207] [M]: 0x80000328 (0x00302273) csrrs tp, fcsr, zero
CSR fcsr -> 0x00000000
x4 <- 0x00000000


mem[X,0x8000032C] -> 0xA027
mem[X,0x8000032E] -> 0x08F0
[208] [M]: 0x8000032C (0x08F0A027) fsw fa5, 128(ra)
mem[0x80003894] <- 0xFFFF7E00


mem[X,0x80000330] -> 0xA223
mem[X,0x80000332] -> 0x0840
[209] [M]: 0x80000330 (0x0840A223) sw tp, 132(ra)
mem[0x80003898] <- 0x00000000


mem[X,0x80000334] -> 0xA787
mem[X,0x80000336] -> 0x0881
[210] [M]: 0x80000334 (0x0881A787) flw fa5, 136(gp)
mem[R,0x80003098] -> 0x000074A2
f15 <- 0xFFFFFFFF000074A2


mem[X,0x80000338] -> 0xA687
mem[X,0x8000033A] -> 0x08C1
[211] [M]: 0x80000338 (0x08C1A687) flw fa3, 140(gp)
mem[R,0x8000309C] -> 0x000074A2
f13 <- 0xFFFFFFFF000074A2


mem[X,0x8000033C] -> 0x0113
mem[X,0x8000033E] -> 0x0000
[212] [M]: 0x8000033C (0x00000113) addi sp, zero, 0
x2 <- 0x00000000


mem[X,0x80000340] -> 0x1073
mem[X,0x80000342] -> 0x0031
[213] [M]: 0x80000340 (0x00311073) csrrw zero, fcsr, sp
CSR fcsr -> 0x00000000
CSR fcsr <- 0x00000000 (input: 0x00000000)


mem[X,0x80000344] -> 0xF753
mem[X,0x80000346] -> 0x0CD7
[214] [M]: 0x80000344 (0x0CD7F753) fsub.h fa4, fa5, fa3, dyn
f14 <- 0xFFFFFFFFFFFF7E00


mem[X,0x80000348] -> 0x2273
mem[X,0x8000034A] -> 0x0030
[215] [M]: 0x80000348 (0x00302273) csrrs tp, fcsr, zero
CSR fcsr -> 0x00000000
x4 <- 0x00000000


mem[X,0x8000034C] -> 0xA427
mem[X,0x8000034E] -> 0x08E0
[216] [M]: 0x8000034C (0x08E0A427) fsw fa4, 136(ra)
mem[0x8000389C] <- 0xFFFF7E00


mem[X,0x80000350] -> 0xA623
mem[X,0x80000352] -> 0x0840
[217] [M]: 0x80000350 (0x0840A623) sw tp, 140(ra)
mem[0x800038A0] <- 0x00000000


mem[X,0x80000354] -> 0xA607
mem[X,0x80000356] -> 0x0901
[218] [M]: 0x80000354 (0x0901A607) flw fa2, 144(gp)
mem[R,0x800030A0] -> 0x00007AB2
f12 <- 0xFFFFFFFF00007AB2


mem[X,0x80000358] -> 0xA707
mem[X,0x8000035A] -> 0x0941
[219] [M]: 0x80000358 (0x0941A707) flw fa4, 148(gp)
mem[R,0x800030A4] -> 0x00007AB2
f14 <- 0xFFFFFFFF00007AB2


mem[X,0x8000035C] -> 0x0113
mem[X,0x8000035E] -> 0x0000
[220] [M]: 0x8000035C (0x00000113) addi sp, zero, 0
x2 <- 0x00000000


mem[X,0x80000360] -> 0x1073
mem[X,0x80000362] -> 0x0031
[221] [M]: 0x80000360 (0x00311073) csrrw zero, fcsr, sp
CSR fcsr -> 0x00000000
CSR fcsr <- 0x00000000 (input: 0x00000000)


mem[X,0x80000364] -> 0x76D3
mem[X,0x80000366] -> 0x0CE6
[222] [M]: 0x80000364 (0x0CE676D3) fsub.h fa3, fa2, fa4, dyn
f13 <- 0xFFFFFFFFFFFF7E00


mem[X,0x80000368] -> 0x2273
mem[X,0x8000036A] -> 0x0030
[223] [M]: 0x80000368 (0x00302273) csrrs tp, fcsr, zero
CSR fcsr -> 0x00000000
x4 <- 0x00000000


mem[X,0x8000036C] -> 0xA827
mem[X,0x8000036E] -> 0x08D0
[224] [M]: 0x8000036C (0x08D0A827) fsw fa3, 144(ra)
mem[0x800038A4] <- 0xFFFF7E00


mem[X,0x80000370] -> 0xAA23
mem[X,0x80000372] -> 0x0840
[225] [M]: 0x80000370 (0x0840AA23) sw tp, 148(ra)
mem[0x800038A8] <- 0x00000000


mem[X,0x80000374] -> 0xA687
mem[X,0x80000376] -> 0x0981
[226] [M]: 0x80000374 (0x0981A687) flw fa3, 152(gp)
mem[R,0x800030A8] -> 0x00007922
f13 <- 0xFFFFFFFF00007922


mem[X,0x80000378] -> 0xA587
mem[X,0x8000037A] -> 0x09C1
[227] [M]: 0x80000378 (0x09C1A587) flw fa1, 156(gp)
mem[R,0x800030AC] -> 0x00007922
f11 <- 0xFFFFFFFF00007922


mem[X,0x8000037C] -> 0x0113
mem[X,0x8000037E] -> 0x0000
[228] [M]: 0x8000037C (0x00000113) addi sp, zero, 0
x2 <- 0x00000000


mem[X,0x80000380] -> 0x1073
mem[X,0x80000382] -> 0x0031
[229] [M]: 0x80000380 (0x00311073) csrrw zero, fcsr, sp
CSR fcsr -> 0x00000000
CSR fcsr <- 0x00000000 (input: 0x00000000)


mem[X,0x80000384] -> 0xF653
mem[X,0x80000386] -> 0x0CB6
[230] [M]: 0x80000384 (0x0CB6F653) fsub.h fa2, fa3, fa1, dyn
f12 <- 0xFFFFFFFFFFFF7E00


mem[X,0x80000388] -> 0x2273
mem[X,0x8000038A] -> 0x0030
[231] [M]: 0x80000388 (0x00302273) csrrs tp, fcsr, zero
CSR fcsr -> 0x00000000
x4 <- 0x00000000


mem[X,0x8000038C] -> 0xAC27
mem[X,0x8000038E] -> 0x08C0
[232] [M]: 0x8000038C (0x08C0AC27) fsw fa2, 152(ra)
mem[0x800038AC] <- 0xFFFF7E00


mem[X,0x80000390] -> 0xAE23
mem[X,0x80000392] -> 0x0840
[233] [M]: 0x80000390 (0x0840AE23) sw tp, 156(ra)
mem[0x800038B0] <- 0x00000000


mem[X,0x80000394] -> 0xA507
mem[X,0x80000396] -> 0x0A01
[234] [M]: 0x80000394 (0x0A01A507) flw fa0, 160(gp)
mem[R,0x800030B0] -> 0x00007BEF
f10 <- 0xFFFFFFFF00007BEF


mem[X,0x80000398] -> 0xA607
mem[X,0x8000039A] -> 0x0A41
[235] [M]: 0x80000398 (0x0A41A607) flw fa2, 164(gp)
mem[R,0x800030B4] -> 0x00007BEF
f12 <- 0xFFFFFFFF00007BEF


mem[X,0x8000039C] -> 0x0113
mem[X,0x8000039E] -> 0x0000
[236] [M]: 0x8000039C (0x00000113) addi sp, zero, 0
x2 <- 0x00000000


mem[X,0x800003A0] -> 0x1073
mem[X,0x800003A2] -> 0x0031
[237] [M]: 0x800003A0 (0x00311073) csrrw zero, fcsr, sp
CSR fcsr -> 0x00000000
CSR fcsr <- 0x00000000 (input: 0x00000000)


mem[X,0x800003A4] -> 0x75D3
mem[X,0x800003A6] -> 0x0CC5
[238] [M]: 0x800003A4 (0x0CC575D3) fsub.h fa1, fa0, fa2, dyn
f11 <- 0xFFFFFFFFFFFF7E00


mem[X,0x800003A8] -> 0x2273
mem[X,0x800003AA] -> 0x0030
[239] [M]: 0x800003A8 (0x00302273) csrrs tp, fcsr, zero
CSR fcsr -> 0x00000000
x4 <- 0x00000000


mem[X,0x800003AC] -> 0xA027
mem[X,0x800003AE] -> 0x0AB0
[240] [M]: 0x800003AC (0x0AB0A027) fsw fa1, 160(ra)
mem[0x800038B4] <- 0xFFFF7E00


mem[X,0x800003B0] -> 0xA223
mem[X,0x800003B2] -> 0x0A40
[241] [M]: 0x800003B0 (0x0A40A223) sw tp, 164(ra)
mem[0x800038B8] <- 0x00000000


mem[X,0x800003B4] -> 0xA587
mem[X,0x800003B6] -> 0x0A81
[242] [M]: 0x800003B4 (0x0A81A587) flw fa1, 168(gp)
mem[R,0x800030B8] -> 0x00006FBB
f11 <- 0xFFFFFFFF00006FBB


mem[X,0x800003B8] -> 0xA487
mem[X,0x800003BA] -> 0x0AC1
[243] [M]: 0x800003B8 (0x0AC1A487) flw fs1, 172(gp)
mem[R,0x800030BC] -> 0x00006FBB
f9 <- 0xFFFFFFFF00006FBB


mem[X,0x800003BC] -> 0x0113
mem[X,0x800003BE] -> 0x0000
[244] [M]: 0x800003BC (0x00000113) addi sp, zero, 0
x2 <- 0x00000000


mem[X,0x800003C0] -> 0x1073
mem[X,0x800003C2] -> 0x0031
[245] [M]: 0x800003C0 (0x00311073) csrrw zero, fcsr, sp
CSR fcsr -> 0x00000000
CSR fcsr <- 0x00000000 (input: 0x00000000)


mem[X,0x800003C4] -> 0xF553
mem[X,0x800003C6] -> 0x0C95
[246] [M]: 0x800003C4 (0x0C95F553) fsub.h fa0, fa1, fs1, dyn
f10 <- 0xFFFFFFFFFFFF7E00


mem[X,0x800003C8] -> 0x2273
mem[X,0x800003CA] -> 0x0030
[247] [M]: 0x800003C8 (0x00302273) csrrs tp, fcsr, zero
CSR fcsr -> 0x00000000
x4 <- 0x00000000


mem[X,0x800003CC] -> 0xA427
mem[X,0x800003CE] -> 0x0AA0
[248] [M]: 0x800003CC (0x0AA0A427) fsw fa0, 168(ra)
mem[0x800038BC] <- 0xFFFF7E00


mem[X,0x800003D0] -> 0xA623
mem[X,0x800003D2] -> 0x0A40
[249] [M]: 0x800003D0 (0x0A40A623) sw tp, 172(ra)
mem[0x800038C0] <- 0x00000000


mem[X,0x800003D4] -> 0xA407
mem[X,0x800003D6] -> 0x0B01
[250] [M]: 0x800003D4 (0x0B01A407) flw fs0, 176(gp)
mem[R,0x800030C0] -> 0x000079C4
f8 <- 0xFFFFFFFF000079C4


mem[X,0x800003D8] -> 0xA507
mem[X,0x800003DA] -> 0x0B41
[251] [M]: 0x800003D8 (0x0B41A507) flw fa0, 180(gp)
mem[R,0x800030C4] -> 0x000079C4
f10 <- 0xFFFFFFFF000079C4


mem[X,0x800003DC] -> 0x0113
mem[X,0x800003DE] -> 0x0000
[252] [M]: 0x800003DC (0x00000113) addi sp, zero, 0
x2 <- 0x00000000


mem[X,0x800003E0] -> 0x1073
mem[X,0x800003E2] -> 0x0031
[253] [M]: 0x800003E0 (0x00311073) csrrw zero, fcsr, sp
CSR fcsr -> 0x00000000
CSR fcsr <- 0x00000000 (input: 0x00000000)


mem[X,0x800003E4] -> 0x74D3
mem[X,0x800003E6] -> 0x0CA4
[254] [M]: 0x800003E4 (0x0CA474D3) fsub.h fs1, fs0, fa0, dyn
f9 <- 0xFFFFFFFFFFFF7E00


mem[X,0x800003E8] -> 0x2273
mem[X,0x800003EA] -> 0x0030
[255] [M]: 0x800003E8 (0x00302273) csrrs tp, fcsr, zero
CSR fcsr -> 0x00000000
x4 <- 0x00000000


mem[X,0x800003EC] -> 0xA827
mem[X,0x800003EE] -> 0x0A90
[256] [M]: 0x800003EC (0x0A90A827) fsw fs1, 176(ra)
mem[0x800038C4] <- 0xFFFF7E00


mem[X,0x800003F0] -> 0xAA23
mem[X,0x800003F2] -> 0x0A40
[257] [M]: 0x800003F0 (0x0A40AA23) sw tp, 180(ra)
mem[0x800038C8] <- 0x00000000


mem[X,0x800003F4] -> 0xA487
mem[X,0x800003F6] -> 0x0B81
[258] [M]: 0x800003F4 (0x0B81A487) flw fs1, 184(gp)
mem[R,0x800030C8] -> 0x00007B7C
f9 <- 0xFFFFFFFF00007B7C


mem[X,0x800003F8] -> 0xA387
mem[X,0x800003FA] -> 0x0BC1
[259] [M]: 0x800003F8 (0x0BC1A387) flw ft7, 188(gp)
mem[R,0x800030CC] -> 0x00007B7C
f7 <- 0xFFFFFFFF00007B7C


mem[X,0x800003FC] -> 0x0113
mem[X,0x800003FE] -> 0x0000
[260] [M]: 0x800003FC (0x00000113) addi sp, zero, 0
x2 <- 0x00000000


mem[X,0x80000400] -> 0x1073
mem[X,0x80000402] -> 0x0031
[261] [M]: 0x80000400 (0x00311073) csrrw zero, fcsr, sp
CSR fcsr -> 0x00000000
CSR fcsr <- 0x00000000 (input: 0x00000000)


mem[X,0x80000404] -> 0xF453
mem[X,0x80000406] -> 0x0C74
[262] [M]: 0x80000404 (0x0C74F453) fsub.h fs0, fs1, ft7, dyn
f8 <- 0xFFFFFFFFFFFF7E00


mem[X,0x80000408] -> 0x2273
mem[X,0x8000040A] -> 0x0030
[263] [M]: 0x80000408 (0x00302273) csrrs tp, fcsr, zero
CSR fcsr -> 0x00000000
x4 <- 0x00000000


mem[X,0x8000040C] -> 0xAC27
mem[X,0x8000040E] -> 0x0A80
[264] [M]: 0x8000040C (0x0A80AC27) fsw fs0, 184(ra)
mem[0x800038CC] <- 0xFFFF7E00


mem[X,0x80000410] -> 0xAE23
mem[X,0x80000412] -> 0x0A40
[265] [M]: 0x80000410 (0x0A40AE23) sw tp, 188(ra)
mem[0x800038D0] <- 0x00000000


mem[X,0x80000414] -> 0xA307
mem[X,0x80000416] -> 0x0C01
[266] [M]: 0x80000414 (0x0C01A307) flw ft6, 192(gp)
mem[R,0x800030D0] -> 0x00007AA3
f6 <- 0xFFFFFFFF00007AA3


mem[X,0x80000418] -> 0xA407
mem[X,0x8000041A] -> 0x0C41
[267] [M]: 0x80000418 (0x0C41A407) flw fs0, 196(gp)
mem[R,0x800030D4] -> 0x00007AA3
f8 <- 0xFFFFFFFF00007AA3


mem[X,0x8000041C] -> 0x0113
mem[X,0x8000041E] -> 0x0000
[268] [M]: 0x8000041C (0x00000113) addi sp, zero, 0
x2 <- 0x00000000


mem[X,0x80000420] -> 0x1073
mem[X,0x80000422] -> 0x0031
[269] [M]: 0x80000420 (0x00311073) csrrw zero, fcsr, sp
CSR fcsr -> 0x00000000
CSR fcsr <- 0x00000000 (input: 0x00000000)


mem[X,0x80000424] -> 0x73D3
mem[X,0x80000426] -> 0x0C83
[270] [M]: 0x80000424 (0x0C8373D3) fsub.h ft7, ft6, fs0, dyn
f7 <- 0xFFFFFFFFFFFF7E00


mem[X,0x80000428] -> 0x2273
mem[X,0x8000042A] -> 0x0030
[271] [M]: 0x80000428 (0x00302273) csrrs tp, fcsr, zero
CSR fcsr -> 0x00000000
x4 <- 0x00000000


mem[X,0x8000042C] -> 0xA027
mem[X,0x8000042E] -> 0x0C70
[272] [M]: 0x8000042C (0x0C70A027) fsw ft7, 192(ra)
mem[0x800038D4] <- 0xFFFF7E00


mem[X,0x80000430] -> 0xA223
mem[X,0x80000432] -> 0x0C40
[273] [M]: 0x80000430 (0x0C40A223) sw tp, 196(ra)
mem[0x800038D8] <- 0x00000000


mem[X,0x80000434] -> 0xA387
mem[X,0x80000436] -> 0x0C81
[274] [M]: 0x80000434 (0x0C81A387) flw ft7, 200(gp)
mem[R,0x800030D8] -> 0x000074D9
f7 <- 0xFFFFFFFF000074D9


mem[X,0x80000438] -> 0xA287
mem[X,0x8000043A] -> 0x0CC1
[275] [M]: 0x80000438 (0x0CC1A287) flw ft5, 204(gp)
mem[R,0x800030DC] -> 0x000074D9
f5 <- 0xFFFFFFFF000074D9


mem[X,0x8000043C] -> 0x0113
mem[X,0x8000043E] -> 0x0000
[276] [M]: 0x8000043C (0x00000113) addi sp, zero, 0
x2 <- 0x00000000


mem[X,0x80000440] -> 0x1073
mem[X,0x80000442] -> 0x0031
[277] [M]: 0x80000440 (0x00311073) csrrw zero, fcsr, sp
CSR fcsr -> 0x00000000
CSR fcsr <- 0x00000000 (input: 0x00000000)


mem[X,0x80000444] -> 0xF353
mem[X,0x80000446] -> 0x0C53
[278] [M]: 0x80000444 (0x0C53F353) fsub.h ft6, ft7, ft5, dyn
f6 <- 0xFFFFFFFFFFFF7E00


mem[X,0x80000448] -> 0x2273
mem[X,0x8000044A] -> 0x0030
[279] [M]: 0x80000448 (0x00302273) csrrs tp, fcsr, zero
CSR fcsr -> 0x00000000
x4 <- 0x00000000


mem[X,0x8000044C] -> 0xA427
mem[X,0x8000044E] -> 0x0C60
[280] [M]: 0x8000044C (0x0C60A427) fsw ft6, 200(ra)
mem[0x800038DC] <- 0xFFFF7E00


mem[X,0x80000450] -> 0xA623
mem[X,0x80000452] -> 0x0C40
[281] [M]: 0x80000450 (0x0C40A623) sw tp, 204(ra)
mem[0x800038E0] <- 0x00000000


mem[X,0x80000454] -> 0xA207
mem[X,0x80000456] -> 0x0D01
[282] [M]: 0x80000454 (0x0D01A207) flw ft4, 208(gp)
mem[R,0x800030E0] -> 0x00007B0E
f4 <- 0xFFFFFFFF00007B0E


mem[X,0x80000458] -> 0xA307
mem[X,0x8000045A] -> 0x0D41
[283] [M]: 0x80000458 (0x0D41A307) flw ft6, 212(gp)
mem[R,0x800030E4] -> 0x00007B0E
f6 <- 0xFFFFFFFF00007B0E


mem[X,0x8000045C] -> 0x0113
mem[X,0x8000045E] -> 0x0000
[284] [M]: 0x8000045C (0x00000113) addi sp, zero, 0
x2 <- 0x00000000


mem[X,0x80000460] -> 0x1073
mem[X,0x80000462] -> 0x0031
[285] [M]: 0x80000460 (0x00311073) csrrw zero, fcsr, sp
CSR fcsr -> 0x00000000
CSR fcsr <- 0x00000000 (input: 0x00000000)


mem[X,0x80000464] -> 0x72D3
mem[X,0x80000466] -> 0x0C62
[286] [M]: 0x80000464 (0x0C6272D3) fsub.h ft5, ft4, ft6, dyn
f5 <- 0xFFFFFFFFFFFF7E00


mem[X,0x80000468] -> 0x2273
mem[X,0x8000046A] -> 0x0030
[287] [M]: 0x80000468 (0x00302273) csrrs tp, fcsr, zero
CSR fcsr -> 0x00000000
x4 <- 0x00000000


mem[X,0x8000046C] -> 0xA827
mem[X,0x8000046E] -> 0x0C50
[288] [M]: 0x8000046C (0x0C50A827) fsw ft5, 208(ra)
mem[0x800038E4] <- 0xFFFF7E00


mem[X,0x80000470] -> 0xAA23
mem[X,0x80000472] -> 0x0C40
[289] [M]: 0x80000470 (0x0C40AA23) sw tp, 212(ra)
mem[0x800038E8] <- 0x00000000


mem[X,0x80000474] -> 0xA287
mem[X,0x80000476] -> 0x0D81
[290] [M]: 0x80000474 (0x0D81A287) flw ft5, 216(gp)
mem[R,0x800030E8] -> 0x0000780A
f5 <- 0xFFFFFFFF0000780A


mem[X,0x80000478] -> 0xA187
mem[X,0x8000047A] -> 0x0DC1
[291] [M]: 0x80000478 (0x0DC1A187) flw ft3, 220(gp)
mem[R,0x800030EC] -> 0x0000780A
f3 <- 0xFFFFFFFF0000780A


mem[X,0x8000047C] -> 0x0113
mem[X,0x8000047E] -> 0x0000
[292] [M]: 0x8000047C (0x00000113) addi sp, zero, 0
x2 <- 0x00000000


mem[X,0x80000480] -> 0x1073
mem[X,0x80000482] -> 0x0031
[293] [M]: 0x80000480 (0x00311073) csrrw zero, fcsr, sp
CSR fcsr -> 0x00000000
CSR fcsr <- 0x00000000 (input: 0x00000000)


mem[X,0x80000484] -> 0xF253
mem[X,0x80000486] -> 0x0C32
[294] [M]: 0x80000484 (0x0C32F253) fsub.h ft4, ft5, ft3, dyn
f4 <- 0xFFFFFFFFFFFF7E00


mem[X,0x80000488] -> 0x2273
mem[X,0x8000048A] -> 0x0030
[295] [M]: 0x80000488 (0x00302273) csrrs tp, fcsr, zero
CSR fcsr -> 0x00000000
x4 <- 0x00000000


mem[X,0x8000048C] -> 0xAC27
mem[X,0x8000048E] -> 0x0C40
[296] [M]: 0x8000048C (0x0C40AC27) fsw ft4, 216(ra)
mem[0x800038EC] <- 0xFFFF7E00


mem[X,0x80000490] -> 0xAE23
mem[X,0x80000492] -> 0x0C40
[297] [M]: 0x80000490 (0x0C40AE23) sw tp, 220(ra)
mem[0x800038F0] <- 0x00000000


mem[X,0x80000494] -> 0xA107
mem[X,0x80000496] -> 0x0E01
[298] [M]: 0x80000494 (0x0E01A107) flw ft2, 224(gp)
mem[R,0x800030F0] -> 0x0000686A
f2 <- 0xFFFFFFFF0000686A


mem[X,0x80000498] -> 0xA207
mem[X,0x8000049A] -> 0x0E41
[299] [M]: 0x80000498 (0x0E41A207) flw ft4, 228(gp)
mem[R,0x800030F4] -> 0x0000686A
f4 <- 0xFFFFFFFF0000686A


clint::tick mtime <- 0x0000000000000003
 clint timer pending at mtime 0x0000000000000003
htif::tick 0x0000000000000000
mem[X,0x8000049C] -> 0x0113
mem[X,0x8000049E] -> 0x0000
[300] [M]: 0x8000049C (0x00000113) addi sp, zero, 0
x2 <- 0x00000000


mem[X,0x800004A0] -> 0x1073
mem[X,0x800004A2] -> 0x0031
[301] [M]: 0x800004A0 (0x00311073) csrrw zero, fcsr, sp
CSR fcsr -> 0x00000000
CSR fcsr <- 0x00000000 (input: 0x00000000)


mem[X,0x800004A4] -> 0x71D3
mem[X,0x800004A6] -> 0x0C41
[302] [M]: 0x800004A4 (0x0C4171D3) fsub.h ft3, ft2, ft4, dyn
f3 <- 0xFFFFFFFFFFFF7E00


mem[X,0x800004A8] -> 0x2273
mem[X,0x800004AA] -> 0x0030
[303] [M]: 0x800004A8 (0x00302273) csrrs tp, fcsr, zero
CSR fcsr -> 0x00000000
x4 <- 0x00000000


mem[X,0x800004AC] -> 0xA027
mem[X,0x800004AE] -> 0x0E30
[304] [M]: 0x800004AC (0x0E30A027) fsw ft3, 224(ra)
mem[0x800038F4] <- 0xFFFF7E00


mem[X,0x800004B0] -> 0xA223
mem[X,0x800004B2] -> 0x0E40
[305] [M]: 0x800004B0 (0x0E40A223) sw tp, 228(ra)
mem[0x800038F8] <- 0x00000000


mem[X,0x800004B4] -> 0xA187
mem[X,0x800004B6] -> 0x0E81
[306] [M]: 0x800004B4 (0x0E81A187) flw ft3, 232(gp)
mem[R,0x800030F8] -> 0x00007A60
f3 <- 0xFFFFFFFF00007A60


mem[X,0x800004B8] -> 0xA087
mem[X,0x800004BA] -> 0x0EC1
[307] [M]: 0x800004B8 (0x0EC1A087) flw ft1, 236(gp)
mem[R,0x800030FC] -> 0x00007A60
f1 <- 0xFFFFFFFF00007A60


mem[X,0x800004BC] -> 0x0113
mem[X,0x800004BE] -> 0x0000
[308] [M]: 0x800004BC (0x00000113) addi sp, zero, 0
x2 <- 0x00000000


mem[X,0x800004C0] -> 0x1073
mem[X,0x800004C2] -> 0x0031
[309] [M]: 0x800004C0 (0x00311073) csrrw zero, fcsr, sp
CSR fcsr -> 0x00000000
CSR fcsr <- 0x00000000 (input: 0x00000000)


mem[X,0x800004C4] -> 0xF153
mem[X,0x800004C6] -> 0x0C11
[310] [M]: 0x800004C4 (0x0C11F153) fsub.h ft2, ft3, ft1, dyn
f2 <- 0xFFFFFFFFFFFF7E00


mem[X,0x800004C8] -> 0x2273
mem[X,0x800004CA] -> 0x0030
[311] [M]: 0x800004C8 (0x00302273) csrrs tp, fcsr, zero
CSR fcsr -> 0x00000000
x4 <- 0x00000000


mem[X,0x800004CC] -> 0xA427
mem[X,0x800004CE] -> 0x0E20
[312] [M]: 0x800004CC (0x0E20A427) fsw ft2, 232(ra)
mem[0x800038FC] <- 0xFFFF7E00


mem[X,0x800004D0] -> 0xA623
mem[X,0x800004D2] -> 0x0E40
[313] [M]: 0x800004D0 (0x0E40A623) sw tp, 236(ra)
mem[0x80003900] <- 0x00000000


mem[X,0x800004D4] -> 0xA007
mem[X,0x800004D6] -> 0x0F01
[314] [M]: 0x800004D4 (0x0F01A007) flw ft0, 240(gp)
mem[R,0x80003100] -> 0x00007188
f0 <- 0xFFFFFFFF00007188


mem[X,0x800004D8] -> 0xA107
mem[X,0x800004DA] -> 0x0F41
[315] [M]: 0x800004D8 (0x0F41A107) flw ft2, 244(gp)
mem[R,0x80003104] -> 0x00007188
f2 <- 0xFFFFFFFF00007188


mem[X,0x800004DC] -> 0x0113
mem[X,0x800004DE] -> 0x0000
[316] [M]: 0x800004DC (0x00000113) addi sp, zero, 0
x2 <- 0x00000000


mem[X,0x800004E0] -> 0x1073
mem[X,0x800004E2] -> 0x0031
[317] [M]: 0x800004E0 (0x00311073) csrrw zero, fcsr, sp
CSR fcsr -> 0x00000000
CSR fcsr <- 0x00000000 (input: 0x00000000)


mem[X,0x800004E4] -> 0x70D3
mem[X,0x800004E6] -> 0x0C20
[318] [M]: 0x800004E4 (0x0C2070D3) fsub.h ft1, ft0, ft2, dyn
f1 <- 0xFFFFFFFFFFFF7E00


mem[X,0x800004E8] -> 0x2273
mem[X,0x800004EA] -> 0x0030
[319] [M]: 0x800004E8 (0x00302273) csrrs tp, fcsr, zero
CSR fcsr -> 0x00000000
x4 <- 0x00000000


mem[X,0x800004EC] -> 0xA827
mem[X,0x800004EE] -> 0x0E10
[320] [M]: 0x800004EC (0x0E10A827) fsw ft1, 240(ra)
mem[0x80003904] <- 0xFFFF7E00


mem[X,0x800004F0] -> 0xAA23
mem[X,0x800004F2] -> 0x0E40
[321] [M]: 0x800004F0 (0x0E40AA23) sw tp, 244(ra)
mem[0x80003908] <- 0x00000000


mem[X,0x800004F4] -> 0xA087
mem[X,0x800004F6] -> 0x0F81
[322] [M]: 0x800004F4 (0x0F81A087) flw ft1, 248(gp)
mem[R,0x80003108] -> 0x0000799F
f1 <- 0xFFFFFFFF0000799F


mem[X,0x800004F8] -> 0xAF07
mem[X,0x800004FA] -> 0x0FC1
[323] [M]: 0x800004F8 (0x0FC1AF07) flw ft10, 252(gp)
mem[R,0x8000310C] -> 0x0000799F
f30 <- 0xFFFFFFFF0000799F


mem[X,0x800004FC] -> 0x0113
mem[X,0x800004FE] -> 0x0000
[324] [M]: 0x800004FC (0x00000113) addi sp, zero, 0
x2 <- 0x00000000


mem[X,0x80000500] -> 0x1073
mem[X,0x80000502] -> 0x0031
[325] [M]: 0x80000500 (0x00311073) csrrw zero, fcsr, sp
CSR fcsr -> 0x00000000
CSR fcsr <- 0x00000000 (input: 0x00000000)


mem[X,0x80000504] -> 0xFFD3
mem[X,0x80000506] -> 0x0DE0
[326] [M]: 0x80000504 (0x0DE0FFD3) fsub.h ft11, ft1, ft10, dyn
f31 <- 0xFFFFFFFFFFFF7E00


mem[X,0x80000508] -> 0x2273
mem[X,0x8000050A] -> 0x0030
[327] [M]: 0x80000508 (0x00302273) csrrs tp, fcsr, zero
CSR fcsr -> 0x00000000
x4 <- 0x00000000


mem[X,0x8000050C] -> 0xAC27
mem[X,0x8000050E] -> 0x0FF0
[328] [M]: 0x8000050C (0x0FF0AC27) fsw ft11, 248(ra)
mem[0x8000390C] <- 0xFFFF7E00


mem[X,0x80000510] -> 0xAE23
mem[X,0x80000512] -> 0x0E40
[329] [M]: 0x80000510 (0x0E40AE23) sw tp, 252(ra)
mem[0x80003910] <- 0x00000000


mem[X,0x80000514] -> 0xAF07
mem[X,0x80000516] -> 0x1001
[330] [M]: 0x80000514 (0x1001AF07) flw ft10, 256(gp)
mem[R,0x80003110] -> 0x000075FE
f30 <- 0xFFFFFFFF000075FE


mem[X,0x80000518] -> 0xA007
mem[X,0x8000051A] -> 0x1041
[331] [M]: 0x80000518 (0x1041A007) flw ft0, 260(gp)
mem[R,0x80003114] -> 0x000075FE
f0 <- 0xFFFFFFFF000075FE


mem[X,0x8000051C] -> 0x0113
mem[X,0x8000051E] -> 0x0000
[332] [M]: 0x8000051C (0x00000113) addi sp, zero, 0
x2 <- 0x00000000


mem[X,0x80000520] -> 0x1073
mem[X,0x80000522] -> 0x0031
[333] [M]: 0x80000520 (0x00311073) csrrw zero, fcsr, sp
CSR fcsr -> 0x00000000
CSR fcsr <- 0x00000000 (input: 0x00000000)


mem[X,0x80000524] -> 0x7FD3
mem[X,0x80000526] -> 0x0C0F
[334] [M]: 0x80000524 (0x0C0F7FD3) fsub.h ft11, ft10, ft0, dyn
f31 <- 0xFFFFFFFFFFFF7E00


mem[X,0x80000528] -> 0x2273
mem[X,0x8000052A] -> 0x0030
[335] [M]: 0x80000528 (0x00302273) csrrs tp, fcsr, zero
CSR fcsr -> 0x00000000
x4 <- 0x00000000


mem[X,0x8000052C] -> 0xA027
mem[X,0x8000052E] -> 0x11F0
[336] [M]: 0x8000052C (0x11F0A027) fsw ft11, 256(ra)
mem[0x80003914] <- 0xFFFF7E00


mem[X,0x80000530] -> 0xA223
mem[X,0x80000532] -> 0x1040
[337] [M]: 0x80000530 (0x1040A223) sw tp, 260(ra)
mem[0x80003918] <- 0x00000000


mem[X,0x80000534] -> 0xAF87
mem[X,0x80000536] -> 0x1081
[338] [M]: 0x80000534 (0x1081AF87) flw ft11, 264(gp)
mem[R,0x80003118] -> 0x00007810
f31 <- 0xFFFFFFFF00007810


mem[X,0x80000538] -> 0xAF07
mem[X,0x8000053A] -> 0x10C1
[339] [M]: 0x80000538 (0x10C1AF07) flw ft10, 268(gp)
mem[R,0x8000311C] -> 0x00007810
f30 <- 0xFFFFFFFF00007810


mem[X,0x8000053C] -> 0x0113
mem[X,0x8000053E] -> 0x0000
[340] [M]: 0x8000053C (0x00000113) addi sp, zero, 0
x2 <- 0x00000000


mem[X,0x80000540] -> 0x1073
mem[X,0x80000542] -> 0x0031
[341] [M]: 0x80000540 (0x00311073) csrrw zero, fcsr, sp
CSR fcsr -> 0x00000000
CSR fcsr <- 0x00000000 (input: 0x00000000)


mem[X,0x80000544] -> 0xF053
mem[X,0x80000546] -> 0x0DEF
[342] [M]: 0x80000544 (0x0DEFF053) fsub.h ft0, ft11, ft10, dyn
f0 <- 0xFFFFFFFFFFFF7E00


mem[X,0x80000548] -> 0x2273
mem[X,0x8000054A] -> 0x0030
[343] [M]: 0x80000548 (0x00302273) csrrs tp, fcsr, zero
CSR fcsr -> 0x00000000
x4 <- 0x00000000


mem[X,0x8000054C] -> 0xA427
mem[X,0x8000054E] -> 0x1000
[344] [M]: 0x8000054C (0x1000A427) fsw ft0, 264(ra)
mem[0x8000391C] <- 0xFFFF7E00


mem[X,0x80000550] -> 0xA623
mem[X,0x80000552] -> 0x1040
[345] [M]: 0x80000550 (0x1040A623) sw tp, 268(ra)
mem[0x80003920] <- 0x00000000


mem[X,0x80000554] -> 0xAF07
mem[X,0x80000556] -> 0x1101
[346] [M]: 0x80000554 (0x1101AF07) flw ft10, 272(gp)
mem[R,0x80003120] -> 0x0000782A
f30 <- 0xFFFFFFFF0000782A


mem[X,0x80000558] -> 0xAE87
mem[X,0x8000055A] -> 0x1141
[347] [M]: 0x80000558 (0x1141AE87) flw ft9, 276(gp)
mem[R,0x80003124] -> 0x0000782A
f29 <- 0xFFFFFFFF0000782A


mem[X,0x8000055C] -> 0x0113
mem[X,0x8000055E] -> 0x0000
[348] [M]: 0x8000055C (0x00000113) addi sp, zero, 0
x2 <- 0x00000000


mem[X,0x80000560] -> 0x1073
mem[X,0x80000562] -> 0x0031
[349] [M]: 0x80000560 (0x00311073) csrrw zero, fcsr, sp
CSR fcsr -> 0x00000000
CSR fcsr <- 0x00000000 (input: 0x00000000)


mem[X,0x80000564] -> 0x7FD3
mem[X,0x80000566] -> 0x0DDF
[350] [M]: 0x80000564 (0x0DDF7FD3) fsub.h ft11, ft10, ft9, dyn
f31 <- 0xFFFFFFFFFFFF7E00


mem[X,0x80000568] -> 0x2273
mem[X,0x8000056A] -> 0x0030
[351] [M]: 0x80000568 (0x00302273) csrrs tp, fcsr, zero
CSR fcsr -> 0x00000000
x4 <- 0x00000000


mem[X,0x8000056C] -> 0xA827
mem[X,0x8000056E] -> 0x11F0
[352] [M]: 0x8000056C (0x11F0A827) fsw ft11, 272(ra)
mem[0x80003924] <- 0xFFFF7E00


mem[X,0x80000570] -> 0xAA23
mem[X,0x80000572] -> 0x1040
[353] [M]: 0x80000570 (0x1040AA23) sw tp, 276(ra)
mem[0x80003928] <- 0x00000000


mem[X,0x80000574] -> 0xAF07
mem[X,0x80000576] -> 0x1181
[354] [M]: 0x80000574 (0x1181AF07) flw ft10, 280(gp)
mem[R,0x80003128] -> 0x000077D4
f30 <- 0xFFFFFFFF000077D4


mem[X,0x80000578] -> 0xAE87
mem[X,0x8000057A] -> 0x11C1
[355] [M]: 0x80000578 (0x11C1AE87) flw ft9, 284(gp)
mem[R,0x8000312C] -> 0x000077D4
f29 <- 0xFFFFFFFF000077D4


mem[X,0x8000057C] -> 0x0113
mem[X,0x8000057E] -> 0x0000
[356] [M]: 0x8000057C (0x00000113) addi sp, zero, 0
x2 <- 0x00000000


mem[X,0x80000580] -> 0x1073
mem[X,0x80000582] -> 0x0031
[357] [M]: 0x80000580 (0x00311073) csrrw zero, fcsr, sp
CSR fcsr -> 0x00000000
CSR fcsr <- 0x00000000 (input: 0x00000000)


mem[X,0x80000584] -> 0x7FD3
mem[X,0x80000586] -> 0x0DDF
[358] [M]: 0x80000584 (0x0DDF7FD3) fsub.h ft11, ft10, ft9, dyn
f31 <- 0xFFFFFFFFFFFF7E00


mem[X,0x80000588] -> 0x2273
mem[X,0x8000058A] -> 0x0030
[359] [M]: 0x80000588 (0x00302273) csrrs tp, fcsr, zero
CSR fcsr -> 0x00000000
x4 <- 0x00000000


mem[X,0x8000058C] -> 0xAC27
mem[X,0x8000058E] -> 0x11F0
[360] [M]: 0x8000058C (0x11F0AC27) fsw ft11, 280(ra)
mem[0x8000392C] <- 0xFFFF7E00


mem[X,0x80000590] -> 0xAE23
mem[X,0x80000592] -> 0x1040
[361] [M]: 0x80000590 (0x1040AE23) sw tp, 284(ra)
mem[0x80003930] <- 0x00000000


mem[X,0x80000594] -> 0xAF07
mem[X,0x80000596] -> 0x1201
[362] [M]: 0x80000594 (0x1201AF07) flw ft10, 288(gp)
mem[R,0x80003130] -> 0x00006990
f30 <- 0xFFFFFFFF00006990


mem[X,0x80000598] -> 0xAE87
mem[X,0x8000059A] -> 0x1241
[363] [M]: 0x80000598 (0x1241AE87) flw ft9, 292(gp)
mem[R,0x80003134] -> 0x00006990
f29 <- 0xFFFFFFFF00006990


mem[X,0x8000059C] -> 0x0113
mem[X,0x8000059E] -> 0x0000
[364] [M]: 0x8000059C (0x00000113) addi sp, zero, 0
x2 <- 0x00000000


mem[X,0x800005A0] -> 0x1073
mem[X,0x800005A2] -> 0x0031
[365] [M]: 0x800005A0 (0x00311073) csrrw zero, fcsr, sp
CSR fcsr -> 0x00000000
CSR fcsr <- 0x00000000 (input: 0x00000000)


mem[X,0x800005A4] -> 0x7FD3
mem[X,0x800005A6] -> 0x0DDF
[366] [M]: 0x800005A4 (0x0DDF7FD3) fsub.h ft11, ft10, ft9, dyn
f31 <- 0xFFFFFFFFFFFF7E00


mem[X,0x800005A8] -> 0x2273
mem[X,0x800005AA] -> 0x0030
[367] [M]: 0x800005A8 (0x00302273) csrrs tp, fcsr, zero
CSR fcsr -> 0x00000000
x4 <- 0x00000000


mem[X,0x800005AC] -> 0xA027
mem[X,0x800005AE] -> 0x13F0
[368] [M]: 0x800005AC (0x13F0A027) fsw ft11, 288(ra)
mem[0x80003934] <- 0xFFFF7E00


mem[X,0x800005B0] -> 0xA223
mem[X,0x800005B2] -> 0x1240
[369] [M]: 0x800005B0 (0x1240A223) sw tp, 292(ra)
mem[0x80003938] <- 0x00000000


mem[X,0x800005B4] -> 0xAF07
mem[X,0x800005B6] -> 0x1281
[370] [M]: 0x800005B4 (0x1281AF07) flw ft10, 296(gp)
mem[R,0x80003138] -> 0x00007BDC
f30 <- 0xFFFFFFFF00007BDC


mem[X,0x800005B8] -> 0xAE87
mem[X,0x800005BA] -> 0x12C1
[371] [M]: 0x800005B8 (0x12C1AE87) flw ft9, 300(gp)
mem[R,0x8000313C] -> 0x00007BDC
f29 <- 0xFFFFFFFF00007BDC


mem[X,0x800005BC] -> 0x0113
mem[X,0x800005BE] -> 0x0000
[372] [M]: 0x800005BC (0x00000113) addi sp, zero, 0
x2 <- 0x00000000


mem[X,0x800005C0] -> 0x1073
mem[X,0x800005C2] -> 0x0031
[373] [M]: 0x800005C0 (0x00311073) csrrw zero, fcsr, sp
CSR fcsr -> 0x00000000
CSR fcsr <- 0x00000000 (input: 0x00000000)


mem[X,0x800005C4] -> 0x7FD3
mem[X,0x800005C6] -> 0x0DDF
[374] [M]: 0x800005C4 (0x0DDF7FD3) fsub.h ft11, ft10, ft9, dyn
f31 <- 0xFFFFFFFFFFFF7E00


mem[X,0x800005C8] -> 0x2273
mem[X,0x800005CA] -> 0x0030
[375] [M]: 0x800005C8 (0x00302273) csrrs tp, fcsr, zero
CSR fcsr -> 0x00000000
x4 <- 0x00000000


mem[X,0x800005CC] -> 0xA427
mem[X,0x800005CE] -> 0x13F0
[376] [M]: 0x800005CC (0x13F0A427) fsw ft11, 296(ra)
mem[0x8000393C] <- 0xFFFF7E00


mem[X,0x800005D0] -> 0xA623
mem[X,0x800005D2] -> 0x1240
[377] [M]: 0x800005D0 (0x1240A623) sw tp, 300(ra)
mem[0x80003940] <- 0x00000000


mem[X,0x800005D4] -> 0xAF07
mem[X,0x800005D6] -> 0x1301
[378] [M]: 0x800005D4 (0x1301AF07) flw ft10, 304(gp)
mem[R,0x80003140] -> 0x0000764B
f30 <- 0xFFFFFFFF0000764B


mem[X,0x800005D8] -> 0xAE87
mem[X,0x800005DA] -> 0x1341
[379] [M]: 0x800005D8 (0x1341AE87) flw ft9, 308(gp)
mem[R,0x80003144] -> 0x0000764B
f29 <- 0xFFFFFFFF0000764B


mem[X,0x800005DC] -> 0x0113
mem[X,0x800005DE] -> 0x0000
[380] [M]: 0x800005DC (0x00000113) addi sp, zero, 0
x2 <- 0x00000000


mem[X,0x800005E0] -> 0x1073
mem[X,0x800005E2] -> 0x0031
[381] [M]: 0x800005E0 (0x00311073) csrrw zero, fcsr, sp
CSR fcsr -> 0x00000000
CSR fcsr <- 0x00000000 (input: 0x00000000)


mem[X,0x800005E4] -> 0x7FD3
mem[X,0x800005E6] -> 0x0DDF
[382] [M]: 0x800005E4 (0x0DDF7FD3) fsub.h ft11, ft10, ft9, dyn
f31 <- 0xFFFFFFFFFFFF7E00


mem[X,0x800005E8] -> 0x2273
mem[X,0x800005EA] -> 0x0030
[383] [M]: 0x800005E8 (0x00302273) csrrs tp, fcsr, zero
CSR fcsr -> 0x00000000
x4 <- 0x00000000


mem[X,0x800005EC] -> 0xA827
mem[X,0x800005EE] -> 0x13F0
[384] [M]: 0x800005EC (0x13F0A827) fsw ft11, 304(ra)
mem[0x80003944] <- 0xFFFF7E00


mem[X,0x800005F0] -> 0xAA23
mem[X,0x800005F2] -> 0x1240
[385] [M]: 0x800005F0 (0x1240AA23) sw tp, 308(ra)
mem[0x80003948] <- 0x00000000


mem[X,0x800005F4] -> 0xAF07
mem[X,0x800005F6] -> 0x1381
[386] [M]: 0x800005F4 (0x1381AF07) flw ft10, 312(gp)
mem[R,0x80003148] -> 0x00007804
f30 <- 0xFFFFFFFF00007804


mem[X,0x800005F8] -> 0xAE87
mem[X,0x800005FA] -> 0x13C1
[387] [M]: 0x800005F8 (0x13C1AE87) flw ft9, 316(gp)
mem[R,0x8000314C] -> 0x00007804
f29 <- 0xFFFFFFFF00007804


mem[X,0x800005FC] -> 0x0113
mem[X,0x800005FE] -> 0x0000
[388] [M]: 0x800005FC (0x00000113) addi sp, zero, 0
x2 <- 0x00000000


mem[X,0x80000600] -> 0x1073
mem[X,0x80000602] -> 0x0031
[389] [M]: 0x80000600 (0x00311073) csrrw zero, fcsr, sp
CSR fcsr -> 0x00000000
CSR fcsr <- 0x00000000 (input: 0x00000000)


mem[X,0x80000604] -> 0x7FD3
mem[X,0x80000606] -> 0x0DDF
[390] [M]: 0x80000604 (0x0DDF7FD3) fsub.h ft11, ft10, ft9, dyn
f31 <- 0xFFFFFFFFFFFF7E00


mem[X,0x80000608] -> 0x2273
mem[X,0x8000060A] -> 0x0030
[391] [M]: 0x80000608 (0x00302273) csrrs tp, fcsr, zero
CSR fcsr -> 0x00000000
x4 <- 0x00000000


mem[X,0x8000060C] -> 0xAC27
mem[X,0x8000060E] -> 0x13F0
[392] [M]: 0x8000060C (0x13F0AC27) fsw ft11, 312(ra)
mem[0x8000394C] <- 0xFFFF7E00


mem[X,0x80000610] -> 0xAE23
mem[X,0x80000612] -> 0x1240
[393] [M]: 0x80000610 (0x1240AE23) sw tp, 316(ra)
mem[0x80003950] <- 0x00000000


mem[X,0x80000614] -> 0xAF07
mem[X,0x80000616] -> 0x1401
[394] [M]: 0x80000614 (0x1401AF07) flw ft10, 320(gp)
mem[R,0x80003150] -> 0x00007A29
f30 <- 0xFFFFFFFF00007A29


mem[X,0x80000618] -> 0xAE87
mem[X,0x8000061A] -> 0x1441
[395] [M]: 0x80000618 (0x1441AE87) flw ft9, 324(gp)
mem[R,0x80003154] -> 0x00007A29
f29 <- 0xFFFFFFFF00007A29


mem[X,0x8000061C] -> 0x0113
mem[X,0x8000061E] -> 0x0000
[396] [M]: 0x8000061C (0x00000113) addi sp, zero, 0
x2 <- 0x00000000


mem[X,0x80000620] -> 0x1073
mem[X,0x80000622] -> 0x0031
[397] [M]: 0x80000620 (0x00311073) csrrw zero, fcsr, sp
CSR fcsr -> 0x00000000
CSR fcsr <- 0x00000000 (input: 0x00000000)


mem[X,0x80000624] -> 0x7FD3
mem[X,0x80000626] -> 0x0DDF
[398] [M]: 0x80000624 (0x0DDF7FD3) fsub.h ft11, ft10, ft9, dyn
f31 <- 0xFFFFFFFFFFFF7E00


mem[X,0x80000628] -> 0x2273
mem[X,0x8000062A] -> 0x0030
[399] [M]: 0x80000628 (0x00302273) csrrs tp, fcsr, zero
CSR fcsr -> 0x00000000
x4 <- 0x00000000


clint::tick mtime <- 0x0000000000000004
 clint timer pending at mtime 0x0000000000000004
htif::tick 0x0000000000000000
mem[X,0x8000062C] -> 0xA027
mem[X,0x8000062E] -> 0x15F0
[400] [M]: 0x8000062C (0x15F0A027) fsw ft11, 320(ra)
mem[0x80003954] <- 0xFFFF7E00


mem[X,0x80000630] -> 0xA223
mem[X,0x80000632] -> 0x1440
[401] [M]: 0x80000630 (0x1440A223) sw tp, 324(ra)
mem[0x80003958] <- 0x00000000


mem[X,0x80000634] -> 0xAF07
mem[X,0x80000636] -> 0x1481
[402] [M]: 0x80000634 (0x1481AF07) flw ft10, 328(gp)
mem[R,0x80003158] -> 0x00007AE1
f30 <- 0xFFFFFFFF00007AE1


mem[X,0x80000638] -> 0xAE87
mem[X,0x8000063A] -> 0x14C1
[403] [M]: 0x80000638 (0x14C1AE87) flw ft9, 332(gp)
mem[R,0x8000315C] -> 0x00007AE1
f29 <- 0xFFFFFFFF00007AE1


mem[X,0x8000063C] -> 0x0113
mem[X,0x8000063E] -> 0x0000
[404] [M]: 0x8000063C (0x00000113) addi sp, zero, 0
x2 <- 0x00000000


mem[X,0x80000640] -> 0x1073
mem[X,0x80000642] -> 0x0031
[405] [M]: 0x80000640 (0x00311073) csrrw zero, fcsr, sp
CSR fcsr -> 0x00000000
CSR fcsr <- 0x00000000 (input: 0x00000000)


mem[X,0x80000644] -> 0x7FD3
mem[X,0x80000646] -> 0x0DDF
[406] [M]: 0x80000644 (0x0DDF7FD3) fsub.h ft11, ft10, ft9, dyn
f31 <- 0xFFFFFFFFFFFF7E00


mem[X,0x80000648] -> 0x2273
mem[X,0x8000064A] -> 0x0030
[407] [M]: 0x80000648 (0x00302273) csrrs tp, fcsr, zero
CSR fcsr -> 0x00000000
x4 <- 0x00000000


mem[X,0x8000064C] -> 0xA427
mem[X,0x8000064E] -> 0x15F0
[408] [M]: 0x8000064C (0x15F0A427) fsw ft11, 328(ra)
mem[0x8000395C] <- 0xFFFF7E00


mem[X,0x80000650] -> 0xA623
mem[X,0x80000652] -> 0x1440
[409] [M]: 0x80000650 (0x1440A623) sw tp, 332(ra)
mem[0x80003960] <- 0x00000000


mem[X,0x80000654] -> 0xAF07
mem[X,0x80000656] -> 0x1501
[410] [M]: 0x80000654 (0x1501AF07) flw ft10, 336(gp)
mem[R,0x80003160] -> 0x0000781B
f30 <- 0xFFFFFFFF0000781B


mem[X,0x80000658] -> 0xAE87
mem[X,0x8000065A] -> 0x1541
[411] [M]: 0x80000658 (0x1541AE87) flw ft9, 340(gp)
mem[R,0x80003164] -> 0x0000781B
f29 <- 0xFFFFFFFF0000781B


mem[X,0x8000065C] -> 0x0113
mem[X,0x8000065E] -> 0x0000
[412] [M]: 0x8000065C (0x00000113) addi sp, zero, 0
x2 <- 0x00000000


mem[X,0x80000660] -> 0x1073
mem[X,0x80000662] -> 0x0031
[413] [M]: 0x80000660 (0x00311073) csrrw zero, fcsr, sp
CSR fcsr -> 0x00000000
CSR fcsr <- 0x00000000 (input: 0x00000000)


mem[X,0x80000664] -> 0x7FD3
mem[X,0x80000666] -> 0x0DDF
[414] [M]: 0x80000664 (0x0DDF7FD3) fsub.h ft11, ft10, ft9, dyn
f31 <- 0xFFFFFFFFFFFF7E00


mem[X,0x80000668] -> 0x2273
mem[X,0x8000066A] -> 0x0030
[415] [M]: 0x80000668 (0x00302273) csrrs tp, fcsr, zero
CSR fcsr -> 0x00000000
x4 <- 0x00000000


mem[X,0x8000066C] -> 0xA827
mem[X,0x8000066E] -> 0x15F0
[416] [M]: 0x8000066C (0x15F0A827) fsw ft11, 336(ra)
mem[0x80003964] <- 0xFFFF7E00


mem[X,0x80000670] -> 0xAA23
mem[X,0x80000672] -> 0x1440
[417] [M]: 0x80000670 (0x1440AA23) sw tp, 340(ra)
mem[0x80003968] <- 0x00000000


mem[X,0x80000674] -> 0xAF07
mem[X,0x80000676] -> 0x1581
[418] [M]: 0x80000674 (0x1581AF07) flw ft10, 344(gp)
mem[R,0x80003168] -> 0x0000789E
f30 <- 0xFFFFFFFF0000789E


mem[X,0x80000678] -> 0xAE87
mem[X,0x8000067A] -> 0x15C1
[419] [M]: 0x80000678 (0x15C1AE87) flw ft9, 348(gp)
mem[R,0x8000316C] -> 0x0000789E
f29 <- 0xFFFFFFFF0000789E


mem[X,0x8000067C] -> 0x0113
mem[X,0x8000067E] -> 0x0000
[420] [M]: 0x8000067C (0x00000113) addi sp, zero, 0
x2 <- 0x00000000


mem[X,0x80000680] -> 0x1073
mem[X,0x80000682] -> 0x0031
[421] [M]: 0x80000680 (0x00311073) csrrw zero, fcsr, sp
CSR fcsr -> 0x00000000
CSR fcsr <- 0x00000000 (input: 0x00000000)


mem[X,0x80000684] -> 0x7FD3
mem[X,0x80000686] -> 0x0DDF
[422] [M]: 0x80000684 (0x0DDF7FD3) fsub.h ft11, ft10, ft9, dyn
f31 <- 0xFFFFFFFFFFFF7E00


mem[X,0x80000688] -> 0x2273
mem[X,0x8000068A] -> 0x0030
[423] [M]: 0x80000688 (0x00302273) csrrs tp, fcsr, zero
CSR fcsr -> 0x00000000
x4 <- 0x00000000


mem[X,0x8000068C] -> 0xAC27
mem[X,0x8000068E] -> 0x15F0
[424] [M]: 0x8000068C (0x15F0AC27) fsw ft11, 344(ra)
mem[0x8000396C] <- 0xFFFF7E00


mem[X,0x80000690] -> 0xAE23
mem[X,0x80000692] -> 0x1440
[425] [M]: 0x80000690 (0x1440AE23) sw tp, 348(ra)
mem[0x80003970] <- 0x00000000


mem[X,0x80000694] -> 0xAF07
mem[X,0x80000696] -> 0x1601
[426] [M]: 0x80000694 (0x1601AF07) flw ft10, 352(gp)
mem[R,0x80003170] -> 0x0000744E
f30 <- 0xFFFFFFFF0000744E


mem[X,0x80000698] -> 0xAE87
mem[X,0x8000069A] -> 0x1641
[427] [M]: 0x80000698 (0x1641AE87) flw ft9, 356(gp)
mem[R,0x80003174] -> 0x0000744E
f29 <- 0xFFFFFFFF0000744E


mem[X,0x8000069C] -> 0x0113
mem[X,0x8000069E] -> 0x0000
[428] [M]: 0x8000069C (0x00000113) addi sp, zero, 0
x2 <- 0x00000000


mem[X,0x800006A0] -> 0x1073
mem[X,0x800006A2] -> 0x0031
[429] [M]: 0x800006A0 (0x00311073) csrrw zero, fcsr, sp
CSR fcsr -> 0x00000000
CSR fcsr <- 0x00000000 (input: 0x00000000)


mem[X,0x800006A4] -> 0x7FD3
mem[X,0x800006A6] -> 0x0DDF
[430] [M]: 0x800006A4 (0x0DDF7FD3) fsub.h ft11, ft10, ft9, dyn
f31 <- 0xFFFFFFFFFFFF7E00


mem[X,0x800006A8] -> 0x2273
mem[X,0x800006AA] -> 0x0030
[431] [M]: 0x800006A8 (0x00302273) csrrs tp, fcsr, zero
CSR fcsr -> 0x00000000
x4 <- 0x00000000


mem[X,0x800006AC] -> 0xA027
mem[X,0x800006AE] -> 0x17F0
[432] [M]: 0x800006AC (0x17F0A027) fsw ft11, 352(ra)
mem[0x80003974] <- 0xFFFF7E00


mem[X,0x800006B0] -> 0xA223
mem[X,0x800006B2] -> 0x1640
[433] [M]: 0x800006B0 (0x1640A223) sw tp, 356(ra)
mem[0x80003978] <- 0x00000000


mem[X,0x800006B4] -> 0xAF07
mem[X,0x800006B6] -> 0x1681
[434] [M]: 0x800006B4 (0x1681AF07) flw ft10, 360(gp)
mem[R,0x80003178] -> 0x00007BA7
f30 <- 0xFFFFFFFF00007BA7


mem[X,0x800006B8] -> 0xAE87
mem[X,0x800006BA] -> 0x16C1
[435] [M]: 0x800006B8 (0x16C1AE87) flw ft9, 364(gp)
mem[R,0x8000317C] -> 0x00007BA7
f29 <- 0xFFFFFFFF00007BA7


mem[X,0x800006BC] -> 0x0113
mem[X,0x800006BE] -> 0x0000
[436] [M]: 0x800006BC (0x00000113) addi sp, zero, 0
x2 <- 0x00000000


mem[X,0x800006C0] -> 0x1073
mem[X,0x800006C2] -> 0x0031
[437] [M]: 0x800006C0 (0x00311073) csrrw zero, fcsr, sp
CSR fcsr -> 0x00000000
CSR fcsr <- 0x00000000 (input: 0x00000000)


mem[X,0x800006C4] -> 0x7FD3
mem[X,0x800006C6] -> 0x0DDF
[438] [M]: 0x800006C4 (0x0DDF7FD3) fsub.h ft11, ft10, ft9, dyn
f31 <- 0xFFFFFFFFFFFF7E00


mem[X,0x800006C8] -> 0x2273
mem[X,0x800006CA] -> 0x0030
[439] [M]: 0x800006C8 (0x00302273) csrrs tp, fcsr, zero
CSR fcsr -> 0x00000000
x4 <- 0x00000000


mem[X,0x800006CC] -> 0xA427
mem[X,0x800006CE] -> 0x17F0
[440] [M]: 0x800006CC (0x17F0A427) fsw ft11, 360(ra)
mem[0x8000397C] <- 0xFFFF7E00


mem[X,0x800006D0] -> 0xA623
mem[X,0x800006D2] -> 0x1640
[441] [M]: 0x800006D0 (0x1640A623) sw tp, 364(ra)
mem[0x80003980] <- 0x00000000


mem[X,0x800006D4] -> 0xAF07
mem[X,0x800006D6] -> 0x1701
[442] [M]: 0x800006D4 (0x1701AF07) flw ft10, 368(gp)
mem[R,0x80003180] -> 0x00007A44
f30 <- 0xFFFFFFFF00007A44


mem[X,0x800006D8] -> 0xAE87
mem[X,0x800006DA] -> 0x1741
[443] [M]: 0x800006D8 (0x1741AE87) flw ft9, 372(gp)
mem[R,0x80003184] -> 0x00007A44
f29 <- 0xFFFFFFFF00007A44


mem[X,0x800006DC] -> 0x0113
mem[X,0x800006DE] -> 0x0000
[444] [M]: 0x800006DC (0x00000113) addi sp, zero, 0
x2 <- 0x00000000


mem[X,0x800006E0] -> 0x1073
mem[X,0x800006E2] -> 0x0031
[445] [M]: 0x800006E0 (0x00311073) csrrw zero, fcsr, sp
CSR fcsr -> 0x00000000
CSR fcsr <- 0x00000000 (input: 0x00000000)


mem[X,0x800006E4] -> 0x7FD3
mem[X,0x800006E6] -> 0x0DDF
[446] [M]: 0x800006E4 (0x0DDF7FD3) fsub.h ft11, ft10, ft9, dyn
f31 <- 0xFFFFFFFFFFFF7E00


mem[X,0x800006E8] -> 0x2273
mem[X,0x800006EA] -> 0x0030
[447] [M]: 0x800006E8 (0x00302273) csrrs tp, fcsr, zero
CSR fcsr -> 0x00000000
x4 <- 0x00000000


mem[X,0x800006EC] -> 0xA827
mem[X,0x800006EE] -> 0x17F0
[448] [M]: 0x800006EC (0x17F0A827) fsw ft11, 368(ra)
mem[0x80003984] <- 0xFFFF7E00


mem[X,0x800006F0] -> 0xAA23
mem[X,0x800006F2] -> 0x1640
[449] [M]: 0x800006F0 (0x1640AA23) sw tp, 372(ra)
mem[0x80003988] <- 0x00000000


mem[X,0x800006F4] -> 0xAF07
mem[X,0x800006F6] -> 0x1781
[450] [M]: 0x800006F4 (0x1781AF07) flw ft10, 376(gp)
mem[R,0x80003188] -> 0x00007B16
f30 <- 0xFFFFFFFF00007B16


mem[X,0x800006F8] -> 0xAE87
mem[X,0x800006FA] -> 0x17C1
[451] [M]: 0x800006F8 (0x17C1AE87) flw ft9, 380(gp)
mem[R,0x8000318C] -> 0x00007B16
f29 <- 0xFFFFFFFF00007B16


mem[X,0x800006FC] -> 0x0113
mem[X,0x800006FE] -> 0x0000
[452] [M]: 0x800006FC (0x00000113) addi sp, zero, 0
x2 <- 0x00000000


mem[X,0x80000700] -> 0x1073
mem[X,0x80000702] -> 0x0031
[453] [M]: 0x80000700 (0x00311073) csrrw zero, fcsr, sp
CSR fcsr -> 0x00000000
CSR fcsr <- 0x00000000 (input: 0x00000000)


mem[X,0x80000704] -> 0x7FD3
mem[X,0x80000706] -> 0x0DDF
[454] [M]: 0x80000704 (0x0DDF7FD3) fsub.h ft11, ft10, ft9, dyn
f31 <- 0xFFFFFFFFFFFF7E00


mem[X,0x80000708] -> 0x2273
mem[X,0x8000070A] -> 0x0030
[455] [M]: 0x80000708 (0x00302273) csrrs tp, fcsr, zero
CSR fcsr -> 0x00000000
x4 <- 0x00000000


mem[X,0x8000070C] -> 0xAC27
mem[X,0x8000070E] -> 0x17F0
[456] [M]: 0x8000070C (0x17F0AC27) fsw ft11, 376(ra)
mem[0x8000398C] <- 0xFFFF7E00


mem[X,0x80000710] -> 0xAE23
mem[X,0x80000712] -> 0x1640
[457] [M]: 0x80000710 (0x1640AE23) sw tp, 380(ra)
mem[0x80003990] <- 0x00000000


mem[X,0x80000714] -> 0xAF07
mem[X,0x80000716] -> 0x1801
[458] [M]: 0x80000714 (0x1801AF07) flw ft10, 384(gp)
mem[R,0x80003190] -> 0x00007A78
f30 <- 0xFFFFFFFF00007A78


mem[X,0x80000718] -> 0xAE87
mem[X,0x8000071A] -> 0x1841
[459] [M]: 0x80000718 (0x1841AE87) flw ft9, 388(gp)
mem[R,0x80003194] -> 0x00007A78
f29 <- 0xFFFFFFFF00007A78


mem[X,0x8000071C] -> 0x0113
mem[X,0x8000071E] -> 0x0000
[460] [M]: 0x8000071C (0x00000113) addi sp, zero, 0
x2 <- 0x00000000


mem[X,0x80000720] -> 0x1073
mem[X,0x80000722] -> 0x0031
[461] [M]: 0x80000720 (0x00311073) csrrw zero, fcsr, sp
CSR fcsr -> 0x00000000
CSR fcsr <- 0x00000000 (input: 0x00000000)


mem[X,0x80000724] -> 0x7FD3
mem[X,0x80000726] -> 0x0DDF
[462] [M]: 0x80000724 (0x0DDF7FD3) fsub.h ft11, ft10, ft9, dyn
f31 <- 0xFFFFFFFFFFFF7E00


mem[X,0x80000728] -> 0x2273
mem[X,0x8000072A] -> 0x0030
[463] [M]: 0x80000728 (0x00302273) csrrs tp, fcsr, zero
CSR fcsr -> 0x00000000
x4 <- 0x00000000


mem[X,0x8000072C] -> 0xA027
mem[X,0x8000072E] -> 0x19F0
[464] [M]: 0x8000072C (0x19F0A027) fsw ft11, 384(ra)
mem[0x80003994] <- 0xFFFF7E00


mem[X,0x80000730] -> 0xA223
mem[X,0x80000732] -> 0x1840
[465] [M]: 0x80000730 (0x1840A223) sw tp, 388(ra)
mem[0x80003998] <- 0x00000000


mem[X,0x80000734] -> 0xAF07
mem[X,0x80000736] -> 0x1881
[466] [M]: 0x80000734 (0x1881AF07) flw ft10, 392(gp)
mem[R,0x80003198] -> 0x0000787D
f30 <- 0xFFFFFFFF0000787D


mem[X,0x80000738] -> 0xAE87
mem[X,0x8000073A] -> 0x18C1
[467] [M]: 0x80000738 (0x18C1AE87) flw ft9, 396(gp)
mem[R,0x8000319C] -> 0x0000787D
f29 <- 0xFFFFFFFF0000787D


mem[X,0x8000073C] -> 0x0113
mem[X,0x8000073E] -> 0x0000
[468] [M]: 0x8000073C (0x00000113) addi sp, zero, 0
x2 <- 0x00000000


mem[X,0x80000740] -> 0x1073
mem[X,0x80000742] -> 0x0031
[469] [M]: 0x80000740 (0x00311073) csrrw zero, fcsr, sp
CSR fcsr -> 0x00000000
CSR fcsr <- 0x00000000 (input: 0x00000000)


mem[X,0x80000744] -> 0x7FD3
mem[X,0x80000746] -> 0x0DDF
[470] [M]: 0x80000744 (0x0DDF7FD3) fsub.h ft11, ft10, ft9, dyn
f31 <- 0xFFFFFFFFFFFF7E00


mem[X,0x80000748] -> 0x2273
mem[X,0x8000074A] -> 0x0030
[471] [M]: 0x80000748 (0x00302273) csrrs tp, fcsr, zero
CSR fcsr -> 0x00000000
x4 <- 0x00000000


mem[X,0x8000074C] -> 0xA427
mem[X,0x8000074E] -> 0x19F0
[472] [M]: 0x8000074C (0x19F0A427) fsw ft11, 392(ra)
mem[0x8000399C] <- 0xFFFF7E00


mem[X,0x80000750] -> 0xA623
mem[X,0x80000752] -> 0x1840
[473] [M]: 0x80000750 (0x1840A623) sw tp, 396(ra)
mem[0x800039A0] <- 0x00000000


mem[X,0x80000754] -> 0xAF07
mem[X,0x80000756] -> 0x1901
[474] [M]: 0x80000754 (0x1901AF07) flw ft10, 400(gp)
mem[R,0x800031A0] -> 0x00006B2E
f30 <- 0xFFFFFFFF00006B2E


mem[X,0x80000758] -> 0xAE87
mem[X,0x8000075A] -> 0x1941
[475] [M]: 0x80000758 (0x1941AE87) flw ft9, 404(gp)
mem[R,0x800031A4] -> 0x00006B2E
f29 <- 0xFFFFFFFF00006B2E


mem[X,0x8000075C] -> 0x0113
mem[X,0x8000075E] -> 0x0000
[476] [M]: 0x8000075C (0x00000113) addi sp, zero, 0
x2 <- 0x00000000


mem[X,0x80000760] -> 0x1073
mem[X,0x80000762] -> 0x0031
[477] [M]: 0x80000760 (0x00311073) csrrw zero, fcsr, sp
CSR fcsr -> 0x00000000
CSR fcsr <- 0x00000000 (input: 0x00000000)


mem[X,0x80000764] -> 0x7FD3
mem[X,0x80000766] -> 0x0DDF
[478] [M]: 0x80000764 (0x0DDF7FD3) fsub.h ft11, ft10, ft9, dyn
f31 <- 0xFFFFFFFFFFFF7E00


mem[X,0x80000768] -> 0x2273
mem[X,0x8000076A] -> 0x0030
[479] [M]: 0x80000768 (0x00302273) csrrs tp, fcsr, zero
CSR fcsr -> 0x00000000
x4 <- 0x00000000


mem[X,0x8000076C] -> 0xA827
mem[X,0x8000076E] -> 0x19F0
[480] [M]: 0x8000076C (0x19F0A827) fsw ft11, 400(ra)
mem[0x800039A4] <- 0xFFFF7E00


mem[X,0x80000770] -> 0xAA23
mem[X,0x80000772] -> 0x1840
[481] [M]: 0x80000770 (0x1840AA23) sw tp, 404(ra)
mem[0x800039A8] <- 0x00000000


mem[X,0x80000774] -> 0xAF07
mem[X,0x80000776] -> 0x1981
[482] [M]: 0x80000774 (0x1981AF07) flw ft10, 408(gp)
mem[R,0x800031A8] -> 0x0000788E
f30 <- 0xFFFFFFFF0000788E


mem[X,0x80000778] -> 0xAE87
mem[X,0x8000077A] -> 0x19C1
[483] [M]: 0x80000778 (0x19C1AE87) flw ft9, 412(gp)
mem[R,0x800031AC] -> 0x0000788E
f29 <- 0xFFFFFFFF0000788E


mem[X,0x8000077C] -> 0x0113
mem[X,0x8000077E] -> 0x0000
[484] [M]: 0x8000077C (0x00000113) addi sp, zero, 0
x2 <- 0x00000000


mem[X,0x80000780] -> 0x1073
mem[X,0x80000782] -> 0x0031
[485] [M]: 0x80000780 (0x00311073) csrrw zero, fcsr, sp
CSR fcsr -> 0x00000000
CSR fcsr <- 0x00000000 (input: 0x00000000)


mem[X,0x80000784] -> 0x7FD3
mem[X,0x80000786] -> 0x0DDF
[486] [M]: 0x80000784 (0x0DDF7FD3) fsub.h ft11, ft10, ft9, dyn
f31 <- 0xFFFFFFFFFFFF7E00


mem[X,0x80000788] -> 0x2273
mem[X,0x8000078A] -> 0x0030
[487] [M]: 0x80000788 (0x00302273) csrrs tp, fcsr, zero
CSR fcsr -> 0x00000000
x4 <- 0x00000000


mem[X,0x8000078C] -> 0xAC27
mem[X,0x8000078E] -> 0x19F0
[488] [M]: 0x8000078C (0x19F0AC27) fsw ft11, 408(ra)
mem[0x800039AC] <- 0xFFFF7E00


mem[X,0x80000790] -> 0xAE23
mem[X,0x80000792] -> 0x1840
[489] [M]: 0x80000790 (0x1840AE23) sw tp, 412(ra)
mem[0x800039B0] <- 0x00000000


mem[X,0x80000794] -> 0xAF07
mem[X,0x80000796] -> 0x1A01
[490] [M]: 0x80000794 (0x1A01AF07) flw ft10, 416(gp)
mem[R,0x800031B0] -> 0x00007809
f30 <- 0xFFFFFFFF00007809


mem[X,0x80000798] -> 0xAE87
mem[X,0x8000079A] -> 0x1A41
[491] [M]: 0x80000798 (0x1A41AE87) flw ft9, 420(gp)
mem[R,0x800031B4] -> 0x00007809
f29 <- 0xFFFFFFFF00007809


mem[X,0x8000079C] -> 0x0113
mem[X,0x8000079E] -> 0x0000
[492] [M]: 0x8000079C (0x00000113) addi sp, zero, 0
x2 <- 0x00000000


mem[X,0x800007A0] -> 0x1073
mem[X,0x800007A2] -> 0x0031
[493] [M]: 0x800007A0 (0x00311073) csrrw zero, fcsr, sp
CSR fcsr -> 0x00000000
CSR fcsr <- 0x00000000 (input: 0x00000000)


mem[X,0x800007A4] -> 0x7FD3
mem[X,0x800007A6] -> 0x0DDF
[494] [M]: 0x800007A4 (0x0DDF7FD3) fsub.h ft11, ft10, ft9, dyn
f31 <- 0xFFFFFFFFFFFF7E00


mem[X,0x800007A8] -> 0x2273
mem[X,0x800007AA] -> 0x0030
[495] [M]: 0x800007A8 (0x00302273) csrrs tp, fcsr, zero
CSR fcsr -> 0x00000000
x4 <- 0x00000000


mem[X,0x800007AC] -> 0xA027
mem[X,0x800007AE] -> 0x1BF0
[496] [M]: 0x800007AC (0x1BF0A027) fsw ft11, 416(ra)
mem[0x800039B4] <- 0xFFFF7E00


mem[X,0x800007B0] -> 0xA223
mem[X,0x800007B2] -> 0x1A40
[497] [M]: 0x800007B0 (0x1A40A223) sw tp, 420(ra)
mem[0x800039B8] <- 0x00000000


mem[X,0x800007B4] -> 0xAF07
mem[X,0x800007B6] -> 0x1A81
[498] [M]: 0x800007B4 (0x1A81AF07) flw ft10, 424(gp)
mem[R,0x800031B8] -> 0x000075B4
f30 <- 0xFFFFFFFF000075B4


mem[X,0x800007B8] -> 0xAE87
mem[X,0x800007BA] -> 0x1AC1
[499] [M]: 0x800007B8 (0x1AC1AE87) flw ft9, 428(gp)
mem[R,0x800031BC] -> 0x000075B4
f29 <- 0xFFFFFFFF000075B4


clint::tick mtime <- 0x0000000000000005
 clint timer pending at mtime 0x0000000000000005
htif::tick 0x0000000000000000
mem[X,0x800007BC] -> 0x0113
mem[X,0x800007BE] -> 0x0000
[500] [M]: 0x800007BC (0x00000113) addi sp, zero, 0
x2 <- 0x00000000


mem[X,0x800007C0] -> 0x1073
mem[X,0x800007C2] -> 0x0031
[501] [M]: 0x800007C0 (0x00311073) csrrw zero, fcsr, sp
CSR fcsr -> 0x00000000
CSR fcsr <- 0x00000000 (input: 0x00000000)


mem[X,0x800007C4] -> 0x7FD3
mem[X,0x800007C6] -> 0x0DDF
[502] [M]: 0x800007C4 (0x0DDF7FD3) fsub.h ft11, ft10, ft9, dyn
f31 <- 0xFFFFFFFFFFFF7E00


mem[X,0x800007C8] -> 0x2273
mem[X,0x800007CA] -> 0x0030
[503] [M]: 0x800007C8 (0x00302273) csrrs tp, fcsr, zero
CSR fcsr -> 0x00000000
x4 <- 0x00000000


mem[X,0x800007CC] -> 0xA427
mem[X,0x800007CE] -> 0x1BF0
[504] [M]: 0x800007CC (0x1BF0A427) fsw ft11, 424(ra)
mem[0x800039BC] <- 0xFFFF7E00


mem[X,0x800007D0] -> 0xA623
mem[X,0x800007D2] -> 0x1A40
[505] [M]: 0x800007D0 (0x1A40A623) sw tp, 428(ra)
mem[0x800039C0] <- 0x00000000


mem[X,0x800007D4] -> 0xAF07
mem[X,0x800007D6] -> 0x1B01
[506] [M]: 0x800007D4 (0x1B01AF07) flw ft10, 432(gp)
mem[R,0x800031C0] -> 0x0000784E
f30 <- 0xFFFFFFFF0000784E


mem[X,0x800007D8] -> 0xAE87
mem[X,0x800007DA] -> 0x1B41
[507] [M]: 0x800007D8 (0x1B41AE87) flw ft9, 436(gp)
mem[R,0x800031C4] -> 0x0000784E
f29 <- 0xFFFFFFFF0000784E


mem[X,0x800007DC] -> 0x0113
mem[X,0x800007DE] -> 0x0000
[508] [M]: 0x800007DC (0x00000113) addi sp, zero, 0
x2 <- 0x00000000


mem[X,0x800007E0] -> 0x1073
mem[X,0x800007E2] -> 0x0031
[509] [M]: 0x800007E0 (0x00311073) csrrw zero, fcsr, sp
CSR fcsr -> 0x00000000
CSR fcsr <- 0x00000000 (input: 0x00000000)


mem[X,0x800007E4] -> 0x7FD3
mem[X,0x800007E6] -> 0x0DDF
[510] [M]: 0x800007E4 (0x0DDF7FD3) fsub.h ft11, ft10, ft9, dyn
f31 <- 0xFFFFFFFFFFFF7E00


mem[X,0x800007E8] -> 0x2273
mem[X,0x800007EA] -> 0x0030
[511] [M]: 0x800007E8 (0x00302273) csrrs tp, fcsr, zero
CSR fcsr -> 0x00000000
x4 <- 0x00000000


mem[X,0x800007EC] -> 0xA827
mem[X,0x800007EE] -> 0x1BF0
[512] [M]: 0x800007EC (0x1BF0A827) fsw ft11, 432(ra)
mem[0x800039C4] <- 0xFFFF7E00


mem[X,0x800007F0] -> 0xAA23
mem[X,0x800007F2] -> 0x1A40
[513] [M]: 0x800007F0 (0x1A40AA23) sw tp, 436(ra)
mem[0x800039C8] <- 0x00000000


mem[X,0x800007F4] -> 0xAF07
mem[X,0x800007F6] -> 0x1B81
[514] [M]: 0x800007F4 (0x1B81AF07) flw ft10, 440(gp)
mem[R,0x800031C8] -> 0x000078E5
f30 <- 0xFFFFFFFF000078E5


mem[X,0x800007F8] -> 0xAE87
mem[X,0x800007FA] -> 0x1BC1
[515] [M]: 0x800007F8 (0x1BC1AE87) flw ft9, 444(gp)
mem[R,0x800031CC] -> 0x000078E5
f29 <- 0xFFFFFFFF000078E5


mem[X,0x800007FC] -> 0x0113
mem[X,0x800007FE] -> 0x0000
[516] [M]: 0x800007FC (0x00000113) addi sp, zero, 0
x2 <- 0x00000000


mem[X,0x80000800] -> 0x1073
mem[X,0x80000802] -> 0x0031
[517] [M]: 0x80000800 (0x00311073) csrrw zero, fcsr, sp
CSR fcsr -> 0x00000000
CSR fcsr <- 0x00000000 (input: 0x00000000)


mem[X,0x80000804] -> 0x7FD3
mem[X,0x80000806] -> 0x0DDF
[518] [M]: 0x80000804 (0x0DDF7FD3) fsub.h ft11, ft10, ft9, dyn
f31 <- 0xFFFFFFFFFFFF7E00


mem[X,0x80000808] -> 0x2273
mem[X,0x8000080A] -> 0x0030
[519] [M]: 0x80000808 (0x00302273) csrrs tp, fcsr, zero
CSR fcsr -> 0x00000000
x4 <- 0x00000000


mem[X,0x8000080C] -> 0xAC27
mem[X,0x8000080E] -> 0x1BF0
[520] [M]: 0x8000080C (0x1BF0AC27) fsw ft11, 440(ra)
mem[0x800039CC] <- 0xFFFF7E00


mem[X,0x80000810] -> 0xAE23
mem[X,0x80000812] -> 0x1A40
[521] [M]: 0x80000810 (0x1A40AE23) sw tp, 444(ra)
mem[0x800039D0] <- 0x00000000


mem[X,0x80000814] -> 0xAF07
mem[X,0x80000816] -> 0x1C01
[522] [M]: 0x80000814 (0x1C01AF07) flw ft10, 448(gp)
mem[R,0x800031D0] -> 0x00006728
f30 <- 0xFFFFFFFF00006728


mem[X,0x80000818] -> 0xAE87
mem[X,0x8000081A] -> 0x1C41
[523] [M]: 0x80000818 (0x1C41AE87) flw ft9, 452(gp)
mem[R,0x800031D4] -> 0x00006728
f29 <- 0xFFFFFFFF00006728


mem[X,0x8000081C] -> 0x0113
mem[X,0x8000081E] -> 0x0000
[524] [M]: 0x8000081C (0x00000113) addi sp, zero, 0
x2 <- 0x00000000


mem[X,0x80000820] -> 0x1073
mem[X,0x80000822] -> 0x0031
[525] [M]: 0x80000820 (0x00311073) csrrw zero, fcsr, sp
CSR fcsr -> 0x00000000
CSR fcsr <- 0x00000000 (input: 0x00000000)


mem[X,0x80000824] -> 0x7FD3
mem[X,0x80000826] -> 0x0DDF
[526] [M]: 0x80000824 (0x0DDF7FD3) fsub.h ft11, ft10, ft9, dyn
f31 <- 0xFFFFFFFFFFFF7E00


mem[X,0x80000828] -> 0x2273
mem[X,0x8000082A] -> 0x0030
[527] [M]: 0x80000828 (0x00302273) csrrs tp, fcsr, zero
CSR fcsr -> 0x00000000
x4 <- 0x00000000


mem[X,0x8000082C] -> 0xA027
mem[X,0x8000082E] -> 0x1DF0
[528] [M]: 0x8000082C (0x1DF0A027) fsw ft11, 448(ra)
mem[0x800039D4] <- 0xFFFF7E00


mem[X,0x80000830] -> 0xA223
mem[X,0x80000832] -> 0x1C40
[529] [M]: 0x80000830 (0x1C40A223) sw tp, 452(ra)
mem[0x800039D8] <- 0x00000000


mem[X,0x80000834] -> 0xAF07
mem[X,0x80000836] -> 0x1C81
[530] [M]: 0x80000834 (0x1C81AF07) flw ft10, 456(gp)
mem[R,0x800031D8] -> 0x000071AB
f30 <- 0xFFFFFFFF000071AB


mem[X,0x80000838] -> 0xAE87
mem[X,0x8000083A] -> 0x1CC1
[531] [M]: 0x80000838 (0x1CC1AE87) flw ft9, 460(gp)
mem[R,0x800031DC] -> 0x000071AB
f29 <- 0xFFFFFFFF000071AB


mem[X,0x8000083C] -> 0x0113
mem[X,0x8000083E] -> 0x0000
[532] [M]: 0x8000083C (0x00000113) addi sp, zero, 0
x2 <- 0x00000000


mem[X,0x80000840] -> 0x1073
mem[X,0x80000842] -> 0x0031
[533] [M]: 0x80000840 (0x00311073) csrrw zero, fcsr, sp
CSR fcsr -> 0x00000000
CSR fcsr <- 0x00000000 (input: 0x00000000)


mem[X,0x80000844] -> 0x7FD3
mem[X,0x80000846] -> 0x0DDF
[534] [M]: 0x80000844 (0x0DDF7FD3) fsub.h ft11, ft10, ft9, dyn
f31 <- 0xFFFFFFFFFFFF7E00


mem[X,0x80000848] -> 0x2273
mem[X,0x8000084A] -> 0x0030
[535] [M]: 0x80000848 (0x00302273) csrrs tp, fcsr, zero
CSR fcsr -> 0x00000000
x4 <- 0x00000000


mem[X,0x8000084C] -> 0xA427
mem[X,0x8000084E] -> 0x1DF0
[536] [M]: 0x8000084C (0x1DF0A427) fsw ft11, 456(ra)
mem[0x800039DC] <- 0xFFFF7E00


mem[X,0x80000850] -> 0xA623
mem[X,0x80000852] -> 0x1C40
[537] [M]: 0x80000850 (0x1C40A623) sw tp, 460(ra)
mem[0x800039E0] <- 0x00000000


mem[X,0x80000854] -> 0xAF07
mem[X,0x80000856] -> 0x1D01
[538] [M]: 0x80000854 (0x1D01AF07) flw ft10, 464(gp)
mem[R,0x800031E0] -> 0x00007AE2
f30 <- 0xFFFFFFFF00007AE2


mem[X,0x80000858] -> 0xAE87
mem[X,0x8000085A] -> 0x1D41
[539] [M]: 0x80000858 (0x1D41AE87) flw ft9, 468(gp)
mem[R,0x800031E4] -> 0x00007AE2
f29 <- 0xFFFFFFFF00007AE2


mem[X,0x8000085C] -> 0x0113
mem[X,0x8000085E] -> 0x0000
[540] [M]: 0x8000085C (0x00000113) addi sp, zero, 0
x2 <- 0x00000000


mem[X,0x80000860] -> 0x1073
mem[X,0x80000862] -> 0x0031
[541] [M]: 0x80000860 (0x00311073) csrrw zero, fcsr, sp
CSR fcsr -> 0x00000000
CSR fcsr <- 0x00000000 (input: 0x00000000)


mem[X,0x80000864] -> 0x7FD3
mem[X,0x80000866] -> 0x0DDF
[542] [M]: 0x80000864 (0x0DDF7FD3) fsub.h ft11, ft10, ft9, dyn
f31 <- 0xFFFFFFFFFFFF7E00


mem[X,0x80000868] -> 0x2273
mem[X,0x8000086A] -> 0x0030
[543] [M]: 0x80000868 (0x00302273) csrrs tp, fcsr, zero
CSR fcsr -> 0x00000000
x4 <- 0x00000000


mem[X,0x8000086C] -> 0xA827
mem[X,0x8000086E] -> 0x1DF0
[544] [M]: 0x8000086C (0x1DF0A827) fsw ft11, 464(ra)
mem[0x800039E4] <- 0xFFFF7E00


mem[X,0x80000870] -> 0xAA23
mem[X,0x80000872] -> 0x1C40
[545] [M]: 0x80000870 (0x1C40AA23) sw tp, 468(ra)
mem[0x800039E8] <- 0x00000000


mem[X,0x80000874] -> 0xAF07
mem[X,0x80000876] -> 0x1D81
[546] [M]: 0x80000874 (0x1D81AF07) flw ft10, 472(gp)
mem[R,0x800031E8] -> 0x00007A5F
f30 <- 0xFFFFFFFF00007A5F


mem[X,0x80000878] -> 0xAE87
mem[X,0x8000087A] -> 0x1DC1
[547] [M]: 0x80000878 (0x1DC1AE87) flw ft9, 476(gp)
mem[R,0x800031EC] -> 0x00007A5F
f29 <- 0xFFFFFFFF00007A5F


mem[X,0x8000087C] -> 0x0113
mem[X,0x8000087E] -> 0x0000
[548] [M]: 0x8000087C (0x00000113) addi sp, zero, 0
x2 <- 0x00000000


mem[X,0x80000880] -> 0x1073
mem[X,0x80000882] -> 0x0031
[549] [M]: 0x80000880 (0x00311073) csrrw zero, fcsr, sp
CSR fcsr -> 0x00000000
CSR fcsr <- 0x00000000 (input: 0x00000000)


mem[X,0x80000884] -> 0x7FD3
mem[X,0x80000886] -> 0x0DDF
[550] [M]: 0x80000884 (0x0DDF7FD3) fsub.h ft11, ft10, ft9, dyn
f31 <- 0xFFFFFFFFFFFF7E00


mem[X,0x80000888] -> 0x2273
mem[X,0x8000088A] -> 0x0030
[551] [M]: 0x80000888 (0x00302273) csrrs tp, fcsr, zero
CSR fcsr -> 0x00000000
x4 <- 0x00000000


mem[X,0x8000088C] -> 0xAC27
mem[X,0x8000088E] -> 0x1DF0
[552] [M]: 0x8000088C (0x1DF0AC27) fsw ft11, 472(ra)
mem[0x800039EC] <- 0xFFFF7E00


mem[X,0x80000890] -> 0xAE23
mem[X,0x80000892] -> 0x1C40
[553] [M]: 0x80000890 (0x1C40AE23) sw tp, 476(ra)
mem[0x800039F0] <- 0x00000000


mem[X,0x80000894] -> 0xAF07
mem[X,0x80000896] -> 0x1E01
[554] [M]: 0x80000894 (0x1E01AF07) flw ft10, 480(gp)
mem[R,0x800031F0] -> 0x00007415
f30 <- 0xFFFFFFFF00007415


mem[X,0x80000898] -> 0xAE87
mem[X,0x8000089A] -> 0x1E41
[555] [M]: 0x80000898 (0x1E41AE87) flw ft9, 484(gp)
mem[R,0x800031F4] -> 0x00007415
f29 <- 0xFFFFFFFF00007415


mem[X,0x8000089C] -> 0x0113
mem[X,0x8000089E] -> 0x0000
[556] [M]: 0x8000089C (0x00000113) addi sp, zero, 0
x2 <- 0x00000000


mem[X,0x800008A0] -> 0x1073
mem[X,0x800008A2] -> 0x0031
[557] [M]: 0x800008A0 (0x00311073) csrrw zero, fcsr, sp
CSR fcsr -> 0x00000000
CSR fcsr <- 0x00000000 (input: 0x00000000)


mem[X,0x800008A4] -> 0x7FD3
mem[X,0x800008A6] -> 0x0DDF
[558] [M]: 0x800008A4 (0x0DDF7FD3) fsub.h ft11, ft10, ft9, dyn
f31 <- 0xFFFFFFFFFFFF7E00


mem[X,0x800008A8] -> 0x2273
mem[X,0x800008AA] -> 0x0030
[559] [M]: 0x800008A8 (0x00302273) csrrs tp, fcsr, zero
CSR fcsr -> 0x00000000
x4 <- 0x00000000


mem[X,0x800008AC] -> 0xA027
mem[X,0x800008AE] -> 0x1FF0
[560] [M]: 0x800008AC (0x1FF0A027) fsw ft11, 480(ra)
mem[0x800039F4] <- 0xFFFF7E00


mem[X,0x800008B0] -> 0xA223
mem[X,0x800008B2] -> 0x1E40
[561] [M]: 0x800008B0 (0x1E40A223) sw tp, 484(ra)
mem[0x800039F8] <- 0x00000000


mem[X,0x800008B4] -> 0xAF07
mem[X,0x800008B6] -> 0x1E81
[562] [M]: 0x800008B4 (0x1E81AF07) flw ft10, 488(gp)
mem[R,0x800031F8] -> 0x00007961
f30 <- 0xFFFFFFFF00007961


mem[X,0x800008B8] -> 0xAE87
mem[X,0x800008BA] -> 0x1EC1
[563] [M]: 0x800008B8 (0x1EC1AE87) flw ft9, 492(gp)
mem[R,0x800031FC] -> 0x00007961
f29 <- 0xFFFFFFFF00007961


mem[X,0x800008BC] -> 0x0113
mem[X,0x800008BE] -> 0x0000
[564] [M]: 0x800008BC (0x00000113) addi sp, zero, 0
x2 <- 0x00000000


mem[X,0x800008C0] -> 0x1073
mem[X,0x800008C2] -> 0x0031
[565] [M]: 0x800008C0 (0x00311073) csrrw zero, fcsr, sp
CSR fcsr -> 0x00000000
CSR fcsr <- 0x00000000 (input: 0x00000000)


mem[X,0x800008C4] -> 0x7FD3
mem[X,0x800008C6] -> 0x0DDF
[566] [M]: 0x800008C4 (0x0DDF7FD3) fsub.h ft11, ft10, ft9, dyn
f31 <- 0xFFFFFFFFFFFF7E00


mem[X,0x800008C8] -> 0x2273
mem[X,0x800008CA] -> 0x0030
[567] [M]: 0x800008C8 (0x00302273) csrrs tp, fcsr, zero
CSR fcsr -> 0x00000000
x4 <- 0x00000000


mem[X,0x800008CC] -> 0xA427
mem[X,0x800008CE] -> 0x1FF0
[568] [M]: 0x800008CC (0x1FF0A427) fsw ft11, 488(ra)
mem[0x800039FC] <- 0xFFFF7E00


mem[X,0x800008D0] -> 0xA623
mem[X,0x800008D2] -> 0x1E40
[569] [M]: 0x800008D0 (0x1E40A623) sw tp, 492(ra)
mem[0x80003A00] <- 0x00000000


mem[X,0x800008D4] -> 0xAF07
mem[X,0x800008D6] -> 0x1F01
[570] [M]: 0x800008D4 (0x1F01AF07) flw ft10, 496(gp)
mem[R,0x80003200] -> 0x00006445
f30 <- 0xFFFFFFFF00006445


mem[X,0x800008D8] -> 0xAE87
mem[X,0x800008DA] -> 0x1F41
[571] [M]: 0x800008D8 (0x1F41AE87) flw ft9, 500(gp)
mem[R,0x80003204] -> 0x00006445
f29 <- 0xFFFFFFFF00006445


mem[X,0x800008DC] -> 0x0113
mem[X,0x800008DE] -> 0x0000
[572] [M]: 0x800008DC (0x00000113) addi sp, zero, 0
x2 <- 0x00000000


mem[X,0x800008E0] -> 0x1073
mem[X,0x800008E2] -> 0x0031
[573] [M]: 0x800008E0 (0x00311073) csrrw zero, fcsr, sp
CSR fcsr -> 0x00000000
CSR fcsr <- 0x00000000 (input: 0x00000000)


mem[X,0x800008E4] -> 0x7FD3
mem[X,0x800008E6] -> 0x0DDF
[574] [M]: 0x800008E4 (0x0DDF7FD3) fsub.h ft11, ft10, ft9, dyn
f31 <- 0xFFFFFFFFFFFF7E00


mem[X,0x800008E8] -> 0x2273
mem[X,0x800008EA] -> 0x0030
[575] [M]: 0x800008E8 (0x00302273) csrrs tp, fcsr, zero
CSR fcsr -> 0x00000000
x4 <- 0x00000000


mem[X,0x800008EC] -> 0xA827
mem[X,0x800008EE] -> 0x1FF0
[576] [M]: 0x800008EC (0x1FF0A827) fsw ft11, 496(ra)
mem[0x80003A04] <- 0xFFFF7E00


mem[X,0x800008F0] -> 0xAA23
mem[X,0x800008F2] -> 0x1E40
[577] [M]: 0x800008F0 (0x1E40AA23) sw tp, 500(ra)
mem[0x80003A08] <- 0x00000000


mem[X,0x800008F4] -> 0xAF07
mem[X,0x800008F6] -> 0x1F81
[578] [M]: 0x800008F4 (0x1F81AF07) flw ft10, 504(gp)
mem[R,0x80003208] -> 0x00007A0A
f30 <- 0xFFFFFFFF00007A0A


mem[X,0x800008F8] -> 0xAE87
mem[X,0x800008FA] -> 0x1FC1
[579] [M]: 0x800008F8 (0x1FC1AE87) flw ft9, 508(gp)
mem[R,0x8000320C] -> 0x00007A0A
f29 <- 0xFFFFFFFF00007A0A


mem[X,0x800008FC] -> 0x0113
mem[X,0x800008FE] -> 0x0000
[580] [M]: 0x800008FC (0x00000113) addi sp, zero, 0
x2 <- 0x00000000


mem[X,0x80000900] -> 0x1073
mem[X,0x80000902] -> 0x0031
[581] [M]: 0x80000900 (0x00311073) csrrw zero, fcsr, sp
CSR fcsr -> 0x00000000
CSR fcsr <- 0x00000000 (input: 0x00000000)


mem[X,0x80000904] -> 0x7FD3
mem[X,0x80000906] -> 0x0DDF
[582] [M]: 0x80000904 (0x0DDF7FD3) fsub.h ft11, ft10, ft9, dyn
f31 <- 0xFFFFFFFFFFFF7E00


mem[X,0x80000908] -> 0x2273
mem[X,0x8000090A] -> 0x0030
[583] [M]: 0x80000908 (0x00302273) csrrs tp, fcsr, zero
CSR fcsr -> 0x00000000
x4 <- 0x00000000


mem[X,0x8000090C] -> 0xAC27
mem[X,0x8000090E] -> 0x1FF0
[584] [M]: 0x8000090C (0x1FF0AC27) fsw ft11, 504(ra)
mem[0x80003A0C] <- 0xFFFF7E00


mem[X,0x80000910] -> 0xAE23
mem[X,0x80000912] -> 0x1E40
[585] [M]: 0x80000910 (0x1E40AE23) sw tp, 508(ra)
mem[0x80003A10] <- 0x00000000


mem[X,0x80000914] -> 0xAF07
mem[X,0x80000916] -> 0x2001
[586] [M]: 0x80000914 (0x2001AF07) flw ft10, 512(gp)
mem[R,0x80003210] -> 0x00006F00
f30 <- 0xFFFFFFFF00006F00


mem[X,0x80000918] -> 0xAE87
mem[X,0x8000091A] -> 0x2041
[587] [M]: 0x80000918 (0x2041AE87) flw ft9, 516(gp)
mem[R,0x80003214] -> 0x00006F00
f29 <- 0xFFFFFFFF00006F00


mem[X,0x8000091C] -> 0x0113
mem[X,0x8000091E] -> 0x0000
[588] [M]: 0x8000091C (0x00000113) addi sp, zero, 0
x2 <- 0x00000000


mem[X,0x80000920] -> 0x1073
mem[X,0x80000922] -> 0x0031
[589] [M]: 0x80000920 (0x00311073) csrrw zero, fcsr, sp
CSR fcsr -> 0x00000000
CSR fcsr <- 0x00000000 (input: 0x00000000)


mem[X,0x80000924] -> 0x7FD3
mem[X,0x80000926] -> 0x0DDF
[590] [M]: 0x80000924 (0x0DDF7FD3) fsub.h ft11, ft10, ft9, dyn
f31 <- 0xFFFFFFFFFFFF7E00


mem[X,0x80000928] -> 0x2273
mem[X,0x8000092A] -> 0x0030
[591] [M]: 0x80000928 (0x00302273) csrrs tp, fcsr, zero
CSR fcsr -> 0x00000000
x4 <- 0x00000000


mem[X,0x8000092C] -> 0xA027
mem[X,0x8000092E] -> 0x21F0
[592] [M]: 0x8000092C (0x21F0A027) fsw ft11, 512(ra)
mem[0x80003A14] <- 0xFFFF7E00


mem[X,0x80000930] -> 0xA223
mem[X,0x80000932] -> 0x2040
[593] [M]: 0x80000930 (0x2040A223) sw tp, 516(ra)
mem[0x80003A18] <- 0x00000000


mem[X,0x80000934] -> 0xAF07
mem[X,0x80000936] -> 0x2081
[594] [M]: 0x80000934 (0x2081AF07) flw ft10, 520(gp)
mem[R,0x80003218] -> 0x00007582
f30 <- 0xFFFFFFFF00007582


mem[X,0x80000938] -> 0xAE87
mem[X,0x8000093A] -> 0x20C1
[595] [M]: 0x80000938 (0x20C1AE87) flw ft9, 524(gp)
mem[R,0x8000321C] -> 0x00007582
f29 <- 0xFFFFFFFF00007582


mem[X,0x8000093C] -> 0x0113
mem[X,0x8000093E] -> 0x0000
[596] [M]: 0x8000093C (0x00000113) addi sp, zero, 0
x2 <- 0x00000000


mem[X,0x80000940] -> 0x1073
mem[X,0x80000942] -> 0x0031
[597] [M]: 0x80000940 (0x00311073) csrrw zero, fcsr, sp
CSR fcsr -> 0x00000000
CSR fcsr <- 0x00000000 (input: 0x00000000)


mem[X,0x80000944] -> 0x7FD3
mem[X,0x80000946] -> 0x0DDF
[598] [M]: 0x80000944 (0x0DDF7FD3) fsub.h ft11, ft10, ft9, dyn
f31 <- 0xFFFFFFFFFFFF7E00


mem[X,0x80000948] -> 0x2273
mem[X,0x8000094A] -> 0x0030
[599] [M]: 0x80000948 (0x00302273) csrrs tp, fcsr, zero
CSR fcsr -> 0x00000000
x4 <- 0x00000000


clint::tick mtime <- 0x0000000000000006
 clint timer pending at mtime 0x0000000000000006
htif::tick 0x0000000000000000
mem[X,0x8000094C] -> 0xA427
mem[X,0x8000094E] -> 0x21F0
[600] [M]: 0x8000094C (0x21F0A427) fsw ft11, 520(ra)
mem[0x80003A1C] <- 0xFFFF7E00


mem[X,0x80000950] -> 0xA623
mem[X,0x80000952] -> 0x2040
[601] [M]: 0x80000950 (0x2040A623) sw tp, 524(ra)
mem[0x80003A20] <- 0x00000000


mem[X,0x80000954] -> 0xAF07
mem[X,0x80000956] -> 0x2101
[602] [M]: 0x80000954 (0x2101AF07) flw ft10, 528(gp)
mem[R,0x80003220] -> 0x0000711B
f30 <- 0xFFFFFFFF0000711B


mem[X,0x80000958] -> 0xAE87
mem[X,0x8000095A] -> 0x2141
[603] [M]: 0x80000958 (0x2141AE87) flw ft9, 532(gp)
mem[R,0x80003224] -> 0x0000711B
f29 <- 0xFFFFFFFF0000711B


mem[X,0x8000095C] -> 0x0113
mem[X,0x8000095E] -> 0x0000
[604] [M]: 0x8000095C (0x00000113) addi sp, zero, 0
x2 <- 0x00000000


mem[X,0x80000960] -> 0x1073
mem[X,0x80000962] -> 0x0031
[605] [M]: 0x80000960 (0x00311073) csrrw zero, fcsr, sp
CSR fcsr -> 0x00000000
CSR fcsr <- 0x00000000 (input: 0x00000000)


mem[X,0x80000964] -> 0x7FD3
mem[X,0x80000966] -> 0x0DDF
[606] [M]: 0x80000964 (0x0DDF7FD3) fsub.h ft11, ft10, ft9, dyn
f31 <- 0xFFFFFFFFFFFF7E00


mem[X,0x80000968] -> 0x2273
mem[X,0x8000096A] -> 0x0030
[607] [M]: 0x80000968 (0x00302273) csrrs tp, fcsr, zero
CSR fcsr -> 0x00000000
x4 <- 0x00000000


mem[X,0x8000096C] -> 0xA827
mem[X,0x8000096E] -> 0x21F0
[608] [M]: 0x8000096C (0x21F0A827) fsw ft11, 528(ra)
mem[0x80003A24] <- 0xFFFF7E00


mem[X,0x80000970] -> 0xAA23
mem[X,0x80000972] -> 0x2040
[609] [M]: 0x80000970 (0x2040AA23) sw tp, 532(ra)
mem[0x80003A28] <- 0x00000000


mem[X,0x80000974] -> 0xAF07
mem[X,0x80000976] -> 0x2181
[610] [M]: 0x80000974 (0x2181AF07) flw ft10, 536(gp)
mem[R,0x80003228] -> 0x00007160
f30 <- 0xFFFFFFFF00007160


mem[X,0x80000978] -> 0xAE87
mem[X,0x8000097A] -> 0x21C1
[611] [M]: 0x80000978 (0x21C1AE87) flw ft9, 540(gp)
mem[R,0x8000322C] -> 0x00007160
f29 <- 0xFFFFFFFF00007160


mem[X,0x8000097C] -> 0x0113
mem[X,0x8000097E] -> 0x0000
[612] [M]: 0x8000097C (0x00000113) addi sp, zero, 0
x2 <- 0x00000000


mem[X,0x80000980] -> 0x1073
mem[X,0x80000982] -> 0x0031
[613] [M]: 0x80000980 (0x00311073) csrrw zero, fcsr, sp
CSR fcsr -> 0x00000000
CSR fcsr <- 0x00000000 (input: 0x00000000)


mem[X,0x80000984] -> 0x7FD3
mem[X,0x80000986] -> 0x0DDF
[614] [M]: 0x80000984 (0x0DDF7FD3) fsub.h ft11, ft10, ft9, dyn
f31 <- 0xFFFFFFFFFFFF7E00


mem[X,0x80000988] -> 0x2273
mem[X,0x8000098A] -> 0x0030
[615] [M]: 0x80000988 (0x00302273) csrrs tp, fcsr, zero
CSR fcsr -> 0x00000000
x4 <- 0x00000000


mem[X,0x8000098C] -> 0xAC27
mem[X,0x8000098E] -> 0x21F0
[616] [M]: 0x8000098C (0x21F0AC27) fsw ft11, 536(ra)
mem[0x80003A2C] <- 0xFFFF7E00


mem[X,0x80000990] -> 0xAE23
mem[X,0x80000992] -> 0x2040
[617] [M]: 0x80000990 (0x2040AE23) sw tp, 540(ra)
mem[0x80003A30] <- 0x00000000


mem[X,0x80000994] -> 0xAF07
mem[X,0x80000996] -> 0x2201
[618] [M]: 0x80000994 (0x2201AF07) flw ft10, 544(gp)
mem[R,0x80003230] -> 0x000079B0
f30 <- 0xFFFFFFFF000079B0


mem[X,0x80000998] -> 0xAE87
mem[X,0x8000099A] -> 0x2241
[619] [M]: 0x80000998 (0x2241AE87) flw ft9, 548(gp)
mem[R,0x80003234] -> 0x000079B0
f29 <- 0xFFFFFFFF000079B0


mem[X,0x8000099C] -> 0x0113
mem[X,0x8000099E] -> 0x0000
[620] [M]: 0x8000099C (0x00000113) addi sp, zero, 0
x2 <- 0x00000000


mem[X,0x800009A0] -> 0x1073
mem[X,0x800009A2] -> 0x0031
[621] [M]: 0x800009A0 (0x00311073) csrrw zero, fcsr, sp
CSR fcsr -> 0x00000000
CSR fcsr <- 0x00000000 (input: 0x00000000)


mem[X,0x800009A4] -> 0x7FD3
mem[X,0x800009A6] -> 0x0DDF
[622] [M]: 0x800009A4 (0x0DDF7FD3) fsub.h ft11, ft10, ft9, dyn
f31 <- 0xFFFFFFFFFFFF7E00


mem[X,0x800009A8] -> 0x2273
mem[X,0x800009AA] -> 0x0030
[623] [M]: 0x800009A8 (0x00302273) csrrs tp, fcsr, zero
CSR fcsr -> 0x00000000
x4 <- 0x00000000


mem[X,0x800009AC] -> 0xA027
mem[X,0x800009AE] -> 0x23F0
[624] [M]: 0x800009AC (0x23F0A027) fsw ft11, 544(ra)
mem[0x80003A34] <- 0xFFFF7E00


mem[X,0x800009B0] -> 0xA223
mem[X,0x800009B2] -> 0x2240
[625] [M]: 0x800009B0 (0x2240A223) sw tp, 548(ra)
mem[0x80003A38] <- 0x00000000


mem[X,0x800009B4] -> 0xAF07
mem[X,0x800009B6] -> 0x2281
[626] [M]: 0x800009B4 (0x2281AF07) flw ft10, 552(gp)
mem[R,0x80003238] -> 0x00007526
f30 <- 0xFFFFFFFF00007526


mem[X,0x800009B8] -> 0xAE87
mem[X,0x800009BA] -> 0x22C1
[627] [M]: 0x800009B8 (0x22C1AE87) flw ft9, 556(gp)
mem[R,0x8000323C] -> 0x00007526
f29 <- 0xFFFFFFFF00007526


mem[X,0x800009BC] -> 0x0113
mem[X,0x800009BE] -> 0x0000
[628] [M]: 0x800009BC (0x00000113) addi sp, zero, 0
x2 <- 0x00000000


mem[X,0x800009C0] -> 0x1073
mem[X,0x800009C2] -> 0x0031
[629] [M]: 0x800009C0 (0x00311073) csrrw zero, fcsr, sp
CSR fcsr -> 0x00000000
CSR fcsr <- 0x00000000 (input: 0x00000000)


mem[X,0x800009C4] -> 0x7FD3
mem[X,0x800009C6] -> 0x0DDF
[630] [M]: 0x800009C4 (0x0DDF7FD3) fsub.h ft11, ft10, ft9, dyn
f31 <- 0xFFFFFFFFFFFF7E00


mem[X,0x800009C8] -> 0x2273
mem[X,0x800009CA] -> 0x0030
[631] [M]: 0x800009C8 (0x00302273) csrrs tp, fcsr, zero
CSR fcsr -> 0x00000000
x4 <- 0x00000000


mem[X,0x800009CC] -> 0xA427
mem[X,0x800009CE] -> 0x23F0
[632] [M]: 0x800009CC (0x23F0A427) fsw ft11, 552(ra)
mem[0x80003A3C] <- 0xFFFF7E00


mem[X,0x800009D0] -> 0xA623
mem[X,0x800009D2] -> 0x2240
[633] [M]: 0x800009D0 (0x2240A623) sw tp, 556(ra)
mem[0x80003A40] <- 0x00000000


mem[X,0x800009D4] -> 0xAF07
mem[X,0x800009D6] -> 0x2301
[634] [M]: 0x800009D4 (0x2301AF07) flw ft10, 560(gp)
mem[R,0x80003240] -> 0x0000660C
f30 <- 0xFFFFFFFF0000660C


mem[X,0x800009D8] -> 0xAE87
mem[X,0x800009DA] -> 0x2341
[635] [M]: 0x800009D8 (0x2341AE87) flw ft9, 564(gp)
mem[R,0x80003244] -> 0x0000660C
f29 <- 0xFFFFFFFF0000660C


mem[X,0x800009DC] -> 0x0113
mem[X,0x800009DE] -> 0x0000
[636] [M]: 0x800009DC (0x00000113) addi sp, zero, 0
x2 <- 0x00000000


mem[X,0x800009E0] -> 0x1073
mem[X,0x800009E2] -> 0x0031
[637] [M]: 0x800009E0 (0x00311073) csrrw zero, fcsr, sp
CSR fcsr -> 0x00000000
CSR fcsr <- 0x00000000 (input: 0x00000000)


mem[X,0x800009E4] -> 0x7FD3
mem[X,0x800009E6] -> 0x0DDF
[638] [M]: 0x800009E4 (0x0DDF7FD3) fsub.h ft11, ft10, ft9, dyn
f31 <- 0xFFFFFFFFFFFF7E00


mem[X,0x800009E8] -> 0x2273
mem[X,0x800009EA] -> 0x0030
[639] [M]: 0x800009E8 (0x00302273) csrrs tp, fcsr, zero
CSR fcsr -> 0x00000000
x4 <- 0x00000000


mem[X,0x800009EC] -> 0xA827
mem[X,0x800009EE] -> 0x23F0
[640] [M]: 0x800009EC (0x23F0A827) fsw ft11, 560(ra)
mem[0x80003A44] <- 0xFFFF7E00


mem[X,0x800009F0] -> 0xAA23
mem[X,0x800009F2] -> 0x2240
[641] [M]: 0x800009F0 (0x2240AA23) sw tp, 564(ra)
mem[0x80003A48] <- 0x00000000


mem[X,0x800009F4] -> 0xAF07
mem[X,0x800009F6] -> 0x2381
[642] [M]: 0x800009F4 (0x2381AF07) flw ft10, 568(gp)
mem[R,0x80003248] -> 0x000076BB
f30 <- 0xFFFFFFFF000076BB


mem[X,0x800009F8] -> 0xAE87
mem[X,0x800009FA] -> 0x23C1
[643] [M]: 0x800009F8 (0x23C1AE87) flw ft9, 572(gp)
mem[R,0x8000324C] -> 0x000076BB
f29 <- 0xFFFFFFFF000076BB


mem[X,0x800009FC] -> 0x0113
mem[X,0x800009FE] -> 0x0000
[644] [M]: 0x800009FC (0x00000113) addi sp, zero, 0
x2 <- 0x00000000


mem[X,0x80000A00] -> 0x1073
mem[X,0x80000A02] -> 0x0031
[645] [M]: 0x80000A00 (0x00311073) csrrw zero, fcsr, sp
CSR fcsr -> 0x00000000
CSR fcsr <- 0x00000000 (input: 0x00000000)


mem[X,0x80000A04] -> 0x7FD3
mem[X,0x80000A06] -> 0x0DDF
[646] [M]: 0x80000A04 (0x0DDF7FD3) fsub.h ft11, ft10, ft9, dyn
f31 <- 0xFFFFFFFFFFFF7E00


mem[X,0x80000A08] -> 0x2273
mem[X,0x80000A0A] -> 0x0030
[647] [M]: 0x80000A08 (0x00302273) csrrs tp, fcsr, zero
CSR fcsr -> 0x00000000
x4 <- 0x00000000


mem[X,0x80000A0C] -> 0xAC27
mem[X,0x80000A0E] -> 0x23F0
[648] [M]: 0x80000A0C (0x23F0AC27) fsw ft11, 568(ra)
mem[0x80003A4C] <- 0xFFFF7E00


mem[X,0x80000A10] -> 0xAE23
mem[X,0x80000A12] -> 0x2240
[649] [M]: 0x80000A10 (0x2240AE23) sw tp, 572(ra)
mem[0x80003A50] <- 0x00000000


mem[X,0x80000A14] -> 0xAF07
mem[X,0x80000A16] -> 0x2401
[650] [M]: 0x80000A14 (0x2401AF07) flw ft10, 576(gp)
mem[R,0x80003250] -> 0x00006EF5
f30 <- 0xFFFFFFFF00006EF5


mem[X,0x80000A18] -> 0xAE87
mem[X,0x80000A1A] -> 0x2441
[651] [M]: 0x80000A18 (0x2441AE87) flw ft9, 580(gp)
mem[R,0x80003254] -> 0x00006EF5
f29 <- 0xFFFFFFFF00006EF5


mem[X,0x80000A1C] -> 0x0113
mem[X,0x80000A1E] -> 0x0000
[652] [M]: 0x80000A1C (0x00000113) addi sp, zero, 0
x2 <- 0x00000000


mem[X,0x80000A20] -> 0x1073
mem[X,0x80000A22] -> 0x0031
[653] [M]: 0x80000A20 (0x00311073) csrrw zero, fcsr, sp
CSR fcsr -> 0x00000000
CSR fcsr <- 0x00000000 (input: 0x00000000)


mem[X,0x80000A24] -> 0x7FD3
mem[X,0x80000A26] -> 0x0DDF
[654] [M]: 0x80000A24 (0x0DDF7FD3) fsub.h ft11, ft10, ft9, dyn
f31 <- 0xFFFFFFFFFFFF7E00


mem[X,0x80000A28] -> 0x2273
mem[X,0x80000A2A] -> 0x0030
[655] [M]: 0x80000A28 (0x00302273) csrrs tp, fcsr, zero
CSR fcsr -> 0x00000000
x4 <- 0x00000000


mem[X,0x80000A2C] -> 0xA027
mem[X,0x80000A2E] -> 0x25F0
[656] [M]: 0x80000A2C (0x25F0A027) fsw ft11, 576(ra)
mem[0x80003A54] <- 0xFFFF7E00


mem[X,0x80000A30] -> 0xA223
mem[X,0x80000A32] -> 0x2440
[657] [M]: 0x80000A30 (0x2440A223) sw tp, 580(ra)
mem[0x80003A58] <- 0x00000000


mem[X,0x80000A34] -> 0xAF07
mem[X,0x80000A36] -> 0x2481
[658] [M]: 0x80000A34 (0x2481AF07) flw ft10, 584(gp)
mem[R,0x80003258] -> 0x00007814
f30 <- 0xFFFFFFFF00007814


mem[X,0x80000A38] -> 0xAE87
mem[X,0x80000A3A] -> 0x24C1
[659] [M]: 0x80000A38 (0x24C1AE87) flw ft9, 588(gp)
mem[R,0x8000325C] -> 0x00007814
f29 <- 0xFFFFFFFF00007814


mem[X,0x80000A3C] -> 0x0113
mem[X,0x80000A3E] -> 0x0000
[660] [M]: 0x80000A3C (0x00000113) addi sp, zero, 0
x2 <- 0x00000000


mem[X,0x80000A40] -> 0x1073
mem[X,0x80000A42] -> 0x0031
[661] [M]: 0x80000A40 (0x00311073) csrrw zero, fcsr, sp
CSR fcsr -> 0x00000000
CSR fcsr <- 0x00000000 (input: 0x00000000)


mem[X,0x80000A44] -> 0x7FD3
mem[X,0x80000A46] -> 0x0DDF
[662] [M]: 0x80000A44 (0x0DDF7FD3) fsub.h ft11, ft10, ft9, dyn
f31 <- 0xFFFFFFFFFFFF7E00


mem[X,0x80000A48] -> 0x2273
mem[X,0x80000A4A] -> 0x0030
[663] [M]: 0x80000A48 (0x00302273) csrrs tp, fcsr, zero
CSR fcsr -> 0x00000000
x4 <- 0x00000000


mem[X,0x80000A4C] -> 0xA427
mem[X,0x80000A4E] -> 0x25F0
[664] [M]: 0x80000A4C (0x25F0A427) fsw ft11, 584(ra)
mem[0x80003A5C] <- 0xFFFF7E00


mem[X,0x80000A50] -> 0xA623
mem[X,0x80000A52] -> 0x2440
[665] [M]: 0x80000A50 (0x2440A623) sw tp, 588(ra)
mem[0x80003A60] <- 0x00000000


mem[X,0x80000A54] -> 0xAF07
mem[X,0x80000A56] -> 0x2501
[666] [M]: 0x80000A54 (0x2501AF07) flw ft10, 592(gp)
mem[R,0x80003260] -> 0x000078D7
f30 <- 0xFFFFFFFF000078D7


mem[X,0x80000A58] -> 0xAE87
mem[X,0x80000A5A] -> 0x2541
[667] [M]: 0x80000A58 (0x2541AE87) flw ft9, 596(gp)
mem[R,0x80003264] -> 0x000078D7
f29 <- 0xFFFFFFFF000078D7


mem[X,0x80000A5C] -> 0x0113
mem[X,0x80000A5E] -> 0x0000
[668] [M]: 0x80000A5C (0x00000113) addi sp, zero, 0
x2 <- 0x00000000


mem[X,0x80000A60] -> 0x1073
mem[X,0x80000A62] -> 0x0031
[669] [M]: 0x80000A60 (0x00311073) csrrw zero, fcsr, sp
CSR fcsr -> 0x00000000
CSR fcsr <- 0x00000000 (input: 0x00000000)


mem[X,0x80000A64] -> 0x7FD3
mem[X,0x80000A66] -> 0x0DDF
[670] [M]: 0x80000A64 (0x0DDF7FD3) fsub.h ft11, ft10, ft9, dyn
f31 <- 0xFFFFFFFFFFFF7E00


mem[X,0x80000A68] -> 0x2273
mem[X,0x80000A6A] -> 0x0030
[671] [M]: 0x80000A68 (0x00302273) csrrs tp, fcsr, zero
CSR fcsr -> 0x00000000
x4 <- 0x00000000


mem[X,0x80000A6C] -> 0xA827
mem[X,0x80000A6E] -> 0x25F0
[672] [M]: 0x80000A6C (0x25F0A827) fsw ft11, 592(ra)
mem[0x80003A64] <- 0xFFFF7E00


mem[X,0x80000A70] -> 0xAA23
mem[X,0x80000A72] -> 0x2440
[673] [M]: 0x80000A70 (0x2440AA23) sw tp, 596(ra)
mem[0x80003A68] <- 0x00000000


mem[X,0x80000A74] -> 0xAF07
mem[X,0x80000A76] -> 0x2581
[674] [M]: 0x80000A74 (0x2581AF07) flw ft10, 600(gp)
mem[R,0x80003268] -> 0x00006553
f30 <- 0xFFFFFFFF00006553


mem[X,0x80000A78] -> 0xAE87
mem[X,0x80000A7A] -> 0x25C1
[675] [M]: 0x80000A78 (0x25C1AE87) flw ft9, 604(gp)
mem[R,0x8000326C] -> 0x00006553
f29 <- 0xFFFFFFFF00006553


mem[X,0x80000A7C] -> 0x0113
mem[X,0x80000A7E] -> 0x0000
[676] [M]: 0x80000A7C (0x00000113) addi sp, zero, 0
x2 <- 0x00000000


mem[X,0x80000A80] -> 0x1073
mem[X,0x80000A82] -> 0x0031
[677] [M]: 0x80000A80 (0x00311073) csrrw zero, fcsr, sp
CSR fcsr -> 0x00000000
CSR fcsr <- 0x00000000 (input: 0x00000000)


mem[X,0x80000A84] -> 0x7FD3
mem[X,0x80000A86] -> 0x0DDF
[678] [M]: 0x80000A84 (0x0DDF7FD3) fsub.h ft11, ft10, ft9, dyn
f31 <- 0xFFFFFFFFFFFF7E00


mem[X,0x80000A88] -> 0x2273
mem[X,0x80000A8A] -> 0x0030
[679] [M]: 0x80000A88 (0x00302273) csrrs tp, fcsr, zero
CSR fcsr -> 0x00000000
x4 <- 0x00000000


mem[X,0x80000A8C] -> 0xAC27
mem[X,0x80000A8E] -> 0x25F0
[680] [M]: 0x80000A8C (0x25F0AC27) fsw ft11, 600(ra)
mem[0x80003A6C] <- 0xFFFF7E00


mem[X,0x80000A90] -> 0xAE23
mem[X,0x80000A92] -> 0x2440
[681] [M]: 0x80000A90 (0x2440AE23) sw tp, 604(ra)
mem[0x80003A70] <- 0x00000000


mem[X,0x80000A94] -> 0xAF07
mem[X,0x80000A96] -> 0x2601
[682] [M]: 0x80000A94 (0x2601AF07) flw ft10, 608(gp)
mem[R,0x80003270] -> 0x000070AF
f30 <- 0xFFFFFFFF000070AF


mem[X,0x80000A98] -> 0xAE87
mem[X,0x80000A9A] -> 0x2641
[683] [M]: 0x80000A98 (0x2641AE87) flw ft9, 612(gp)
mem[R,0x80003274] -> 0x000070AF
f29 <- 0xFFFFFFFF000070AF


mem[X,0x80000A9C] -> 0x0113
mem[X,0x80000A9E] -> 0x0000
[684] [M]: 0x80000A9C (0x00000113) addi sp, zero, 0
x2 <- 0x00000000


mem[X,0x80000AA0] -> 0x1073
mem[X,0x80000AA2] -> 0x0031
[685] [M]: 0x80000AA0 (0x00311073) csrrw zero, fcsr, sp
CSR fcsr -> 0x00000000
CSR fcsr <- 0x00000000 (input: 0x00000000)


mem[X,0x80000AA4] -> 0x7FD3
mem[X,0x80000AA6] -> 0x0DDF
[686] [M]: 0x80000AA4 (0x0DDF7FD3) fsub.h ft11, ft10, ft9, dyn
f31 <- 0xFFFFFFFFFFFF7E00


mem[X,0x80000AA8] -> 0x2273
mem[X,0x80000AAA] -> 0x0030
[687] [M]: 0x80000AA8 (0x00302273) csrrs tp, fcsr, zero
CSR fcsr -> 0x00000000
x4 <- 0x00000000


mem[X,0x80000AAC] -> 0xA027
mem[X,0x80000AAE] -> 0x27F0
[688] [M]: 0x80000AAC (0x27F0A027) fsw ft11, 608(ra)
mem[0x80003A74] <- 0xFFFF7E00


mem[X,0x80000AB0] -> 0xA223
mem[X,0x80000AB2] -> 0x2640
[689] [M]: 0x80000AB0 (0x2640A223) sw tp, 612(ra)
mem[0x80003A78] <- 0x00000000


mem[X,0x80000AB4] -> 0xAF07
mem[X,0x80000AB6] -> 0x2681
[690] [M]: 0x80000AB4 (0x2681AF07) flw ft10, 616(gp)
mem[R,0x80003278] -> 0x0000711F
f30 <- 0xFFFFFFFF0000711F


mem[X,0x80000AB8] -> 0xAE87
mem[X,0x80000ABA] -> 0x26C1
[691] [M]: 0x80000AB8 (0x26C1AE87) flw ft9, 620(gp)
mem[R,0x8000327C] -> 0x0000711F
f29 <- 0xFFFFFFFF0000711F


mem[X,0x80000ABC] -> 0x0113
mem[X,0x80000ABE] -> 0x0000
[692] [M]: 0x80000ABC (0x00000113) addi sp, zero, 0
x2 <- 0x00000000


mem[X,0x80000AC0] -> 0x1073
mem[X,0x80000AC2] -> 0x0031
[693] [M]: 0x80000AC0 (0x00311073) csrrw zero, fcsr, sp
CSR fcsr -> 0x00000000
CSR fcsr <- 0x00000000 (input: 0x00000000)


mem[X,0x80000AC4] -> 0x7FD3
mem[X,0x80000AC6] -> 0x0DDF
[694] [M]: 0x80000AC4 (0x0DDF7FD3) fsub.h ft11, ft10, ft9, dyn
f31 <- 0xFFFFFFFFFFFF7E00


mem[X,0x80000AC8] -> 0x2273
mem[X,0x80000ACA] -> 0x0030
[695] [M]: 0x80000AC8 (0x00302273) csrrs tp, fcsr, zero
CSR fcsr -> 0x00000000
x4 <- 0x00000000


mem[X,0x80000ACC] -> 0xA427
mem[X,0x80000ACE] -> 0x27F0
[696] [M]: 0x80000ACC (0x27F0A427) fsw ft11, 616(ra)
mem[0x80003A7C] <- 0xFFFF7E00


mem[X,0x80000AD0] -> 0xA623
mem[X,0x80000AD2] -> 0x2640
[697] [M]: 0x80000AD0 (0x2640A623) sw tp, 620(ra)
mem[0x80003A80] <- 0x00000000


mem[X,0x80000AD4] -> 0xAF07
mem[X,0x80000AD6] -> 0x2701
[698] [M]: 0x80000AD4 (0x2701AF07) flw ft10, 624(gp)
mem[R,0x80003280] -> 0x0000796C
f30 <- 0xFFFFFFFF0000796C


mem[X,0x80000AD8] -> 0xAE87
mem[X,0x80000ADA] -> 0x2741
[699] [M]: 0x80000AD8 (0x2741AE87) flw ft9, 628(gp)
mem[R,0x80003284] -> 0x0000796C
f29 <- 0xFFFFFFFF0000796C


clint::tick mtime <- 0x0000000000000007
 clint timer pending at mtime 0x0000000000000007
htif::tick 0x0000000000000000
mem[X,0x80000ADC] -> 0x0113
mem[X,0x80000ADE] -> 0x0000
[700] [M]: 0x80000ADC (0x00000113) addi sp, zero, 0
x2 <- 0x00000000


mem[X,0x80000AE0] -> 0x1073
mem[X,0x80000AE2] -> 0x0031
[701] [M]: 0x80000AE0 (0x00311073) csrrw zero, fcsr, sp
CSR fcsr -> 0x00000000
CSR fcsr <- 0x00000000 (input: 0x00000000)


mem[X,0x80000AE4] -> 0x7FD3
mem[X,0x80000AE6] -> 0x0DDF
[702] [M]: 0x80000AE4 (0x0DDF7FD3) fsub.h ft11, ft10, ft9, dyn
f31 <- 0xFFFFFFFFFFFF7E00


mem[X,0x80000AE8] -> 0x2273
mem[X,0x80000AEA] -> 0x0030
[703] [M]: 0x80000AE8 (0x00302273) csrrs tp, fcsr, zero
CSR fcsr -> 0x00000000
x4 <- 0x00000000


mem[X,0x80000AEC] -> 0xA827
mem[X,0x80000AEE] -> 0x27F0
[704] [M]: 0x80000AEC (0x27F0A827) fsw ft11, 624(ra)
mem[0x80003A84] <- 0xFFFF7E00


mem[X,0x80000AF0] -> 0xAA23
mem[X,0x80000AF2] -> 0x2640
[705] [M]: 0x80000AF0 (0x2640AA23) sw tp, 628(ra)
mem[0x80003A88] <- 0x00000000


mem[X,0x80000AF4] -> 0xAF07
mem[X,0x80000AF6] -> 0x2781
[706] [M]: 0x80000AF4 (0x2781AF07) flw ft10, 632(gp)
mem[R,0x80003288] -> 0x0000730E
f30 <- 0xFFFFFFFF0000730E


mem[X,0x80000AF8] -> 0xAE87
mem[X,0x80000AFA] -> 0x27C1
[707] [M]: 0x80000AF8 (0x27C1AE87) flw ft9, 636(gp)
mem[R,0x8000328C] -> 0x0000730E
f29 <- 0xFFFFFFFF0000730E


mem[X,0x80000AFC] -> 0x0113
mem[X,0x80000AFE] -> 0x0000
[708] [M]: 0x80000AFC (0x00000113) addi sp, zero, 0
x2 <- 0x00000000


mem[X,0x80000B00] -> 0x1073
mem[X,0x80000B02] -> 0x0031
[709] [M]: 0x80000B00 (0x00311073) csrrw zero, fcsr, sp
CSR fcsr -> 0x00000000
CSR fcsr <- 0x00000000 (input: 0x00000000)


mem[X,0x80000B04] -> 0x7FD3
mem[X,0x80000B06] -> 0x0DDF
[710] [M]: 0x80000B04 (0x0DDF7FD3) fsub.h ft11, ft10, ft9, dyn
f31 <- 0xFFFFFFFFFFFF7E00


mem[X,0x80000B08] -> 0x2273
mem[X,0x80000B0A] -> 0x0030
[711] [M]: 0x80000B08 (0x00302273) csrrs tp, fcsr, zero
CSR fcsr -> 0x00000000
x4 <- 0x00000000


mem[X,0x80000B0C] -> 0xAC27
mem[X,0x80000B0E] -> 0x27F0
[712] [M]: 0x80000B0C (0x27F0AC27) fsw ft11, 632(ra)
mem[0x80003A8C] <- 0xFFFF7E00


mem[X,0x80000B10] -> 0xAE23
mem[X,0x80000B12] -> 0x2640
[713] [M]: 0x80000B10 (0x2640AE23) sw tp, 636(ra)
mem[0x80003A90] <- 0x00000000


mem[X,0x80000B14] -> 0xAF07
mem[X,0x80000B16] -> 0x2801
[714] [M]: 0x80000B14 (0x2801AF07) flw ft10, 640(gp)
mem[R,0x80003290] -> 0x00007A61
f30 <- 0xFFFFFFFF00007A61


mem[X,0x80000B18] -> 0xAE87
mem[X,0x80000B1A] -> 0x2841
[715] [M]: 0x80000B18 (0x2841AE87) flw ft9, 644(gp)
mem[R,0x80003294] -> 0x00007A61
f29 <- 0xFFFFFFFF00007A61


mem[X,0x80000B1C] -> 0x0113
mem[X,0x80000B1E] -> 0x0000
[716] [M]: 0x80000B1C (0x00000113) addi sp, zero, 0
x2 <- 0x00000000


mem[X,0x80000B20] -> 0x1073
mem[X,0x80000B22] -> 0x0031
[717] [M]: 0x80000B20 (0x00311073) csrrw zero, fcsr, sp
CSR fcsr -> 0x00000000
CSR fcsr <- 0x00000000 (input: 0x00000000)


mem[X,0x80000B24] -> 0x7FD3
mem[X,0x80000B26] -> 0x0DDF
[718] [M]: 0x80000B24 (0x0DDF7FD3) fsub.h ft11, ft10, ft9, dyn
f31 <- 0xFFFFFFFFFFFF7E00


mem[X,0x80000B28] -> 0x2273
mem[X,0x80000B2A] -> 0x0030
[719] [M]: 0x80000B28 (0x00302273) csrrs tp, fcsr, zero
CSR fcsr -> 0x00000000
x4 <- 0x00000000


mem[X,0x80000B2C] -> 0xA027
mem[X,0x80000B2E] -> 0x29F0
[720] [M]: 0x80000B2C (0x29F0A027) fsw ft11, 640(ra)
mem[0x80003A94] <- 0xFFFF7E00


mem[X,0x80000B30] -> 0xA223
mem[X,0x80000B32] -> 0x2840
[721] [M]: 0x80000B30 (0x2840A223) sw tp, 644(ra)
mem[0x80003A98] <- 0x00000000


mem[X,0x80000B34] -> 0xAF07
mem[X,0x80000B36] -> 0x2881
[722] [M]: 0x80000B34 (0x2881AF07) flw ft10, 648(gp)
mem[R,0x80003298] -> 0x00007323
f30 <- 0xFFFFFFFF00007323


mem[X,0x80000B38] -> 0xAE87
mem[X,0x80000B3A] -> 0x28C1
[723] [M]: 0x80000B38 (0x28C1AE87) flw ft9, 652(gp)
mem[R,0x8000329C] -> 0x00007323
f29 <- 0xFFFFFFFF00007323


mem[X,0x80000B3C] -> 0x0113
mem[X,0x80000B3E] -> 0x0000
[724] [M]: 0x80000B3C (0x00000113) addi sp, zero, 0
x2 <- 0x00000000


mem[X,0x80000B40] -> 0x1073
mem[X,0x80000B42] -> 0x0031
[725] [M]: 0x80000B40 (0x00311073) csrrw zero, fcsr, sp
CSR fcsr -> 0x00000000
CSR fcsr <- 0x00000000 (input: 0x00000000)


mem[X,0x80000B44] -> 0x7FD3
mem[X,0x80000B46] -> 0x0DDF
[726] [M]: 0x80000B44 (0x0DDF7FD3) fsub.h ft11, ft10, ft9, dyn
f31 <- 0xFFFFFFFFFFFF7E00


mem[X,0x80000B48] -> 0x2273
mem[X,0x80000B4A] -> 0x0030
[727] [M]: 0x80000B48 (0x00302273) csrrs tp, fcsr, zero
CSR fcsr -> 0x00000000
x4 <- 0x00000000


mem[X,0x80000B4C] -> 0xA427
mem[X,0x80000B4E] -> 0x29F0
[728] [M]: 0x80000B4C (0x29F0A427) fsw ft11, 648(ra)
mem[0x80003A9C] <- 0xFFFF7E00


mem[X,0x80000B50] -> 0xA623
mem[X,0x80000B52] -> 0x2840
[729] [M]: 0x80000B50 (0x2840A623) sw tp, 652(ra)
mem[0x80003AA0] <- 0x00000000


mem[X,0x80000B54] -> 0xAF07
mem[X,0x80000B56] -> 0x2901
[730] [M]: 0x80000B54 (0x2901AF07) flw ft10, 656(gp)
mem[R,0x800032A0] -> 0x00007650
f30 <- 0xFFFFFFFF00007650


mem[X,0x80000B58] -> 0xAE87
mem[X,0x80000B5A] -> 0x2941
[731] [M]: 0x80000B58 (0x2941AE87) flw ft9, 660(gp)
mem[R,0x800032A4] -> 0x00007650
f29 <- 0xFFFFFFFF00007650


mem[X,0x80000B5C] -> 0x0113
mem[X,0x80000B5E] -> 0x0000
[732] [M]: 0x80000B5C (0x00000113) addi sp, zero, 0
x2 <- 0x00000000


mem[X,0x80000B60] -> 0x1073
mem[X,0x80000B62] -> 0x0031
[733] [M]: 0x80000B60 (0x00311073) csrrw zero, fcsr, sp
CSR fcsr -> 0x00000000
CSR fcsr <- 0x00000000 (input: 0x00000000)


mem[X,0x80000B64] -> 0x7FD3
mem[X,0x80000B66] -> 0x0DDF
[734] [M]: 0x80000B64 (0x0DDF7FD3) fsub.h ft11, ft10, ft9, dyn
f31 <- 0xFFFFFFFFFFFF7E00


mem[X,0x80000B68] -> 0x2273
mem[X,0x80000B6A] -> 0x0030
[735] [M]: 0x80000B68 (0x00302273) csrrs tp, fcsr, zero
CSR fcsr -> 0x00000000
x4 <- 0x00000000


mem[X,0x80000B6C] -> 0xA827
mem[X,0x80000B6E] -> 0x29F0
[736] [M]: 0x80000B6C (0x29F0A827) fsw ft11, 656(ra)
mem[0x80003AA4] <- 0xFFFF7E00


mem[X,0x80000B70] -> 0xAA23
mem[X,0x80000B72] -> 0x2840
[737] [M]: 0x80000B70 (0x2840AA23) sw tp, 660(ra)
mem[0x80003AA8] <- 0x00000000


mem[X,0x80000B74] -> 0xAF07
mem[X,0x80000B76] -> 0x2981
[738] [M]: 0x80000B74 (0x2981AF07) flw ft10, 664(gp)
mem[R,0x800032A8] -> 0x00007523
f30 <- 0xFFFFFFFF00007523


mem[X,0x80000B78] -> 0xAE87
mem[X,0x80000B7A] -> 0x29C1
[739] [M]: 0x80000B78 (0x29C1AE87) flw ft9, 668(gp)
mem[R,0x800032AC] -> 0x00007523
f29 <- 0xFFFFFFFF00007523


mem[X,0x80000B7C] -> 0x0113
mem[X,0x80000B7E] -> 0x0000
[740] [M]: 0x80000B7C (0x00000113) addi sp, zero, 0
x2 <- 0x00000000


mem[X,0x80000B80] -> 0x1073
mem[X,0x80000B82] -> 0x0031
[741] [M]: 0x80000B80 (0x00311073) csrrw zero, fcsr, sp
CSR fcsr -> 0x00000000
CSR fcsr <- 0x00000000 (input: 0x00000000)


mem[X,0x80000B84] -> 0x7FD3
mem[X,0x80000B86] -> 0x0DDF
[742] [M]: 0x80000B84 (0x0DDF7FD3) fsub.h ft11, ft10, ft9, dyn
f31 <- 0xFFFFFFFFFFFF7E00


mem[X,0x80000B88] -> 0x2273
mem[X,0x80000B8A] -> 0x0030
[743] [M]: 0x80000B88 (0x00302273) csrrs tp, fcsr, zero
CSR fcsr -> 0x00000000
x4 <- 0x00000000


mem[X,0x80000B8C] -> 0xAC27
mem[X,0x80000B8E] -> 0x29F0
[744] [M]: 0x80000B8C (0x29F0AC27) fsw ft11, 664(ra)
mem[0x80003AAC] <- 0xFFFF7E00


mem[X,0x80000B90] -> 0xAE23
mem[X,0x80000B92] -> 0x2840
[745] [M]: 0x80000B90 (0x2840AE23) sw tp, 668(ra)
mem[0x80003AB0] <- 0x00000000


mem[X,0x80000B94] -> 0xAF07
mem[X,0x80000B96] -> 0x2A01
[746] [M]: 0x80000B94 (0x2A01AF07) flw ft10, 672(gp)
mem[R,0x800032B0] -> 0x00006B85
f30 <- 0xFFFFFFFF00006B85


mem[X,0x80000B98] -> 0xAE87
mem[X,0x80000B9A] -> 0x2A41
[747] [M]: 0x80000B98 (0x2A41AE87) flw ft9, 676(gp)
mem[R,0x800032B4] -> 0x00006B85
f29 <- 0xFFFFFFFF00006B85


mem[X,0x80000B9C] -> 0x0113
mem[X,0x80000B9E] -> 0x0000
[748] [M]: 0x80000B9C (0x00000113) addi sp, zero, 0
x2 <- 0x00000000


mem[X,0x80000BA0] -> 0x1073
mem[X,0x80000BA2] -> 0x0031
[749] [M]: 0x80000BA0 (0x00311073) csrrw zero, fcsr, sp
CSR fcsr -> 0x00000000
CSR fcsr <- 0x00000000 (input: 0x00000000)


mem[X,0x80000BA4] -> 0x7FD3
mem[X,0x80000BA6] -> 0x0DDF
[750] [M]: 0x80000BA4 (0x0DDF7FD3) fsub.h ft11, ft10, ft9, dyn
f31 <- 0xFFFFFFFFFFFF7E00


mem[X,0x80000BA8] -> 0x2273
mem[X,0x80000BAA] -> 0x0030
[751] [M]: 0x80000BA8 (0x00302273) csrrs tp, fcsr, zero
CSR fcsr -> 0x00000000
x4 <- 0x00000000


mem[X,0x80000BAC] -> 0xA027
mem[X,0x80000BAE] -> 0x2BF0
[752] [M]: 0x80000BAC (0x2BF0A027) fsw ft11, 672(ra)
mem[0x80003AB4] <- 0xFFFF7E00


mem[X,0x80000BB0] -> 0xA223
mem[X,0x80000BB2] -> 0x2A40
[753] [M]: 0x80000BB0 (0x2A40A223) sw tp, 676(ra)
mem[0x80003AB8] <- 0x00000000


mem[X,0x80000BB4] -> 0xAF07
mem[X,0x80000BB6] -> 0x2A81
[754] [M]: 0x80000BB4 (0x2A81AF07) flw ft10, 680(gp)
mem[R,0x800032B8] -> 0x00007BBD
f30 <- 0xFFFFFFFF00007BBD


mem[X,0x80000BB8] -> 0xAE87
mem[X,0x80000BBA] -> 0x2AC1
[755] [M]: 0x80000BB8 (0x2AC1AE87) flw ft9, 684(gp)
mem[R,0x800032BC] -> 0x00007BBD
f29 <- 0xFFFFFFFF00007BBD


mem[X,0x80000BBC] -> 0x0113
mem[X,0x80000BBE] -> 0x0000
[756] [M]: 0x80000BBC (0x00000113) addi sp, zero, 0
x2 <- 0x00000000


mem[X,0x80000BC0] -> 0x1073
mem[X,0x80000BC2] -> 0x0031
[757] [M]: 0x80000BC0 (0x00311073) csrrw zero, fcsr, sp
CSR fcsr -> 0x00000000
CSR fcsr <- 0x00000000 (input: 0x00000000)


mem[X,0x80000BC4] -> 0x7FD3
mem[X,0x80000BC6] -> 0x0DDF
[758] [M]: 0x80000BC4 (0x0DDF7FD3) fsub.h ft11, ft10, ft9, dyn
f31 <- 0xFFFFFFFFFFFF7E00


mem[X,0x80000BC8] -> 0x2273
mem[X,0x80000BCA] -> 0x0030
[759] [M]: 0x80000BC8 (0x00302273) csrrs tp, fcsr, zero
CSR fcsr -> 0x00000000
x4 <- 0x00000000


mem[X,0x80000BCC] -> 0xA427
mem[X,0x80000BCE] -> 0x2BF0
[760] [M]: 0x80000BCC (0x2BF0A427) fsw ft11, 680(ra)
mem[0x80003ABC] <- 0xFFFF7E00


mem[X,0x80000BD0] -> 0xA623
mem[X,0x80000BD2] -> 0x2A40
[761] [M]: 0x80000BD0 (0x2A40A623) sw tp, 684(ra)
mem[0x80003AC0] <- 0x00000000


mem[X,0x80000BD4] -> 0xAF07
mem[X,0x80000BD6] -> 0x2B01
[762] [M]: 0x80000BD4 (0x2B01AF07) flw ft10, 688(gp)
mem[R,0x800032C0] -> 0x000074E6
f30 <- 0xFFFFFFFF000074E6


mem[X,0x80000BD8] -> 0xAE87
mem[X,0x80000BDA] -> 0x2B41
[763] [M]: 0x80000BD8 (0x2B41AE87) flw ft9, 692(gp)
mem[R,0x800032C4] -> 0x000074E6
f29 <- 0xFFFFFFFF000074E6


mem[X,0x80000BDC] -> 0x0113
mem[X,0x80000BDE] -> 0x0000
[764] [M]: 0x80000BDC (0x00000113) addi sp, zero, 0
x2 <- 0x00000000


mem[X,0x80000BE0] -> 0x1073
mem[X,0x80000BE2] -> 0x0031
[765] [M]: 0x80000BE0 (0x00311073) csrrw zero, fcsr, sp
CSR fcsr -> 0x00000000
CSR fcsr <- 0x00000000 (input: 0x00000000)


mem[X,0x80000BE4] -> 0x7FD3
mem[X,0x80000BE6] -> 0x0DDF
[766] [M]: 0x80000BE4 (0x0DDF7FD3) fsub.h ft11, ft10, ft9, dyn
f31 <- 0xFFFFFFFFFFFF7E00


mem[X,0x80000BE8] -> 0x2273
mem[X,0x80000BEA] -> 0x0030
[767] [M]: 0x80000BE8 (0x00302273) csrrs tp, fcsr, zero
CSR fcsr -> 0x00000000
x4 <- 0x00000000


mem[X,0x80000BEC] -> 0xA827
mem[X,0x80000BEE] -> 0x2BF0
[768] [M]: 0x80000BEC (0x2BF0A827) fsw ft11, 688(ra)
mem[0x80003AC4] <- 0xFFFF7E00


mem[X,0x80000BF0] -> 0xAA23
mem[X,0x80000BF2] -> 0x2A40
[769] [M]: 0x80000BF0 (0x2A40AA23) sw tp, 692(ra)
mem[0x80003AC8] <- 0x00000000


mem[X,0x80000BF4] -> 0xAF07
mem[X,0x80000BF6] -> 0x2B81
[770] [M]: 0x80000BF4 (0x2B81AF07) flw ft10, 696(gp)
mem[R,0x800032C8] -> 0x000074F6
f30 <- 0xFFFFFFFF000074F6


mem[X,0x80000BF8] -> 0xAE87
mem[X,0x80000BFA] -> 0x2BC1
[771] [M]: 0x80000BF8 (0x2BC1AE87) flw ft9, 700(gp)
mem[R,0x800032CC] -> 0x000074F6
f29 <- 0xFFFFFFFF000074F6


mem[X,0x80000BFC] -> 0x0113
mem[X,0x80000BFE] -> 0x0000
[772] [M]: 0x80000BFC (0x00000113) addi sp, zero, 0
x2 <- 0x00000000


mem[X,0x80000C00] -> 0x1073
mem[X,0x80000C02] -> 0x0031
[773] [M]: 0x80000C00 (0x00311073) csrrw zero, fcsr, sp
CSR fcsr -> 0x00000000
CSR fcsr <- 0x00000000 (input: 0x00000000)


mem[X,0x80000C04] -> 0x7FD3
mem[X,0x80000C06] -> 0x0DDF
[774] [M]: 0x80000C04 (0x0DDF7FD3) fsub.h ft11, ft10, ft9, dyn
f31 <- 0xFFFFFFFFFFFF7E00


mem[X,0x80000C08] -> 0x2273
mem[X,0x80000C0A] -> 0x0030
[775] [M]: 0x80000C08 (0x00302273) csrrs tp, fcsr, zero
CSR fcsr -> 0x00000000
x4 <- 0x00000000


mem[X,0x80000C0C] -> 0xAC27
mem[X,0x80000C0E] -> 0x2BF0
[776] [M]: 0x80000C0C (0x2BF0AC27) fsw ft11, 696(ra)
mem[0x80003ACC] <- 0xFFFF7E00


mem[X,0x80000C10] -> 0xAE23
mem[X,0x80000C12] -> 0x2A40
[777] [M]: 0x80000C10 (0x2A40AE23) sw tp, 700(ra)
mem[0x80003AD0] <- 0x00000000


mem[X,0x80000C14] -> 0xAF07
mem[X,0x80000C16] -> 0x2C01
[778] [M]: 0x80000C14 (0x2C01AF07) flw ft10, 704(gp)
mem[R,0x800032D0] -> 0x000079F2
f30 <- 0xFFFFFFFF000079F2


mem[X,0x80000C18] -> 0xAE87
mem[X,0x80000C1A] -> 0x2C41
[779] [M]: 0x80000C18 (0x2C41AE87) flw ft9, 708(gp)
mem[R,0x800032D4] -> 0x000079F2
f29 <- 0xFFFFFFFF000079F2


mem[X,0x80000C1C] -> 0x0113
mem[X,0x80000C1E] -> 0x0000
[780] [M]: 0x80000C1C (0x00000113) addi sp, zero, 0
x2 <- 0x00000000


mem[X,0x80000C20] -> 0x1073
mem[X,0x80000C22] -> 0x0031
[781] [M]: 0x80000C20 (0x00311073) csrrw zero, fcsr, sp
CSR fcsr -> 0x00000000
CSR fcsr <- 0x00000000 (input: 0x00000000)


mem[X,0x80000C24] -> 0x7FD3
mem[X,0x80000C26] -> 0x0DDF
[782] [M]: 0x80000C24 (0x0DDF7FD3) fsub.h ft11, ft10, ft9, dyn
f31 <- 0xFFFFFFFFFFFF7E00


mem[X,0x80000C28] -> 0x2273
mem[X,0x80000C2A] -> 0x0030
[783] [M]: 0x80000C28 (0x00302273) csrrs tp, fcsr, zero
CSR fcsr -> 0x00000000
x4 <- 0x00000000


mem[X,0x80000C2C] -> 0xA027
mem[X,0x80000C2E] -> 0x2DF0
[784] [M]: 0x80000C2C (0x2DF0A027) fsw ft11, 704(ra)
mem[0x80003AD4] <- 0xFFFF7E00


mem[X,0x80000C30] -> 0xA223
mem[X,0x80000C32] -> 0x2C40
[785] [M]: 0x80000C30 (0x2C40A223) sw tp, 708(ra)
mem[0x80003AD8] <- 0x00000000


mem[X,0x80000C34] -> 0xAF07
mem[X,0x80000C36] -> 0x2C81
[786] [M]: 0x80000C34 (0x2C81AF07) flw ft10, 712(gp)
mem[R,0x800032D8] -> 0x00007409
f30 <- 0xFFFFFFFF00007409


mem[X,0x80000C38] -> 0xAE87
mem[X,0x80000C3A] -> 0x2CC1
[787] [M]: 0x80000C38 (0x2CC1AE87) flw ft9, 716(gp)
mem[R,0x800032DC] -> 0x00007409
f29 <- 0xFFFFFFFF00007409


mem[X,0x80000C3C] -> 0x0113
mem[X,0x80000C3E] -> 0x0000
[788] [M]: 0x80000C3C (0x00000113) addi sp, zero, 0
x2 <- 0x00000000


mem[X,0x80000C40] -> 0x1073
mem[X,0x80000C42] -> 0x0031
[789] [M]: 0x80000C40 (0x00311073) csrrw zero, fcsr, sp
CSR fcsr -> 0x00000000
CSR fcsr <- 0x00000000 (input: 0x00000000)


mem[X,0x80000C44] -> 0x7FD3
mem[X,0x80000C46] -> 0x0DDF
[790] [M]: 0x80000C44 (0x0DDF7FD3) fsub.h ft11, ft10, ft9, dyn
f31 <- 0xFFFFFFFFFFFF7E00


mem[X,0x80000C48] -> 0x2273
mem[X,0x80000C4A] -> 0x0030
[791] [M]: 0x80000C48 (0x00302273) csrrs tp, fcsr, zero
CSR fcsr -> 0x00000000
x4 <- 0x00000000


mem[X,0x80000C4C] -> 0xA427
mem[X,0x80000C4E] -> 0x2DF0
[792] [M]: 0x80000C4C (0x2DF0A427) fsw ft11, 712(ra)
mem[0x80003ADC] <- 0xFFFF7E00


mem[X,0x80000C50] -> 0xA623
mem[X,0x80000C52] -> 0x2C40
[793] [M]: 0x80000C50 (0x2C40A623) sw tp, 716(ra)
mem[0x80003AE0] <- 0x00000000


mem[X,0x80000C54] -> 0xAF07
mem[X,0x80000C56] -> 0x2D01
[794] [M]: 0x80000C54 (0x2D01AF07) flw ft10, 720(gp)
mem[R,0x800032E0] -> 0x00007B06
f30 <- 0xFFFFFFFF00007B06


mem[X,0x80000C58] -> 0xAE87
mem[X,0x80000C5A] -> 0x2D41
[795] [M]: 0x80000C58 (0x2D41AE87) flw ft9, 724(gp)
mem[R,0x800032E4] -> 0x00007B06
f29 <- 0xFFFFFFFF00007B06


mem[X,0x80000C5C] -> 0x0113
mem[X,0x80000C5E] -> 0x0000
[796] [M]: 0x80000C5C (0x00000113) addi sp, zero, 0
x2 <- 0x00000000


mem[X,0x80000C60] -> 0x1073
mem[X,0x80000C62] -> 0x0031
[797] [M]: 0x80000C60 (0x00311073) csrrw zero, fcsr, sp
CSR fcsr -> 0x00000000
CSR fcsr <- 0x00000000 (input: 0x00000000)


mem[X,0x80000C64] -> 0x7FD3
mem[X,0x80000C66] -> 0x0DDF
[798] [M]: 0x80000C64 (0x0DDF7FD3) fsub.h ft11, ft10, ft9, dyn
f31 <- 0xFFFFFFFFFFFF7E00


mem[X,0x80000C68] -> 0x2273
mem[X,0x80000C6A] -> 0x0030
[799] [M]: 0x80000C68 (0x00302273) csrrs tp, fcsr, zero
CSR fcsr -> 0x00000000
x4 <- 0x00000000


clint::tick mtime <- 0x0000000000000008
 clint timer pending at mtime 0x0000000000000008
htif::tick 0x0000000000000000
mem[X,0x80000C6C] -> 0xA827
mem[X,0x80000C6E] -> 0x2DF0
[800] [M]: 0x80000C6C (0x2DF0A827) fsw ft11, 720(ra)
mem[0x80003AE4] <- 0xFFFF7E00


mem[X,0x80000C70] -> 0xAA23
mem[X,0x80000C72] -> 0x2C40
[801] [M]: 0x80000C70 (0x2C40AA23) sw tp, 724(ra)
mem[0x80003AE8] <- 0x00000000


mem[X,0x80000C74] -> 0xAF07
mem[X,0x80000C76] -> 0x2D81
[802] [M]: 0x80000C74 (0x2D81AF07) flw ft10, 728(gp)
mem[R,0x800032E8] -> 0x00007A8D
f30 <- 0xFFFFFFFF00007A8D


mem[X,0x80000C78] -> 0xAE87
mem[X,0x80000C7A] -> 0x2DC1
[803] [M]: 0x80000C78 (0x2DC1AE87) flw ft9, 732(gp)
mem[R,0x800032EC] -> 0x00007A8D
f29 <- 0xFFFFFFFF00007A8D


mem[X,0x80000C7C] -> 0x0113
mem[X,0x80000C7E] -> 0x0000
[804] [M]: 0x80000C7C (0x00000113) addi sp, zero, 0
x2 <- 0x00000000


mem[X,0x80000C80] -> 0x1073
mem[X,0x80000C82] -> 0x0031
[805] [M]: 0x80000C80 (0x00311073) csrrw zero, fcsr, sp
CSR fcsr -> 0x00000000
CSR fcsr <- 0x00000000 (input: 0x00000000)


mem[X,0x80000C84] -> 0x7FD3
mem[X,0x80000C86] -> 0x0DDF
[806] [M]: 0x80000C84 (0x0DDF7FD3) fsub.h ft11, ft10, ft9, dyn
f31 <- 0xFFFFFFFFFFFF7E00


mem[X,0x80000C88] -> 0x2273
mem[X,0x80000C8A] -> 0x0030
[807] [M]: 0x80000C88 (0x00302273) csrrs tp, fcsr, zero
CSR fcsr -> 0x00000000
x4 <- 0x00000000


mem[X,0x80000C8C] -> 0xAC27
mem[X,0x80000C8E] -> 0x2DF0
[808] [M]: 0x80000C8C (0x2DF0AC27) fsw ft11, 728(ra)
mem[0x80003AEC] <- 0xFFFF7E00


mem[X,0x80000C90] -> 0xAE23
mem[X,0x80000C92] -> 0x2C40
[809] [M]: 0x80000C90 (0x2C40AE23) sw tp, 732(ra)
mem[0x80003AF0] <- 0x00000000


mem[X,0x80000C94] -> 0xAF07
mem[X,0x80000C96] -> 0x2E01
[810] [M]: 0x80000C94 (0x2E01AF07) flw ft10, 736(gp)
mem[R,0x800032F0] -> 0x0000788F
f30 <- 0xFFFFFFFF0000788F


mem[X,0x80000C98] -> 0xAE87
mem[X,0x80000C9A] -> 0x2E41
[811] [M]: 0x80000C98 (0x2E41AE87) flw ft9, 740(gp)
mem[R,0x800032F4] -> 0x0000788F
f29 <- 0xFFFFFFFF0000788F


mem[X,0x80000C9C] -> 0x0113
mem[X,0x80000C9E] -> 0x0000
[812] [M]: 0x80000C9C (0x00000113) addi sp, zero, 0
x2 <- 0x00000000


mem[X,0x80000CA0] -> 0x1073
mem[X,0x80000CA2] -> 0x0031
[813] [M]: 0x80000CA0 (0x00311073) csrrw zero, fcsr, sp
CSR fcsr -> 0x00000000
CSR fcsr <- 0x00000000 (input: 0x00000000)


mem[X,0x80000CA4] -> 0x7FD3
mem[X,0x80000CA6] -> 0x0DDF
[814] [M]: 0x80000CA4 (0x0DDF7FD3) fsub.h ft11, ft10, ft9, dyn
f31 <- 0xFFFFFFFFFFFF7E00


mem[X,0x80000CA8] -> 0x2273
mem[X,0x80000CAA] -> 0x0030
[815] [M]: 0x80000CA8 (0x00302273) csrrs tp, fcsr, zero
CSR fcsr -> 0x00000000
x4 <- 0x00000000


mem[X,0x80000CAC] -> 0xA027
mem[X,0x80000CAE] -> 0x2FF0
[816] [M]: 0x80000CAC (0x2FF0A027) fsw ft11, 736(ra)
mem[0x80003AF4] <- 0xFFFF7E00


mem[X,0x80000CB0] -> 0xA223
mem[X,0x80000CB2] -> 0x2E40
[817] [M]: 0x80000CB0 (0x2E40A223) sw tp, 740(ra)
mem[0x80003AF8] <- 0x00000000


mem[X,0x80000CB4] -> 0xAF07
mem[X,0x80000CB6] -> 0x2E81
[818] [M]: 0x80000CB4 (0x2E81AF07) flw ft10, 744(gp)
mem[R,0x800032F8] -> 0x00007AF0
f30 <- 0xFFFFFFFF00007AF0


mem[X,0x80000CB8] -> 0xAE87
mem[X,0x80000CBA] -> 0x2EC1
[819] [M]: 0x80000CB8 (0x2EC1AE87) flw ft9, 748(gp)
mem[R,0x800032FC] -> 0x00007AF0
f29 <- 0xFFFFFFFF00007AF0


mem[X,0x80000CBC] -> 0x0113
mem[X,0x80000CBE] -> 0x0000
[820] [M]: 0x80000CBC (0x00000113) addi sp, zero, 0
x2 <- 0x00000000


mem[X,0x80000CC0] -> 0x1073
mem[X,0x80000CC2] -> 0x0031
[821] [M]: 0x80000CC0 (0x00311073) csrrw zero, fcsr, sp
CSR fcsr -> 0x00000000
CSR fcsr <- 0x00000000 (input: 0x00000000)


mem[X,0x80000CC4] -> 0x7FD3
mem[X,0x80000CC6] -> 0x0DDF
[822] [M]: 0x80000CC4 (0x0DDF7FD3) fsub.h ft11, ft10, ft9, dyn
f31 <- 0xFFFFFFFFFFFF7E00


mem[X,0x80000CC8] -> 0x2273
mem[X,0x80000CCA] -> 0x0030
[823] [M]: 0x80000CC8 (0x00302273) csrrs tp, fcsr, zero
CSR fcsr -> 0x00000000
x4 <- 0x00000000


mem[X,0x80000CCC] -> 0xA427
mem[X,0x80000CCE] -> 0x2FF0
[824] [M]: 0x80000CCC (0x2FF0A427) fsw ft11, 744(ra)
mem[0x80003AFC] <- 0xFFFF7E00


mem[X,0x80000CD0] -> 0xA623
mem[X,0x80000CD2] -> 0x2E40
[825] [M]: 0x80000CD0 (0x2E40A623) sw tp, 748(ra)
mem[0x80003B00] <- 0x00000000


mem[X,0x80000CD4] -> 0xAF07
mem[X,0x80000CD6] -> 0x2F01
[826] [M]: 0x80000CD4 (0x2F01AF07) flw ft10, 752(gp)
mem[R,0x80003300] -> 0x000079A1
f30 <- 0xFFFFFFFF000079A1


mem[X,0x80000CD8] -> 0xAE87
mem[X,0x80000CDA] -> 0x2F41
[827] [M]: 0x80000CD8 (0x2F41AE87) flw ft9, 756(gp)
mem[R,0x80003304] -> 0x000079A1
f29 <- 0xFFFFFFFF000079A1


mem[X,0x80000CDC] -> 0x0113
mem[X,0x80000CDE] -> 0x0000
[828] [M]: 0x80000CDC (0x00000113) addi sp, zero, 0
x2 <- 0x00000000


mem[X,0x80000CE0] -> 0x1073
mem[X,0x80000CE2] -> 0x0031
[829] [M]: 0x80000CE0 (0x00311073) csrrw zero, fcsr, sp
CSR fcsr -> 0x00000000
CSR fcsr <- 0x00000000 (input: 0x00000000)


mem[X,0x80000CE4] -> 0x7FD3
mem[X,0x80000CE6] -> 0x0DDF
[830] [M]: 0x80000CE4 (0x0DDF7FD3) fsub.h ft11, ft10, ft9, dyn
f31 <- 0xFFFFFFFFFFFF7E00


mem[X,0x80000CE8] -> 0x2273
mem[X,0x80000CEA] -> 0x0030
[831] [M]: 0x80000CE8 (0x00302273) csrrs tp, fcsr, zero
CSR fcsr -> 0x00000000
x4 <- 0x00000000


mem[X,0x80000CEC] -> 0xA827
mem[X,0x80000CEE] -> 0x2FF0
[832] [M]: 0x80000CEC (0x2FF0A827) fsw ft11, 752(ra)
mem[0x80003B04] <- 0xFFFF7E00


mem[X,0x80000CF0] -> 0xAA23
mem[X,0x80000CF2] -> 0x2E40
[833] [M]: 0x80000CF0 (0x2E40AA23) sw tp, 756(ra)
mem[0x80003B08] <- 0x00000000


mem[X,0x80000CF4] -> 0xAF07
mem[X,0x80000CF6] -> 0x2F81
[834] [M]: 0x80000CF4 (0x2F81AF07) flw ft10, 760(gp)
mem[R,0x80003308] -> 0x0000760B
f30 <- 0xFFFFFFFF0000760B


mem[X,0x80000CF8] -> 0xAE87
mem[X,0x80000CFA] -> 0x2FC1
[835] [M]: 0x80000CF8 (0x2FC1AE87) flw ft9, 764(gp)
mem[R,0x8000330C] -> 0x0000760B
f29 <- 0xFFFFFFFF0000760B


mem[X,0x80000CFC] -> 0x0113
mem[X,0x80000CFE] -> 0x0000
[836] [M]: 0x80000CFC (0x00000113) addi sp, zero, 0
x2 <- 0x00000000


mem[X,0x80000D00] -> 0x1073
mem[X,0x80000D02] -> 0x0031
[837] [M]: 0x80000D00 (0x00311073) csrrw zero, fcsr, sp
CSR fcsr -> 0x00000000
CSR fcsr <- 0x00000000 (input: 0x00000000)


mem[X,0x80000D04] -> 0x7FD3
mem[X,0x80000D06] -> 0x0DDF
[838] [M]: 0x80000D04 (0x0DDF7FD3) fsub.h ft11, ft10, ft9, dyn
f31 <- 0xFFFFFFFFFFFF7E00


mem[X,0x80000D08] -> 0x2273
mem[X,0x80000D0A] -> 0x0030
[839] [M]: 0x80000D08 (0x00302273) csrrs tp, fcsr, zero
CSR fcsr -> 0x00000000
x4 <- 0x00000000


mem[X,0x80000D0C] -> 0xAC27
mem[X,0x80000D0E] -> 0x2FF0
[840] [M]: 0x80000D0C (0x2FF0AC27) fsw ft11, 760(ra)
mem[0x80003B0C] <- 0xFFFF7E00


mem[X,0x80000D10] -> 0xAE23
mem[X,0x80000D12] -> 0x2E40
[841] [M]: 0x80000D10 (0x2E40AE23) sw tp, 764(ra)
mem[0x80003B10] <- 0x00000000


mem[X,0x80000D14] -> 0xAF07
mem[X,0x80000D16] -> 0x3001
[842] [M]: 0x80000D14 (0x3001AF07) flw ft10, 768(gp)
mem[R,0x80003310] -> 0x00007294
f30 <- 0xFFFFFFFF00007294


mem[X,0x80000D18] -> 0xAE87
mem[X,0x80000D1A] -> 0x3041
[843] [M]: 0x80000D18 (0x3041AE87) flw ft9, 772(gp)
mem[R,0x80003314] -> 0x00007294
f29 <- 0xFFFFFFFF00007294


mem[X,0x80000D1C] -> 0x0113
mem[X,0x80000D1E] -> 0x0000
[844] [M]: 0x80000D1C (0x00000113) addi sp, zero, 0
x2 <- 0x00000000


mem[X,0x80000D20] -> 0x1073
mem[X,0x80000D22] -> 0x0031
[845] [M]: 0x80000D20 (0x00311073) csrrw zero, fcsr, sp
CSR fcsr -> 0x00000000
CSR fcsr <- 0x00000000 (input: 0x00000000)


mem[X,0x80000D24] -> 0x7FD3
mem[X,0x80000D26] -> 0x0DDF
[846] [M]: 0x80000D24 (0x0DDF7FD3) fsub.h ft11, ft10, ft9, dyn
f31 <- 0xFFFFFFFFFFFF7E00


mem[X,0x80000D28] -> 0x2273
mem[X,0x80000D2A] -> 0x0030
[847] [M]: 0x80000D28 (0x00302273) csrrs tp, fcsr, zero
CSR fcsr -> 0x00000000
x4 <- 0x00000000


mem[X,0x80000D2C] -> 0xA027
mem[X,0x80000D2E] -> 0x31F0
[848] [M]: 0x80000D2C (0x31F0A027) fsw ft11, 768(ra)
mem[0x80003B14] <- 0xFFFF7E00


mem[X,0x80000D30] -> 0xA223
mem[X,0x80000D32] -> 0x3040
[849] [M]: 0x80000D30 (0x3040A223) sw tp, 772(ra)
mem[0x80003B18] <- 0x00000000


mem[X,0x80000D34] -> 0xAF07
mem[X,0x80000D36] -> 0x3081
[850] [M]: 0x80000D34 (0x3081AF07) flw ft10, 776(gp)
mem[R,0x80003318] -> 0x000076EC
f30 <- 0xFFFFFFFF000076EC


mem[X,0x80000D38] -> 0xAE87
mem[X,0x80000D3A] -> 0x30C1
[851] [M]: 0x80000D38 (0x30C1AE87) flw ft9, 780(gp)
mem[R,0x8000331C] -> 0x000076EC
f29 <- 0xFFFFFFFF000076EC


mem[X,0x80000D3C] -> 0x0113
mem[X,0x80000D3E] -> 0x0000
[852] [M]: 0x80000D3C (0x00000113) addi sp, zero, 0
x2 <- 0x00000000


mem[X,0x80000D40] -> 0x1073
mem[X,0x80000D42] -> 0x0031
[853] [M]: 0x80000D40 (0x00311073) csrrw zero, fcsr, sp
CSR fcsr -> 0x00000000
CSR fcsr <- 0x00000000 (input: 0x00000000)


mem[X,0x80000D44] -> 0x7FD3
mem[X,0x80000D46] -> 0x0DDF
[854] [M]: 0x80000D44 (0x0DDF7FD3) fsub.h ft11, ft10, ft9, dyn
f31 <- 0xFFFFFFFFFFFF7E00


mem[X,0x80000D48] -> 0x2273
mem[X,0x80000D4A] -> 0x0030
[855] [M]: 0x80000D48 (0x00302273) csrrs tp, fcsr, zero
CSR fcsr -> 0x00000000
x4 <- 0x00000000


mem[X,0x80000D4C] -> 0xA427
mem[X,0x80000D4E] -> 0x31F0
[856] [M]: 0x80000D4C (0x31F0A427) fsw ft11, 776(ra)
mem[0x80003B1C] <- 0xFFFF7E00


mem[X,0x80000D50] -> 0xA623
mem[X,0x80000D52] -> 0x3040
[857] [M]: 0x80000D50 (0x3040A623) sw tp, 780(ra)
mem[0x80003B20] <- 0x00000000


mem[X,0x80000D54] -> 0xAF07
mem[X,0x80000D56] -> 0x3101
[858] [M]: 0x80000D54 (0x3101AF07) flw ft10, 784(gp)
mem[R,0x80003320] -> 0x00006EAE
f30 <- 0xFFFFFFFF00006EAE


mem[X,0x80000D58] -> 0xAE87
mem[X,0x80000D5A] -> 0x3141
[859] [M]: 0x80000D58 (0x3141AE87) flw ft9, 788(gp)
mem[R,0x80003324] -> 0x00006EAE
f29 <- 0xFFFFFFFF00006EAE


mem[X,0x80000D5C] -> 0x0113
mem[X,0x80000D5E] -> 0x0000
[860] [M]: 0x80000D5C (0x00000113) addi sp, zero, 0
x2 <- 0x00000000


mem[X,0x80000D60] -> 0x1073
mem[X,0x80000D62] -> 0x0031
[861] [M]: 0x80000D60 (0x00311073) csrrw zero, fcsr, sp
CSR fcsr -> 0x00000000
CSR fcsr <- 0x00000000 (input: 0x00000000)


mem[X,0x80000D64] -> 0x7FD3
mem[X,0x80000D66] -> 0x0DDF
[862] [M]: 0x80000D64 (0x0DDF7FD3) fsub.h ft11, ft10, ft9, dyn
f31 <- 0xFFFFFFFFFFFF7E00


mem[X,0x80000D68] -> 0x2273
mem[X,0x80000D6A] -> 0x0030
[863] [M]: 0x80000D68 (0x00302273) csrrs tp, fcsr, zero
CSR fcsr -> 0x00000000
x4 <- 0x00000000


mem[X,0x80000D6C] -> 0xA827
mem[X,0x80000D6E] -> 0x31F0
[864] [M]: 0x80000D6C (0x31F0A827) fsw ft11, 784(ra)
mem[0x80003B24] <- 0xFFFF7E00


mem[X,0x80000D70] -> 0xAA23
mem[X,0x80000D72] -> 0x3040
[865] [M]: 0x80000D70 (0x3040AA23) sw tp, 788(ra)
mem[0x80003B28] <- 0x00000000


mem[X,0x80000D74] -> 0xAF07
mem[X,0x80000D76] -> 0x3181
[866] [M]: 0x80000D74 (0x3181AF07) flw ft10, 792(gp)
mem[R,0x80003328] -> 0x000074BC
f30 <- 0xFFFFFFFF000074BC


mem[X,0x80000D78] -> 0xAE87
mem[X,0x80000D7A] -> 0x31C1
[867] [M]: 0x80000D78 (0x31C1AE87) flw ft9, 796(gp)
mem[R,0x8000332C] -> 0x000074BC
f29 <- 0xFFFFFFFF000074BC


mem[X,0x80000D7C] -> 0x0113
mem[X,0x80000D7E] -> 0x0000
[868] [M]: 0x80000D7C (0x00000113) addi sp, zero, 0
x2 <- 0x00000000


mem[X,0x80000D80] -> 0x1073
mem[X,0x80000D82] -> 0x0031
[869] [M]: 0x80000D80 (0x00311073) csrrw zero, fcsr, sp
CSR fcsr -> 0x00000000
CSR fcsr <- 0x00000000 (input: 0x00000000)


mem[X,0x80000D84] -> 0x7FD3
mem[X,0x80000D86] -> 0x0DDF
[870] [M]: 0x80000D84 (0x0DDF7FD3) fsub.h ft11, ft10, ft9, dyn
f31 <- 0xFFFFFFFFFFFF7E00


mem[X,0x80000D88] -> 0x2273
mem[X,0x80000D8A] -> 0x0030
[871] [M]: 0x80000D88 (0x00302273) csrrs tp, fcsr, zero
CSR fcsr -> 0x00000000
x4 <- 0x00000000


mem[X,0x80000D8C] -> 0xAC27
mem[X,0x80000D8E] -> 0x31F0
[872] [M]: 0x80000D8C (0x31F0AC27) fsw ft11, 792(ra)
mem[0x80003B2C] <- 0xFFFF7E00


mem[X,0x80000D90] -> 0xAE23
mem[X,0x80000D92] -> 0x3040
[873] [M]: 0x80000D90 (0x3040AE23) sw tp, 796(ra)
mem[0x80003B30] <- 0x00000000


mem[X,0x80000D94] -> 0xAF07
mem[X,0x80000D96] -> 0x3201
[874] [M]: 0x80000D94 (0x3201AF07) flw ft10, 800(gp)
mem[R,0x80003330] -> 0x00007533
f30 <- 0xFFFFFFFF00007533


mem[X,0x80000D98] -> 0xAE87
mem[X,0x80000D9A] -> 0x3241
[875] [M]: 0x80000D98 (0x3241AE87) flw ft9, 804(gp)
mem[R,0x80003334] -> 0x00007533
f29 <- 0xFFFFFFFF00007533


mem[X,0x80000D9C] -> 0x0113
mem[X,0x80000D9E] -> 0x0000
[876] [M]: 0x80000D9C (0x00000113) addi sp, zero, 0
x2 <- 0x00000000


mem[X,0x80000DA0] -> 0x1073
mem[X,0x80000DA2] -> 0x0031
[877] [M]: 0x80000DA0 (0x00311073) csrrw zero, fcsr, sp
CSR fcsr -> 0x00000000
CSR fcsr <- 0x00000000 (input: 0x00000000)


mem[X,0x80000DA4] -> 0x7FD3
mem[X,0x80000DA6] -> 0x0DDF
[878] [M]: 0x80000DA4 (0x0DDF7FD3) fsub.h ft11, ft10, ft9, dyn
f31 <- 0xFFFFFFFFFFFF7E00


mem[X,0x80000DA8] -> 0x2273
mem[X,0x80000DAA] -> 0x0030
[879] [M]: 0x80000DA8 (0x00302273) csrrs tp, fcsr, zero
CSR fcsr -> 0x00000000
x4 <- 0x00000000


mem[X,0x80000DAC] -> 0xA027
mem[X,0x80000DAE] -> 0x33F0
[880] [M]: 0x80000DAC (0x33F0A027) fsw ft11, 800(ra)
mem[0x80003B34] <- 0xFFFF7E00


mem[X,0x80000DB0] -> 0xA223
mem[X,0x80000DB2] -> 0x3240
[881] [M]: 0x80000DB0 (0x3240A223) sw tp, 804(ra)
mem[0x80003B38] <- 0x00000000


mem[X,0x80000DB4] -> 0xAF07
mem[X,0x80000DB6] -> 0x3281
[882] [M]: 0x80000DB4 (0x3281AF07) flw ft10, 808(gp)
mem[R,0x80003338] -> 0x00007B31
f30 <- 0xFFFFFFFF00007B31


mem[X,0x80000DB8] -> 0xAE87
mem[X,0x80000DBA] -> 0x32C1
[883] [M]: 0x80000DB8 (0x32C1AE87) flw ft9, 812(gp)
mem[R,0x8000333C] -> 0x00007B31
f29 <- 0xFFFFFFFF00007B31


mem[X,0x80000DBC] -> 0x0113
mem[X,0x80000DBE] -> 0x0000
[884] [M]: 0x80000DBC (0x00000113) addi sp, zero, 0
x2 <- 0x00000000


mem[X,0x80000DC0] -> 0x1073
mem[X,0x80000DC2] -> 0x0031
[885] [M]: 0x80000DC0 (0x00311073) csrrw zero, fcsr, sp
CSR fcsr -> 0x00000000
CSR fcsr <- 0x00000000 (input: 0x00000000)


mem[X,0x80000DC4] -> 0x7FD3
mem[X,0x80000DC6] -> 0x0DDF
[886] [M]: 0x80000DC4 (0x0DDF7FD3) fsub.h ft11, ft10, ft9, dyn
f31 <- 0xFFFFFFFFFFFF7E00


mem[X,0x80000DC8] -> 0x2273
mem[X,0x80000DCA] -> 0x0030
[887] [M]: 0x80000DC8 (0x00302273) csrrs tp, fcsr, zero
CSR fcsr -> 0x00000000
x4 <- 0x00000000


mem[X,0x80000DCC] -> 0xA427
mem[X,0x80000DCE] -> 0x33F0
[888] [M]: 0x80000DCC (0x33F0A427) fsw ft11, 808(ra)
mem[0x80003B3C] <- 0xFFFF7E00


mem[X,0x80000DD0] -> 0xA623
mem[X,0x80000DD2] -> 0x3240
[889] [M]: 0x80000DD0 (0x3240A623) sw tp, 812(ra)
mem[0x80003B40] <- 0x00000000


mem[X,0x80000DD4] -> 0xAF07
mem[X,0x80000DD6] -> 0x3301
[890] [M]: 0x80000DD4 (0x3301AF07) flw ft10, 816(gp)
mem[R,0x80003340] -> 0x0000726C
f30 <- 0xFFFFFFFF0000726C


mem[X,0x80000DD8] -> 0xAE87
mem[X,0x80000DDA] -> 0x3341
[891] [M]: 0x80000DD8 (0x3341AE87) flw ft9, 820(gp)
mem[R,0x80003344] -> 0x0000726C
f29 <- 0xFFFFFFFF0000726C


mem[X,0x80000DDC] -> 0x0113
mem[X,0x80000DDE] -> 0x0000
[892] [M]: 0x80000DDC (0x00000113) addi sp, zero, 0
x2 <- 0x00000000


mem[X,0x80000DE0] -> 0x1073
mem[X,0x80000DE2] -> 0x0031
[893] [M]: 0x80000DE0 (0x00311073) csrrw zero, fcsr, sp
CSR fcsr -> 0x00000000
CSR fcsr <- 0x00000000 (input: 0x00000000)


mem[X,0x80000DE4] -> 0x7FD3
mem[X,0x80000DE6] -> 0x0DDF
[894] [M]: 0x80000DE4 (0x0DDF7FD3) fsub.h ft11, ft10, ft9, dyn
f31 <- 0xFFFFFFFFFFFF7E00


mem[X,0x80000DE8] -> 0x2273
mem[X,0x80000DEA] -> 0x0030
[895] [M]: 0x80000DE8 (0x00302273) csrrs tp, fcsr, zero
CSR fcsr -> 0x00000000
x4 <- 0x00000000


mem[X,0x80000DEC] -> 0xA827
mem[X,0x80000DEE] -> 0x33F0
[896] [M]: 0x80000DEC (0x33F0A827) fsw ft11, 816(ra)
mem[0x80003B44] <- 0xFFFF7E00


mem[X,0x80000DF0] -> 0xAA23
mem[X,0x80000DF2] -> 0x3240
[897] [M]: 0x80000DF0 (0x3240AA23) sw tp, 820(ra)
mem[0x80003B48] <- 0x00000000


mem[X,0x80000DF4] -> 0xAF07
mem[X,0x80000DF6] -> 0x3381
[898] [M]: 0x80000DF4 (0x3381AF07) flw ft10, 824(gp)
mem[R,0x80003348] -> 0x00007BE4
f30 <- 0xFFFFFFFF00007BE4


mem[X,0x80000DF8] -> 0xAE87
mem[X,0x80000DFA] -> 0x33C1
[899] [M]: 0x80000DF8 (0x33C1AE87) flw ft9, 828(gp)
mem[R,0x8000334C] -> 0x00007BE4
f29 <- 0xFFFFFFFF00007BE4


clint::tick mtime <- 0x0000000000000009
 clint timer pending at mtime 0x0000000000000009
htif::tick 0x0000000000000000
mem[X,0x80000DFC] -> 0x0113
mem[X,0x80000DFE] -> 0x0000
[900] [M]: 0x80000DFC (0x00000113) addi sp, zero, 0
x2 <- 0x00000000


mem[X,0x80000E00] -> 0x1073
mem[X,0x80000E02] -> 0x0031
[901] [M]: 0x80000E00 (0x00311073) csrrw zero, fcsr, sp
CSR fcsr -> 0x00000000
CSR fcsr <- 0x00000000 (input: 0x00000000)


mem[X,0x80000E04] -> 0x7FD3
mem[X,0x80000E06] -> 0x0DDF
[902] [M]: 0x80000E04 (0x0DDF7FD3) fsub.h ft11, ft10, ft9, dyn
f31 <- 0xFFFFFFFFFFFF7E00


mem[X,0x80000E08] -> 0x2273
mem[X,0x80000E0A] -> 0x0030
[903] [M]: 0x80000E08 (0x00302273) csrrs tp, fcsr, zero
CSR fcsr -> 0x00000000
x4 <- 0x00000000


mem[X,0x80000E0C] -> 0xAC27
mem[X,0x80000E0E] -> 0x33F0
[904] [M]: 0x80000E0C (0x33F0AC27) fsw ft11, 824(ra)
mem[0x80003B4C] <- 0xFFFF7E00


mem[X,0x80000E10] -> 0xAE23
mem[X,0x80000E12] -> 0x3240
[905] [M]: 0x80000E10 (0x3240AE23) sw tp, 828(ra)
mem[0x80003B50] <- 0x00000000


mem[X,0x80000E14] -> 0xAF07
mem[X,0x80000E16] -> 0x3401
[906] [M]: 0x80000E14 (0x3401AF07) flw ft10, 832(gp)
mem[R,0x80003350] -> 0x0000756C
f30 <- 0xFFFFFFFF0000756C


mem[X,0x80000E18] -> 0xAE87
mem[X,0x80000E1A] -> 0x3441
[907] [M]: 0x80000E18 (0x3441AE87) flw ft9, 836(gp)
mem[R,0x80003354] -> 0x0000756C
f29 <- 0xFFFFFFFF0000756C


mem[X,0x80000E1C] -> 0x0113
mem[X,0x80000E1E] -> 0x0000
[908] [M]: 0x80000E1C (0x00000113) addi sp, zero, 0
x2 <- 0x00000000


mem[X,0x80000E20] -> 0x1073
mem[X,0x80000E22] -> 0x0031
[909] [M]: 0x80000E20 (0x00311073) csrrw zero, fcsr, sp
CSR fcsr -> 0x00000000
CSR fcsr <- 0x00000000 (input: 0x00000000)


mem[X,0x80000E24] -> 0x7FD3
mem[X,0x80000E26] -> 0x0DDF
[910] [M]: 0x80000E24 (0x0DDF7FD3) fsub.h ft11, ft10, ft9, dyn
f31 <- 0xFFFFFFFFFFFF7E00


mem[X,0x80000E28] -> 0x2273
mem[X,0x80000E2A] -> 0x0030
[911] [M]: 0x80000E28 (0x00302273) csrrs tp, fcsr, zero
CSR fcsr -> 0x00000000
x4 <- 0x00000000


mem[X,0x80000E2C] -> 0xA027
mem[X,0x80000E2E] -> 0x35F0
[912] [M]: 0x80000E2C (0x35F0A027) fsw ft11, 832(ra)
mem[0x80003B54] <- 0xFFFF7E00


mem[X,0x80000E30] -> 0xA223
mem[X,0x80000E32] -> 0x3440
[913] [M]: 0x80000E30 (0x3440A223) sw tp, 836(ra)
mem[0x80003B58] <- 0x00000000


mem[X,0x80000E34] -> 0xAF07
mem[X,0x80000E36] -> 0x3481
[914] [M]: 0x80000E34 (0x3481AF07) flw ft10, 840(gp)
mem[R,0x80003358] -> 0x00007964
f30 <- 0xFFFFFFFF00007964


mem[X,0x80000E38] -> 0xAE87
mem[X,0x80000E3A] -> 0x34C1
[915] [M]: 0x80000E38 (0x34C1AE87) flw ft9, 844(gp)
mem[R,0x8000335C] -> 0x00007964
f29 <- 0xFFFFFFFF00007964


mem[X,0x80000E3C] -> 0x0113
mem[X,0x80000E3E] -> 0x0000
[916] [M]: 0x80000E3C (0x00000113) addi sp, zero, 0
x2 <- 0x00000000


mem[X,0x80000E40] -> 0x1073
mem[X,0x80000E42] -> 0x0031
[917] [M]: 0x80000E40 (0x00311073) csrrw zero, fcsr, sp
CSR fcsr -> 0x00000000
CSR fcsr <- 0x00000000 (input: 0x00000000)


mem[X,0x80000E44] -> 0x7FD3
mem[X,0x80000E46] -> 0x0DDF
[918] [M]: 0x80000E44 (0x0DDF7FD3) fsub.h ft11, ft10, ft9, dyn
f31 <- 0xFFFFFFFFFFFF7E00


mem[X,0x80000E48] -> 0x2273
mem[X,0x80000E4A] -> 0x0030
[919] [M]: 0x80000E48 (0x00302273) csrrs tp, fcsr, zero
CSR fcsr -> 0x00000000
x4 <- 0x00000000


mem[X,0x80000E4C] -> 0xA427
mem[X,0x80000E4E] -> 0x35F0
[920] [M]: 0x80000E4C (0x35F0A427) fsw ft11, 840(ra)
mem[0x80003B5C] <- 0xFFFF7E00


mem[X,0x80000E50] -> 0xA623
mem[X,0x80000E52] -> 0x3440
[921] [M]: 0x80000E50 (0x3440A623) sw tp, 844(ra)
mem[0x80003B60] <- 0x00000000


mem[X,0x80000E54] -> 0xAF07
mem[X,0x80000E56] -> 0x3501
[922] [M]: 0x80000E54 (0x3501AF07) flw ft10, 848(gp)
mem[R,0x80003360] -> 0x00007B74
f30 <- 0xFFFFFFFF00007B74


mem[X,0x80000E58] -> 0xAE87
mem[X,0x80000E5A] -> 0x3541
[923] [M]: 0x80000E58 (0x3541AE87) flw ft9, 852(gp)
mem[R,0x80003364] -> 0x00007B74
f29 <- 0xFFFFFFFF00007B74


mem[X,0x80000E5C] -> 0x0113
mem[X,0x80000E5E] -> 0x0000
[924] [M]: 0x80000E5C (0x00000113) addi sp, zero, 0
x2 <- 0x00000000


mem[X,0x80000E60] -> 0x1073
mem[X,0x80000E62] -> 0x0031
[925] [M]: 0x80000E60 (0x00311073) csrrw zero, fcsr, sp
CSR fcsr -> 0x00000000
CSR fcsr <- 0x00000000 (input: 0x00000000)


mem[X,0x80000E64] -> 0x7FD3
mem[X,0x80000E66] -> 0x0DDF
[926] [M]: 0x80000E64 (0x0DDF7FD3) fsub.h ft11, ft10, ft9, dyn
f31 <- 0xFFFFFFFFFFFF7E00


mem[X,0x80000E68] -> 0x2273
mem[X,0x80000E6A] -> 0x0030
[927] [M]: 0x80000E68 (0x00302273) csrrs tp, fcsr, zero
CSR fcsr -> 0x00000000
x4 <- 0x00000000


mem[X,0x80000E6C] -> 0xA827
mem[X,0x80000E6E] -> 0x35F0
[928] [M]: 0x80000E6C (0x35F0A827) fsw ft11, 848(ra)
mem[0x80003B64] <- 0xFFFF7E00


mem[X,0x80000E70] -> 0xAA23
mem[X,0x80000E72] -> 0x3440
[929] [M]: 0x80000E70 (0x3440AA23) sw tp, 852(ra)
mem[0x80003B68] <- 0x00000000


mem[X,0x80000E74] -> 0xAF07
mem[X,0x80000E76] -> 0x3581
[930] [M]: 0x80000E74 (0x3581AF07) flw ft10, 856(gp)
mem[R,0x80003368] -> 0x000077BF
f30 <- 0xFFFFFFFF000077BF


mem[X,0x80000E78] -> 0xAE87
mem[X,0x80000E7A] -> 0x35C1
[931] [M]: 0x80000E78 (0x35C1AE87) flw ft9, 860(gp)
mem[R,0x8000336C] -> 0x000077BF
f29 <- 0xFFFFFFFF000077BF


mem[X,0x80000E7C] -> 0x0113
mem[X,0x80000E7E] -> 0x0000
[932] [M]: 0x80000E7C (0x00000113) addi sp, zero, 0
x2 <- 0x00000000


mem[X,0x80000E80] -> 0x1073
mem[X,0x80000E82] -> 0x0031
[933] [M]: 0x80000E80 (0x00311073) csrrw zero, fcsr, sp
CSR fcsr -> 0x00000000
CSR fcsr <- 0x00000000 (input: 0x00000000)


mem[X,0x80000E84] -> 0x7FD3
mem[X,0x80000E86] -> 0x0DDF
[934] [M]: 0x80000E84 (0x0DDF7FD3) fsub.h ft11, ft10, ft9, dyn
f31 <- 0xFFFFFFFFFFFF7E00


mem[X,0x80000E88] -> 0x2273
mem[X,0x80000E8A] -> 0x0030
[935] [M]: 0x80000E88 (0x00302273) csrrs tp, fcsr, zero
CSR fcsr -> 0x00000000
x4 <- 0x00000000


mem[X,0x80000E8C] -> 0xAC27
mem[X,0x80000E8E] -> 0x35F0
[936] [M]: 0x80000E8C (0x35F0AC27) fsw ft11, 856(ra)
mem[0x80003B6C] <- 0xFFFF7E00


mem[X,0x80000E90] -> 0xAE23
mem[X,0x80000E92] -> 0x3440
[937] [M]: 0x80000E90 (0x3440AE23) sw tp, 860(ra)
mem[0x80003B70] <- 0x00000000


mem[X,0x80000E94] -> 0xAF07
mem[X,0x80000E96] -> 0x3601
[938] [M]: 0x80000E94 (0x3601AF07) flw ft10, 864(gp)
mem[R,0x80003370] -> 0x00007381
f30 <- 0xFFFFFFFF00007381


mem[X,0x80000E98] -> 0xAE87
mem[X,0x80000E9A] -> 0x3641
[939] [M]: 0x80000E98 (0x3641AE87) flw ft9, 868(gp)
mem[R,0x80003374] -> 0x00007381
f29 <- 0xFFFFFFFF00007381


mem[X,0x80000E9C] -> 0x0113
mem[X,0x80000E9E] -> 0x0000
[940] [M]: 0x80000E9C (0x00000113) addi sp, zero, 0
x2 <- 0x00000000


mem[X,0x80000EA0] -> 0x1073
mem[X,0x80000EA2] -> 0x0031
[941] [M]: 0x80000EA0 (0x00311073) csrrw zero, fcsr, sp
CSR fcsr -> 0x00000000
CSR fcsr <- 0x00000000 (input: 0x00000000)


mem[X,0x80000EA4] -> 0x7FD3
mem[X,0x80000EA6] -> 0x0DDF
[942] [M]: 0x80000EA4 (0x0DDF7FD3) fsub.h ft11, ft10, ft9, dyn
f31 <- 0xFFFFFFFFFFFF7E00


mem[X,0x80000EA8] -> 0x2273
mem[X,0x80000EAA] -> 0x0030
[943] [M]: 0x80000EA8 (0x00302273) csrrs tp, fcsr, zero
CSR fcsr -> 0x00000000
x4 <- 0x00000000


mem[X,0x80000EAC] -> 0xA027
mem[X,0x80000EAE] -> 0x37F0
[944] [M]: 0x80000EAC (0x37F0A027) fsw ft11, 864(ra)
mem[0x80003B74] <- 0xFFFF7E00


mem[X,0x80000EB0] -> 0xA223
mem[X,0x80000EB2] -> 0x3640
[945] [M]: 0x80000EB0 (0x3640A223) sw tp, 868(ra)
mem[0x80003B78] <- 0x00000000


mem[X,0x80000EB4] -> 0xAF07
mem[X,0x80000EB6] -> 0x3681
[946] [M]: 0x80000EB4 (0x3681AF07) flw ft10, 872(gp)
mem[R,0x80003378] -> 0x00006D6A
f30 <- 0xFFFFFFFF00006D6A


mem[X,0x80000EB8] -> 0xAE87
mem[X,0x80000EBA] -> 0x36C1
[947] [M]: 0x80000EB8 (0x36C1AE87) flw ft9, 876(gp)
mem[R,0x8000337C] -> 0x00006D6A
f29 <- 0xFFFFFFFF00006D6A


mem[X,0x80000EBC] -> 0x0113
mem[X,0x80000EBE] -> 0x0000
[948] [M]: 0x80000EBC (0x00000113) addi sp, zero, 0
x2 <- 0x00000000


mem[X,0x80000EC0] -> 0x1073
mem[X,0x80000EC2] -> 0x0031
[949] [M]: 0x80000EC0 (0x00311073) csrrw zero, fcsr, sp
CSR fcsr -> 0x00000000
CSR fcsr <- 0x00000000 (input: 0x00000000)


mem[X,0x80000EC4] -> 0x7FD3
mem[X,0x80000EC6] -> 0x0DDF
[950] [M]: 0x80000EC4 (0x0DDF7FD3) fsub.h ft11, ft10, ft9, dyn
f31 <- 0xFFFFFFFFFFFF7E00


mem[X,0x80000EC8] -> 0x2273
mem[X,0x80000ECA] -> 0x0030
[951] [M]: 0x80000EC8 (0x00302273) csrrs tp, fcsr, zero
CSR fcsr -> 0x00000000
x4 <- 0x00000000


mem[X,0x80000ECC] -> 0xA427
mem[X,0x80000ECE] -> 0x37F0
[952] [M]: 0x80000ECC (0x37F0A427) fsw ft11, 872(ra)
mem[0x80003B7C] <- 0xFFFF7E00


mem[X,0x80000ED0] -> 0xA623
mem[X,0x80000ED2] -> 0x3640
[953] [M]: 0x80000ED0 (0x3640A623) sw tp, 876(ra)
mem[0x80003B80] <- 0x00000000


mem[X,0x80000ED4] -> 0xAF07
mem[X,0x80000ED6] -> 0x3701
[954] [M]: 0x80000ED4 (0x3701AF07) flw ft10, 880(gp)
mem[R,0x80003380] -> 0x00007B48
f30 <- 0xFFFFFFFF00007B48


mem[X,0x80000ED8] -> 0xAE87
mem[X,0x80000EDA] -> 0x3741
[955] [M]: 0x80000ED8 (0x3741AE87) flw ft9, 884(gp)
mem[R,0x80003384] -> 0x00007B48
f29 <- 0xFFFFFFFF00007B48


mem[X,0x80000EDC] -> 0x0113
mem[X,0x80000EDE] -> 0x0000
[956] [M]: 0x80000EDC (0x00000113) addi sp, zero, 0
x2 <- 0x00000000


mem[X,0x80000EE0] -> 0x1073
mem[X,0x80000EE2] -> 0x0031
[957] [M]: 0x80000EE0 (0x00311073) csrrw zero, fcsr, sp
CSR fcsr -> 0x00000000
CSR fcsr <- 0x00000000 (input: 0x00000000)


mem[X,0x80000EE4] -> 0x7FD3
mem[X,0x80000EE6] -> 0x0DDF
[958] [M]: 0x80000EE4 (0x0DDF7FD3) fsub.h ft11, ft10, ft9, dyn
f31 <- 0xFFFFFFFFFFFF7E00


mem[X,0x80000EE8] -> 0x2273
mem[X,0x80000EEA] -> 0x0030
[959] [M]: 0x80000EE8 (0x00302273) csrrs tp, fcsr, zero
CSR fcsr -> 0x00000000
x4 <- 0x00000000


mem[X,0x80000EEC] -> 0xA827
mem[X,0x80000EEE] -> 0x37F0
[960] [M]: 0x80000EEC (0x37F0A827) fsw ft11, 880(ra)
mem[0x80003B84] <- 0xFFFF7E00


mem[X,0x80000EF0] -> 0xAA23
mem[X,0x80000EF2] -> 0x3640
[961] [M]: 0x80000EF0 (0x3640AA23) sw tp, 884(ra)
mem[0x80003B88] <- 0x00000000


mem[X,0x80000EF4] -> 0xAF07
mem[X,0x80000EF6] -> 0x3781
[962] [M]: 0x80000EF4 (0x3781AF07) flw ft10, 888(gp)
mem[R,0x80003388] -> 0x00007A11
f30 <- 0xFFFFFFFF00007A11


mem[X,0x80000EF8] -> 0xAE87
mem[X,0x80000EFA] -> 0x37C1
[963] [M]: 0x80000EF8 (0x37C1AE87) flw ft9, 892(gp)
mem[R,0x8000338C] -> 0x00007A11
f29 <- 0xFFFFFFFF00007A11


mem[X,0x80000EFC] -> 0x0113
mem[X,0x80000EFE] -> 0x0000
[964] [M]: 0x80000EFC (0x00000113) addi sp, zero, 0
x2 <- 0x00000000


mem[X,0x80000F00] -> 0x1073
mem[X,0x80000F02] -> 0x0031
[965] [M]: 0x80000F00 (0x00311073) csrrw zero, fcsr, sp
CSR fcsr -> 0x00000000
CSR fcsr <- 0x00000000 (input: 0x00000000)


mem[X,0x80000F04] -> 0x7FD3
mem[X,0x80000F06] -> 0x0DDF
[966] [M]: 0x80000F04 (0x0DDF7FD3) fsub.h ft11, ft10, ft9, dyn
f31 <- 0xFFFFFFFFFFFF7E00


mem[X,0x80000F08] -> 0x2273
mem[X,0x80000F0A] -> 0x0030
[967] [M]: 0x80000F08 (0x00302273) csrrs tp, fcsr, zero
CSR fcsr -> 0x00000000
x4 <- 0x00000000


mem[X,0x80000F0C] -> 0xAC27
mem[X,0x80000F0E] -> 0x37F0
[968] [M]: 0x80000F0C (0x37F0AC27) fsw ft11, 888(ra)
mem[0x80003B8C] <- 0xFFFF7E00


mem[X,0x80000F10] -> 0xAE23
mem[X,0x80000F12] -> 0x3640
[969] [M]: 0x80000F10 (0x3640AE23) sw tp, 892(ra)
mem[0x80003B90] <- 0x00000000


mem[X,0x80000F14] -> 0xAF07
mem[X,0x80000F16] -> 0x3801
[970] [M]: 0x80000F14 (0x3801AF07) flw ft10, 896(gp)
mem[R,0x80003390] -> 0x00007AB9
f30 <- 0xFFFFFFFF00007AB9


mem[X,0x80000F18] -> 0xAE87
mem[X,0x80000F1A] -> 0x3841
[971] [M]: 0x80000F18 (0x3841AE87) flw ft9, 900(gp)
mem[R,0x80003394] -> 0x00007AB9
f29 <- 0xFFFFFFFF00007AB9


mem[X,0x80000F1C] -> 0x0113
mem[X,0x80000F1E] -> 0x0000
[972] [M]: 0x80000F1C (0x00000113) addi sp, zero, 0
x2 <- 0x00000000


mem[X,0x80000F20] -> 0x1073
mem[X,0x80000F22] -> 0x0031
[973] [M]: 0x80000F20 (0x00311073) csrrw zero, fcsr, sp
CSR fcsr -> 0x00000000
CSR fcsr <- 0x00000000 (input: 0x00000000)


mem[X,0x80000F24] -> 0x7FD3
mem[X,0x80000F26] -> 0x0DDF
[974] [M]: 0x80000F24 (0x0DDF7FD3) fsub.h ft11, ft10, ft9, dyn
f31 <- 0xFFFFFFFFFFFF7E00


mem[X,0x80000F28] -> 0x2273
mem[X,0x80000F2A] -> 0x0030
[975] [M]: 0x80000F28 (0x00302273) csrrs tp, fcsr, zero
CSR fcsr -> 0x00000000
x4 <- 0x00000000


mem[X,0x80000F2C] -> 0xA027
mem[X,0x80000F2E] -> 0x39F0
[976] [M]: 0x80000F2C (0x39F0A027) fsw ft11, 896(ra)
mem[0x80003B94] <- 0xFFFF7E00


mem[X,0x80000F30] -> 0xA223
mem[X,0x80000F32] -> 0x3840
[977] [M]: 0x80000F30 (0x3840A223) sw tp, 900(ra)
mem[0x80003B98] <- 0x00000000


mem[X,0x80000F34] -> 0xAF07
mem[X,0x80000F36] -> 0x3881
[978] [M]: 0x80000F34 (0x3881AF07) flw ft10, 904(gp)
mem[R,0x80003398] -> 0x00007571
f30 <- 0xFFFFFFFF00007571


mem[X,0x80000F38] -> 0xAE87
mem[X,0x80000F3A] -> 0x38C1
[979] [M]: 0x80000F38 (0x38C1AE87) flw ft9, 908(gp)
mem[R,0x8000339C] -> 0x00007571
f29 <- 0xFFFFFFFF00007571


mem[X,0x80000F3C] -> 0x0113
mem[X,0x80000F3E] -> 0x0000
[980] [M]: 0x80000F3C (0x00000113) addi sp, zero, 0
x2 <- 0x00000000


mem[X,0x80000F40] -> 0x1073
mem[X,0x80000F42] -> 0x0031
[981] [M]: 0x80000F40 (0x00311073) csrrw zero, fcsr, sp
CSR fcsr -> 0x00000000
CSR fcsr <- 0x00000000 (input: 0x00000000)


mem[X,0x80000F44] -> 0x7FD3
mem[X,0x80000F46] -> 0x0DDF
[982] [M]: 0x80000F44 (0x0DDF7FD3) fsub.h ft11, ft10, ft9, dyn
f31 <- 0xFFFFFFFFFFFF7E00


mem[X,0x80000F48] -> 0x2273
mem[X,0x80000F4A] -> 0x0030
[983] [M]: 0x80000F48 (0x00302273) csrrs tp, fcsr, zero
CSR fcsr -> 0x00000000
x4 <- 0x00000000


mem[X,0x80000F4C] -> 0xA427
mem[X,0x80000F4E] -> 0x39F0
[984] [M]: 0x80000F4C (0x39F0A427) fsw ft11, 904(ra)
mem[0x80003B9C] <- 0xFFFF7E00


mem[X,0x80000F50] -> 0xA623
mem[X,0x80000F52] -> 0x3840
[985] [M]: 0x80000F50 (0x3840A623) sw tp, 908(ra)
mem[0x80003BA0] <- 0x00000000


mem[X,0x80000F54] -> 0xAF07
mem[X,0x80000F56] -> 0x3901
[986] [M]: 0x80000F54 (0x3901AF07) flw ft10, 912(gp)
mem[R,0x800033A0] -> 0x00007AEF
f30 <- 0xFFFFFFFF00007AEF


mem[X,0x80000F58] -> 0xAE87
mem[X,0x80000F5A] -> 0x3941
[987] [M]: 0x80000F58 (0x3941AE87) flw ft9, 916(gp)
mem[R,0x800033A4] -> 0x00007AEF
f29 <- 0xFFFFFFFF00007AEF


mem[X,0x80000F5C] -> 0x0113
mem[X,0x80000F5E] -> 0x0000
[988] [M]: 0x80000F5C (0x00000113) addi sp, zero, 0
x2 <- 0x00000000


mem[X,0x80000F60] -> 0x1073
mem[X,0x80000F62] -> 0x0031
[989] [M]: 0x80000F60 (0x00311073) csrrw zero, fcsr, sp
CSR fcsr -> 0x00000000
CSR fcsr <- 0x00000000 (input: 0x00000000)


mem[X,0x80000F64] -> 0x7FD3
mem[X,0x80000F66] -> 0x0DDF
[990] [M]: 0x80000F64 (0x0DDF7FD3) fsub.h ft11, ft10, ft9, dyn
f31 <- 0xFFFFFFFFFFFF7E00


mem[X,0x80000F68] -> 0x2273
mem[X,0x80000F6A] -> 0x0030
[991] [M]: 0x80000F68 (0x00302273) csrrs tp, fcsr, zero
CSR fcsr -> 0x00000000
x4 <- 0x00000000


mem[X,0x80000F6C] -> 0xA827
mem[X,0x80000F6E] -> 0x39F0
[992] [M]: 0x80000F6C (0x39F0A827) fsw ft11, 912(ra)
mem[0x80003BA4] <- 0xFFFF7E00


mem[X,0x80000F70] -> 0xAA23
mem[X,0x80000F72] -> 0x3840
[993] [M]: 0x80000F70 (0x3840AA23) sw tp, 916(ra)
mem[0x80003BA8] <- 0x00000000


mem[X,0x80000F74] -> 0xAF07
mem[X,0x80000F76] -> 0x3981
[994] [M]: 0x80000F74 (0x3981AF07) flw ft10, 920(gp)
mem[R,0x800033A8] -> 0x00007BA1
f30 <- 0xFFFFFFFF00007BA1


mem[X,0x80000F78] -> 0xAE87
mem[X,0x80000F7A] -> 0x39C1
[995] [M]: 0x80000F78 (0x39C1AE87) flw ft9, 924(gp)
mem[R,0x800033AC] -> 0x00007BA1
f29 <- 0xFFFFFFFF00007BA1


mem[X,0x80000F7C] -> 0x0113
mem[X,0x80000F7E] -> 0x0000
[996] [M]: 0x80000F7C (0x00000113) addi sp, zero, 0
x2 <- 0x00000000


mem[X,0x80000F80] -> 0x1073
mem[X,0x80000F82] -> 0x0031
[997] [M]: 0x80000F80 (0x00311073) csrrw zero, fcsr, sp
CSR fcsr -> 0x00000000
CSR fcsr <- 0x00000000 (input: 0x00000000)


mem[X,0x80000F84] -> 0x7FD3
mem[X,0x80000F86] -> 0x0DDF
[998] [M]: 0x80000F84 (0x0DDF7FD3) fsub.h ft11, ft10, ft9, dyn
f31 <- 0xFFFFFFFFFFFF7E00


mem[X,0x80000F88] -> 0x2273
mem[X,0x80000F8A] -> 0x0030
[999] [M]: 0x80000F88 (0x00302273) csrrs tp, fcsr, zero
CSR fcsr -> 0x00000000
x4 <- 0x00000000


clint::tick mtime <- 0x000000000000000A
 clint timer pending at mtime 0x000000000000000A
htif::tick 0x0000000000000000
mem[X,0x80000F8C] -> 0xAC27
mem[X,0x80000F8E] -> 0x39F0
[1000] [M]: 0x80000F8C (0x39F0AC27) fsw ft11, 920(ra)
mem[0x80003BAC] <- 0xFFFF7E00


mem[X,0x80000F90] -> 0xAE23
mem[X,0x80000F92] -> 0x3840
[1001] [M]: 0x80000F90 (0x3840AE23) sw tp, 924(ra)
mem[0x80003BB0] <- 0x00000000


mem[X,0x80000F94] -> 0xAF07
mem[X,0x80000F96] -> 0x3A01
[1002] [M]: 0x80000F94 (0x3A01AF07) flw ft10, 928(gp)
mem[R,0x800033B0] -> 0x00007054
f30 <- 0xFFFFFFFF00007054


mem[X,0x80000F98] -> 0xAE87
mem[X,0x80000F9A] -> 0x3A41
[1003] [M]: 0x80000F98 (0x3A41AE87) flw ft9, 932(gp)
mem[R,0x800033B4] -> 0x00007054
f29 <- 0xFFFFFFFF00007054


mem[X,0x80000F9C] -> 0x0113
mem[X,0x80000F9E] -> 0x0000
[1004] [M]: 0x80000F9C (0x00000113) addi sp, zero, 0
x2 <- 0x00000000


mem[X,0x80000FA0] -> 0x1073
mem[X,0x80000FA2] -> 0x0031
[1005] [M]: 0x80000FA0 (0x00311073) csrrw zero, fcsr, sp
CSR fcsr -> 0x00000000
CSR fcsr <- 0x00000000 (input: 0x00000000)


mem[X,0x80000FA4] -> 0x7FD3
mem[X,0x80000FA6] -> 0x0DDF
[1006] [M]: 0x80000FA4 (0x0DDF7FD3) fsub.h ft11, ft10, ft9, dyn
f31 <- 0xFFFFFFFFFFFF7E00


mem[X,0x80000FA8] -> 0x2273
mem[X,0x80000FAA] -> 0x0030
[1007] [M]: 0x80000FA8 (0x00302273) csrrs tp, fcsr, zero
CSR fcsr -> 0x00000000
x4 <- 0x00000000


mem[X,0x80000FAC] -> 0xA027
mem[X,0x80000FAE] -> 0x3BF0
[1008] [M]: 0x80000FAC (0x3BF0A027) fsw ft11, 928(ra)
mem[0x80003BB4] <- 0xFFFF7E00


mem[X,0x80000FB0] -> 0xA223
mem[X,0x80000FB2] -> 0x3A40
[1009] [M]: 0x80000FB0 (0x3A40A223) sw tp, 932(ra)
mem[0x80003BB8] <- 0x00000000


mem[X,0x80000FB4] -> 0xAF07
mem[X,0x80000FB6] -> 0x3A81
[1010] [M]: 0x80000FB4 (0x3A81AF07) flw ft10, 936(gp)
mem[R,0x800033B8] -> 0x00006EAB
f30 <- 0xFFFFFFFF00006EAB


mem[X,0x80000FB8] -> 0xAE87
mem[X,0x80000FBA] -> 0x3AC1
[1011] [M]: 0x80000FB8 (0x3AC1AE87) flw ft9, 940(gp)
mem[R,0x800033BC] -> 0x00006EAB
f29 <- 0xFFFFFFFF00006EAB


mem[X,0x80000FBC] -> 0x0113
mem[X,0x80000FBE] -> 0x0000
[1012] [M]: 0x80000FBC (0x00000113) addi sp, zero, 0
x2 <- 0x00000000


mem[X,0x80000FC0] -> 0x1073
mem[X,0x80000FC2] -> 0x0031
[1013] [M]: 0x80000FC0 (0x00311073) csrrw zero, fcsr, sp
CSR fcsr -> 0x00000000
CSR fcsr <- 0x00000000 (input: 0x00000000)


mem[X,0x80000FC4] -> 0x7FD3
mem[X,0x80000FC6] -> 0x0DDF
[1014] [M]: 0x80000FC4 (0x0DDF7FD3) fsub.h ft11, ft10, ft9, dyn
f31 <- 0xFFFFFFFFFFFF7E00


mem[X,0x80000FC8] -> 0x2273
mem[X,0x80000FCA] -> 0x0030
[1015] [M]: 0x80000FC8 (0x00302273) csrrs tp, fcsr, zero
CSR fcsr -> 0x00000000
x4 <- 0x00000000


mem[X,0x80000FCC] -> 0xA427
mem[X,0x80000FCE] -> 0x3BF0
[1016] [M]: 0x80000FCC (0x3BF0A427) fsw ft11, 936(ra)
mem[0x80003BBC] <- 0xFFFF7E00


mem[X,0x80000FD0] -> 0xA623
mem[X,0x80000FD2] -> 0x3A40
[1017] [M]: 0x80000FD0 (0x3A40A623) sw tp, 940(ra)
mem[0x80003BC0] <- 0x00000000


mem[X,0x80000FD4] -> 0xAF07
mem[X,0x80000FD6] -> 0x3B01
[1018] [M]: 0x80000FD4 (0x3B01AF07) flw ft10, 944(gp)
mem[R,0x800033C0] -> 0x00006CAE
f30 <- 0xFFFFFFFF00006CAE


mem[X,0x80000FD8] -> 0xAE87
mem[X,0x80000FDA] -> 0x3B41
[1019] [M]: 0x80000FD8 (0x3B41AE87) flw ft9, 948(gp)
mem[R,0x800033C4] -> 0x00006CAE
f29 <- 0xFFFFFFFF00006CAE


mem[X,0x80000FDC] -> 0x0113
mem[X,0x80000FDE] -> 0x0000
[1020] [M]: 0x80000FDC (0x00000113) addi sp, zero, 0
x2 <- 0x00000000


mem[X,0x80000FE0] -> 0x1073
mem[X,0x80000FE2] -> 0x0031
[1021] [M]: 0x80000FE0 (0x00311073) csrrw zero, fcsr, sp
CSR fcsr -> 0x00000000
CSR fcsr <- 0x00000000 (input: 0x00000000)


mem[X,0x80000FE4] -> 0x7FD3
mem[X,0x80000FE6] -> 0x0DDF
[1022] [M]: 0x80000FE4 (0x0DDF7FD3) fsub.h ft11, ft10, ft9, dyn
f31 <- 0xFFFFFFFFFFFF7E00


mem[X,0x80000FE8] -> 0x2273
mem[X,0x80000FEA] -> 0x0030
[1023] [M]: 0x80000FE8 (0x00302273) csrrs tp, fcsr, zero
CSR fcsr -> 0x00000000
x4 <- 0x00000000


mem[X,0x80000FEC] -> 0xA827
mem[X,0x80000FEE] -> 0x3BF0
[1024] [M]: 0x80000FEC (0x3BF0A827) fsw ft11, 944(ra)
mem[0x80003BC4] <- 0xFFFF7E00


mem[X,0x80000FF0] -> 0xAA23
mem[X,0x80000FF2] -> 0x3A40
[1025] [M]: 0x80000FF0 (0x3A40AA23) sw tp, 948(ra)
mem[0x80003BC8] <- 0x00000000


mem[X,0x80000FF4] -> 0xAF07
mem[X,0x80000FF6] -> 0x3B81
[1026] [M]: 0x80000FF4 (0x3B81AF07) flw ft10, 952(gp)
mem[R,0x800033C8] -> 0x00007A4D
f30 <- 0xFFFFFFFF00007A4D


mem[X,0x80000FF8] -> 0xAE87
mem[X,0x80000FFA] -> 0x3BC1
[1027] [M]: 0x80000FF8 (0x3BC1AE87) flw ft9, 956(gp)
mem[R,0x800033CC] -> 0x00007A4D
f29 <- 0xFFFFFFFF00007A4D


mem[X,0x80000FFC] -> 0x0113
mem[X,0x80000FFE] -> 0x0000
[1028] [M]: 0x80000FFC (0x00000113) addi sp, zero, 0
x2 <- 0x00000000


mem[X,0x80001000] -> 0x1073
mem[X,0x80001002] -> 0x0031
[1029] [M]: 0x80001000 (0x00311073) csrrw zero, fcsr, sp
CSR fcsr -> 0x00000000
CSR fcsr <- 0x00000000 (input: 0x00000000)


mem[X,0x80001004] -> 0x7FD3
mem[X,0x80001006] -> 0x0DDF
[1030] [M]: 0x80001004 (0x0DDF7FD3) fsub.h ft11, ft10, ft9, dyn
f31 <- 0xFFFFFFFFFFFF7E00


mem[X,0x80001008] -> 0x2273
mem[X,0x8000100A] -> 0x0030
[1031] [M]: 0x80001008 (0x00302273) csrrs tp, fcsr, zero
CSR fcsr -> 0x00000000
x4 <- 0x00000000


mem[X,0x8000100C] -> 0xAC27
mem[X,0x8000100E] -> 0x3BF0
[1032] [M]: 0x8000100C (0x3BF0AC27) fsw ft11, 952(ra)
mem[0x80003BCC] <- 0xFFFF7E00


mem[X,0x80001010] -> 0xAE23
mem[X,0x80001012] -> 0x3A40
[1033] [M]: 0x80001010 (0x3A40AE23) sw tp, 956(ra)
mem[0x80003BD0] <- 0x00000000


mem[X,0x80001014] -> 0xAF07
mem[X,0x80001016] -> 0x3C01
[1034] [M]: 0x80001014 (0x3C01AF07) flw ft10, 960(gp)
mem[R,0x800033D0] -> 0x00007573
f30 <- 0xFFFFFFFF00007573


mem[X,0x80001018] -> 0xAE87
mem[X,0x8000101A] -> 0x3C41
[1035] [M]: 0x80001018 (0x3C41AE87) flw ft9, 964(gp)
mem[R,0x800033D4] -> 0x00007573
f29 <- 0xFFFFFFFF00007573


mem[X,0x8000101C] -> 0x0113
mem[X,0x8000101E] -> 0x0000
[1036] [M]: 0x8000101C (0x00000113) addi sp, zero, 0
x2 <- 0x00000000


mem[X,0x80001020] -> 0x1073
mem[X,0x80001022] -> 0x0031
[1037] [M]: 0x80001020 (0x00311073) csrrw zero, fcsr, sp
CSR fcsr -> 0x00000000
CSR fcsr <- 0x00000000 (input: 0x00000000)


mem[X,0x80001024] -> 0x7FD3
mem[X,0x80001026] -> 0x0DDF
[1038] [M]: 0x80001024 (0x0DDF7FD3) fsub.h ft11, ft10, ft9, dyn
f31 <- 0xFFFFFFFFFFFF7E00


mem[X,0x80001028] -> 0x2273
mem[X,0x8000102A] -> 0x0030
[1039] [M]: 0x80001028 (0x00302273) csrrs tp, fcsr, zero
CSR fcsr -> 0x00000000
x4 <- 0x00000000


mem[X,0x8000102C] -> 0xA027
mem[X,0x8000102E] -> 0x3DF0
[1040] [M]: 0x8000102C (0x3DF0A027) fsw ft11, 960(ra)
mem[0x80003BD4] <- 0xFFFF7E00


mem[X,0x80001030] -> 0xA223
mem[X,0x80001032] -> 0x3C40
[1041] [M]: 0x80001030 (0x3C40A223) sw tp, 964(ra)
mem[0x80003BD8] <- 0x00000000


mem[X,0x80001034] -> 0xAF07
mem[X,0x80001036] -> 0x3C81
[1042] [M]: 0x80001034 (0x3C81AF07) flw ft10, 968(gp)
mem[R,0x800033D8] -> 0x00007A40
f30 <- 0xFFFFFFFF00007A40


mem[X,0x80001038] -> 0xAE87
mem[X,0x8000103A] -> 0x3CC1
[1043] [M]: 0x80001038 (0x3CC1AE87) flw ft9, 972(gp)
mem[R,0x800033DC] -> 0x00007A40
f29 <- 0xFFFFFFFF00007A40


mem[X,0x8000103C] -> 0x0113
mem[X,0x8000103E] -> 0x0000
[1044] [M]: 0x8000103C (0x00000113) addi sp, zero, 0
x2 <- 0x00000000


mem[X,0x80001040] -> 0x1073
mem[X,0x80001042] -> 0x0031
[1045] [M]: 0x80001040 (0x00311073) csrrw zero, fcsr, sp
CSR fcsr -> 0x00000000
CSR fcsr <- 0x00000000 (input: 0x00000000)


mem[X,0x80001044] -> 0x7FD3
mem[X,0x80001046] -> 0x0DDF
[1046] [M]: 0x80001044 (0x0DDF7FD3) fsub.h ft11, ft10, ft9, dyn
f31 <- 0xFFFFFFFFFFFF7E00


mem[X,0x80001048] -> 0x2273
mem[X,0x8000104A] -> 0x0030
[1047] [M]: 0x80001048 (0x00302273) csrrs tp, fcsr, zero
CSR fcsr -> 0x00000000
x4 <- 0x00000000


mem[X,0x8000104C] -> 0xA427
mem[X,0x8000104E] -> 0x3DF0
[1048] [M]: 0x8000104C (0x3DF0A427) fsw ft11, 968(ra)
mem[0x80003BDC] <- 0xFFFF7E00


mem[X,0x80001050] -> 0xA623
mem[X,0x80001052] -> 0x3C40
[1049] [M]: 0x80001050 (0x3C40A623) sw tp, 972(ra)
mem[0x80003BE0] <- 0x00000000


mem[X,0x80001054] -> 0xAF07
mem[X,0x80001056] -> 0x3D01
[1050] [M]: 0x80001054 (0x3D01AF07) flw ft10, 976(gp)
mem[R,0x800033E0] -> 0x00007890
f30 <- 0xFFFFFFFF00007890


mem[X,0x80001058] -> 0xAE87
mem[X,0x8000105A] -> 0x3D41
[1051] [M]: 0x80001058 (0x3D41AE87) flw ft9, 980(gp)
mem[R,0x800033E4] -> 0x00007890
f29 <- 0xFFFFFFFF00007890


mem[X,0x8000105C] -> 0x0113
mem[X,0x8000105E] -> 0x0000
[1052] [M]: 0x8000105C (0x00000113) addi sp, zero, 0
x2 <- 0x00000000


mem[X,0x80001060] -> 0x1073
mem[X,0x80001062] -> 0x0031
[1053] [M]: 0x80001060 (0x00311073) csrrw zero, fcsr, sp
CSR fcsr -> 0x00000000
CSR fcsr <- 0x00000000 (input: 0x00000000)


mem[X,0x80001064] -> 0x7FD3
mem[X,0x80001066] -> 0x0DDF
[1054] [M]: 0x80001064 (0x0DDF7FD3) fsub.h ft11, ft10, ft9, dyn
f31 <- 0xFFFFFFFFFFFF7E00


mem[X,0x80001068] -> 0x2273
mem[X,0x8000106A] -> 0x0030
[1055] [M]: 0x80001068 (0x00302273) csrrs tp, fcsr, zero
CSR fcsr -> 0x00000000
x4 <- 0x00000000


mem[X,0x8000106C] -> 0xA827
mem[X,0x8000106E] -> 0x3DF0
[1056] [M]: 0x8000106C (0x3DF0A827) fsw ft11, 976(ra)
mem[0x80003BE4] <- 0xFFFF7E00


mem[X,0x80001070] -> 0xAA23
mem[X,0x80001072] -> 0x3C40
[1057] [M]: 0x80001070 (0x3C40AA23) sw tp, 980(ra)
mem[0x80003BE8] <- 0x00000000


mem[X,0x80001074] -> 0xAF07
mem[X,0x80001076] -> 0x3D81
[1058] [M]: 0x80001074 (0x3D81AF07) flw ft10, 984(gp)
mem[R,0x800033E8] -> 0x00006D3A
f30 <- 0xFFFFFFFF00006D3A


mem[X,0x80001078] -> 0xAE87
mem[X,0x8000107A] -> 0x3DC1
[1059] [M]: 0x80001078 (0x3DC1AE87) flw ft9, 988(gp)
mem[R,0x800033EC] -> 0x00006D3A
f29 <- 0xFFFFFFFF00006D3A


mem[X,0x8000107C] -> 0x0113
mem[X,0x8000107E] -> 0x0000
[1060] [M]: 0x8000107C (0x00000113) addi sp, zero, 0
x2 <- 0x00000000


mem[X,0x80001080] -> 0x1073
mem[X,0x80001082] -> 0x0031
[1061] [M]: 0x80001080 (0x00311073) csrrw zero, fcsr, sp
CSR fcsr -> 0x00000000
CSR fcsr <- 0x00000000 (input: 0x00000000)


mem[X,0x80001084] -> 0x7FD3
mem[X,0x80001086] -> 0x0DDF
[1062] [M]: 0x80001084 (0x0DDF7FD3) fsub.h ft11, ft10, ft9, dyn
f31 <- 0xFFFFFFFFFFFF7E00


mem[X,0x80001088] -> 0x2273
mem[X,0x8000108A] -> 0x0030
[1063] [M]: 0x80001088 (0x00302273) csrrs tp, fcsr, zero
CSR fcsr -> 0x00000000
x4 <- 0x00000000


mem[X,0x8000108C] -> 0xAC27
mem[X,0x8000108E] -> 0x3DF0
[1064] [M]: 0x8000108C (0x3DF0AC27) fsw ft11, 984(ra)
mem[0x80003BEC] <- 0xFFFF7E00


mem[X,0x80001090] -> 0xAE23
mem[X,0x80001092] -> 0x3C40
[1065] [M]: 0x80001090 (0x3C40AE23) sw tp, 988(ra)
mem[0x80003BF0] <- 0x00000000


mem[X,0x80001094] -> 0xAF07
mem[X,0x80001096] -> 0x3E01
[1066] [M]: 0x80001094 (0x3E01AF07) flw ft10, 992(gp)
mem[R,0x800033F0] -> 0x00007B1F
f30 <- 0xFFFFFFFF00007B1F


mem[X,0x80001098] -> 0xAE87
mem[X,0x8000109A] -> 0x3E41
[1067] [M]: 0x80001098 (0x3E41AE87) flw ft9, 996(gp)
mem[R,0x800033F4] -> 0x00007B1F
f29 <- 0xFFFFFFFF00007B1F


mem[X,0x8000109C] -> 0x0113
mem[X,0x8000109E] -> 0x0000
[1068] [M]: 0x8000109C (0x00000113) addi sp, zero, 0
x2 <- 0x00000000


mem[X,0x800010A0] -> 0x1073
mem[X,0x800010A2] -> 0x0031
[1069] [M]: 0x800010A0 (0x00311073) csrrw zero, fcsr, sp
CSR fcsr -> 0x00000000
CSR fcsr <- 0x00000000 (input: 0x00000000)


mem[X,0x800010A4] -> 0x7FD3
mem[X,0x800010A6] -> 0x0DDF
[1070] [M]: 0x800010A4 (0x0DDF7FD3) fsub.h ft11, ft10, ft9, dyn
f31 <- 0xFFFFFFFFFFFF7E00


mem[X,0x800010A8] -> 0x2273
mem[X,0x800010AA] -> 0x0030
[1071] [M]: 0x800010A8 (0x00302273) csrrs tp, fcsr, zero
CSR fcsr -> 0x00000000
x4 <- 0x00000000


mem[X,0x800010AC] -> 0xA027
mem[X,0x800010AE] -> 0x3FF0
[1072] [M]: 0x800010AC (0x3FF0A027) fsw ft11, 992(ra)
mem[0x80003BF4] <- 0xFFFF7E00


mem[X,0x800010B0] -> 0xA223
mem[X,0x800010B2] -> 0x3E40
[1073] [M]: 0x800010B0 (0x3E40A223) sw tp, 996(ra)
mem[0x80003BF8] <- 0x00000000


mem[X,0x800010B4] -> 0xAF07
mem[X,0x800010B6] -> 0x3E81
[1074] [M]: 0x800010B4 (0x3E81AF07) flw ft10, 1000(gp)
mem[R,0x800033F8] -> 0x00007B65
f30 <- 0xFFFFFFFF00007B65


mem[X,0x800010B8] -> 0xAE87
mem[X,0x800010BA] -> 0x3EC1
[1075] [M]: 0x800010B8 (0x3EC1AE87) flw ft9, 1004(gp)
mem[R,0x800033FC] -> 0x00007B65
f29 <- 0xFFFFFFFF00007B65


mem[X,0x800010BC] -> 0x0113
mem[X,0x800010BE] -> 0x0000
[1076] [M]: 0x800010BC (0x00000113) addi sp, zero, 0
x2 <- 0x00000000


mem[X,0x800010C0] -> 0x1073
mem[X,0x800010C2] -> 0x0031
[1077] [M]: 0x800010C0 (0x00311073) csrrw zero, fcsr, sp
CSR fcsr -> 0x00000000
CSR fcsr <- 0x00000000 (input: 0x00000000)


mem[X,0x800010C4] -> 0x7FD3
mem[X,0x800010C6] -> 0x0DDF
[1078] [M]: 0x800010C4 (0x0DDF7FD3) fsub.h ft11, ft10, ft9, dyn
f31 <- 0xFFFFFFFFFFFF7E00


mem[X,0x800010C8] -> 0x2273
mem[X,0x800010CA] -> 0x0030
[1079] [M]: 0x800010C8 (0x00302273) csrrs tp, fcsr, zero
CSR fcsr -> 0x00000000
x4 <- 0x00000000


mem[X,0x800010CC] -> 0xA427
mem[X,0x800010CE] -> 0x3FF0
[1080] [M]: 0x800010CC (0x3FF0A427) fsw ft11, 1000(ra)
mem[0x80003BFC] <- 0xFFFF7E00


mem[X,0x800010D0] -> 0xA623
mem[X,0x800010D2] -> 0x3E40
[1081] [M]: 0x800010D0 (0x3E40A623) sw tp, 1004(ra)
mem[0x80003C00] <- 0x00000000


mem[X,0x800010D4] -> 0xAF07
mem[X,0x800010D6] -> 0x3F01
[1082] [M]: 0x800010D4 (0x3F01AF07) flw ft10, 1008(gp)
mem[R,0x80003400] -> 0x0000746E
f30 <- 0xFFFFFFFF0000746E


mem[X,0x800010D8] -> 0xAE87
mem[X,0x800010DA] -> 0x3F41
[1083] [M]: 0x800010D8 (0x3F41AE87) flw ft9, 1012(gp)
mem[R,0x80003404] -> 0x0000746E
f29 <- 0xFFFFFFFF0000746E


mem[X,0x800010DC] -> 0x0113
mem[X,0x800010DE] -> 0x0000
[1084] [M]: 0x800010DC (0x00000113) addi sp, zero, 0
x2 <- 0x00000000


mem[X,0x800010E0] -> 0x1073
mem[X,0x800010E2] -> 0x0031
[1085] [M]: 0x800010E0 (0x00311073) csrrw zero, fcsr, sp
CSR fcsr -> 0x00000000
CSR fcsr <- 0x00000000 (input: 0x00000000)


mem[X,0x800010E4] -> 0x7FD3
mem[X,0x800010E6] -> 0x0DDF
[1086] [M]: 0x800010E4 (0x0DDF7FD3) fsub.h ft11, ft10, ft9, dyn
f31 <- 0xFFFFFFFFFFFF7E00


mem[X,0x800010E8] -> 0x2273
mem[X,0x800010EA] -> 0x0030
[1087] [M]: 0x800010E8 (0x00302273) csrrs tp, fcsr, zero
CSR fcsr -> 0x00000000
x4 <- 0x00000000


mem[X,0x800010EC] -> 0xA827
mem[X,0x800010EE] -> 0x3FF0
[1088] [M]: 0x800010EC (0x3FF0A827) fsw ft11, 1008(ra)
mem[0x80003C04] <- 0xFFFF7E00


mem[X,0x800010F0] -> 0xAA23
mem[X,0x800010F2] -> 0x3E40
[1089] [M]: 0x800010F0 (0x3E40AA23) sw tp, 1012(ra)
mem[0x80003C08] <- 0x00000000


mem[X,0x800010F4] -> 0xAF07
mem[X,0x800010F6] -> 0x3F81
[1090] [M]: 0x800010F4 (0x3F81AF07) flw ft10, 1016(gp)
mem[R,0x80003408] -> 0x00007A9E
f30 <- 0xFFFFFFFF00007A9E


mem[X,0x800010F8] -> 0xAE87
mem[X,0x800010FA] -> 0x3FC1
[1091] [M]: 0x800010F8 (0x3FC1AE87) flw ft9, 1020(gp)
mem[R,0x8000340C] -> 0x00007A9E
f29 <- 0xFFFFFFFF00007A9E


mem[X,0x800010FC] -> 0x0113
mem[X,0x800010FE] -> 0x0000
[1092] [M]: 0x800010FC (0x00000113) addi sp, zero, 0
x2 <- 0x00000000


mem[X,0x80001100] -> 0x1073
mem[X,0x80001102] -> 0x0031
[1093] [M]: 0x80001100 (0x00311073) csrrw zero, fcsr, sp
CSR fcsr -> 0x00000000
CSR fcsr <- 0x00000000 (input: 0x00000000)


mem[X,0x80001104] -> 0x7FD3
mem[X,0x80001106] -> 0x0DDF
[1094] [M]: 0x80001104 (0x0DDF7FD3) fsub.h ft11, ft10, ft9, dyn
f31 <- 0xFFFFFFFFFFFF7E00


mem[X,0x80001108] -> 0x2273
mem[X,0x8000110A] -> 0x0030
[1095] [M]: 0x80001108 (0x00302273) csrrs tp, fcsr, zero
CSR fcsr -> 0x00000000
x4 <- 0x00000000


mem[X,0x8000110C] -> 0xAC27
mem[X,0x8000110E] -> 0x3FF0
[1096] [M]: 0x8000110C (0x3FF0AC27) fsw ft11, 1016(ra)
mem[0x80003C0C] <- 0xFFFF7E00


mem[X,0x80001110] -> 0xAE23
mem[X,0x80001112] -> 0x3E40
[1097] [M]: 0x80001110 (0x3E40AE23) sw tp, 1020(ra)
mem[0x80003C10] <- 0x00000000


mem[X,0x80001114] -> 0x3097
mem[X,0x80001116] -> 0x0000
[1098] [M]: 0x80001114 (0x00003097) auipc ra, 3
x1 <- 0x80004114


mem[X,0x80001118] -> 0x8093
mem[X,0x8000111A] -> 0xB000
[1099] [M]: 0x80001118 (0xB0008093) addi ra, ra, 2816
x1 <- 0x80003C14


clint::tick mtime <- 0x000000000000000B
 clint timer pending at mtime 0x000000000000000B
htif::tick 0x0000000000000000
mem[X,0x8000111C] -> 0xAF07
mem[X,0x8000111E] -> 0x4001
[1100] [M]: 0x8000111C (0x4001AF07) flw ft10, 1024(gp)
mem[R,0x80003410] -> 0x0000795C
f30 <- 0xFFFFFFFF0000795C


mem[X,0x80001120] -> 0xAE87
mem[X,0x80001122] -> 0x4041
[1101] [M]: 0x80001120 (0x4041AE87) flw ft9, 1028(gp)
mem[R,0x80003414] -> 0x0000795C
f29 <- 0xFFFFFFFF0000795C


mem[X,0x80001124] -> 0x0113
mem[X,0x80001126] -> 0x0000
[1102] [M]: 0x80001124 (0x00000113) addi sp, zero, 0
x2 <- 0x00000000


mem[X,0x80001128] -> 0x1073
mem[X,0x8000112A] -> 0x0031
[1103] [M]: 0x80001128 (0x00311073) csrrw zero, fcsr, sp
CSR fcsr -> 0x00000000
CSR fcsr <- 0x00000000 (input: 0x00000000)


mem[X,0x8000112C] -> 0x7FD3
mem[X,0x8000112E] -> 0x0DDF
[1104] [M]: 0x8000112C (0x0DDF7FD3) fsub.h ft11, ft10, ft9, dyn
f31 <- 0xFFFFFFFFFFFF7E00


mem[X,0x80001130] -> 0x2273
mem[X,0x80001132] -> 0x0030
[1105] [M]: 0x80001130 (0x00302273) csrrs tp, fcsr, zero
CSR fcsr -> 0x00000000
x4 <- 0x00000000


mem[X,0x80001134] -> 0xA027
mem[X,0x80001136] -> 0x01F0
[1106] [M]: 0x80001134 (0x01F0A027) fsw ft11, 0(ra)
mem[0x80003C14] <- 0xFFFF7E00


mem[X,0x80001138] -> 0xA223
mem[X,0x8000113A] -> 0x0040
[1107] [M]: 0x80001138 (0x0040A223) sw tp, 4(ra)
mem[0x80003C18] <- 0x00000000


mem[X,0x8000113C] -> 0xAF07
mem[X,0x8000113E] -> 0x4081
[1108] [M]: 0x8000113C (0x4081AF07) flw ft10, 1032(gp)
mem[R,0x80003418] -> 0x00006F5C
f30 <- 0xFFFFFFFF00006F5C


mem[X,0x80001140] -> 0xAE87
mem[X,0x80001142] -> 0x40C1
[1109] [M]: 0x80001140 (0x40C1AE87) flw ft9, 1036(gp)
mem[R,0x8000341C] -> 0x00006F5C
f29 <- 0xFFFFFFFF00006F5C


mem[X,0x80001144] -> 0x0113
mem[X,0x80001146] -> 0x0000
[1110] [M]: 0x80001144 (0x00000113) addi sp, zero, 0
x2 <- 0x00000000


mem[X,0x80001148] -> 0x1073
mem[X,0x8000114A] -> 0x0031
[1111] [M]: 0x80001148 (0x00311073) csrrw zero, fcsr, sp
CSR fcsr -> 0x00000000
CSR fcsr <- 0x00000000 (input: 0x00000000)


mem[X,0x8000114C] -> 0x7FD3
mem[X,0x8000114E] -> 0x0DDF
[1112] [M]: 0x8000114C (0x0DDF7FD3) fsub.h ft11, ft10, ft9, dyn
f31 <- 0xFFFFFFFFFFFF7E00


mem[X,0x80001150] -> 0x2273
mem[X,0x80001152] -> 0x0030
[1113] [M]: 0x80001150 (0x00302273) csrrs tp, fcsr, zero
CSR fcsr -> 0x00000000
x4 <- 0x00000000


mem[X,0x80001154] -> 0xA427
mem[X,0x80001156] -> 0x01F0
[1114] [M]: 0x80001154 (0x01F0A427) fsw ft11, 8(ra)
mem[0x80003C1C] <- 0xFFFF7E00


mem[X,0x80001158] -> 0xA623
mem[X,0x8000115A] -> 0x0040
[1115] [M]: 0x80001158 (0x0040A623) sw tp, 12(ra)
mem[0x80003C20] <- 0x00000000


mem[X,0x8000115C] -> 0xAF07
mem[X,0x8000115E] -> 0x4101
[1116] [M]: 0x8000115C (0x4101AF07) flw ft10, 1040(gp)
mem[R,0x80003420] -> 0x0000691E
f30 <- 0xFFFFFFFF0000691E


mem[X,0x80001160] -> 0xAE87
mem[X,0x80001162] -> 0x4141
[1117] [M]: 0x80001160 (0x4141AE87) flw ft9, 1044(gp)
mem[R,0x80003424] -> 0x0000691E
f29 <- 0xFFFFFFFF0000691E


mem[X,0x80001164] -> 0x0113
mem[X,0x80001166] -> 0x0000
[1118] [M]: 0x80001164 (0x00000113) addi sp, zero, 0
x2 <- 0x00000000


mem[X,0x80001168] -> 0x1073
mem[X,0x8000116A] -> 0x0031
[1119] [M]: 0x80001168 (0x00311073) csrrw zero, fcsr, sp
CSR fcsr -> 0x00000000
CSR fcsr <- 0x00000000 (input: 0x00000000)


mem[X,0x8000116C] -> 0x7FD3
mem[X,0x8000116E] -> 0x0DDF
[1120] [M]: 0x8000116C (0x0DDF7FD3) fsub.h ft11, ft10, ft9, dyn
f31 <- 0xFFFFFFFFFFFF7E00


mem[X,0x80001170] -> 0x2273
mem[X,0x80001172] -> 0x0030
[1121] [M]: 0x80001170 (0x00302273) csrrs tp, fcsr, zero
CSR fcsr -> 0x00000000
x4 <- 0x00000000


mem[X,0x80001174] -> 0xA827
mem[X,0x80001176] -> 0x01F0
[1122] [M]: 0x80001174 (0x01F0A827) fsw ft11, 16(ra)
mem[0x80003C24] <- 0xFFFF7E00


mem[X,0x80001178] -> 0xAA23
mem[X,0x8000117A] -> 0x0040
[1123] [M]: 0x80001178 (0x0040AA23) sw tp, 20(ra)
mem[0x80003C28] <- 0x00000000


mem[X,0x8000117C] -> 0xAF07
mem[X,0x8000117E] -> 0x4181
[1124] [M]: 0x8000117C (0x4181AF07) flw ft10, 1048(gp)
mem[R,0x80003428] -> 0x00007BE6
f30 <- 0xFFFFFFFF00007BE6


mem[X,0x80001180] -> 0xAE87
mem[X,0x80001182] -> 0x41C1
[1125] [M]: 0x80001180 (0x41C1AE87) flw ft9, 1052(gp)
mem[R,0x8000342C] -> 0x00007BE6
f29 <- 0xFFFFFFFF00007BE6


mem[X,0x80001184] -> 0x0113
mem[X,0x80001186] -> 0x0000
[1126] [M]: 0x80001184 (0x00000113) addi sp, zero, 0
x2 <- 0x00000000


mem[X,0x80001188] -> 0x1073
mem[X,0x8000118A] -> 0x0031
[1127] [M]: 0x80001188 (0x00311073) csrrw zero, fcsr, sp
CSR fcsr -> 0x00000000
CSR fcsr <- 0x00000000 (input: 0x00000000)


mem[X,0x8000118C] -> 0x7FD3
mem[X,0x8000118E] -> 0x0DDF
[1128] [M]: 0x8000118C (0x0DDF7FD3) fsub.h ft11, ft10, ft9, dyn
f31 <- 0xFFFFFFFFFFFF7E00


mem[X,0x80001190] -> 0x2273
mem[X,0x80001192] -> 0x0030
[1129] [M]: 0x80001190 (0x00302273) csrrs tp, fcsr, zero
CSR fcsr -> 0x00000000
x4 <- 0x00000000


mem[X,0x80001194] -> 0xAC27
mem[X,0x80001196] -> 0x01F0
[1130] [M]: 0x80001194 (0x01F0AC27) fsw ft11, 24(ra)
mem[0x80003C2C] <- 0xFFFF7E00


mem[X,0x80001198] -> 0xAE23
mem[X,0x8000119A] -> 0x0040
[1131] [M]: 0x80001198 (0x0040AE23) sw tp, 28(ra)
mem[0x80003C30] <- 0x00000000


mem[X,0x8000119C] -> 0xAF07
mem[X,0x8000119E] -> 0x4201
[1132] [M]: 0x8000119C (0x4201AF07) flw ft10, 1056(gp)
mem[R,0x80003430] -> 0x00006F64
f30 <- 0xFFFFFFFF00006F64


mem[X,0x800011A0] -> 0xAE87
mem[X,0x800011A2] -> 0x4241
[1133] [M]: 0x800011A0 (0x4241AE87) flw ft9, 1060(gp)
mem[R,0x80003434] -> 0x00006F64
f29 <- 0xFFFFFFFF00006F64


mem[X,0x800011A4] -> 0x0113
mem[X,0x800011A6] -> 0x0000
[1134] [M]: 0x800011A4 (0x00000113) addi sp, zero, 0
x2 <- 0x00000000


mem[X,0x800011A8] -> 0x1073
mem[X,0x800011AA] -> 0x0031
[1135] [M]: 0x800011A8 (0x00311073) csrrw zero, fcsr, sp
CSR fcsr -> 0x00000000
CSR fcsr <- 0x00000000 (input: 0x00000000)


mem[X,0x800011AC] -> 0x7FD3
mem[X,0x800011AE] -> 0x0DDF
[1136] [M]: 0x800011AC (0x0DDF7FD3) fsub.h ft11, ft10, ft9, dyn
f31 <- 0xFFFFFFFFFFFF7E00


mem[X,0x800011B0] -> 0x2273
mem[X,0x800011B2] -> 0x0030
[1137] [M]: 0x800011B0 (0x00302273) csrrs tp, fcsr, zero
CSR fcsr -> 0x00000000
x4 <- 0x00000000


mem[X,0x800011B4] -> 0xA027
mem[X,0x800011B6] -> 0x03F0
[1138] [M]: 0x800011B4 (0x03F0A027) fsw ft11, 32(ra)
mem[0x80003C34] <- 0xFFFF7E00


mem[X,0x800011B8] -> 0xA223
mem[X,0x800011BA] -> 0x0240
[1139] [M]: 0x800011B8 (0x0240A223) sw tp, 36(ra)
mem[0x80003C38] <- 0x00000000


mem[X,0x800011BC] -> 0xAF07
mem[X,0x800011BE] -> 0x4281
[1140] [M]: 0x800011BC (0x4281AF07) flw ft10, 1064(gp)
mem[R,0x80003438] -> 0x000073B8
f30 <- 0xFFFFFFFF000073B8


mem[X,0x800011C0] -> 0xAE87
mem[X,0x800011C2] -> 0x42C1
[1141] [M]: 0x800011C0 (0x42C1AE87) flw ft9, 1068(gp)
mem[R,0x8000343C] -> 0x000073B8
f29 <- 0xFFFFFFFF000073B8


mem[X,0x800011C4] -> 0x0113
mem[X,0x800011C6] -> 0x0000
[1142] [M]: 0x800011C4 (0x00000113) addi sp, zero, 0
x2 <- 0x00000000


mem[X,0x800011C8] -> 0x1073
mem[X,0x800011CA] -> 0x0031
[1143] [M]: 0x800011C8 (0x00311073) csrrw zero, fcsr, sp
CSR fcsr -> 0x00000000
CSR fcsr <- 0x00000000 (input: 0x00000000)


mem[X,0x800011CC] -> 0x7FD3
mem[X,0x800011CE] -> 0x0DDF
[1144] [M]: 0x800011CC (0x0DDF7FD3) fsub.h ft11, ft10, ft9, dyn
f31 <- 0xFFFFFFFFFFFF7E00


mem[X,0x800011D0] -> 0x2273
mem[X,0x800011D2] -> 0x0030
[1145] [M]: 0x800011D0 (0x00302273) csrrs tp, fcsr, zero
CSR fcsr -> 0x00000000
x4 <- 0x00000000


mem[X,0x800011D4] -> 0xA427
mem[X,0x800011D6] -> 0x03F0
[1146] [M]: 0x800011D4 (0x03F0A427) fsw ft11, 40(ra)
mem[0x80003C3C] <- 0xFFFF7E00


mem[X,0x800011D8] -> 0xA623
mem[X,0x800011DA] -> 0x0240
[1147] [M]: 0x800011D8 (0x0240A623) sw tp, 44(ra)
mem[0x80003C40] <- 0x00000000


mem[X,0x800011DC] -> 0xAF07
mem[X,0x800011DE] -> 0x4301
[1148] [M]: 0x800011DC (0x4301AF07) flw ft10, 1072(gp)
mem[R,0x80003440] -> 0x00006E94
f30 <- 0xFFFFFFFF00006E94


mem[X,0x800011E0] -> 0xAE87
mem[X,0x800011E2] -> 0x4341
[1149] [M]: 0x800011E0 (0x4341AE87) flw ft9, 1076(gp)
mem[R,0x80003444] -> 0x00006E94
f29 <- 0xFFFFFFFF00006E94


mem[X,0x800011E4] -> 0x0113
mem[X,0x800011E6] -> 0x0000
[1150] [M]: 0x800011E4 (0x00000113) addi sp, zero, 0
x2 <- 0x00000000


mem[X,0x800011E8] -> 0x1073
mem[X,0x800011EA] -> 0x0031
[1151] [M]: 0x800011E8 (0x00311073) csrrw zero, fcsr, sp
CSR fcsr -> 0x00000000
CSR fcsr <- 0x00000000 (input: 0x00000000)


mem[X,0x800011EC] -> 0x7FD3
mem[X,0x800011EE] -> 0x0DDF
[1152] [M]: 0x800011EC (0x0DDF7FD3) fsub.h ft11, ft10, ft9, dyn
f31 <- 0xFFFFFFFFFFFF7E00


mem[X,0x800011F0] -> 0x2273
mem[X,0x800011F2] -> 0x0030
[1153] [M]: 0x800011F0 (0x00302273) csrrs tp, fcsr, zero
CSR fcsr -> 0x00000000
x4 <- 0x00000000


mem[X,0x800011F4] -> 0xA827
mem[X,0x800011F6] -> 0x03F0
[1154] [M]: 0x800011F4 (0x03F0A827) fsw ft11, 48(ra)
mem[0x80003C44] <- 0xFFFF7E00


mem[X,0x800011F8] -> 0xAA23
mem[X,0x800011FA] -> 0x0240
[1155] [M]: 0x800011F8 (0x0240AA23) sw tp, 52(ra)
mem[0x80003C48] <- 0x00000000


mem[X,0x800011FC] -> 0xAF07
mem[X,0x800011FE] -> 0x4381
[1156] [M]: 0x800011FC (0x4381AF07) flw ft10, 1080(gp)
mem[R,0x80003448] -> 0x0000760C
f30 <- 0xFFFFFFFF0000760C


mem[X,0x80001200] -> 0xAE87
mem[X,0x80001202] -> 0x43C1
[1157] [M]: 0x80001200 (0x43C1AE87) flw ft9, 1084(gp)
mem[R,0x8000344C] -> 0x0000760C
f29 <- 0xFFFFFFFF0000760C


mem[X,0x80001204] -> 0x0113
mem[X,0x80001206] -> 0x0000
[1158] [M]: 0x80001204 (0x00000113) addi sp, zero, 0
x2 <- 0x00000000


mem[X,0x80001208] -> 0x1073
mem[X,0x8000120A] -> 0x0031
[1159] [M]: 0x80001208 (0x00311073) csrrw zero, fcsr, sp
CSR fcsr -> 0x00000000
CSR fcsr <- 0x00000000 (input: 0x00000000)


mem[X,0x8000120C] -> 0x7FD3
mem[X,0x8000120E] -> 0x0DDF
[1160] [M]: 0x8000120C (0x0DDF7FD3) fsub.h ft11, ft10, ft9, dyn
f31 <- 0xFFFFFFFFFFFF7E00


mem[X,0x80001210] -> 0x2273
mem[X,0x80001212] -> 0x0030
[1161] [M]: 0x80001210 (0x00302273) csrrs tp, fcsr, zero
CSR fcsr -> 0x00000000
x4 <- 0x00000000


mem[X,0x80001214] -> 0xAC27
mem[X,0x80001216] -> 0x03F0
[1162] [M]: 0x80001214 (0x03F0AC27) fsw ft11, 56(ra)
mem[0x80003C4C] <- 0xFFFF7E00


mem[X,0x80001218] -> 0xAE23
mem[X,0x8000121A] -> 0x0240
[1163] [M]: 0x80001218 (0x0240AE23) sw tp, 60(ra)
mem[0x80003C50] <- 0x00000000


mem[X,0x8000121C] -> 0xAF07
mem[X,0x8000121E] -> 0x4401
[1164] [M]: 0x8000121C (0x4401AF07) flw ft10, 1088(gp)
mem[R,0x80003450] -> 0x00007B45
f30 <- 0xFFFFFFFF00007B45


mem[X,0x80001220] -> 0xAE87
mem[X,0x80001222] -> 0x4441
[1165] [M]: 0x80001220 (0x4441AE87) flw ft9, 1092(gp)
mem[R,0x80003454] -> 0x00007B45
f29 <- 0xFFFFFFFF00007B45


mem[X,0x80001224] -> 0x0113
mem[X,0x80001226] -> 0x0000
[1166] [M]: 0x80001224 (0x00000113) addi sp, zero, 0
x2 <- 0x00000000


mem[X,0x80001228] -> 0x1073
mem[X,0x8000122A] -> 0x0031
[1167] [M]: 0x80001228 (0x00311073) csrrw zero, fcsr, sp
CSR fcsr -> 0x00000000
CSR fcsr <- 0x00000000 (input: 0x00000000)


mem[X,0x8000122C] -> 0x7FD3
mem[X,0x8000122E] -> 0x0DDF
[1168] [M]: 0x8000122C (0x0DDF7FD3) fsub.h ft11, ft10, ft9, dyn
f31 <- 0xFFFFFFFFFFFF7E00


mem[X,0x80001230] -> 0x2273
mem[X,0x80001232] -> 0x0030
[1169] [M]: 0x80001230 (0x00302273) csrrs tp, fcsr, zero
CSR fcsr -> 0x00000000
x4 <- 0x00000000


mem[X,0x80001234] -> 0xA027
mem[X,0x80001236] -> 0x05F0
[1170] [M]: 0x80001234 (0x05F0A027) fsw ft11, 64(ra)
mem[0x80003C54] <- 0xFFFF7E00


mem[X,0x80001238] -> 0xA223
mem[X,0x8000123A] -> 0x0440
[1171] [M]: 0x80001238 (0x0440A223) sw tp, 68(ra)
mem[0x80003C58] <- 0x00000000


mem[X,0x8000123C] -> 0xAF07
mem[X,0x8000123E] -> 0x4481
[1172] [M]: 0x8000123C (0x4481AF07) flw ft10, 1096(gp)
mem[R,0x80003458] -> 0x0000740D
f30 <- 0xFFFFFFFF0000740D


mem[X,0x80001240] -> 0xAE87
mem[X,0x80001242] -> 0x44C1
[1173] [M]: 0x80001240 (0x44C1AE87) flw ft9, 1100(gp)
mem[R,0x8000345C] -> 0x0000740D
f29 <- 0xFFFFFFFF0000740D


mem[X,0x80001244] -> 0x0113
mem[X,0x80001246] -> 0x0000
[1174] [M]: 0x80001244 (0x00000113) addi sp, zero, 0
x2 <- 0x00000000


mem[X,0x80001248] -> 0x1073
mem[X,0x8000124A] -> 0x0031
[1175] [M]: 0x80001248 (0x00311073) csrrw zero, fcsr, sp
CSR fcsr -> 0x00000000
CSR fcsr <- 0x00000000 (input: 0x00000000)


mem[X,0x8000124C] -> 0x7FD3
mem[X,0x8000124E] -> 0x0DDF
[1176] [M]: 0x8000124C (0x0DDF7FD3) fsub.h ft11, ft10, ft9, dyn
f31 <- 0xFFFFFFFFFFFF7E00


mem[X,0x80001250] -> 0x2273
mem[X,0x80001252] -> 0x0030
[1177] [M]: 0x80001250 (0x00302273) csrrs tp, fcsr, zero
CSR fcsr -> 0x00000000
x4 <- 0x00000000


mem[X,0x80001254] -> 0xA427
mem[X,0x80001256] -> 0x05F0
[1178] [M]: 0x80001254 (0x05F0A427) fsw ft11, 72(ra)
mem[0x80003C5C] <- 0xFFFF7E00


mem[X,0x80001258] -> 0xA623
mem[X,0x8000125A] -> 0x0440
[1179] [M]: 0x80001258 (0x0440A623) sw tp, 76(ra)
mem[0x80003C60] <- 0x00000000


mem[X,0x8000125C] -> 0xAF07
mem[X,0x8000125E] -> 0x4501
[1180] [M]: 0x8000125C (0x4501AF07) flw ft10, 1104(gp)
mem[R,0x80003460] -> 0x00006E67
f30 <- 0xFFFFFFFF00006E67


mem[X,0x80001260] -> 0xAE87
mem[X,0x80001262] -> 0x4541
[1181] [M]: 0x80001260 (0x4541AE87) flw ft9, 1108(gp)
mem[R,0x80003464] -> 0x00006E67
f29 <- 0xFFFFFFFF00006E67


mem[X,0x80001264] -> 0x0113
mem[X,0x80001266] -> 0x0000
[1182] [M]: 0x80001264 (0x00000113) addi sp, zero, 0
x2 <- 0x00000000


mem[X,0x80001268] -> 0x1073
mem[X,0x8000126A] -> 0x0031
[1183] [M]: 0x80001268 (0x00311073) csrrw zero, fcsr, sp
CSR fcsr -> 0x00000000
CSR fcsr <- 0x00000000 (input: 0x00000000)


mem[X,0x8000126C] -> 0x7FD3
mem[X,0x8000126E] -> 0x0DDF
[1184] [M]: 0x8000126C (0x0DDF7FD3) fsub.h ft11, ft10, ft9, dyn
f31 <- 0xFFFFFFFFFFFF7E00


mem[X,0x80001270] -> 0x2273
mem[X,0x80001272] -> 0x0030
[1185] [M]: 0x80001270 (0x00302273) csrrs tp, fcsr, zero
CSR fcsr -> 0x00000000
x4 <- 0x00000000


mem[X,0x80001274] -> 0xA827
mem[X,0x80001276] -> 0x05F0
[1186] [M]: 0x80001274 (0x05F0A827) fsw ft11, 80(ra)
mem[0x80003C64] <- 0xFFFF7E00


mem[X,0x80001278] -> 0xAA23
mem[X,0x8000127A] -> 0x0440
[1187] [M]: 0x80001278 (0x0440AA23) sw tp, 84(ra)
mem[0x80003C68] <- 0x00000000


mem[X,0x8000127C] -> 0xAF07
mem[X,0x8000127E] -> 0x4581
[1188] [M]: 0x8000127C (0x4581AF07) flw ft10, 1112(gp)
mem[R,0x80003468] -> 0x00006911
f30 <- 0xFFFFFFFF00006911


mem[X,0x80001280] -> 0xAE87
mem[X,0x80001282] -> 0x45C1
[1189] [M]: 0x80001280 (0x45C1AE87) flw ft9, 1116(gp)
mem[R,0x8000346C] -> 0x00006911
f29 <- 0xFFFFFFFF00006911


mem[X,0x80001284] -> 0x0113
mem[X,0x80001286] -> 0x0000
[1190] [M]: 0x80001284 (0x00000113) addi sp, zero, 0
x2 <- 0x00000000


mem[X,0x80001288] -> 0x1073
mem[X,0x8000128A] -> 0x0031
[1191] [M]: 0x80001288 (0x00311073) csrrw zero, fcsr, sp
CSR fcsr -> 0x00000000
CSR fcsr <- 0x00000000 (input: 0x00000000)


mem[X,0x8000128C] -> 0x7FD3
mem[X,0x8000128E] -> 0x0DDF
[1192] [M]: 0x8000128C (0x0DDF7FD3) fsub.h ft11, ft10, ft9, dyn
f31 <- 0xFFFFFFFFFFFF7E00


mem[X,0x80001290] -> 0x2273
mem[X,0x80001292] -> 0x0030
[1193] [M]: 0x80001290 (0x00302273) csrrs tp, fcsr, zero
CSR fcsr -> 0x00000000
x4 <- 0x00000000


mem[X,0x80001294] -> 0xAC27
mem[X,0x80001296] -> 0x05F0
[1194] [M]: 0x80001294 (0x05F0AC27) fsw ft11, 88(ra)
mem[0x80003C6C] <- 0xFFFF7E00


mem[X,0x80001298] -> 0xAE23
mem[X,0x8000129A] -> 0x0440
[1195] [M]: 0x80001298 (0x0440AE23) sw tp, 92(ra)
mem[0x80003C70] <- 0x00000000


mem[X,0x8000129C] -> 0xAF07
mem[X,0x8000129E] -> 0x4601
[1196] [M]: 0x8000129C (0x4601AF07) flw ft10, 1120(gp)
mem[R,0x80003470] -> 0x00007BDB
f30 <- 0xFFFFFFFF00007BDB


mem[X,0x800012A0] -> 0xAE87
mem[X,0x800012A2] -> 0x4641
[1197] [M]: 0x800012A0 (0x4641AE87) flw ft9, 1124(gp)
mem[R,0x80003474] -> 0x00007BDB
f29 <- 0xFFFFFFFF00007BDB


mem[X,0x800012A4] -> 0x0113
mem[X,0x800012A6] -> 0x0000
[1198] [M]: 0x800012A4 (0x00000113) addi sp, zero, 0
x2 <- 0x00000000


mem[X,0x800012A8] -> 0x1073
mem[X,0x800012AA] -> 0x0031
[1199] [M]: 0x800012A8 (0x00311073) csrrw zero, fcsr, sp
CSR fcsr -> 0x00000000
CSR fcsr <- 0x00000000 (input: 0x00000000)


clint::tick mtime <- 0x000000000000000C
 clint timer pending at mtime 0x000000000000000C
htif::tick 0x0000000000000000
mem[X,0x800012AC] -> 0x7FD3
mem[X,0x800012AE] -> 0x0DDF
[1200] [M]: 0x800012AC (0x0DDF7FD3) fsub.h ft11, ft10, ft9, dyn
f31 <- 0xFFFFFFFFFFFF7E00


mem[X,0x800012B0] -> 0x2273
mem[X,0x800012B2] -> 0x0030
[1201] [M]: 0x800012B0 (0x00302273) csrrs tp, fcsr, zero
CSR fcsr -> 0x00000000
x4 <- 0x00000000


mem[X,0x800012B4] -> 0xA027
mem[X,0x800012B6] -> 0x07F0
[1202] [M]: 0x800012B4 (0x07F0A027) fsw ft11, 96(ra)
mem[0x80003C74] <- 0xFFFF7E00


mem[X,0x800012B8] -> 0xA223
mem[X,0x800012BA] -> 0x0640
[1203] [M]: 0x800012B8 (0x0640A223) sw tp, 100(ra)
mem[0x80003C78] <- 0x00000000


mem[X,0x800012BC] -> 0xAF07
mem[X,0x800012BE] -> 0x4681
[1204] [M]: 0x800012BC (0x4681AF07) flw ft10, 1128(gp)
mem[R,0x80003478] -> 0x000078C5
f30 <- 0xFFFFFFFF000078C5


mem[X,0x800012C0] -> 0xAE87
mem[X,0x800012C2] -> 0x46C1
[1205] [M]: 0x800012C0 (0x46C1AE87) flw ft9, 1132(gp)
mem[R,0x8000347C] -> 0x000078C5
f29 <- 0xFFFFFFFF000078C5


mem[X,0x800012C4] -> 0x0113
mem[X,0x800012C6] -> 0x0000
[1206] [M]: 0x800012C4 (0x00000113) addi sp, zero, 0
x2 <- 0x00000000


mem[X,0x800012C8] -> 0x1073
mem[X,0x800012CA] -> 0x0031
[1207] [M]: 0x800012C8 (0x00311073) csrrw zero, fcsr, sp
CSR fcsr -> 0x00000000
CSR fcsr <- 0x00000000 (input: 0x00000000)


mem[X,0x800012CC] -> 0x7FD3
mem[X,0x800012CE] -> 0x0DDF
[1208] [M]: 0x800012CC (0x0DDF7FD3) fsub.h ft11, ft10, ft9, dyn
f31 <- 0xFFFFFFFFFFFF7E00


mem[X,0x800012D0] -> 0x2273
mem[X,0x800012D2] -> 0x0030
[1209] [M]: 0x800012D0 (0x00302273) csrrs tp, fcsr, zero
CSR fcsr -> 0x00000000
x4 <- 0x00000000


mem[X,0x800012D4] -> 0xA427
mem[X,0x800012D6] -> 0x07F0
[1210] [M]: 0x800012D4 (0x07F0A427) fsw ft11, 104(ra)
mem[0x80003C7C] <- 0xFFFF7E00


mem[X,0x800012D8] -> 0xA623
mem[X,0x800012DA] -> 0x0640
[1211] [M]: 0x800012D8 (0x0640A623) sw tp, 108(ra)
mem[0x80003C80] <- 0x00000000


mem[X,0x800012DC] -> 0xAF07
mem[X,0x800012DE] -> 0x4701
[1212] [M]: 0x800012DC (0x4701AF07) flw ft10, 1136(gp)
mem[R,0x80003480] -> 0x00007502
f30 <- 0xFFFFFFFF00007502


mem[X,0x800012E0] -> 0xAE87
mem[X,0x800012E2] -> 0x4741
[1213] [M]: 0x800012E0 (0x4741AE87) flw ft9, 1140(gp)
mem[R,0x80003484] -> 0x00007502
f29 <- 0xFFFFFFFF00007502


mem[X,0x800012E4] -> 0x0113
mem[X,0x800012E6] -> 0x0000
[1214] [M]: 0x800012E4 (0x00000113) addi sp, zero, 0
x2 <- 0x00000000


mem[X,0x800012E8] -> 0x1073
mem[X,0x800012EA] -> 0x0031
[1215] [M]: 0x800012E8 (0x00311073) csrrw zero, fcsr, sp
CSR fcsr -> 0x00000000
CSR fcsr <- 0x00000000 (input: 0x00000000)


mem[X,0x800012EC] -> 0x7FD3
mem[X,0x800012EE] -> 0x0DDF
[1216] [M]: 0x800012EC (0x0DDF7FD3) fsub.h ft11, ft10, ft9, dyn
f31 <- 0xFFFFFFFFFFFF7E00


mem[X,0x800012F0] -> 0x2273
mem[X,0x800012F2] -> 0x0030
[1217] [M]: 0x800012F0 (0x00302273) csrrs tp, fcsr, zero
CSR fcsr -> 0x00000000
x4 <- 0x00000000


mem[X,0x800012F4] -> 0xA827
mem[X,0x800012F6] -> 0x07F0
[1218] [M]: 0x800012F4 (0x07F0A827) fsw ft11, 112(ra)
mem[0x80003C84] <- 0xFFFF7E00


mem[X,0x800012F8] -> 0xAA23
mem[X,0x800012FA] -> 0x0640
[1219] [M]: 0x800012F8 (0x0640AA23) sw tp, 116(ra)
mem[0x80003C88] <- 0x00000000


mem[X,0x800012FC] -> 0xAF07
mem[X,0x800012FE] -> 0x4781
[1220] [M]: 0x800012FC (0x4781AF07) flw ft10, 1144(gp)
mem[R,0x80003488] -> 0x00007B4D
f30 <- 0xFFFFFFFF00007B4D


mem[X,0x80001300] -> 0xAE87
mem[X,0x80001302] -> 0x47C1
[1221] [M]: 0x80001300 (0x47C1AE87) flw ft9, 1148(gp)
mem[R,0x8000348C] -> 0x00007B4D
f29 <- 0xFFFFFFFF00007B4D


mem[X,0x80001304] -> 0x0113
mem[X,0x80001306] -> 0x0000
[1222] [M]: 0x80001304 (0x00000113) addi sp, zero, 0
x2 <- 0x00000000


mem[X,0x80001308] -> 0x1073
mem[X,0x8000130A] -> 0x0031
[1223] [M]: 0x80001308 (0x00311073) csrrw zero, fcsr, sp
CSR fcsr -> 0x00000000
CSR fcsr <- 0x00000000 (input: 0x00000000)


mem[X,0x8000130C] -> 0x7FD3
mem[X,0x8000130E] -> 0x0DDF
[1224] [M]: 0x8000130C (0x0DDF7FD3) fsub.h ft11, ft10, ft9, dyn
f31 <- 0xFFFFFFFFFFFF7E00


mem[X,0x80001310] -> 0x2273
mem[X,0x80001312] -> 0x0030
[1225] [M]: 0x80001310 (0x00302273) csrrs tp, fcsr, zero
CSR fcsr -> 0x00000000
x4 <- 0x00000000


mem[X,0x80001314] -> 0xAC27
mem[X,0x80001316] -> 0x07F0
[1226] [M]: 0x80001314 (0x07F0AC27) fsw ft11, 120(ra)
mem[0x80003C8C] <- 0xFFFF7E00


mem[X,0x80001318] -> 0xAE23
mem[X,0x8000131A] -> 0x0640
[1227] [M]: 0x80001318 (0x0640AE23) sw tp, 124(ra)
mem[0x80003C90] <- 0x00000000


mem[X,0x8000131C] -> 0xAF07
mem[X,0x8000131E] -> 0x4801
[1228] [M]: 0x8000131C (0x4801AF07) flw ft10, 1152(gp)
mem[R,0x80003490] -> 0x00007BC1
f30 <- 0xFFFFFFFF00007BC1


mem[X,0x80001320] -> 0xAE87
mem[X,0x80001322] -> 0x4841
[1229] [M]: 0x80001320 (0x4841AE87) flw ft9, 1156(gp)
mem[R,0x80003494] -> 0x00007BC1
f29 <- 0xFFFFFFFF00007BC1


mem[X,0x80001324] -> 0x0113
mem[X,0x80001326] -> 0x0000
[1230] [M]: 0x80001324 (0x00000113) addi sp, zero, 0
x2 <- 0x00000000


mem[X,0x80001328] -> 0x1073
mem[X,0x8000132A] -> 0x0031
[1231] [M]: 0x80001328 (0x00311073) csrrw zero, fcsr, sp
CSR fcsr -> 0x00000000
CSR fcsr <- 0x00000000 (input: 0x00000000)


mem[X,0x8000132C] -> 0x7FD3
mem[X,0x8000132E] -> 0x0DDF
[1232] [M]: 0x8000132C (0x0DDF7FD3) fsub.h ft11, ft10, ft9, dyn
f31 <- 0xFFFFFFFFFFFF7E00


mem[X,0x80001330] -> 0x2273
mem[X,0x80001332] -> 0x0030
[1233] [M]: 0x80001330 (0x00302273) csrrs tp, fcsr, zero
CSR fcsr -> 0x00000000
x4 <- 0x00000000


mem[X,0x80001334] -> 0xA027
mem[X,0x80001336] -> 0x09F0
[1234] [M]: 0x80001334 (0x09F0A027) fsw ft11, 128(ra)
mem[0x80003C94] <- 0xFFFF7E00


mem[X,0x80001338] -> 0xA223
mem[X,0x8000133A] -> 0x0840
[1235] [M]: 0x80001338 (0x0840A223) sw tp, 132(ra)
mem[0x80003C98] <- 0x00000000


mem[X,0x8000133C] -> 0xAF07
mem[X,0x8000133E] -> 0x4881
[1236] [M]: 0x8000133C (0x4881AF07) flw ft10, 1160(gp)
mem[R,0x80003498] -> 0x000072E2
f30 <- 0xFFFFFFFF000072E2


mem[X,0x80001340] -> 0xAE87
mem[X,0x80001342] -> 0x48C1
[1237] [M]: 0x80001340 (0x48C1AE87) flw ft9, 1164(gp)
mem[R,0x8000349C] -> 0x000072E2
f29 <- 0xFFFFFFFF000072E2


mem[X,0x80001344] -> 0x0113
mem[X,0x80001346] -> 0x0000
[1238] [M]: 0x80001344 (0x00000113) addi sp, zero, 0
x2 <- 0x00000000


mem[X,0x80001348] -> 0x1073
mem[X,0x8000134A] -> 0x0031
[1239] [M]: 0x80001348 (0x00311073) csrrw zero, fcsr, sp
CSR fcsr -> 0x00000000
CSR fcsr <- 0x00000000 (input: 0x00000000)


mem[X,0x8000134C] -> 0x7FD3
mem[X,0x8000134E] -> 0x0DDF
[1240] [M]: 0x8000134C (0x0DDF7FD3) fsub.h ft11, ft10, ft9, dyn
f31 <- 0xFFFFFFFFFFFF7E00


mem[X,0x80001350] -> 0x2273
mem[X,0x80001352] -> 0x0030
[1241] [M]: 0x80001350 (0x00302273) csrrs tp, fcsr, zero
CSR fcsr -> 0x00000000
x4 <- 0x00000000


mem[X,0x80001354] -> 0xA427
mem[X,0x80001356] -> 0x09F0
[1242] [M]: 0x80001354 (0x09F0A427) fsw ft11, 136(ra)
mem[0x80003C9C] <- 0xFFFF7E00


mem[X,0x80001358] -> 0xA623
mem[X,0x8000135A] -> 0x0840
[1243] [M]: 0x80001358 (0x0840A623) sw tp, 140(ra)
mem[0x80003CA0] <- 0x00000000


mem[X,0x8000135C] -> 0xAF07
mem[X,0x8000135E] -> 0x4901
[1244] [M]: 0x8000135C (0x4901AF07) flw ft10, 1168(gp)
mem[R,0x800034A0] -> 0x00007BD5
f30 <- 0xFFFFFFFF00007BD5


mem[X,0x80001360] -> 0xAE87
mem[X,0x80001362] -> 0x4941
[1245] [M]: 0x80001360 (0x4941AE87) flw ft9, 1172(gp)
mem[R,0x800034A4] -> 0x00007BD5
f29 <- 0xFFFFFFFF00007BD5


mem[X,0x80001364] -> 0x0113
mem[X,0x80001366] -> 0x0000
[1246] [M]: 0x80001364 (0x00000113) addi sp, zero, 0
x2 <- 0x00000000


mem[X,0x80001368] -> 0x1073
mem[X,0x8000136A] -> 0x0031
[1247] [M]: 0x80001368 (0x00311073) csrrw zero, fcsr, sp
CSR fcsr -> 0x00000000
CSR fcsr <- 0x00000000 (input: 0x00000000)


mem[X,0x8000136C] -> 0x7FD3
mem[X,0x8000136E] -> 0x0DDF
[1248] [M]: 0x8000136C (0x0DDF7FD3) fsub.h ft11, ft10, ft9, dyn
f31 <- 0xFFFFFFFFFFFF7E00


mem[X,0x80001370] -> 0x2273
mem[X,0x80001372] -> 0x0030
[1249] [M]: 0x80001370 (0x00302273) csrrs tp, fcsr, zero
CSR fcsr -> 0x00000000
x4 <- 0x00000000


mem[X,0x80001374] -> 0xA827
mem[X,0x80001376] -> 0x09F0
[1250] [M]: 0x80001374 (0x09F0A827) fsw ft11, 144(ra)
mem[0x80003CA4] <- 0xFFFF7E00


mem[X,0x80001378] -> 0xAA23
mem[X,0x8000137A] -> 0x0840
[1251] [M]: 0x80001378 (0x0840AA23) sw tp, 148(ra)
mem[0x80003CA8] <- 0x00000000


mem[X,0x8000137C] -> 0xAF07
mem[X,0x8000137E] -> 0x4981
[1252] [M]: 0x8000137C (0x4981AF07) flw ft10, 1176(gp)
mem[R,0x800034A8] -> 0x00007980
f30 <- 0xFFFFFFFF00007980


mem[X,0x80001380] -> 0xAE87
mem[X,0x80001382] -> 0x49C1
[1253] [M]: 0x80001380 (0x49C1AE87) flw ft9, 1180(gp)
mem[R,0x800034AC] -> 0x00007980
f29 <- 0xFFFFFFFF00007980


mem[X,0x80001384] -> 0x0113
mem[X,0x80001386] -> 0x0000
[1254] [M]: 0x80001384 (0x00000113) addi sp, zero, 0
x2 <- 0x00000000


mem[X,0x80001388] -> 0x1073
mem[X,0x8000138A] -> 0x0031
[1255] [M]: 0x80001388 (0x00311073) csrrw zero, fcsr, sp
CSR fcsr -> 0x00000000
CSR fcsr <- 0x00000000 (input: 0x00000000)


mem[X,0x8000138C] -> 0x7FD3
mem[X,0x8000138E] -> 0x0DDF
[1256] [M]: 0x8000138C (0x0DDF7FD3) fsub.h ft11, ft10, ft9, dyn
f31 <- 0xFFFFFFFFFFFF7E00


mem[X,0x80001390] -> 0x2273
mem[X,0x80001392] -> 0x0030
[1257] [M]: 0x80001390 (0x00302273) csrrs tp, fcsr, zero
CSR fcsr -> 0x00000000
x4 <- 0x00000000


mem[X,0x80001394] -> 0xAC27
mem[X,0x80001396] -> 0x09F0
[1258] [M]: 0x80001394 (0x09F0AC27) fsw ft11, 152(ra)
mem[0x80003CAC] <- 0xFFFF7E00


mem[X,0x80001398] -> 0xAE23
mem[X,0x8000139A] -> 0x0840
[1259] [M]: 0x80001398 (0x0840AE23) sw tp, 156(ra)
mem[0x80003CB0] <- 0x00000000


mem[X,0x8000139C] -> 0xAF07
mem[X,0x8000139E] -> 0x4A01
[1260] [M]: 0x8000139C (0x4A01AF07) flw ft10, 1184(gp)
mem[R,0x800034B0] -> 0x00007424
f30 <- 0xFFFFFFFF00007424


mem[X,0x800013A0] -> 0xAE87
mem[X,0x800013A2] -> 0x4A41
[1261] [M]: 0x800013A0 (0x4A41AE87) flw ft9, 1188(gp)
mem[R,0x800034B4] -> 0x00007424
f29 <- 0xFFFFFFFF00007424


mem[X,0x800013A4] -> 0x0113
mem[X,0x800013A6] -> 0x0000
[1262] [M]: 0x800013A4 (0x00000113) addi sp, zero, 0
x2 <- 0x00000000


mem[X,0x800013A8] -> 0x1073
mem[X,0x800013AA] -> 0x0031
[1263] [M]: 0x800013A8 (0x00311073) csrrw zero, fcsr, sp
CSR fcsr -> 0x00000000
CSR fcsr <- 0x00000000 (input: 0x00000000)


mem[X,0x800013AC] -> 0x7FD3
mem[X,0x800013AE] -> 0x0DDF
[1264] [M]: 0x800013AC (0x0DDF7FD3) fsub.h ft11, ft10, ft9, dyn
f31 <- 0xFFFFFFFFFFFF7E00


mem[X,0x800013B0] -> 0x2273
mem[X,0x800013B2] -> 0x0030
[1265] [M]: 0x800013B0 (0x00302273) csrrs tp, fcsr, zero
CSR fcsr -> 0x00000000
x4 <- 0x00000000


mem[X,0x800013B4] -> 0xA027
mem[X,0x800013B6] -> 0x0BF0
[1266] [M]: 0x800013B4 (0x0BF0A027) fsw ft11, 160(ra)
mem[0x80003CB4] <- 0xFFFF7E00


mem[X,0x800013B8] -> 0xA223
mem[X,0x800013BA] -> 0x0A40
[1267] [M]: 0x800013B8 (0x0A40A223) sw tp, 164(ra)
mem[0x80003CB8] <- 0x00000000


mem[X,0x800013BC] -> 0xAF07
mem[X,0x800013BE] -> 0x4A81
[1268] [M]: 0x800013BC (0x4A81AF07) flw ft10, 1192(gp)
mem[R,0x800034B8] -> 0x000074EA
f30 <- 0xFFFFFFFF000074EA


mem[X,0x800013C0] -> 0xAE87
mem[X,0x800013C2] -> 0x4AC1
[1269] [M]: 0x800013C0 (0x4AC1AE87) flw ft9, 1196(gp)
mem[R,0x800034BC] -> 0x000074EA
f29 <- 0xFFFFFFFF000074EA


mem[X,0x800013C4] -> 0x0113
mem[X,0x800013C6] -> 0x0000
[1270] [M]: 0x800013C4 (0x00000113) addi sp, zero, 0
x2 <- 0x00000000


mem[X,0x800013C8] -> 0x1073
mem[X,0x800013CA] -> 0x0031
[1271] [M]: 0x800013C8 (0x00311073) csrrw zero, fcsr, sp
CSR fcsr -> 0x00000000
CSR fcsr <- 0x00000000 (input: 0x00000000)


mem[X,0x800013CC] -> 0x7FD3
mem[X,0x800013CE] -> 0x0DDF
[1272] [M]: 0x800013CC (0x0DDF7FD3) fsub.h ft11, ft10, ft9, dyn
f31 <- 0xFFFFFFFFFFFF7E00


mem[X,0x800013D0] -> 0x2273
mem[X,0x800013D2] -> 0x0030
[1273] [M]: 0x800013D0 (0x00302273) csrrs tp, fcsr, zero
CSR fcsr -> 0x00000000
x4 <- 0x00000000


mem[X,0x800013D4] -> 0xA427
mem[X,0x800013D6] -> 0x0BF0
[1274] [M]: 0x800013D4 (0x0BF0A427) fsw ft11, 168(ra)
mem[0x80003CBC] <- 0xFFFF7E00


mem[X,0x800013D8] -> 0xA623
mem[X,0x800013DA] -> 0x0A40
[1275] [M]: 0x800013D8 (0x0A40A623) sw tp, 172(ra)
mem[0x80003CC0] <- 0x00000000


mem[X,0x800013DC] -> 0xAF07
mem[X,0x800013DE] -> 0x4B01
[1276] [M]: 0x800013DC (0x4B01AF07) flw ft10, 1200(gp)
mem[R,0x800034C0] -> 0x00006D34
f30 <- 0xFFFFFFFF00006D34


mem[X,0x800013E0] -> 0xAE87
mem[X,0x800013E2] -> 0x4B41
[1277] [M]: 0x800013E0 (0x4B41AE87) flw ft9, 1204(gp)
mem[R,0x800034C4] -> 0x00006D34
f29 <- 0xFFFFFFFF00006D34


mem[X,0x800013E4] -> 0x0113
mem[X,0x800013E6] -> 0x0000
[1278] [M]: 0x800013E4 (0x00000113) addi sp, zero, 0
x2 <- 0x00000000


mem[X,0x800013E8] -> 0x1073
mem[X,0x800013EA] -> 0x0031
[1279] [M]: 0x800013E8 (0x00311073) csrrw zero, fcsr, sp
CSR fcsr -> 0x00000000
CSR fcsr <- 0x00000000 (input: 0x00000000)


mem[X,0x800013EC] -> 0x7FD3
mem[X,0x800013EE] -> 0x0DDF
[1280] [M]: 0x800013EC (0x0DDF7FD3) fsub.h ft11, ft10, ft9, dyn
f31 <- 0xFFFFFFFFFFFF7E00


mem[X,0x800013F0] -> 0x2273
mem[X,0x800013F2] -> 0x0030
[1281] [M]: 0x800013F0 (0x00302273) csrrs tp, fcsr, zero
CSR fcsr -> 0x00000000
x4 <- 0x00000000


mem[X,0x800013F4] -> 0xA827
mem[X,0x800013F6] -> 0x0BF0
[1282] [M]: 0x800013F4 (0x0BF0A827) fsw ft11, 176(ra)
mem[0x80003CC4] <- 0xFFFF7E00


mem[X,0x800013F8] -> 0xAA23
mem[X,0x800013FA] -> 0x0A40
[1283] [M]: 0x800013F8 (0x0A40AA23) sw tp, 180(ra)
mem[0x80003CC8] <- 0x00000000


mem[X,0x800013FC] -> 0xAF07
mem[X,0x800013FE] -> 0x4B81
[1284] [M]: 0x800013FC (0x4B81AF07) flw ft10, 1208(gp)
mem[R,0x800034C8] -> 0x00007936
f30 <- 0xFFFFFFFF00007936


mem[X,0x80001400] -> 0xAE87
mem[X,0x80001402] -> 0x4BC1
[1285] [M]: 0x80001400 (0x4BC1AE87) flw ft9, 1212(gp)
mem[R,0x800034CC] -> 0x00007936
f29 <- 0xFFFFFFFF00007936


mem[X,0x80001404] -> 0x0113
mem[X,0x80001406] -> 0x0000
[1286] [M]: 0x80001404 (0x00000113) addi sp, zero, 0
x2 <- 0x00000000


mem[X,0x80001408] -> 0x1073
mem[X,0x8000140A] -> 0x0031
[1287] [M]: 0x80001408 (0x00311073) csrrw zero, fcsr, sp
CSR fcsr -> 0x00000000
CSR fcsr <- 0x00000000 (input: 0x00000000)


mem[X,0x8000140C] -> 0x7FD3
mem[X,0x8000140E] -> 0x0DDF
[1288] [M]: 0x8000140C (0x0DDF7FD3) fsub.h ft11, ft10, ft9, dyn
f31 <- 0xFFFFFFFFFFFF7E00


mem[X,0x80001410] -> 0x2273
mem[X,0x80001412] -> 0x0030
[1289] [M]: 0x80001410 (0x00302273) csrrs tp, fcsr, zero
CSR fcsr -> 0x00000000
x4 <- 0x00000000


mem[X,0x80001414] -> 0xAC27
mem[X,0x80001416] -> 0x0BF0
[1290] [M]: 0x80001414 (0x0BF0AC27) fsw ft11, 184(ra)
mem[0x80003CCC] <- 0xFFFF7E00


mem[X,0x80001418] -> 0xAE23
mem[X,0x8000141A] -> 0x0A40
[1291] [M]: 0x80001418 (0x0A40AE23) sw tp, 188(ra)
mem[0x80003CD0] <- 0x00000000


mem[X,0x8000141C] -> 0xAF07
mem[X,0x8000141E] -> 0x4C01
[1292] [M]: 0x8000141C (0x4C01AF07) flw ft10, 1216(gp)
mem[R,0x800034D0] -> 0x00007B85
f30 <- 0xFFFFFFFF00007B85


mem[X,0x80001420] -> 0xAE87
mem[X,0x80001422] -> 0x4C41
[1293] [M]: 0x80001420 (0x4C41AE87) flw ft9, 1220(gp)
mem[R,0x800034D4] -> 0x00007B85
f29 <- 0xFFFFFFFF00007B85


mem[X,0x80001424] -> 0x0113
mem[X,0x80001426] -> 0x0000
[1294] [M]: 0x80001424 (0x00000113) addi sp, zero, 0
x2 <- 0x00000000


mem[X,0x80001428] -> 0x1073
mem[X,0x8000142A] -> 0x0031
[1295] [M]: 0x80001428 (0x00311073) csrrw zero, fcsr, sp
CSR fcsr -> 0x00000000
CSR fcsr <- 0x00000000 (input: 0x00000000)


mem[X,0x8000142C] -> 0x7FD3
mem[X,0x8000142E] -> 0x0DDF
[1296] [M]: 0x8000142C (0x0DDF7FD3) fsub.h ft11, ft10, ft9, dyn
f31 <- 0xFFFFFFFFFFFF7E00


mem[X,0x80001430] -> 0x2273
mem[X,0x80001432] -> 0x0030
[1297] [M]: 0x80001430 (0x00302273) csrrs tp, fcsr, zero
CSR fcsr -> 0x00000000
x4 <- 0x00000000


mem[X,0x80001434] -> 0xA027
mem[X,0x80001436] -> 0x0DF0
[1298] [M]: 0x80001434 (0x0DF0A027) fsw ft11, 192(ra)
mem[0x80003CD4] <- 0xFFFF7E00


mem[X,0x80001438] -> 0xA223
mem[X,0x8000143A] -> 0x0C40
[1299] [M]: 0x80001438 (0x0C40A223) sw tp, 196(ra)
mem[0x80003CD8] <- 0x00000000


clint::tick mtime <- 0x000000000000000D
 clint timer pending at mtime 0x000000000000000D
htif::tick 0x0000000000000000
mem[X,0x8000143C] -> 0xAF07
mem[X,0x8000143E] -> 0x4C81
[1300] [M]: 0x8000143C (0x4C81AF07) flw ft10, 1224(gp)
mem[R,0x800034D8] -> 0x000074E7
f30 <- 0xFFFFFFFF000074E7


mem[X,0x80001440] -> 0xAE87
mem[X,0x80001442] -> 0x4CC1
[1301] [M]: 0x80001440 (0x4CC1AE87) flw ft9, 1228(gp)
mem[R,0x800034DC] -> 0x000074E7
f29 <- 0xFFFFFFFF000074E7


mem[X,0x80001444] -> 0x0113
mem[X,0x80001446] -> 0x0000
[1302] [M]: 0x80001444 (0x00000113) addi sp, zero, 0
x2 <- 0x00000000


mem[X,0x80001448] -> 0x1073
mem[X,0x8000144A] -> 0x0031
[1303] [M]: 0x80001448 (0x00311073) csrrw zero, fcsr, sp
CSR fcsr -> 0x00000000
CSR fcsr <- 0x00000000 (input: 0x00000000)


mem[X,0x8000144C] -> 0x7FD3
mem[X,0x8000144E] -> 0x0DDF
[1304] [M]: 0x8000144C (0x0DDF7FD3) fsub.h ft11, ft10, ft9, dyn
f31 <- 0xFFFFFFFFFFFF7E00


mem[X,0x80001450] -> 0x2273
mem[X,0x80001452] -> 0x0030
[1305] [M]: 0x80001450 (0x00302273) csrrs tp, fcsr, zero
CSR fcsr -> 0x00000000
x4 <- 0x00000000


mem[X,0x80001454] -> 0xA427
mem[X,0x80001456] -> 0x0DF0
[1306] [M]: 0x80001454 (0x0DF0A427) fsw ft11, 200(ra)
mem[0x80003CDC] <- 0xFFFF7E00


mem[X,0x80001458] -> 0xA623
mem[X,0x8000145A] -> 0x0C40
[1307] [M]: 0x80001458 (0x0C40A623) sw tp, 204(ra)
mem[0x80003CE0] <- 0x00000000


mem[X,0x8000145C] -> 0xAF07
mem[X,0x8000145E] -> 0x4D01
[1308] [M]: 0x8000145C (0x4D01AF07) flw ft10, 1232(gp)
mem[R,0x800034E0] -> 0x00007510
f30 <- 0xFFFFFFFF00007510


mem[X,0x80001460] -> 0xAE87
mem[X,0x80001462] -> 0x4D41
[1309] [M]: 0x80001460 (0x4D41AE87) flw ft9, 1236(gp)
mem[R,0x800034E4] -> 0x00007510
f29 <- 0xFFFFFFFF00007510


mem[X,0x80001464] -> 0x0113
mem[X,0x80001466] -> 0x0000
[1310] [M]: 0x80001464 (0x00000113) addi sp, zero, 0
x2 <- 0x00000000


mem[X,0x80001468] -> 0x1073
mem[X,0x8000146A] -> 0x0031
[1311] [M]: 0x80001468 (0x00311073) csrrw zero, fcsr, sp
CSR fcsr -> 0x00000000
CSR fcsr <- 0x00000000 (input: 0x00000000)


mem[X,0x8000146C] -> 0x7FD3
mem[X,0x8000146E] -> 0x0DDF
[1312] [M]: 0x8000146C (0x0DDF7FD3) fsub.h ft11, ft10, ft9, dyn
f31 <- 0xFFFFFFFFFFFF7E00


mem[X,0x80001470] -> 0x2273
mem[X,0x80001472] -> 0x0030
[1313] [M]: 0x80001470 (0x00302273) csrrs tp, fcsr, zero
CSR fcsr -> 0x00000000
x4 <- 0x00000000


mem[X,0x80001474] -> 0xA827
mem[X,0x80001476] -> 0x0DF0
[1314] [M]: 0x80001474 (0x0DF0A827) fsw ft11, 208(ra)
mem[0x80003CE4] <- 0xFFFF7E00


mem[X,0x80001478] -> 0xAA23
mem[X,0x8000147A] -> 0x0C40
[1315] [M]: 0x80001478 (0x0C40AA23) sw tp, 212(ra)
mem[0x80003CE8] <- 0x00000000


mem[X,0x8000147C] -> 0xAF07
mem[X,0x8000147E] -> 0x4D81
[1316] [M]: 0x8000147C (0x4D81AF07) flw ft10, 1240(gp)
mem[R,0x800034E8] -> 0x00007B24
f30 <- 0xFFFFFFFF00007B24


mem[X,0x80001480] -> 0xAE87
mem[X,0x80001482] -> 0x4DC1
[1317] [M]: 0x80001480 (0x4DC1AE87) flw ft9, 1244(gp)
mem[R,0x800034EC] -> 0x00007B24
f29 <- 0xFFFFFFFF00007B24


mem[X,0x80001484] -> 0x0113
mem[X,0x80001486] -> 0x0000
[1318] [M]: 0x80001484 (0x00000113) addi sp, zero, 0
x2 <- 0x00000000


mem[X,0x80001488] -> 0x1073
mem[X,0x8000148A] -> 0x0031
[1319] [M]: 0x80001488 (0x00311073) csrrw zero, fcsr, sp
CSR fcsr -> 0x00000000
CSR fcsr <- 0x00000000 (input: 0x00000000)


mem[X,0x8000148C] -> 0x7FD3
mem[X,0x8000148E] -> 0x0DDF
[1320] [M]: 0x8000148C (0x0DDF7FD3) fsub.h ft11, ft10, ft9, dyn
f31 <- 0xFFFFFFFFFFFF7E00


mem[X,0x80001490] -> 0x2273
mem[X,0x80001492] -> 0x0030
[1321] [M]: 0x80001490 (0x00302273) csrrs tp, fcsr, zero
CSR fcsr -> 0x00000000
x4 <- 0x00000000


mem[X,0x80001494] -> 0xAC27
mem[X,0x80001496] -> 0x0DF0
[1322] [M]: 0x80001494 (0x0DF0AC27) fsw ft11, 216(ra)
mem[0x80003CEC] <- 0xFFFF7E00


mem[X,0x80001498] -> 0xAE23
mem[X,0x8000149A] -> 0x0C40
[1323] [M]: 0x80001498 (0x0C40AE23) sw tp, 220(ra)
mem[0x80003CF0] <- 0x00000000


mem[X,0x8000149C] -> 0xAF07
mem[X,0x8000149E] -> 0x4E01
[1324] [M]: 0x8000149C (0x4E01AF07) flw ft10, 1248(gp)
mem[R,0x800034F0] -> 0x00007558
f30 <- 0xFFFFFFFF00007558


mem[X,0x800014A0] -> 0xAE87
mem[X,0x800014A2] -> 0x4E41
[1325] [M]: 0x800014A0 (0x4E41AE87) flw ft9, 1252(gp)
mem[R,0x800034F4] -> 0x00007558
f29 <- 0xFFFFFFFF00007558


mem[X,0x800014A4] -> 0x0113
mem[X,0x800014A6] -> 0x0000
[1326] [M]: 0x800014A4 (0x00000113) addi sp, zero, 0
x2 <- 0x00000000


mem[X,0x800014A8] -> 0x1073
mem[X,0x800014AA] -> 0x0031
[1327] [M]: 0x800014A8 (0x00311073) csrrw zero, fcsr, sp
CSR fcsr -> 0x00000000
CSR fcsr <- 0x00000000 (input: 0x00000000)


mem[X,0x800014AC] -> 0x7FD3
mem[X,0x800014AE] -> 0x0DDF
[1328] [M]: 0x800014AC (0x0DDF7FD3) fsub.h ft11, ft10, ft9, dyn
f31 <- 0xFFFFFFFFFFFF7E00


mem[X,0x800014B0] -> 0x2273
mem[X,0x800014B2] -> 0x0030
[1329] [M]: 0x800014B0 (0x00302273) csrrs tp, fcsr, zero
CSR fcsr -> 0x00000000
x4 <- 0x00000000


mem[X,0x800014B4] -> 0xA027
mem[X,0x800014B6] -> 0x0FF0
[1330] [M]: 0x800014B4 (0x0FF0A027) fsw ft11, 224(ra)
mem[0x80003CF4] <- 0xFFFF7E00


mem[X,0x800014B8] -> 0xA223
mem[X,0x800014BA] -> 0x0E40
[1331] [M]: 0x800014B8 (0x0E40A223) sw tp, 228(ra)
mem[0x80003CF8] <- 0x00000000


mem[X,0x800014BC] -> 0xAF07
mem[X,0x800014BE] -> 0x4E81
[1332] [M]: 0x800014BC (0x4E81AF07) flw ft10, 1256(gp)
mem[R,0x800034F8] -> 0x000078A1
f30 <- 0xFFFFFFFF000078A1


mem[X,0x800014C0] -> 0xAE87
mem[X,0x800014C2] -> 0x4EC1
[1333] [M]: 0x800014C0 (0x4EC1AE87) flw ft9, 1260(gp)
mem[R,0x800034FC] -> 0x000078A1
f29 <- 0xFFFFFFFF000078A1


mem[X,0x800014C4] -> 0x0113
mem[X,0x800014C6] -> 0x0000
[1334] [M]: 0x800014C4 (0x00000113) addi sp, zero, 0
x2 <- 0x00000000


mem[X,0x800014C8] -> 0x1073
mem[X,0x800014CA] -> 0x0031
[1335] [M]: 0x800014C8 (0x00311073) csrrw zero, fcsr, sp
CSR fcsr -> 0x00000000
CSR fcsr <- 0x00000000 (input: 0x00000000)


mem[X,0x800014CC] -> 0x7FD3
mem[X,0x800014CE] -> 0x0DDF
[1336] [M]: 0x800014CC (0x0DDF7FD3) fsub.h ft11, ft10, ft9, dyn
f31 <- 0xFFFFFFFFFFFF7E00


mem[X,0x800014D0] -> 0x2273
mem[X,0x800014D2] -> 0x0030
[1337] [M]: 0x800014D0 (0x00302273) csrrs tp, fcsr, zero
CSR fcsr -> 0x00000000
x4 <- 0x00000000


mem[X,0x800014D4] -> 0xA427
mem[X,0x800014D6] -> 0x0FF0
[1338] [M]: 0x800014D4 (0x0FF0A427) fsw ft11, 232(ra)
mem[0x80003CFC] <- 0xFFFF7E00


mem[X,0x800014D8] -> 0xA623
mem[X,0x800014DA] -> 0x0E40
[1339] [M]: 0x800014D8 (0x0E40A623) sw tp, 236(ra)
mem[0x80003D00] <- 0x00000000


mem[X,0x800014DC] -> 0xAF07
mem[X,0x800014DE] -> 0x4F01
[1340] [M]: 0x800014DC (0x4F01AF07) flw ft10, 1264(gp)
mem[R,0x80003500] -> 0x000073D6
f30 <- 0xFFFFFFFF000073D6


mem[X,0x800014E0] -> 0xAE87
mem[X,0x800014E2] -> 0x4F41
[1341] [M]: 0x800014E0 (0x4F41AE87) flw ft9, 1268(gp)
mem[R,0x80003504] -> 0x000073D6
f29 <- 0xFFFFFFFF000073D6


mem[X,0x800014E4] -> 0x0113
mem[X,0x800014E6] -> 0x0000
[1342] [M]: 0x800014E4 (0x00000113) addi sp, zero, 0
x2 <- 0x00000000


mem[X,0x800014E8] -> 0x1073
mem[X,0x800014EA] -> 0x0031
[1343] [M]: 0x800014E8 (0x00311073) csrrw zero, fcsr, sp
CSR fcsr -> 0x00000000
CSR fcsr <- 0x00000000 (input: 0x00000000)


mem[X,0x800014EC] -> 0x7FD3
mem[X,0x800014EE] -> 0x0DDF
[1344] [M]: 0x800014EC (0x0DDF7FD3) fsub.h ft11, ft10, ft9, dyn
f31 <- 0xFFFFFFFFFFFF7E00


mem[X,0x800014F0] -> 0x2273
mem[X,0x800014F2] -> 0x0030
[1345] [M]: 0x800014F0 (0x00302273) csrrs tp, fcsr, zero
CSR fcsr -> 0x00000000
x4 <- 0x00000000


mem[X,0x800014F4] -> 0xA827
mem[X,0x800014F6] -> 0x0FF0
[1346] [M]: 0x800014F4 (0x0FF0A827) fsw ft11, 240(ra)
mem[0x80003D04] <- 0xFFFF7E00


mem[X,0x800014F8] -> 0xAA23
mem[X,0x800014FA] -> 0x0E40
[1347] [M]: 0x800014F8 (0x0E40AA23) sw tp, 244(ra)
mem[0x80003D08] <- 0x00000000


mem[X,0x800014FC] -> 0xAF07
mem[X,0x800014FE] -> 0x4F81
[1348] [M]: 0x800014FC (0x4F81AF07) flw ft10, 1272(gp)
mem[R,0x80003508] -> 0x000073CB
f30 <- 0xFFFFFFFF000073CB


mem[X,0x80001500] -> 0xAE87
mem[X,0x80001502] -> 0x4FC1
[1349] [M]: 0x80001500 (0x4FC1AE87) flw ft9, 1276(gp)
mem[R,0x8000350C] -> 0x000073CB
f29 <- 0xFFFFFFFF000073CB


mem[X,0x80001504] -> 0x0113
mem[X,0x80001506] -> 0x0000
[1350] [M]: 0x80001504 (0x00000113) addi sp, zero, 0
x2 <- 0x00000000


mem[X,0x80001508] -> 0x1073
mem[X,0x8000150A] -> 0x0031
[1351] [M]: 0x80001508 (0x00311073) csrrw zero, fcsr, sp
CSR fcsr -> 0x00000000
CSR fcsr <- 0x00000000 (input: 0x00000000)


mem[X,0x8000150C] -> 0x7FD3
mem[X,0x8000150E] -> 0x0DDF
[1352] [M]: 0x8000150C (0x0DDF7FD3) fsub.h ft11, ft10, ft9, dyn
f31 <- 0xFFFFFFFFFFFF7E00


mem[X,0x80001510] -> 0x2273
mem[X,0x80001512] -> 0x0030
[1353] [M]: 0x80001510 (0x00302273) csrrs tp, fcsr, zero
CSR fcsr -> 0x00000000
x4 <- 0x00000000


mem[X,0x80001514] -> 0xAC27
mem[X,0x80001516] -> 0x0FF0
[1354] [M]: 0x80001514 (0x0FF0AC27) fsw ft11, 248(ra)
mem[0x80003D0C] <- 0xFFFF7E00


mem[X,0x80001518] -> 0xAE23
mem[X,0x8000151A] -> 0x0E40
[1355] [M]: 0x80001518 (0x0E40AE23) sw tp, 252(ra)
mem[0x80003D10] <- 0x00000000


mem[X,0x8000151C] -> 0xAF07
mem[X,0x8000151E] -> 0x5001
[1356] [M]: 0x8000151C (0x5001AF07) flw ft10, 1280(gp)
mem[R,0x80003510] -> 0x00007868
f30 <- 0xFFFFFFFF00007868


mem[X,0x80001520] -> 0xAE87
mem[X,0x80001522] -> 0x5041
[1357] [M]: 0x80001520 (0x5041AE87) flw ft9, 1284(gp)
mem[R,0x80003514] -> 0x00007868
f29 <- 0xFFFFFFFF00007868


mem[X,0x80001524] -> 0x0113
mem[X,0x80001526] -> 0x0000
[1358] [M]: 0x80001524 (0x00000113) addi sp, zero, 0
x2 <- 0x00000000


mem[X,0x80001528] -> 0x1073
mem[X,0x8000152A] -> 0x0031
[1359] [M]: 0x80001528 (0x00311073) csrrw zero, fcsr, sp
CSR fcsr -> 0x00000000
CSR fcsr <- 0x00000000 (input: 0x00000000)


mem[X,0x8000152C] -> 0x7FD3
mem[X,0x8000152E] -> 0x0DDF
[1360] [M]: 0x8000152C (0x0DDF7FD3) fsub.h ft11, ft10, ft9, dyn
f31 <- 0xFFFFFFFFFFFF7E00


mem[X,0x80001530] -> 0x2273
mem[X,0x80001532] -> 0x0030
[1361] [M]: 0x80001530 (0x00302273) csrrs tp, fcsr, zero
CSR fcsr -> 0x00000000
x4 <- 0x00000000


mem[X,0x80001534] -> 0xA027
mem[X,0x80001536] -> 0x11F0
[1362] [M]: 0x80001534 (0x11F0A027) fsw ft11, 256(ra)
mem[0x80003D14] <- 0xFFFF7E00


mem[X,0x80001538] -> 0xA223
mem[X,0x8000153A] -> 0x1040
[1363] [M]: 0x80001538 (0x1040A223) sw tp, 260(ra)
mem[0x80003D18] <- 0x00000000


mem[X,0x8000153C] -> 0xAF07
mem[X,0x8000153E] -> 0x5081
[1364] [M]: 0x8000153C (0x5081AF07) flw ft10, 1288(gp)
mem[R,0x80003518] -> 0x00006CCE
f30 <- 0xFFFFFFFF00006CCE


mem[X,0x80001540] -> 0xAE87
mem[X,0x80001542] -> 0x50C1
[1365] [M]: 0x80001540 (0x50C1AE87) flw ft9, 1292(gp)
mem[R,0x8000351C] -> 0x00006CCE
f29 <- 0xFFFFFFFF00006CCE


mem[X,0x80001544] -> 0x0113
mem[X,0x80001546] -> 0x0000
[1366] [M]: 0x80001544 (0x00000113) addi sp, zero, 0
x2 <- 0x00000000


mem[X,0x80001548] -> 0x1073
mem[X,0x8000154A] -> 0x0031
[1367] [M]: 0x80001548 (0x00311073) csrrw zero, fcsr, sp
CSR fcsr -> 0x00000000
CSR fcsr <- 0x00000000 (input: 0x00000000)


mem[X,0x8000154C] -> 0x7FD3
mem[X,0x8000154E] -> 0x0DDF
[1368] [M]: 0x8000154C (0x0DDF7FD3) fsub.h ft11, ft10, ft9, dyn
f31 <- 0xFFFFFFFFFFFF7E00


mem[X,0x80001550] -> 0x2273
mem[X,0x80001552] -> 0x0030
[1369] [M]: 0x80001550 (0x00302273) csrrs tp, fcsr, zero
CSR fcsr -> 0x00000000
x4 <- 0x00000000


mem[X,0x80001554] -> 0xA427
mem[X,0x80001556] -> 0x11F0
[1370] [M]: 0x80001554 (0x11F0A427) fsw ft11, 264(ra)
mem[0x80003D1C] <- 0xFFFF7E00


mem[X,0x80001558] -> 0xA623
mem[X,0x8000155A] -> 0x1040
[1371] [M]: 0x80001558 (0x1040A623) sw tp, 268(ra)
mem[0x80003D20] <- 0x00000000


mem[X,0x8000155C] -> 0xAF07
mem[X,0x8000155E] -> 0x5101
[1372] [M]: 0x8000155C (0x5101AF07) flw ft10, 1296(gp)
mem[R,0x80003520] -> 0x000074A6
f30 <- 0xFFFFFFFF000074A6


mem[X,0x80001560] -> 0xAE87
mem[X,0x80001562] -> 0x5141
[1373] [M]: 0x80001560 (0x5141AE87) flw ft9, 1300(gp)
mem[R,0x80003524] -> 0x000074A6
f29 <- 0xFFFFFFFF000074A6


mem[X,0x80001564] -> 0x0113
mem[X,0x80001566] -> 0x0000
[1374] [M]: 0x80001564 (0x00000113) addi sp, zero, 0
x2 <- 0x00000000


mem[X,0x80001568] -> 0x1073
mem[X,0x8000156A] -> 0x0031
[1375] [M]: 0x80001568 (0x00311073) csrrw zero, fcsr, sp
CSR fcsr -> 0x00000000
CSR fcsr <- 0x00000000 (input: 0x00000000)


mem[X,0x8000156C] -> 0x7FD3
mem[X,0x8000156E] -> 0x0DDF
[1376] [M]: 0x8000156C (0x0DDF7FD3) fsub.h ft11, ft10, ft9, dyn
f31 <- 0xFFFFFFFFFFFF7E00


mem[X,0x80001570] -> 0x2273
mem[X,0x80001572] -> 0x0030
[1377] [M]: 0x80001570 (0x00302273) csrrs tp, fcsr, zero
CSR fcsr -> 0x00000000
x4 <- 0x00000000


mem[X,0x80001574] -> 0xA827
mem[X,0x80001576] -> 0x11F0
[1378] [M]: 0x80001574 (0x11F0A827) fsw ft11, 272(ra)
mem[0x80003D24] <- 0xFFFF7E00


mem[X,0x80001578] -> 0xAA23
mem[X,0x8000157A] -> 0x1040
[1379] [M]: 0x80001578 (0x1040AA23) sw tp, 276(ra)
mem[0x80003D28] <- 0x00000000


mem[X,0x8000157C] -> 0xAF07
mem[X,0x8000157E] -> 0x5181
[1380] [M]: 0x8000157C (0x5181AF07) flw ft10, 1304(gp)
mem[R,0x80003528] -> 0x000077E3
f30 <- 0xFFFFFFFF000077E3


mem[X,0x80001580] -> 0xAE87
mem[X,0x80001582] -> 0x51C1
[1381] [M]: 0x80001580 (0x51C1AE87) flw ft9, 1308(gp)
mem[R,0x8000352C] -> 0x000077E3
f29 <- 0xFFFFFFFF000077E3


mem[X,0x80001584] -> 0x0113
mem[X,0x80001586] -> 0x0000
[1382] [M]: 0x80001584 (0x00000113) addi sp, zero, 0
x2 <- 0x00000000


mem[X,0x80001588] -> 0x1073
mem[X,0x8000158A] -> 0x0031
[1383] [M]: 0x80001588 (0x00311073) csrrw zero, fcsr, sp
CSR fcsr -> 0x00000000
CSR fcsr <- 0x00000000 (input: 0x00000000)


mem[X,0x8000158C] -> 0x7FD3
mem[X,0x8000158E] -> 0x0DDF
[1384] [M]: 0x8000158C (0x0DDF7FD3) fsub.h ft11, ft10, ft9, dyn
f31 <- 0xFFFFFFFFFFFF7E00


mem[X,0x80001590] -> 0x2273
mem[X,0x80001592] -> 0x0030
[1385] [M]: 0x80001590 (0x00302273) csrrs tp, fcsr, zero
CSR fcsr -> 0x00000000
x4 <- 0x00000000


mem[X,0x80001594] -> 0xAC27
mem[X,0x80001596] -> 0x11F0
[1386] [M]: 0x80001594 (0x11F0AC27) fsw ft11, 280(ra)
mem[0x80003D2C] <- 0xFFFF7E00


mem[X,0x80001598] -> 0xAE23
mem[X,0x8000159A] -> 0x1040
[1387] [M]: 0x80001598 (0x1040AE23) sw tp, 284(ra)
mem[0x80003D30] <- 0x00000000


mem[X,0x8000159C] -> 0xAF07
mem[X,0x8000159E] -> 0x5201
[1388] [M]: 0x8000159C (0x5201AF07) flw ft10, 1312(gp)
mem[R,0x80003530] -> 0x000070EE
f30 <- 0xFFFFFFFF000070EE


mem[X,0x800015A0] -> 0xAE87
mem[X,0x800015A2] -> 0x5241
[1389] [M]: 0x800015A0 (0x5241AE87) flw ft9, 1316(gp)
mem[R,0x80003534] -> 0x000070EE
f29 <- 0xFFFFFFFF000070EE


mem[X,0x800015A4] -> 0x0113
mem[X,0x800015A6] -> 0x0000
[1390] [M]: 0x800015A4 (0x00000113) addi sp, zero, 0
x2 <- 0x00000000


mem[X,0x800015A8] -> 0x1073
mem[X,0x800015AA] -> 0x0031
[1391] [M]: 0x800015A8 (0x00311073) csrrw zero, fcsr, sp
CSR fcsr -> 0x00000000
CSR fcsr <- 0x00000000 (input: 0x00000000)


mem[X,0x800015AC] -> 0x7FD3
mem[X,0x800015AE] -> 0x0DDF
[1392] [M]: 0x800015AC (0x0DDF7FD3) fsub.h ft11, ft10, ft9, dyn
f31 <- 0xFFFFFFFFFFFF7E00


mem[X,0x800015B0] -> 0x2273
mem[X,0x800015B2] -> 0x0030
[1393] [M]: 0x800015B0 (0x00302273) csrrs tp, fcsr, zero
CSR fcsr -> 0x00000000
x4 <- 0x00000000


mem[X,0x800015B4] -> 0xA027
mem[X,0x800015B6] -> 0x13F0
[1394] [M]: 0x800015B4 (0x13F0A027) fsw ft11, 288(ra)
mem[0x80003D34] <- 0xFFFF7E00


mem[X,0x800015B8] -> 0xA223
mem[X,0x800015BA] -> 0x1240
[1395] [M]: 0x800015B8 (0x1240A223) sw tp, 292(ra)
mem[0x80003D38] <- 0x00000000


mem[X,0x800015BC] -> 0xAF07
mem[X,0x800015BE] -> 0x5281
[1396] [M]: 0x800015BC (0x5281AF07) flw ft10, 1320(gp)
mem[R,0x80003538] -> 0x00007A5B
f30 <- 0xFFFFFFFF00007A5B


mem[X,0x800015C0] -> 0xAE87
mem[X,0x800015C2] -> 0x52C1
[1397] [M]: 0x800015C0 (0x52C1AE87) flw ft9, 1324(gp)
mem[R,0x8000353C] -> 0x00007A5B
f29 <- 0xFFFFFFFF00007A5B


mem[X,0x800015C4] -> 0x0113
mem[X,0x800015C6] -> 0x0000
[1398] [M]: 0x800015C4 (0x00000113) addi sp, zero, 0
x2 <- 0x00000000


mem[X,0x800015C8] -> 0x1073
mem[X,0x800015CA] -> 0x0031
[1399] [M]: 0x800015C8 (0x00311073) csrrw zero, fcsr, sp
CSR fcsr -> 0x00000000
CSR fcsr <- 0x00000000 (input: 0x00000000)


clint::tick mtime <- 0x000000000000000E
 clint timer pending at mtime 0x000000000000000E
htif::tick 0x0000000000000000
mem[X,0x800015CC] -> 0x7FD3
mem[X,0x800015CE] -> 0x0DDF
[1400] [M]: 0x800015CC (0x0DDF7FD3) fsub.h ft11, ft10, ft9, dyn
f31 <- 0xFFFFFFFFFFFF7E00


mem[X,0x800015D0] -> 0x2273
mem[X,0x800015D2] -> 0x0030
[1401] [M]: 0x800015D0 (0x00302273) csrrs tp, fcsr, zero
CSR fcsr -> 0x00000000
x4 <- 0x00000000


mem[X,0x800015D4] -> 0xA427
mem[X,0x800015D6] -> 0x13F0
[1402] [M]: 0x800015D4 (0x13F0A427) fsw ft11, 296(ra)
mem[0x80003D3C] <- 0xFFFF7E00


mem[X,0x800015D8] -> 0xA623
mem[X,0x800015DA] -> 0x1240
[1403] [M]: 0x800015D8 (0x1240A623) sw tp, 300(ra)
mem[0x80003D40] <- 0x00000000


mem[X,0x800015DC] -> 0xAF07
mem[X,0x800015DE] -> 0x5301
[1404] [M]: 0x800015DC (0x5301AF07) flw ft10, 1328(gp)
mem[R,0x80003540] -> 0x00007B97
f30 <- 0xFFFFFFFF00007B97


mem[X,0x800015E0] -> 0xAE87
mem[X,0x800015E2] -> 0x5341
[1405] [M]: 0x800015E0 (0x5341AE87) flw ft9, 1332(gp)
mem[R,0x80003544] -> 0x00007B97
f29 <- 0xFFFFFFFF00007B97


mem[X,0x800015E4] -> 0x0113
mem[X,0x800015E6] -> 0x0000
[1406] [M]: 0x800015E4 (0x00000113) addi sp, zero, 0
x2 <- 0x00000000


mem[X,0x800015E8] -> 0x1073
mem[X,0x800015EA] -> 0x0031
[1407] [M]: 0x800015E8 (0x00311073) csrrw zero, fcsr, sp
CSR fcsr -> 0x00000000
CSR fcsr <- 0x00000000 (input: 0x00000000)


mem[X,0x800015EC] -> 0x7FD3
mem[X,0x800015EE] -> 0x0DDF
[1408] [M]: 0x800015EC (0x0DDF7FD3) fsub.h ft11, ft10, ft9, dyn
f31 <- 0xFFFFFFFFFFFF7E00


mem[X,0x800015F0] -> 0x2273
mem[X,0x800015F2] -> 0x0030
[1409] [M]: 0x800015F0 (0x00302273) csrrs tp, fcsr, zero
CSR fcsr -> 0x00000000
x4 <- 0x00000000


mem[X,0x800015F4] -> 0xA827
mem[X,0x800015F6] -> 0x13F0
[1410] [M]: 0x800015F4 (0x13F0A827) fsw ft11, 304(ra)
mem[0x80003D44] <- 0xFFFF7E00


mem[X,0x800015F8] -> 0xAA23
mem[X,0x800015FA] -> 0x1240
[1411] [M]: 0x800015F8 (0x1240AA23) sw tp, 308(ra)
mem[0x80003D48] <- 0x00000000


mem[X,0x800015FC] -> 0xAF07
mem[X,0x800015FE] -> 0x5381
[1412] [M]: 0x800015FC (0x5381AF07) flw ft10, 1336(gp)
mem[R,0x80003548] -> 0x00007A34
f30 <- 0xFFFFFFFF00007A34


mem[X,0x80001600] -> 0xAE87
mem[X,0x80001602] -> 0x53C1
[1413] [M]: 0x80001600 (0x53C1AE87) flw ft9, 1340(gp)
mem[R,0x8000354C] -> 0x00007A34
f29 <- 0xFFFFFFFF00007A34


mem[X,0x80001604] -> 0x0113
mem[X,0x80001606] -> 0x0000
[1414] [M]: 0x80001604 (0x00000113) addi sp, zero, 0
x2 <- 0x00000000


mem[X,0x80001608] -> 0x1073
mem[X,0x8000160A] -> 0x0031
[1415] [M]: 0x80001608 (0x00311073) csrrw zero, fcsr, sp
CSR fcsr -> 0x00000000
CSR fcsr <- 0x00000000 (input: 0x00000000)


mem[X,0x8000160C] -> 0x7FD3
mem[X,0x8000160E] -> 0x0DDF
[1416] [M]: 0x8000160C (0x0DDF7FD3) fsub.h ft11, ft10, ft9, dyn
f31 <- 0xFFFFFFFFFFFF7E00


mem[X,0x80001610] -> 0x2273
mem[X,0x80001612] -> 0x0030
[1417] [M]: 0x80001610 (0x00302273) csrrs tp, fcsr, zero
CSR fcsr -> 0x00000000
x4 <- 0x00000000


mem[X,0x80001614] -> 0xAC27
mem[X,0x80001616] -> 0x13F0
[1418] [M]: 0x80001614 (0x13F0AC27) fsw ft11, 312(ra)
mem[0x80003D4C] <- 0xFFFF7E00


mem[X,0x80001618] -> 0xAE23
mem[X,0x8000161A] -> 0x1240
[1419] [M]: 0x80001618 (0x1240AE23) sw tp, 316(ra)
mem[0x80003D50] <- 0x00000000


mem[X,0x8000161C] -> 0xAF07
mem[X,0x8000161E] -> 0x5401
[1420] [M]: 0x8000161C (0x5401AF07) flw ft10, 1344(gp)
mem[R,0x80003550] -> 0x00007A91
f30 <- 0xFFFFFFFF00007A91


mem[X,0x80001620] -> 0xAE87
mem[X,0x80001622] -> 0x5441
[1421] [M]: 0x80001620 (0x5441AE87) flw ft9, 1348(gp)
mem[R,0x80003554] -> 0x00007A91
f29 <- 0xFFFFFFFF00007A91


mem[X,0x80001624] -> 0x0113
mem[X,0x80001626] -> 0x0000
[1422] [M]: 0x80001624 (0x00000113) addi sp, zero, 0
x2 <- 0x00000000


mem[X,0x80001628] -> 0x1073
mem[X,0x8000162A] -> 0x0031
[1423] [M]: 0x80001628 (0x00311073) csrrw zero, fcsr, sp
CSR fcsr -> 0x00000000
CSR fcsr <- 0x00000000 (input: 0x00000000)


mem[X,0x8000162C] -> 0x7FD3
mem[X,0x8000162E] -> 0x0DDF
[1424] [M]: 0x8000162C (0x0DDF7FD3) fsub.h ft11, ft10, ft9, dyn
f31 <- 0xFFFFFFFFFFFF7E00


mem[X,0x80001630] -> 0x2273
mem[X,0x80001632] -> 0x0030
[1425] [M]: 0x80001630 (0x00302273) csrrs tp, fcsr, zero
CSR fcsr -> 0x00000000
x4 <- 0x00000000


mem[X,0x80001634] -> 0xA027
mem[X,0x80001636] -> 0x15F0
[1426] [M]: 0x80001634 (0x15F0A027) fsw ft11, 320(ra)
mem[0x80003D54] <- 0xFFFF7E00


mem[X,0x80001638] -> 0xA223
mem[X,0x8000163A] -> 0x1440
[1427] [M]: 0x80001638 (0x1440A223) sw tp, 324(ra)
mem[0x80003D58] <- 0x00000000


mem[X,0x8000163C] -> 0xAF07
mem[X,0x8000163E] -> 0x5481
[1428] [M]: 0x8000163C (0x5481AF07) flw ft10, 1352(gp)
mem[R,0x80003558] -> 0x00006ED6
f30 <- 0xFFFFFFFF00006ED6


mem[X,0x80001640] -> 0xAE87
mem[X,0x80001642] -> 0x54C1
[1429] [M]: 0x80001640 (0x54C1AE87) flw ft9, 1356(gp)
mem[R,0x8000355C] -> 0x00006ED6
f29 <- 0xFFFFFFFF00006ED6


mem[X,0x80001644] -> 0x0113
mem[X,0x80001646] -> 0x0000
[1430] [M]: 0x80001644 (0x00000113) addi sp, zero, 0
x2 <- 0x00000000


mem[X,0x80001648] -> 0x1073
mem[X,0x8000164A] -> 0x0031
[1431] [M]: 0x80001648 (0x00311073) csrrw zero, fcsr, sp
CSR fcsr -> 0x00000000
CSR fcsr <- 0x00000000 (input: 0x00000000)


mem[X,0x8000164C] -> 0x7FD3
mem[X,0x8000164E] -> 0x0DDF
[1432] [M]: 0x8000164C (0x0DDF7FD3) fsub.h ft11, ft10, ft9, dyn
f31 <- 0xFFFFFFFFFFFF7E00


mem[X,0x80001650] -> 0x2273
mem[X,0x80001652] -> 0x0030
[1433] [M]: 0x80001650 (0x00302273) csrrs tp, fcsr, zero
CSR fcsr -> 0x00000000
x4 <- 0x00000000


mem[X,0x80001654] -> 0xA427
mem[X,0x80001656] -> 0x15F0
[1434] [M]: 0x80001654 (0x15F0A427) fsw ft11, 328(ra)
mem[0x80003D5C] <- 0xFFFF7E00


mem[X,0x80001658] -> 0xA623
mem[X,0x8000165A] -> 0x1440
[1435] [M]: 0x80001658 (0x1440A623) sw tp, 332(ra)
mem[0x80003D60] <- 0x00000000


mem[X,0x8000165C] -> 0xAF07
mem[X,0x8000165E] -> 0x5501
[1436] [M]: 0x8000165C (0x5501AF07) flw ft10, 1360(gp)
mem[R,0x80003560] -> 0x00007B59
f30 <- 0xFFFFFFFF00007B59


mem[X,0x80001660] -> 0xAE87
mem[X,0x80001662] -> 0x5541
[1437] [M]: 0x80001660 (0x5541AE87) flw ft9, 1364(gp)
mem[R,0x80003564] -> 0x00007B59
f29 <- 0xFFFFFFFF00007B59


mem[X,0x80001664] -> 0x0113
mem[X,0x80001666] -> 0x0000
[1438] [M]: 0x80001664 (0x00000113) addi sp, zero, 0
x2 <- 0x00000000


mem[X,0x80001668] -> 0x1073
mem[X,0x8000166A] -> 0x0031
[1439] [M]: 0x80001668 (0x00311073) csrrw zero, fcsr, sp
CSR fcsr -> 0x00000000
CSR fcsr <- 0x00000000 (input: 0x00000000)


mem[X,0x8000166C] -> 0x7FD3
mem[X,0x8000166E] -> 0x0DDF
[1440] [M]: 0x8000166C (0x0DDF7FD3) fsub.h ft11, ft10, ft9, dyn
f31 <- 0xFFFFFFFFFFFF7E00


mem[X,0x80001670] -> 0x2273
mem[X,0x80001672] -> 0x0030
[1441] [M]: 0x80001670 (0x00302273) csrrs tp, fcsr, zero
CSR fcsr -> 0x00000000
x4 <- 0x00000000


mem[X,0x80001674] -> 0xA827
mem[X,0x80001676] -> 0x15F0
[1442] [M]: 0x80001674 (0x15F0A827) fsw ft11, 336(ra)
mem[0x80003D64] <- 0xFFFF7E00


mem[X,0x80001678] -> 0xAA23
mem[X,0x8000167A] -> 0x1440
[1443] [M]: 0x80001678 (0x1440AA23) sw tp, 340(ra)
mem[0x80003D68] <- 0x00000000


mem[X,0x8000167C] -> 0xAF07
mem[X,0x8000167E] -> 0x5581
[1444] [M]: 0x8000167C (0x5581AF07) flw ft10, 1368(gp)
mem[R,0x80003568] -> 0x00007B25
f30 <- 0xFFFFFFFF00007B25


mem[X,0x80001680] -> 0xAE87
mem[X,0x80001682] -> 0x55C1
[1445] [M]: 0x80001680 (0x55C1AE87) flw ft9, 1372(gp)
mem[R,0x8000356C] -> 0x00007B25
f29 <- 0xFFFFFFFF00007B25


mem[X,0x80001684] -> 0x0113
mem[X,0x80001686] -> 0x0000
[1446] [M]: 0x80001684 (0x00000113) addi sp, zero, 0
x2 <- 0x00000000


mem[X,0x80001688] -> 0x1073
mem[X,0x8000168A] -> 0x0031
[1447] [M]: 0x80001688 (0x00311073) csrrw zero, fcsr, sp
CSR fcsr -> 0x00000000
CSR fcsr <- 0x00000000 (input: 0x00000000)


mem[X,0x8000168C] -> 0x7FD3
mem[X,0x8000168E] -> 0x0DDF
[1448] [M]: 0x8000168C (0x0DDF7FD3) fsub.h ft11, ft10, ft9, dyn
f31 <- 0xFFFFFFFFFFFF7E00


mem[X,0x80001690] -> 0x2273
mem[X,0x80001692] -> 0x0030
[1449] [M]: 0x80001690 (0x00302273) csrrs tp, fcsr, zero
CSR fcsr -> 0x00000000
x4 <- 0x00000000


mem[X,0x80001694] -> 0xAC27
mem[X,0x80001696] -> 0x15F0
[1450] [M]: 0x80001694 (0x15F0AC27) fsw ft11, 344(ra)
mem[0x80003D6C] <- 0xFFFF7E00


mem[X,0x80001698] -> 0xAE23
mem[X,0x8000169A] -> 0x1440
[1451] [M]: 0x80001698 (0x1440AE23) sw tp, 348(ra)
mem[0x80003D70] <- 0x00000000


mem[X,0x8000169C] -> 0xAF07
mem[X,0x8000169E] -> 0x5601
[1452] [M]: 0x8000169C (0x5601AF07) flw ft10, 1376(gp)
mem[R,0x80003570] -> 0x00007B47
f30 <- 0xFFFFFFFF00007B47


mem[X,0x800016A0] -> 0xAE87
mem[X,0x800016A2] -> 0x5641
[1453] [M]: 0x800016A0 (0x5641AE87) flw ft9, 1380(gp)
mem[R,0x80003574] -> 0x00007B47
f29 <- 0xFFFFFFFF00007B47


mem[X,0x800016A4] -> 0x0113
mem[X,0x800016A6] -> 0x0000
[1454] [M]: 0x800016A4 (0x00000113) addi sp, zero, 0
x2 <- 0x00000000


mem[X,0x800016A8] -> 0x1073
mem[X,0x800016AA] -> 0x0031
[1455] [M]: 0x800016A8 (0x00311073) csrrw zero, fcsr, sp
CSR fcsr -> 0x00000000
CSR fcsr <- 0x00000000 (input: 0x00000000)


mem[X,0x800016AC] -> 0x7FD3
mem[X,0x800016AE] -> 0x0DDF
[1456] [M]: 0x800016AC (0x0DDF7FD3) fsub.h ft11, ft10, ft9, dyn
f31 <- 0xFFFFFFFFFFFF7E00


mem[X,0x800016B0] -> 0x2273
mem[X,0x800016B2] -> 0x0030
[1457] [M]: 0x800016B0 (0x00302273) csrrs tp, fcsr, zero
CSR fcsr -> 0x00000000
x4 <- 0x00000000


mem[X,0x800016B4] -> 0xA027
mem[X,0x800016B6] -> 0x17F0
[1458] [M]: 0x800016B4 (0x17F0A027) fsw ft11, 352(ra)
mem[0x80003D74] <- 0xFFFF7E00


mem[X,0x800016B8] -> 0xA223
mem[X,0x800016BA] -> 0x1640
[1459] [M]: 0x800016B8 (0x1640A223) sw tp, 356(ra)
mem[0x80003D78] <- 0x00000000


mem[X,0x800016BC] -> 0xAF07
mem[X,0x800016BE] -> 0x5681
[1460] [M]: 0x800016BC (0x5681AF07) flw ft10, 1384(gp)
mem[R,0x80003578] -> 0x0000750D
f30 <- 0xFFFFFFFF0000750D


mem[X,0x800016C0] -> 0xAE87
mem[X,0x800016C2] -> 0x56C1
[1461] [M]: 0x800016C0 (0x56C1AE87) flw ft9, 1388(gp)
mem[R,0x8000357C] -> 0x0000750D
f29 <- 0xFFFFFFFF0000750D


mem[X,0x800016C4] -> 0x0113
mem[X,0x800016C6] -> 0x0000
[1462] [M]: 0x800016C4 (0x00000113) addi sp, zero, 0
x2 <- 0x00000000


mem[X,0x800016C8] -> 0x1073
mem[X,0x800016CA] -> 0x0031
[1463] [M]: 0x800016C8 (0x00311073) csrrw zero, fcsr, sp
CSR fcsr -> 0x00000000
CSR fcsr <- 0x00000000 (input: 0x00000000)


mem[X,0x800016CC] -> 0x7FD3
mem[X,0x800016CE] -> 0x0DDF
[1464] [M]: 0x800016CC (0x0DDF7FD3) fsub.h ft11, ft10, ft9, dyn
f31 <- 0xFFFFFFFFFFFF7E00


mem[X,0x800016D0] -> 0x2273
mem[X,0x800016D2] -> 0x0030
[1465] [M]: 0x800016D0 (0x00302273) csrrs tp, fcsr, zero
CSR fcsr -> 0x00000000
x4 <- 0x00000000


mem[X,0x800016D4] -> 0xA427
mem[X,0x800016D6] -> 0x17F0
[1466] [M]: 0x800016D4 (0x17F0A427) fsw ft11, 360(ra)
mem[0x80003D7C] <- 0xFFFF7E00


mem[X,0x800016D8] -> 0xA623
mem[X,0x800016DA] -> 0x1640
[1467] [M]: 0x800016D8 (0x1640A623) sw tp, 364(ra)
mem[0x80003D80] <- 0x00000000


mem[X,0x800016DC] -> 0xAF07
mem[X,0x800016DE] -> 0x5701
[1468] [M]: 0x800016DC (0x5701AF07) flw ft10, 1392(gp)
mem[R,0x80003580] -> 0x00007A6D
f30 <- 0xFFFFFFFF00007A6D


mem[X,0x800016E0] -> 0xAE87
mem[X,0x800016E2] -> 0x5741
[1469] [M]: 0x800016E0 (0x5741AE87) flw ft9, 1396(gp)
mem[R,0x80003584] -> 0x00007A6D
f29 <- 0xFFFFFFFF00007A6D


mem[X,0x800016E4] -> 0x0113
mem[X,0x800016E6] -> 0x0000
[1470] [M]: 0x800016E4 (0x00000113) addi sp, zero, 0
x2 <- 0x00000000


mem[X,0x800016E8] -> 0x1073
mem[X,0x800016EA] -> 0x0031
[1471] [M]: 0x800016E8 (0x00311073) csrrw zero, fcsr, sp
CSR fcsr -> 0x00000000
CSR fcsr <- 0x00000000 (input: 0x00000000)


mem[X,0x800016EC] -> 0x7FD3
mem[X,0x800016EE] -> 0x0DDF
[1472] [M]: 0x800016EC (0x0DDF7FD3) fsub.h ft11, ft10, ft9, dyn
f31 <- 0xFFFFFFFFFFFF7E00


mem[X,0x800016F0] -> 0x2273
mem[X,0x800016F2] -> 0x0030
[1473] [M]: 0x800016F0 (0x00302273) csrrs tp, fcsr, zero
CSR fcsr -> 0x00000000
x4 <- 0x00000000


mem[X,0x800016F4] -> 0xA827
mem[X,0x800016F6] -> 0x17F0
[1474] [M]: 0x800016F4 (0x17F0A827) fsw ft11, 368(ra)
mem[0x80003D84] <- 0xFFFF7E00


mem[X,0x800016F8] -> 0xAA23
mem[X,0x800016FA] -> 0x1640
[1475] [M]: 0x800016F8 (0x1640AA23) sw tp, 372(ra)
mem[0x80003D88] <- 0x00000000


mem[X,0x800016FC] -> 0xAF07
mem[X,0x800016FE] -> 0x5781
[1476] [M]: 0x800016FC (0x5781AF07) flw ft10, 1400(gp)
mem[R,0x80003588] -> 0x00007AB8
f30 <- 0xFFFFFFFF00007AB8


mem[X,0x80001700] -> 0xAE87
mem[X,0x80001702] -> 0x57C1
[1477] [M]: 0x80001700 (0x57C1AE87) flw ft9, 1404(gp)
mem[R,0x8000358C] -> 0x00007AB8
f29 <- 0xFFFFFFFF00007AB8


mem[X,0x80001704] -> 0x0113
mem[X,0x80001706] -> 0x0000
[1478] [M]: 0x80001704 (0x00000113) addi sp, zero, 0
x2 <- 0x00000000


mem[X,0x80001708] -> 0x1073
mem[X,0x8000170A] -> 0x0031
[1479] [M]: 0x80001708 (0x00311073) csrrw zero, fcsr, sp
CSR fcsr -> 0x00000000
CSR fcsr <- 0x00000000 (input: 0x00000000)


mem[X,0x8000170C] -> 0x7FD3
mem[X,0x8000170E] -> 0x0DDF
[1480] [M]: 0x8000170C (0x0DDF7FD3) fsub.h ft11, ft10, ft9, dyn
f31 <- 0xFFFFFFFFFFFF7E00


mem[X,0x80001710] -> 0x2273
mem[X,0x80001712] -> 0x0030
[1481] [M]: 0x80001710 (0x00302273) csrrs tp, fcsr, zero
CSR fcsr -> 0x00000000
x4 <- 0x00000000


mem[X,0x80001714] -> 0xAC27
mem[X,0x80001716] -> 0x17F0
[1482] [M]: 0x80001714 (0x17F0AC27) fsw ft11, 376(ra)
mem[0x80003D8C] <- 0xFFFF7E00


mem[X,0x80001718] -> 0xAE23
mem[X,0x8000171A] -> 0x1640
[1483] [M]: 0x80001718 (0x1640AE23) sw tp, 380(ra)
mem[0x80003D90] <- 0x00000000


mem[X,0x8000171C] -> 0xAF07
mem[X,0x8000171E] -> 0x5801
[1484] [M]: 0x8000171C (0x5801AF07) flw ft10, 1408(gp)
mem[R,0x80003590] -> 0x00007983
f30 <- 0xFFFFFFFF00007983


mem[X,0x80001720] -> 0xAE87
mem[X,0x80001722] -> 0x5841
[1485] [M]: 0x80001720 (0x5841AE87) flw ft9, 1412(gp)
mem[R,0x80003594] -> 0x00007983
f29 <- 0xFFFFFFFF00007983


mem[X,0x80001724] -> 0x0113
mem[X,0x80001726] -> 0x0000
[1486] [M]: 0x80001724 (0x00000113) addi sp, zero, 0
x2 <- 0x00000000


mem[X,0x80001728] -> 0x1073
mem[X,0x8000172A] -> 0x0031
[1487] [M]: 0x80001728 (0x00311073) csrrw zero, fcsr, sp
CSR fcsr -> 0x00000000
CSR fcsr <- 0x00000000 (input: 0x00000000)


mem[X,0x8000172C] -> 0x7FD3
mem[X,0x8000172E] -> 0x0DDF
[1488] [M]: 0x8000172C (0x0DDF7FD3) fsub.h ft11, ft10, ft9, dyn
f31 <- 0xFFFFFFFFFFFF7E00


mem[X,0x80001730] -> 0x2273
mem[X,0x80001732] -> 0x0030
[1489] [M]: 0x80001730 (0x00302273) csrrs tp, fcsr, zero
CSR fcsr -> 0x00000000
x4 <- 0x00000000


mem[X,0x80001734] -> 0xA027
mem[X,0x80001736] -> 0x19F0
[1490] [M]: 0x80001734 (0x19F0A027) fsw ft11, 384(ra)
mem[0x80003D94] <- 0xFFFF7E00


mem[X,0x80001738] -> 0xA223
mem[X,0x8000173A] -> 0x1840
[1491] [M]: 0x80001738 (0x1840A223) sw tp, 388(ra)
mem[0x80003D98] <- 0x00000000


mem[X,0x8000173C] -> 0xAF07
mem[X,0x8000173E] -> 0x5881
[1492] [M]: 0x8000173C (0x5881AF07) flw ft10, 1416(gp)
mem[R,0x80003598] -> 0x000076EB
f30 <- 0xFFFFFFFF000076EB


mem[X,0x80001740] -> 0xAE87
mem[X,0x80001742] -> 0x58C1
[1493] [M]: 0x80001740 (0x58C1AE87) flw ft9, 1420(gp)
mem[R,0x8000359C] -> 0x000076EB
f29 <- 0xFFFFFFFF000076EB


mem[X,0x80001744] -> 0x0113
mem[X,0x80001746] -> 0x0000
[1494] [M]: 0x80001744 (0x00000113) addi sp, zero, 0
x2 <- 0x00000000


mem[X,0x80001748] -> 0x1073
mem[X,0x8000174A] -> 0x0031
[1495] [M]: 0x80001748 (0x00311073) csrrw zero, fcsr, sp
CSR fcsr -> 0x00000000
CSR fcsr <- 0x00000000 (input: 0x00000000)


mem[X,0x8000174C] -> 0x7FD3
mem[X,0x8000174E] -> 0x0DDF
[1496] [M]: 0x8000174C (0x0DDF7FD3) fsub.h ft11, ft10, ft9, dyn
f31 <- 0xFFFFFFFFFFFF7E00


mem[X,0x80001750] -> 0x2273
mem[X,0x80001752] -> 0x0030
[1497] [M]: 0x80001750 (0x00302273) csrrs tp, fcsr, zero
CSR fcsr -> 0x00000000
x4 <- 0x00000000


mem[X,0x80001754] -> 0xA427
mem[X,0x80001756] -> 0x19F0
[1498] [M]: 0x80001754 (0x19F0A427) fsw ft11, 392(ra)
mem[0x80003D9C] <- 0xFFFF7E00


mem[X,0x80001758] -> 0xA623
mem[X,0x8000175A] -> 0x1840
[1499] [M]: 0x80001758 (0x1840A623) sw tp, 396(ra)
mem[0x80003DA0] <- 0x00000000


clint::tick mtime <- 0x000000000000000F
 clint timer pending at mtime 0x000000000000000F
htif::tick 0x0000000000000000
mem[X,0x8000175C] -> 0xAF07
mem[X,0x8000175E] -> 0x5901
[1500] [M]: 0x8000175C (0x5901AF07) flw ft10, 1424(gp)
mem[R,0x800035A0] -> 0x000079B7
f30 <- 0xFFFFFFFF000079B7


mem[X,0x80001760] -> 0xAE87
mem[X,0x80001762] -> 0x5941
[1501] [M]: 0x80001760 (0x5941AE87) flw ft9, 1428(gp)
mem[R,0x800035A4] -> 0x000079B7
f29 <- 0xFFFFFFFF000079B7


mem[X,0x80001764] -> 0x0113
mem[X,0x80001766] -> 0x0000
[1502] [M]: 0x80001764 (0x00000113) addi sp, zero, 0
x2 <- 0x00000000


mem[X,0x80001768] -> 0x1073
mem[X,0x8000176A] -> 0x0031
[1503] [M]: 0x80001768 (0x00311073) csrrw zero, fcsr, sp
CSR fcsr -> 0x00000000
CSR fcsr <- 0x00000000 (input: 0x00000000)


mem[X,0x8000176C] -> 0x7FD3
mem[X,0x8000176E] -> 0x0DDF
[1504] [M]: 0x8000176C (0x0DDF7FD3) fsub.h ft11, ft10, ft9, dyn
f31 <- 0xFFFFFFFFFFFF7E00


mem[X,0x80001770] -> 0x2273
mem[X,0x80001772] -> 0x0030
[1505] [M]: 0x80001770 (0x00302273) csrrs tp, fcsr, zero
CSR fcsr -> 0x00000000
x4 <- 0x00000000


mem[X,0x80001774] -> 0xA827
mem[X,0x80001776] -> 0x19F0
[1506] [M]: 0x80001774 (0x19F0A827) fsw ft11, 400(ra)
mem[0x80003DA4] <- 0xFFFF7E00


mem[X,0x80001778] -> 0xAA23
mem[X,0x8000177A] -> 0x1840
[1507] [M]: 0x80001778 (0x1840AA23) sw tp, 404(ra)
mem[0x80003DA8] <- 0x00000000


mem[X,0x8000177C] -> 0xAF07
mem[X,0x8000177E] -> 0x5981
[1508] [M]: 0x8000177C (0x5981AF07) flw ft10, 1432(gp)
mem[R,0x800035A8] -> 0x0000740A
f30 <- 0xFFFFFFFF0000740A


mem[X,0x80001780] -> 0xAE87
mem[X,0x80001782] -> 0x59C1
[1509] [M]: 0x80001780 (0x59C1AE87) flw ft9, 1436(gp)
mem[R,0x800035AC] -> 0x0000740A
f29 <- 0xFFFFFFFF0000740A


mem[X,0x80001784] -> 0x0113
mem[X,0x80001786] -> 0x0000
[1510] [M]: 0x80001784 (0x00000113) addi sp, zero, 0
x2 <- 0x00000000


mem[X,0x80001788] -> 0x1073
mem[X,0x8000178A] -> 0x0031
[1511] [M]: 0x80001788 (0x00311073) csrrw zero, fcsr, sp
CSR fcsr -> 0x00000000
CSR fcsr <- 0x00000000 (input: 0x00000000)


mem[X,0x8000178C] -> 0x7FD3
mem[X,0x8000178E] -> 0x0DDF
[1512] [M]: 0x8000178C (0x0DDF7FD3) fsub.h ft11, ft10, ft9, dyn
f31 <- 0xFFFFFFFFFFFF7E00


mem[X,0x80001790] -> 0x2273
mem[X,0x80001792] -> 0x0030
[1513] [M]: 0x80001790 (0x00302273) csrrs tp, fcsr, zero
CSR fcsr -> 0x00000000
x4 <- 0x00000000


mem[X,0x80001794] -> 0xAC27
mem[X,0x80001796] -> 0x19F0
[1514] [M]: 0x80001794 (0x19F0AC27) fsw ft11, 408(ra)
mem[0x80003DAC] <- 0xFFFF7E00


mem[X,0x80001798] -> 0xAE23
mem[X,0x8000179A] -> 0x1840
[1515] [M]: 0x80001798 (0x1840AE23) sw tp, 412(ra)
mem[0x80003DB0] <- 0x00000000


mem[X,0x8000179C] -> 0xAF07
mem[X,0x8000179E] -> 0x5A01
[1516] [M]: 0x8000179C (0x5A01AF07) flw ft10, 1440(gp)
mem[R,0x800035B0] -> 0x00007BB4
f30 <- 0xFFFFFFFF00007BB4


mem[X,0x800017A0] -> 0xAE87
mem[X,0x800017A2] -> 0x5A41
[1517] [M]: 0x800017A0 (0x5A41AE87) flw ft9, 1444(gp)
mem[R,0x800035B4] -> 0x00007BB4
f29 <- 0xFFFFFFFF00007BB4


mem[X,0x800017A4] -> 0x0113
mem[X,0x800017A6] -> 0x0000
[1518] [M]: 0x800017A4 (0x00000113) addi sp, zero, 0
x2 <- 0x00000000


mem[X,0x800017A8] -> 0x1073
mem[X,0x800017AA] -> 0x0031
[1519] [M]: 0x800017A8 (0x00311073) csrrw zero, fcsr, sp
CSR fcsr -> 0x00000000
CSR fcsr <- 0x00000000 (input: 0x00000000)


mem[X,0x800017AC] -> 0x7FD3
mem[X,0x800017AE] -> 0x0DDF
[1520] [M]: 0x800017AC (0x0DDF7FD3) fsub.h ft11, ft10, ft9, dyn
f31 <- 0xFFFFFFFFFFFF7E00


mem[X,0x800017B0] -> 0x2273
mem[X,0x800017B2] -> 0x0030
[1521] [M]: 0x800017B0 (0x00302273) csrrs tp, fcsr, zero
CSR fcsr -> 0x00000000
x4 <- 0x00000000


mem[X,0x800017B4] -> 0xA027
mem[X,0x800017B6] -> 0x1BF0
[1522] [M]: 0x800017B4 (0x1BF0A027) fsw ft11, 416(ra)
mem[0x80003DB4] <- 0xFFFF7E00


mem[X,0x800017B8] -> 0xA223
mem[X,0x800017BA] -> 0x1A40
[1523] [M]: 0x800017B8 (0x1A40A223) sw tp, 420(ra)
mem[0x80003DB8] <- 0x00000000


mem[X,0x800017BC] -> 0xAF07
mem[X,0x800017BE] -> 0x5A81
[1524] [M]: 0x800017BC (0x5A81AF07) flw ft10, 1448(gp)
mem[R,0x800035B8] -> 0x00007864
f30 <- 0xFFFFFFFF00007864


mem[X,0x800017C0] -> 0xAE87
mem[X,0x800017C2] -> 0x5AC1
[1525] [M]: 0x800017C0 (0x5AC1AE87) flw ft9, 1452(gp)
mem[R,0x800035BC] -> 0x00007864
f29 <- 0xFFFFFFFF00007864


mem[X,0x800017C4] -> 0x0113
mem[X,0x800017C6] -> 0x0000
[1526] [M]: 0x800017C4 (0x00000113) addi sp, zero, 0
x2 <- 0x00000000


mem[X,0x800017C8] -> 0x1073
mem[X,0x800017CA] -> 0x0031
[1527] [M]: 0x800017C8 (0x00311073) csrrw zero, fcsr, sp
CSR fcsr -> 0x00000000
CSR fcsr <- 0x00000000 (input: 0x00000000)


mem[X,0x800017CC] -> 0x7FD3
mem[X,0x800017CE] -> 0x0DDF
[1528] [M]: 0x800017CC (0x0DDF7FD3) fsub.h ft11, ft10, ft9, dyn
f31 <- 0xFFFFFFFFFFFF7E00


mem[X,0x800017D0] -> 0x2273
mem[X,0x800017D2] -> 0x0030
[1529] [M]: 0x800017D0 (0x00302273) csrrs tp, fcsr, zero
CSR fcsr -> 0x00000000
x4 <- 0x00000000


mem[X,0x800017D4] -> 0xA427
mem[X,0x800017D6] -> 0x1BF0
[1530] [M]: 0x800017D4 (0x1BF0A427) fsw ft11, 424(ra)
mem[0x80003DBC] <- 0xFFFF7E00


mem[X,0x800017D8] -> 0xA623
mem[X,0x800017DA] -> 0x1A40
[1531] [M]: 0x800017D8 (0x1A40A623) sw tp, 428(ra)
mem[0x80003DC0] <- 0x00000000


mem[X,0x800017DC] -> 0xAF07
mem[X,0x800017DE] -> 0x5B01
[1532] [M]: 0x800017DC (0x5B01AF07) flw ft10, 1456(gp)
mem[R,0x800035C0] -> 0x00007ACE
f30 <- 0xFFFFFFFF00007ACE


mem[X,0x800017E0] -> 0xAE87
mem[X,0x800017E2] -> 0x5B41
[1533] [M]: 0x800017E0 (0x5B41AE87) flw ft9, 1460(gp)
mem[R,0x800035C4] -> 0x00007ACE
f29 <- 0xFFFFFFFF00007ACE


mem[X,0x800017E4] -> 0x0113
mem[X,0x800017E6] -> 0x0000
[1534] [M]: 0x800017E4 (0x00000113) addi sp, zero, 0
x2 <- 0x00000000


mem[X,0x800017E8] -> 0x1073
mem[X,0x800017EA] -> 0x0031
[1535] [M]: 0x800017E8 (0x00311073) csrrw zero, fcsr, sp
CSR fcsr -> 0x00000000
CSR fcsr <- 0x00000000 (input: 0x00000000)


mem[X,0x800017EC] -> 0x7FD3
mem[X,0x800017EE] -> 0x0DDF
[1536] [M]: 0x800017EC (0x0DDF7FD3) fsub.h ft11, ft10, ft9, dyn
f31 <- 0xFFFFFFFFFFFF7E00


mem[X,0x800017F0] -> 0x2273
mem[X,0x800017F2] -> 0x0030
[1537] [M]: 0x800017F0 (0x00302273) csrrs tp, fcsr, zero
CSR fcsr -> 0x00000000
x4 <- 0x00000000


mem[X,0x800017F4] -> 0xA827
mem[X,0x800017F6] -> 0x1BF0
[1538] [M]: 0x800017F4 (0x1BF0A827) fsw ft11, 432(ra)
mem[0x80003DC4] <- 0xFFFF7E00


mem[X,0x800017F8] -> 0xAA23
mem[X,0x800017FA] -> 0x1A40
[1539] [M]: 0x800017F8 (0x1A40AA23) sw tp, 436(ra)
mem[0x80003DC8] <- 0x00000000


mem[X,0x800017FC] -> 0xAF07
mem[X,0x800017FE] -> 0x5B81
[1540] [M]: 0x800017FC (0x5B81AF07) flw ft10, 1464(gp)
mem[R,0x800035C8] -> 0x00007654
f30 <- 0xFFFFFFFF00007654


mem[X,0x80001800] -> 0xAE87
mem[X,0x80001802] -> 0x5BC1
[1541] [M]: 0x80001800 (0x5BC1AE87) flw ft9, 1468(gp)
mem[R,0x800035CC] -> 0x00007654
f29 <- 0xFFFFFFFF00007654


mem[X,0x80001804] -> 0x0113
mem[X,0x80001806] -> 0x0000
[1542] [M]: 0x80001804 (0x00000113) addi sp, zero, 0
x2 <- 0x00000000


mem[X,0x80001808] -> 0x1073
mem[X,0x8000180A] -> 0x0031
[1543] [M]: 0x80001808 (0x00311073) csrrw zero, fcsr, sp
CSR fcsr -> 0x00000000
CSR fcsr <- 0x00000000 (input: 0x00000000)


mem[X,0x8000180C] -> 0x7FD3
mem[X,0x8000180E] -> 0x0DDF
[1544] [M]: 0x8000180C (0x0DDF7FD3) fsub.h ft11, ft10, ft9, dyn
f31 <- 0xFFFFFFFFFFFF7E00


mem[X,0x80001810] -> 0x2273
mem[X,0x80001812] -> 0x0030
[1545] [M]: 0x80001810 (0x00302273) csrrs tp, fcsr, zero
CSR fcsr -> 0x00000000
x4 <- 0x00000000


mem[X,0x80001814] -> 0xAC27
mem[X,0x80001816] -> 0x1BF0
[1546] [M]: 0x80001814 (0x1BF0AC27) fsw ft11, 440(ra)
mem[0x80003DCC] <- 0xFFFF7E00


mem[X,0x80001818] -> 0xAE23
mem[X,0x8000181A] -> 0x1A40
[1547] [M]: 0x80001818 (0x1A40AE23) sw tp, 444(ra)
mem[0x80003DD0] <- 0x00000000


mem[X,0x8000181C] -> 0xAF07
mem[X,0x8000181E] -> 0x5C01
[1548] [M]: 0x8000181C (0x5C01AF07) flw ft10, 1472(gp)
mem[R,0x800035D0] -> 0x00007420
f30 <- 0xFFFFFFFF00007420


mem[X,0x80001820] -> 0xAE87
mem[X,0x80001822] -> 0x5C41
[1549] [M]: 0x80001820 (0x5C41AE87) flw ft9, 1476(gp)
mem[R,0x800035D4] -> 0x00007420
f29 <- 0xFFFFFFFF00007420


mem[X,0x80001824] -> 0x0113
mem[X,0x80001826] -> 0x0000
[1550] [M]: 0x80001824 (0x00000113) addi sp, zero, 0
x2 <- 0x00000000


mem[X,0x80001828] -> 0x1073
mem[X,0x8000182A] -> 0x0031
[1551] [M]: 0x80001828 (0x00311073) csrrw zero, fcsr, sp
CSR fcsr -> 0x00000000
CSR fcsr <- 0x00000000 (input: 0x00000000)


mem[X,0x8000182C] -> 0x7FD3
mem[X,0x8000182E] -> 0x0DDF
[1552] [M]: 0x8000182C (0x0DDF7FD3) fsub.h ft11, ft10, ft9, dyn
f31 <- 0xFFFFFFFFFFFF7E00


mem[X,0x80001830] -> 0x2273
mem[X,0x80001832] -> 0x0030
[1553] [M]: 0x80001830 (0x00302273) csrrs tp, fcsr, zero
CSR fcsr -> 0x00000000
x4 <- 0x00000000


mem[X,0x80001834] -> 0xA027
mem[X,0x80001836] -> 0x1DF0
[1554] [M]: 0x80001834 (0x1DF0A027) fsw ft11, 448(ra)
mem[0x80003DD4] <- 0xFFFF7E00


mem[X,0x80001838] -> 0xA223
mem[X,0x8000183A] -> 0x1C40
[1555] [M]: 0x80001838 (0x1C40A223) sw tp, 452(ra)
mem[0x80003DD8] <- 0x00000000


mem[X,0x8000183C] -> 0xAF07
mem[X,0x8000183E] -> 0x5C81
[1556] [M]: 0x8000183C (0x5C81AF07) flw ft10, 1480(gp)
mem[R,0x800035D8] -> 0x0000792B
f30 <- 0xFFFFFFFF0000792B


mem[X,0x80001840] -> 0xAE87
mem[X,0x80001842] -> 0x5CC1
[1557] [M]: 0x80001840 (0x5CC1AE87) flw ft9, 1484(gp)
mem[R,0x800035DC] -> 0x0000792B
f29 <- 0xFFFFFFFF0000792B


mem[X,0x80001844] -> 0x0113
mem[X,0x80001846] -> 0x0000
[1558] [M]: 0x80001844 (0x00000113) addi sp, zero, 0
x2 <- 0x00000000


mem[X,0x80001848] -> 0x1073
mem[X,0x8000184A] -> 0x0031
[1559] [M]: 0x80001848 (0x00311073) csrrw zero, fcsr, sp
CSR fcsr -> 0x00000000
CSR fcsr <- 0x00000000 (input: 0x00000000)


mem[X,0x8000184C] -> 0x7FD3
mem[X,0x8000184E] -> 0x0DDF
[1560] [M]: 0x8000184C (0x0DDF7FD3) fsub.h ft11, ft10, ft9, dyn
f31 <- 0xFFFFFFFFFFFF7E00


mem[X,0x80001850] -> 0x2273
mem[X,0x80001852] -> 0x0030
[1561] [M]: 0x80001850 (0x00302273) csrrs tp, fcsr, zero
CSR fcsr -> 0x00000000
x4 <- 0x00000000


mem[X,0x80001854] -> 0xA427
mem[X,0x80001856] -> 0x1DF0
[1562] [M]: 0x80001854 (0x1DF0A427) fsw ft11, 456(ra)
mem[0x80003DDC] <- 0xFFFF7E00


mem[X,0x80001858] -> 0xA623
mem[X,0x8000185A] -> 0x1C40
[1563] [M]: 0x80001858 (0x1C40A623) sw tp, 460(ra)
mem[0x80003DE0] <- 0x00000000


mem[X,0x8000185C] -> 0xAF07
mem[X,0x8000185E] -> 0x5D01
[1564] [M]: 0x8000185C (0x5D01AF07) flw ft10, 1488(gp)
mem[R,0x800035E0] -> 0x000075AD
f30 <- 0xFFFFFFFF000075AD


mem[X,0x80001860] -> 0xAE87
mem[X,0x80001862] -> 0x5D41
[1565] [M]: 0x80001860 (0x5D41AE87) flw ft9, 1492(gp)
mem[R,0x800035E4] -> 0x000075AD
f29 <- 0xFFFFFFFF000075AD


mem[X,0x80001864] -> 0x0113
mem[X,0x80001866] -> 0x0000
[1566] [M]: 0x80001864 (0x00000113) addi sp, zero, 0
x2 <- 0x00000000


mem[X,0x80001868] -> 0x1073
mem[X,0x8000186A] -> 0x0031
[1567] [M]: 0x80001868 (0x00311073) csrrw zero, fcsr, sp
CSR fcsr -> 0x00000000
CSR fcsr <- 0x00000000 (input: 0x00000000)


mem[X,0x8000186C] -> 0x7FD3
mem[X,0x8000186E] -> 0x0DDF
[1568] [M]: 0x8000186C (0x0DDF7FD3) fsub.h ft11, ft10, ft9, dyn
f31 <- 0xFFFFFFFFFFFF7E00


mem[X,0x80001870] -> 0x2273
mem[X,0x80001872] -> 0x0030
[1569] [M]: 0x80001870 (0x00302273) csrrs tp, fcsr, zero
CSR fcsr -> 0x00000000
x4 <- 0x00000000


mem[X,0x80001874] -> 0xA827
mem[X,0x80001876] -> 0x1DF0
[1570] [M]: 0x80001874 (0x1DF0A827) fsw ft11, 464(ra)
mem[0x80003DE4] <- 0xFFFF7E00


mem[X,0x80001878] -> 0xAA23
mem[X,0x8000187A] -> 0x1C40
[1571] [M]: 0x80001878 (0x1C40AA23) sw tp, 468(ra)
mem[0x80003DE8] <- 0x00000000


mem[X,0x8000187C] -> 0xAF07
mem[X,0x8000187E] -> 0x5D81
[1572] [M]: 0x8000187C (0x5D81AF07) flw ft10, 1496(gp)
mem[R,0x800035E8] -> 0x00007000
f30 <- 0xFFFFFFFF00007000


mem[X,0x80001880] -> 0xAE87
mem[X,0x80001882] -> 0x5DC1
[1573] [M]: 0x80001880 (0x5DC1AE87) flw ft9, 1500(gp)
mem[R,0x800035EC] -> 0x00007000
f29 <- 0xFFFFFFFF00007000


mem[X,0x80001884] -> 0x0113
mem[X,0x80001886] -> 0x0000
[1574] [M]: 0x80001884 (0x00000113) addi sp, zero, 0
x2 <- 0x00000000


mem[X,0x80001888] -> 0x1073
mem[X,0x8000188A] -> 0x0031
[1575] [M]: 0x80001888 (0x00311073) csrrw zero, fcsr, sp
CSR fcsr -> 0x00000000
CSR fcsr <- 0x00000000 (input: 0x00000000)


mem[X,0x8000188C] -> 0x7FD3
mem[X,0x8000188E] -> 0x0DDF
[1576] [M]: 0x8000188C (0x0DDF7FD3) fsub.h ft11, ft10, ft9, dyn
f31 <- 0xFFFFFFFFFFFF7E00


mem[X,0x80001890] -> 0x2273
mem[X,0x80001892] -> 0x0030
[1577] [M]: 0x80001890 (0x00302273) csrrs tp, fcsr, zero
CSR fcsr -> 0x00000000
x4 <- 0x00000000


mem[X,0x80001894] -> 0xAC27
mem[X,0x80001896] -> 0x1DF0
[1578] [M]: 0x80001894 (0x1DF0AC27) fsw ft11, 472(ra)
mem[0x80003DEC] <- 0xFFFF7E00


mem[X,0x80001898] -> 0xAE23
mem[X,0x8000189A] -> 0x1C40
[1579] [M]: 0x80001898 (0x1C40AE23) sw tp, 476(ra)
mem[0x80003DF0] <- 0x00000000


mem[X,0x8000189C] -> 0xAF07
mem[X,0x8000189E] -> 0x5E01
[1580] [M]: 0x8000189C (0x5E01AF07) flw ft10, 1504(gp)
mem[R,0x800035F0] -> 0x00007AA0
f30 <- 0xFFFFFFFF00007AA0


mem[X,0x800018A0] -> 0xAE87
mem[X,0x800018A2] -> 0x5E41
[1581] [M]: 0x800018A0 (0x5E41AE87) flw ft9, 1508(gp)
mem[R,0x800035F4] -> 0x00007AA0
f29 <- 0xFFFFFFFF00007AA0


mem[X,0x800018A4] -> 0x0113
mem[X,0x800018A6] -> 0x0000
[1582] [M]: 0x800018A4 (0x00000113) addi sp, zero, 0
x2 <- 0x00000000


mem[X,0x800018A8] -> 0x1073
mem[X,0x800018AA] -> 0x0031
[1583] [M]: 0x800018A8 (0x00311073) csrrw zero, fcsr, sp
CSR fcsr -> 0x00000000
CSR fcsr <- 0x00000000 (input: 0x00000000)


mem[X,0x800018AC] -> 0x7FD3
mem[X,0x800018AE] -> 0x0DDF
[1584] [M]: 0x800018AC (0x0DDF7FD3) fsub.h ft11, ft10, ft9, dyn
f31 <- 0xFFFFFFFFFFFF7E00


mem[X,0x800018B0] -> 0x2273
mem[X,0x800018B2] -> 0x0030
[1585] [M]: 0x800018B0 (0x00302273) csrrs tp, fcsr, zero
CSR fcsr -> 0x00000000
x4 <- 0x00000000


mem[X,0x800018B4] -> 0xA027
mem[X,0x800018B6] -> 0x1FF0
[1586] [M]: 0x800018B4 (0x1FF0A027) fsw ft11, 480(ra)
mem[0x80003DF4] <- 0xFFFF7E00


mem[X,0x800018B8] -> 0xA223
mem[X,0x800018BA] -> 0x1E40
[1587] [M]: 0x800018B8 (0x1E40A223) sw tp, 484(ra)
mem[0x80003DF8] <- 0x00000000


mem[X,0x800018BC] -> 0xAF07
mem[X,0x800018BE] -> 0x5E81
[1588] [M]: 0x800018BC (0x5E81AF07) flw ft10, 1512(gp)
mem[R,0x800035F8] -> 0x0000766A
f30 <- 0xFFFFFFFF0000766A


mem[X,0x800018C0] -> 0xAE87
mem[X,0x800018C2] -> 0x5EC1
[1589] [M]: 0x800018C0 (0x5EC1AE87) flw ft9, 1516(gp)
mem[R,0x800035FC] -> 0x0000766A
f29 <- 0xFFFFFFFF0000766A


mem[X,0x800018C4] -> 0x0113
mem[X,0x800018C6] -> 0x0000
[1590] [M]: 0x800018C4 (0x00000113) addi sp, zero, 0
x2 <- 0x00000000


mem[X,0x800018C8] -> 0x1073
mem[X,0x800018CA] -> 0x0031
[1591] [M]: 0x800018C8 (0x00311073) csrrw zero, fcsr, sp
CSR fcsr -> 0x00000000
CSR fcsr <- 0x00000000 (input: 0x00000000)


mem[X,0x800018CC] -> 0x7FD3
mem[X,0x800018CE] -> 0x0DDF
[1592] [M]: 0x800018CC (0x0DDF7FD3) fsub.h ft11, ft10, ft9, dyn
f31 <- 0xFFFFFFFFFFFF7E00


mem[X,0x800018D0] -> 0x2273
mem[X,0x800018D2] -> 0x0030
[1593] [M]: 0x800018D0 (0x00302273) csrrs tp, fcsr, zero
CSR fcsr -> 0x00000000
x4 <- 0x00000000


mem[X,0x800018D4] -> 0xA427
mem[X,0x800018D6] -> 0x1FF0
[1594] [M]: 0x800018D4 (0x1FF0A427) fsw ft11, 488(ra)
mem[0x80003DFC] <- 0xFFFF7E00


mem[X,0x800018D8] -> 0xA623
mem[X,0x800018DA] -> 0x1E40
[1595] [M]: 0x800018D8 (0x1E40A623) sw tp, 492(ra)
mem[0x80003E00] <- 0x00000000


mem[X,0x800018DC] -> 0xAF07
mem[X,0x800018DE] -> 0x5F01
[1596] [M]: 0x800018DC (0x5F01AF07) flw ft10, 1520(gp)
mem[R,0x80003600] -> 0x00007378
f30 <- 0xFFFFFFFF00007378


mem[X,0x800018E0] -> 0xAE87
mem[X,0x800018E2] -> 0x5F41
[1597] [M]: 0x800018E0 (0x5F41AE87) flw ft9, 1524(gp)
mem[R,0x80003604] -> 0x00007378
f29 <- 0xFFFFFFFF00007378


mem[X,0x800018E4] -> 0x0113
mem[X,0x800018E6] -> 0x0000
[1598] [M]: 0x800018E4 (0x00000113) addi sp, zero, 0
x2 <- 0x00000000


mem[X,0x800018E8] -> 0x1073
mem[X,0x800018EA] -> 0x0031
[1599] [M]: 0x800018E8 (0x00311073) csrrw zero, fcsr, sp
CSR fcsr -> 0x00000000
CSR fcsr <- 0x00000000 (input: 0x00000000)


clint::tick mtime <- 0x0000000000000010
 clint timer pending at mtime 0x0000000000000010
htif::tick 0x0000000000000000
mem[X,0x800018EC] -> 0x7FD3
mem[X,0x800018EE] -> 0x0DDF
[1600] [M]: 0x800018EC (0x0DDF7FD3) fsub.h ft11, ft10, ft9, dyn
f31 <- 0xFFFFFFFFFFFF7E00


mem[X,0x800018F0] -> 0x2273
mem[X,0x800018F2] -> 0x0030
[1601] [M]: 0x800018F0 (0x00302273) csrrs tp, fcsr, zero
CSR fcsr -> 0x00000000
x4 <- 0x00000000


mem[X,0x800018F4] -> 0xA827
mem[X,0x800018F6] -> 0x1FF0
[1602] [M]: 0x800018F4 (0x1FF0A827) fsw ft11, 496(ra)
mem[0x80003E04] <- 0xFFFF7E00


mem[X,0x800018F8] -> 0xAA23
mem[X,0x800018FA] -> 0x1E40
[1603] [M]: 0x800018F8 (0x1E40AA23) sw tp, 500(ra)
mem[0x80003E08] <- 0x00000000


mem[X,0x800018FC] -> 0xAF07
mem[X,0x800018FE] -> 0x5F81
[1604] [M]: 0x800018FC (0x5F81AF07) flw ft10, 1528(gp)
mem[R,0x80003608] -> 0x0000783A
f30 <- 0xFFFFFFFF0000783A


mem[X,0x80001900] -> 0xAE87
mem[X,0x80001902] -> 0x5FC1
[1605] [M]: 0x80001900 (0x5FC1AE87) flw ft9, 1532(gp)
mem[R,0x8000360C] -> 0x0000783A
f29 <- 0xFFFFFFFF0000783A


mem[X,0x80001904] -> 0x0113
mem[X,0x80001906] -> 0x0000
[1606] [M]: 0x80001904 (0x00000113) addi sp, zero, 0
x2 <- 0x00000000


mem[X,0x80001908] -> 0x1073
mem[X,0x8000190A] -> 0x0031
[1607] [M]: 0x80001908 (0x00311073) csrrw zero, fcsr, sp
CSR fcsr -> 0x00000000
CSR fcsr <- 0x00000000 (input: 0x00000000)


mem[X,0x8000190C] -> 0x7FD3
mem[X,0x8000190E] -> 0x0DDF
[1608] [M]: 0x8000190C (0x0DDF7FD3) fsub.h ft11, ft10, ft9, dyn
f31 <- 0xFFFFFFFFFFFF7E00


mem[X,0x80001910] -> 0x2273
mem[X,0x80001912] -> 0x0030
[1609] [M]: 0x80001910 (0x00302273) csrrs tp, fcsr, zero
CSR fcsr -> 0x00000000
x4 <- 0x00000000


mem[X,0x80001914] -> 0xAC27
mem[X,0x80001916] -> 0x1FF0
[1610] [M]: 0x80001914 (0x1FF0AC27) fsw ft11, 504(ra)
mem[0x80003E0C] <- 0xFFFF7E00


mem[X,0x80001918] -> 0xAE23
mem[X,0x8000191A] -> 0x1E40
[1611] [M]: 0x80001918 (0x1E40AE23) sw tp, 508(ra)
mem[0x80003E10] <- 0x00000000


mem[X,0x8000191C] -> 0xAF07
mem[X,0x8000191E] -> 0x6001
[1612] [M]: 0x8000191C (0x6001AF07) flw ft10, 1536(gp)
mem[R,0x80003610] -> 0x00007930
f30 <- 0xFFFFFFFF00007930


mem[X,0x80001920] -> 0xAE87
mem[X,0x80001922] -> 0x6041
[1613] [M]: 0x80001920 (0x6041AE87) flw ft9, 1540(gp)
mem[R,0x80003614] -> 0x00007930
f29 <- 0xFFFFFFFF00007930


mem[X,0x80001924] -> 0x0113
mem[X,0x80001926] -> 0x0000
[1614] [M]: 0x80001924 (0x00000113) addi sp, zero, 0
x2 <- 0x00000000


mem[X,0x80001928] -> 0x1073
mem[X,0x8000192A] -> 0x0031
[1615] [M]: 0x80001928 (0x00311073) csrrw zero, fcsr, sp
CSR fcsr -> 0x00000000
CSR fcsr <- 0x00000000 (input: 0x00000000)


mem[X,0x8000192C] -> 0x7FD3
mem[X,0x8000192E] -> 0x0DDF
[1616] [M]: 0x8000192C (0x0DDF7FD3) fsub.h ft11, ft10, ft9, dyn
f31 <- 0xFFFFFFFFFFFF7E00


mem[X,0x80001930] -> 0x2273
mem[X,0x80001932] -> 0x0030
[1617] [M]: 0x80001930 (0x00302273) csrrs tp, fcsr, zero
CSR fcsr -> 0x00000000
x4 <- 0x00000000


mem[X,0x80001934] -> 0xA027
mem[X,0x80001936] -> 0x21F0
[1618] [M]: 0x80001934 (0x21F0A027) fsw ft11, 512(ra)
mem[0x80003E14] <- 0xFFFF7E00


mem[X,0x80001938] -> 0xA223
mem[X,0x8000193A] -> 0x2040
[1619] [M]: 0x80001938 (0x2040A223) sw tp, 516(ra)
mem[0x80003E18] <- 0x00000000


mem[X,0x8000193C] -> 0xAF07
mem[X,0x8000193E] -> 0x6081
[1620] [M]: 0x8000193C (0x6081AF07) flw ft10, 1544(gp)
mem[R,0x80003618] -> 0x0000797D
f30 <- 0xFFFFFFFF0000797D


mem[X,0x80001940] -> 0xAE87
mem[X,0x80001942] -> 0x60C1
[1621] [M]: 0x80001940 (0x60C1AE87) flw ft9, 1548(gp)
mem[R,0x8000361C] -> 0x0000797D
f29 <- 0xFFFFFFFF0000797D


mem[X,0x80001944] -> 0x0113
mem[X,0x80001946] -> 0x0000
[1622] [M]: 0x80001944 (0x00000113) addi sp, zero, 0
x2 <- 0x00000000


mem[X,0x80001948] -> 0x1073
mem[X,0x8000194A] -> 0x0031
[1623] [M]: 0x80001948 (0x00311073) csrrw zero, fcsr, sp
CSR fcsr -> 0x00000000
CSR fcsr <- 0x00000000 (input: 0x00000000)


mem[X,0x8000194C] -> 0x7FD3
mem[X,0x8000194E] -> 0x0DDF
[1624] [M]: 0x8000194C (0x0DDF7FD3) fsub.h ft11, ft10, ft9, dyn
f31 <- 0xFFFFFFFFFFFF7E00


mem[X,0x80001950] -> 0x2273
mem[X,0x80001952] -> 0x0030
[1625] [M]: 0x80001950 (0x00302273) csrrs tp, fcsr, zero
CSR fcsr -> 0x00000000
x4 <- 0x00000000


mem[X,0x80001954] -> 0xA427
mem[X,0x80001956] -> 0x21F0
[1626] [M]: 0x80001954 (0x21F0A427) fsw ft11, 520(ra)
mem[0x80003E1C] <- 0xFFFF7E00


mem[X,0x80001958] -> 0xA623
mem[X,0x8000195A] -> 0x2040
[1627] [M]: 0x80001958 (0x2040A623) sw tp, 524(ra)
mem[0x80003E20] <- 0x00000000


mem[X,0x8000195C] -> 0xAF07
mem[X,0x8000195E] -> 0x6101
[1628] [M]: 0x8000195C (0x6101AF07) flw ft10, 1552(gp)
mem[R,0x80003620] -> 0x0000739F
f30 <- 0xFFFFFFFF0000739F


mem[X,0x80001960] -> 0xAE87
mem[X,0x80001962] -> 0x6141
[1629] [M]: 0x80001960 (0x6141AE87) flw ft9, 1556(gp)
mem[R,0x80003624] -> 0x0000739F
f29 <- 0xFFFFFFFF0000739F


mem[X,0x80001964] -> 0x0113
mem[X,0x80001966] -> 0x0000
[1630] [M]: 0x80001964 (0x00000113) addi sp, zero, 0
x2 <- 0x00000000


mem[X,0x80001968] -> 0x1073
mem[X,0x8000196A] -> 0x0031
[1631] [M]: 0x80001968 (0x00311073) csrrw zero, fcsr, sp
CSR fcsr -> 0x00000000
CSR fcsr <- 0x00000000 (input: 0x00000000)


mem[X,0x8000196C] -> 0x7FD3
mem[X,0x8000196E] -> 0x0DDF
[1632] [M]: 0x8000196C (0x0DDF7FD3) fsub.h ft11, ft10, ft9, dyn
f31 <- 0xFFFFFFFFFFFF7E00


mem[X,0x80001970] -> 0x2273
mem[X,0x80001972] -> 0x0030
[1633] [M]: 0x80001970 (0x00302273) csrrs tp, fcsr, zero
CSR fcsr -> 0x00000000
x4 <- 0x00000000


mem[X,0x80001974] -> 0xA827
mem[X,0x80001976] -> 0x21F0
[1634] [M]: 0x80001974 (0x21F0A827) fsw ft11, 528(ra)
mem[0x80003E24] <- 0xFFFF7E00


mem[X,0x80001978] -> 0xAA23
mem[X,0x8000197A] -> 0x2040
[1635] [M]: 0x80001978 (0x2040AA23) sw tp, 532(ra)
mem[0x80003E28] <- 0x00000000


mem[X,0x8000197C] -> 0xAF07
mem[X,0x8000197E] -> 0x6181
[1636] [M]: 0x8000197C (0x6181AF07) flw ft10, 1560(gp)
mem[R,0x80003628] -> 0x000077A8
f30 <- 0xFFFFFFFF000077A8


mem[X,0x80001980] -> 0xAE87
mem[X,0x80001982] -> 0x61C1
[1637] [M]: 0x80001980 (0x61C1AE87) flw ft9, 1564(gp)
mem[R,0x8000362C] -> 0x000077A8
f29 <- 0xFFFFFFFF000077A8


mem[X,0x80001984] -> 0x0113
mem[X,0x80001986] -> 0x0000
[1638] [M]: 0x80001984 (0x00000113) addi sp, zero, 0
x2 <- 0x00000000


mem[X,0x80001988] -> 0x1073
mem[X,0x8000198A] -> 0x0031
[1639] [M]: 0x80001988 (0x00311073) csrrw zero, fcsr, sp
CSR fcsr -> 0x00000000
CSR fcsr <- 0x00000000 (input: 0x00000000)


mem[X,0x8000198C] -> 0x7FD3
mem[X,0x8000198E] -> 0x0DDF
[1640] [M]: 0x8000198C (0x0DDF7FD3) fsub.h ft11, ft10, ft9, dyn
f31 <- 0xFFFFFFFFFFFF7E00


mem[X,0x80001990] -> 0x2273
mem[X,0x80001992] -> 0x0030
[1641] [M]: 0x80001990 (0x00302273) csrrs tp, fcsr, zero
CSR fcsr -> 0x00000000
x4 <- 0x00000000


mem[X,0x80001994] -> 0xAC27
mem[X,0x80001996] -> 0x21F0
[1642] [M]: 0x80001994 (0x21F0AC27) fsw ft11, 536(ra)
mem[0x80003E2C] <- 0xFFFF7E00


mem[X,0x80001998] -> 0xAE23
mem[X,0x8000199A] -> 0x2040
[1643] [M]: 0x80001998 (0x2040AE23) sw tp, 540(ra)
mem[0x80003E30] <- 0x00000000


mem[X,0x8000199C] -> 0xAF07
mem[X,0x8000199E] -> 0x6201
[1644] [M]: 0x8000199C (0x6201AF07) flw ft10, 1568(gp)
mem[R,0x80003630] -> 0x00007697
f30 <- 0xFFFFFFFF00007697


mem[X,0x800019A0] -> 0xAE87
mem[X,0x800019A2] -> 0x6241
[1645] [M]: 0x800019A0 (0x6241AE87) flw ft9, 1572(gp)
mem[R,0x80003634] -> 0x00007697
f29 <- 0xFFFFFFFF00007697


mem[X,0x800019A4] -> 0x0113
mem[X,0x800019A6] -> 0x0000
[1646] [M]: 0x800019A4 (0x00000113) addi sp, zero, 0
x2 <- 0x00000000


mem[X,0x800019A8] -> 0x1073
mem[X,0x800019AA] -> 0x0031
[1647] [M]: 0x800019A8 (0x00311073) csrrw zero, fcsr, sp
CSR fcsr -> 0x00000000
CSR fcsr <- 0x00000000 (input: 0x00000000)


mem[X,0x800019AC] -> 0x7FD3
mem[X,0x800019AE] -> 0x0DDF
[1648] [M]: 0x800019AC (0x0DDF7FD3) fsub.h ft11, ft10, ft9, dyn
f31 <- 0xFFFFFFFFFFFF7E00


mem[X,0x800019B0] -> 0x2273
mem[X,0x800019B2] -> 0x0030
[1649] [M]: 0x800019B0 (0x00302273) csrrs tp, fcsr, zero
CSR fcsr -> 0x00000000
x4 <- 0x00000000


mem[X,0x800019B4] -> 0xA027
mem[X,0x800019B6] -> 0x23F0
[1650] [M]: 0x800019B4 (0x23F0A027) fsw ft11, 544(ra)
mem[0x80003E34] <- 0xFFFF7E00


mem[X,0x800019B8] -> 0xA223
mem[X,0x800019BA] -> 0x2240
[1651] [M]: 0x800019B8 (0x2240A223) sw tp, 548(ra)
mem[0x80003E38] <- 0x00000000


mem[X,0x800019BC] -> 0xAF07
mem[X,0x800019BE] -> 0x6281
[1652] [M]: 0x800019BC (0x6281AF07) flw ft10, 1576(gp)
mem[R,0x80003638] -> 0x00007A1B
f30 <- 0xFFFFFFFF00007A1B


mem[X,0x800019C0] -> 0xAE87
mem[X,0x800019C2] -> 0x62C1
[1653] [M]: 0x800019C0 (0x62C1AE87) flw ft9, 1580(gp)
mem[R,0x8000363C] -> 0x00007A1B
f29 <- 0xFFFFFFFF00007A1B


mem[X,0x800019C4] -> 0x0113
mem[X,0x800019C6] -> 0x0000
[1654] [M]: 0x800019C4 (0x00000113) addi sp, zero, 0
x2 <- 0x00000000


mem[X,0x800019C8] -> 0x1073
mem[X,0x800019CA] -> 0x0031
[1655] [M]: 0x800019C8 (0x00311073) csrrw zero, fcsr, sp
CSR fcsr -> 0x00000000
CSR fcsr <- 0x00000000 (input: 0x00000000)


mem[X,0x800019CC] -> 0x7FD3
mem[X,0x800019CE] -> 0x0DDF
[1656] [M]: 0x800019CC (0x0DDF7FD3) fsub.h ft11, ft10, ft9, dyn
f31 <- 0xFFFFFFFFFFFF7E00


mem[X,0x800019D0] -> 0x2273
mem[X,0x800019D2] -> 0x0030
[1657] [M]: 0x800019D0 (0x00302273) csrrs tp, fcsr, zero
CSR fcsr -> 0x00000000
x4 <- 0x00000000


mem[X,0x800019D4] -> 0xA427
mem[X,0x800019D6] -> 0x23F0
[1658] [M]: 0x800019D4 (0x23F0A427) fsw ft11, 552(ra)
mem[0x80003E3C] <- 0xFFFF7E00


mem[X,0x800019D8] -> 0xA623
mem[X,0x800019DA] -> 0x2240
[1659] [M]: 0x800019D8 (0x2240A623) sw tp, 556(ra)
mem[0x80003E40] <- 0x00000000


mem[X,0x800019DC] -> 0xAF07
mem[X,0x800019DE] -> 0x6301
[1660] [M]: 0x800019DC (0x6301AF07) flw ft10, 1584(gp)
mem[R,0x80003640] -> 0x00006E01
f30 <- 0xFFFFFFFF00006E01


mem[X,0x800019E0] -> 0xAE87
mem[X,0x800019E2] -> 0x6341
[1661] [M]: 0x800019E0 (0x6341AE87) flw ft9, 1588(gp)
mem[R,0x80003644] -> 0x00006E01
f29 <- 0xFFFFFFFF00006E01


mem[X,0x800019E4] -> 0x0113
mem[X,0x800019E6] -> 0x0000
[1662] [M]: 0x800019E4 (0x00000113) addi sp, zero, 0
x2 <- 0x00000000


mem[X,0x800019E8] -> 0x1073
mem[X,0x800019EA] -> 0x0031
[1663] [M]: 0x800019E8 (0x00311073) csrrw zero, fcsr, sp
CSR fcsr -> 0x00000000
CSR fcsr <- 0x00000000 (input: 0x00000000)


mem[X,0x800019EC] -> 0x7FD3
mem[X,0x800019EE] -> 0x0DDF
[1664] [M]: 0x800019EC (0x0DDF7FD3) fsub.h ft11, ft10, ft9, dyn
f31 <- 0xFFFFFFFFFFFF7E00


mem[X,0x800019F0] -> 0x2273
mem[X,0x800019F2] -> 0x0030
[1665] [M]: 0x800019F0 (0x00302273) csrrs tp, fcsr, zero
CSR fcsr -> 0x00000000
x4 <- 0x00000000


mem[X,0x800019F4] -> 0xA827
mem[X,0x800019F6] -> 0x23F0
[1666] [M]: 0x800019F4 (0x23F0A827) fsw ft11, 560(ra)
mem[0x80003E44] <- 0xFFFF7E00


mem[X,0x800019F8] -> 0xAA23
mem[X,0x800019FA] -> 0x2240
[1667] [M]: 0x800019F8 (0x2240AA23) sw tp, 564(ra)
mem[0x80003E48] <- 0x00000000


mem[X,0x800019FC] -> 0x0013
mem[X,0x800019FE] -> 0x0000
[1668] [M]: 0x800019FC (0x00000013) addi zero, zero, 0


mem[X,0x80001A00] -> 0x0093
mem[X,0x80001A02] -> 0x0010
[1669] [M]: 0x80001A00 (0x00100093) addi ra, zero, 1
x1 <- 0x00000001


mem[X,0x80001A04] -> 0x0F17
mem[X,0x80001A06] -> 0x0000
[1670] [M]: 0x80001A04 (0x00000F17) auipc t5, 0
x30 <- 0x80001A04


mem[X,0x80001A08] -> 0x2E23
mem[X,0x80001A0A] -> 0x5E1F
[1671] [M]: 0x80001A08 (0x5E1F2E23) sw ra, 1532(t5)
htif[0x80002000] <- 0x00000001


mem[X,0x80001A0C] -> 0xF06F
mem[X,0x80001A0E] -> 0xFF9F
[1672] [M]: 0x80001A0C (0xFF9FF06F) jal zero, 2097144


mem[X,0x80001A04] -> 0x0F17
mem[X,0x80001A06] -> 0x0000
[1673] [M]: 0x80001A04 (0x00000F17) auipc t5, 0
x30 <- 0x80001A04


mem[X,0x80001A08] -> 0x2E23
mem[X,0x80001A0A] -> 0x5E1F
[1674] [M]: 0x80001A08 (0x5E1F2E23) sw ra, 1532(t5)
htif[0x80002000] <- 0x00000001


mem[X,0x80001A0C] -> 0xF06F
mem[X,0x80001A0E] -> 0xFF9F
[1675] [M]: 0x80001A0C (0xFF9FF06F) jal zero, 2097144


mem[X,0x80001A04] -> 0x0F17
mem[X,0x80001A06] -> 0x0000
[1676] [M]: 0x80001A04 (0x00000F17) auipc t5, 0
x30 <- 0x80001A04


mem[X,0x80001A08] -> 0x2E23
mem[X,0x80001A0A] -> 0x5E1F
[1677] [M]: 0x80001A08 (0x5E1F2E23) sw ra, 1532(t5)
htif[0x80002000] <- 0x00000001
htif-syscall-proxy cmd: 0x000000000001

SUCCESS
