using Reference-sail_c_simulator.signature for test-signature output.
[Sail] Allocating new block 0x80000000
tohost located at 0x80001000
[Sail] Allocating new block 0x0

Running file ref.elf.
ELF Entry @ 0x80000000
begin_signature: 0x80002310
end_signature: 0x80002420
CSR mstatus <- 0x00000000 (input: 0x00000000)
mem[X,0x00001000] -> 0x0297
mem[X,0x00001002] -> 0x0000
[0] [M]: 0x00001000 (0x00000297) auipc t0, 0
x5 <- 0x00001000


mem[X,0x00001004] -> 0x8593
mem[X,0x00001006] -> 0x0202
[1] [M]: 0x00001004 (0x02028593) addi a1, t0, 32
x11 <- 0x00001020


mem[X,0x00001008] -> 0x2573
mem[X,0x0000100A] -> 0xF140
[2] [M]: 0x00001008 (0xF1402573) csrrs a0, mhartid, zero
CSR mhartid -> 0x00000000
x10 <- 0x00000000


mem[X,0x0000100C] -> 0xA283
mem[X,0x0000100E] -> 0x0182
[3] [M]: 0x0000100C (0x0182A283) lw t0, 24(t0)
mem[R,0x00001018] -> 0x80000000
x5 <- 0x80000000


mem[X,0x00001010] -> 0x8067
mem[X,0x00001012] -> 0x0002
[4] [M]: 0x00001010 (0x00028067) jalr zero, t0, 0


mem[X,0x80000000] -> 0xC0B7
mem[X,0x80000002] -> 0xFEED
[5] [M]: 0x80000000 (0xFEEDC0B7) lui ra, 1044188
x1 <- 0xFEEDC000


mem[X,0x80000004] -> 0x8093
mem[X,0x80000006] -> 0xEAD0
[6] [M]: 0x80000004 (0xEAD08093) addi ra, ra, 3757
x1 <- 0xFEEDBEAD


mem[X,0x80000008] -> 0xE137
mem[X,0x8000000A] -> 0xFF76
[7] [M]: 0x80000008 (0xFF76E137) lui sp, 1046382
x2 <- 0xFF76E000


mem[X,0x8000000C] -> 0x0113
mem[X,0x8000000E] -> 0xF561
[8] [M]: 0x8000000C (0xF5610113) addi sp, sp, 3926
x2 <- 0xFF76DF56


mem[X,0x80000010] -> 0x71B7
mem[X,0x80000012] -> 0x7FBB
[9] [M]: 0x80000010 (0x7FBB71B7) lui gp, 523191
x3 <- 0x7FBB7000


mem[X,0x80000014] -> 0x8193
mem[X,0x80000016] -> 0xFAB1
[10] [M]: 0x80000014 (0xFAB18193) addi gp, gp, 4011
x3 <- 0x7FBB6FAB


mem[X,0x80000018] -> 0xB237
mem[X,0x8000001A] -> 0xBFDD
[11] [M]: 0x80000018 (0xBFDDB237) lui tp, 785883
x4 <- 0xBFDDB000


mem[X,0x8000001C] -> 0x0213
mem[X,0x8000001E] -> 0x7D52
[12] [M]: 0x8000001C (0x7D520213) addi tp, tp, 2005
x4 <- 0xBFDDB7D5


mem[X,0x80000020] -> 0x0297
mem[X,0x80000022] -> 0x0000
[13] [M]: 0x80000020 (0x00000297) auipc t0, 0
x5 <- 0x80000020


mem[X,0x80000024] -> 0x8293
mem[X,0x80000026] -> 0x0D82
[14] [M]: 0x80000024 (0x0D828293) addi t0, t0, 216
x5 <- 0x800000F8


mem[X,0x80000028] -> 0x2317
mem[X,0x8000002A] -> 0x0000
[15] [M]: 0x80000028 (0x00002317) auipc t1, 2
x6 <- 0x80002028


mem[X,0x8000002C] -> 0x0313
mem[X,0x8000002E] -> 0xFD83
[16] [M]: 0x8000002C (0xFD830313) addi t1, t1, 4056
x6 <- 0x80002000


mem[X,0x80000030] -> 0xB3B7
mem[X,0x80000032] -> 0xB7FB
[17] [M]: 0x80000030 (0xB7FBB3B7) lui t2, 753595
x7 <- 0xB7FBB000


mem[X,0x80000034] -> 0x8393
mem[X,0x80000036] -> 0x6FA3
[18] [M]: 0x80000034 (0x6FA38393) addi t2, t2, 1786
x7 <- 0xB7FBB6FA


mem[X,0x80000038] -> 0xE437
mem[X,0x8000003A] -> 0x5BFD
[19] [M]: 0x80000038 (0x5BFDE437) lui fp, 376798
x8 <- 0x5BFDE000


mem[X,0x8000003C] -> 0x0413
mem[X,0x8000003E] -> 0xB7D4
[20] [M]: 0x8000003C (0xB7D40413) addi fp, fp, 2941
x8 <- 0x5BFDDB7D


mem[X,0x80000040] -> 0xF4B7
mem[X,0x80000042] -> 0xADFE
[21] [M]: 0x80000040 (0xADFEF4B7) lui s1, 712687
x9 <- 0xADFEF000


mem[X,0x80000044] -> 0x8493
mem[X,0x80000046] -> 0xDBE4
[22] [M]: 0x80000044 (0xDBE48493) addi s1, s1, 3518
x9 <- 0xADFEEDBE


mem[X,0x80000048] -> 0x7537
mem[X,0x8000004A] -> 0x56FF
[23] [M]: 0x80000048 (0x56FF7537) lui a0, 356343
x10 <- 0x56FF7000


mem[X,0x8000004C] -> 0x0513
mem[X,0x8000004E] -> 0x6DF5
[24] [M]: 0x8000004C (0x6DF50513) addi a0, a0, 1759
x10 <- 0x56FF76DF


mem[X,0x80000050] -> 0xC5B7
mem[X,0x80000052] -> 0xAB7F
[25] [M]: 0x80000050 (0xAB7FC5B7) lui a1, 702460
x11 <- 0xAB7FC000


mem[X,0x80000054] -> 0x8593
mem[X,0x80000056] -> 0xB6F5
[26] [M]: 0x80000054 (0xB6F58593) addi a1, a1, 2927
x11 <- 0xAB7FBB6F


mem[X,0x80000058] -> 0xE637
mem[X,0x8000005A] -> 0xD5BF
[27] [M]: 0x80000058 (0xD5BFE637) lui a2, 875518
x12 <- 0xD5BFE000


mem[X,0x8000005C] -> 0x0613
mem[X,0x8000005E] -> 0xDB76
[28] [M]: 0x8000005C (0xDB760613) addi a2, a2, 3511
x12 <- 0xD5BFDDB7


mem[X,0x80000060] -> 0xF6B7
mem[X,0x80000062] -> 0xEADF
[29] [M]: 0x80000060 (0xEADFF6B7) lui a3, 962047
x13 <- 0xEADFF000


mem[X,0x80000064] -> 0x8693
mem[X,0x80000066] -> 0xEDB6
[30] [M]: 0x80000064 (0xEDB68693) addi a3, a3, 3803
x13 <- 0xEADFEEDB


mem[X,0x80000068] -> 0xF737
mem[X,0x8000006A] -> 0xF56F
[31] [M]: 0x80000068 (0xF56FF737) lui a4, 1005311
x14 <- 0xF56FF000


mem[X,0x8000006C] -> 0x0713
mem[X,0x8000006E] -> 0x76D7
[32] [M]: 0x8000006C (0x76D70713) addi a4, a4, 1901
x14 <- 0xF56FF76D


mem[X,0x80000070] -> 0x07B7
mem[X,0x80000072] -> 0xFAB8
[33] [M]: 0x80000070 (0xFAB807B7) lui a5, 1026944
x15 <- 0xFAB80000


mem[X,0x80000074] -> 0x8793
mem[X,0x80000076] -> 0xBB67
[34] [M]: 0x80000074 (0xBB678793) addi a5, a5, 2998
x15 <- 0xFAB7FBB6


mem[X,0x80000078] -> 0x0837
mem[X,0x8000007A] -> 0x7D5C
[35] [M]: 0x80000078 (0x7D5C0837) lui a6, 513472
x16 <- 0x7D5C0000


mem[X,0x8000007C] -> 0x0813
mem[X,0x8000007E] -> 0xDDB8
[36] [M]: 0x8000007C (0xDDB80813) addi a6, a6, 3547
x16 <- 0x7D5BFDDB


mem[X,0x80000080] -> 0x08B7
mem[X,0x80000082] -> 0xBEAE
[37] [M]: 0x80000080 (0xBEAE08B7) lui a7, 781024
x17 <- 0xBEAE0000


mem[X,0x80000084] -> 0x8893
mem[X,0x80000086] -> 0xEED8
[38] [M]: 0x80000084 (0xEED88893) addi a7, a7, 3821
x17 <- 0xBEADFEED


mem[X,0x80000088] -> 0x0937
mem[X,0x8000008A] -> 0xDF57
[39] [M]: 0x80000088 (0xDF570937) lui s2, 914800
x18 <- 0xDF570000


mem[X,0x8000008C] -> 0x0913
mem[X,0x8000008E] -> 0xF769
[40] [M]: 0x8000008C (0xF7690913) addi s2, s2, 3958
x18 <- 0xDF56FF76


mem[X,0x80000090] -> 0x89B7
mem[X,0x80000092] -> 0x6FAB
[41] [M]: 0x80000090 (0x6FAB89B7) lui s3, 457400
x19 <- 0x6FAB8000


mem[X,0x80000094] -> 0x8993
mem[X,0x80000096] -> 0xFBB9
[42] [M]: 0x80000094 (0xFBB98993) addi s3, s3, 4027
x19 <- 0x6FAB7FBB


mem[X,0x80000098] -> 0xCA37
mem[X,0x8000009A] -> 0xB7D5
[43] [M]: 0x80000098 (0xB7D5CA37) lui s4, 752988
x20 <- 0xB7D5C000


mem[X,0x8000009C] -> 0x0A13
mem[X,0x8000009E] -> 0xFDDA
[44] [M]: 0x8000009C (0xFDDA0A13) addi s4, s4, 4061
x20 <- 0xB7D5BFDD


mem[X,0x800000A0] -> 0xEAB7
mem[X,0x800000A2] -> 0xDBEA
[45] [M]: 0x800000A0 (0xDBEAEAB7) lui s5, 900782
x21 <- 0xDBEAE000


mem[X,0x800000A4] -> 0x8A93
mem[X,0x800000A6] -> 0xFEEA
[46] [M]: 0x800000A4 (0xFEEA8A93) addi s5, s5, 4078
x21 <- 0xDBEADFEE


mem[X,0x800000A8] -> 0x7B37
mem[X,0x800000AA] -> 0x6DF5
[47] [M]: 0x800000A8 (0x6DF57B37) lui s6, 450391
x22 <- 0x6DF57000


mem[X,0x800000AC] -> 0x0B13
mem[X,0x800000AE] -> 0xFF7B
[48] [M]: 0x800000AC (0xFF7B0B13) addi s6, s6, 4087
x22 <- 0x6DF56FF7


mem[X,0x800000B0] -> 0xBBB7
mem[X,0x800000B2] -> 0xB6FA
[49] [M]: 0x800000B0 (0xB6FABBB7) lui s7, 749483
x23 <- 0xB6FAB000


mem[X,0x800000B4] -> 0x8B93
mem[X,0x800000B6] -> 0x7FBB
[50] [M]: 0x800000B4 (0x7FBB8B93) addi s7, s7, 2043
x23 <- 0xB6FAB7FB


mem[X,0x800000B8] -> 0x6C37
mem[X,0x800000BA] -> 0xDB7D
[51] [M]: 0x800000B8 (0xDB7D6C37) lui s8, 899030
x24 <- 0xDB7D6000


mem[X,0x800000BC] -> 0x0C13
mem[X,0x800000BE] -> 0xBFDC
[52] [M]: 0x800000BC (0xBFDC0C13) addi s8, s8, 3069
x24 <- 0xDB7D5BFD


mem[X,0x800000C0] -> 0xBCB7
mem[X,0x800000C2] -> 0xEDBE
[53] [M]: 0x800000C0 (0xEDBEBCB7) lui s9, 973803
x25 <- 0xEDBEB000


mem[X,0x800000C4] -> 0x8C93
mem[X,0x800000C6] -> 0xDFEC
[54] [M]: 0x800000C4 (0xDFEC8C93) addi s9, s9, 3582
x25 <- 0xEDBEADFE


mem[X,0x800000C8] -> 0x5D37
mem[X,0x800000CA] -> 0x76DF
[55] [M]: 0x800000C8 (0x76DF5D37) lui s10, 486901
x26 <- 0x76DF5000


mem[X,0x800000CC] -> 0x0D13
mem[X,0x800000CE] -> 0x6FFD
[56] [M]: 0x800000CC (0x6FFD0D13) addi s10, s10, 1791
x26 <- 0x76DF56FF


mem[X,0x800000D0] -> 0xBDB7
mem[X,0x800000D2] -> 0xBB6F
[57] [M]: 0x800000D0 (0xBB6FBDB7) lui s11, 767739
x27 <- 0xBB6FB000


mem[X,0x800000D4] -> 0x8D93
mem[X,0x800000D6] -> 0xB7FD
[58] [M]: 0x800000D4 (0xB7FD8D93) addi s11, s11, 2943
x27 <- 0xBB6FAB7F


mem[X,0x800000D8] -> 0xDE37
mem[X,0x800000DA] -> 0xDDB7
[59] [M]: 0x800000D8 (0xDDB7DE37) lui t3, 908157
x28 <- 0xDDB7D000


mem[X,0x800000DC] -> 0x0E13
mem[X,0x800000DE] -> 0x5BFE
[60] [M]: 0x800000DC (0x5BFE0E13) addi t3, t3, 1471
x28 <- 0xDDB7D5BF


mem[X,0x800000E0] -> 0xFEB7
mem[X,0x800000E2] -> 0xEEDB
[61] [M]: 0x800000E0 (0xEEDBFEB7) lui t4, 978367
x29 <- 0xEEDBF000


mem[X,0x800000E4] -> 0x8E93
mem[X,0x800000E6] -> 0xADFE
[62] [M]: 0x800000E4 (0xADFE8E93) addi t4, t4, 2783
x29 <- 0xEEDBEADF


mem[X,0x800000E8] -> 0xFF37
mem[X,0x800000EA] -> 0xF76D
[63] [M]: 0x800000E8 (0xF76DFF37) lui t5, 1013471
x30 <- 0xF76DF000


mem[X,0x800000EC] -> 0x0F13
mem[X,0x800000EE] -> 0x56FF
[64] [M]: 0x800000EC (0x56FF0F13) addi t5, t5, 1391
x30 <- 0xF76DF56F


mem[X,0x800000F0] -> 0x0FB7
mem[X,0x800000F2] -> 0xFBB7
[65] [M]: 0x800000F0 (0xFBB70FB7) lui t6, 1031024
x31 <- 0xFBB70000


mem[X,0x800000F4] -> 0x8F93
mem[X,0x800000F6] -> 0xAB7F
[66] [M]: 0x800000F4 (0xAB7F8F93) addi t6, t6, 2743
x31 <- 0xFBB6FAB7


mem[X,0x800000F8] -> 0x2537
mem[X,0x800000FA] -> 0x0000
[67] [M]: 0x800000F8 (0x00002537) lui a0, 2
x10 <- 0x00002000


mem[X,0x800000FC] -> 0x2073
mem[X,0x800000FE] -> 0x3005
[68] [M]: 0x800000FC (0x30052073) csrrs zero, mstatus, a0
CSR mstatus -> 0x00000000
CSR mstatus <- 0x00002000 (input: 0x00002000)


mem[X,0x80000100] -> 0x5073
mem[X,0x80000102] -> 0x0030
[69] [M]: 0x80000100 (0x00305073) csrrwi zero, fcsr, 0
CSR fcsr -> 0x00000000
CSR fcsr <- 0x00000000 (input: 0x00000000)


mem[X,0x80000104] -> 0x2197
mem[X,0x80000106] -> 0x0000
[70] [M]: 0x80000104 (0x00002197) auipc gp, 2
x3 <- 0x80002104


mem[X,0x80000108] -> 0x8193
mem[X,0x8000010A] -> 0xF0C1
[71] [M]: 0x80000108 (0xF0C18193) addi gp, gp, 3852
x3 <- 0x80002010


mem[X,0x8000010C] -> 0x2097
mem[X,0x8000010E] -> 0x0000
[72] [M]: 0x8000010C (0x00002097) auipc ra, 2
x1 <- 0x8000210C


mem[X,0x80000110] -> 0x8093
mem[X,0x80000112] -> 0x2080
[73] [M]: 0x80000110 (0x20808093) addi ra, ra, 520
x1 <- 0x80002314


mem[X,0x80000114] -> 0xAF87
mem[X,0x80000116] -> 0x0001
[74] [M]: 0x80000114 (0x0001AF87) flw ft11, 0(gp)
mem[R,0x80002010] -> 0x00000000
f31 <- 0xFFFFFFFF00000000


mem[X,0x80000118] -> 0x8F93
mem[X,0x8000011A] -> 0x0000
[75] [M]: 0x80000118 (0x00008F93) addi t6, ra, 0
x31 <- 0x80002314


mem[X,0x8000011C] -> 0x0113
mem[X,0x8000011E] -> 0xFFC0
[76] [M]: 0x8000011C (0xFFC00113) addi sp, zero, 4092
x2 <- 0xFFFFFFFC


mem[X,0x80000120] -> 0x8FB3
mem[X,0x80000122] -> 0x402F
[77] [M]: 0x80000120 (0x402F8FB3) sub t6, t6, sp
x31 <- 0x80002318


mem[X,0x80000124] -> 0x9E27
mem[X,0x80000126] -> 0xFFFF
[78] [M]: 0x80000124 (0xFFFF9E27) fsh ft11, 4092(t6)
mem[0x80002314] <- 0x0000


mem[X,0x80000128] -> 0x0013
mem[X,0x8000012A] -> 0x0000
[79] [M]: 0x80000128 (0x00000013) addi zero, zero, 0


mem[X,0x8000012C] -> 0x0013
mem[X,0x8000012E] -> 0x0000
[80] [M]: 0x8000012C (0x00000013) addi zero, zero, 0


mem[X,0x80000130] -> 0x2273
mem[X,0x80000132] -> 0x0030
[81] [M]: 0x80000130 (0x00302273) csrrs tp, fcsr, zero
CSR fcsr -> 0x00000000
x4 <- 0x00000000


mem[X,0x80000134] -> 0xA223
mem[X,0x80000136] -> 0x0040
[82] [M]: 0x80000134 (0x0040A223) sw tp, 4(ra)
mem[0x80002318] <- 0x00000000


mem[X,0x80000138] -> 0xAF07
mem[X,0x8000013A] -> 0x0081
[83] [M]: 0x80000138 (0x0081AF07) flw ft10, 8(gp)
mem[R,0x80002018] -> 0x00000000
f30 <- 0xFFFFFFFF00000000


mem[X,0x8000013C] -> 0x8F13
mem[X,0x8000013E] -> 0x0080
[84] [M]: 0x8000013C (0x00808F13) addi t5, ra, 8
x30 <- 0x8000231C


mem[X,0x80000140] -> 0x0113
mem[X,0x80000142] -> 0xFFD0
[85] [M]: 0x80000140 (0xFFD00113) addi sp, zero, 4093
x2 <- 0xFFFFFFFD


mem[X,0x80000144] -> 0x0F33
mem[X,0x80000146] -> 0x402F
[86] [M]: 0x80000144 (0x402F0F33) sub t5, t5, sp
x30 <- 0x8000231F


mem[X,0x80000148] -> 0x1EA7
mem[X,0x8000014A] -> 0xFFEF
[87] [M]: 0x80000148 (0xFFEF1EA7) fsh ft10, 4093(t5)
mem[0x8000231C] <- 0x0000


mem[X,0x8000014C] -> 0x0013
mem[X,0x8000014E] -> 0x0000
[88] [M]: 0x8000014C (0x00000013) addi zero, zero, 0


mem[X,0x80000150] -> 0x0013
mem[X,0x80000152] -> 0x0000
[89] [M]: 0x80000150 (0x00000013) addi zero, zero, 0


mem[X,0x80000154] -> 0x2273
mem[X,0x80000156] -> 0x0030
[90] [M]: 0x80000154 (0x00302273) csrrs tp, fcsr, zero
CSR fcsr -> 0x00000000
x4 <- 0x00000000


mem[X,0x80000158] -> 0xA623
mem[X,0x8000015A] -> 0x0040
[91] [M]: 0x80000158 (0x0040A623) sw tp, 12(ra)
mem[0x80002320] <- 0x00000000


mem[X,0x8000015C] -> 0xAE87
mem[X,0x8000015E] -> 0x0101
[92] [M]: 0x8000015C (0x0101AE87) flw ft9, 16(gp)
mem[R,0x80002020] -> 0x00000000
f29 <- 0xFFFFFFFF00000000


mem[X,0x80000160] -> 0x8E93
mem[X,0x80000162] -> 0x0100
[93] [M]: 0x80000160 (0x01008E93) addi t4, ra, 16
x29 <- 0x80002324


mem[X,0x80000164] -> 0x0113
mem[X,0x80000166] -> 0xFFA0
[94] [M]: 0x80000164 (0xFFA00113) addi sp, zero, 4090
x2 <- 0xFFFFFFFA


mem[X,0x80000168] -> 0x8EB3
mem[X,0x8000016A] -> 0x402E
[95] [M]: 0x80000168 (0x402E8EB3) sub t4, t4, sp
x29 <- 0x8000232A


mem[X,0x8000016C] -> 0x9D27
mem[X,0x8000016E] -> 0xFFDE
[96] [M]: 0x8000016C (0xFFDE9D27) fsh ft9, 4090(t4)
mem[0x80002324] <- 0x0000


mem[X,0x80000170] -> 0x0013
mem[X,0x80000172] -> 0x0000
[97] [M]: 0x80000170 (0x00000013) addi zero, zero, 0


mem[X,0x80000174] -> 0x0013
mem[X,0x80000176] -> 0x0000
[98] [M]: 0x80000174 (0x00000013) addi zero, zero, 0


mem[X,0x80000178] -> 0x2273
mem[X,0x8000017A] -> 0x0030
[99] [M]: 0x80000178 (0x00302273) csrrs tp, fcsr, zero
CSR fcsr -> 0x00000000
x4 <- 0x00000000


clint::tick mtime <- 0x0000000000000001
 clint timer pending at mtime 0x0000000000000001
htif::tick 0x0000000000000000
mem[X,0x8000017C] -> 0xAA23
mem[X,0x8000017E] -> 0x0040
[100] [M]: 0x8000017C (0x0040AA23) sw tp, 20(ra)
mem[0x80002328] <- 0x00000000


mem[X,0x80000180] -> 0xAE07
mem[X,0x80000182] -> 0x0181
[101] [M]: 0x80000180 (0x0181AE07) flw ft8, 24(gp)
mem[R,0x80002028] -> 0x00000000
f28 <- 0xFFFFFFFF00000000


mem[X,0x80000184] -> 0x8E13
mem[X,0x80000186] -> 0x0180
[102] [M]: 0x80000184 (0x01808E13) addi t3, ra, 24
x28 <- 0x8000232C


mem[X,0x80000188] -> 0x0113
mem[X,0x8000018A] -> 0x7FF0
[103] [M]: 0x80000188 (0x7FF00113) addi sp, zero, 2047
x2 <- 0x000007FF


mem[X,0x8000018C] -> 0x0E33
mem[X,0x8000018E] -> 0x402E
[104] [M]: 0x8000018C (0x402E0E33) sub t3, t3, sp
x28 <- 0x80001B2D


mem[X,0x80000190] -> 0x1FA7
mem[X,0x80000192] -> 0x7FCE
[105] [M]: 0x80000190 (0x7FCE1FA7) fsh ft8, 2047(t3)
mem[0x8000232C] <- 0x0000


mem[X,0x80000194] -> 0x0013
mem[X,0x80000196] -> 0x0000
[106] [M]: 0x80000194 (0x00000013) addi zero, zero, 0


mem[X,0x80000198] -> 0x0013
mem[X,0x8000019A] -> 0x0000
[107] [M]: 0x80000198 (0x00000013) addi zero, zero, 0


mem[X,0x8000019C] -> 0x2273
mem[X,0x8000019E] -> 0x0030
[108] [M]: 0x8000019C (0x00302273) csrrs tp, fcsr, zero
CSR fcsr -> 0x00000000
x4 <- 0x00000000


mem[X,0x800001A0] -> 0xAE23
mem[X,0x800001A2] -> 0x0040
[109] [M]: 0x800001A0 (0x0040AE23) sw tp, 28(ra)
mem[0x80002330] <- 0x00000000


mem[X,0x800001A4] -> 0xAD87
mem[X,0x800001A6] -> 0x0201
[110] [M]: 0x800001A4 (0x0201AD87) flw fs11, 32(gp)
mem[R,0x80002030] -> 0x00000000
f27 <- 0xFFFFFFFF00000000


mem[X,0x800001A8] -> 0x8D93
mem[X,0x800001AA] -> 0x0200
[111] [M]: 0x800001A8 (0x02008D93) addi s11, ra, 32
x27 <- 0x80002334


mem[X,0x800001AC] -> 0x0113
mem[X,0x800001AE] -> 0x0000
[112] [M]: 0x800001AC (0x00000113) addi sp, zero, 0
x2 <- 0x00000000


mem[X,0x800001B0] -> 0x8DB3
mem[X,0x800001B2] -> 0x402D
[113] [M]: 0x800001B0 (0x402D8DB3) sub s11, s11, sp
x27 <- 0x80002334


mem[X,0x800001B4] -> 0x9027
mem[X,0x800001B6] -> 0x01BD
[114] [M]: 0x800001B4 (0x01BD9027) fsh fs11, 0(s11)
mem[0x80002334] <- 0x0000


mem[X,0x800001B8] -> 0x0013
mem[X,0x800001BA] -> 0x0000
[115] [M]: 0x800001B8 (0x00000013) addi zero, zero, 0


mem[X,0x800001BC] -> 0x0013
mem[X,0x800001BE] -> 0x0000
[116] [M]: 0x800001BC (0x00000013) addi zero, zero, 0


mem[X,0x800001C0] -> 0x2273
mem[X,0x800001C2] -> 0x0030
[117] [M]: 0x800001C0 (0x00302273) csrrs tp, fcsr, zero
CSR fcsr -> 0x00000000
x4 <- 0x00000000


mem[X,0x800001C4] -> 0xA223
mem[X,0x800001C6] -> 0x0240
[118] [M]: 0x800001C4 (0x0240A223) sw tp, 36(ra)
mem[0x80002338] <- 0x00000000


mem[X,0x800001C8] -> 0xAD07
mem[X,0x800001CA] -> 0x0281
[119] [M]: 0x800001C8 (0x0281AD07) flw fs10, 40(gp)
mem[R,0x80002038] -> 0x00000000
f26 <- 0xFFFFFFFF00000000


mem[X,0x800001CC] -> 0x8D13
mem[X,0x800001CE] -> 0x0280
[120] [M]: 0x800001CC (0x02808D13) addi s10, ra, 40
x26 <- 0x8000233C


mem[X,0x800001D0] -> 0x0113
mem[X,0x800001D2] -> 0x8000
[121] [M]: 0x800001D0 (0x80000113) addi sp, zero, 2048
x2 <- 0xFFFFF800


mem[X,0x800001D4] -> 0x0D33
mem[X,0x800001D6] -> 0x402D
[122] [M]: 0x800001D4 (0x402D0D33) sub s10, s10, sp
x26 <- 0x80002B3C


mem[X,0x800001D8] -> 0x1027
mem[X,0x800001DA] -> 0x81AD
[123] [M]: 0x800001D8 (0x81AD1027) fsh fs10, 2048(s10)
mem[0x8000233C] <- 0x0000


mem[X,0x800001DC] -> 0x0013
mem[X,0x800001DE] -> 0x0000
[124] [M]: 0x800001DC (0x00000013) addi zero, zero, 0


mem[X,0x800001E0] -> 0x0013
mem[X,0x800001E2] -> 0x0000
[125] [M]: 0x800001E0 (0x00000013) addi zero, zero, 0


mem[X,0x800001E4] -> 0x2273
mem[X,0x800001E6] -> 0x0030
[126] [M]: 0x800001E4 (0x00302273) csrrs tp, fcsr, zero
CSR fcsr -> 0x00000000
x4 <- 0x00000000


mem[X,0x800001E8] -> 0xA623
mem[X,0x800001EA] -> 0x0240
[127] [M]: 0x800001E8 (0x0240A623) sw tp, 44(ra)
mem[0x80002340] <- 0x00000000


mem[X,0x800001EC] -> 0xAC87
mem[X,0x800001EE] -> 0x0301
[128] [M]: 0x800001EC (0x0301AC87) flw fs9, 48(gp)
mem[R,0x80002040] -> 0x00000000
f25 <- 0xFFFFFFFF00000000


mem[X,0x800001F0] -> 0x8C93
mem[X,0x800001F2] -> 0x0300
[129] [M]: 0x800001F0 (0x03008C93) addi s9, ra, 48
x25 <- 0x80002344


mem[X,0x800001F4] -> 0x0113
mem[X,0x800001F6] -> 0x8000
[130] [M]: 0x800001F4 (0x80000113) addi sp, zero, 2048
x2 <- 0xFFFFF800


mem[X,0x800001F8] -> 0x8CB3
mem[X,0x800001FA] -> 0x402C
[131] [M]: 0x800001F8 (0x402C8CB3) sub s9, s9, sp
x25 <- 0x80002B44


mem[X,0x800001FC] -> 0x9027
mem[X,0x800001FE] -> 0x819C
[132] [M]: 0x800001FC (0x819C9027) fsh fs9, 2048(s9)
mem[0x80002344] <- 0x0000


mem[X,0x80000200] -> 0x0013
mem[X,0x80000202] -> 0x0000
[133] [M]: 0x80000200 (0x00000013) addi zero, zero, 0


mem[X,0x80000204] -> 0x0013
mem[X,0x80000206] -> 0x0000
[134] [M]: 0x80000204 (0x00000013) addi zero, zero, 0


mem[X,0x80000208] -> 0x2273
mem[X,0x8000020A] -> 0x0030
[135] [M]: 0x80000208 (0x00302273) csrrs tp, fcsr, zero
CSR fcsr -> 0x00000000
x4 <- 0x00000000


mem[X,0x8000020C] -> 0xAA23
mem[X,0x8000020E] -> 0x0240
[136] [M]: 0x8000020C (0x0240AA23) sw tp, 52(ra)
mem[0x80002348] <- 0x00000000


mem[X,0x80000210] -> 0xAC07
mem[X,0x80000212] -> 0x0381
[137] [M]: 0x80000210 (0x0381AC07) flw fs8, 56(gp)
mem[R,0x80002048] -> 0x00000000
f24 <- 0xFFFFFFFF00000000


mem[X,0x80000214] -> 0x8C13
mem[X,0x80000216] -> 0x0380
[138] [M]: 0x80000214 (0x03808C13) addi s8, ra, 56
x24 <- 0x8000234C


mem[X,0x80000218] -> 0x0113
mem[X,0x8000021A] -> 0x8000
[139] [M]: 0x80000218 (0x80000113) addi sp, zero, 2048
x2 <- 0xFFFFF800


mem[X,0x8000021C] -> 0x0C33
mem[X,0x8000021E] -> 0x402C
[140] [M]: 0x8000021C (0x402C0C33) sub s8, s8, sp
x24 <- 0x80002B4C


mem[X,0x80000220] -> 0x1027
mem[X,0x80000222] -> 0x818C
[141] [M]: 0x80000220 (0x818C1027) fsh fs8, 2048(s8)
mem[0x8000234C] <- 0x0000


mem[X,0x80000224] -> 0x0013
mem[X,0x80000226] -> 0x0000
[142] [M]: 0x80000224 (0x00000013) addi zero, zero, 0


mem[X,0x80000228] -> 0x0013
mem[X,0x8000022A] -> 0x0000
[143] [M]: 0x80000228 (0x00000013) addi zero, zero, 0


mem[X,0x8000022C] -> 0x2273
mem[X,0x8000022E] -> 0x0030
[144] [M]: 0x8000022C (0x00302273) csrrs tp, fcsr, zero
CSR fcsr -> 0x00000000
x4 <- 0x00000000


mem[X,0x80000230] -> 0xAE23
mem[X,0x80000232] -> 0x0240
[145] [M]: 0x80000230 (0x0240AE23) sw tp, 60(ra)
mem[0x80002350] <- 0x00000000


mem[X,0x80000234] -> 0xAB87
mem[X,0x80000236] -> 0x0401
[146] [M]: 0x80000234 (0x0401AB87) flw fs7, 64(gp)
mem[R,0x80002050] -> 0x00000000
f23 <- 0xFFFFFFFF00000000


mem[X,0x80000238] -> 0x8B93
mem[X,0x8000023A] -> 0x0400
[147] [M]: 0x80000238 (0x04008B93) addi s7, ra, 64
x23 <- 0x80002354


mem[X,0x8000023C] -> 0x0113
mem[X,0x8000023E] -> 0x8000
[148] [M]: 0x8000023C (0x80000113) addi sp, zero, 2048
x2 <- 0xFFFFF800


mem[X,0x80000240] -> 0x8BB3
mem[X,0x80000242] -> 0x402B
[149] [M]: 0x80000240 (0x402B8BB3) sub s7, s7, sp
x23 <- 0x80002B54


mem[X,0x80000244] -> 0x9027
mem[X,0x80000246] -> 0x817B
[150] [M]: 0x80000244 (0x817B9027) fsh fs7, 2048(s7)
mem[0x80002354] <- 0x0000


mem[X,0x80000248] -> 0x0013
mem[X,0x8000024A] -> 0x0000
[151] [M]: 0x80000248 (0x00000013) addi zero, zero, 0


mem[X,0x8000024C] -> 0x0013
mem[X,0x8000024E] -> 0x0000
[152] [M]: 0x8000024C (0x00000013) addi zero, zero, 0


mem[X,0x80000250] -> 0x2273
mem[X,0x80000252] -> 0x0030
[153] [M]: 0x80000250 (0x00302273) csrrs tp, fcsr, zero
CSR fcsr -> 0x00000000
x4 <- 0x00000000


mem[X,0x80000254] -> 0xA223
mem[X,0x80000256] -> 0x0440
[154] [M]: 0x80000254 (0x0440A223) sw tp, 68(ra)
mem[0x80002358] <- 0x00000000


mem[X,0x80000258] -> 0xAB07
mem[X,0x8000025A] -> 0x0481
[155] [M]: 0x80000258 (0x0481AB07) flw fs6, 72(gp)
mem[R,0x80002058] -> 0x00000000
f22 <- 0xFFFFFFFF00000000


mem[X,0x8000025C] -> 0x8B13
mem[X,0x8000025E] -> 0x0480
[156] [M]: 0x8000025C (0x04808B13) addi s6, ra, 72
x22 <- 0x8000235C


mem[X,0x80000260] -> 0x0113
mem[X,0x80000262] -> 0x8000
[157] [M]: 0x80000260 (0x80000113) addi sp, zero, 2048
x2 <- 0xFFFFF800


mem[X,0x80000264] -> 0x0B33
mem[X,0x80000266] -> 0x402B
[158] [M]: 0x80000264 (0x402B0B33) sub s6, s6, sp
x22 <- 0x80002B5C


mem[X,0x80000268] -> 0x1027
mem[X,0x8000026A] -> 0x816B
[159] [M]: 0x80000268 (0x816B1027) fsh fs6, 2048(s6)
mem[0x8000235C] <- 0x0000


mem[X,0x8000026C] -> 0x0013
mem[X,0x8000026E] -> 0x0000
[160] [M]: 0x8000026C (0x00000013) addi zero, zero, 0


mem[X,0x80000270] -> 0x0013
mem[X,0x80000272] -> 0x0000
[161] [M]: 0x80000270 (0x00000013) addi zero, zero, 0


mem[X,0x80000274] -> 0x2273
mem[X,0x80000276] -> 0x0030
[162] [M]: 0x80000274 (0x00302273) csrrs tp, fcsr, zero
CSR fcsr -> 0x00000000
x4 <- 0x00000000


mem[X,0x80000278] -> 0xA623
mem[X,0x8000027A] -> 0x0440
[163] [M]: 0x80000278 (0x0440A623) sw tp, 76(ra)
mem[0x80002360] <- 0x00000000


mem[X,0x8000027C] -> 0xAA87
mem[X,0x8000027E] -> 0x0501
[164] [M]: 0x8000027C (0x0501AA87) flw fs5, 80(gp)
mem[R,0x80002060] -> 0x00000000
f21 <- 0xFFFFFFFF00000000


mem[X,0x80000280] -> 0x8A93
mem[X,0x80000282] -> 0x0500
[165] [M]: 0x80000280 (0x05008A93) addi s5, ra, 80
x21 <- 0x80002364


mem[X,0x80000284] -> 0x0113
mem[X,0x80000286] -> 0x8000
[166] [M]: 0x80000284 (0x80000113) addi sp, zero, 2048
x2 <- 0xFFFFF800


mem[X,0x80000288] -> 0x8AB3
mem[X,0x8000028A] -> 0x402A
[167] [M]: 0x80000288 (0x402A8AB3) sub s5, s5, sp
x21 <- 0x80002B64


mem[X,0x8000028C] -> 0x9027
mem[X,0x8000028E] -> 0x815A
[168] [M]: 0x8000028C (0x815A9027) fsh fs5, 2048(s5)
mem[0x80002364] <- 0x0000


mem[X,0x80000290] -> 0x0013
mem[X,0x80000292] -> 0x0000
[169] [M]: 0x80000290 (0x00000013) addi zero, zero, 0


mem[X,0x80000294] -> 0x0013
mem[X,0x80000296] -> 0x0000
[170] [M]: 0x80000294 (0x00000013) addi zero, zero, 0


mem[X,0x80000298] -> 0x2273
mem[X,0x8000029A] -> 0x0030
[171] [M]: 0x80000298 (0x00302273) csrrs tp, fcsr, zero
CSR fcsr -> 0x00000000
x4 <- 0x00000000


mem[X,0x8000029C] -> 0xAA23
mem[X,0x8000029E] -> 0x0440
[172] [M]: 0x8000029C (0x0440AA23) sw tp, 84(ra)
mem[0x80002368] <- 0x00000000


mem[X,0x800002A0] -> 0xAA07
mem[X,0x800002A2] -> 0x0581
[173] [M]: 0x800002A0 (0x0581AA07) flw fs4, 88(gp)
mem[R,0x80002068] -> 0x00000000
f20 <- 0xFFFFFFFF00000000


mem[X,0x800002A4] -> 0x8A13
mem[X,0x800002A6] -> 0x0580
[174] [M]: 0x800002A4 (0x05808A13) addi s4, ra, 88
x20 <- 0x8000236C


mem[X,0x800002A8] -> 0x0113
mem[X,0x800002AA] -> 0x8000
[175] [M]: 0x800002A8 (0x80000113) addi sp, zero, 2048
x2 <- 0xFFFFF800


mem[X,0x800002AC] -> 0x0A33
mem[X,0x800002AE] -> 0x402A
[176] [M]: 0x800002AC (0x402A0A33) sub s4, s4, sp
x20 <- 0x80002B6C


mem[X,0x800002B0] -> 0x1027
mem[X,0x800002B2] -> 0x814A
[177] [M]: 0x800002B0 (0x814A1027) fsh fs4, 2048(s4)
mem[0x8000236C] <- 0x0000


mem[X,0x800002B4] -> 0x0013
mem[X,0x800002B6] -> 0x0000
[178] [M]: 0x800002B4 (0x00000013) addi zero, zero, 0


mem[X,0x800002B8] -> 0x0013
mem[X,0x800002BA] -> 0x0000
[179] [M]: 0x800002B8 (0x00000013) addi zero, zero, 0


mem[X,0x800002BC] -> 0x2273
mem[X,0x800002BE] -> 0x0030
[180] [M]: 0x800002BC (0x00302273) csrrs tp, fcsr, zero
CSR fcsr -> 0x00000000
x4 <- 0x00000000


mem[X,0x800002C0] -> 0xAE23
mem[X,0x800002C2] -> 0x0440
[181] [M]: 0x800002C0 (0x0440AE23) sw tp, 92(ra)
mem[0x80002370] <- 0x00000000


mem[X,0x800002C4] -> 0xA987
mem[X,0x800002C6] -> 0x0601
[182] [M]: 0x800002C4 (0x0601A987) flw fs3, 96(gp)
mem[R,0x80002070] -> 0x00000000
f19 <- 0xFFFFFFFF00000000


mem[X,0x800002C8] -> 0x8993
mem[X,0x800002CA] -> 0x0600
[183] [M]: 0x800002C8 (0x06008993) addi s3, ra, 96
x19 <- 0x80002374


mem[X,0x800002CC] -> 0x0113
mem[X,0x800002CE] -> 0x8000
[184] [M]: 0x800002CC (0x80000113) addi sp, zero, 2048
x2 <- 0xFFFFF800


mem[X,0x800002D0] -> 0x89B3
mem[X,0x800002D2] -> 0x4029
[185] [M]: 0x800002D0 (0x402989B3) sub s3, s3, sp
x19 <- 0x80002B74


mem[X,0x800002D4] -> 0x9027
mem[X,0x800002D6] -> 0x8139
[186] [M]: 0x800002D4 (0x81399027) fsh fs3, 2048(s3)
mem[0x80002374] <- 0x0000


mem[X,0x800002D8] -> 0x0013
mem[X,0x800002DA] -> 0x0000
[187] [M]: 0x800002D8 (0x00000013) addi zero, zero, 0


mem[X,0x800002DC] -> 0x0013
mem[X,0x800002DE] -> 0x0000
[188] [M]: 0x800002DC (0x00000013) addi zero, zero, 0


mem[X,0x800002E0] -> 0x2273
mem[X,0x800002E2] -> 0x0030
[189] [M]: 0x800002E0 (0x00302273) csrrs tp, fcsr, zero
CSR fcsr -> 0x00000000
x4 <- 0x00000000


mem[X,0x800002E4] -> 0xA223
mem[X,0x800002E6] -> 0x0640
[190] [M]: 0x800002E4 (0x0640A223) sw tp, 100(ra)
mem[0x80002378] <- 0x00000000


mem[X,0x800002E8] -> 0xA907
mem[X,0x800002EA] -> 0x0681
[191] [M]: 0x800002E8 (0x0681A907) flw fs2, 104(gp)
mem[R,0x80002078] -> 0x00000000
f18 <- 0xFFFFFFFF00000000


mem[X,0x800002EC] -> 0x8913
mem[X,0x800002EE] -> 0x0680
[192] [M]: 0x800002EC (0x06808913) addi s2, ra, 104
x18 <- 0x8000237C


mem[X,0x800002F0] -> 0x0113
mem[X,0x800002F2] -> 0x8000
[193] [M]: 0x800002F0 (0x80000113) addi sp, zero, 2048
x2 <- 0xFFFFF800


mem[X,0x800002F4] -> 0x0933
mem[X,0x800002F6] -> 0x4029
[194] [M]: 0x800002F4 (0x40290933) sub s2, s2, sp
x18 <- 0x80002B7C


mem[X,0x800002F8] -> 0x1027
mem[X,0x800002FA] -> 0x8129
[195] [M]: 0x800002F8 (0x81291027) fsh fs2, 2048(s2)
mem[0x8000237C] <- 0x0000


mem[X,0x800002FC] -> 0x0013
mem[X,0x800002FE] -> 0x0000
[196] [M]: 0x800002FC (0x00000013) addi zero, zero, 0


mem[X,0x80000300] -> 0x0013
mem[X,0x80000302] -> 0x0000
[197] [M]: 0x80000300 (0x00000013) addi zero, zero, 0


mem[X,0x80000304] -> 0x2273
mem[X,0x80000306] -> 0x0030
[198] [M]: 0x80000304 (0x00302273) csrrs tp, fcsr, zero
CSR fcsr -> 0x00000000
x4 <- 0x00000000


mem[X,0x80000308] -> 0xA623
mem[X,0x8000030A] -> 0x0640
[199] [M]: 0x80000308 (0x0640A623) sw tp, 108(ra)
mem[0x80002380] <- 0x00000000


clint::tick mtime <- 0x0000000000000002
 clint timer pending at mtime 0x0000000000000002
htif::tick 0x0000000000000000
mem[X,0x8000030C] -> 0xA887
mem[X,0x8000030E] -> 0x0701
[200] [M]: 0x8000030C (0x0701A887) flw fa7, 112(gp)
mem[R,0x80002080] -> 0x00000000
f17 <- 0xFFFFFFFF00000000


mem[X,0x80000310] -> 0x8893
mem[X,0x80000312] -> 0x0700
[201] [M]: 0x80000310 (0x07008893) addi a7, ra, 112
x17 <- 0x80002384


mem[X,0x80000314] -> 0x0113
mem[X,0x80000316] -> 0x8000
[202] [M]: 0x80000314 (0x80000113) addi sp, zero, 2048
x2 <- 0xFFFFF800


mem[X,0x80000318] -> 0x88B3
mem[X,0x8000031A] -> 0x4028
[203] [M]: 0x80000318 (0x402888B3) sub a7, a7, sp
x17 <- 0x80002B84


mem[X,0x8000031C] -> 0x9027
mem[X,0x8000031E] -> 0x8118
[204] [M]: 0x8000031C (0x81189027) fsh fa7, 2048(a7)
mem[0x80002384] <- 0x0000


mem[X,0x80000320] -> 0x0013
mem[X,0x80000322] -> 0x0000
[205] [M]: 0x80000320 (0x00000013) addi zero, zero, 0


mem[X,0x80000324] -> 0x0013
mem[X,0x80000326] -> 0x0000
[206] [M]: 0x80000324 (0x00000013) addi zero, zero, 0


mem[X,0x80000328] -> 0x2273
mem[X,0x8000032A] -> 0x0030
[207] [M]: 0x80000328 (0x00302273) csrrs tp, fcsr, zero
CSR fcsr -> 0x00000000
x4 <- 0x00000000


mem[X,0x8000032C] -> 0xAA23
mem[X,0x8000032E] -> 0x0640
[208] [M]: 0x8000032C (0x0640AA23) sw tp, 116(ra)
mem[0x80002388] <- 0x00000000


mem[X,0x80000330] -> 0xA807
mem[X,0x80000332] -> 0x0781
[209] [M]: 0x80000330 (0x0781A807) flw fa6, 120(gp)
mem[R,0x80002088] -> 0x00000000
f16 <- 0xFFFFFFFF00000000


mem[X,0x80000334] -> 0x8813
mem[X,0x80000336] -> 0x0780
[210] [M]: 0x80000334 (0x07808813) addi a6, ra, 120
x16 <- 0x8000238C


mem[X,0x80000338] -> 0x0113
mem[X,0x8000033A] -> 0x8000
[211] [M]: 0x80000338 (0x80000113) addi sp, zero, 2048
x2 <- 0xFFFFF800


mem[X,0x8000033C] -> 0x0833
mem[X,0x8000033E] -> 0x4028
[212] [M]: 0x8000033C (0x40280833) sub a6, a6, sp
x16 <- 0x80002B8C


mem[X,0x80000340] -> 0x1027
mem[X,0x80000342] -> 0x8108
[213] [M]: 0x80000340 (0x81081027) fsh fa6, 2048(a6)
mem[0x8000238C] <- 0x0000


mem[X,0x80000344] -> 0x0013
mem[X,0x80000346] -> 0x0000
[214] [M]: 0x80000344 (0x00000013) addi zero, zero, 0


mem[X,0x80000348] -> 0x0013
mem[X,0x8000034A] -> 0x0000
[215] [M]: 0x80000348 (0x00000013) addi zero, zero, 0


mem[X,0x8000034C] -> 0x2273
mem[X,0x8000034E] -> 0x0030
[216] [M]: 0x8000034C (0x00302273) csrrs tp, fcsr, zero
CSR fcsr -> 0x00000000
x4 <- 0x00000000


mem[X,0x80000350] -> 0xAE23
mem[X,0x80000352] -> 0x0640
[217] [M]: 0x80000350 (0x0640AE23) sw tp, 124(ra)
mem[0x80002390] <- 0x00000000


mem[X,0x80000354] -> 0xA787
mem[X,0x80000356] -> 0x0801
[218] [M]: 0x80000354 (0x0801A787) flw fa5, 128(gp)
mem[R,0x80002090] -> 0x00000000
f15 <- 0xFFFFFFFF00000000


mem[X,0x80000358] -> 0x8793
mem[X,0x8000035A] -> 0x0800
[219] [M]: 0x80000358 (0x08008793) addi a5, ra, 128
x15 <- 0x80002394


mem[X,0x8000035C] -> 0x0113
mem[X,0x8000035E] -> 0x8000
[220] [M]: 0x8000035C (0x80000113) addi sp, zero, 2048
x2 <- 0xFFFFF800


mem[X,0x80000360] -> 0x87B3
mem[X,0x80000362] -> 0x4027
[221] [M]: 0x80000360 (0x402787B3) sub a5, a5, sp
x15 <- 0x80002B94


mem[X,0x80000364] -> 0x9027
mem[X,0x80000366] -> 0x80F7
[222] [M]: 0x80000364 (0x80F79027) fsh fa5, 2048(a5)
mem[0x80002394] <- 0x0000


mem[X,0x80000368] -> 0x0013
mem[X,0x8000036A] -> 0x0000
[223] [M]: 0x80000368 (0x00000013) addi zero, zero, 0


mem[X,0x8000036C] -> 0x0013
mem[X,0x8000036E] -> 0x0000
[224] [M]: 0x8000036C (0x00000013) addi zero, zero, 0


mem[X,0x80000370] -> 0x2273
mem[X,0x80000372] -> 0x0030
[225] [M]: 0x80000370 (0x00302273) csrrs tp, fcsr, zero
CSR fcsr -> 0x00000000
x4 <- 0x00000000


mem[X,0x80000374] -> 0xA223
mem[X,0x80000376] -> 0x0840
[226] [M]: 0x80000374 (0x0840A223) sw tp, 132(ra)
mem[0x80002398] <- 0x00000000


mem[X,0x80000378] -> 0xA707
mem[X,0x8000037A] -> 0x0881
[227] [M]: 0x80000378 (0x0881A707) flw fa4, 136(gp)
mem[R,0x80002098] -> 0x00000000
f14 <- 0xFFFFFFFF00000000


mem[X,0x8000037C] -> 0x8713
mem[X,0x8000037E] -> 0x0880
[228] [M]: 0x8000037C (0x08808713) addi a4, ra, 136
x14 <- 0x8000239C


mem[X,0x80000380] -> 0x0113
mem[X,0x80000382] -> 0x8000
[229] [M]: 0x80000380 (0x80000113) addi sp, zero, 2048
x2 <- 0xFFFFF800


mem[X,0x80000384] -> 0x0733
mem[X,0x80000386] -> 0x4027
[230] [M]: 0x80000384 (0x40270733) sub a4, a4, sp
x14 <- 0x80002B9C


mem[X,0x80000388] -> 0x1027
mem[X,0x8000038A] -> 0x80E7
[231] [M]: 0x80000388 (0x80E71027) fsh fa4, 2048(a4)
mem[0x8000239C] <- 0x0000


mem[X,0x8000038C] -> 0x0013
mem[X,0x8000038E] -> 0x0000
[232] [M]: 0x8000038C (0x00000013) addi zero, zero, 0


mem[X,0x80000390] -> 0x0013
mem[X,0x80000392] -> 0x0000
[233] [M]: 0x80000390 (0x00000013) addi zero, zero, 0


mem[X,0x80000394] -> 0x2273
mem[X,0x80000396] -> 0x0030
[234] [M]: 0x80000394 (0x00302273) csrrs tp, fcsr, zero
CSR fcsr -> 0x00000000
x4 <- 0x00000000


mem[X,0x80000398] -> 0xA623
mem[X,0x8000039A] -> 0x0840
[235] [M]: 0x80000398 (0x0840A623) sw tp, 140(ra)
mem[0x800023A0] <- 0x00000000


mem[X,0x8000039C] -> 0xA687
mem[X,0x8000039E] -> 0x0901
[236] [M]: 0x8000039C (0x0901A687) flw fa3, 144(gp)
mem[R,0x800020A0] -> 0x00000000
f13 <- 0xFFFFFFFF00000000


mem[X,0x800003A0] -> 0x8693
mem[X,0x800003A2] -> 0x0900
[237] [M]: 0x800003A0 (0x09008693) addi a3, ra, 144
x13 <- 0x800023A4


mem[X,0x800003A4] -> 0x0113
mem[X,0x800003A6] -> 0x8000
[238] [M]: 0x800003A4 (0x80000113) addi sp, zero, 2048
x2 <- 0xFFFFF800


mem[X,0x800003A8] -> 0x86B3
mem[X,0x800003AA] -> 0x4026
[239] [M]: 0x800003A8 (0x402686B3) sub a3, a3, sp
x13 <- 0x80002BA4


mem[X,0x800003AC] -> 0x9027
mem[X,0x800003AE] -> 0x80D6
[240] [M]: 0x800003AC (0x80D69027) fsh fa3, 2048(a3)
mem[0x800023A4] <- 0x0000


mem[X,0x800003B0] -> 0x0013
mem[X,0x800003B2] -> 0x0000
[241] [M]: 0x800003B0 (0x00000013) addi zero, zero, 0


mem[X,0x800003B4] -> 0x0013
mem[X,0x800003B6] -> 0x0000
[242] [M]: 0x800003B4 (0x00000013) addi zero, zero, 0


mem[X,0x800003B8] -> 0x2273
mem[X,0x800003BA] -> 0x0030
[243] [M]: 0x800003B8 (0x00302273) csrrs tp, fcsr, zero
CSR fcsr -> 0x00000000
x4 <- 0x00000000


mem[X,0x800003BC] -> 0xAA23
mem[X,0x800003BE] -> 0x0840
[244] [M]: 0x800003BC (0x0840AA23) sw tp, 148(ra)
mem[0x800023A8] <- 0x00000000


mem[X,0x800003C0] -> 0xA607
mem[X,0x800003C2] -> 0x0981
[245] [M]: 0x800003C0 (0x0981A607) flw fa2, 152(gp)
mem[R,0x800020A8] -> 0x00000000
f12 <- 0xFFFFFFFF00000000


mem[X,0x800003C4] -> 0x8613
mem[X,0x800003C6] -> 0x0980
[246] [M]: 0x800003C4 (0x09808613) addi a2, ra, 152
x12 <- 0x800023AC


mem[X,0x800003C8] -> 0x0113
mem[X,0x800003CA] -> 0x8000
[247] [M]: 0x800003C8 (0x80000113) addi sp, zero, 2048
x2 <- 0xFFFFF800


mem[X,0x800003CC] -> 0x0633
mem[X,0x800003CE] -> 0x4026
[248] [M]: 0x800003CC (0x40260633) sub a2, a2, sp
x12 <- 0x80002BAC


mem[X,0x800003D0] -> 0x1027
mem[X,0x800003D2] -> 0x80C6
[249] [M]: 0x800003D0 (0x80C61027) fsh fa2, 2048(a2)
mem[0x800023AC] <- 0x0000


mem[X,0x800003D4] -> 0x0013
mem[X,0x800003D6] -> 0x0000
[250] [M]: 0x800003D4 (0x00000013) addi zero, zero, 0


mem[X,0x800003D8] -> 0x0013
mem[X,0x800003DA] -> 0x0000
[251] [M]: 0x800003D8 (0x00000013) addi zero, zero, 0


mem[X,0x800003DC] -> 0x2273
mem[X,0x800003DE] -> 0x0030
[252] [M]: 0x800003DC (0x00302273) csrrs tp, fcsr, zero
CSR fcsr -> 0x00000000
x4 <- 0x00000000


mem[X,0x800003E0] -> 0xAE23
mem[X,0x800003E2] -> 0x0840
[253] [M]: 0x800003E0 (0x0840AE23) sw tp, 156(ra)
mem[0x800023B0] <- 0x00000000


mem[X,0x800003E4] -> 0xA587
mem[X,0x800003E6] -> 0x0A01
[254] [M]: 0x800003E4 (0x0A01A587) flw fa1, 160(gp)
mem[R,0x800020B0] -> 0x00000000
f11 <- 0xFFFFFFFF00000000


mem[X,0x800003E8] -> 0x8593
mem[X,0x800003EA] -> 0x0A00
[255] [M]: 0x800003E8 (0x0A008593) addi a1, ra, 160
x11 <- 0x800023B4


mem[X,0x800003EC] -> 0x0113
mem[X,0x800003EE] -> 0x8000
[256] [M]: 0x800003EC (0x80000113) addi sp, zero, 2048
x2 <- 0xFFFFF800


mem[X,0x800003F0] -> 0x85B3
mem[X,0x800003F2] -> 0x4025
[257] [M]: 0x800003F0 (0x402585B3) sub a1, a1, sp
x11 <- 0x80002BB4


mem[X,0x800003F4] -> 0x9027
mem[X,0x800003F6] -> 0x80B5
[258] [M]: 0x800003F4 (0x80B59027) fsh fa1, 2048(a1)
mem[0x800023B4] <- 0x0000


mem[X,0x800003F8] -> 0x0013
mem[X,0x800003FA] -> 0x0000
[259] [M]: 0x800003F8 (0x00000013) addi zero, zero, 0


mem[X,0x800003FC] -> 0x0013
mem[X,0x800003FE] -> 0x0000
[260] [M]: 0x800003FC (0x00000013) addi zero, zero, 0


mem[X,0x80000400] -> 0x2273
mem[X,0x80000402] -> 0x0030
[261] [M]: 0x80000400 (0x00302273) csrrs tp, fcsr, zero
CSR fcsr -> 0x00000000
x4 <- 0x00000000


mem[X,0x80000404] -> 0xA223
mem[X,0x80000406] -> 0x0A40
[262] [M]: 0x80000404 (0x0A40A223) sw tp, 164(ra)
mem[0x800023B8] <- 0x00000000


mem[X,0x80000408] -> 0xA507
mem[X,0x8000040A] -> 0x0A81
[263] [M]: 0x80000408 (0x0A81A507) flw fa0, 168(gp)
mem[R,0x800020B8] -> 0x00000000
f10 <- 0xFFFFFFFF00000000


mem[X,0x8000040C] -> 0x8513
mem[X,0x8000040E] -> 0x0A80
[264] [M]: 0x8000040C (0x0A808513) addi a0, ra, 168
x10 <- 0x800023BC


mem[X,0x80000410] -> 0x0113
mem[X,0x80000412] -> 0x8000
[265] [M]: 0x80000410 (0x80000113) addi sp, zero, 2048
x2 <- 0xFFFFF800


mem[X,0x80000414] -> 0x0533
mem[X,0x80000416] -> 0x4025
[266] [M]: 0x80000414 (0x40250533) sub a0, a0, sp
x10 <- 0x80002BBC


mem[X,0x80000418] -> 0x1027
mem[X,0x8000041A] -> 0x80A5
[267] [M]: 0x80000418 (0x80A51027) fsh fa0, 2048(a0)
mem[0x800023BC] <- 0x0000


mem[X,0x8000041C] -> 0x0013
mem[X,0x8000041E] -> 0x0000
[268] [M]: 0x8000041C (0x00000013) addi zero, zero, 0


mem[X,0x80000420] -> 0x0013
mem[X,0x80000422] -> 0x0000
[269] [M]: 0x80000420 (0x00000013) addi zero, zero, 0


mem[X,0x80000424] -> 0x2273
mem[X,0x80000426] -> 0x0030
[270] [M]: 0x80000424 (0x00302273) csrrs tp, fcsr, zero
CSR fcsr -> 0x00000000
x4 <- 0x00000000


mem[X,0x80000428] -> 0xA623
mem[X,0x8000042A] -> 0x0A40
[271] [M]: 0x80000428 (0x0A40A623) sw tp, 172(ra)
mem[0x800023C0] <- 0x00000000


mem[X,0x8000042C] -> 0xA487
mem[X,0x8000042E] -> 0x0B01
[272] [M]: 0x8000042C (0x0B01A487) flw fs1, 176(gp)
mem[R,0x800020C0] -> 0x00000000
f9 <- 0xFFFFFFFF00000000


mem[X,0x80000430] -> 0x8493
mem[X,0x80000432] -> 0x0B00
[273] [M]: 0x80000430 (0x0B008493) addi s1, ra, 176
x9 <- 0x800023C4


mem[X,0x80000434] -> 0x0113
mem[X,0x80000436] -> 0x8000
[274] [M]: 0x80000434 (0x80000113) addi sp, zero, 2048
x2 <- 0xFFFFF800


mem[X,0x80000438] -> 0x84B3
mem[X,0x8000043A] -> 0x4024
[275] [M]: 0x80000438 (0x402484B3) sub s1, s1, sp
x9 <- 0x80002BC4


mem[X,0x8000043C] -> 0x9027
mem[X,0x8000043E] -> 0x8094
[276] [M]: 0x8000043C (0x80949027) fsh fs1, 2048(s1)
mem[0x800023C4] <- 0x0000


mem[X,0x80000440] -> 0x0013
mem[X,0x80000442] -> 0x0000
[277] [M]: 0x80000440 (0x00000013) addi zero, zero, 0


mem[X,0x80000444] -> 0x0013
mem[X,0x80000446] -> 0x0000
[278] [M]: 0x80000444 (0x00000013) addi zero, zero, 0


mem[X,0x80000448] -> 0x2273
mem[X,0x8000044A] -> 0x0030
[279] [M]: 0x80000448 (0x00302273) csrrs tp, fcsr, zero
CSR fcsr -> 0x00000000
x4 <- 0x00000000


mem[X,0x8000044C] -> 0xAA23
mem[X,0x8000044E] -> 0x0A40
[280] [M]: 0x8000044C (0x0A40AA23) sw tp, 180(ra)
mem[0x800023C8] <- 0x00000000


mem[X,0x80000450] -> 0xA407
mem[X,0x80000452] -> 0x0B81
[281] [M]: 0x80000450 (0x0B81A407) flw fs0, 184(gp)
mem[R,0x800020C8] -> 0x00000000
f8 <- 0xFFFFFFFF00000000


mem[X,0x80000454] -> 0x8413
mem[X,0x80000456] -> 0x0B80
[282] [M]: 0x80000454 (0x0B808413) addi fp, ra, 184
x8 <- 0x800023CC


mem[X,0x80000458] -> 0x0113
mem[X,0x8000045A] -> 0x8000
[283] [M]: 0x80000458 (0x80000113) addi sp, zero, 2048
x2 <- 0xFFFFF800


mem[X,0x8000045C] -> 0x0433
mem[X,0x8000045E] -> 0x4024
[284] [M]: 0x8000045C (0x40240433) sub fp, fp, sp
x8 <- 0x80002BCC


mem[X,0x80000460] -> 0x1027
mem[X,0x80000462] -> 0x8084
[285] [M]: 0x80000460 (0x80841027) fsh fs0, 2048(fp)
mem[0x800023CC] <- 0x0000


mem[X,0x80000464] -> 0x0013
mem[X,0x80000466] -> 0x0000
[286] [M]: 0x80000464 (0x00000013) addi zero, zero, 0


mem[X,0x80000468] -> 0x0013
mem[X,0x8000046A] -> 0x0000
[287] [M]: 0x80000468 (0x00000013) addi zero, zero, 0


mem[X,0x8000046C] -> 0x2273
mem[X,0x8000046E] -> 0x0030
[288] [M]: 0x8000046C (0x00302273) csrrs tp, fcsr, zero
CSR fcsr -> 0x00000000
x4 <- 0x00000000


mem[X,0x80000470] -> 0xAE23
mem[X,0x80000472] -> 0x0A40
[289] [M]: 0x80000470 (0x0A40AE23) sw tp, 188(ra)
mem[0x800023D0] <- 0x00000000


mem[X,0x80000474] -> 0x2417
mem[X,0x80000476] -> 0x0000
[290] [M]: 0x80000474 (0x00002417) auipc fp, 2
x8 <- 0x80002474


mem[X,0x80000478] -> 0x0413
mem[X,0x8000047A] -> 0xC5C4
[291] [M]: 0x80000478 (0xC5C40413) addi fp, fp, 3164
x8 <- 0x800020D0


mem[X,0x8000047C] -> 0x2387
mem[X,0x8000047E] -> 0x0004
[292] [M]: 0x8000047C (0x00042387) flw ft7, 0(fp)
mem[R,0x800020D0] -> 0x00000000
f7 <- 0xFFFFFFFF00000000


mem[X,0x80000480] -> 0x8393
mem[X,0x80000482] -> 0x0C00
[293] [M]: 0x80000480 (0x0C008393) addi t2, ra, 192
x7 <- 0x800023D4


mem[X,0x80000484] -> 0x0113
mem[X,0x80000486] -> 0x8000
[294] [M]: 0x80000484 (0x80000113) addi sp, zero, 2048
x2 <- 0xFFFFF800


mem[X,0x80000488] -> 0x83B3
mem[X,0x8000048A] -> 0x4023
[295] [M]: 0x80000488 (0x402383B3) sub t2, t2, sp
x7 <- 0x80002BD4


mem[X,0x8000048C] -> 0x9027
mem[X,0x8000048E] -> 0x8073
[296] [M]: 0x8000048C (0x80739027) fsh ft7, 2048(t2)
mem[0x800023D4] <- 0x0000


mem[X,0x80000490] -> 0x0013
mem[X,0x80000492] -> 0x0000
[297] [M]: 0x80000490 (0x00000013) addi zero, zero, 0


mem[X,0x80000494] -> 0x0013
mem[X,0x80000496] -> 0x0000
[298] [M]: 0x80000494 (0x00000013) addi zero, zero, 0


mem[X,0x80000498] -> 0x24F3
mem[X,0x8000049A] -> 0x0030
[299] [M]: 0x80000498 (0x003024F3) csrrs s1, fcsr, zero
CSR fcsr -> 0x00000000
x9 <- 0x00000000


clint::tick mtime <- 0x0000000000000003
 clint timer pending at mtime 0x0000000000000003
htif::tick 0x0000000000000000
mem[X,0x8000049C] -> 0xA223
mem[X,0x8000049E] -> 0x0C90
[300] [M]: 0x8000049C (0x0C90A223) sw s1, 196(ra)
mem[0x800023D8] <- 0x00000000


mem[X,0x800004A0] -> 0x2307
mem[X,0x800004A2] -> 0x0084
[301] [M]: 0x800004A0 (0x00842307) flw ft6, 8(fp)
mem[R,0x800020D8] -> 0x00000000
f6 <- 0xFFFFFFFF00000000


mem[X,0x800004A4] -> 0x8313
mem[X,0x800004A6] -> 0x0C80
[302] [M]: 0x800004A4 (0x0C808313) addi t1, ra, 200
x6 <- 0x800023DC


mem[X,0x800004A8] -> 0x0113
mem[X,0x800004AA] -> 0x8000
[303] [M]: 0x800004A8 (0x80000113) addi sp, zero, 2048
x2 <- 0xFFFFF800


mem[X,0x800004AC] -> 0x0333
mem[X,0x800004AE] -> 0x4023
[304] [M]: 0x800004AC (0x40230333) sub t1, t1, sp
x6 <- 0x80002BDC


mem[X,0x800004B0] -> 0x1027
mem[X,0x800004B2] -> 0x8063
[305] [M]: 0x800004B0 (0x80631027) fsh ft6, 2048(t1)
mem[0x800023DC] <- 0x0000


mem[X,0x800004B4] -> 0x0013
mem[X,0x800004B6] -> 0x0000
[306] [M]: 0x800004B4 (0x00000013) addi zero, zero, 0


mem[X,0x800004B8] -> 0x0013
mem[X,0x800004BA] -> 0x0000
[307] [M]: 0x800004B8 (0x00000013) addi zero, zero, 0


mem[X,0x800004BC] -> 0x24F3
mem[X,0x800004BE] -> 0x0030
[308] [M]: 0x800004BC (0x003024F3) csrrs s1, fcsr, zero
CSR fcsr -> 0x00000000
x9 <- 0x00000000


mem[X,0x800004C0] -> 0xA623
mem[X,0x800004C2] -> 0x0C90
[309] [M]: 0x800004C0 (0x0C90A623) sw s1, 204(ra)
mem[0x800023E0] <- 0x00000000


mem[X,0x800004C4] -> 0x2287
mem[X,0x800004C6] -> 0x0104
[310] [M]: 0x800004C4 (0x01042287) flw ft5, 16(fp)
mem[R,0x800020E0] -> 0x00000000
f5 <- 0xFFFFFFFF00000000


mem[X,0x800004C8] -> 0x8293
mem[X,0x800004CA] -> 0x0D00
[311] [M]: 0x800004C8 (0x0D008293) addi t0, ra, 208
x5 <- 0x800023E4


mem[X,0x800004CC] -> 0x0313
mem[X,0x800004CE] -> 0x8000
[312] [M]: 0x800004CC (0x80000313) addi t1, zero, 2048
x6 <- 0xFFFFF800


mem[X,0x800004D0] -> 0x82B3
mem[X,0x800004D2] -> 0x4062
[313] [M]: 0x800004D0 (0x406282B3) sub t0, t0, t1
x5 <- 0x80002BE4


mem[X,0x800004D4] -> 0x9027
mem[X,0x800004D6] -> 0x8052
[314] [M]: 0x800004D4 (0x80529027) fsh ft5, 2048(t0)
mem[0x800023E4] <- 0x0000


mem[X,0x800004D8] -> 0x0013
mem[X,0x800004DA] -> 0x0000
[315] [M]: 0x800004D8 (0x00000013) addi zero, zero, 0


mem[X,0x800004DC] -> 0x0013
mem[X,0x800004DE] -> 0x0000
[316] [M]: 0x800004DC (0x00000013) addi zero, zero, 0


mem[X,0x800004E0] -> 0x24F3
mem[X,0x800004E2] -> 0x0030
[317] [M]: 0x800004E0 (0x003024F3) csrrs s1, fcsr, zero
CSR fcsr -> 0x00000000
x9 <- 0x00000000


mem[X,0x800004E4] -> 0xAA23
mem[X,0x800004E6] -> 0x0C90
[318] [M]: 0x800004E4 (0x0C90AA23) sw s1, 212(ra)
mem[0x800023E8] <- 0x00000000


mem[X,0x800004E8] -> 0x2297
mem[X,0x800004EA] -> 0x0000
[319] [M]: 0x800004E8 (0x00002297) auipc t0, 2
x5 <- 0x800024E8


mem[X,0x800004EC] -> 0x8293
mem[X,0x800004EE] -> 0xF042
[320] [M]: 0x800004EC (0xF0428293) addi t0, t0, 3844
x5 <- 0x800023EC


mem[X,0x800004F0] -> 0x2207
mem[X,0x800004F2] -> 0x0184
[321] [M]: 0x800004F0 (0x01842207) flw ft4, 24(fp)
mem[R,0x800020E8] -> 0x00000000
f4 <- 0xFFFFFFFF00000000


mem[X,0x800004F4] -> 0x8213
mem[X,0x800004F6] -> 0x0002
[322] [M]: 0x800004F4 (0x00028213) addi tp, t0, 0
x4 <- 0x800023EC


mem[X,0x800004F8] -> 0x0313
mem[X,0x800004FA] -> 0x8000
[323] [M]: 0x800004F8 (0x80000313) addi t1, zero, 2048
x6 <- 0xFFFFF800


mem[X,0x800004FC] -> 0x0233
mem[X,0x800004FE] -> 0x4062
[324] [M]: 0x800004FC (0x40620233) sub tp, tp, t1
x4 <- 0x80002BEC


mem[X,0x80000500] -> 0x1027
mem[X,0x80000502] -> 0x8042
[325] [M]: 0x80000500 (0x80421027) fsh ft4, 2048(tp)
mem[0x800023EC] <- 0x0000


mem[X,0x80000504] -> 0x0013
mem[X,0x80000506] -> 0x0000
[326] [M]: 0x80000504 (0x00000013) addi zero, zero, 0


mem[X,0x80000508] -> 0x0013
mem[X,0x8000050A] -> 0x0000
[327] [M]: 0x80000508 (0x00000013) addi zero, zero, 0


mem[X,0x8000050C] -> 0x24F3
mem[X,0x8000050E] -> 0x0030
[328] [M]: 0x8000050C (0x003024F3) csrrs s1, fcsr, zero
CSR fcsr -> 0x00000000
x9 <- 0x00000000


mem[X,0x80000510] -> 0xA223
mem[X,0x80000512] -> 0x0092
[329] [M]: 0x80000510 (0x0092A223) sw s1, 4(t0)
mem[0x800023F0] <- 0x00000000


mem[X,0x80000514] -> 0x2187
mem[X,0x80000516] -> 0x0204
[330] [M]: 0x80000514 (0x02042187) flw ft3, 32(fp)
mem[R,0x800020F0] -> 0x00000000
f3 <- 0xFFFFFFFF00000000


mem[X,0x80000518] -> 0x8193
mem[X,0x8000051A] -> 0x0082
[331] [M]: 0x80000518 (0x00828193) addi gp, t0, 8
x3 <- 0x800023F4


mem[X,0x8000051C] -> 0x0313
mem[X,0x8000051E] -> 0x8000
[332] [M]: 0x8000051C (0x80000313) addi t1, zero, 2048
x6 <- 0xFFFFF800


mem[X,0x80000520] -> 0x81B3
mem[X,0x80000522] -> 0x4061
[333] [M]: 0x80000520 (0x406181B3) sub gp, gp, t1
x3 <- 0x80002BF4


mem[X,0x80000524] -> 0x9027
mem[X,0x80000526] -> 0x8031
[334] [M]: 0x80000524 (0x80319027) fsh ft3, 2048(gp)
mem[0x800023F4] <- 0x0000


mem[X,0x80000528] -> 0x0013
mem[X,0x8000052A] -> 0x0000
[335] [M]: 0x80000528 (0x00000013) addi zero, zero, 0


mem[X,0x8000052C] -> 0x0013
mem[X,0x8000052E] -> 0x0000
[336] [M]: 0x8000052C (0x00000013) addi zero, zero, 0


mem[X,0x80000530] -> 0x24F3
mem[X,0x80000532] -> 0x0030
[337] [M]: 0x80000530 (0x003024F3) csrrs s1, fcsr, zero
CSR fcsr -> 0x00000000
x9 <- 0x00000000


mem[X,0x80000534] -> 0xA623
mem[X,0x80000536] -> 0x0092
[338] [M]: 0x80000534 (0x0092A623) sw s1, 12(t0)
mem[0x800023F8] <- 0x00000000


mem[X,0x80000538] -> 0x2107
mem[X,0x8000053A] -> 0x0284
[339] [M]: 0x80000538 (0x02842107) flw ft2, 40(fp)
mem[R,0x800020F8] -> 0x00000000
f2 <- 0xFFFFFFFF00000000


mem[X,0x8000053C] -> 0x8113
mem[X,0x8000053E] -> 0x0102
[340] [M]: 0x8000053C (0x01028113) addi sp, t0, 16
x2 <- 0x800023FC


mem[X,0x80000540] -> 0x0313
mem[X,0x80000542] -> 0x8000
[341] [M]: 0x80000540 (0x80000313) addi t1, zero, 2048
x6 <- 0xFFFFF800


mem[X,0x80000544] -> 0x0133
mem[X,0x80000546] -> 0x4061
[342] [M]: 0x80000544 (0x40610133) sub sp, sp, t1
x2 <- 0x80002BFC


mem[X,0x80000548] -> 0x1027
mem[X,0x8000054A] -> 0x8021
[343] [M]: 0x80000548 (0x80211027) fsh ft2, 2048(sp)
mem[0x800023FC] <- 0x0000


mem[X,0x8000054C] -> 0x0013
mem[X,0x8000054E] -> 0x0000
[344] [M]: 0x8000054C (0x00000013) addi zero, zero, 0


mem[X,0x80000550] -> 0x0013
mem[X,0x80000552] -> 0x0000
[345] [M]: 0x80000550 (0x00000013) addi zero, zero, 0


mem[X,0x80000554] -> 0x24F3
mem[X,0x80000556] -> 0x0030
[346] [M]: 0x80000554 (0x003024F3) csrrs s1, fcsr, zero
CSR fcsr -> 0x00000000
x9 <- 0x00000000


mem[X,0x80000558] -> 0xAA23
mem[X,0x8000055A] -> 0x0092
[347] [M]: 0x80000558 (0x0092AA23) sw s1, 20(t0)
mem[0x80002400] <- 0x00000000


mem[X,0x8000055C] -> 0x2087
mem[X,0x8000055E] -> 0x0304
[348] [M]: 0x8000055C (0x03042087) flw ft1, 48(fp)
mem[R,0x80002100] -> 0x00000000
f1 <- 0xFFFFFFFF00000000


mem[X,0x80000560] -> 0x8093
mem[X,0x80000562] -> 0x0182
[349] [M]: 0x80000560 (0x01828093) addi ra, t0, 24
x1 <- 0x80002404


mem[X,0x80000564] -> 0x0313
mem[X,0x80000566] -> 0x8000
[350] [M]: 0x80000564 (0x80000313) addi t1, zero, 2048
x6 <- 0xFFFFF800


mem[X,0x80000568] -> 0x80B3
mem[X,0x8000056A] -> 0x4060
[351] [M]: 0x80000568 (0x406080B3) sub ra, ra, t1
x1 <- 0x80002C04


mem[X,0x8000056C] -> 0x9027
mem[X,0x8000056E] -> 0x8010
[352] [M]: 0x8000056C (0x80109027) fsh ft1, 2048(ra)
mem[0x80002404] <- 0x0000


mem[X,0x80000570] -> 0x0013
mem[X,0x80000572] -> 0x0000
[353] [M]: 0x80000570 (0x00000013) addi zero, zero, 0


mem[X,0x80000574] -> 0x0013
mem[X,0x80000576] -> 0x0000
[354] [M]: 0x80000574 (0x00000013) addi zero, zero, 0


mem[X,0x80000578] -> 0x24F3
mem[X,0x8000057A] -> 0x0030
[355] [M]: 0x80000578 (0x003024F3) csrrs s1, fcsr, zero
CSR fcsr -> 0x00000000
x9 <- 0x00000000


mem[X,0x8000057C] -> 0xAE23
mem[X,0x8000057E] -> 0x0092
[356] [M]: 0x8000057C (0x0092AE23) sw s1, 28(t0)
mem[0x80002408] <- 0x00000000


mem[X,0x80000580] -> 0x2007
mem[X,0x80000582] -> 0x0384
[357] [M]: 0x80000580 (0x03842007) flw ft0, 56(fp)
mem[R,0x80002108] -> 0x00000000
f0 <- 0xFFFFFFFF00000000


mem[X,0x80000584] -> 0x8F93
mem[X,0x80000586] -> 0x0202
[358] [M]: 0x80000584 (0x02028F93) addi t6, t0, 32
x31 <- 0x8000240C


mem[X,0x80000588] -> 0x0313
mem[X,0x8000058A] -> 0x8000
[359] [M]: 0x80000588 (0x80000313) addi t1, zero, 2048
x6 <- 0xFFFFF800


mem[X,0x8000058C] -> 0x8FB3
mem[X,0x8000058E] -> 0x406F
[360] [M]: 0x8000058C (0x406F8FB3) sub t6, t6, t1
x31 <- 0x80002C0C


mem[X,0x80000590] -> 0x9027
mem[X,0x80000592] -> 0x800F
[361] [M]: 0x80000590 (0x800F9027) fsh ft0, 2048(t6)
mem[0x8000240C] <- 0x0000


mem[X,0x80000594] -> 0x0013
mem[X,0x80000596] -> 0x0000
[362] [M]: 0x80000594 (0x00000013) addi zero, zero, 0


mem[X,0x80000598] -> 0x0013
mem[X,0x8000059A] -> 0x0000
[363] [M]: 0x80000598 (0x00000013) addi zero, zero, 0


mem[X,0x8000059C] -> 0x24F3
mem[X,0x8000059E] -> 0x0030
[364] [M]: 0x8000059C (0x003024F3) csrrs s1, fcsr, zero
CSR fcsr -> 0x00000000
x9 <- 0x00000000


mem[X,0x800005A0] -> 0xA223
mem[X,0x800005A2] -> 0x0292
[365] [M]: 0x800005A0 (0x0292A223) sw s1, 36(t0)
mem[0x80002410] <- 0x00000000


mem[X,0x800005A4] -> 0x0013
mem[X,0x800005A6] -> 0x0000
[366] [M]: 0x800005A4 (0x00000013) addi zero, zero, 0


mem[X,0x800005A8] -> 0x0013
mem[X,0x800005AA] -> 0x0000
[367] [M]: 0x800005A8 (0x00000013) addi zero, zero, 0


mem[X,0x800005AC] -> 0x0013
mem[X,0x800005AE] -> 0x0000
[368] [M]: 0x800005AC (0x00000013) addi zero, zero, 0


mem[X,0x800005B0] -> 0x0093
mem[X,0x800005B2] -> 0x0010
[369] [M]: 0x800005B0 (0x00100093) addi ra, zero, 1
x1 <- 0x00000001


mem[X,0x800005B4] -> 0x1F17
mem[X,0x800005B6] -> 0x0000
[370] [M]: 0x800005B4 (0x00001F17) auipc t5, 1
x30 <- 0x800015B4


mem[X,0x800005B8] -> 0x2623
mem[X,0x800005BA] -> 0xA41F
[371] [M]: 0x800005B8 (0xA41F2623) sw ra, 2636(t5)
htif[0x80001000] <- 0x00000001


mem[X,0x800005BC] -> 0xF06F
mem[X,0x800005BE] -> 0xFF9F
[372] [M]: 0x800005BC (0xFF9FF06F) jal zero, 2097144


mem[X,0x800005B4] -> 0x1F17
mem[X,0x800005B6] -> 0x0000
[373] [M]: 0x800005B4 (0x00001F17) auipc t5, 1
x30 <- 0x800015B4


mem[X,0x800005B8] -> 0x2623
mem[X,0x800005BA] -> 0xA41F
[374] [M]: 0x800005B8 (0xA41F2623) sw ra, 2636(t5)
htif[0x80001000] <- 0x00000001


mem[X,0x800005BC] -> 0xF06F
mem[X,0x800005BE] -> 0xFF9F
[375] [M]: 0x800005BC (0xFF9FF06F) jal zero, 2097144


mem[X,0x800005B4] -> 0x1F17
mem[X,0x800005B6] -> 0x0000
[376] [M]: 0x800005B4 (0x00001F17) auipc t5, 1
x30 <- 0x800015B4


mem[X,0x800005B8] -> 0x2623
mem[X,0x800005BA] -> 0xA41F
[377] [M]: 0x800005B8 (0xA41F2623) sw ra, 2636(t5)
htif[0x80001000] <- 0x00000001
htif-syscall-proxy cmd: 0x000000000001

SUCCESS
