using Reference-sail_c_simulator.signature for test-signature output.
[Sail] Allocating new block 0x80000000
tohost located at 0x80007000
[Sail] Allocating new block 0x0

Running file ref.elf.
ELF Entry @ 0x80000000
begin_signature: 0x80009410
end_signature: 0x8000a630
CSR mstatus <- 0x00000000 (input: 0x00000000)
mem[X,0x00001000] -> 0x0297
mem[X,0x00001002] -> 0x0000
[0] [M]: 0x00001000 (0x00000297) auipc t0, 0
x5 <- 0x00001000


mem[X,0x00001004] -> 0x8593
mem[X,0x00001006] -> 0x0202
[1] [M]: 0x00001004 (0x02028593) addi a1, t0, 32
x11 <- 0x00001020


mem[X,0x00001008] -> 0x2573
mem[X,0x0000100A] -> 0xF140
[2] [M]: 0x00001008 (0xF1402573) csrrs a0, mhartid, zero
CSR mhartid -> 0x00000000
x10 <- 0x00000000


mem[X,0x0000100C] -> 0xA283
mem[X,0x0000100E] -> 0x0182
[3] [M]: 0x0000100C (0x0182A283) lw t0, 24(t0)
mem[R,0x00001018] -> 0x80000000
x5 <- 0x80000000


mem[X,0x00001010] -> 0x8067
mem[X,0x00001012] -> 0x0002
[4] [M]: 0x00001010 (0x00028067) jalr zero, t0, 0


mem[X,0x80000000] -> 0xC0B7
mem[X,0x80000002] -> 0xFEED
[5] [M]: 0x80000000 (0xFEEDC0B7) lui ra, 1044188
x1 <- 0xFEEDC000


mem[X,0x80000004] -> 0x8093
mem[X,0x80000006] -> 0xEAD0
[6] [M]: 0x80000004 (0xEAD08093) addi ra, ra, 3757
x1 <- 0xFEEDBEAD


mem[X,0x80000008] -> 0xE137
mem[X,0x8000000A] -> 0xFF76
[7] [M]: 0x80000008 (0xFF76E137) lui sp, 1046382
x2 <- 0xFF76E000


mem[X,0x8000000C] -> 0x0113
mem[X,0x8000000E] -> 0xF561
[8] [M]: 0x8000000C (0xF5610113) addi sp, sp, 3926
x2 <- 0xFF76DF56


mem[X,0x80000010] -> 0x71B7
mem[X,0x80000012] -> 0x7FBB
[9] [M]: 0x80000010 (0x7FBB71B7) lui gp, 523191
x3 <- 0x7FBB7000


mem[X,0x80000014] -> 0x8193
mem[X,0x80000016] -> 0xFAB1
[10] [M]: 0x80000014 (0xFAB18193) addi gp, gp, 4011
x3 <- 0x7FBB6FAB


mem[X,0x80000018] -> 0xB237
mem[X,0x8000001A] -> 0xBFDD
[11] [M]: 0x80000018 (0xBFDDB237) lui tp, 785883
x4 <- 0xBFDDB000


mem[X,0x8000001C] -> 0x0213
mem[X,0x8000001E] -> 0x7D52
[12] [M]: 0x8000001C (0x7D520213) addi tp, tp, 2005
x4 <- 0xBFDDB7D5


mem[X,0x80000020] -> 0x0297
mem[X,0x80000022] -> 0x0000
[13] [M]: 0x80000020 (0x00000297) auipc t0, 0
x5 <- 0x80000020


mem[X,0x80000024] -> 0x8293
mem[X,0x80000026] -> 0x0D82
[14] [M]: 0x80000024 (0x0D828293) addi t0, t0, 216
x5 <- 0x800000F8


mem[X,0x80000028] -> 0x8317
mem[X,0x8000002A] -> 0x0000
[15] [M]: 0x80000028 (0x00008317) auipc t1, 8
x6 <- 0x80008028


mem[X,0x8000002C] -> 0x0313
mem[X,0x8000002E] -> 0xFD83
[16] [M]: 0x8000002C (0xFD830313) addi t1, t1, 4056
x6 <- 0x80008000


mem[X,0x80000030] -> 0xB3B7
mem[X,0x80000032] -> 0xB7FB
[17] [M]: 0x80000030 (0xB7FBB3B7) lui t2, 753595
x7 <- 0xB7FBB000


mem[X,0x80000034] -> 0x8393
mem[X,0x80000036] -> 0x6FA3
[18] [M]: 0x80000034 (0x6FA38393) addi t2, t2, 1786
x7 <- 0xB7FBB6FA


mem[X,0x80000038] -> 0xE437
mem[X,0x8000003A] -> 0x5BFD
[19] [M]: 0x80000038 (0x5BFDE437) lui fp, 376798
x8 <- 0x5BFDE000


mem[X,0x8000003C] -> 0x0413
mem[X,0x8000003E] -> 0xB7D4
[20] [M]: 0x8000003C (0xB7D40413) addi fp, fp, 2941
x8 <- 0x5BFDDB7D


mem[X,0x80000040] -> 0xF4B7
mem[X,0x80000042] -> 0xADFE
[21] [M]: 0x80000040 (0xADFEF4B7) lui s1, 712687
x9 <- 0xADFEF000


mem[X,0x80000044] -> 0x8493
mem[X,0x80000046] -> 0xDBE4
[22] [M]: 0x80000044 (0xDBE48493) addi s1, s1, 3518
x9 <- 0xADFEEDBE


mem[X,0x80000048] -> 0x7537
mem[X,0x8000004A] -> 0x56FF
[23] [M]: 0x80000048 (0x56FF7537) lui a0, 356343
x10 <- 0x56FF7000


mem[X,0x8000004C] -> 0x0513
mem[X,0x8000004E] -> 0x6DF5
[24] [M]: 0x8000004C (0x6DF50513) addi a0, a0, 1759
x10 <- 0x56FF76DF


mem[X,0x80000050] -> 0xC5B7
mem[X,0x80000052] -> 0xAB7F
[25] [M]: 0x80000050 (0xAB7FC5B7) lui a1, 702460
x11 <- 0xAB7FC000


mem[X,0x80000054] -> 0x8593
mem[X,0x80000056] -> 0xB6F5
[26] [M]: 0x80000054 (0xB6F58593) addi a1, a1, 2927
x11 <- 0xAB7FBB6F


mem[X,0x80000058] -> 0xE637
mem[X,0x8000005A] -> 0xD5BF
[27] [M]: 0x80000058 (0xD5BFE637) lui a2, 875518
x12 <- 0xD5BFE000


mem[X,0x8000005C] -> 0x0613
mem[X,0x8000005E] -> 0xDB76
[28] [M]: 0x8000005C (0xDB760613) addi a2, a2, 3511
x12 <- 0xD5BFDDB7


mem[X,0x80000060] -> 0xF6B7
mem[X,0x80000062] -> 0xEADF
[29] [M]: 0x80000060 (0xEADFF6B7) lui a3, 962047
x13 <- 0xEADFF000


mem[X,0x80000064] -> 0x8693
mem[X,0x80000066] -> 0xEDB6
[30] [M]: 0x80000064 (0xEDB68693) addi a3, a3, 3803
x13 <- 0xEADFEEDB


mem[X,0x80000068] -> 0xF737
mem[X,0x8000006A] -> 0xF56F
[31] [M]: 0x80000068 (0xF56FF737) lui a4, 1005311
x14 <- 0xF56FF000


mem[X,0x8000006C] -> 0x0713
mem[X,0x8000006E] -> 0x76D7
[32] [M]: 0x8000006C (0x76D70713) addi a4, a4, 1901
x14 <- 0xF56FF76D


mem[X,0x80000070] -> 0x07B7
mem[X,0x80000072] -> 0xFAB8
[33] [M]: 0x80000070 (0xFAB807B7) lui a5, 1026944
x15 <- 0xFAB80000


mem[X,0x80000074] -> 0x8793
mem[X,0x80000076] -> 0xBB67
[34] [M]: 0x80000074 (0xBB678793) addi a5, a5, 2998
x15 <- 0xFAB7FBB6


mem[X,0x80000078] -> 0x0837
mem[X,0x8000007A] -> 0x7D5C
[35] [M]: 0x80000078 (0x7D5C0837) lui a6, 513472
x16 <- 0x7D5C0000


mem[X,0x8000007C] -> 0x0813
mem[X,0x8000007E] -> 0xDDB8
[36] [M]: 0x8000007C (0xDDB80813) addi a6, a6, 3547
x16 <- 0x7D5BFDDB


mem[X,0x80000080] -> 0x08B7
mem[X,0x80000082] -> 0xBEAE
[37] [M]: 0x80000080 (0xBEAE08B7) lui a7, 781024
x17 <- 0xBEAE0000


mem[X,0x80000084] -> 0x8893
mem[X,0x80000086] -> 0xEED8
[38] [M]: 0x80000084 (0xEED88893) addi a7, a7, 3821
x17 <- 0xBEADFEED


mem[X,0x80000088] -> 0x0937
mem[X,0x8000008A] -> 0xDF57
[39] [M]: 0x80000088 (0xDF570937) lui s2, 914800
x18 <- 0xDF570000


mem[X,0x8000008C] -> 0x0913
mem[X,0x8000008E] -> 0xF769
[40] [M]: 0x8000008C (0xF7690913) addi s2, s2, 3958
x18 <- 0xDF56FF76


mem[X,0x80000090] -> 0x89B7
mem[X,0x80000092] -> 0x6FAB
[41] [M]: 0x80000090 (0x6FAB89B7) lui s3, 457400
x19 <- 0x6FAB8000


mem[X,0x80000094] -> 0x8993
mem[X,0x80000096] -> 0xFBB9
[42] [M]: 0x80000094 (0xFBB98993) addi s3, s3, 4027
x19 <- 0x6FAB7FBB


mem[X,0x80000098] -> 0xCA37
mem[X,0x8000009A] -> 0xB7D5
[43] [M]: 0x80000098 (0xB7D5CA37) lui s4, 752988
x20 <- 0xB7D5C000


mem[X,0x8000009C] -> 0x0A13
mem[X,0x8000009E] -> 0xFDDA
[44] [M]: 0x8000009C (0xFDDA0A13) addi s4, s4, 4061
x20 <- 0xB7D5BFDD


mem[X,0x800000A0] -> 0xEAB7
mem[X,0x800000A2] -> 0xDBEA
[45] [M]: 0x800000A0 (0xDBEAEAB7) lui s5, 900782
x21 <- 0xDBEAE000


mem[X,0x800000A4] -> 0x8A93
mem[X,0x800000A6] -> 0xFEEA
[46] [M]: 0x800000A4 (0xFEEA8A93) addi s5, s5, 4078
x21 <- 0xDBEADFEE


mem[X,0x800000A8] -> 0x7B37
mem[X,0x800000AA] -> 0x6DF5
[47] [M]: 0x800000A8 (0x6DF57B37) lui s6, 450391
x22 <- 0x6DF57000


mem[X,0x800000AC] -> 0x0B13
mem[X,0x800000AE] -> 0xFF7B
[48] [M]: 0x800000AC (0xFF7B0B13) addi s6, s6, 4087
x22 <- 0x6DF56FF7


mem[X,0x800000B0] -> 0xBBB7
mem[X,0x800000B2] -> 0xB6FA
[49] [M]: 0x800000B0 (0xB6FABBB7) lui s7, 749483
x23 <- 0xB6FAB000


mem[X,0x800000B4] -> 0x8B93
mem[X,0x800000B6] -> 0x7FBB
[50] [M]: 0x800000B4 (0x7FBB8B93) addi s7, s7, 2043
x23 <- 0xB6FAB7FB


mem[X,0x800000B8] -> 0x6C37
mem[X,0x800000BA] -> 0xDB7D
[51] [M]: 0x800000B8 (0xDB7D6C37) lui s8, 899030
x24 <- 0xDB7D6000


mem[X,0x800000BC] -> 0x0C13
mem[X,0x800000BE] -> 0xBFDC
[52] [M]: 0x800000BC (0xBFDC0C13) addi s8, s8, 3069
x24 <- 0xDB7D5BFD


mem[X,0x800000C0] -> 0xBCB7
mem[X,0x800000C2] -> 0xEDBE
[53] [M]: 0x800000C0 (0xEDBEBCB7) lui s9, 973803
x25 <- 0xEDBEB000


mem[X,0x800000C4] -> 0x8C93
mem[X,0x800000C6] -> 0xDFEC
[54] [M]: 0x800000C4 (0xDFEC8C93) addi s9, s9, 3582
x25 <- 0xEDBEADFE


mem[X,0x800000C8] -> 0x5D37
mem[X,0x800000CA] -> 0x76DF
[55] [M]: 0x800000C8 (0x76DF5D37) lui s10, 486901
x26 <- 0x76DF5000


mem[X,0x800000CC] -> 0x0D13
mem[X,0x800000CE] -> 0x6FFD
[56] [M]: 0x800000CC (0x6FFD0D13) addi s10, s10, 1791
x26 <- 0x76DF56FF


mem[X,0x800000D0] -> 0xBDB7
mem[X,0x800000D2] -> 0xBB6F
[57] [M]: 0x800000D0 (0xBB6FBDB7) lui s11, 767739
x27 <- 0xBB6FB000


mem[X,0x800000D4] -> 0x8D93
mem[X,0x800000D6] -> 0xB7FD
[58] [M]: 0x800000D4 (0xB7FD8D93) addi s11, s11, 2943
x27 <- 0xBB6FAB7F


mem[X,0x800000D8] -> 0xDE37
mem[X,0x800000DA] -> 0xDDB7
[59] [M]: 0x800000D8 (0xDDB7DE37) lui t3, 908157
x28 <- 0xDDB7D000


mem[X,0x800000DC] -> 0x0E13
mem[X,0x800000DE] -> 0x5BFE
[60] [M]: 0x800000DC (0x5BFE0E13) addi t3, t3, 1471
x28 <- 0xDDB7D5BF


mem[X,0x800000E0] -> 0xFEB7
mem[X,0x800000E2] -> 0xEEDB
[61] [M]: 0x800000E0 (0xEEDBFEB7) lui t4, 978367
x29 <- 0xEEDBF000


mem[X,0x800000E4] -> 0x8E93
mem[X,0x800000E6] -> 0xADFE
[62] [M]: 0x800000E4 (0xADFE8E93) addi t4, t4, 2783
x29 <- 0xEEDBEADF


mem[X,0x800000E8] -> 0xFF37
mem[X,0x800000EA] -> 0xF76D
[63] [M]: 0x800000E8 (0xF76DFF37) lui t5, 1013471
x30 <- 0xF76DF000


mem[X,0x800000EC] -> 0x0F13
mem[X,0x800000EE] -> 0x56FF
[64] [M]: 0x800000EC (0x56FF0F13) addi t5, t5, 1391
x30 <- 0xF76DF56F


mem[X,0x800000F0] -> 0x0FB7
mem[X,0x800000F2] -> 0xFBB7
[65] [M]: 0x800000F0 (0xFBB70FB7) lui t6, 1031024
x31 <- 0xFBB70000


mem[X,0x800000F4] -> 0x8F93
mem[X,0x800000F6] -> 0xAB7F
[66] [M]: 0x800000F4 (0xAB7F8F93) addi t6, t6, 2743
x31 <- 0xFBB6FAB7


mem[X,0x800000F8] -> 0x2537
mem[X,0x800000FA] -> 0x0000
[67] [M]: 0x800000F8 (0x00002537) lui a0, 2
x10 <- 0x00002000


mem[X,0x800000FC] -> 0x2073
mem[X,0x800000FE] -> 0x3005
[68] [M]: 0x800000FC (0x30052073) csrrs zero, mstatus, a0
CSR mstatus -> 0x00000000
CSR mstatus <- 0x00002000 (input: 0x00002000)


mem[X,0x80000100] -> 0x5073
mem[X,0x80000102] -> 0x0030
[69] [M]: 0x80000100 (0x00305073) csrrwi zero, fcsr, 0
CSR fcsr -> 0x00000000
CSR fcsr <- 0x00000000 (input: 0x00000000)


mem[X,0x80000104] -> 0x8197
mem[X,0x80000106] -> 0x0000
[70] [M]: 0x80000104 (0x00008197) auipc gp, 8
x3 <- 0x80008104


mem[X,0x80000108] -> 0x8193
mem[X,0x8000010A] -> 0xF0C1
[71] [M]: 0x80000108 (0xF0C18193) addi gp, gp, 3852
x3 <- 0x80008010


mem[X,0x8000010C] -> 0x9097
mem[X,0x8000010E] -> 0x0000
[72] [M]: 0x8000010C (0x00009097) auipc ra, 9
x1 <- 0x8000910C


mem[X,0x80000110] -> 0x8093
mem[X,0x80000112] -> 0x3080
[73] [M]: 0x80000110 (0x30808093) addi ra, ra, 776
x1 <- 0x80009414


mem[X,0x80000114] -> 0xAF07
mem[X,0x80000116] -> 0x0001
[74] [M]: 0x80000114 (0x0001AF07) flw ft10, 0(gp)
mem[R,0x80008010] -> 0x00000000
f30 <- 0xFFFFFFFF00000000


mem[X,0x80000118] -> 0xAE87
mem[X,0x8000011A] -> 0x0041
[75] [M]: 0x80000118 (0x0041AE87) flw ft9, 4(gp)
mem[R,0x80008014] -> 0x00000000
f29 <- 0xFFFFFFFF00000000


mem[X,0x8000011C] -> 0x0113
mem[X,0x8000011E] -> 0x0000
[76] [M]: 0x8000011C (0x00000113) addi sp, zero, 0
x2 <- 0x00000000


mem[X,0x80000120] -> 0x1073
mem[X,0x80000122] -> 0x0031
[77] [M]: 0x80000120 (0x00311073) csrrw zero, fcsr, sp
CSR fcsr -> 0x00000000
CSR fcsr <- 0x00000000 (input: 0x00000000)


mem[X,0x80000124] -> 0x7FD3
mem[X,0x80000126] -> 0x05DF
[78] [M]: 0x80000124 (0x05DF7FD3) fadd.h ft11, ft10, ft9, dyn
f31 <- 0xFFFFFFFFFFFF7E00


mem[X,0x80000128] -> 0x2273
mem[X,0x8000012A] -> 0x0030
[79] [M]: 0x80000128 (0x00302273) csrrs tp, fcsr, zero
CSR fcsr -> 0x00000000
x4 <- 0x00000000


mem[X,0x8000012C] -> 0xA027
mem[X,0x8000012E] -> 0x01F0
[80] [M]: 0x8000012C (0x01F0A027) fsw ft11, 0(ra)
mem[0x80009414] <- 0xFFFF7E00


mem[X,0x80000130] -> 0xA223
mem[X,0x80000132] -> 0x0040
[81] [M]: 0x80000130 (0x0040A223) sw tp, 4(ra)
mem[0x80009418] <- 0x00000000


mem[X,0x80000134] -> 0xAF87
mem[X,0x80000136] -> 0x0081
[82] [M]: 0x80000134 (0x0081AF87) flw ft11, 8(gp)
mem[R,0x80008018] -> 0x00000000
f31 <- 0xFFFFFFFF00000000


mem[X,0x80000138] -> 0xAF87
mem[X,0x8000013A] -> 0x00C1
[83] [M]: 0x80000138 (0x00C1AF87) flw ft11, 12(gp)
mem[R,0x8000801C] -> 0x00000000
f31 <- 0xFFFFFFFF00000000


mem[X,0x8000013C] -> 0x0113
mem[X,0x8000013E] -> 0x0000
[84] [M]: 0x8000013C (0x00000113) addi sp, zero, 0
x2 <- 0x00000000


mem[X,0x80000140] -> 0x1073
mem[X,0x80000142] -> 0x0031
[85] [M]: 0x80000140 (0x00311073) csrrw zero, fcsr, sp
CSR fcsr -> 0x00000000
CSR fcsr <- 0x00000000 (input: 0x00000000)


mem[X,0x80000144] -> 0xFF53
mem[X,0x80000146] -> 0x05FF
[86] [M]: 0x80000144 (0x05FFFF53) fadd.h ft10, ft11, ft11, dyn
f30 <- 0xFFFFFFFFFFFF7E00


mem[X,0x80000148] -> 0x2273
mem[X,0x8000014A] -> 0x0030
[87] [M]: 0x80000148 (0x00302273) csrrs tp, fcsr, zero
CSR fcsr -> 0x00000000
x4 <- 0x00000000


mem[X,0x8000014C] -> 0xA427
mem[X,0x8000014E] -> 0x01E0
[88] [M]: 0x8000014C (0x01E0A427) fsw ft10, 8(ra)
mem[0x8000941C] <- 0xFFFF7E00


mem[X,0x80000150] -> 0xA623
mem[X,0x80000152] -> 0x0040
[89] [M]: 0x80000150 (0x0040A623) sw tp, 12(ra)
mem[0x80009420] <- 0x00000000


mem[X,0x80000154] -> 0xAE87
mem[X,0x80000156] -> 0x0101
[90] [M]: 0x80000154 (0x0101AE87) flw ft9, 16(gp)
mem[R,0x80008020] -> 0x00000000
f29 <- 0xFFFFFFFF00000000


mem[X,0x80000158] -> 0xAE07
mem[X,0x8000015A] -> 0x0141
[91] [M]: 0x80000158 (0x0141AE07) flw ft8, 20(gp)
mem[R,0x80008024] -> 0x00000001
f28 <- 0xFFFFFFFF00000001


mem[X,0x8000015C] -> 0x0113
mem[X,0x8000015E] -> 0x0000
[92] [M]: 0x8000015C (0x00000113) addi sp, zero, 0
x2 <- 0x00000000


mem[X,0x80000160] -> 0x1073
mem[X,0x80000162] -> 0x0031
[93] [M]: 0x80000160 (0x00311073) csrrw zero, fcsr, sp
CSR fcsr -> 0x00000000
CSR fcsr <- 0x00000000 (input: 0x00000000)


mem[X,0x80000164] -> 0xFE53
mem[X,0x80000166] -> 0x05CE
[94] [M]: 0x80000164 (0x05CEFE53) fadd.h ft8, ft9, ft8, dyn
f28 <- 0xFFFFFFFFFFFF7E00


mem[X,0x80000168] -> 0x2273
mem[X,0x8000016A] -> 0x0030
[95] [M]: 0x80000168 (0x00302273) csrrs tp, fcsr, zero
CSR fcsr -> 0x00000000
x4 <- 0x00000000


mem[X,0x8000016C] -> 0xA827
mem[X,0x8000016E] -> 0x01C0
[96] [M]: 0x8000016C (0x01C0A827) fsw ft8, 16(ra)
mem[0x80009424] <- 0xFFFF7E00


mem[X,0x80000170] -> 0xAA23
mem[X,0x80000172] -> 0x0040
[97] [M]: 0x80000170 (0x0040AA23) sw tp, 20(ra)
mem[0x80009428] <- 0x00000000


mem[X,0x80000174] -> 0xAD87
mem[X,0x80000176] -> 0x0181
[98] [M]: 0x80000174 (0x0181AD87) flw fs11, 24(gp)
mem[R,0x80008028] -> 0x00000000
f27 <- 0xFFFFFFFF00000000


mem[X,0x80000178] -> 0xAD87
mem[X,0x8000017A] -> 0x01C1
[99] [M]: 0x80000178 (0x01C1AD87) flw fs11, 28(gp)
mem[R,0x8000802C] -> 0x00000000
f27 <- 0xFFFFFFFF00000000


clint::tick mtime <- 0x0000000000000001
 clint timer pending at mtime 0x0000000000000001
htif::tick 0x0000000000000000
mem[X,0x8000017C] -> 0x0113
mem[X,0x8000017E] -> 0x0000
[100] [M]: 0x8000017C (0x00000113) addi sp, zero, 0
x2 <- 0x00000000


mem[X,0x80000180] -> 0x1073
mem[X,0x80000182] -> 0x0031
[101] [M]: 0x80000180 (0x00311073) csrrw zero, fcsr, sp
CSR fcsr -> 0x00000000
CSR fcsr <- 0x00000000 (input: 0x00000000)


mem[X,0x80000184] -> 0xFDD3
mem[X,0x80000186] -> 0x05BD
[102] [M]: 0x80000184 (0x05BDFDD3) fadd.h fs11, fs11, fs11, dyn
f27 <- 0xFFFFFFFFFFFF7E00


mem[X,0x80000188] -> 0x2273
mem[X,0x8000018A] -> 0x0030
[103] [M]: 0x80000188 (0x00302273) csrrs tp, fcsr, zero
CSR fcsr -> 0x00000000
x4 <- 0x00000000


mem[X,0x8000018C] -> 0xAC27
mem[X,0x8000018E] -> 0x01B0
[104] [M]: 0x8000018C (0x01B0AC27) fsw fs11, 24(ra)
mem[0x8000942C] <- 0xFFFF7E00


mem[X,0x80000190] -> 0xAE23
mem[X,0x80000192] -> 0x0040
[105] [M]: 0x80000190 (0x0040AE23) sw tp, 28(ra)
mem[0x80009430] <- 0x00000000


mem[X,0x80000194] -> 0xAD07
mem[X,0x80000196] -> 0x0201
[106] [M]: 0x80000194 (0x0201AD07) flw fs10, 32(gp)
mem[R,0x80008030] -> 0x00000000
f26 <- 0xFFFFFFFF00000000


mem[X,0x80000198] -> 0xAF07
mem[X,0x8000019A] -> 0x0241
[107] [M]: 0x80000198 (0x0241AF07) flw ft10, 36(gp)
mem[R,0x80008034] -> 0x00000002
f30 <- 0xFFFFFFFF00000002


mem[X,0x8000019C] -> 0x0113
mem[X,0x8000019E] -> 0x0000
[108] [M]: 0x8000019C (0x00000113) addi sp, zero, 0
x2 <- 0x00000000


mem[X,0x800001A0] -> 0x1073
mem[X,0x800001A2] -> 0x0031
[109] [M]: 0x800001A0 (0x00311073) csrrw zero, fcsr, sp
CSR fcsr -> 0x00000000
CSR fcsr <- 0x00000000 (input: 0x00000000)


mem[X,0x800001A4] -> 0x7D53
mem[X,0x800001A6] -> 0x05ED
[110] [M]: 0x800001A4 (0x05ED7D53) fadd.h fs10, fs10, ft10, dyn
f26 <- 0xFFFFFFFFFFFF7E00


mem[X,0x800001A8] -> 0x2273
mem[X,0x800001AA] -> 0x0030
[111] [M]: 0x800001A8 (0x00302273) csrrs tp, fcsr, zero
CSR fcsr -> 0x00000000
x4 <- 0x00000000


mem[X,0x800001AC] -> 0xA027
mem[X,0x800001AE] -> 0x03A0
[112] [M]: 0x800001AC (0x03A0A027) fsw fs10, 32(ra)
mem[0x80009434] <- 0xFFFF7E00


mem[X,0x800001B0] -> 0xA223
mem[X,0x800001B2] -> 0x0240
[113] [M]: 0x800001B0 (0x0240A223) sw tp, 36(ra)
mem[0x80009438] <- 0x00000000


mem[X,0x800001B4] -> 0xAE07
mem[X,0x800001B6] -> 0x0281
[114] [M]: 0x800001B4 (0x0281AE07) flw ft8, 40(gp)
mem[R,0x80008038] -> 0x00000000
f28 <- 0xFFFFFFFF00000000


mem[X,0x800001B8] -> 0xAD07
mem[X,0x800001BA] -> 0x02C1
[115] [M]: 0x800001B8 (0x02C1AD07) flw fs10, 44(gp)
mem[R,0x8000803C] -> 0x000083FE
f26 <- 0xFFFFFFFF000083FE


mem[X,0x800001BC] -> 0x0113
mem[X,0x800001BE] -> 0x0000
[116] [M]: 0x800001BC (0x00000113) addi sp, zero, 0
x2 <- 0x00000000


mem[X,0x800001C0] -> 0x1073
mem[X,0x800001C2] -> 0x0031
[117] [M]: 0x800001C0 (0x00311073) csrrw zero, fcsr, sp
CSR fcsr -> 0x00000000
CSR fcsr <- 0x00000000 (input: 0x00000000)


mem[X,0x800001C4] -> 0x7ED3
mem[X,0x800001C6] -> 0x05AE
[118] [M]: 0x800001C4 (0x05AE7ED3) fadd.h ft9, ft8, fs10, dyn
f29 <- 0xFFFFFFFFFFFF7E00


mem[X,0x800001C8] -> 0x2273
mem[X,0x800001CA] -> 0x0030
[119] [M]: 0x800001C8 (0x00302273) csrrs tp, fcsr, zero
CSR fcsr -> 0x00000000
x4 <- 0x00000000


mem[X,0x800001CC] -> 0xA427
mem[X,0x800001CE] -> 0x03D0
[120] [M]: 0x800001CC (0x03D0A427) fsw ft9, 40(ra)
mem[0x8000943C] <- 0xFFFF7E00


mem[X,0x800001D0] -> 0xA623
mem[X,0x800001D2] -> 0x0240
[121] [M]: 0x800001D0 (0x0240A623) sw tp, 44(ra)
mem[0x80009440] <- 0x00000000


mem[X,0x800001D4] -> 0xAC07
mem[X,0x800001D6] -> 0x0301
[122] [M]: 0x800001D4 (0x0301AC07) flw fs8, 48(gp)
mem[R,0x80008040] -> 0x00000000
f24 <- 0xFFFFFFFF00000000


mem[X,0x800001D8] -> 0xAB87
mem[X,0x800001DA] -> 0x0341
[123] [M]: 0x800001D8 (0x0341AB87) flw fs7, 52(gp)
mem[R,0x80008044] -> 0x000003FF
f23 <- 0xFFFFFFFF000003FF


mem[X,0x800001DC] -> 0x0113
mem[X,0x800001DE] -> 0x0000
[124] [M]: 0x800001DC (0x00000113) addi sp, zero, 0
x2 <- 0x00000000


mem[X,0x800001E0] -> 0x1073
mem[X,0x800001E2] -> 0x0031
[125] [M]: 0x800001E0 (0x00311073) csrrw zero, fcsr, sp
CSR fcsr -> 0x00000000
CSR fcsr <- 0x00000000 (input: 0x00000000)


mem[X,0x800001E4] -> 0x7CD3
mem[X,0x800001E6] -> 0x057C
[126] [M]: 0x800001E4 (0x057C7CD3) fadd.h fs9, fs8, fs7, dyn
f25 <- 0xFFFFFFFFFFFF7E00


mem[X,0x800001E8] -> 0x2273
mem[X,0x800001EA] -> 0x0030
[127] [M]: 0x800001E8 (0x00302273) csrrs tp, fcsr, zero
CSR fcsr -> 0x00000000
x4 <- 0x00000000


mem[X,0x800001EC] -> 0xA827
mem[X,0x800001EE] -> 0x0390
[128] [M]: 0x800001EC (0x0390A827) fsw fs9, 48(ra)
mem[0x80009444] <- 0xFFFF7E00


mem[X,0x800001F0] -> 0xAA23
mem[X,0x800001F2] -> 0x0240
[129] [M]: 0x800001F0 (0x0240AA23) sw tp, 52(ra)
mem[0x80009448] <- 0x00000000


mem[X,0x800001F4] -> 0xAB87
mem[X,0x800001F6] -> 0x0381
[130] [M]: 0x800001F4 (0x0381AB87) flw fs7, 56(gp)
mem[R,0x80008048] -> 0x00000000
f23 <- 0xFFFFFFFF00000000


mem[X,0x800001F8] -> 0xAC87
mem[X,0x800001FA] -> 0x03C1
[131] [M]: 0x800001F8 (0x03C1AC87) flw fs9, 60(gp)
mem[R,0x8000804C] -> 0x000083FF
f25 <- 0xFFFFFFFF000083FF


mem[X,0x800001FC] -> 0x0113
mem[X,0x800001FE] -> 0x0000
[132] [M]: 0x800001FC (0x00000113) addi sp, zero, 0
x2 <- 0x00000000


mem[X,0x80000200] -> 0x1073
mem[X,0x80000202] -> 0x0031
[133] [M]: 0x80000200 (0x00311073) csrrw zero, fcsr, sp
CSR fcsr -> 0x00000000
CSR fcsr <- 0x00000000 (input: 0x00000000)


mem[X,0x80000204] -> 0xFC53
mem[X,0x80000206] -> 0x059B
[134] [M]: 0x80000204 (0x059BFC53) fadd.h fs8, fs7, fs9, dyn
f24 <- 0xFFFFFFFFFFFF7E00


mem[X,0x80000208] -> 0x2273
mem[X,0x8000020A] -> 0x0030
[135] [M]: 0x80000208 (0x00302273) csrrs tp, fcsr, zero
CSR fcsr -> 0x00000000
x4 <- 0x00000000


mem[X,0x8000020C] -> 0xAC27
mem[X,0x8000020E] -> 0x0380
[136] [M]: 0x8000020C (0x0380AC27) fsw fs8, 56(ra)
mem[0x8000944C] <- 0xFFFF7E00


mem[X,0x80000210] -> 0xAE23
mem[X,0x80000212] -> 0x0240
[137] [M]: 0x80000210 (0x0240AE23) sw tp, 60(ra)
mem[0x80009450] <- 0x00000000


mem[X,0x80000214] -> 0xAC87
mem[X,0x80000216] -> 0x0401
[138] [M]: 0x80000214 (0x0401AC87) flw fs9, 64(gp)
mem[R,0x80008050] -> 0x00000000
f25 <- 0xFFFFFFFF00000000


mem[X,0x80000218] -> 0xAC07
mem[X,0x8000021A] -> 0x0441
[139] [M]: 0x80000218 (0x0441AC07) flw fs8, 68(gp)
mem[R,0x80008054] -> 0x00000400
f24 <- 0xFFFFFFFF00000400


mem[X,0x8000021C] -> 0x0113
mem[X,0x8000021E] -> 0x0000
[140] [M]: 0x8000021C (0x00000113) addi sp, zero, 0
x2 <- 0x00000000


mem[X,0x80000220] -> 0x1073
mem[X,0x80000222] -> 0x0031
[141] [M]: 0x80000220 (0x00311073) csrrw zero, fcsr, sp
CSR fcsr -> 0x00000000
CSR fcsr <- 0x00000000 (input: 0x00000000)


mem[X,0x80000224] -> 0xFBD3
mem[X,0x80000226] -> 0x058C
[142] [M]: 0x80000224 (0x058CFBD3) fadd.h fs7, fs9, fs8, dyn
f23 <- 0xFFFFFFFFFFFF7E00


mem[X,0x80000228] -> 0x2273
mem[X,0x8000022A] -> 0x0030
[143] [M]: 0x80000228 (0x00302273) csrrs tp, fcsr, zero
CSR fcsr -> 0x00000000
x4 <- 0x00000000


mem[X,0x8000022C] -> 0xA027
mem[X,0x8000022E] -> 0x0570
[144] [M]: 0x8000022C (0x0570A027) fsw fs7, 64(ra)
mem[0x80009454] <- 0xFFFF7E00


mem[X,0x80000230] -> 0xA223
mem[X,0x80000232] -> 0x0440
[145] [M]: 0x80000230 (0x0440A223) sw tp, 68(ra)
mem[0x80009458] <- 0x00000000


mem[X,0x80000234] -> 0xAA87
mem[X,0x80000236] -> 0x0481
[146] [M]: 0x80000234 (0x0481AA87) flw fs5, 72(gp)
mem[R,0x80008058] -> 0x00000000
f21 <- 0xFFFFFFFF00000000


mem[X,0x80000238] -> 0xAA07
mem[X,0x8000023A] -> 0x04C1
[147] [M]: 0x80000238 (0x04C1AA07) flw fs4, 76(gp)
mem[R,0x8000805C] -> 0x00008400
f20 <- 0xFFFFFFFF00008400


mem[X,0x8000023C] -> 0x0113
mem[X,0x8000023E] -> 0x0000
[148] [M]: 0x8000023C (0x00000113) addi sp, zero, 0
x2 <- 0x00000000


mem[X,0x80000240] -> 0x1073
mem[X,0x80000242] -> 0x0031
[149] [M]: 0x80000240 (0x00311073) csrrw zero, fcsr, sp
CSR fcsr -> 0x00000000
CSR fcsr <- 0x00000000 (input: 0x00000000)


mem[X,0x80000244] -> 0xFB53
mem[X,0x80000246] -> 0x054A
[150] [M]: 0x80000244 (0x054AFB53) fadd.h fs6, fs5, fs4, dyn
f22 <- 0xFFFFFFFFFFFF7E00


mem[X,0x80000248] -> 0x2273
mem[X,0x8000024A] -> 0x0030
[151] [M]: 0x80000248 (0x00302273) csrrs tp, fcsr, zero
CSR fcsr -> 0x00000000
x4 <- 0x00000000


mem[X,0x8000024C] -> 0xA427
mem[X,0x8000024E] -> 0x0560
[152] [M]: 0x8000024C (0x0560A427) fsw fs6, 72(ra)
mem[0x8000945C] <- 0xFFFF7E00


mem[X,0x80000250] -> 0xA623
mem[X,0x80000252] -> 0x0440
[153] [M]: 0x80000250 (0x0440A623) sw tp, 76(ra)
mem[0x80009460] <- 0x00000000


mem[X,0x80000254] -> 0xAA07
mem[X,0x80000256] -> 0x0501
[154] [M]: 0x80000254 (0x0501AA07) flw fs4, 80(gp)
mem[R,0x80008060] -> 0x00000000
f20 <- 0xFFFFFFFF00000000


mem[X,0x80000258] -> 0xAB07
mem[X,0x8000025A] -> 0x0541
[155] [M]: 0x80000258 (0x0541AB07) flw fs6, 84(gp)
mem[R,0x80008064] -> 0x00000401
f22 <- 0xFFFFFFFF00000401


mem[X,0x8000025C] -> 0x0113
mem[X,0x8000025E] -> 0x0000
[156] [M]: 0x8000025C (0x00000113) addi sp, zero, 0
x2 <- 0x00000000


mem[X,0x80000260] -> 0x1073
mem[X,0x80000262] -> 0x0031
[157] [M]: 0x80000260 (0x00311073) csrrw zero, fcsr, sp
CSR fcsr -> 0x00000000
CSR fcsr <- 0x00000000 (input: 0x00000000)


mem[X,0x80000264] -> 0x7AD3
mem[X,0x80000266] -> 0x056A
[158] [M]: 0x80000264 (0x056A7AD3) fadd.h fs5, fs4, fs6, dyn
f21 <- 0xFFFFFFFFFFFF7E00


mem[X,0x80000268] -> 0x2273
mem[X,0x8000026A] -> 0x0030
[159] [M]: 0x80000268 (0x00302273) csrrs tp, fcsr, zero
CSR fcsr -> 0x00000000
x4 <- 0x00000000


mem[X,0x8000026C] -> 0xA827
mem[X,0x8000026E] -> 0x0550
[160] [M]: 0x8000026C (0x0550A827) fsw fs5, 80(ra)
mem[0x80009464] <- 0xFFFF7E00


mem[X,0x80000270] -> 0xAA23
mem[X,0x80000272] -> 0x0440
[161] [M]: 0x80000270 (0x0440AA23) sw tp, 84(ra)
mem[0x80009468] <- 0x00000000


mem[X,0x80000274] -> 0xAB07
mem[X,0x80000276] -> 0x0581
[162] [M]: 0x80000274 (0x0581AB07) flw fs6, 88(gp)
mem[R,0x80008068] -> 0x00000000
f22 <- 0xFFFFFFFF00000000


mem[X,0x80000278] -> 0xAA87
mem[X,0x8000027A] -> 0x05C1
[163] [M]: 0x80000278 (0x05C1AA87) flw fs5, 92(gp)
mem[R,0x8000806C] -> 0x00008455
f21 <- 0xFFFFFFFF00008455


mem[X,0x8000027C] -> 0x0113
mem[X,0x8000027E] -> 0x0000
[164] [M]: 0x8000027C (0x00000113) addi sp, zero, 0
x2 <- 0x00000000


mem[X,0x80000280] -> 0x1073
mem[X,0x80000282] -> 0x0031
[165] [M]: 0x80000280 (0x00311073) csrrw zero, fcsr, sp
CSR fcsr -> 0x00000000
CSR fcsr <- 0x00000000 (input: 0x00000000)


mem[X,0x80000284] -> 0x7A53
mem[X,0x80000286] -> 0x055B
[166] [M]: 0x80000284 (0x055B7A53) fadd.h fs4, fs6, fs5, dyn
f20 <- 0xFFFFFFFFFFFF7E00


mem[X,0x80000288] -> 0x2273
mem[X,0x8000028A] -> 0x0030
[167] [M]: 0x80000288 (0x00302273) csrrs tp, fcsr, zero
CSR fcsr -> 0x00000000
x4 <- 0x00000000


mem[X,0x8000028C] -> 0xAC27
mem[X,0x8000028E] -> 0x0540
[168] [M]: 0x8000028C (0x0540AC27) fsw fs4, 88(ra)
mem[0x8000946C] <- 0xFFFF7E00


mem[X,0x80000290] -> 0xAE23
mem[X,0x80000292] -> 0x0440
[169] [M]: 0x80000290 (0x0440AE23) sw tp, 92(ra)
mem[0x80009470] <- 0x00000000


mem[X,0x80000294] -> 0xA907
mem[X,0x80000296] -> 0x0601
[170] [M]: 0x80000294 (0x0601A907) flw fs2, 96(gp)
mem[R,0x80008070] -> 0x00000000
f18 <- 0xFFFFFFFF00000000


mem[X,0x80000298] -> 0xA887
mem[X,0x8000029A] -> 0x0641
[171] [M]: 0x80000298 (0x0641A887) flw fa7, 100(gp)
mem[R,0x80008074] -> 0x00007BFF
f17 <- 0xFFFFFFFF00007BFF


mem[X,0x8000029C] -> 0x0113
mem[X,0x8000029E] -> 0x0000
[172] [M]: 0x8000029C (0x00000113) addi sp, zero, 0
x2 <- 0x00000000


mem[X,0x800002A0] -> 0x1073
mem[X,0x800002A2] -> 0x0031
[173] [M]: 0x800002A0 (0x00311073) csrrw zero, fcsr, sp
CSR fcsr -> 0x00000000
CSR fcsr <- 0x00000000 (input: 0x00000000)


mem[X,0x800002A4] -> 0x79D3
mem[X,0x800002A6] -> 0x0519
[174] [M]: 0x800002A4 (0x051979D3) fadd.h fs3, fs2, fa7, dyn
f19 <- 0xFFFFFFFFFFFF7E00


mem[X,0x800002A8] -> 0x2273
mem[X,0x800002AA] -> 0x0030
[175] [M]: 0x800002A8 (0x00302273) csrrs tp, fcsr, zero
CSR fcsr -> 0x00000000
x4 <- 0x00000000


mem[X,0x800002AC] -> 0xA027
mem[X,0x800002AE] -> 0x0730
[176] [M]: 0x800002AC (0x0730A027) fsw fs3, 96(ra)
mem[0x80009474] <- 0xFFFF7E00


mem[X,0x800002B0] -> 0xA223
mem[X,0x800002B2] -> 0x0640
[177] [M]: 0x800002B0 (0x0640A223) sw tp, 100(ra)
mem[0x80009478] <- 0x00000000


mem[X,0x800002B4] -> 0xA887
mem[X,0x800002B6] -> 0x0681
[178] [M]: 0x800002B4 (0x0681A887) flw fa7, 104(gp)
mem[R,0x80008078] -> 0x00000000
f17 <- 0xFFFFFFFF00000000


mem[X,0x800002B8] -> 0xA987
mem[X,0x800002BA] -> 0x06C1
[179] [M]: 0x800002B8 (0x06C1A987) flw fs3, 108(gp)
mem[R,0x8000807C] -> 0x0000FBFF
f19 <- 0xFFFFFFFF0000FBFF


mem[X,0x800002BC] -> 0x0113
mem[X,0x800002BE] -> 0x0000
[180] [M]: 0x800002BC (0x00000113) addi sp, zero, 0
x2 <- 0x00000000


mem[X,0x800002C0] -> 0x1073
mem[X,0x800002C2] -> 0x0031
[181] [M]: 0x800002C0 (0x00311073) csrrw zero, fcsr, sp
CSR fcsr -> 0x00000000
CSR fcsr <- 0x00000000 (input: 0x00000000)


mem[X,0x800002C4] -> 0xF953
mem[X,0x800002C6] -> 0x0538
[182] [M]: 0x800002C4 (0x0538F953) fadd.h fs2, fa7, fs3, dyn
f18 <- 0xFFFFFFFFFFFF7E00


mem[X,0x800002C8] -> 0x2273
mem[X,0x800002CA] -> 0x0030
[183] [M]: 0x800002C8 (0x00302273) csrrs tp, fcsr, zero
CSR fcsr -> 0x00000000
x4 <- 0x00000000


mem[X,0x800002CC] -> 0xA427
mem[X,0x800002CE] -> 0x0720
[184] [M]: 0x800002CC (0x0720A427) fsw fs2, 104(ra)
mem[0x8000947C] <- 0xFFFF7E00


mem[X,0x800002D0] -> 0xA623
mem[X,0x800002D2] -> 0x0640
[185] [M]: 0x800002D0 (0x0640A623) sw tp, 108(ra)
mem[0x80009480] <- 0x00000000


mem[X,0x800002D4] -> 0xA987
mem[X,0x800002D6] -> 0x0701
[186] [M]: 0x800002D4 (0x0701A987) flw fs3, 112(gp)
mem[R,0x80008080] -> 0x00000000
f19 <- 0xFFFFFFFF00000000


mem[X,0x800002D8] -> 0xA907
mem[X,0x800002DA] -> 0x0741
[187] [M]: 0x800002D8 (0x0741A907) flw fs2, 116(gp)
mem[R,0x80008084] -> 0x00007C00
f18 <- 0xFFFFFFFF00007C00


mem[X,0x800002DC] -> 0x0113
mem[X,0x800002DE] -> 0x0000
[188] [M]: 0x800002DC (0x00000113) addi sp, zero, 0
x2 <- 0x00000000


mem[X,0x800002E0] -> 0x1073
mem[X,0x800002E2] -> 0x0031
[189] [M]: 0x800002E0 (0x00311073) csrrw zero, fcsr, sp
CSR fcsr -> 0x00000000
CSR fcsr <- 0x00000000 (input: 0x00000000)


mem[X,0x800002E4] -> 0xF8D3
mem[X,0x800002E6] -> 0x0529
[190] [M]: 0x800002E4 (0x0529F8D3) fadd.h fa7, fs3, fs2, dyn
f17 <- 0xFFFFFFFFFFFF7E00


mem[X,0x800002E8] -> 0x2273
mem[X,0x800002EA] -> 0x0030
[191] [M]: 0x800002E8 (0x00302273) csrrs tp, fcsr, zero
CSR fcsr -> 0x00000000
x4 <- 0x00000000


mem[X,0x800002EC] -> 0xA827
mem[X,0x800002EE] -> 0x0710
[192] [M]: 0x800002EC (0x0710A827) fsw fa7, 112(ra)
mem[0x80009484] <- 0xFFFF7E00


mem[X,0x800002F0] -> 0xAA23
mem[X,0x800002F2] -> 0x0640
[193] [M]: 0x800002F0 (0x0640AA23) sw tp, 116(ra)
mem[0x80009488] <- 0x00000000


mem[X,0x800002F4] -> 0xA787
mem[X,0x800002F6] -> 0x0781
[194] [M]: 0x800002F4 (0x0781A787) flw fa5, 120(gp)
mem[R,0x80008088] -> 0x00000000
f15 <- 0xFFFFFFFF00000000


mem[X,0x800002F8] -> 0xA707
mem[X,0x800002FA] -> 0x07C1
[195] [M]: 0x800002F8 (0x07C1A707) flw fa4, 124(gp)
mem[R,0x8000808C] -> 0x0000FC00
f14 <- 0xFFFFFFFF0000FC00


mem[X,0x800002FC] -> 0x0113
mem[X,0x800002FE] -> 0x0000
[196] [M]: 0x800002FC (0x00000113) addi sp, zero, 0
x2 <- 0x00000000


mem[X,0x80000300] -> 0x1073
mem[X,0x80000302] -> 0x0031
[197] [M]: 0x80000300 (0x00311073) csrrw zero, fcsr, sp
CSR fcsr -> 0x00000000
CSR fcsr <- 0x00000000 (input: 0x00000000)


mem[X,0x80000304] -> 0xF853
mem[X,0x80000306] -> 0x04E7
[198] [M]: 0x80000304 (0x04E7F853) fadd.h fa6, fa5, fa4, dyn
f16 <- 0xFFFFFFFFFFFF7E00


mem[X,0x80000308] -> 0x2273
mem[X,0x8000030A] -> 0x0030
[199] [M]: 0x80000308 (0x00302273) csrrs tp, fcsr, zero
CSR fcsr -> 0x00000000
x4 <- 0x00000000


clint::tick mtime <- 0x0000000000000002
 clint timer pending at mtime 0x0000000000000002
htif::tick 0x0000000000000000
mem[X,0x8000030C] -> 0xAC27
mem[X,0x8000030E] -> 0x0700
[200] [M]: 0x8000030C (0x0700AC27) fsw fa6, 120(ra)
mem[0x8000948C] <- 0xFFFF7E00


mem[X,0x80000310] -> 0xAE23
mem[X,0x80000312] -> 0x0640
[201] [M]: 0x80000310 (0x0640AE23) sw tp, 124(ra)
mem[0x80009490] <- 0x00000000


mem[X,0x80000314] -> 0xA707
mem[X,0x80000316] -> 0x0801
[202] [M]: 0x80000314 (0x0801A707) flw fa4, 128(gp)
mem[R,0x80008090] -> 0x00000000
f14 <- 0xFFFFFFFF00000000


mem[X,0x80000318] -> 0xA807
mem[X,0x8000031A] -> 0x0841
[203] [M]: 0x80000318 (0x0841A807) flw fa6, 132(gp)
mem[R,0x80008094] -> 0x00007E00
f16 <- 0xFFFFFFFF00007E00


mem[X,0x8000031C] -> 0x0113
mem[X,0x8000031E] -> 0x0000
[204] [M]: 0x8000031C (0x00000113) addi sp, zero, 0
x2 <- 0x00000000


mem[X,0x80000320] -> 0x1073
mem[X,0x80000322] -> 0x0031
[205] [M]: 0x80000320 (0x00311073) csrrw zero, fcsr, sp
CSR fcsr -> 0x00000000
CSR fcsr <- 0x00000000 (input: 0x00000000)


mem[X,0x80000324] -> 0x77D3
mem[X,0x80000326] -> 0x0507
[206] [M]: 0x80000324 (0x050777D3) fadd.h fa5, fa4, fa6, dyn
f15 <- 0xFFFFFFFFFFFF7E00


mem[X,0x80000328] -> 0x2273
mem[X,0x8000032A] -> 0x0030
[207] [M]: 0x80000328 (0x00302273) csrrs tp, fcsr, zero
CSR fcsr -> 0x00000000
x4 <- 0x00000000


mem[X,0x8000032C] -> 0xA027
mem[X,0x8000032E] -> 0x08F0
[208] [M]: 0x8000032C (0x08F0A027) fsw fa5, 128(ra)
mem[0x80009494] <- 0xFFFF7E00


mem[X,0x80000330] -> 0xA223
mem[X,0x80000332] -> 0x0840
[209] [M]: 0x80000330 (0x0840A223) sw tp, 132(ra)
mem[0x80009498] <- 0x00000000


mem[X,0x80000334] -> 0xA807
mem[X,0x80000336] -> 0x0881
[210] [M]: 0x80000334 (0x0881A807) flw fa6, 136(gp)
mem[R,0x80008098] -> 0x00000000
f16 <- 0xFFFFFFFF00000000


mem[X,0x80000338] -> 0xA787
mem[X,0x8000033A] -> 0x08C1
[211] [M]: 0x80000338 (0x08C1A787) flw fa5, 140(gp)
mem[R,0x8000809C] -> 0x0000FE00
f15 <- 0xFFFFFFFF0000FE00


mem[X,0x8000033C] -> 0x0113
mem[X,0x8000033E] -> 0x0000
[212] [M]: 0x8000033C (0x00000113) addi sp, zero, 0
x2 <- 0x00000000


mem[X,0x80000340] -> 0x1073
mem[X,0x80000342] -> 0x0031
[213] [M]: 0x80000340 (0x00311073) csrrw zero, fcsr, sp
CSR fcsr -> 0x00000000
CSR fcsr <- 0x00000000 (input: 0x00000000)


mem[X,0x80000344] -> 0x7753
mem[X,0x80000346] -> 0x04F8
[214] [M]: 0x80000344 (0x04F87753) fadd.h fa4, fa6, fa5, dyn
f14 <- 0xFFFFFFFFFFFF7E00


mem[X,0x80000348] -> 0x2273
mem[X,0x8000034A] -> 0x0030
[215] [M]: 0x80000348 (0x00302273) csrrs tp, fcsr, zero
CSR fcsr -> 0x00000000
x4 <- 0x00000000


mem[X,0x8000034C] -> 0xA427
mem[X,0x8000034E] -> 0x08E0
[216] [M]: 0x8000034C (0x08E0A427) fsw fa4, 136(ra)
mem[0x8000949C] <- 0xFFFF7E00


mem[X,0x80000350] -> 0xA623
mem[X,0x80000352] -> 0x0840
[217] [M]: 0x80000350 (0x0840A623) sw tp, 140(ra)
mem[0x800094A0] <- 0x00000000


mem[X,0x80000354] -> 0xA607
mem[X,0x80000356] -> 0x0901
[218] [M]: 0x80000354 (0x0901A607) flw fa2, 144(gp)
mem[R,0x800080A0] -> 0x00000000
f12 <- 0xFFFFFFFF00000000


mem[X,0x80000358] -> 0xA587
mem[X,0x8000035A] -> 0x0941
[219] [M]: 0x80000358 (0x0941A587) flw fa1, 148(gp)
mem[R,0x800080A4] -> 0x00007E01
f11 <- 0xFFFFFFFF00007E01


mem[X,0x8000035C] -> 0x0113
mem[X,0x8000035E] -> 0x0000
[220] [M]: 0x8000035C (0x00000113) addi sp, zero, 0
x2 <- 0x00000000


mem[X,0x80000360] -> 0x1073
mem[X,0x80000362] -> 0x0031
[221] [M]: 0x80000360 (0x00311073) csrrw zero, fcsr, sp
CSR fcsr -> 0x00000000
CSR fcsr <- 0x00000000 (input: 0x00000000)


mem[X,0x80000364] -> 0x76D3
mem[X,0x80000366] -> 0x04B6
[222] [M]: 0x80000364 (0x04B676D3) fadd.h fa3, fa2, fa1, dyn
f13 <- 0xFFFFFFFFFFFF7E00


mem[X,0x80000368] -> 0x2273
mem[X,0x8000036A] -> 0x0030
[223] [M]: 0x80000368 (0x00302273) csrrs tp, fcsr, zero
CSR fcsr -> 0x00000000
x4 <- 0x00000000


mem[X,0x8000036C] -> 0xA827
mem[X,0x8000036E] -> 0x08D0
[224] [M]: 0x8000036C (0x08D0A827) fsw fa3, 144(ra)
mem[0x800094A4] <- 0xFFFF7E00


mem[X,0x80000370] -> 0xAA23
mem[X,0x80000372] -> 0x0840
[225] [M]: 0x80000370 (0x0840AA23) sw tp, 148(ra)
mem[0x800094A8] <- 0x00000000


mem[X,0x80000374] -> 0xA587
mem[X,0x80000376] -> 0x0981
[226] [M]: 0x80000374 (0x0981A587) flw fa1, 152(gp)
mem[R,0x800080A8] -> 0x00000000
f11 <- 0xFFFFFFFF00000000


mem[X,0x80000378] -> 0xA687
mem[X,0x8000037A] -> 0x09C1
[227] [M]: 0x80000378 (0x09C1A687) flw fa3, 156(gp)
mem[R,0x800080AC] -> 0x0000FE55
f13 <- 0xFFFFFFFF0000FE55


mem[X,0x8000037C] -> 0x0113
mem[X,0x8000037E] -> 0x0000
[228] [M]: 0x8000037C (0x00000113) addi sp, zero, 0
x2 <- 0x00000000


mem[X,0x80000380] -> 0x1073
mem[X,0x80000382] -> 0x0031
[229] [M]: 0x80000380 (0x00311073) csrrw zero, fcsr, sp
CSR fcsr -> 0x00000000
CSR fcsr <- 0x00000000 (input: 0x00000000)


mem[X,0x80000384] -> 0xF653
mem[X,0x80000386] -> 0x04D5
[230] [M]: 0x80000384 (0x04D5F653) fadd.h fa2, fa1, fa3, dyn
f12 <- 0xFFFFFFFFFFFF7E00


mem[X,0x80000388] -> 0x2273
mem[X,0x8000038A] -> 0x0030
[231] [M]: 0x80000388 (0x00302273) csrrs tp, fcsr, zero
CSR fcsr -> 0x00000000
x4 <- 0x00000000


mem[X,0x8000038C] -> 0xAC27
mem[X,0x8000038E] -> 0x08C0
[232] [M]: 0x8000038C (0x08C0AC27) fsw fa2, 152(ra)
mem[0x800094AC] <- 0xFFFF7E00


mem[X,0x80000390] -> 0xAE23
mem[X,0x80000392] -> 0x0840
[233] [M]: 0x80000390 (0x0840AE23) sw tp, 156(ra)
mem[0x800094B0] <- 0x00000000


mem[X,0x80000394] -> 0xA687
mem[X,0x80000396] -> 0x0A01
[234] [M]: 0x80000394 (0x0A01A687) flw fa3, 160(gp)
mem[R,0x800080B0] -> 0x00000000
f13 <- 0xFFFFFFFF00000000


mem[X,0x80000398] -> 0xA607
mem[X,0x8000039A] -> 0x0A41
[235] [M]: 0x80000398 (0x0A41A607) flw fa2, 164(gp)
mem[R,0x800080B4] -> 0x00007C01
f12 <- 0xFFFFFFFF00007C01


mem[X,0x8000039C] -> 0x0113
mem[X,0x8000039E] -> 0x0000
[236] [M]: 0x8000039C (0x00000113) addi sp, zero, 0
x2 <- 0x00000000


mem[X,0x800003A0] -> 0x1073
mem[X,0x800003A2] -> 0x0031
[237] [M]: 0x800003A0 (0x00311073) csrrw zero, fcsr, sp
CSR fcsr -> 0x00000000
CSR fcsr <- 0x00000000 (input: 0x00000000)


mem[X,0x800003A4] -> 0xF5D3
mem[X,0x800003A6] -> 0x04C6
[238] [M]: 0x800003A4 (0x04C6F5D3) fadd.h fa1, fa3, fa2, dyn
f11 <- 0xFFFFFFFFFFFF7E00


mem[X,0x800003A8] -> 0x2273
mem[X,0x800003AA] -> 0x0030
[239] [M]: 0x800003A8 (0x00302273) csrrs tp, fcsr, zero
CSR fcsr -> 0x00000000
x4 <- 0x00000000


mem[X,0x800003AC] -> 0xA027
mem[X,0x800003AE] -> 0x0AB0
[240] [M]: 0x800003AC (0x0AB0A027) fsw fa1, 160(ra)
mem[0x800094B4] <- 0xFFFF7E00


mem[X,0x800003B0] -> 0xA223
mem[X,0x800003B2] -> 0x0A40
[241] [M]: 0x800003B0 (0x0A40A223) sw tp, 164(ra)
mem[0x800094B8] <- 0x00000000


mem[X,0x800003B4] -> 0xA487
mem[X,0x800003B6] -> 0x0A81
[242] [M]: 0x800003B4 (0x0A81A487) flw fs1, 168(gp)
mem[R,0x800080B8] -> 0x00000000
f9 <- 0xFFFFFFFF00000000


mem[X,0x800003B8] -> 0xA407
mem[X,0x800003BA] -> 0x0AC1
[243] [M]: 0x800003B8 (0x0AC1A407) flw fs0, 172(gp)
mem[R,0x800080BC] -> 0x0000FD55
f8 <- 0xFFFFFFFF0000FD55


mem[X,0x800003BC] -> 0x0113
mem[X,0x800003BE] -> 0x0000
[244] [M]: 0x800003BC (0x00000113) addi sp, zero, 0
x2 <- 0x00000000


mem[X,0x800003C0] -> 0x1073
mem[X,0x800003C2] -> 0x0031
[245] [M]: 0x800003C0 (0x00311073) csrrw zero, fcsr, sp
CSR fcsr -> 0x00000000
CSR fcsr <- 0x00000000 (input: 0x00000000)


mem[X,0x800003C4] -> 0xF553
mem[X,0x800003C6] -> 0x0484
[246] [M]: 0x800003C4 (0x0484F553) fadd.h fa0, fs1, fs0, dyn
f10 <- 0xFFFFFFFFFFFF7E00


mem[X,0x800003C8] -> 0x2273
mem[X,0x800003CA] -> 0x0030
[247] [M]: 0x800003C8 (0x00302273) csrrs tp, fcsr, zero
CSR fcsr -> 0x00000000
x4 <- 0x00000000


mem[X,0x800003CC] -> 0xA427
mem[X,0x800003CE] -> 0x0AA0
[248] [M]: 0x800003CC (0x0AA0A427) fsw fa0, 168(ra)
mem[0x800094BC] <- 0xFFFF7E00


mem[X,0x800003D0] -> 0xA623
mem[X,0x800003D2] -> 0x0A40
[249] [M]: 0x800003D0 (0x0A40A623) sw tp, 172(ra)
mem[0x800094C0] <- 0x00000000


mem[X,0x800003D4] -> 0xA407
mem[X,0x800003D6] -> 0x0B01
[250] [M]: 0x800003D4 (0x0B01A407) flw fs0, 176(gp)
mem[R,0x800080C0] -> 0x00000000
f8 <- 0xFFFFFFFF00000000


mem[X,0x800003D8] -> 0xA507
mem[X,0x800003DA] -> 0x0B41
[251] [M]: 0x800003D8 (0x0B41A507) flw fa0, 180(gp)
mem[R,0x800080C4] -> 0x00003C00
f10 <- 0xFFFFFFFF00003C00


mem[X,0x800003DC] -> 0x0113
mem[X,0x800003DE] -> 0x0000
[252] [M]: 0x800003DC (0x00000113) addi sp, zero, 0
x2 <- 0x00000000


mem[X,0x800003E0] -> 0x1073
mem[X,0x800003E2] -> 0x0031
[253] [M]: 0x800003E0 (0x00311073) csrrw zero, fcsr, sp
CSR fcsr -> 0x00000000
CSR fcsr <- 0x00000000 (input: 0x00000000)


mem[X,0x800003E4] -> 0x74D3
mem[X,0x800003E6] -> 0x04A4
[254] [M]: 0x800003E4 (0x04A474D3) fadd.h fs1, fs0, fa0, dyn
f9 <- 0xFFFFFFFFFFFF7E00


mem[X,0x800003E8] -> 0x2273
mem[X,0x800003EA] -> 0x0030
[255] [M]: 0x800003E8 (0x00302273) csrrs tp, fcsr, zero
CSR fcsr -> 0x00000000
x4 <- 0x00000000


mem[X,0x800003EC] -> 0xA827
mem[X,0x800003EE] -> 0x0A90
[256] [M]: 0x800003EC (0x0A90A827) fsw fs1, 176(ra)
mem[0x800094C4] <- 0xFFFF7E00


mem[X,0x800003F0] -> 0xAA23
mem[X,0x800003F2] -> 0x0A40
[257] [M]: 0x800003F0 (0x0A40AA23) sw tp, 180(ra)
mem[0x800094C8] <- 0x00000000


mem[X,0x800003F4] -> 0xA507
mem[X,0x800003F6] -> 0x0B81
[258] [M]: 0x800003F4 (0x0B81A507) flw fa0, 184(gp)
mem[R,0x800080C8] -> 0x00000000
f10 <- 0xFFFFFFFF00000000


mem[X,0x800003F8] -> 0xA487
mem[X,0x800003FA] -> 0x0BC1
[259] [M]: 0x800003F8 (0x0BC1A487) flw fs1, 188(gp)
mem[R,0x800080CC] -> 0x0000BC00
f9 <- 0xFFFFFFFF0000BC00


mem[X,0x800003FC] -> 0x0113
mem[X,0x800003FE] -> 0x0000
[260] [M]: 0x800003FC (0x00000113) addi sp, zero, 0
x2 <- 0x00000000


mem[X,0x80000400] -> 0x1073
mem[X,0x80000402] -> 0x0031
[261] [M]: 0x80000400 (0x00311073) csrrw zero, fcsr, sp
CSR fcsr -> 0x00000000
CSR fcsr <- 0x00000000 (input: 0x00000000)


mem[X,0x80000404] -> 0x7453
mem[X,0x80000406] -> 0x0495
[262] [M]: 0x80000404 (0x04957453) fadd.h fs0, fa0, fs1, dyn
f8 <- 0xFFFFFFFFFFFF7E00


mem[X,0x80000408] -> 0x2273
mem[X,0x8000040A] -> 0x0030
[263] [M]: 0x80000408 (0x00302273) csrrs tp, fcsr, zero
CSR fcsr -> 0x00000000
x4 <- 0x00000000


mem[X,0x8000040C] -> 0xAC27
mem[X,0x8000040E] -> 0x0A80
[264] [M]: 0x8000040C (0x0A80AC27) fsw fs0, 184(ra)
mem[0x800094CC] <- 0xFFFF7E00


mem[X,0x80000410] -> 0xAE23
mem[X,0x80000412] -> 0x0A40
[265] [M]: 0x80000410 (0x0A40AE23) sw tp, 188(ra)
mem[0x800094D0] <- 0x00000000


mem[X,0x80000414] -> 0xA307
mem[X,0x80000416] -> 0x0C01
[266] [M]: 0x80000414 (0x0C01A307) flw ft6, 192(gp)
mem[R,0x800080D0] -> 0x00008000
f6 <- 0xFFFFFFFF00008000


mem[X,0x80000418] -> 0xA287
mem[X,0x8000041A] -> 0x0C41
[267] [M]: 0x80000418 (0x0C41A287) flw ft5, 196(gp)
mem[R,0x800080D4] -> 0x00000000
f5 <- 0xFFFFFFFF00000000


mem[X,0x8000041C] -> 0x0113
mem[X,0x8000041E] -> 0x0000
[268] [M]: 0x8000041C (0x00000113) addi sp, zero, 0
x2 <- 0x00000000


mem[X,0x80000420] -> 0x1073
mem[X,0x80000422] -> 0x0031
[269] [M]: 0x80000420 (0x00311073) csrrw zero, fcsr, sp
CSR fcsr -> 0x00000000
CSR fcsr <- 0x00000000 (input: 0x00000000)


mem[X,0x80000424] -> 0x73D3
mem[X,0x80000426] -> 0x0453
[270] [M]: 0x80000424 (0x045373D3) fadd.h ft7, ft6, ft5, dyn
f7 <- 0xFFFFFFFFFFFF7E00


mem[X,0x80000428] -> 0x2273
mem[X,0x8000042A] -> 0x0030
[271] [M]: 0x80000428 (0x00302273) csrrs tp, fcsr, zero
CSR fcsr -> 0x00000000
x4 <- 0x00000000


mem[X,0x8000042C] -> 0xA027
mem[X,0x8000042E] -> 0x0C70
[272] [M]: 0x8000042C (0x0C70A027) fsw ft7, 192(ra)
mem[0x800094D4] <- 0xFFFF7E00


mem[X,0x80000430] -> 0xA223
mem[X,0x80000432] -> 0x0C40
[273] [M]: 0x80000430 (0x0C40A223) sw tp, 196(ra)
mem[0x800094D8] <- 0x00000000


mem[X,0x80000434] -> 0xA287
mem[X,0x80000436] -> 0x0C81
[274] [M]: 0x80000434 (0x0C81A287) flw ft5, 200(gp)
mem[R,0x800080D8] -> 0x00008000
f5 <- 0xFFFFFFFF00008000


mem[X,0x80000438] -> 0xA387
mem[X,0x8000043A] -> 0x0CC1
[275] [M]: 0x80000438 (0x0CC1A387) flw ft7, 204(gp)
mem[R,0x800080DC] -> 0x00008000
f7 <- 0xFFFFFFFF00008000


mem[X,0x8000043C] -> 0x0113
mem[X,0x8000043E] -> 0x0000
[276] [M]: 0x8000043C (0x00000113) addi sp, zero, 0
x2 <- 0x00000000


mem[X,0x80000440] -> 0x1073
mem[X,0x80000442] -> 0x0031
[277] [M]: 0x80000440 (0x00311073) csrrw zero, fcsr, sp
CSR fcsr -> 0x00000000
CSR fcsr <- 0x00000000 (input: 0x00000000)


mem[X,0x80000444] -> 0xF353
mem[X,0x80000446] -> 0x0472
[278] [M]: 0x80000444 (0x0472F353) fadd.h ft6, ft5, ft7, dyn
f6 <- 0xFFFFFFFFFFFF7E00


mem[X,0x80000448] -> 0x2273
mem[X,0x8000044A] -> 0x0030
[279] [M]: 0x80000448 (0x00302273) csrrs tp, fcsr, zero
CSR fcsr -> 0x00000000
x4 <- 0x00000000


mem[X,0x8000044C] -> 0xA427
mem[X,0x8000044E] -> 0x0C60
[280] [M]: 0x8000044C (0x0C60A427) fsw ft6, 200(ra)
mem[0x800094DC] <- 0xFFFF7E00


mem[X,0x80000450] -> 0xA623
mem[X,0x80000452] -> 0x0C40
[281] [M]: 0x80000450 (0x0C40A623) sw tp, 204(ra)
mem[0x800094E0] <- 0x00000000


mem[X,0x80000454] -> 0xA387
mem[X,0x80000456] -> 0x0D01
[282] [M]: 0x80000454 (0x0D01A387) flw ft7, 208(gp)
mem[R,0x800080E0] -> 0x00008000
f7 <- 0xFFFFFFFF00008000


mem[X,0x80000458] -> 0xA307
mem[X,0x8000045A] -> 0x0D41
[283] [M]: 0x80000458 (0x0D41A307) flw ft6, 212(gp)
mem[R,0x800080E4] -> 0x00000001
f6 <- 0xFFFFFFFF00000001


mem[X,0x8000045C] -> 0x0113
mem[X,0x8000045E] -> 0x0000
[284] [M]: 0x8000045C (0x00000113) addi sp, zero, 0
x2 <- 0x00000000


mem[X,0x80000460] -> 0x1073
mem[X,0x80000462] -> 0x0031
[285] [M]: 0x80000460 (0x00311073) csrrw zero, fcsr, sp
CSR fcsr -> 0x00000000
CSR fcsr <- 0x00000000 (input: 0x00000000)


mem[X,0x80000464] -> 0xF2D3
mem[X,0x80000466] -> 0x0463
[286] [M]: 0x80000464 (0x0463F2D3) fadd.h ft5, ft7, ft6, dyn
f5 <- 0xFFFFFFFFFFFF7E00


mem[X,0x80000468] -> 0x2273
mem[X,0x8000046A] -> 0x0030
[287] [M]: 0x80000468 (0x00302273) csrrs tp, fcsr, zero
CSR fcsr -> 0x00000000
x4 <- 0x00000000


mem[X,0x8000046C] -> 0xA827
mem[X,0x8000046E] -> 0x0C50
[288] [M]: 0x8000046C (0x0C50A827) fsw ft5, 208(ra)
mem[0x800094E4] <- 0xFFFF7E00


mem[X,0x80000470] -> 0xAA23
mem[X,0x80000472] -> 0x0C40
[289] [M]: 0x80000470 (0x0C40AA23) sw tp, 212(ra)
mem[0x800094E8] <- 0x00000000


mem[X,0x80000474] -> 0xA187
mem[X,0x80000476] -> 0x0D81
[290] [M]: 0x80000474 (0x0D81A187) flw ft3, 216(gp)
mem[R,0x800080E8] -> 0x00008000
f3 <- 0xFFFFFFFF00008000


mem[X,0x80000478] -> 0xA107
mem[X,0x8000047A] -> 0x0DC1
[291] [M]: 0x80000478 (0x0DC1A107) flw ft2, 220(gp)
mem[R,0x800080EC] -> 0x00008001
f2 <- 0xFFFFFFFF00008001


mem[X,0x8000047C] -> 0x0113
mem[X,0x8000047E] -> 0x0000
[292] [M]: 0x8000047C (0x00000113) addi sp, zero, 0
x2 <- 0x00000000


mem[X,0x80000480] -> 0x1073
mem[X,0x80000482] -> 0x0031
[293] [M]: 0x80000480 (0x00311073) csrrw zero, fcsr, sp
CSR fcsr -> 0x00000000
CSR fcsr <- 0x00000000 (input: 0x00000000)


mem[X,0x80000484] -> 0xF253
mem[X,0x80000486] -> 0x0421
[294] [M]: 0x80000484 (0x0421F253) fadd.h ft4, ft3, ft2, dyn
f4 <- 0xFFFFFFFFFFFF7E00


mem[X,0x80000488] -> 0x2273
mem[X,0x8000048A] -> 0x0030
[295] [M]: 0x80000488 (0x00302273) csrrs tp, fcsr, zero
CSR fcsr -> 0x00000000
x4 <- 0x00000000


mem[X,0x8000048C] -> 0xAC27
mem[X,0x8000048E] -> 0x0C40
[296] [M]: 0x8000048C (0x0C40AC27) fsw ft4, 216(ra)
mem[0x800094EC] <- 0xFFFF7E00


mem[X,0x80000490] -> 0xAE23
mem[X,0x80000492] -> 0x0C40
[297] [M]: 0x80000490 (0x0C40AE23) sw tp, 220(ra)
mem[0x800094F0] <- 0x00000000


mem[X,0x80000494] -> 0xA107
mem[X,0x80000496] -> 0x0E01
[298] [M]: 0x80000494 (0x0E01A107) flw ft2, 224(gp)
mem[R,0x800080F0] -> 0x00008000
f2 <- 0xFFFFFFFF00008000


mem[X,0x80000498] -> 0xA207
mem[X,0x8000049A] -> 0x0E41
[299] [M]: 0x80000498 (0x0E41A207) flw ft4, 228(gp)
mem[R,0x800080F4] -> 0x00000002
f4 <- 0xFFFFFFFF00000002


clint::tick mtime <- 0x0000000000000003
 clint timer pending at mtime 0x0000000000000003
htif::tick 0x0000000000000000
mem[X,0x8000049C] -> 0x0113
mem[X,0x8000049E] -> 0x0000
[300] [M]: 0x8000049C (0x00000113) addi sp, zero, 0
x2 <- 0x00000000


mem[X,0x800004A0] -> 0x1073
mem[X,0x800004A2] -> 0x0031
[301] [M]: 0x800004A0 (0x00311073) csrrw zero, fcsr, sp
CSR fcsr -> 0x00000000
CSR fcsr <- 0x00000000 (input: 0x00000000)


mem[X,0x800004A4] -> 0x71D3
mem[X,0x800004A6] -> 0x0441
[302] [M]: 0x800004A4 (0x044171D3) fadd.h ft3, ft2, ft4, dyn
f3 <- 0xFFFFFFFFFFFF7E00


mem[X,0x800004A8] -> 0x2273
mem[X,0x800004AA] -> 0x0030
[303] [M]: 0x800004A8 (0x00302273) csrrs tp, fcsr, zero
CSR fcsr -> 0x00000000
x4 <- 0x00000000


mem[X,0x800004AC] -> 0xA027
mem[X,0x800004AE] -> 0x0E30
[304] [M]: 0x800004AC (0x0E30A027) fsw ft3, 224(ra)
mem[0x800094F4] <- 0xFFFF7E00


mem[X,0x800004B0] -> 0xA223
mem[X,0x800004B2] -> 0x0E40
[305] [M]: 0x800004B0 (0x0E40A223) sw tp, 228(ra)
mem[0x800094F8] <- 0x00000000


mem[X,0x800004B4] -> 0xA207
mem[X,0x800004B6] -> 0x0E81
[306] [M]: 0x800004B4 (0x0E81A207) flw ft4, 232(gp)
mem[R,0x800080F8] -> 0x00008000
f4 <- 0xFFFFFFFF00008000


mem[X,0x800004B8] -> 0xA187
mem[X,0x800004BA] -> 0x0EC1
[307] [M]: 0x800004B8 (0x0EC1A187) flw ft3, 236(gp)
mem[R,0x800080FC] -> 0x000083FE
f3 <- 0xFFFFFFFF000083FE


mem[X,0x800004BC] -> 0x0113
mem[X,0x800004BE] -> 0x0000
[308] [M]: 0x800004BC (0x00000113) addi sp, zero, 0
x2 <- 0x00000000


mem[X,0x800004C0] -> 0x1073
mem[X,0x800004C2] -> 0x0031
[309] [M]: 0x800004C0 (0x00311073) csrrw zero, fcsr, sp
CSR fcsr -> 0x00000000
CSR fcsr <- 0x00000000 (input: 0x00000000)


mem[X,0x800004C4] -> 0x7153
mem[X,0x800004C6] -> 0x0432
[310] [M]: 0x800004C4 (0x04327153) fadd.h ft2, ft4, ft3, dyn
f2 <- 0xFFFFFFFFFFFF7E00


mem[X,0x800004C8] -> 0x2273
mem[X,0x800004CA] -> 0x0030
[311] [M]: 0x800004C8 (0x00302273) csrrs tp, fcsr, zero
CSR fcsr -> 0x00000000
x4 <- 0x00000000


mem[X,0x800004CC] -> 0xA427
mem[X,0x800004CE] -> 0x0E20
[312] [M]: 0x800004CC (0x0E20A427) fsw ft2, 232(ra)
mem[0x800094FC] <- 0xFFFF7E00


mem[X,0x800004D0] -> 0xA623
mem[X,0x800004D2] -> 0x0E40
[313] [M]: 0x800004D0 (0x0E40A623) sw tp, 236(ra)
mem[0x80009500] <- 0x00000000


mem[X,0x800004D4] -> 0xA087
mem[X,0x800004D6] -> 0x0F01
[314] [M]: 0x800004D4 (0x0F01A087) flw ft1, 240(gp)
mem[R,0x80008100] -> 0x00008000
f1 <- 0xFFFFFFFF00008000


mem[X,0x800004D8] -> 0xAF07
mem[X,0x800004DA] -> 0x0F41
[315] [M]: 0x800004D8 (0x0F41AF07) flw ft10, 244(gp)
mem[R,0x80008104] -> 0x000003FF
f30 <- 0xFFFFFFFF000003FF


mem[X,0x800004DC] -> 0x0113
mem[X,0x800004DE] -> 0x0000
[316] [M]: 0x800004DC (0x00000113) addi sp, zero, 0
x2 <- 0x00000000


mem[X,0x800004E0] -> 0x1073
mem[X,0x800004E2] -> 0x0031
[317] [M]: 0x800004E0 (0x00311073) csrrw zero, fcsr, sp
CSR fcsr -> 0x00000000
CSR fcsr <- 0x00000000 (input: 0x00000000)


mem[X,0x800004E4] -> 0xFFD3
mem[X,0x800004E6] -> 0x05E0
[318] [M]: 0x800004E4 (0x05E0FFD3) fadd.h ft11, ft1, ft10, dyn
f31 <- 0xFFFFFFFFFFFF7E00


mem[X,0x800004E8] -> 0x2273
mem[X,0x800004EA] -> 0x0030
[319] [M]: 0x800004E8 (0x00302273) csrrs tp, fcsr, zero
CSR fcsr -> 0x00000000
x4 <- 0x00000000


mem[X,0x800004EC] -> 0xA827
mem[X,0x800004EE] -> 0x0FF0
[320] [M]: 0x800004EC (0x0FF0A827) fsw ft11, 240(ra)
mem[0x80009504] <- 0xFFFF7E00


mem[X,0x800004F0] -> 0xAA23
mem[X,0x800004F2] -> 0x0E40
[321] [M]: 0x800004F0 (0x0E40AA23) sw tp, 244(ra)
mem[0x80009508] <- 0x00000000


mem[X,0x800004F4] -> 0xA007
mem[X,0x800004F6] -> 0x0F81
[322] [M]: 0x800004F4 (0x0F81A007) flw ft0, 248(gp)
mem[R,0x80008108] -> 0x00008000
f0 <- 0xFFFFFFFF00008000


mem[X,0x800004F8] -> 0xAF07
mem[X,0x800004FA] -> 0x0FC1
[323] [M]: 0x800004F8 (0x0FC1AF07) flw ft10, 252(gp)
mem[R,0x8000810C] -> 0x000083FF
f30 <- 0xFFFFFFFF000083FF


mem[X,0x800004FC] -> 0x0113
mem[X,0x800004FE] -> 0x0000
[324] [M]: 0x800004FC (0x00000113) addi sp, zero, 0
x2 <- 0x00000000


mem[X,0x80000500] -> 0x1073
mem[X,0x80000502] -> 0x0031
[325] [M]: 0x80000500 (0x00311073) csrrw zero, fcsr, sp
CSR fcsr -> 0x00000000
CSR fcsr <- 0x00000000 (input: 0x00000000)


mem[X,0x80000504] -> 0x7FD3
mem[X,0x80000506] -> 0x05E0
[326] [M]: 0x80000504 (0x05E07FD3) fadd.h ft11, ft0, ft10, dyn
f31 <- 0xFFFFFFFFFFFF7E00


mem[X,0x80000508] -> 0x2273
mem[X,0x8000050A] -> 0x0030
[327] [M]: 0x80000508 (0x00302273) csrrs tp, fcsr, zero
CSR fcsr -> 0x00000000
x4 <- 0x00000000


mem[X,0x8000050C] -> 0xAC27
mem[X,0x8000050E] -> 0x0FF0
[328] [M]: 0x8000050C (0x0FF0AC27) fsw ft11, 248(ra)
mem[0x8000950C] <- 0xFFFF7E00


mem[X,0x80000510] -> 0xAE23
mem[X,0x80000512] -> 0x0E40
[329] [M]: 0x80000510 (0x0E40AE23) sw tp, 252(ra)
mem[0x80009510] <- 0x00000000


mem[X,0x80000514] -> 0xAF07
mem[X,0x80000516] -> 0x1001
[330] [M]: 0x80000514 (0x1001AF07) flw ft10, 256(gp)
mem[R,0x80008110] -> 0x00008000
f30 <- 0xFFFFFFFF00008000


mem[X,0x80000518] -> 0xA087
mem[X,0x8000051A] -> 0x1041
[331] [M]: 0x80000518 (0x1041A087) flw ft1, 260(gp)
mem[R,0x80008114] -> 0x00000400
f1 <- 0xFFFFFFFF00000400


mem[X,0x8000051C] -> 0x0113
mem[X,0x8000051E] -> 0x0000
[332] [M]: 0x8000051C (0x00000113) addi sp, zero, 0
x2 <- 0x00000000


mem[X,0x80000520] -> 0x1073
mem[X,0x80000522] -> 0x0031
[333] [M]: 0x80000520 (0x00311073) csrrw zero, fcsr, sp
CSR fcsr -> 0x00000000
CSR fcsr <- 0x00000000 (input: 0x00000000)


mem[X,0x80000524] -> 0x7FD3
mem[X,0x80000526] -> 0x041F
[334] [M]: 0x80000524 (0x041F7FD3) fadd.h ft11, ft10, ft1, dyn
f31 <- 0xFFFFFFFFFFFF7E00


mem[X,0x80000528] -> 0x2273
mem[X,0x8000052A] -> 0x0030
[335] [M]: 0x80000528 (0x00302273) csrrs tp, fcsr, zero
CSR fcsr -> 0x00000000
x4 <- 0x00000000


mem[X,0x8000052C] -> 0xA027
mem[X,0x8000052E] -> 0x11F0
[336] [M]: 0x8000052C (0x11F0A027) fsw ft11, 256(ra)
mem[0x80009514] <- 0xFFFF7E00


mem[X,0x80000530] -> 0xA223
mem[X,0x80000532] -> 0x1040
[337] [M]: 0x80000530 (0x1040A223) sw tp, 260(ra)
mem[0x80009518] <- 0x00000000


mem[X,0x80000534] -> 0xAF07
mem[X,0x80000536] -> 0x1081
[338] [M]: 0x80000534 (0x1081AF07) flw ft10, 264(gp)
mem[R,0x80008118] -> 0x00008000
f30 <- 0xFFFFFFFF00008000


mem[X,0x80000538] -> 0xA007
mem[X,0x8000053A] -> 0x10C1
[339] [M]: 0x80000538 (0x10C1A007) flw ft0, 268(gp)
mem[R,0x8000811C] -> 0x00008400
f0 <- 0xFFFFFFFF00008400


mem[X,0x8000053C] -> 0x0113
mem[X,0x8000053E] -> 0x0000
[340] [M]: 0x8000053C (0x00000113) addi sp, zero, 0
x2 <- 0x00000000


mem[X,0x80000540] -> 0x1073
mem[X,0x80000542] -> 0x0031
[341] [M]: 0x80000540 (0x00311073) csrrw zero, fcsr, sp
CSR fcsr -> 0x00000000
CSR fcsr <- 0x00000000 (input: 0x00000000)


mem[X,0x80000544] -> 0x7FD3
mem[X,0x80000546] -> 0x040F
[342] [M]: 0x80000544 (0x040F7FD3) fadd.h ft11, ft10, ft0, dyn
f31 <- 0xFFFFFFFFFFFF7E00


mem[X,0x80000548] -> 0x2273
mem[X,0x8000054A] -> 0x0030
[343] [M]: 0x80000548 (0x00302273) csrrs tp, fcsr, zero
CSR fcsr -> 0x00000000
x4 <- 0x00000000


mem[X,0x8000054C] -> 0xA427
mem[X,0x8000054E] -> 0x11F0
[344] [M]: 0x8000054C (0x11F0A427) fsw ft11, 264(ra)
mem[0x8000951C] <- 0xFFFF7E00


mem[X,0x80000550] -> 0xA623
mem[X,0x80000552] -> 0x1040
[345] [M]: 0x80000550 (0x1040A623) sw tp, 268(ra)
mem[0x80009520] <- 0x00000000


mem[X,0x80000554] -> 0xAF87
mem[X,0x80000556] -> 0x1101
[346] [M]: 0x80000554 (0x1101AF87) flw ft11, 272(gp)
mem[R,0x80008120] -> 0x00008000
f31 <- 0xFFFFFFFF00008000


mem[X,0x80000558] -> 0xAF07
mem[X,0x8000055A] -> 0x1141
[347] [M]: 0x80000558 (0x1141AF07) flw ft10, 276(gp)
mem[R,0x80008124] -> 0x00000401
f30 <- 0xFFFFFFFF00000401


mem[X,0x8000055C] -> 0x0113
mem[X,0x8000055E] -> 0x0000
[348] [M]: 0x8000055C (0x00000113) addi sp, zero, 0
x2 <- 0x00000000


mem[X,0x80000560] -> 0x1073
mem[X,0x80000562] -> 0x0031
[349] [M]: 0x80000560 (0x00311073) csrrw zero, fcsr, sp
CSR fcsr -> 0x00000000
CSR fcsr <- 0x00000000 (input: 0x00000000)


mem[X,0x80000564] -> 0xF0D3
mem[X,0x80000566] -> 0x05EF
[350] [M]: 0x80000564 (0x05EFF0D3) fadd.h ft1, ft11, ft10, dyn
f1 <- 0xFFFFFFFFFFFF7E00


mem[X,0x80000568] -> 0x2273
mem[X,0x8000056A] -> 0x0030
[351] [M]: 0x80000568 (0x00302273) csrrs tp, fcsr, zero
CSR fcsr -> 0x00000000
x4 <- 0x00000000


mem[X,0x8000056C] -> 0xA827
mem[X,0x8000056E] -> 0x1010
[352] [M]: 0x8000056C (0x1010A827) fsw ft1, 272(ra)
mem[0x80009524] <- 0xFFFF7E00


mem[X,0x80000570] -> 0xAA23
mem[X,0x80000572] -> 0x1040
[353] [M]: 0x80000570 (0x1040AA23) sw tp, 276(ra)
mem[0x80009528] <- 0x00000000


mem[X,0x80000574] -> 0xAF87
mem[X,0x80000576] -> 0x1181
[354] [M]: 0x80000574 (0x1181AF87) flw ft11, 280(gp)
mem[R,0x80008128] -> 0x00008000
f31 <- 0xFFFFFFFF00008000


mem[X,0x80000578] -> 0xAF07
mem[X,0x8000057A] -> 0x11C1
[355] [M]: 0x80000578 (0x11C1AF07) flw ft10, 284(gp)
mem[R,0x8000812C] -> 0x00008455
f30 <- 0xFFFFFFFF00008455


mem[X,0x8000057C] -> 0x0113
mem[X,0x8000057E] -> 0x0000
[356] [M]: 0x8000057C (0x00000113) addi sp, zero, 0
x2 <- 0x00000000


mem[X,0x80000580] -> 0x1073
mem[X,0x80000582] -> 0x0031
[357] [M]: 0x80000580 (0x00311073) csrrw zero, fcsr, sp
CSR fcsr -> 0x00000000
CSR fcsr <- 0x00000000 (input: 0x00000000)


mem[X,0x80000584] -> 0xF053
mem[X,0x80000586] -> 0x05EF
[358] [M]: 0x80000584 (0x05EFF053) fadd.h ft0, ft11, ft10, dyn
f0 <- 0xFFFFFFFFFFFF7E00


mem[X,0x80000588] -> 0x2273
mem[X,0x8000058A] -> 0x0030
[359] [M]: 0x80000588 (0x00302273) csrrs tp, fcsr, zero
CSR fcsr -> 0x00000000
x4 <- 0x00000000


mem[X,0x8000058C] -> 0xAC27
mem[X,0x8000058E] -> 0x1000
[360] [M]: 0x8000058C (0x1000AC27) fsw ft0, 280(ra)
mem[0x8000952C] <- 0xFFFF7E00


mem[X,0x80000590] -> 0xAE23
mem[X,0x80000592] -> 0x1040
[361] [M]: 0x80000590 (0x1040AE23) sw tp, 284(ra)
mem[0x80009530] <- 0x00000000


mem[X,0x80000594] -> 0xAF07
mem[X,0x80000596] -> 0x1201
[362] [M]: 0x80000594 (0x1201AF07) flw ft10, 288(gp)
mem[R,0x80008130] -> 0x00008000
f30 <- 0xFFFFFFFF00008000


mem[X,0x80000598] -> 0xAE87
mem[X,0x8000059A] -> 0x1241
[363] [M]: 0x80000598 (0x1241AE87) flw ft9, 292(gp)
mem[R,0x80008134] -> 0x00007BFF
f29 <- 0xFFFFFFFF00007BFF


mem[X,0x8000059C] -> 0x0113
mem[X,0x8000059E] -> 0x0000
[364] [M]: 0x8000059C (0x00000113) addi sp, zero, 0
x2 <- 0x00000000


mem[X,0x800005A0] -> 0x1073
mem[X,0x800005A2] -> 0x0031
[365] [M]: 0x800005A0 (0x00311073) csrrw zero, fcsr, sp
CSR fcsr -> 0x00000000
CSR fcsr <- 0x00000000 (input: 0x00000000)


mem[X,0x800005A4] -> 0x7FD3
mem[X,0x800005A6] -> 0x05DF
[366] [M]: 0x800005A4 (0x05DF7FD3) fadd.h ft11, ft10, ft9, dyn
f31 <- 0xFFFFFFFFFFFF7E00


mem[X,0x800005A8] -> 0x2273
mem[X,0x800005AA] -> 0x0030
[367] [M]: 0x800005A8 (0x00302273) csrrs tp, fcsr, zero
CSR fcsr -> 0x00000000
x4 <- 0x00000000


mem[X,0x800005AC] -> 0xA027
mem[X,0x800005AE] -> 0x13F0
[368] [M]: 0x800005AC (0x13F0A027) fsw ft11, 288(ra)
mem[0x80009534] <- 0xFFFF7E00


mem[X,0x800005B0] -> 0xA223
mem[X,0x800005B2] -> 0x1240
[369] [M]: 0x800005B0 (0x1240A223) sw tp, 292(ra)
mem[0x80009538] <- 0x00000000


mem[X,0x800005B4] -> 0xAF07
mem[X,0x800005B6] -> 0x1281
[370] [M]: 0x800005B4 (0x1281AF07) flw ft10, 296(gp)
mem[R,0x80008138] -> 0x00008000
f30 <- 0xFFFFFFFF00008000


mem[X,0x800005B8] -> 0xAE87
mem[X,0x800005BA] -> 0x12C1
[371] [M]: 0x800005B8 (0x12C1AE87) flw ft9, 300(gp)
mem[R,0x8000813C] -> 0x0000FBFF
f29 <- 0xFFFFFFFF0000FBFF


mem[X,0x800005BC] -> 0x0113
mem[X,0x800005BE] -> 0x0000
[372] [M]: 0x800005BC (0x00000113) addi sp, zero, 0
x2 <- 0x00000000


mem[X,0x800005C0] -> 0x1073
mem[X,0x800005C2] -> 0x0031
[373] [M]: 0x800005C0 (0x00311073) csrrw zero, fcsr, sp
CSR fcsr -> 0x00000000
CSR fcsr <- 0x00000000 (input: 0x00000000)


mem[X,0x800005C4] -> 0x7FD3
mem[X,0x800005C6] -> 0x05DF
[374] [M]: 0x800005C4 (0x05DF7FD3) fadd.h ft11, ft10, ft9, dyn
f31 <- 0xFFFFFFFFFFFF7E00


mem[X,0x800005C8] -> 0x2273
mem[X,0x800005CA] -> 0x0030
[375] [M]: 0x800005C8 (0x00302273) csrrs tp, fcsr, zero
CSR fcsr -> 0x00000000
x4 <- 0x00000000


mem[X,0x800005CC] -> 0xA427
mem[X,0x800005CE] -> 0x13F0
[376] [M]: 0x800005CC (0x13F0A427) fsw ft11, 296(ra)
mem[0x8000953C] <- 0xFFFF7E00


mem[X,0x800005D0] -> 0xA623
mem[X,0x800005D2] -> 0x1240
[377] [M]: 0x800005D0 (0x1240A623) sw tp, 300(ra)
mem[0x80009540] <- 0x00000000


mem[X,0x800005D4] -> 0xAF07
mem[X,0x800005D6] -> 0x1301
[378] [M]: 0x800005D4 (0x1301AF07) flw ft10, 304(gp)
mem[R,0x80008140] -> 0x00008000
f30 <- 0xFFFFFFFF00008000


mem[X,0x800005D8] -> 0xAE87
mem[X,0x800005DA] -> 0x1341
[379] [M]: 0x800005D8 (0x1341AE87) flw ft9, 308(gp)
mem[R,0x80008144] -> 0x00007C00
f29 <- 0xFFFFFFFF00007C00


mem[X,0x800005DC] -> 0x0113
mem[X,0x800005DE] -> 0x0000
[380] [M]: 0x800005DC (0x00000113) addi sp, zero, 0
x2 <- 0x00000000


mem[X,0x800005E0] -> 0x1073
mem[X,0x800005E2] -> 0x0031
[381] [M]: 0x800005E0 (0x00311073) csrrw zero, fcsr, sp
CSR fcsr -> 0x00000000
CSR fcsr <- 0x00000000 (input: 0x00000000)


mem[X,0x800005E4] -> 0x7FD3
mem[X,0x800005E6] -> 0x05DF
[382] [M]: 0x800005E4 (0x05DF7FD3) fadd.h ft11, ft10, ft9, dyn
f31 <- 0xFFFFFFFFFFFF7E00


mem[X,0x800005E8] -> 0x2273
mem[X,0x800005EA] -> 0x0030
[383] [M]: 0x800005E8 (0x00302273) csrrs tp, fcsr, zero
CSR fcsr -> 0x00000000
x4 <- 0x00000000


mem[X,0x800005EC] -> 0xA827
mem[X,0x800005EE] -> 0x13F0
[384] [M]: 0x800005EC (0x13F0A827) fsw ft11, 304(ra)
mem[0x80009544] <- 0xFFFF7E00


mem[X,0x800005F0] -> 0xAA23
mem[X,0x800005F2] -> 0x1240
[385] [M]: 0x800005F0 (0x1240AA23) sw tp, 308(ra)
mem[0x80009548] <- 0x00000000


mem[X,0x800005F4] -> 0xAF07
mem[X,0x800005F6] -> 0x1381
[386] [M]: 0x800005F4 (0x1381AF07) flw ft10, 312(gp)
mem[R,0x80008148] -> 0x00008000
f30 <- 0xFFFFFFFF00008000


mem[X,0x800005F8] -> 0xAE87
mem[X,0x800005FA] -> 0x13C1
[387] [M]: 0x800005F8 (0x13C1AE87) flw ft9, 316(gp)
mem[R,0x8000814C] -> 0x0000FC00
f29 <- 0xFFFFFFFF0000FC00


mem[X,0x800005FC] -> 0x0113
mem[X,0x800005FE] -> 0x0000
[388] [M]: 0x800005FC (0x00000113) addi sp, zero, 0
x2 <- 0x00000000


mem[X,0x80000600] -> 0x1073
mem[X,0x80000602] -> 0x0031
[389] [M]: 0x80000600 (0x00311073) csrrw zero, fcsr, sp
CSR fcsr -> 0x00000000
CSR fcsr <- 0x00000000 (input: 0x00000000)


mem[X,0x80000604] -> 0x7FD3
mem[X,0x80000606] -> 0x05DF
[390] [M]: 0x80000604 (0x05DF7FD3) fadd.h ft11, ft10, ft9, dyn
f31 <- 0xFFFFFFFFFFFF7E00


mem[X,0x80000608] -> 0x2273
mem[X,0x8000060A] -> 0x0030
[391] [M]: 0x80000608 (0x00302273) csrrs tp, fcsr, zero
CSR fcsr -> 0x00000000
x4 <- 0x00000000


mem[X,0x8000060C] -> 0xAC27
mem[X,0x8000060E] -> 0x13F0
[392] [M]: 0x8000060C (0x13F0AC27) fsw ft11, 312(ra)
mem[0x8000954C] <- 0xFFFF7E00


mem[X,0x80000610] -> 0xAE23
mem[X,0x80000612] -> 0x1240
[393] [M]: 0x80000610 (0x1240AE23) sw tp, 316(ra)
mem[0x80009550] <- 0x00000000


mem[X,0x80000614] -> 0xAF07
mem[X,0x80000616] -> 0x1401
[394] [M]: 0x80000614 (0x1401AF07) flw ft10, 320(gp)
mem[R,0x80008150] -> 0x00008000
f30 <- 0xFFFFFFFF00008000


mem[X,0x80000618] -> 0xAE87
mem[X,0x8000061A] -> 0x1441
[395] [M]: 0x80000618 (0x1441AE87) flw ft9, 324(gp)
mem[R,0x80008154] -> 0x00007E00
f29 <- 0xFFFFFFFF00007E00


mem[X,0x8000061C] -> 0x0113
mem[X,0x8000061E] -> 0x0000
[396] [M]: 0x8000061C (0x00000113) addi sp, zero, 0
x2 <- 0x00000000


mem[X,0x80000620] -> 0x1073
mem[X,0x80000622] -> 0x0031
[397] [M]: 0x80000620 (0x00311073) csrrw zero, fcsr, sp
CSR fcsr -> 0x00000000
CSR fcsr <- 0x00000000 (input: 0x00000000)


mem[X,0x80000624] -> 0x7FD3
mem[X,0x80000626] -> 0x05DF
[398] [M]: 0x80000624 (0x05DF7FD3) fadd.h ft11, ft10, ft9, dyn
f31 <- 0xFFFFFFFFFFFF7E00


mem[X,0x80000628] -> 0x2273
mem[X,0x8000062A] -> 0x0030
[399] [M]: 0x80000628 (0x00302273) csrrs tp, fcsr, zero
CSR fcsr -> 0x00000000
x4 <- 0x00000000


clint::tick mtime <- 0x0000000000000004
 clint timer pending at mtime 0x0000000000000004
htif::tick 0x0000000000000000
mem[X,0x8000062C] -> 0xA027
mem[X,0x8000062E] -> 0x15F0
[400] [M]: 0x8000062C (0x15F0A027) fsw ft11, 320(ra)
mem[0x80009554] <- 0xFFFF7E00


mem[X,0x80000630] -> 0xA223
mem[X,0x80000632] -> 0x1440
[401] [M]: 0x80000630 (0x1440A223) sw tp, 324(ra)
mem[0x80009558] <- 0x00000000


mem[X,0x80000634] -> 0xAF07
mem[X,0x80000636] -> 0x1481
[402] [M]: 0x80000634 (0x1481AF07) flw ft10, 328(gp)
mem[R,0x80008158] -> 0x00008000
f30 <- 0xFFFFFFFF00008000


mem[X,0x80000638] -> 0xAE87
mem[X,0x8000063A] -> 0x14C1
[403] [M]: 0x80000638 (0x14C1AE87) flw ft9, 332(gp)
mem[R,0x8000815C] -> 0x0000FE00
f29 <- 0xFFFFFFFF0000FE00


mem[X,0x8000063C] -> 0x0113
mem[X,0x8000063E] -> 0x0000
[404] [M]: 0x8000063C (0x00000113) addi sp, zero, 0
x2 <- 0x00000000


mem[X,0x80000640] -> 0x1073
mem[X,0x80000642] -> 0x0031
[405] [M]: 0x80000640 (0x00311073) csrrw zero, fcsr, sp
CSR fcsr -> 0x00000000
CSR fcsr <- 0x00000000 (input: 0x00000000)


mem[X,0x80000644] -> 0x7FD3
mem[X,0x80000646] -> 0x05DF
[406] [M]: 0x80000644 (0x05DF7FD3) fadd.h ft11, ft10, ft9, dyn
f31 <- 0xFFFFFFFFFFFF7E00


mem[X,0x80000648] -> 0x2273
mem[X,0x8000064A] -> 0x0030
[407] [M]: 0x80000648 (0x00302273) csrrs tp, fcsr, zero
CSR fcsr -> 0x00000000
x4 <- 0x00000000


mem[X,0x8000064C] -> 0xA427
mem[X,0x8000064E] -> 0x15F0
[408] [M]: 0x8000064C (0x15F0A427) fsw ft11, 328(ra)
mem[0x8000955C] <- 0xFFFF7E00


mem[X,0x80000650] -> 0xA623
mem[X,0x80000652] -> 0x1440
[409] [M]: 0x80000650 (0x1440A623) sw tp, 332(ra)
mem[0x80009560] <- 0x00000000


mem[X,0x80000654] -> 0xAF07
mem[X,0x80000656] -> 0x1501
[410] [M]: 0x80000654 (0x1501AF07) flw ft10, 336(gp)
mem[R,0x80008160] -> 0x00008000
f30 <- 0xFFFFFFFF00008000


mem[X,0x80000658] -> 0xAE87
mem[X,0x8000065A] -> 0x1541
[411] [M]: 0x80000658 (0x1541AE87) flw ft9, 340(gp)
mem[R,0x80008164] -> 0x00007E01
f29 <- 0xFFFFFFFF00007E01


mem[X,0x8000065C] -> 0x0113
mem[X,0x8000065E] -> 0x0000
[412] [M]: 0x8000065C (0x00000113) addi sp, zero, 0
x2 <- 0x00000000


mem[X,0x80000660] -> 0x1073
mem[X,0x80000662] -> 0x0031
[413] [M]: 0x80000660 (0x00311073) csrrw zero, fcsr, sp
CSR fcsr -> 0x00000000
CSR fcsr <- 0x00000000 (input: 0x00000000)


mem[X,0x80000664] -> 0x7FD3
mem[X,0x80000666] -> 0x05DF
[414] [M]: 0x80000664 (0x05DF7FD3) fadd.h ft11, ft10, ft9, dyn
f31 <- 0xFFFFFFFFFFFF7E00


mem[X,0x80000668] -> 0x2273
mem[X,0x8000066A] -> 0x0030
[415] [M]: 0x80000668 (0x00302273) csrrs tp, fcsr, zero
CSR fcsr -> 0x00000000
x4 <- 0x00000000


mem[X,0x8000066C] -> 0xA827
mem[X,0x8000066E] -> 0x15F0
[416] [M]: 0x8000066C (0x15F0A827) fsw ft11, 336(ra)
mem[0x80009564] <- 0xFFFF7E00


mem[X,0x80000670] -> 0xAA23
mem[X,0x80000672] -> 0x1440
[417] [M]: 0x80000670 (0x1440AA23) sw tp, 340(ra)
mem[0x80009568] <- 0x00000000


mem[X,0x80000674] -> 0xAF07
mem[X,0x80000676] -> 0x1581
[418] [M]: 0x80000674 (0x1581AF07) flw ft10, 344(gp)
mem[R,0x80008168] -> 0x00008000
f30 <- 0xFFFFFFFF00008000


mem[X,0x80000678] -> 0xAE87
mem[X,0x8000067A] -> 0x15C1
[419] [M]: 0x80000678 (0x15C1AE87) flw ft9, 348(gp)
mem[R,0x8000816C] -> 0x0000FE55
f29 <- 0xFFFFFFFF0000FE55


mem[X,0x8000067C] -> 0x0113
mem[X,0x8000067E] -> 0x0000
[420] [M]: 0x8000067C (0x00000113) addi sp, zero, 0
x2 <- 0x00000000


mem[X,0x80000680] -> 0x1073
mem[X,0x80000682] -> 0x0031
[421] [M]: 0x80000680 (0x00311073) csrrw zero, fcsr, sp
CSR fcsr -> 0x00000000
CSR fcsr <- 0x00000000 (input: 0x00000000)


mem[X,0x80000684] -> 0x7FD3
mem[X,0x80000686] -> 0x05DF
[422] [M]: 0x80000684 (0x05DF7FD3) fadd.h ft11, ft10, ft9, dyn
f31 <- 0xFFFFFFFFFFFF7E00


mem[X,0x80000688] -> 0x2273
mem[X,0x8000068A] -> 0x0030
[423] [M]: 0x80000688 (0x00302273) csrrs tp, fcsr, zero
CSR fcsr -> 0x00000000
x4 <- 0x00000000


mem[X,0x8000068C] -> 0xAC27
mem[X,0x8000068E] -> 0x15F0
[424] [M]: 0x8000068C (0x15F0AC27) fsw ft11, 344(ra)
mem[0x8000956C] <- 0xFFFF7E00


mem[X,0x80000690] -> 0xAE23
mem[X,0x80000692] -> 0x1440
[425] [M]: 0x80000690 (0x1440AE23) sw tp, 348(ra)
mem[0x80009570] <- 0x00000000


mem[X,0x80000694] -> 0xAF07
mem[X,0x80000696] -> 0x1601
[426] [M]: 0x80000694 (0x1601AF07) flw ft10, 352(gp)
mem[R,0x80008170] -> 0x00008000
f30 <- 0xFFFFFFFF00008000


mem[X,0x80000698] -> 0xAE87
mem[X,0x8000069A] -> 0x1641
[427] [M]: 0x80000698 (0x1641AE87) flw ft9, 356(gp)
mem[R,0x80008174] -> 0x00007C01
f29 <- 0xFFFFFFFF00007C01


mem[X,0x8000069C] -> 0x0113
mem[X,0x8000069E] -> 0x0000
[428] [M]: 0x8000069C (0x00000113) addi sp, zero, 0
x2 <- 0x00000000


mem[X,0x800006A0] -> 0x1073
mem[X,0x800006A2] -> 0x0031
[429] [M]: 0x800006A0 (0x00311073) csrrw zero, fcsr, sp
CSR fcsr -> 0x00000000
CSR fcsr <- 0x00000000 (input: 0x00000000)


mem[X,0x800006A4] -> 0x7FD3
mem[X,0x800006A6] -> 0x05DF
[430] [M]: 0x800006A4 (0x05DF7FD3) fadd.h ft11, ft10, ft9, dyn
f31 <- 0xFFFFFFFFFFFF7E00


mem[X,0x800006A8] -> 0x2273
mem[X,0x800006AA] -> 0x0030
[431] [M]: 0x800006A8 (0x00302273) csrrs tp, fcsr, zero
CSR fcsr -> 0x00000000
x4 <- 0x00000000


mem[X,0x800006AC] -> 0xA027
mem[X,0x800006AE] -> 0x17F0
[432] [M]: 0x800006AC (0x17F0A027) fsw ft11, 352(ra)
mem[0x80009574] <- 0xFFFF7E00


mem[X,0x800006B0] -> 0xA223
mem[X,0x800006B2] -> 0x1640
[433] [M]: 0x800006B0 (0x1640A223) sw tp, 356(ra)
mem[0x80009578] <- 0x00000000


mem[X,0x800006B4] -> 0xAF07
mem[X,0x800006B6] -> 0x1681
[434] [M]: 0x800006B4 (0x1681AF07) flw ft10, 360(gp)
mem[R,0x80008178] -> 0x00008000
f30 <- 0xFFFFFFFF00008000


mem[X,0x800006B8] -> 0xAE87
mem[X,0x800006BA] -> 0x16C1
[435] [M]: 0x800006B8 (0x16C1AE87) flw ft9, 364(gp)
mem[R,0x8000817C] -> 0x0000FD55
f29 <- 0xFFFFFFFF0000FD55


mem[X,0x800006BC] -> 0x0113
mem[X,0x800006BE] -> 0x0000
[436] [M]: 0x800006BC (0x00000113) addi sp, zero, 0
x2 <- 0x00000000


mem[X,0x800006C0] -> 0x1073
mem[X,0x800006C2] -> 0x0031
[437] [M]: 0x800006C0 (0x00311073) csrrw zero, fcsr, sp
CSR fcsr -> 0x00000000
CSR fcsr <- 0x00000000 (input: 0x00000000)


mem[X,0x800006C4] -> 0x7FD3
mem[X,0x800006C6] -> 0x05DF
[438] [M]: 0x800006C4 (0x05DF7FD3) fadd.h ft11, ft10, ft9, dyn
f31 <- 0xFFFFFFFFFFFF7E00


mem[X,0x800006C8] -> 0x2273
mem[X,0x800006CA] -> 0x0030
[439] [M]: 0x800006C8 (0x00302273) csrrs tp, fcsr, zero
CSR fcsr -> 0x00000000
x4 <- 0x00000000


mem[X,0x800006CC] -> 0xA427
mem[X,0x800006CE] -> 0x17F0
[440] [M]: 0x800006CC (0x17F0A427) fsw ft11, 360(ra)
mem[0x8000957C] <- 0xFFFF7E00


mem[X,0x800006D0] -> 0xA623
mem[X,0x800006D2] -> 0x1640
[441] [M]: 0x800006D0 (0x1640A623) sw tp, 364(ra)
mem[0x80009580] <- 0x00000000


mem[X,0x800006D4] -> 0xAF07
mem[X,0x800006D6] -> 0x1701
[442] [M]: 0x800006D4 (0x1701AF07) flw ft10, 368(gp)
mem[R,0x80008180] -> 0x00008000
f30 <- 0xFFFFFFFF00008000


mem[X,0x800006D8] -> 0xAE87
mem[X,0x800006DA] -> 0x1741
[443] [M]: 0x800006D8 (0x1741AE87) flw ft9, 372(gp)
mem[R,0x80008184] -> 0x00003C00
f29 <- 0xFFFFFFFF00003C00


mem[X,0x800006DC] -> 0x0113
mem[X,0x800006DE] -> 0x0000
[444] [M]: 0x800006DC (0x00000113) addi sp, zero, 0
x2 <- 0x00000000


mem[X,0x800006E0] -> 0x1073
mem[X,0x800006E2] -> 0x0031
[445] [M]: 0x800006E0 (0x00311073) csrrw zero, fcsr, sp
CSR fcsr -> 0x00000000
CSR fcsr <- 0x00000000 (input: 0x00000000)


mem[X,0x800006E4] -> 0x7FD3
mem[X,0x800006E6] -> 0x05DF
[446] [M]: 0x800006E4 (0x05DF7FD3) fadd.h ft11, ft10, ft9, dyn
f31 <- 0xFFFFFFFFFFFF7E00


mem[X,0x800006E8] -> 0x2273
mem[X,0x800006EA] -> 0x0030
[447] [M]: 0x800006E8 (0x00302273) csrrs tp, fcsr, zero
CSR fcsr -> 0x00000000
x4 <- 0x00000000


mem[X,0x800006EC] -> 0xA827
mem[X,0x800006EE] -> 0x17F0
[448] [M]: 0x800006EC (0x17F0A827) fsw ft11, 368(ra)
mem[0x80009584] <- 0xFFFF7E00


mem[X,0x800006F0] -> 0xAA23
mem[X,0x800006F2] -> 0x1640
[449] [M]: 0x800006F0 (0x1640AA23) sw tp, 372(ra)
mem[0x80009588] <- 0x00000000


mem[X,0x800006F4] -> 0xAF07
mem[X,0x800006F6] -> 0x1781
[450] [M]: 0x800006F4 (0x1781AF07) flw ft10, 376(gp)
mem[R,0x80008188] -> 0x00008000
f30 <- 0xFFFFFFFF00008000


mem[X,0x800006F8] -> 0xAE87
mem[X,0x800006FA] -> 0x17C1
[451] [M]: 0x800006F8 (0x17C1AE87) flw ft9, 380(gp)
mem[R,0x8000818C] -> 0x0000BC00
f29 <- 0xFFFFFFFF0000BC00


mem[X,0x800006FC] -> 0x0113
mem[X,0x800006FE] -> 0x0000
[452] [M]: 0x800006FC (0x00000113) addi sp, zero, 0
x2 <- 0x00000000


mem[X,0x80000700] -> 0x1073
mem[X,0x80000702] -> 0x0031
[453] [M]: 0x80000700 (0x00311073) csrrw zero, fcsr, sp
CSR fcsr -> 0x00000000
CSR fcsr <- 0x00000000 (input: 0x00000000)


mem[X,0x80000704] -> 0x7FD3
mem[X,0x80000706] -> 0x05DF
[454] [M]: 0x80000704 (0x05DF7FD3) fadd.h ft11, ft10, ft9, dyn
f31 <- 0xFFFFFFFFFFFF7E00


mem[X,0x80000708] -> 0x2273
mem[X,0x8000070A] -> 0x0030
[455] [M]: 0x80000708 (0x00302273) csrrs tp, fcsr, zero
CSR fcsr -> 0x00000000
x4 <- 0x00000000


mem[X,0x8000070C] -> 0xAC27
mem[X,0x8000070E] -> 0x17F0
[456] [M]: 0x8000070C (0x17F0AC27) fsw ft11, 376(ra)
mem[0x8000958C] <- 0xFFFF7E00


mem[X,0x80000710] -> 0xAE23
mem[X,0x80000712] -> 0x1640
[457] [M]: 0x80000710 (0x1640AE23) sw tp, 380(ra)
mem[0x80009590] <- 0x00000000


mem[X,0x80000714] -> 0xAF07
mem[X,0x80000716] -> 0x1801
[458] [M]: 0x80000714 (0x1801AF07) flw ft10, 384(gp)
mem[R,0x80008190] -> 0x00000001
f30 <- 0xFFFFFFFF00000001


mem[X,0x80000718] -> 0xAE87
mem[X,0x8000071A] -> 0x1841
[459] [M]: 0x80000718 (0x1841AE87) flw ft9, 388(gp)
mem[R,0x80008194] -> 0x00000000
f29 <- 0xFFFFFFFF00000000


mem[X,0x8000071C] -> 0x0113
mem[X,0x8000071E] -> 0x0000
[460] [M]: 0x8000071C (0x00000113) addi sp, zero, 0
x2 <- 0x00000000


mem[X,0x80000720] -> 0x1073
mem[X,0x80000722] -> 0x0031
[461] [M]: 0x80000720 (0x00311073) csrrw zero, fcsr, sp
CSR fcsr -> 0x00000000
CSR fcsr <- 0x00000000 (input: 0x00000000)


mem[X,0x80000724] -> 0x7FD3
mem[X,0x80000726] -> 0x05DF
[462] [M]: 0x80000724 (0x05DF7FD3) fadd.h ft11, ft10, ft9, dyn
f31 <- 0xFFFFFFFFFFFF7E00


mem[X,0x80000728] -> 0x2273
mem[X,0x8000072A] -> 0x0030
[463] [M]: 0x80000728 (0x00302273) csrrs tp, fcsr, zero
CSR fcsr -> 0x00000000
x4 <- 0x00000000


mem[X,0x8000072C] -> 0xA027
mem[X,0x8000072E] -> 0x19F0
[464] [M]: 0x8000072C (0x19F0A027) fsw ft11, 384(ra)
mem[0x80009594] <- 0xFFFF7E00


mem[X,0x80000730] -> 0xA223
mem[X,0x80000732] -> 0x1840
[465] [M]: 0x80000730 (0x1840A223) sw tp, 388(ra)
mem[0x80009598] <- 0x00000000


mem[X,0x80000734] -> 0xAF07
mem[X,0x80000736] -> 0x1881
[466] [M]: 0x80000734 (0x1881AF07) flw ft10, 392(gp)
mem[R,0x80008198] -> 0x00000001
f30 <- 0xFFFFFFFF00000001


mem[X,0x80000738] -> 0xAE87
mem[X,0x8000073A] -> 0x18C1
[467] [M]: 0x80000738 (0x18C1AE87) flw ft9, 396(gp)
mem[R,0x8000819C] -> 0x00008000
f29 <- 0xFFFFFFFF00008000


mem[X,0x8000073C] -> 0x0113
mem[X,0x8000073E] -> 0x0000
[468] [M]: 0x8000073C (0x00000113) addi sp, zero, 0
x2 <- 0x00000000


mem[X,0x80000740] -> 0x1073
mem[X,0x80000742] -> 0x0031
[469] [M]: 0x80000740 (0x00311073) csrrw zero, fcsr, sp
CSR fcsr -> 0x00000000
CSR fcsr <- 0x00000000 (input: 0x00000000)


mem[X,0x80000744] -> 0x7FD3
mem[X,0x80000746] -> 0x05DF
[470] [M]: 0x80000744 (0x05DF7FD3) fadd.h ft11, ft10, ft9, dyn
f31 <- 0xFFFFFFFFFFFF7E00


mem[X,0x80000748] -> 0x2273
mem[X,0x8000074A] -> 0x0030
[471] [M]: 0x80000748 (0x00302273) csrrs tp, fcsr, zero
CSR fcsr -> 0x00000000
x4 <- 0x00000000


mem[X,0x8000074C] -> 0xA427
mem[X,0x8000074E] -> 0x19F0
[472] [M]: 0x8000074C (0x19F0A427) fsw ft11, 392(ra)
mem[0x8000959C] <- 0xFFFF7E00


mem[X,0x80000750] -> 0xA623
mem[X,0x80000752] -> 0x1840
[473] [M]: 0x80000750 (0x1840A623) sw tp, 396(ra)
mem[0x800095A0] <- 0x00000000


mem[X,0x80000754] -> 0xAF07
mem[X,0x80000756] -> 0x1901
[474] [M]: 0x80000754 (0x1901AF07) flw ft10, 400(gp)
mem[R,0x800081A0] -> 0x00000001
f30 <- 0xFFFFFFFF00000001


mem[X,0x80000758] -> 0xAE87
mem[X,0x8000075A] -> 0x1941
[475] [M]: 0x80000758 (0x1941AE87) flw ft9, 404(gp)
mem[R,0x800081A4] -> 0x00000001
f29 <- 0xFFFFFFFF00000001


mem[X,0x8000075C] -> 0x0113
mem[X,0x8000075E] -> 0x0000
[476] [M]: 0x8000075C (0x00000113) addi sp, zero, 0
x2 <- 0x00000000


mem[X,0x80000760] -> 0x1073
mem[X,0x80000762] -> 0x0031
[477] [M]: 0x80000760 (0x00311073) csrrw zero, fcsr, sp
CSR fcsr -> 0x00000000
CSR fcsr <- 0x00000000 (input: 0x00000000)


mem[X,0x80000764] -> 0x7FD3
mem[X,0x80000766] -> 0x05DF
[478] [M]: 0x80000764 (0x05DF7FD3) fadd.h ft11, ft10, ft9, dyn
f31 <- 0xFFFFFFFFFFFF7E00


mem[X,0x80000768] -> 0x2273
mem[X,0x8000076A] -> 0x0030
[479] [M]: 0x80000768 (0x00302273) csrrs tp, fcsr, zero
CSR fcsr -> 0x00000000
x4 <- 0x00000000


mem[X,0x8000076C] -> 0xA827
mem[X,0x8000076E] -> 0x19F0
[480] [M]: 0x8000076C (0x19F0A827) fsw ft11, 400(ra)
mem[0x800095A4] <- 0xFFFF7E00


mem[X,0x80000770] -> 0xAA23
mem[X,0x80000772] -> 0x1840
[481] [M]: 0x80000770 (0x1840AA23) sw tp, 404(ra)
mem[0x800095A8] <- 0x00000000


mem[X,0x80000774] -> 0xAF07
mem[X,0x80000776] -> 0x1981
[482] [M]: 0x80000774 (0x1981AF07) flw ft10, 408(gp)
mem[R,0x800081A8] -> 0x00000001
f30 <- 0xFFFFFFFF00000001


mem[X,0x80000778] -> 0xAE87
mem[X,0x8000077A] -> 0x19C1
[483] [M]: 0x80000778 (0x19C1AE87) flw ft9, 412(gp)
mem[R,0x800081AC] -> 0x00008001
f29 <- 0xFFFFFFFF00008001


mem[X,0x8000077C] -> 0x0113
mem[X,0x8000077E] -> 0x0000
[484] [M]: 0x8000077C (0x00000113) addi sp, zero, 0
x2 <- 0x00000000


mem[X,0x80000780] -> 0x1073
mem[X,0x80000782] -> 0x0031
[485] [M]: 0x80000780 (0x00311073) csrrw zero, fcsr, sp
CSR fcsr -> 0x00000000
CSR fcsr <- 0x00000000 (input: 0x00000000)


mem[X,0x80000784] -> 0x7FD3
mem[X,0x80000786] -> 0x05DF
[486] [M]: 0x80000784 (0x05DF7FD3) fadd.h ft11, ft10, ft9, dyn
f31 <- 0xFFFFFFFFFFFF7E00


mem[X,0x80000788] -> 0x2273
mem[X,0x8000078A] -> 0x0030
[487] [M]: 0x80000788 (0x00302273) csrrs tp, fcsr, zero
CSR fcsr -> 0x00000000
x4 <- 0x00000000


mem[X,0x8000078C] -> 0xAC27
mem[X,0x8000078E] -> 0x19F0
[488] [M]: 0x8000078C (0x19F0AC27) fsw ft11, 408(ra)
mem[0x800095AC] <- 0xFFFF7E00


mem[X,0x80000790] -> 0xAE23
mem[X,0x80000792] -> 0x1840
[489] [M]: 0x80000790 (0x1840AE23) sw tp, 412(ra)
mem[0x800095B0] <- 0x00000000


mem[X,0x80000794] -> 0xAF07
mem[X,0x80000796] -> 0x1A01
[490] [M]: 0x80000794 (0x1A01AF07) flw ft10, 416(gp)
mem[R,0x800081B0] -> 0x00000001
f30 <- 0xFFFFFFFF00000001


mem[X,0x80000798] -> 0xAE87
mem[X,0x8000079A] -> 0x1A41
[491] [M]: 0x80000798 (0x1A41AE87) flw ft9, 420(gp)
mem[R,0x800081B4] -> 0x00000002
f29 <- 0xFFFFFFFF00000002


mem[X,0x8000079C] -> 0x0113
mem[X,0x8000079E] -> 0x0000
[492] [M]: 0x8000079C (0x00000113) addi sp, zero, 0
x2 <- 0x00000000


mem[X,0x800007A0] -> 0x1073
mem[X,0x800007A2] -> 0x0031
[493] [M]: 0x800007A0 (0x00311073) csrrw zero, fcsr, sp
CSR fcsr -> 0x00000000
CSR fcsr <- 0x00000000 (input: 0x00000000)


mem[X,0x800007A4] -> 0x7FD3
mem[X,0x800007A6] -> 0x05DF
[494] [M]: 0x800007A4 (0x05DF7FD3) fadd.h ft11, ft10, ft9, dyn
f31 <- 0xFFFFFFFFFFFF7E00


mem[X,0x800007A8] -> 0x2273
mem[X,0x800007AA] -> 0x0030
[495] [M]: 0x800007A8 (0x00302273) csrrs tp, fcsr, zero
CSR fcsr -> 0x00000000
x4 <- 0x00000000


mem[X,0x800007AC] -> 0xA027
mem[X,0x800007AE] -> 0x1BF0
[496] [M]: 0x800007AC (0x1BF0A027) fsw ft11, 416(ra)
mem[0x800095B4] <- 0xFFFF7E00


mem[X,0x800007B0] -> 0xA223
mem[X,0x800007B2] -> 0x1A40
[497] [M]: 0x800007B0 (0x1A40A223) sw tp, 420(ra)
mem[0x800095B8] <- 0x00000000


mem[X,0x800007B4] -> 0xAF07
mem[X,0x800007B6] -> 0x1A81
[498] [M]: 0x800007B4 (0x1A81AF07) flw ft10, 424(gp)
mem[R,0x800081B8] -> 0x00000001
f30 <- 0xFFFFFFFF00000001


mem[X,0x800007B8] -> 0xAE87
mem[X,0x800007BA] -> 0x1AC1
[499] [M]: 0x800007B8 (0x1AC1AE87) flw ft9, 428(gp)
mem[R,0x800081BC] -> 0x000083FE
f29 <- 0xFFFFFFFF000083FE


clint::tick mtime <- 0x0000000000000005
 clint timer pending at mtime 0x0000000000000005
htif::tick 0x0000000000000000
mem[X,0x800007BC] -> 0x0113
mem[X,0x800007BE] -> 0x0000
[500] [M]: 0x800007BC (0x00000113) addi sp, zero, 0
x2 <- 0x00000000


mem[X,0x800007C0] -> 0x1073
mem[X,0x800007C2] -> 0x0031
[501] [M]: 0x800007C0 (0x00311073) csrrw zero, fcsr, sp
CSR fcsr -> 0x00000000
CSR fcsr <- 0x00000000 (input: 0x00000000)


mem[X,0x800007C4] -> 0x7FD3
mem[X,0x800007C6] -> 0x05DF
[502] [M]: 0x800007C4 (0x05DF7FD3) fadd.h ft11, ft10, ft9, dyn
f31 <- 0xFFFFFFFFFFFF7E00


mem[X,0x800007C8] -> 0x2273
mem[X,0x800007CA] -> 0x0030
[503] [M]: 0x800007C8 (0x00302273) csrrs tp, fcsr, zero
CSR fcsr -> 0x00000000
x4 <- 0x00000000


mem[X,0x800007CC] -> 0xA427
mem[X,0x800007CE] -> 0x1BF0
[504] [M]: 0x800007CC (0x1BF0A427) fsw ft11, 424(ra)
mem[0x800095BC] <- 0xFFFF7E00


mem[X,0x800007D0] -> 0xA623
mem[X,0x800007D2] -> 0x1A40
[505] [M]: 0x800007D0 (0x1A40A623) sw tp, 428(ra)
mem[0x800095C0] <- 0x00000000


mem[X,0x800007D4] -> 0xAF07
mem[X,0x800007D6] -> 0x1B01
[506] [M]: 0x800007D4 (0x1B01AF07) flw ft10, 432(gp)
mem[R,0x800081C0] -> 0x00000001
f30 <- 0xFFFFFFFF00000001


mem[X,0x800007D8] -> 0xAE87
mem[X,0x800007DA] -> 0x1B41
[507] [M]: 0x800007D8 (0x1B41AE87) flw ft9, 436(gp)
mem[R,0x800081C4] -> 0x000003FF
f29 <- 0xFFFFFFFF000003FF


mem[X,0x800007DC] -> 0x0113
mem[X,0x800007DE] -> 0x0000
[508] [M]: 0x800007DC (0x00000113) addi sp, zero, 0
x2 <- 0x00000000


mem[X,0x800007E0] -> 0x1073
mem[X,0x800007E2] -> 0x0031
[509] [M]: 0x800007E0 (0x00311073) csrrw zero, fcsr, sp
CSR fcsr -> 0x00000000
CSR fcsr <- 0x00000000 (input: 0x00000000)


mem[X,0x800007E4] -> 0x7FD3
mem[X,0x800007E6] -> 0x05DF
[510] [M]: 0x800007E4 (0x05DF7FD3) fadd.h ft11, ft10, ft9, dyn
f31 <- 0xFFFFFFFFFFFF7E00


mem[X,0x800007E8] -> 0x2273
mem[X,0x800007EA] -> 0x0030
[511] [M]: 0x800007E8 (0x00302273) csrrs tp, fcsr, zero
CSR fcsr -> 0x00000000
x4 <- 0x00000000


mem[X,0x800007EC] -> 0xA827
mem[X,0x800007EE] -> 0x1BF0
[512] [M]: 0x800007EC (0x1BF0A827) fsw ft11, 432(ra)
mem[0x800095C4] <- 0xFFFF7E00


mem[X,0x800007F0] -> 0xAA23
mem[X,0x800007F2] -> 0x1A40
[513] [M]: 0x800007F0 (0x1A40AA23) sw tp, 436(ra)
mem[0x800095C8] <- 0x00000000


mem[X,0x800007F4] -> 0xAF07
mem[X,0x800007F6] -> 0x1B81
[514] [M]: 0x800007F4 (0x1B81AF07) flw ft10, 440(gp)
mem[R,0x800081C8] -> 0x00000001
f30 <- 0xFFFFFFFF00000001


mem[X,0x800007F8] -> 0xAE87
mem[X,0x800007FA] -> 0x1BC1
[515] [M]: 0x800007F8 (0x1BC1AE87) flw ft9, 444(gp)
mem[R,0x800081CC] -> 0x000083FF
f29 <- 0xFFFFFFFF000083FF


mem[X,0x800007FC] -> 0x0113
mem[X,0x800007FE] -> 0x0000
[516] [M]: 0x800007FC (0x00000113) addi sp, zero, 0
x2 <- 0x00000000


mem[X,0x80000800] -> 0x1073
mem[X,0x80000802] -> 0x0031
[517] [M]: 0x80000800 (0x00311073) csrrw zero, fcsr, sp
CSR fcsr -> 0x00000000
CSR fcsr <- 0x00000000 (input: 0x00000000)


mem[X,0x80000804] -> 0x7FD3
mem[X,0x80000806] -> 0x05DF
[518] [M]: 0x80000804 (0x05DF7FD3) fadd.h ft11, ft10, ft9, dyn
f31 <- 0xFFFFFFFFFFFF7E00


mem[X,0x80000808] -> 0x2273
mem[X,0x8000080A] -> 0x0030
[519] [M]: 0x80000808 (0x00302273) csrrs tp, fcsr, zero
CSR fcsr -> 0x00000000
x4 <- 0x00000000


mem[X,0x8000080C] -> 0xAC27
mem[X,0x8000080E] -> 0x1BF0
[520] [M]: 0x8000080C (0x1BF0AC27) fsw ft11, 440(ra)
mem[0x800095CC] <- 0xFFFF7E00


mem[X,0x80000810] -> 0xAE23
mem[X,0x80000812] -> 0x1A40
[521] [M]: 0x80000810 (0x1A40AE23) sw tp, 444(ra)
mem[0x800095D0] <- 0x00000000


mem[X,0x80000814] -> 0xAF07
mem[X,0x80000816] -> 0x1C01
[522] [M]: 0x80000814 (0x1C01AF07) flw ft10, 448(gp)
mem[R,0x800081D0] -> 0x00000001
f30 <- 0xFFFFFFFF00000001


mem[X,0x80000818] -> 0xAE87
mem[X,0x8000081A] -> 0x1C41
[523] [M]: 0x80000818 (0x1C41AE87) flw ft9, 452(gp)
mem[R,0x800081D4] -> 0x00000400
f29 <- 0xFFFFFFFF00000400


mem[X,0x8000081C] -> 0x0113
mem[X,0x8000081E] -> 0x0000
[524] [M]: 0x8000081C (0x00000113) addi sp, zero, 0
x2 <- 0x00000000


mem[X,0x80000820] -> 0x1073
mem[X,0x80000822] -> 0x0031
[525] [M]: 0x80000820 (0x00311073) csrrw zero, fcsr, sp
CSR fcsr -> 0x00000000
CSR fcsr <- 0x00000000 (input: 0x00000000)


mem[X,0x80000824] -> 0x7FD3
mem[X,0x80000826] -> 0x05DF
[526] [M]: 0x80000824 (0x05DF7FD3) fadd.h ft11, ft10, ft9, dyn
f31 <- 0xFFFFFFFFFFFF7E00


mem[X,0x80000828] -> 0x2273
mem[X,0x8000082A] -> 0x0030
[527] [M]: 0x80000828 (0x00302273) csrrs tp, fcsr, zero
CSR fcsr -> 0x00000000
x4 <- 0x00000000


mem[X,0x8000082C] -> 0xA027
mem[X,0x8000082E] -> 0x1DF0
[528] [M]: 0x8000082C (0x1DF0A027) fsw ft11, 448(ra)
mem[0x800095D4] <- 0xFFFF7E00


mem[X,0x80000830] -> 0xA223
mem[X,0x80000832] -> 0x1C40
[529] [M]: 0x80000830 (0x1C40A223) sw tp, 452(ra)
mem[0x800095D8] <- 0x00000000


mem[X,0x80000834] -> 0xAF07
mem[X,0x80000836] -> 0x1C81
[530] [M]: 0x80000834 (0x1C81AF07) flw ft10, 456(gp)
mem[R,0x800081D8] -> 0x00000001
f30 <- 0xFFFFFFFF00000001


mem[X,0x80000838] -> 0xAE87
mem[X,0x8000083A] -> 0x1CC1
[531] [M]: 0x80000838 (0x1CC1AE87) flw ft9, 460(gp)
mem[R,0x800081DC] -> 0x00008400
f29 <- 0xFFFFFFFF00008400


mem[X,0x8000083C] -> 0x0113
mem[X,0x8000083E] -> 0x0000
[532] [M]: 0x8000083C (0x00000113) addi sp, zero, 0
x2 <- 0x00000000


mem[X,0x80000840] -> 0x1073
mem[X,0x80000842] -> 0x0031
[533] [M]: 0x80000840 (0x00311073) csrrw zero, fcsr, sp
CSR fcsr -> 0x00000000
CSR fcsr <- 0x00000000 (input: 0x00000000)


mem[X,0x80000844] -> 0x7FD3
mem[X,0x80000846] -> 0x05DF
[534] [M]: 0x80000844 (0x05DF7FD3) fadd.h ft11, ft10, ft9, dyn
f31 <- 0xFFFFFFFFFFFF7E00


mem[X,0x80000848] -> 0x2273
mem[X,0x8000084A] -> 0x0030
[535] [M]: 0x80000848 (0x00302273) csrrs tp, fcsr, zero
CSR fcsr -> 0x00000000
x4 <- 0x00000000


mem[X,0x8000084C] -> 0xA427
mem[X,0x8000084E] -> 0x1DF0
[536] [M]: 0x8000084C (0x1DF0A427) fsw ft11, 456(ra)
mem[0x800095DC] <- 0xFFFF7E00


mem[X,0x80000850] -> 0xA623
mem[X,0x80000852] -> 0x1C40
[537] [M]: 0x80000850 (0x1C40A623) sw tp, 460(ra)
mem[0x800095E0] <- 0x00000000


mem[X,0x80000854] -> 0xAF07
mem[X,0x80000856] -> 0x1D01
[538] [M]: 0x80000854 (0x1D01AF07) flw ft10, 464(gp)
mem[R,0x800081E0] -> 0x00000001
f30 <- 0xFFFFFFFF00000001


mem[X,0x80000858] -> 0xAE87
mem[X,0x8000085A] -> 0x1D41
[539] [M]: 0x80000858 (0x1D41AE87) flw ft9, 468(gp)
mem[R,0x800081E4] -> 0x00000401
f29 <- 0xFFFFFFFF00000401


mem[X,0x8000085C] -> 0x0113
mem[X,0x8000085E] -> 0x0000
[540] [M]: 0x8000085C (0x00000113) addi sp, zero, 0
x2 <- 0x00000000


mem[X,0x80000860] -> 0x1073
mem[X,0x80000862] -> 0x0031
[541] [M]: 0x80000860 (0x00311073) csrrw zero, fcsr, sp
CSR fcsr -> 0x00000000
CSR fcsr <- 0x00000000 (input: 0x00000000)


mem[X,0x80000864] -> 0x7FD3
mem[X,0x80000866] -> 0x05DF
[542] [M]: 0x80000864 (0x05DF7FD3) fadd.h ft11, ft10, ft9, dyn
f31 <- 0xFFFFFFFFFFFF7E00


mem[X,0x80000868] -> 0x2273
mem[X,0x8000086A] -> 0x0030
[543] [M]: 0x80000868 (0x00302273) csrrs tp, fcsr, zero
CSR fcsr -> 0x00000000
x4 <- 0x00000000


mem[X,0x8000086C] -> 0xA827
mem[X,0x8000086E] -> 0x1DF0
[544] [M]: 0x8000086C (0x1DF0A827) fsw ft11, 464(ra)
mem[0x800095E4] <- 0xFFFF7E00


mem[X,0x80000870] -> 0xAA23
mem[X,0x80000872] -> 0x1C40
[545] [M]: 0x80000870 (0x1C40AA23) sw tp, 468(ra)
mem[0x800095E8] <- 0x00000000


mem[X,0x80000874] -> 0xAF07
mem[X,0x80000876] -> 0x1D81
[546] [M]: 0x80000874 (0x1D81AF07) flw ft10, 472(gp)
mem[R,0x800081E8] -> 0x00000001
f30 <- 0xFFFFFFFF00000001


mem[X,0x80000878] -> 0xAE87
mem[X,0x8000087A] -> 0x1DC1
[547] [M]: 0x80000878 (0x1DC1AE87) flw ft9, 476(gp)
mem[R,0x800081EC] -> 0x00008455
f29 <- 0xFFFFFFFF00008455


mem[X,0x8000087C] -> 0x0113
mem[X,0x8000087E] -> 0x0000
[548] [M]: 0x8000087C (0x00000113) addi sp, zero, 0
x2 <- 0x00000000


mem[X,0x80000880] -> 0x1073
mem[X,0x80000882] -> 0x0031
[549] [M]: 0x80000880 (0x00311073) csrrw zero, fcsr, sp
CSR fcsr -> 0x00000000
CSR fcsr <- 0x00000000 (input: 0x00000000)


mem[X,0x80000884] -> 0x7FD3
mem[X,0x80000886] -> 0x05DF
[550] [M]: 0x80000884 (0x05DF7FD3) fadd.h ft11, ft10, ft9, dyn
f31 <- 0xFFFFFFFFFFFF7E00


mem[X,0x80000888] -> 0x2273
mem[X,0x8000088A] -> 0x0030
[551] [M]: 0x80000888 (0x00302273) csrrs tp, fcsr, zero
CSR fcsr -> 0x00000000
x4 <- 0x00000000


mem[X,0x8000088C] -> 0xAC27
mem[X,0x8000088E] -> 0x1DF0
[552] [M]: 0x8000088C (0x1DF0AC27) fsw ft11, 472(ra)
mem[0x800095EC] <- 0xFFFF7E00


mem[X,0x80000890] -> 0xAE23
mem[X,0x80000892] -> 0x1C40
[553] [M]: 0x80000890 (0x1C40AE23) sw tp, 476(ra)
mem[0x800095F0] <- 0x00000000


mem[X,0x80000894] -> 0xAF07
mem[X,0x80000896] -> 0x1E01
[554] [M]: 0x80000894 (0x1E01AF07) flw ft10, 480(gp)
mem[R,0x800081F0] -> 0x00000001
f30 <- 0xFFFFFFFF00000001


mem[X,0x80000898] -> 0xAE87
mem[X,0x8000089A] -> 0x1E41
[555] [M]: 0x80000898 (0x1E41AE87) flw ft9, 484(gp)
mem[R,0x800081F4] -> 0x00007BFF
f29 <- 0xFFFFFFFF00007BFF


mem[X,0x8000089C] -> 0x0113
mem[X,0x8000089E] -> 0x0000
[556] [M]: 0x8000089C (0x00000113) addi sp, zero, 0
x2 <- 0x00000000


mem[X,0x800008A0] -> 0x1073
mem[X,0x800008A2] -> 0x0031
[557] [M]: 0x800008A0 (0x00311073) csrrw zero, fcsr, sp
CSR fcsr -> 0x00000000
CSR fcsr <- 0x00000000 (input: 0x00000000)


mem[X,0x800008A4] -> 0x7FD3
mem[X,0x800008A6] -> 0x05DF
[558] [M]: 0x800008A4 (0x05DF7FD3) fadd.h ft11, ft10, ft9, dyn
f31 <- 0xFFFFFFFFFFFF7E00


mem[X,0x800008A8] -> 0x2273
mem[X,0x800008AA] -> 0x0030
[559] [M]: 0x800008A8 (0x00302273) csrrs tp, fcsr, zero
CSR fcsr -> 0x00000000
x4 <- 0x00000000


mem[X,0x800008AC] -> 0xA027
mem[X,0x800008AE] -> 0x1FF0
[560] [M]: 0x800008AC (0x1FF0A027) fsw ft11, 480(ra)
mem[0x800095F4] <- 0xFFFF7E00


mem[X,0x800008B0] -> 0xA223
mem[X,0x800008B2] -> 0x1E40
[561] [M]: 0x800008B0 (0x1E40A223) sw tp, 484(ra)
mem[0x800095F8] <- 0x00000000


mem[X,0x800008B4] -> 0xAF07
mem[X,0x800008B6] -> 0x1E81
[562] [M]: 0x800008B4 (0x1E81AF07) flw ft10, 488(gp)
mem[R,0x800081F8] -> 0x00000001
f30 <- 0xFFFFFFFF00000001


mem[X,0x800008B8] -> 0xAE87
mem[X,0x800008BA] -> 0x1EC1
[563] [M]: 0x800008B8 (0x1EC1AE87) flw ft9, 492(gp)
mem[R,0x800081FC] -> 0x0000FBFF
f29 <- 0xFFFFFFFF0000FBFF


mem[X,0x800008BC] -> 0x0113
mem[X,0x800008BE] -> 0x0000
[564] [M]: 0x800008BC (0x00000113) addi sp, zero, 0
x2 <- 0x00000000


mem[X,0x800008C0] -> 0x1073
mem[X,0x800008C2] -> 0x0031
[565] [M]: 0x800008C0 (0x00311073) csrrw zero, fcsr, sp
CSR fcsr -> 0x00000000
CSR fcsr <- 0x00000000 (input: 0x00000000)


mem[X,0x800008C4] -> 0x7FD3
mem[X,0x800008C6] -> 0x05DF
[566] [M]: 0x800008C4 (0x05DF7FD3) fadd.h ft11, ft10, ft9, dyn
f31 <- 0xFFFFFFFFFFFF7E00


mem[X,0x800008C8] -> 0x2273
mem[X,0x800008CA] -> 0x0030
[567] [M]: 0x800008C8 (0x00302273) csrrs tp, fcsr, zero
CSR fcsr -> 0x00000000
x4 <- 0x00000000


mem[X,0x800008CC] -> 0xA427
mem[X,0x800008CE] -> 0x1FF0
[568] [M]: 0x800008CC (0x1FF0A427) fsw ft11, 488(ra)
mem[0x800095FC] <- 0xFFFF7E00


mem[X,0x800008D0] -> 0xA623
mem[X,0x800008D2] -> 0x1E40
[569] [M]: 0x800008D0 (0x1E40A623) sw tp, 492(ra)
mem[0x80009600] <- 0x00000000


mem[X,0x800008D4] -> 0xAF07
mem[X,0x800008D6] -> 0x1F01
[570] [M]: 0x800008D4 (0x1F01AF07) flw ft10, 496(gp)
mem[R,0x80008200] -> 0x00000001
f30 <- 0xFFFFFFFF00000001


mem[X,0x800008D8] -> 0xAE87
mem[X,0x800008DA] -> 0x1F41
[571] [M]: 0x800008D8 (0x1F41AE87) flw ft9, 500(gp)
mem[R,0x80008204] -> 0x00007C00
f29 <- 0xFFFFFFFF00007C00


mem[X,0x800008DC] -> 0x0113
mem[X,0x800008DE] -> 0x0000
[572] [M]: 0x800008DC (0x00000113) addi sp, zero, 0
x2 <- 0x00000000


mem[X,0x800008E0] -> 0x1073
mem[X,0x800008E2] -> 0x0031
[573] [M]: 0x800008E0 (0x00311073) csrrw zero, fcsr, sp
CSR fcsr -> 0x00000000
CSR fcsr <- 0x00000000 (input: 0x00000000)


mem[X,0x800008E4] -> 0x7FD3
mem[X,0x800008E6] -> 0x05DF
[574] [M]: 0x800008E4 (0x05DF7FD3) fadd.h ft11, ft10, ft9, dyn
f31 <- 0xFFFFFFFFFFFF7E00


mem[X,0x800008E8] -> 0x2273
mem[X,0x800008EA] -> 0x0030
[575] [M]: 0x800008E8 (0x00302273) csrrs tp, fcsr, zero
CSR fcsr -> 0x00000000
x4 <- 0x00000000


mem[X,0x800008EC] -> 0xA827
mem[X,0x800008EE] -> 0x1FF0
[576] [M]: 0x800008EC (0x1FF0A827) fsw ft11, 496(ra)
mem[0x80009604] <- 0xFFFF7E00


mem[X,0x800008F0] -> 0xAA23
mem[X,0x800008F2] -> 0x1E40
[577] [M]: 0x800008F0 (0x1E40AA23) sw tp, 500(ra)
mem[0x80009608] <- 0x00000000


mem[X,0x800008F4] -> 0xAF07
mem[X,0x800008F6] -> 0x1F81
[578] [M]: 0x800008F4 (0x1F81AF07) flw ft10, 504(gp)
mem[R,0x80008208] -> 0x00000001
f30 <- 0xFFFFFFFF00000001


mem[X,0x800008F8] -> 0xAE87
mem[X,0x800008FA] -> 0x1FC1
[579] [M]: 0x800008F8 (0x1FC1AE87) flw ft9, 508(gp)
mem[R,0x8000820C] -> 0x0000FC00
f29 <- 0xFFFFFFFF0000FC00


mem[X,0x800008FC] -> 0x0113
mem[X,0x800008FE] -> 0x0000
[580] [M]: 0x800008FC (0x00000113) addi sp, zero, 0
x2 <- 0x00000000


mem[X,0x80000900] -> 0x1073
mem[X,0x80000902] -> 0x0031
[581] [M]: 0x80000900 (0x00311073) csrrw zero, fcsr, sp
CSR fcsr -> 0x00000000
CSR fcsr <- 0x00000000 (input: 0x00000000)


mem[X,0x80000904] -> 0x7FD3
mem[X,0x80000906] -> 0x05DF
[582] [M]: 0x80000904 (0x05DF7FD3) fadd.h ft11, ft10, ft9, dyn
f31 <- 0xFFFFFFFFFFFF7E00


mem[X,0x80000908] -> 0x2273
mem[X,0x8000090A] -> 0x0030
[583] [M]: 0x80000908 (0x00302273) csrrs tp, fcsr, zero
CSR fcsr -> 0x00000000
x4 <- 0x00000000


mem[X,0x8000090C] -> 0xAC27
mem[X,0x8000090E] -> 0x1FF0
[584] [M]: 0x8000090C (0x1FF0AC27) fsw ft11, 504(ra)
mem[0x8000960C] <- 0xFFFF7E00


mem[X,0x80000910] -> 0xAE23
mem[X,0x80000912] -> 0x1E40
[585] [M]: 0x80000910 (0x1E40AE23) sw tp, 508(ra)
mem[0x80009610] <- 0x00000000


mem[X,0x80000914] -> 0xAF07
mem[X,0x80000916] -> 0x2001
[586] [M]: 0x80000914 (0x2001AF07) flw ft10, 512(gp)
mem[R,0x80008210] -> 0x00000001
f30 <- 0xFFFFFFFF00000001


mem[X,0x80000918] -> 0xAE87
mem[X,0x8000091A] -> 0x2041
[587] [M]: 0x80000918 (0x2041AE87) flw ft9, 516(gp)
mem[R,0x80008214] -> 0x00007E00
f29 <- 0xFFFFFFFF00007E00


mem[X,0x8000091C] -> 0x0113
mem[X,0x8000091E] -> 0x0000
[588] [M]: 0x8000091C (0x00000113) addi sp, zero, 0
x2 <- 0x00000000


mem[X,0x80000920] -> 0x1073
mem[X,0x80000922] -> 0x0031
[589] [M]: 0x80000920 (0x00311073) csrrw zero, fcsr, sp
CSR fcsr -> 0x00000000
CSR fcsr <- 0x00000000 (input: 0x00000000)


mem[X,0x80000924] -> 0x7FD3
mem[X,0x80000926] -> 0x05DF
[590] [M]: 0x80000924 (0x05DF7FD3) fadd.h ft11, ft10, ft9, dyn
f31 <- 0xFFFFFFFFFFFF7E00


mem[X,0x80000928] -> 0x2273
mem[X,0x8000092A] -> 0x0030
[591] [M]: 0x80000928 (0x00302273) csrrs tp, fcsr, zero
CSR fcsr -> 0x00000000
x4 <- 0x00000000


mem[X,0x8000092C] -> 0xA027
mem[X,0x8000092E] -> 0x21F0
[592] [M]: 0x8000092C (0x21F0A027) fsw ft11, 512(ra)
mem[0x80009614] <- 0xFFFF7E00


mem[X,0x80000930] -> 0xA223
mem[X,0x80000932] -> 0x2040
[593] [M]: 0x80000930 (0x2040A223) sw tp, 516(ra)
mem[0x80009618] <- 0x00000000


mem[X,0x80000934] -> 0xAF07
mem[X,0x80000936] -> 0x2081
[594] [M]: 0x80000934 (0x2081AF07) flw ft10, 520(gp)
mem[R,0x80008218] -> 0x00000001
f30 <- 0xFFFFFFFF00000001


mem[X,0x80000938] -> 0xAE87
mem[X,0x8000093A] -> 0x20C1
[595] [M]: 0x80000938 (0x20C1AE87) flw ft9, 524(gp)
mem[R,0x8000821C] -> 0x0000FE00
f29 <- 0xFFFFFFFF0000FE00


mem[X,0x8000093C] -> 0x0113
mem[X,0x8000093E] -> 0x0000
[596] [M]: 0x8000093C (0x00000113) addi sp, zero, 0
x2 <- 0x00000000


mem[X,0x80000940] -> 0x1073
mem[X,0x80000942] -> 0x0031
[597] [M]: 0x80000940 (0x00311073) csrrw zero, fcsr, sp
CSR fcsr -> 0x00000000
CSR fcsr <- 0x00000000 (input: 0x00000000)


mem[X,0x80000944] -> 0x7FD3
mem[X,0x80000946] -> 0x05DF
[598] [M]: 0x80000944 (0x05DF7FD3) fadd.h ft11, ft10, ft9, dyn
f31 <- 0xFFFFFFFFFFFF7E00


mem[X,0x80000948] -> 0x2273
mem[X,0x8000094A] -> 0x0030
[599] [M]: 0x80000948 (0x00302273) csrrs tp, fcsr, zero
CSR fcsr -> 0x00000000
x4 <- 0x00000000


clint::tick mtime <- 0x0000000000000006
 clint timer pending at mtime 0x0000000000000006
htif::tick 0x0000000000000000
mem[X,0x8000094C] -> 0xA427
mem[X,0x8000094E] -> 0x21F0
[600] [M]: 0x8000094C (0x21F0A427) fsw ft11, 520(ra)
mem[0x8000961C] <- 0xFFFF7E00


mem[X,0x80000950] -> 0xA623
mem[X,0x80000952] -> 0x2040
[601] [M]: 0x80000950 (0x2040A623) sw tp, 524(ra)
mem[0x80009620] <- 0x00000000


mem[X,0x80000954] -> 0xAF07
mem[X,0x80000956] -> 0x2101
[602] [M]: 0x80000954 (0x2101AF07) flw ft10, 528(gp)
mem[R,0x80008220] -> 0x00000001
f30 <- 0xFFFFFFFF00000001


mem[X,0x80000958] -> 0xAE87
mem[X,0x8000095A] -> 0x2141
[603] [M]: 0x80000958 (0x2141AE87) flw ft9, 532(gp)
mem[R,0x80008224] -> 0x00007E01
f29 <- 0xFFFFFFFF00007E01


mem[X,0x8000095C] -> 0x0113
mem[X,0x8000095E] -> 0x0000
[604] [M]: 0x8000095C (0x00000113) addi sp, zero, 0
x2 <- 0x00000000


mem[X,0x80000960] -> 0x1073
mem[X,0x80000962] -> 0x0031
[605] [M]: 0x80000960 (0x00311073) csrrw zero, fcsr, sp
CSR fcsr -> 0x00000000
CSR fcsr <- 0x00000000 (input: 0x00000000)


mem[X,0x80000964] -> 0x7FD3
mem[X,0x80000966] -> 0x05DF
[606] [M]: 0x80000964 (0x05DF7FD3) fadd.h ft11, ft10, ft9, dyn
f31 <- 0xFFFFFFFFFFFF7E00


mem[X,0x80000968] -> 0x2273
mem[X,0x8000096A] -> 0x0030
[607] [M]: 0x80000968 (0x00302273) csrrs tp, fcsr, zero
CSR fcsr -> 0x00000000
x4 <- 0x00000000


mem[X,0x8000096C] -> 0xA827
mem[X,0x8000096E] -> 0x21F0
[608] [M]: 0x8000096C (0x21F0A827) fsw ft11, 528(ra)
mem[0x80009624] <- 0xFFFF7E00


mem[X,0x80000970] -> 0xAA23
mem[X,0x80000972] -> 0x2040
[609] [M]: 0x80000970 (0x2040AA23) sw tp, 532(ra)
mem[0x80009628] <- 0x00000000


mem[X,0x80000974] -> 0xAF07
mem[X,0x80000976] -> 0x2181
[610] [M]: 0x80000974 (0x2181AF07) flw ft10, 536(gp)
mem[R,0x80008228] -> 0x00000001
f30 <- 0xFFFFFFFF00000001


mem[X,0x80000978] -> 0xAE87
mem[X,0x8000097A] -> 0x21C1
[611] [M]: 0x80000978 (0x21C1AE87) flw ft9, 540(gp)
mem[R,0x8000822C] -> 0x0000FE55
f29 <- 0xFFFFFFFF0000FE55


mem[X,0x8000097C] -> 0x0113
mem[X,0x8000097E] -> 0x0000
[612] [M]: 0x8000097C (0x00000113) addi sp, zero, 0
x2 <- 0x00000000


mem[X,0x80000980] -> 0x1073
mem[X,0x80000982] -> 0x0031
[613] [M]: 0x80000980 (0x00311073) csrrw zero, fcsr, sp
CSR fcsr -> 0x00000000
CSR fcsr <- 0x00000000 (input: 0x00000000)


mem[X,0x80000984] -> 0x7FD3
mem[X,0x80000986] -> 0x05DF
[614] [M]: 0x80000984 (0x05DF7FD3) fadd.h ft11, ft10, ft9, dyn
f31 <- 0xFFFFFFFFFFFF7E00


mem[X,0x80000988] -> 0x2273
mem[X,0x8000098A] -> 0x0030
[615] [M]: 0x80000988 (0x00302273) csrrs tp, fcsr, zero
CSR fcsr -> 0x00000000
x4 <- 0x00000000


mem[X,0x8000098C] -> 0xAC27
mem[X,0x8000098E] -> 0x21F0
[616] [M]: 0x8000098C (0x21F0AC27) fsw ft11, 536(ra)
mem[0x8000962C] <- 0xFFFF7E00


mem[X,0x80000990] -> 0xAE23
mem[X,0x80000992] -> 0x2040
[617] [M]: 0x80000990 (0x2040AE23) sw tp, 540(ra)
mem[0x80009630] <- 0x00000000


mem[X,0x80000994] -> 0xAF07
mem[X,0x80000996] -> 0x2201
[618] [M]: 0x80000994 (0x2201AF07) flw ft10, 544(gp)
mem[R,0x80008230] -> 0x00000001
f30 <- 0xFFFFFFFF00000001


mem[X,0x80000998] -> 0xAE87
mem[X,0x8000099A] -> 0x2241
[619] [M]: 0x80000998 (0x2241AE87) flw ft9, 548(gp)
mem[R,0x80008234] -> 0x00007C01
f29 <- 0xFFFFFFFF00007C01


mem[X,0x8000099C] -> 0x0113
mem[X,0x8000099E] -> 0x0000
[620] [M]: 0x8000099C (0x00000113) addi sp, zero, 0
x2 <- 0x00000000


mem[X,0x800009A0] -> 0x1073
mem[X,0x800009A2] -> 0x0031
[621] [M]: 0x800009A0 (0x00311073) csrrw zero, fcsr, sp
CSR fcsr -> 0x00000000
CSR fcsr <- 0x00000000 (input: 0x00000000)


mem[X,0x800009A4] -> 0x7FD3
mem[X,0x800009A6] -> 0x05DF
[622] [M]: 0x800009A4 (0x05DF7FD3) fadd.h ft11, ft10, ft9, dyn
f31 <- 0xFFFFFFFFFFFF7E00


mem[X,0x800009A8] -> 0x2273
mem[X,0x800009AA] -> 0x0030
[623] [M]: 0x800009A8 (0x00302273) csrrs tp, fcsr, zero
CSR fcsr -> 0x00000000
x4 <- 0x00000000


mem[X,0x800009AC] -> 0xA027
mem[X,0x800009AE] -> 0x23F0
[624] [M]: 0x800009AC (0x23F0A027) fsw ft11, 544(ra)
mem[0x80009634] <- 0xFFFF7E00


mem[X,0x800009B0] -> 0xA223
mem[X,0x800009B2] -> 0x2240
[625] [M]: 0x800009B0 (0x2240A223) sw tp, 548(ra)
mem[0x80009638] <- 0x00000000


mem[X,0x800009B4] -> 0xAF07
mem[X,0x800009B6] -> 0x2281
[626] [M]: 0x800009B4 (0x2281AF07) flw ft10, 552(gp)
mem[R,0x80008238] -> 0x00000001
f30 <- 0xFFFFFFFF00000001


mem[X,0x800009B8] -> 0xAE87
mem[X,0x800009BA] -> 0x22C1
[627] [M]: 0x800009B8 (0x22C1AE87) flw ft9, 556(gp)
mem[R,0x8000823C] -> 0x0000FD55
f29 <- 0xFFFFFFFF0000FD55


mem[X,0x800009BC] -> 0x0113
mem[X,0x800009BE] -> 0x0000
[628] [M]: 0x800009BC (0x00000113) addi sp, zero, 0
x2 <- 0x00000000


mem[X,0x800009C0] -> 0x1073
mem[X,0x800009C2] -> 0x0031
[629] [M]: 0x800009C0 (0x00311073) csrrw zero, fcsr, sp
CSR fcsr -> 0x00000000
CSR fcsr <- 0x00000000 (input: 0x00000000)


mem[X,0x800009C4] -> 0x7FD3
mem[X,0x800009C6] -> 0x05DF
[630] [M]: 0x800009C4 (0x05DF7FD3) fadd.h ft11, ft10, ft9, dyn
f31 <- 0xFFFFFFFFFFFF7E00


mem[X,0x800009C8] -> 0x2273
mem[X,0x800009CA] -> 0x0030
[631] [M]: 0x800009C8 (0x00302273) csrrs tp, fcsr, zero
CSR fcsr -> 0x00000000
x4 <- 0x00000000


mem[X,0x800009CC] -> 0xA427
mem[X,0x800009CE] -> 0x23F0
[632] [M]: 0x800009CC (0x23F0A427) fsw ft11, 552(ra)
mem[0x8000963C] <- 0xFFFF7E00


mem[X,0x800009D0] -> 0xA623
mem[X,0x800009D2] -> 0x2240
[633] [M]: 0x800009D0 (0x2240A623) sw tp, 556(ra)
mem[0x80009640] <- 0x00000000


mem[X,0x800009D4] -> 0xAF07
mem[X,0x800009D6] -> 0x2301
[634] [M]: 0x800009D4 (0x2301AF07) flw ft10, 560(gp)
mem[R,0x80008240] -> 0x00000001
f30 <- 0xFFFFFFFF00000001


mem[X,0x800009D8] -> 0xAE87
mem[X,0x800009DA] -> 0x2341
[635] [M]: 0x800009D8 (0x2341AE87) flw ft9, 564(gp)
mem[R,0x80008244] -> 0x00003C00
f29 <- 0xFFFFFFFF00003C00


mem[X,0x800009DC] -> 0x0113
mem[X,0x800009DE] -> 0x0000
[636] [M]: 0x800009DC (0x00000113) addi sp, zero, 0
x2 <- 0x00000000


mem[X,0x800009E0] -> 0x1073
mem[X,0x800009E2] -> 0x0031
[637] [M]: 0x800009E0 (0x00311073) csrrw zero, fcsr, sp
CSR fcsr -> 0x00000000
CSR fcsr <- 0x00000000 (input: 0x00000000)


mem[X,0x800009E4] -> 0x7FD3
mem[X,0x800009E6] -> 0x05DF
[638] [M]: 0x800009E4 (0x05DF7FD3) fadd.h ft11, ft10, ft9, dyn
f31 <- 0xFFFFFFFFFFFF7E00


mem[X,0x800009E8] -> 0x2273
mem[X,0x800009EA] -> 0x0030
[639] [M]: 0x800009E8 (0x00302273) csrrs tp, fcsr, zero
CSR fcsr -> 0x00000000
x4 <- 0x00000000


mem[X,0x800009EC] -> 0xA827
mem[X,0x800009EE] -> 0x23F0
[640] [M]: 0x800009EC (0x23F0A827) fsw ft11, 560(ra)
mem[0x80009644] <- 0xFFFF7E00


mem[X,0x800009F0] -> 0xAA23
mem[X,0x800009F2] -> 0x2240
[641] [M]: 0x800009F0 (0x2240AA23) sw tp, 564(ra)
mem[0x80009648] <- 0x00000000


mem[X,0x800009F4] -> 0xAF07
mem[X,0x800009F6] -> 0x2381
[642] [M]: 0x800009F4 (0x2381AF07) flw ft10, 568(gp)
mem[R,0x80008248] -> 0x00000001
f30 <- 0xFFFFFFFF00000001


mem[X,0x800009F8] -> 0xAE87
mem[X,0x800009FA] -> 0x23C1
[643] [M]: 0x800009F8 (0x23C1AE87) flw ft9, 572(gp)
mem[R,0x8000824C] -> 0x0000BC00
f29 <- 0xFFFFFFFF0000BC00


mem[X,0x800009FC] -> 0x0113
mem[X,0x800009FE] -> 0x0000
[644] [M]: 0x800009FC (0x00000113) addi sp, zero, 0
x2 <- 0x00000000


mem[X,0x80000A00] -> 0x1073
mem[X,0x80000A02] -> 0x0031
[645] [M]: 0x80000A00 (0x00311073) csrrw zero, fcsr, sp
CSR fcsr -> 0x00000000
CSR fcsr <- 0x00000000 (input: 0x00000000)


mem[X,0x80000A04] -> 0x7FD3
mem[X,0x80000A06] -> 0x05DF
[646] [M]: 0x80000A04 (0x05DF7FD3) fadd.h ft11, ft10, ft9, dyn
f31 <- 0xFFFFFFFFFFFF7E00


mem[X,0x80000A08] -> 0x2273
mem[X,0x80000A0A] -> 0x0030
[647] [M]: 0x80000A08 (0x00302273) csrrs tp, fcsr, zero
CSR fcsr -> 0x00000000
x4 <- 0x00000000


mem[X,0x80000A0C] -> 0xAC27
mem[X,0x80000A0E] -> 0x23F0
[648] [M]: 0x80000A0C (0x23F0AC27) fsw ft11, 568(ra)
mem[0x8000964C] <- 0xFFFF7E00


mem[X,0x80000A10] -> 0xAE23
mem[X,0x80000A12] -> 0x2240
[649] [M]: 0x80000A10 (0x2240AE23) sw tp, 572(ra)
mem[0x80009650] <- 0x00000000


mem[X,0x80000A14] -> 0xAF07
mem[X,0x80000A16] -> 0x2401
[650] [M]: 0x80000A14 (0x2401AF07) flw ft10, 576(gp)
mem[R,0x80008250] -> 0x00008001
f30 <- 0xFFFFFFFF00008001


mem[X,0x80000A18] -> 0xAE87
mem[X,0x80000A1A] -> 0x2441
[651] [M]: 0x80000A18 (0x2441AE87) flw ft9, 580(gp)
mem[R,0x80008254] -> 0x00000000
f29 <- 0xFFFFFFFF00000000


mem[X,0x80000A1C] -> 0x0113
mem[X,0x80000A1E] -> 0x0000
[652] [M]: 0x80000A1C (0x00000113) addi sp, zero, 0
x2 <- 0x00000000


mem[X,0x80000A20] -> 0x1073
mem[X,0x80000A22] -> 0x0031
[653] [M]: 0x80000A20 (0x00311073) csrrw zero, fcsr, sp
CSR fcsr -> 0x00000000
CSR fcsr <- 0x00000000 (input: 0x00000000)


mem[X,0x80000A24] -> 0x7FD3
mem[X,0x80000A26] -> 0x05DF
[654] [M]: 0x80000A24 (0x05DF7FD3) fadd.h ft11, ft10, ft9, dyn
f31 <- 0xFFFFFFFFFFFF7E00


mem[X,0x80000A28] -> 0x2273
mem[X,0x80000A2A] -> 0x0030
[655] [M]: 0x80000A28 (0x00302273) csrrs tp, fcsr, zero
CSR fcsr -> 0x00000000
x4 <- 0x00000000


mem[X,0x80000A2C] -> 0xA027
mem[X,0x80000A2E] -> 0x25F0
[656] [M]: 0x80000A2C (0x25F0A027) fsw ft11, 576(ra)
mem[0x80009654] <- 0xFFFF7E00


mem[X,0x80000A30] -> 0xA223
mem[X,0x80000A32] -> 0x2440
[657] [M]: 0x80000A30 (0x2440A223) sw tp, 580(ra)
mem[0x80009658] <- 0x00000000


mem[X,0x80000A34] -> 0xAF07
mem[X,0x80000A36] -> 0x2481
[658] [M]: 0x80000A34 (0x2481AF07) flw ft10, 584(gp)
mem[R,0x80008258] -> 0x00008001
f30 <- 0xFFFFFFFF00008001


mem[X,0x80000A38] -> 0xAE87
mem[X,0x80000A3A] -> 0x24C1
[659] [M]: 0x80000A38 (0x24C1AE87) flw ft9, 588(gp)
mem[R,0x8000825C] -> 0x00008000
f29 <- 0xFFFFFFFF00008000


mem[X,0x80000A3C] -> 0x0113
mem[X,0x80000A3E] -> 0x0000
[660] [M]: 0x80000A3C (0x00000113) addi sp, zero, 0
x2 <- 0x00000000


mem[X,0x80000A40] -> 0x1073
mem[X,0x80000A42] -> 0x0031
[661] [M]: 0x80000A40 (0x00311073) csrrw zero, fcsr, sp
CSR fcsr -> 0x00000000
CSR fcsr <- 0x00000000 (input: 0x00000000)


mem[X,0x80000A44] -> 0x7FD3
mem[X,0x80000A46] -> 0x05DF
[662] [M]: 0x80000A44 (0x05DF7FD3) fadd.h ft11, ft10, ft9, dyn
f31 <- 0xFFFFFFFFFFFF7E00


mem[X,0x80000A48] -> 0x2273
mem[X,0x80000A4A] -> 0x0030
[663] [M]: 0x80000A48 (0x00302273) csrrs tp, fcsr, zero
CSR fcsr -> 0x00000000
x4 <- 0x00000000


mem[X,0x80000A4C] -> 0xA427
mem[X,0x80000A4E] -> 0x25F0
[664] [M]: 0x80000A4C (0x25F0A427) fsw ft11, 584(ra)
mem[0x8000965C] <- 0xFFFF7E00


mem[X,0x80000A50] -> 0xA623
mem[X,0x80000A52] -> 0x2440
[665] [M]: 0x80000A50 (0x2440A623) sw tp, 588(ra)
mem[0x80009660] <- 0x00000000


mem[X,0x80000A54] -> 0xAF07
mem[X,0x80000A56] -> 0x2501
[666] [M]: 0x80000A54 (0x2501AF07) flw ft10, 592(gp)
mem[R,0x80008260] -> 0x00008001
f30 <- 0xFFFFFFFF00008001


mem[X,0x80000A58] -> 0xAE87
mem[X,0x80000A5A] -> 0x2541
[667] [M]: 0x80000A58 (0x2541AE87) flw ft9, 596(gp)
mem[R,0x80008264] -> 0x00000001
f29 <- 0xFFFFFFFF00000001


mem[X,0x80000A5C] -> 0x0113
mem[X,0x80000A5E] -> 0x0000
[668] [M]: 0x80000A5C (0x00000113) addi sp, zero, 0
x2 <- 0x00000000


mem[X,0x80000A60] -> 0x1073
mem[X,0x80000A62] -> 0x0031
[669] [M]: 0x80000A60 (0x00311073) csrrw zero, fcsr, sp
CSR fcsr -> 0x00000000
CSR fcsr <- 0x00000000 (input: 0x00000000)


mem[X,0x80000A64] -> 0x7FD3
mem[X,0x80000A66] -> 0x05DF
[670] [M]: 0x80000A64 (0x05DF7FD3) fadd.h ft11, ft10, ft9, dyn
f31 <- 0xFFFFFFFFFFFF7E00


mem[X,0x80000A68] -> 0x2273
mem[X,0x80000A6A] -> 0x0030
[671] [M]: 0x80000A68 (0x00302273) csrrs tp, fcsr, zero
CSR fcsr -> 0x00000000
x4 <- 0x00000000


mem[X,0x80000A6C] -> 0xA827
mem[X,0x80000A6E] -> 0x25F0
[672] [M]: 0x80000A6C (0x25F0A827) fsw ft11, 592(ra)
mem[0x80009664] <- 0xFFFF7E00


mem[X,0x80000A70] -> 0xAA23
mem[X,0x80000A72] -> 0x2440
[673] [M]: 0x80000A70 (0x2440AA23) sw tp, 596(ra)
mem[0x80009668] <- 0x00000000


mem[X,0x80000A74] -> 0xAF07
mem[X,0x80000A76] -> 0x2581
[674] [M]: 0x80000A74 (0x2581AF07) flw ft10, 600(gp)
mem[R,0x80008268] -> 0x00008001
f30 <- 0xFFFFFFFF00008001


mem[X,0x80000A78] -> 0xAE87
mem[X,0x80000A7A] -> 0x25C1
[675] [M]: 0x80000A78 (0x25C1AE87) flw ft9, 604(gp)
mem[R,0x8000826C] -> 0x00008001
f29 <- 0xFFFFFFFF00008001


mem[X,0x80000A7C] -> 0x0113
mem[X,0x80000A7E] -> 0x0000
[676] [M]: 0x80000A7C (0x00000113) addi sp, zero, 0
x2 <- 0x00000000


mem[X,0x80000A80] -> 0x1073
mem[X,0x80000A82] -> 0x0031
[677] [M]: 0x80000A80 (0x00311073) csrrw zero, fcsr, sp
CSR fcsr -> 0x00000000
CSR fcsr <- 0x00000000 (input: 0x00000000)


mem[X,0x80000A84] -> 0x7FD3
mem[X,0x80000A86] -> 0x05DF
[678] [M]: 0x80000A84 (0x05DF7FD3) fadd.h ft11, ft10, ft9, dyn
f31 <- 0xFFFFFFFFFFFF7E00


mem[X,0x80000A88] -> 0x2273
mem[X,0x80000A8A] -> 0x0030
[679] [M]: 0x80000A88 (0x00302273) csrrs tp, fcsr, zero
CSR fcsr -> 0x00000000
x4 <- 0x00000000


mem[X,0x80000A8C] -> 0xAC27
mem[X,0x80000A8E] -> 0x25F0
[680] [M]: 0x80000A8C (0x25F0AC27) fsw ft11, 600(ra)
mem[0x8000966C] <- 0xFFFF7E00


mem[X,0x80000A90] -> 0xAE23
mem[X,0x80000A92] -> 0x2440
[681] [M]: 0x80000A90 (0x2440AE23) sw tp, 604(ra)
mem[0x80009670] <- 0x00000000


mem[X,0x80000A94] -> 0xAF07
mem[X,0x80000A96] -> 0x2601
[682] [M]: 0x80000A94 (0x2601AF07) flw ft10, 608(gp)
mem[R,0x80008270] -> 0x00008001
f30 <- 0xFFFFFFFF00008001


mem[X,0x80000A98] -> 0xAE87
mem[X,0x80000A9A] -> 0x2641
[683] [M]: 0x80000A98 (0x2641AE87) flw ft9, 612(gp)
mem[R,0x80008274] -> 0x00000002
f29 <- 0xFFFFFFFF00000002


mem[X,0x80000A9C] -> 0x0113
mem[X,0x80000A9E] -> 0x0000
[684] [M]: 0x80000A9C (0x00000113) addi sp, zero, 0
x2 <- 0x00000000


mem[X,0x80000AA0] -> 0x1073
mem[X,0x80000AA2] -> 0x0031
[685] [M]: 0x80000AA0 (0x00311073) csrrw zero, fcsr, sp
CSR fcsr -> 0x00000000
CSR fcsr <- 0x00000000 (input: 0x00000000)


mem[X,0x80000AA4] -> 0x7FD3
mem[X,0x80000AA6] -> 0x05DF
[686] [M]: 0x80000AA4 (0x05DF7FD3) fadd.h ft11, ft10, ft9, dyn
f31 <- 0xFFFFFFFFFFFF7E00


mem[X,0x80000AA8] -> 0x2273
mem[X,0x80000AAA] -> 0x0030
[687] [M]: 0x80000AA8 (0x00302273) csrrs tp, fcsr, zero
CSR fcsr -> 0x00000000
x4 <- 0x00000000


mem[X,0x80000AAC] -> 0xA027
mem[X,0x80000AAE] -> 0x27F0
[688] [M]: 0x80000AAC (0x27F0A027) fsw ft11, 608(ra)
mem[0x80009674] <- 0xFFFF7E00


mem[X,0x80000AB0] -> 0xA223
mem[X,0x80000AB2] -> 0x2640
[689] [M]: 0x80000AB0 (0x2640A223) sw tp, 612(ra)
mem[0x80009678] <- 0x00000000


mem[X,0x80000AB4] -> 0xAF07
mem[X,0x80000AB6] -> 0x2681
[690] [M]: 0x80000AB4 (0x2681AF07) flw ft10, 616(gp)
mem[R,0x80008278] -> 0x00008001
f30 <- 0xFFFFFFFF00008001


mem[X,0x80000AB8] -> 0xAE87
mem[X,0x80000ABA] -> 0x26C1
[691] [M]: 0x80000AB8 (0x26C1AE87) flw ft9, 620(gp)
mem[R,0x8000827C] -> 0x000083FE
f29 <- 0xFFFFFFFF000083FE


mem[X,0x80000ABC] -> 0x0113
mem[X,0x80000ABE] -> 0x0000
[692] [M]: 0x80000ABC (0x00000113) addi sp, zero, 0
x2 <- 0x00000000


mem[X,0x80000AC0] -> 0x1073
mem[X,0x80000AC2] -> 0x0031
[693] [M]: 0x80000AC0 (0x00311073) csrrw zero, fcsr, sp
CSR fcsr -> 0x00000000
CSR fcsr <- 0x00000000 (input: 0x00000000)


mem[X,0x80000AC4] -> 0x7FD3
mem[X,0x80000AC6] -> 0x05DF
[694] [M]: 0x80000AC4 (0x05DF7FD3) fadd.h ft11, ft10, ft9, dyn
f31 <- 0xFFFFFFFFFFFF7E00


mem[X,0x80000AC8] -> 0x2273
mem[X,0x80000ACA] -> 0x0030
[695] [M]: 0x80000AC8 (0x00302273) csrrs tp, fcsr, zero
CSR fcsr -> 0x00000000
x4 <- 0x00000000


mem[X,0x80000ACC] -> 0xA427
mem[X,0x80000ACE] -> 0x27F0
[696] [M]: 0x80000ACC (0x27F0A427) fsw ft11, 616(ra)
mem[0x8000967C] <- 0xFFFF7E00


mem[X,0x80000AD0] -> 0xA623
mem[X,0x80000AD2] -> 0x2640
[697] [M]: 0x80000AD0 (0x2640A623) sw tp, 620(ra)
mem[0x80009680] <- 0x00000000


mem[X,0x80000AD4] -> 0xAF07
mem[X,0x80000AD6] -> 0x2701
[698] [M]: 0x80000AD4 (0x2701AF07) flw ft10, 624(gp)
mem[R,0x80008280] -> 0x00008001
f30 <- 0xFFFFFFFF00008001


mem[X,0x80000AD8] -> 0xAE87
mem[X,0x80000ADA] -> 0x2741
[699] [M]: 0x80000AD8 (0x2741AE87) flw ft9, 628(gp)
mem[R,0x80008284] -> 0x000003FF
f29 <- 0xFFFFFFFF000003FF


clint::tick mtime <- 0x0000000000000007
 clint timer pending at mtime 0x0000000000000007
htif::tick 0x0000000000000000
mem[X,0x80000ADC] -> 0x0113
mem[X,0x80000ADE] -> 0x0000
[700] [M]: 0x80000ADC (0x00000113) addi sp, zero, 0
x2 <- 0x00000000


mem[X,0x80000AE0] -> 0x1073
mem[X,0x80000AE2] -> 0x0031
[701] [M]: 0x80000AE0 (0x00311073) csrrw zero, fcsr, sp
CSR fcsr -> 0x00000000
CSR fcsr <- 0x00000000 (input: 0x00000000)


mem[X,0x80000AE4] -> 0x7FD3
mem[X,0x80000AE6] -> 0x05DF
[702] [M]: 0x80000AE4 (0x05DF7FD3) fadd.h ft11, ft10, ft9, dyn
f31 <- 0xFFFFFFFFFFFF7E00


mem[X,0x80000AE8] -> 0x2273
mem[X,0x80000AEA] -> 0x0030
[703] [M]: 0x80000AE8 (0x00302273) csrrs tp, fcsr, zero
CSR fcsr -> 0x00000000
x4 <- 0x00000000


mem[X,0x80000AEC] -> 0xA827
mem[X,0x80000AEE] -> 0x27F0
[704] [M]: 0x80000AEC (0x27F0A827) fsw ft11, 624(ra)
mem[0x80009684] <- 0xFFFF7E00


mem[X,0x80000AF0] -> 0xAA23
mem[X,0x80000AF2] -> 0x2640
[705] [M]: 0x80000AF0 (0x2640AA23) sw tp, 628(ra)
mem[0x80009688] <- 0x00000000


mem[X,0x80000AF4] -> 0xAF07
mem[X,0x80000AF6] -> 0x2781
[706] [M]: 0x80000AF4 (0x2781AF07) flw ft10, 632(gp)
mem[R,0x80008288] -> 0x00008001
f30 <- 0xFFFFFFFF00008001


mem[X,0x80000AF8] -> 0xAE87
mem[X,0x80000AFA] -> 0x27C1
[707] [M]: 0x80000AF8 (0x27C1AE87) flw ft9, 636(gp)
mem[R,0x8000828C] -> 0x000083FF
f29 <- 0xFFFFFFFF000083FF


mem[X,0x80000AFC] -> 0x0113
mem[X,0x80000AFE] -> 0x0000
[708] [M]: 0x80000AFC (0x00000113) addi sp, zero, 0
x2 <- 0x00000000


mem[X,0x80000B00] -> 0x1073
mem[X,0x80000B02] -> 0x0031
[709] [M]: 0x80000B00 (0x00311073) csrrw zero, fcsr, sp
CSR fcsr -> 0x00000000
CSR fcsr <- 0x00000000 (input: 0x00000000)


mem[X,0x80000B04] -> 0x7FD3
mem[X,0x80000B06] -> 0x05DF
[710] [M]: 0x80000B04 (0x05DF7FD3) fadd.h ft11, ft10, ft9, dyn
f31 <- 0xFFFFFFFFFFFF7E00


mem[X,0x80000B08] -> 0x2273
mem[X,0x80000B0A] -> 0x0030
[711] [M]: 0x80000B08 (0x00302273) csrrs tp, fcsr, zero
CSR fcsr -> 0x00000000
x4 <- 0x00000000


mem[X,0x80000B0C] -> 0xAC27
mem[X,0x80000B0E] -> 0x27F0
[712] [M]: 0x80000B0C (0x27F0AC27) fsw ft11, 632(ra)
mem[0x8000968C] <- 0xFFFF7E00


mem[X,0x80000B10] -> 0xAE23
mem[X,0x80000B12] -> 0x2640
[713] [M]: 0x80000B10 (0x2640AE23) sw tp, 636(ra)
mem[0x80009690] <- 0x00000000


mem[X,0x80000B14] -> 0xAF07
mem[X,0x80000B16] -> 0x2801
[714] [M]: 0x80000B14 (0x2801AF07) flw ft10, 640(gp)
mem[R,0x80008290] -> 0x00008001
f30 <- 0xFFFFFFFF00008001


mem[X,0x80000B18] -> 0xAE87
mem[X,0x80000B1A] -> 0x2841
[715] [M]: 0x80000B18 (0x2841AE87) flw ft9, 644(gp)
mem[R,0x80008294] -> 0x00000400
f29 <- 0xFFFFFFFF00000400


mem[X,0x80000B1C] -> 0x0113
mem[X,0x80000B1E] -> 0x0000
[716] [M]: 0x80000B1C (0x00000113) addi sp, zero, 0
x2 <- 0x00000000


mem[X,0x80000B20] -> 0x1073
mem[X,0x80000B22] -> 0x0031
[717] [M]: 0x80000B20 (0x00311073) csrrw zero, fcsr, sp
CSR fcsr -> 0x00000000
CSR fcsr <- 0x00000000 (input: 0x00000000)


mem[X,0x80000B24] -> 0x7FD3
mem[X,0x80000B26] -> 0x05DF
[718] [M]: 0x80000B24 (0x05DF7FD3) fadd.h ft11, ft10, ft9, dyn
f31 <- 0xFFFFFFFFFFFF7E00


mem[X,0x80000B28] -> 0x2273
mem[X,0x80000B2A] -> 0x0030
[719] [M]: 0x80000B28 (0x00302273) csrrs tp, fcsr, zero
CSR fcsr -> 0x00000000
x4 <- 0x00000000


mem[X,0x80000B2C] -> 0xA027
mem[X,0x80000B2E] -> 0x29F0
[720] [M]: 0x80000B2C (0x29F0A027) fsw ft11, 640(ra)
mem[0x80009694] <- 0xFFFF7E00


mem[X,0x80000B30] -> 0xA223
mem[X,0x80000B32] -> 0x2840
[721] [M]: 0x80000B30 (0x2840A223) sw tp, 644(ra)
mem[0x80009698] <- 0x00000000


mem[X,0x80000B34] -> 0xAF07
mem[X,0x80000B36] -> 0x2881
[722] [M]: 0x80000B34 (0x2881AF07) flw ft10, 648(gp)
mem[R,0x80008298] -> 0x00008001
f30 <- 0xFFFFFFFF00008001


mem[X,0x80000B38] -> 0xAE87
mem[X,0x80000B3A] -> 0x28C1
[723] [M]: 0x80000B38 (0x28C1AE87) flw ft9, 652(gp)
mem[R,0x8000829C] -> 0x00008400
f29 <- 0xFFFFFFFF00008400


mem[X,0x80000B3C] -> 0x0113
mem[X,0x80000B3E] -> 0x0000
[724] [M]: 0x80000B3C (0x00000113) addi sp, zero, 0
x2 <- 0x00000000


mem[X,0x80000B40] -> 0x1073
mem[X,0x80000B42] -> 0x0031
[725] [M]: 0x80000B40 (0x00311073) csrrw zero, fcsr, sp
CSR fcsr -> 0x00000000
CSR fcsr <- 0x00000000 (input: 0x00000000)


mem[X,0x80000B44] -> 0x7FD3
mem[X,0x80000B46] -> 0x05DF
[726] [M]: 0x80000B44 (0x05DF7FD3) fadd.h ft11, ft10, ft9, dyn
f31 <- 0xFFFFFFFFFFFF7E00


mem[X,0x80000B48] -> 0x2273
mem[X,0x80000B4A] -> 0x0030
[727] [M]: 0x80000B48 (0x00302273) csrrs tp, fcsr, zero
CSR fcsr -> 0x00000000
x4 <- 0x00000000


mem[X,0x80000B4C] -> 0xA427
mem[X,0x80000B4E] -> 0x29F0
[728] [M]: 0x80000B4C (0x29F0A427) fsw ft11, 648(ra)
mem[0x8000969C] <- 0xFFFF7E00


mem[X,0x80000B50] -> 0xA623
mem[X,0x80000B52] -> 0x2840
[729] [M]: 0x80000B50 (0x2840A623) sw tp, 652(ra)
mem[0x800096A0] <- 0x00000000


mem[X,0x80000B54] -> 0xAF07
mem[X,0x80000B56] -> 0x2901
[730] [M]: 0x80000B54 (0x2901AF07) flw ft10, 656(gp)
mem[R,0x800082A0] -> 0x00008001
f30 <- 0xFFFFFFFF00008001


mem[X,0x80000B58] -> 0xAE87
mem[X,0x80000B5A] -> 0x2941
[731] [M]: 0x80000B58 (0x2941AE87) flw ft9, 660(gp)
mem[R,0x800082A4] -> 0x00000401
f29 <- 0xFFFFFFFF00000401


mem[X,0x80000B5C] -> 0x0113
mem[X,0x80000B5E] -> 0x0000
[732] [M]: 0x80000B5C (0x00000113) addi sp, zero, 0
x2 <- 0x00000000


mem[X,0x80000B60] -> 0x1073
mem[X,0x80000B62] -> 0x0031
[733] [M]: 0x80000B60 (0x00311073) csrrw zero, fcsr, sp
CSR fcsr -> 0x00000000
CSR fcsr <- 0x00000000 (input: 0x00000000)


mem[X,0x80000B64] -> 0x7FD3
mem[X,0x80000B66] -> 0x05DF
[734] [M]: 0x80000B64 (0x05DF7FD3) fadd.h ft11, ft10, ft9, dyn
f31 <- 0xFFFFFFFFFFFF7E00


mem[X,0x80000B68] -> 0x2273
mem[X,0x80000B6A] -> 0x0030
[735] [M]: 0x80000B68 (0x00302273) csrrs tp, fcsr, zero
CSR fcsr -> 0x00000000
x4 <- 0x00000000


mem[X,0x80000B6C] -> 0xA827
mem[X,0x80000B6E] -> 0x29F0
[736] [M]: 0x80000B6C (0x29F0A827) fsw ft11, 656(ra)
mem[0x800096A4] <- 0xFFFF7E00


mem[X,0x80000B70] -> 0xAA23
mem[X,0x80000B72] -> 0x2840
[737] [M]: 0x80000B70 (0x2840AA23) sw tp, 660(ra)
mem[0x800096A8] <- 0x00000000


mem[X,0x80000B74] -> 0xAF07
mem[X,0x80000B76] -> 0x2981
[738] [M]: 0x80000B74 (0x2981AF07) flw ft10, 664(gp)
mem[R,0x800082A8] -> 0x00008001
f30 <- 0xFFFFFFFF00008001


mem[X,0x80000B78] -> 0xAE87
mem[X,0x80000B7A] -> 0x29C1
[739] [M]: 0x80000B78 (0x29C1AE87) flw ft9, 668(gp)
mem[R,0x800082AC] -> 0x00008455
f29 <- 0xFFFFFFFF00008455


mem[X,0x80000B7C] -> 0x0113
mem[X,0x80000B7E] -> 0x0000
[740] [M]: 0x80000B7C (0x00000113) addi sp, zero, 0
x2 <- 0x00000000


mem[X,0x80000B80] -> 0x1073
mem[X,0x80000B82] -> 0x0031
[741] [M]: 0x80000B80 (0x00311073) csrrw zero, fcsr, sp
CSR fcsr -> 0x00000000
CSR fcsr <- 0x00000000 (input: 0x00000000)


mem[X,0x80000B84] -> 0x7FD3
mem[X,0x80000B86] -> 0x05DF
[742] [M]: 0x80000B84 (0x05DF7FD3) fadd.h ft11, ft10, ft9, dyn
f31 <- 0xFFFFFFFFFFFF7E00


mem[X,0x80000B88] -> 0x2273
mem[X,0x80000B8A] -> 0x0030
[743] [M]: 0x80000B88 (0x00302273) csrrs tp, fcsr, zero
CSR fcsr -> 0x00000000
x4 <- 0x00000000


mem[X,0x80000B8C] -> 0xAC27
mem[X,0x80000B8E] -> 0x29F0
[744] [M]: 0x80000B8C (0x29F0AC27) fsw ft11, 664(ra)
mem[0x800096AC] <- 0xFFFF7E00


mem[X,0x80000B90] -> 0xAE23
mem[X,0x80000B92] -> 0x2840
[745] [M]: 0x80000B90 (0x2840AE23) sw tp, 668(ra)
mem[0x800096B0] <- 0x00000000


mem[X,0x80000B94] -> 0xAF07
mem[X,0x80000B96] -> 0x2A01
[746] [M]: 0x80000B94 (0x2A01AF07) flw ft10, 672(gp)
mem[R,0x800082B0] -> 0x00008001
f30 <- 0xFFFFFFFF00008001


mem[X,0x80000B98] -> 0xAE87
mem[X,0x80000B9A] -> 0x2A41
[747] [M]: 0x80000B98 (0x2A41AE87) flw ft9, 676(gp)
mem[R,0x800082B4] -> 0x00007BFF
f29 <- 0xFFFFFFFF00007BFF


mem[X,0x80000B9C] -> 0x0113
mem[X,0x80000B9E] -> 0x0000
[748] [M]: 0x80000B9C (0x00000113) addi sp, zero, 0
x2 <- 0x00000000


mem[X,0x80000BA0] -> 0x1073
mem[X,0x80000BA2] -> 0x0031
[749] [M]: 0x80000BA0 (0x00311073) csrrw zero, fcsr, sp
CSR fcsr -> 0x00000000
CSR fcsr <- 0x00000000 (input: 0x00000000)


mem[X,0x80000BA4] -> 0x7FD3
mem[X,0x80000BA6] -> 0x05DF
[750] [M]: 0x80000BA4 (0x05DF7FD3) fadd.h ft11, ft10, ft9, dyn
f31 <- 0xFFFFFFFFFFFF7E00


mem[X,0x80000BA8] -> 0x2273
mem[X,0x80000BAA] -> 0x0030
[751] [M]: 0x80000BA8 (0x00302273) csrrs tp, fcsr, zero
CSR fcsr -> 0x00000000
x4 <- 0x00000000


mem[X,0x80000BAC] -> 0xA027
mem[X,0x80000BAE] -> 0x2BF0
[752] [M]: 0x80000BAC (0x2BF0A027) fsw ft11, 672(ra)
mem[0x800096B4] <- 0xFFFF7E00


mem[X,0x80000BB0] -> 0xA223
mem[X,0x80000BB2] -> 0x2A40
[753] [M]: 0x80000BB0 (0x2A40A223) sw tp, 676(ra)
mem[0x800096B8] <- 0x00000000


mem[X,0x80000BB4] -> 0xAF07
mem[X,0x80000BB6] -> 0x2A81
[754] [M]: 0x80000BB4 (0x2A81AF07) flw ft10, 680(gp)
mem[R,0x800082B8] -> 0x00008001
f30 <- 0xFFFFFFFF00008001


mem[X,0x80000BB8] -> 0xAE87
mem[X,0x80000BBA] -> 0x2AC1
[755] [M]: 0x80000BB8 (0x2AC1AE87) flw ft9, 684(gp)
mem[R,0x800082BC] -> 0x0000FBFF
f29 <- 0xFFFFFFFF0000FBFF


mem[X,0x80000BBC] -> 0x0113
mem[X,0x80000BBE] -> 0x0000
[756] [M]: 0x80000BBC (0x00000113) addi sp, zero, 0
x2 <- 0x00000000


mem[X,0x80000BC0] -> 0x1073
mem[X,0x80000BC2] -> 0x0031
[757] [M]: 0x80000BC0 (0x00311073) csrrw zero, fcsr, sp
CSR fcsr -> 0x00000000
CSR fcsr <- 0x00000000 (input: 0x00000000)


mem[X,0x80000BC4] -> 0x7FD3
mem[X,0x80000BC6] -> 0x05DF
[758] [M]: 0x80000BC4 (0x05DF7FD3) fadd.h ft11, ft10, ft9, dyn
f31 <- 0xFFFFFFFFFFFF7E00


mem[X,0x80000BC8] -> 0x2273
mem[X,0x80000BCA] -> 0x0030
[759] [M]: 0x80000BC8 (0x00302273) csrrs tp, fcsr, zero
CSR fcsr -> 0x00000000
x4 <- 0x00000000


mem[X,0x80000BCC] -> 0xA427
mem[X,0x80000BCE] -> 0x2BF0
[760] [M]: 0x80000BCC (0x2BF0A427) fsw ft11, 680(ra)
mem[0x800096BC] <- 0xFFFF7E00


mem[X,0x80000BD0] -> 0xA623
mem[X,0x80000BD2] -> 0x2A40
[761] [M]: 0x80000BD0 (0x2A40A623) sw tp, 684(ra)
mem[0x800096C0] <- 0x00000000


mem[X,0x80000BD4] -> 0xAF07
mem[X,0x80000BD6] -> 0x2B01
[762] [M]: 0x80000BD4 (0x2B01AF07) flw ft10, 688(gp)
mem[R,0x800082C0] -> 0x00008001
f30 <- 0xFFFFFFFF00008001


mem[X,0x80000BD8] -> 0xAE87
mem[X,0x80000BDA] -> 0x2B41
[763] [M]: 0x80000BD8 (0x2B41AE87) flw ft9, 692(gp)
mem[R,0x800082C4] -> 0x00007C00
f29 <- 0xFFFFFFFF00007C00


mem[X,0x80000BDC] -> 0x0113
mem[X,0x80000BDE] -> 0x0000
[764] [M]: 0x80000BDC (0x00000113) addi sp, zero, 0
x2 <- 0x00000000


mem[X,0x80000BE0] -> 0x1073
mem[X,0x80000BE2] -> 0x0031
[765] [M]: 0x80000BE0 (0x00311073) csrrw zero, fcsr, sp
CSR fcsr -> 0x00000000
CSR fcsr <- 0x00000000 (input: 0x00000000)


mem[X,0x80000BE4] -> 0x7FD3
mem[X,0x80000BE6] -> 0x05DF
[766] [M]: 0x80000BE4 (0x05DF7FD3) fadd.h ft11, ft10, ft9, dyn
f31 <- 0xFFFFFFFFFFFF7E00


mem[X,0x80000BE8] -> 0x2273
mem[X,0x80000BEA] -> 0x0030
[767] [M]: 0x80000BE8 (0x00302273) csrrs tp, fcsr, zero
CSR fcsr -> 0x00000000
x4 <- 0x00000000


mem[X,0x80000BEC] -> 0xA827
mem[X,0x80000BEE] -> 0x2BF0
[768] [M]: 0x80000BEC (0x2BF0A827) fsw ft11, 688(ra)
mem[0x800096C4] <- 0xFFFF7E00


mem[X,0x80000BF0] -> 0xAA23
mem[X,0x80000BF2] -> 0x2A40
[769] [M]: 0x80000BF0 (0x2A40AA23) sw tp, 692(ra)
mem[0x800096C8] <- 0x00000000


mem[X,0x80000BF4] -> 0xAF07
mem[X,0x80000BF6] -> 0x2B81
[770] [M]: 0x80000BF4 (0x2B81AF07) flw ft10, 696(gp)
mem[R,0x800082C8] -> 0x00008001
f30 <- 0xFFFFFFFF00008001


mem[X,0x80000BF8] -> 0xAE87
mem[X,0x80000BFA] -> 0x2BC1
[771] [M]: 0x80000BF8 (0x2BC1AE87) flw ft9, 700(gp)
mem[R,0x800082CC] -> 0x0000FC00
f29 <- 0xFFFFFFFF0000FC00


mem[X,0x80000BFC] -> 0x0113
mem[X,0x80000BFE] -> 0x0000
[772] [M]: 0x80000BFC (0x00000113) addi sp, zero, 0
x2 <- 0x00000000


mem[X,0x80000C00] -> 0x1073
mem[X,0x80000C02] -> 0x0031
[773] [M]: 0x80000C00 (0x00311073) csrrw zero, fcsr, sp
CSR fcsr -> 0x00000000
CSR fcsr <- 0x00000000 (input: 0x00000000)


mem[X,0x80000C04] -> 0x7FD3
mem[X,0x80000C06] -> 0x05DF
[774] [M]: 0x80000C04 (0x05DF7FD3) fadd.h ft11, ft10, ft9, dyn
f31 <- 0xFFFFFFFFFFFF7E00


mem[X,0x80000C08] -> 0x2273
mem[X,0x80000C0A] -> 0x0030
[775] [M]: 0x80000C08 (0x00302273) csrrs tp, fcsr, zero
CSR fcsr -> 0x00000000
x4 <- 0x00000000


mem[X,0x80000C0C] -> 0xAC27
mem[X,0x80000C0E] -> 0x2BF0
[776] [M]: 0x80000C0C (0x2BF0AC27) fsw ft11, 696(ra)
mem[0x800096CC] <- 0xFFFF7E00


mem[X,0x80000C10] -> 0xAE23
mem[X,0x80000C12] -> 0x2A40
[777] [M]: 0x80000C10 (0x2A40AE23) sw tp, 700(ra)
mem[0x800096D0] <- 0x00000000


mem[X,0x80000C14] -> 0xAF07
mem[X,0x80000C16] -> 0x2C01
[778] [M]: 0x80000C14 (0x2C01AF07) flw ft10, 704(gp)
mem[R,0x800082D0] -> 0x00008001
f30 <- 0xFFFFFFFF00008001


mem[X,0x80000C18] -> 0xAE87
mem[X,0x80000C1A] -> 0x2C41
[779] [M]: 0x80000C18 (0x2C41AE87) flw ft9, 708(gp)
mem[R,0x800082D4] -> 0x00007E00
f29 <- 0xFFFFFFFF00007E00


mem[X,0x80000C1C] -> 0x0113
mem[X,0x80000C1E] -> 0x0000
[780] [M]: 0x80000C1C (0x00000113) addi sp, zero, 0
x2 <- 0x00000000


mem[X,0x80000C20] -> 0x1073
mem[X,0x80000C22] -> 0x0031
[781] [M]: 0x80000C20 (0x00311073) csrrw zero, fcsr, sp
CSR fcsr -> 0x00000000
CSR fcsr <- 0x00000000 (input: 0x00000000)


mem[X,0x80000C24] -> 0x7FD3
mem[X,0x80000C26] -> 0x05DF
[782] [M]: 0x80000C24 (0x05DF7FD3) fadd.h ft11, ft10, ft9, dyn
f31 <- 0xFFFFFFFFFFFF7E00


mem[X,0x80000C28] -> 0x2273
mem[X,0x80000C2A] -> 0x0030
[783] [M]: 0x80000C28 (0x00302273) csrrs tp, fcsr, zero
CSR fcsr -> 0x00000000
x4 <- 0x00000000


mem[X,0x80000C2C] -> 0xA027
mem[X,0x80000C2E] -> 0x2DF0
[784] [M]: 0x80000C2C (0x2DF0A027) fsw ft11, 704(ra)
mem[0x800096D4] <- 0xFFFF7E00


mem[X,0x80000C30] -> 0xA223
mem[X,0x80000C32] -> 0x2C40
[785] [M]: 0x80000C30 (0x2C40A223) sw tp, 708(ra)
mem[0x800096D8] <- 0x00000000


mem[X,0x80000C34] -> 0xAF07
mem[X,0x80000C36] -> 0x2C81
[786] [M]: 0x80000C34 (0x2C81AF07) flw ft10, 712(gp)
mem[R,0x800082D8] -> 0x00008001
f30 <- 0xFFFFFFFF00008001


mem[X,0x80000C38] -> 0xAE87
mem[X,0x80000C3A] -> 0x2CC1
[787] [M]: 0x80000C38 (0x2CC1AE87) flw ft9, 716(gp)
mem[R,0x800082DC] -> 0x0000FE00
f29 <- 0xFFFFFFFF0000FE00


mem[X,0x80000C3C] -> 0x0113
mem[X,0x80000C3E] -> 0x0000
[788] [M]: 0x80000C3C (0x00000113) addi sp, zero, 0
x2 <- 0x00000000


mem[X,0x80000C40] -> 0x1073
mem[X,0x80000C42] -> 0x0031
[789] [M]: 0x80000C40 (0x00311073) csrrw zero, fcsr, sp
CSR fcsr -> 0x00000000
CSR fcsr <- 0x00000000 (input: 0x00000000)


mem[X,0x80000C44] -> 0x7FD3
mem[X,0x80000C46] -> 0x05DF
[790] [M]: 0x80000C44 (0x05DF7FD3) fadd.h ft11, ft10, ft9, dyn
f31 <- 0xFFFFFFFFFFFF7E00


mem[X,0x80000C48] -> 0x2273
mem[X,0x80000C4A] -> 0x0030
[791] [M]: 0x80000C48 (0x00302273) csrrs tp, fcsr, zero
CSR fcsr -> 0x00000000
x4 <- 0x00000000


mem[X,0x80000C4C] -> 0xA427
mem[X,0x80000C4E] -> 0x2DF0
[792] [M]: 0x80000C4C (0x2DF0A427) fsw ft11, 712(ra)
mem[0x800096DC] <- 0xFFFF7E00


mem[X,0x80000C50] -> 0xA623
mem[X,0x80000C52] -> 0x2C40
[793] [M]: 0x80000C50 (0x2C40A623) sw tp, 716(ra)
mem[0x800096E0] <- 0x00000000


mem[X,0x80000C54] -> 0xAF07
mem[X,0x80000C56] -> 0x2D01
[794] [M]: 0x80000C54 (0x2D01AF07) flw ft10, 720(gp)
mem[R,0x800082E0] -> 0x00008001
f30 <- 0xFFFFFFFF00008001


mem[X,0x80000C58] -> 0xAE87
mem[X,0x80000C5A] -> 0x2D41
[795] [M]: 0x80000C58 (0x2D41AE87) flw ft9, 724(gp)
mem[R,0x800082E4] -> 0x00007E01
f29 <- 0xFFFFFFFF00007E01


mem[X,0x80000C5C] -> 0x0113
mem[X,0x80000C5E] -> 0x0000
[796] [M]: 0x80000C5C (0x00000113) addi sp, zero, 0
x2 <- 0x00000000


mem[X,0x80000C60] -> 0x1073
mem[X,0x80000C62] -> 0x0031
[797] [M]: 0x80000C60 (0x00311073) csrrw zero, fcsr, sp
CSR fcsr -> 0x00000000
CSR fcsr <- 0x00000000 (input: 0x00000000)


mem[X,0x80000C64] -> 0x7FD3
mem[X,0x80000C66] -> 0x05DF
[798] [M]: 0x80000C64 (0x05DF7FD3) fadd.h ft11, ft10, ft9, dyn
f31 <- 0xFFFFFFFFFFFF7E00


mem[X,0x80000C68] -> 0x2273
mem[X,0x80000C6A] -> 0x0030
[799] [M]: 0x80000C68 (0x00302273) csrrs tp, fcsr, zero
CSR fcsr -> 0x00000000
x4 <- 0x00000000


clint::tick mtime <- 0x0000000000000008
 clint timer pending at mtime 0x0000000000000008
htif::tick 0x0000000000000000
mem[X,0x80000C6C] -> 0xA827
mem[X,0x80000C6E] -> 0x2DF0
[800] [M]: 0x80000C6C (0x2DF0A827) fsw ft11, 720(ra)
mem[0x800096E4] <- 0xFFFF7E00


mem[X,0x80000C70] -> 0xAA23
mem[X,0x80000C72] -> 0x2C40
[801] [M]: 0x80000C70 (0x2C40AA23) sw tp, 724(ra)
mem[0x800096E8] <- 0x00000000


mem[X,0x80000C74] -> 0xAF07
mem[X,0x80000C76] -> 0x2D81
[802] [M]: 0x80000C74 (0x2D81AF07) flw ft10, 728(gp)
mem[R,0x800082E8] -> 0x00008001
f30 <- 0xFFFFFFFF00008001


mem[X,0x80000C78] -> 0xAE87
mem[X,0x80000C7A] -> 0x2DC1
[803] [M]: 0x80000C78 (0x2DC1AE87) flw ft9, 732(gp)
mem[R,0x800082EC] -> 0x0000FE55
f29 <- 0xFFFFFFFF0000FE55


mem[X,0x80000C7C] -> 0x0113
mem[X,0x80000C7E] -> 0x0000
[804] [M]: 0x80000C7C (0x00000113) addi sp, zero, 0
x2 <- 0x00000000


mem[X,0x80000C80] -> 0x1073
mem[X,0x80000C82] -> 0x0031
[805] [M]: 0x80000C80 (0x00311073) csrrw zero, fcsr, sp
CSR fcsr -> 0x00000000
CSR fcsr <- 0x00000000 (input: 0x00000000)


mem[X,0x80000C84] -> 0x7FD3
mem[X,0x80000C86] -> 0x05DF
[806] [M]: 0x80000C84 (0x05DF7FD3) fadd.h ft11, ft10, ft9, dyn
f31 <- 0xFFFFFFFFFFFF7E00


mem[X,0x80000C88] -> 0x2273
mem[X,0x80000C8A] -> 0x0030
[807] [M]: 0x80000C88 (0x00302273) csrrs tp, fcsr, zero
CSR fcsr -> 0x00000000
x4 <- 0x00000000


mem[X,0x80000C8C] -> 0xAC27
mem[X,0x80000C8E] -> 0x2DF0
[808] [M]: 0x80000C8C (0x2DF0AC27) fsw ft11, 728(ra)
mem[0x800096EC] <- 0xFFFF7E00


mem[X,0x80000C90] -> 0xAE23
mem[X,0x80000C92] -> 0x2C40
[809] [M]: 0x80000C90 (0x2C40AE23) sw tp, 732(ra)
mem[0x800096F0] <- 0x00000000


mem[X,0x80000C94] -> 0xAF07
mem[X,0x80000C96] -> 0x2E01
[810] [M]: 0x80000C94 (0x2E01AF07) flw ft10, 736(gp)
mem[R,0x800082F0] -> 0x00008001
f30 <- 0xFFFFFFFF00008001


mem[X,0x80000C98] -> 0xAE87
mem[X,0x80000C9A] -> 0x2E41
[811] [M]: 0x80000C98 (0x2E41AE87) flw ft9, 740(gp)
mem[R,0x800082F4] -> 0x00007C01
f29 <- 0xFFFFFFFF00007C01


mem[X,0x80000C9C] -> 0x0113
mem[X,0x80000C9E] -> 0x0000
[812] [M]: 0x80000C9C (0x00000113) addi sp, zero, 0
x2 <- 0x00000000


mem[X,0x80000CA0] -> 0x1073
mem[X,0x80000CA2] -> 0x0031
[813] [M]: 0x80000CA0 (0x00311073) csrrw zero, fcsr, sp
CSR fcsr -> 0x00000000
CSR fcsr <- 0x00000000 (input: 0x00000000)


mem[X,0x80000CA4] -> 0x7FD3
mem[X,0x80000CA6] -> 0x05DF
[814] [M]: 0x80000CA4 (0x05DF7FD3) fadd.h ft11, ft10, ft9, dyn
f31 <- 0xFFFFFFFFFFFF7E00


mem[X,0x80000CA8] -> 0x2273
mem[X,0x80000CAA] -> 0x0030
[815] [M]: 0x80000CA8 (0x00302273) csrrs tp, fcsr, zero
CSR fcsr -> 0x00000000
x4 <- 0x00000000


mem[X,0x80000CAC] -> 0xA027
mem[X,0x80000CAE] -> 0x2FF0
[816] [M]: 0x80000CAC (0x2FF0A027) fsw ft11, 736(ra)
mem[0x800096F4] <- 0xFFFF7E00


mem[X,0x80000CB0] -> 0xA223
mem[X,0x80000CB2] -> 0x2E40
[817] [M]: 0x80000CB0 (0x2E40A223) sw tp, 740(ra)
mem[0x800096F8] <- 0x00000000


mem[X,0x80000CB4] -> 0xAF07
mem[X,0x80000CB6] -> 0x2E81
[818] [M]: 0x80000CB4 (0x2E81AF07) flw ft10, 744(gp)
mem[R,0x800082F8] -> 0x00008001
f30 <- 0xFFFFFFFF00008001


mem[X,0x80000CB8] -> 0xAE87
mem[X,0x80000CBA] -> 0x2EC1
[819] [M]: 0x80000CB8 (0x2EC1AE87) flw ft9, 748(gp)
mem[R,0x800082FC] -> 0x0000FD55
f29 <- 0xFFFFFFFF0000FD55


mem[X,0x80000CBC] -> 0x0113
mem[X,0x80000CBE] -> 0x0000
[820] [M]: 0x80000CBC (0x00000113) addi sp, zero, 0
x2 <- 0x00000000


mem[X,0x80000CC0] -> 0x1073
mem[X,0x80000CC2] -> 0x0031
[821] [M]: 0x80000CC0 (0x00311073) csrrw zero, fcsr, sp
CSR fcsr -> 0x00000000
CSR fcsr <- 0x00000000 (input: 0x00000000)


mem[X,0x80000CC4] -> 0x7FD3
mem[X,0x80000CC6] -> 0x05DF
[822] [M]: 0x80000CC4 (0x05DF7FD3) fadd.h ft11, ft10, ft9, dyn
f31 <- 0xFFFFFFFFFFFF7E00


mem[X,0x80000CC8] -> 0x2273
mem[X,0x80000CCA] -> 0x0030
[823] [M]: 0x80000CC8 (0x00302273) csrrs tp, fcsr, zero
CSR fcsr -> 0x00000000
x4 <- 0x00000000


mem[X,0x80000CCC] -> 0xA427
mem[X,0x80000CCE] -> 0x2FF0
[824] [M]: 0x80000CCC (0x2FF0A427) fsw ft11, 744(ra)
mem[0x800096FC] <- 0xFFFF7E00


mem[X,0x80000CD0] -> 0xA623
mem[X,0x80000CD2] -> 0x2E40
[825] [M]: 0x80000CD0 (0x2E40A623) sw tp, 748(ra)
mem[0x80009700] <- 0x00000000


mem[X,0x80000CD4] -> 0xAF07
mem[X,0x80000CD6] -> 0x2F01
[826] [M]: 0x80000CD4 (0x2F01AF07) flw ft10, 752(gp)
mem[R,0x80008300] -> 0x00008001
f30 <- 0xFFFFFFFF00008001


mem[X,0x80000CD8] -> 0xAE87
mem[X,0x80000CDA] -> 0x2F41
[827] [M]: 0x80000CD8 (0x2F41AE87) flw ft9, 756(gp)
mem[R,0x80008304] -> 0x00003C00
f29 <- 0xFFFFFFFF00003C00


mem[X,0x80000CDC] -> 0x0113
mem[X,0x80000CDE] -> 0x0000
[828] [M]: 0x80000CDC (0x00000113) addi sp, zero, 0
x2 <- 0x00000000


mem[X,0x80000CE0] -> 0x1073
mem[X,0x80000CE2] -> 0x0031
[829] [M]: 0x80000CE0 (0x00311073) csrrw zero, fcsr, sp
CSR fcsr -> 0x00000000
CSR fcsr <- 0x00000000 (input: 0x00000000)


mem[X,0x80000CE4] -> 0x7FD3
mem[X,0x80000CE6] -> 0x05DF
[830] [M]: 0x80000CE4 (0x05DF7FD3) fadd.h ft11, ft10, ft9, dyn
f31 <- 0xFFFFFFFFFFFF7E00


mem[X,0x80000CE8] -> 0x2273
mem[X,0x80000CEA] -> 0x0030
[831] [M]: 0x80000CE8 (0x00302273) csrrs tp, fcsr, zero
CSR fcsr -> 0x00000000
x4 <- 0x00000000


mem[X,0x80000CEC] -> 0xA827
mem[X,0x80000CEE] -> 0x2FF0
[832] [M]: 0x80000CEC (0x2FF0A827) fsw ft11, 752(ra)
mem[0x80009704] <- 0xFFFF7E00


mem[X,0x80000CF0] -> 0xAA23
mem[X,0x80000CF2] -> 0x2E40
[833] [M]: 0x80000CF0 (0x2E40AA23) sw tp, 756(ra)
mem[0x80009708] <- 0x00000000


mem[X,0x80000CF4] -> 0xAF07
mem[X,0x80000CF6] -> 0x2F81
[834] [M]: 0x80000CF4 (0x2F81AF07) flw ft10, 760(gp)
mem[R,0x80008308] -> 0x00008001
f30 <- 0xFFFFFFFF00008001


mem[X,0x80000CF8] -> 0xAE87
mem[X,0x80000CFA] -> 0x2FC1
[835] [M]: 0x80000CF8 (0x2FC1AE87) flw ft9, 764(gp)
mem[R,0x8000830C] -> 0x0000BC00
f29 <- 0xFFFFFFFF0000BC00


mem[X,0x80000CFC] -> 0x0113
mem[X,0x80000CFE] -> 0x0000
[836] [M]: 0x80000CFC (0x00000113) addi sp, zero, 0
x2 <- 0x00000000


mem[X,0x80000D00] -> 0x1073
mem[X,0x80000D02] -> 0x0031
[837] [M]: 0x80000D00 (0x00311073) csrrw zero, fcsr, sp
CSR fcsr -> 0x00000000
CSR fcsr <- 0x00000000 (input: 0x00000000)


mem[X,0x80000D04] -> 0x7FD3
mem[X,0x80000D06] -> 0x05DF
[838] [M]: 0x80000D04 (0x05DF7FD3) fadd.h ft11, ft10, ft9, dyn
f31 <- 0xFFFFFFFFFFFF7E00


mem[X,0x80000D08] -> 0x2273
mem[X,0x80000D0A] -> 0x0030
[839] [M]: 0x80000D08 (0x00302273) csrrs tp, fcsr, zero
CSR fcsr -> 0x00000000
x4 <- 0x00000000


mem[X,0x80000D0C] -> 0xAC27
mem[X,0x80000D0E] -> 0x2FF0
[840] [M]: 0x80000D0C (0x2FF0AC27) fsw ft11, 760(ra)
mem[0x8000970C] <- 0xFFFF7E00


mem[X,0x80000D10] -> 0xAE23
mem[X,0x80000D12] -> 0x2E40
[841] [M]: 0x80000D10 (0x2E40AE23) sw tp, 764(ra)
mem[0x80009710] <- 0x00000000


mem[X,0x80000D14] -> 0xAF07
mem[X,0x80000D16] -> 0x3001
[842] [M]: 0x80000D14 (0x3001AF07) flw ft10, 768(gp)
mem[R,0x80008310] -> 0x00000002
f30 <- 0xFFFFFFFF00000002


mem[X,0x80000D18] -> 0xAE87
mem[X,0x80000D1A] -> 0x3041
[843] [M]: 0x80000D18 (0x3041AE87) flw ft9, 772(gp)
mem[R,0x80008314] -> 0x00000000
f29 <- 0xFFFFFFFF00000000


mem[X,0x80000D1C] -> 0x0113
mem[X,0x80000D1E] -> 0x0000
[844] [M]: 0x80000D1C (0x00000113) addi sp, zero, 0
x2 <- 0x00000000


mem[X,0x80000D20] -> 0x1073
mem[X,0x80000D22] -> 0x0031
[845] [M]: 0x80000D20 (0x00311073) csrrw zero, fcsr, sp
CSR fcsr -> 0x00000000
CSR fcsr <- 0x00000000 (input: 0x00000000)


mem[X,0x80000D24] -> 0x7FD3
mem[X,0x80000D26] -> 0x05DF
[846] [M]: 0x80000D24 (0x05DF7FD3) fadd.h ft11, ft10, ft9, dyn
f31 <- 0xFFFFFFFFFFFF7E00


mem[X,0x80000D28] -> 0x2273
mem[X,0x80000D2A] -> 0x0030
[847] [M]: 0x80000D28 (0x00302273) csrrs tp, fcsr, zero
CSR fcsr -> 0x00000000
x4 <- 0x00000000


mem[X,0x80000D2C] -> 0xA027
mem[X,0x80000D2E] -> 0x31F0
[848] [M]: 0x80000D2C (0x31F0A027) fsw ft11, 768(ra)
mem[0x80009714] <- 0xFFFF7E00


mem[X,0x80000D30] -> 0xA223
mem[X,0x80000D32] -> 0x3040
[849] [M]: 0x80000D30 (0x3040A223) sw tp, 772(ra)
mem[0x80009718] <- 0x00000000


mem[X,0x80000D34] -> 0xAF07
mem[X,0x80000D36] -> 0x3081
[850] [M]: 0x80000D34 (0x3081AF07) flw ft10, 776(gp)
mem[R,0x80008318] -> 0x00000002
f30 <- 0xFFFFFFFF00000002


mem[X,0x80000D38] -> 0xAE87
mem[X,0x80000D3A] -> 0x30C1
[851] [M]: 0x80000D38 (0x30C1AE87) flw ft9, 780(gp)
mem[R,0x8000831C] -> 0x00008000
f29 <- 0xFFFFFFFF00008000


mem[X,0x80000D3C] -> 0x0113
mem[X,0x80000D3E] -> 0x0000
[852] [M]: 0x80000D3C (0x00000113) addi sp, zero, 0
x2 <- 0x00000000


mem[X,0x80000D40] -> 0x1073
mem[X,0x80000D42] -> 0x0031
[853] [M]: 0x80000D40 (0x00311073) csrrw zero, fcsr, sp
CSR fcsr -> 0x00000000
CSR fcsr <- 0x00000000 (input: 0x00000000)


mem[X,0x80000D44] -> 0x7FD3
mem[X,0x80000D46] -> 0x05DF
[854] [M]: 0x80000D44 (0x05DF7FD3) fadd.h ft11, ft10, ft9, dyn
f31 <- 0xFFFFFFFFFFFF7E00


mem[X,0x80000D48] -> 0x2273
mem[X,0x80000D4A] -> 0x0030
[855] [M]: 0x80000D48 (0x00302273) csrrs tp, fcsr, zero
CSR fcsr -> 0x00000000
x4 <- 0x00000000


mem[X,0x80000D4C] -> 0xA427
mem[X,0x80000D4E] -> 0x31F0
[856] [M]: 0x80000D4C (0x31F0A427) fsw ft11, 776(ra)
mem[0x8000971C] <- 0xFFFF7E00


mem[X,0x80000D50] -> 0xA623
mem[X,0x80000D52] -> 0x3040
[857] [M]: 0x80000D50 (0x3040A623) sw tp, 780(ra)
mem[0x80009720] <- 0x00000000


mem[X,0x80000D54] -> 0xAF07
mem[X,0x80000D56] -> 0x3101
[858] [M]: 0x80000D54 (0x3101AF07) flw ft10, 784(gp)
mem[R,0x80008320] -> 0x00000002
f30 <- 0xFFFFFFFF00000002


mem[X,0x80000D58] -> 0xAE87
mem[X,0x80000D5A] -> 0x3141
[859] [M]: 0x80000D58 (0x3141AE87) flw ft9, 788(gp)
mem[R,0x80008324] -> 0x00000001
f29 <- 0xFFFFFFFF00000001


mem[X,0x80000D5C] -> 0x0113
mem[X,0x80000D5E] -> 0x0000
[860] [M]: 0x80000D5C (0x00000113) addi sp, zero, 0
x2 <- 0x00000000


mem[X,0x80000D60] -> 0x1073
mem[X,0x80000D62] -> 0x0031
[861] [M]: 0x80000D60 (0x00311073) csrrw zero, fcsr, sp
CSR fcsr -> 0x00000000
CSR fcsr <- 0x00000000 (input: 0x00000000)


mem[X,0x80000D64] -> 0x7FD3
mem[X,0x80000D66] -> 0x05DF
[862] [M]: 0x80000D64 (0x05DF7FD3) fadd.h ft11, ft10, ft9, dyn
f31 <- 0xFFFFFFFFFFFF7E00


mem[X,0x80000D68] -> 0x2273
mem[X,0x80000D6A] -> 0x0030
[863] [M]: 0x80000D68 (0x00302273) csrrs tp, fcsr, zero
CSR fcsr -> 0x00000000
x4 <- 0x00000000


mem[X,0x80000D6C] -> 0xA827
mem[X,0x80000D6E] -> 0x31F0
[864] [M]: 0x80000D6C (0x31F0A827) fsw ft11, 784(ra)
mem[0x80009724] <- 0xFFFF7E00


mem[X,0x80000D70] -> 0xAA23
mem[X,0x80000D72] -> 0x3040
[865] [M]: 0x80000D70 (0x3040AA23) sw tp, 788(ra)
mem[0x80009728] <- 0x00000000


mem[X,0x80000D74] -> 0xAF07
mem[X,0x80000D76] -> 0x3181
[866] [M]: 0x80000D74 (0x3181AF07) flw ft10, 792(gp)
mem[R,0x80008328] -> 0x00000002
f30 <- 0xFFFFFFFF00000002


mem[X,0x80000D78] -> 0xAE87
mem[X,0x80000D7A] -> 0x31C1
[867] [M]: 0x80000D78 (0x31C1AE87) flw ft9, 796(gp)
mem[R,0x8000832C] -> 0x00008001
f29 <- 0xFFFFFFFF00008001


mem[X,0x80000D7C] -> 0x0113
mem[X,0x80000D7E] -> 0x0000
[868] [M]: 0x80000D7C (0x00000113) addi sp, zero, 0
x2 <- 0x00000000


mem[X,0x80000D80] -> 0x1073
mem[X,0x80000D82] -> 0x0031
[869] [M]: 0x80000D80 (0x00311073) csrrw zero, fcsr, sp
CSR fcsr -> 0x00000000
CSR fcsr <- 0x00000000 (input: 0x00000000)


mem[X,0x80000D84] -> 0x7FD3
mem[X,0x80000D86] -> 0x05DF
[870] [M]: 0x80000D84 (0x05DF7FD3) fadd.h ft11, ft10, ft9, dyn
f31 <- 0xFFFFFFFFFFFF7E00


mem[X,0x80000D88] -> 0x2273
mem[X,0x80000D8A] -> 0x0030
[871] [M]: 0x80000D88 (0x00302273) csrrs tp, fcsr, zero
CSR fcsr -> 0x00000000
x4 <- 0x00000000


mem[X,0x80000D8C] -> 0xAC27
mem[X,0x80000D8E] -> 0x31F0
[872] [M]: 0x80000D8C (0x31F0AC27) fsw ft11, 792(ra)
mem[0x8000972C] <- 0xFFFF7E00


mem[X,0x80000D90] -> 0xAE23
mem[X,0x80000D92] -> 0x3040
[873] [M]: 0x80000D90 (0x3040AE23) sw tp, 796(ra)
mem[0x80009730] <- 0x00000000


mem[X,0x80000D94] -> 0xAF07
mem[X,0x80000D96] -> 0x3201
[874] [M]: 0x80000D94 (0x3201AF07) flw ft10, 800(gp)
mem[R,0x80008330] -> 0x00000002
f30 <- 0xFFFFFFFF00000002


mem[X,0x80000D98] -> 0xAE87
mem[X,0x80000D9A] -> 0x3241
[875] [M]: 0x80000D98 (0x3241AE87) flw ft9, 804(gp)
mem[R,0x80008334] -> 0x00000002
f29 <- 0xFFFFFFFF00000002


mem[X,0x80000D9C] -> 0x0113
mem[X,0x80000D9E] -> 0x0000
[876] [M]: 0x80000D9C (0x00000113) addi sp, zero, 0
x2 <- 0x00000000


mem[X,0x80000DA0] -> 0x1073
mem[X,0x80000DA2] -> 0x0031
[877] [M]: 0x80000DA0 (0x00311073) csrrw zero, fcsr, sp
CSR fcsr -> 0x00000000
CSR fcsr <- 0x00000000 (input: 0x00000000)


mem[X,0x80000DA4] -> 0x7FD3
mem[X,0x80000DA6] -> 0x05DF
[878] [M]: 0x80000DA4 (0x05DF7FD3) fadd.h ft11, ft10, ft9, dyn
f31 <- 0xFFFFFFFFFFFF7E00


mem[X,0x80000DA8] -> 0x2273
mem[X,0x80000DAA] -> 0x0030
[879] [M]: 0x80000DA8 (0x00302273) csrrs tp, fcsr, zero
CSR fcsr -> 0x00000000
x4 <- 0x00000000


mem[X,0x80000DAC] -> 0xA027
mem[X,0x80000DAE] -> 0x33F0
[880] [M]: 0x80000DAC (0x33F0A027) fsw ft11, 800(ra)
mem[0x80009734] <- 0xFFFF7E00


mem[X,0x80000DB0] -> 0xA223
mem[X,0x80000DB2] -> 0x3240
[881] [M]: 0x80000DB0 (0x3240A223) sw tp, 804(ra)
mem[0x80009738] <- 0x00000000


mem[X,0x80000DB4] -> 0xAF07
mem[X,0x80000DB6] -> 0x3281
[882] [M]: 0x80000DB4 (0x3281AF07) flw ft10, 808(gp)
mem[R,0x80008338] -> 0x00000002
f30 <- 0xFFFFFFFF00000002


mem[X,0x80000DB8] -> 0xAE87
mem[X,0x80000DBA] -> 0x32C1
[883] [M]: 0x80000DB8 (0x32C1AE87) flw ft9, 812(gp)
mem[R,0x8000833C] -> 0x000083FE
f29 <- 0xFFFFFFFF000083FE


mem[X,0x80000DBC] -> 0x0113
mem[X,0x80000DBE] -> 0x0000
[884] [M]: 0x80000DBC (0x00000113) addi sp, zero, 0
x2 <- 0x00000000


mem[X,0x80000DC0] -> 0x1073
mem[X,0x80000DC2] -> 0x0031
[885] [M]: 0x80000DC0 (0x00311073) csrrw zero, fcsr, sp
CSR fcsr -> 0x00000000
CSR fcsr <- 0x00000000 (input: 0x00000000)


mem[X,0x80000DC4] -> 0x7FD3
mem[X,0x80000DC6] -> 0x05DF
[886] [M]: 0x80000DC4 (0x05DF7FD3) fadd.h ft11, ft10, ft9, dyn
f31 <- 0xFFFFFFFFFFFF7E00


mem[X,0x80000DC8] -> 0x2273
mem[X,0x80000DCA] -> 0x0030
[887] [M]: 0x80000DC8 (0x00302273) csrrs tp, fcsr, zero
CSR fcsr -> 0x00000000
x4 <- 0x00000000


mem[X,0x80000DCC] -> 0xA427
mem[X,0x80000DCE] -> 0x33F0
[888] [M]: 0x80000DCC (0x33F0A427) fsw ft11, 808(ra)
mem[0x8000973C] <- 0xFFFF7E00


mem[X,0x80000DD0] -> 0xA623
mem[X,0x80000DD2] -> 0x3240
[889] [M]: 0x80000DD0 (0x3240A623) sw tp, 812(ra)
mem[0x80009740] <- 0x00000000


mem[X,0x80000DD4] -> 0xAF07
mem[X,0x80000DD6] -> 0x3301
[890] [M]: 0x80000DD4 (0x3301AF07) flw ft10, 816(gp)
mem[R,0x80008340] -> 0x00000002
f30 <- 0xFFFFFFFF00000002


mem[X,0x80000DD8] -> 0xAE87
mem[X,0x80000DDA] -> 0x3341
[891] [M]: 0x80000DD8 (0x3341AE87) flw ft9, 820(gp)
mem[R,0x80008344] -> 0x000003FF
f29 <- 0xFFFFFFFF000003FF


mem[X,0x80000DDC] -> 0x0113
mem[X,0x80000DDE] -> 0x0000
[892] [M]: 0x80000DDC (0x00000113) addi sp, zero, 0
x2 <- 0x00000000


mem[X,0x80000DE0] -> 0x1073
mem[X,0x80000DE2] -> 0x0031
[893] [M]: 0x80000DE0 (0x00311073) csrrw zero, fcsr, sp
CSR fcsr -> 0x00000000
CSR fcsr <- 0x00000000 (input: 0x00000000)


mem[X,0x80000DE4] -> 0x7FD3
mem[X,0x80000DE6] -> 0x05DF
[894] [M]: 0x80000DE4 (0x05DF7FD3) fadd.h ft11, ft10, ft9, dyn
f31 <- 0xFFFFFFFFFFFF7E00


mem[X,0x80000DE8] -> 0x2273
mem[X,0x80000DEA] -> 0x0030
[895] [M]: 0x80000DE8 (0x00302273) csrrs tp, fcsr, zero
CSR fcsr -> 0x00000000
x4 <- 0x00000000


mem[X,0x80000DEC] -> 0xA827
mem[X,0x80000DEE] -> 0x33F0
[896] [M]: 0x80000DEC (0x33F0A827) fsw ft11, 816(ra)
mem[0x80009744] <- 0xFFFF7E00


mem[X,0x80000DF0] -> 0xAA23
mem[X,0x80000DF2] -> 0x3240
[897] [M]: 0x80000DF0 (0x3240AA23) sw tp, 820(ra)
mem[0x80009748] <- 0x00000000


mem[X,0x80000DF4] -> 0xAF07
mem[X,0x80000DF6] -> 0x3381
[898] [M]: 0x80000DF4 (0x3381AF07) flw ft10, 824(gp)
mem[R,0x80008348] -> 0x00000002
f30 <- 0xFFFFFFFF00000002


mem[X,0x80000DF8] -> 0xAE87
mem[X,0x80000DFA] -> 0x33C1
[899] [M]: 0x80000DF8 (0x33C1AE87) flw ft9, 828(gp)
mem[R,0x8000834C] -> 0x000083FF
f29 <- 0xFFFFFFFF000083FF


clint::tick mtime <- 0x0000000000000009
 clint timer pending at mtime 0x0000000000000009
htif::tick 0x0000000000000000
mem[X,0x80000DFC] -> 0x0113
mem[X,0x80000DFE] -> 0x0000
[900] [M]: 0x80000DFC (0x00000113) addi sp, zero, 0
x2 <- 0x00000000


mem[X,0x80000E00] -> 0x1073
mem[X,0x80000E02] -> 0x0031
[901] [M]: 0x80000E00 (0x00311073) csrrw zero, fcsr, sp
CSR fcsr -> 0x00000000
CSR fcsr <- 0x00000000 (input: 0x00000000)


mem[X,0x80000E04] -> 0x7FD3
mem[X,0x80000E06] -> 0x05DF
[902] [M]: 0x80000E04 (0x05DF7FD3) fadd.h ft11, ft10, ft9, dyn
f31 <- 0xFFFFFFFFFFFF7E00


mem[X,0x80000E08] -> 0x2273
mem[X,0x80000E0A] -> 0x0030
[903] [M]: 0x80000E08 (0x00302273) csrrs tp, fcsr, zero
CSR fcsr -> 0x00000000
x4 <- 0x00000000


mem[X,0x80000E0C] -> 0xAC27
mem[X,0x80000E0E] -> 0x33F0
[904] [M]: 0x80000E0C (0x33F0AC27) fsw ft11, 824(ra)
mem[0x8000974C] <- 0xFFFF7E00


mem[X,0x80000E10] -> 0xAE23
mem[X,0x80000E12] -> 0x3240
[905] [M]: 0x80000E10 (0x3240AE23) sw tp, 828(ra)
mem[0x80009750] <- 0x00000000


mem[X,0x80000E14] -> 0xAF07
mem[X,0x80000E16] -> 0x3401
[906] [M]: 0x80000E14 (0x3401AF07) flw ft10, 832(gp)
mem[R,0x80008350] -> 0x00000002
f30 <- 0xFFFFFFFF00000002


mem[X,0x80000E18] -> 0xAE87
mem[X,0x80000E1A] -> 0x3441
[907] [M]: 0x80000E18 (0x3441AE87) flw ft9, 836(gp)
mem[R,0x80008354] -> 0x00000400
f29 <- 0xFFFFFFFF00000400


mem[X,0x80000E1C] -> 0x0113
mem[X,0x80000E1E] -> 0x0000
[908] [M]: 0x80000E1C (0x00000113) addi sp, zero, 0
x2 <- 0x00000000


mem[X,0x80000E20] -> 0x1073
mem[X,0x80000E22] -> 0x0031
[909] [M]: 0x80000E20 (0x00311073) csrrw zero, fcsr, sp
CSR fcsr -> 0x00000000
CSR fcsr <- 0x00000000 (input: 0x00000000)


mem[X,0x80000E24] -> 0x7FD3
mem[X,0x80000E26] -> 0x05DF
[910] [M]: 0x80000E24 (0x05DF7FD3) fadd.h ft11, ft10, ft9, dyn
f31 <- 0xFFFFFFFFFFFF7E00


mem[X,0x80000E28] -> 0x2273
mem[X,0x80000E2A] -> 0x0030
[911] [M]: 0x80000E28 (0x00302273) csrrs tp, fcsr, zero
CSR fcsr -> 0x00000000
x4 <- 0x00000000


mem[X,0x80000E2C] -> 0xA027
mem[X,0x80000E2E] -> 0x35F0
[912] [M]: 0x80000E2C (0x35F0A027) fsw ft11, 832(ra)
mem[0x80009754] <- 0xFFFF7E00


mem[X,0x80000E30] -> 0xA223
mem[X,0x80000E32] -> 0x3440
[913] [M]: 0x80000E30 (0x3440A223) sw tp, 836(ra)
mem[0x80009758] <- 0x00000000


mem[X,0x80000E34] -> 0xAF07
mem[X,0x80000E36] -> 0x3481
[914] [M]: 0x80000E34 (0x3481AF07) flw ft10, 840(gp)
mem[R,0x80008358] -> 0x00000002
f30 <- 0xFFFFFFFF00000002


mem[X,0x80000E38] -> 0xAE87
mem[X,0x80000E3A] -> 0x34C1
[915] [M]: 0x80000E38 (0x34C1AE87) flw ft9, 844(gp)
mem[R,0x8000835C] -> 0x00008400
f29 <- 0xFFFFFFFF00008400


mem[X,0x80000E3C] -> 0x0113
mem[X,0x80000E3E] -> 0x0000
[916] [M]: 0x80000E3C (0x00000113) addi sp, zero, 0
x2 <- 0x00000000


mem[X,0x80000E40] -> 0x1073
mem[X,0x80000E42] -> 0x0031
[917] [M]: 0x80000E40 (0x00311073) csrrw zero, fcsr, sp
CSR fcsr -> 0x00000000
CSR fcsr <- 0x00000000 (input: 0x00000000)


mem[X,0x80000E44] -> 0x7FD3
mem[X,0x80000E46] -> 0x05DF
[918] [M]: 0x80000E44 (0x05DF7FD3) fadd.h ft11, ft10, ft9, dyn
f31 <- 0xFFFFFFFFFFFF7E00


mem[X,0x80000E48] -> 0x2273
mem[X,0x80000E4A] -> 0x0030
[919] [M]: 0x80000E48 (0x00302273) csrrs tp, fcsr, zero
CSR fcsr -> 0x00000000
x4 <- 0x00000000


mem[X,0x80000E4C] -> 0xA427
mem[X,0x80000E4E] -> 0x35F0
[920] [M]: 0x80000E4C (0x35F0A427) fsw ft11, 840(ra)
mem[0x8000975C] <- 0xFFFF7E00


mem[X,0x80000E50] -> 0xA623
mem[X,0x80000E52] -> 0x3440
[921] [M]: 0x80000E50 (0x3440A623) sw tp, 844(ra)
mem[0x80009760] <- 0x00000000


mem[X,0x80000E54] -> 0xAF07
mem[X,0x80000E56] -> 0x3501
[922] [M]: 0x80000E54 (0x3501AF07) flw ft10, 848(gp)
mem[R,0x80008360] -> 0x00000002
f30 <- 0xFFFFFFFF00000002


mem[X,0x80000E58] -> 0xAE87
mem[X,0x80000E5A] -> 0x3541
[923] [M]: 0x80000E58 (0x3541AE87) flw ft9, 852(gp)
mem[R,0x80008364] -> 0x00000401
f29 <- 0xFFFFFFFF00000401


mem[X,0x80000E5C] -> 0x0113
mem[X,0x80000E5E] -> 0x0000
[924] [M]: 0x80000E5C (0x00000113) addi sp, zero, 0
x2 <- 0x00000000


mem[X,0x80000E60] -> 0x1073
mem[X,0x80000E62] -> 0x0031
[925] [M]: 0x80000E60 (0x00311073) csrrw zero, fcsr, sp
CSR fcsr -> 0x00000000
CSR fcsr <- 0x00000000 (input: 0x00000000)


mem[X,0x80000E64] -> 0x7FD3
mem[X,0x80000E66] -> 0x05DF
[926] [M]: 0x80000E64 (0x05DF7FD3) fadd.h ft11, ft10, ft9, dyn
f31 <- 0xFFFFFFFFFFFF7E00


mem[X,0x80000E68] -> 0x2273
mem[X,0x80000E6A] -> 0x0030
[927] [M]: 0x80000E68 (0x00302273) csrrs tp, fcsr, zero
CSR fcsr -> 0x00000000
x4 <- 0x00000000


mem[X,0x80000E6C] -> 0xA827
mem[X,0x80000E6E] -> 0x35F0
[928] [M]: 0x80000E6C (0x35F0A827) fsw ft11, 848(ra)
mem[0x80009764] <- 0xFFFF7E00


mem[X,0x80000E70] -> 0xAA23
mem[X,0x80000E72] -> 0x3440
[929] [M]: 0x80000E70 (0x3440AA23) sw tp, 852(ra)
mem[0x80009768] <- 0x00000000


mem[X,0x80000E74] -> 0xAF07
mem[X,0x80000E76] -> 0x3581
[930] [M]: 0x80000E74 (0x3581AF07) flw ft10, 856(gp)
mem[R,0x80008368] -> 0x00000002
f30 <- 0xFFFFFFFF00000002


mem[X,0x80000E78] -> 0xAE87
mem[X,0x80000E7A] -> 0x35C1
[931] [M]: 0x80000E78 (0x35C1AE87) flw ft9, 860(gp)
mem[R,0x8000836C] -> 0x00008455
f29 <- 0xFFFFFFFF00008455


mem[X,0x80000E7C] -> 0x0113
mem[X,0x80000E7E] -> 0x0000
[932] [M]: 0x80000E7C (0x00000113) addi sp, zero, 0
x2 <- 0x00000000


mem[X,0x80000E80] -> 0x1073
mem[X,0x80000E82] -> 0x0031
[933] [M]: 0x80000E80 (0x00311073) csrrw zero, fcsr, sp
CSR fcsr -> 0x00000000
CSR fcsr <- 0x00000000 (input: 0x00000000)


mem[X,0x80000E84] -> 0x7FD3
mem[X,0x80000E86] -> 0x05DF
[934] [M]: 0x80000E84 (0x05DF7FD3) fadd.h ft11, ft10, ft9, dyn
f31 <- 0xFFFFFFFFFFFF7E00


mem[X,0x80000E88] -> 0x2273
mem[X,0x80000E8A] -> 0x0030
[935] [M]: 0x80000E88 (0x00302273) csrrs tp, fcsr, zero
CSR fcsr -> 0x00000000
x4 <- 0x00000000


mem[X,0x80000E8C] -> 0xAC27
mem[X,0x80000E8E] -> 0x35F0
[936] [M]: 0x80000E8C (0x35F0AC27) fsw ft11, 856(ra)
mem[0x8000976C] <- 0xFFFF7E00


mem[X,0x80000E90] -> 0xAE23
mem[X,0x80000E92] -> 0x3440
[937] [M]: 0x80000E90 (0x3440AE23) sw tp, 860(ra)
mem[0x80009770] <- 0x00000000


mem[X,0x80000E94] -> 0xAF07
mem[X,0x80000E96] -> 0x3601
[938] [M]: 0x80000E94 (0x3601AF07) flw ft10, 864(gp)
mem[R,0x80008370] -> 0x00000002
f30 <- 0xFFFFFFFF00000002


mem[X,0x80000E98] -> 0xAE87
mem[X,0x80000E9A] -> 0x3641
[939] [M]: 0x80000E98 (0x3641AE87) flw ft9, 868(gp)
mem[R,0x80008374] -> 0x00007BFF
f29 <- 0xFFFFFFFF00007BFF


mem[X,0x80000E9C] -> 0x0113
mem[X,0x80000E9E] -> 0x0000
[940] [M]: 0x80000E9C (0x00000113) addi sp, zero, 0
x2 <- 0x00000000


mem[X,0x80000EA0] -> 0x1073
mem[X,0x80000EA2] -> 0x0031
[941] [M]: 0x80000EA0 (0x00311073) csrrw zero, fcsr, sp
CSR fcsr -> 0x00000000
CSR fcsr <- 0x00000000 (input: 0x00000000)


mem[X,0x80000EA4] -> 0x7FD3
mem[X,0x80000EA6] -> 0x05DF
[942] [M]: 0x80000EA4 (0x05DF7FD3) fadd.h ft11, ft10, ft9, dyn
f31 <- 0xFFFFFFFFFFFF7E00


mem[X,0x80000EA8] -> 0x2273
mem[X,0x80000EAA] -> 0x0030
[943] [M]: 0x80000EA8 (0x00302273) csrrs tp, fcsr, zero
CSR fcsr -> 0x00000000
x4 <- 0x00000000


mem[X,0x80000EAC] -> 0xA027
mem[X,0x80000EAE] -> 0x37F0
[944] [M]: 0x80000EAC (0x37F0A027) fsw ft11, 864(ra)
mem[0x80009774] <- 0xFFFF7E00


mem[X,0x80000EB0] -> 0xA223
mem[X,0x80000EB2] -> 0x3640
[945] [M]: 0x80000EB0 (0x3640A223) sw tp, 868(ra)
mem[0x80009778] <- 0x00000000


mem[X,0x80000EB4] -> 0xAF07
mem[X,0x80000EB6] -> 0x3681
[946] [M]: 0x80000EB4 (0x3681AF07) flw ft10, 872(gp)
mem[R,0x80008378] -> 0x00000002
f30 <- 0xFFFFFFFF00000002


mem[X,0x80000EB8] -> 0xAE87
mem[X,0x80000EBA] -> 0x36C1
[947] [M]: 0x80000EB8 (0x36C1AE87) flw ft9, 876(gp)
mem[R,0x8000837C] -> 0x0000FBFF
f29 <- 0xFFFFFFFF0000FBFF


mem[X,0x80000EBC] -> 0x0113
mem[X,0x80000EBE] -> 0x0000
[948] [M]: 0x80000EBC (0x00000113) addi sp, zero, 0
x2 <- 0x00000000


mem[X,0x80000EC0] -> 0x1073
mem[X,0x80000EC2] -> 0x0031
[949] [M]: 0x80000EC0 (0x00311073) csrrw zero, fcsr, sp
CSR fcsr -> 0x00000000
CSR fcsr <- 0x00000000 (input: 0x00000000)


mem[X,0x80000EC4] -> 0x7FD3
mem[X,0x80000EC6] -> 0x05DF
[950] [M]: 0x80000EC4 (0x05DF7FD3) fadd.h ft11, ft10, ft9, dyn
f31 <- 0xFFFFFFFFFFFF7E00


mem[X,0x80000EC8] -> 0x2273
mem[X,0x80000ECA] -> 0x0030
[951] [M]: 0x80000EC8 (0x00302273) csrrs tp, fcsr, zero
CSR fcsr -> 0x00000000
x4 <- 0x00000000


mem[X,0x80000ECC] -> 0xA427
mem[X,0x80000ECE] -> 0x37F0
[952] [M]: 0x80000ECC (0x37F0A427) fsw ft11, 872(ra)
mem[0x8000977C] <- 0xFFFF7E00


mem[X,0x80000ED0] -> 0xA623
mem[X,0x80000ED2] -> 0x3640
[953] [M]: 0x80000ED0 (0x3640A623) sw tp, 876(ra)
mem[0x80009780] <- 0x00000000


mem[X,0x80000ED4] -> 0xAF07
mem[X,0x80000ED6] -> 0x3701
[954] [M]: 0x80000ED4 (0x3701AF07) flw ft10, 880(gp)
mem[R,0x80008380] -> 0x00000002
f30 <- 0xFFFFFFFF00000002


mem[X,0x80000ED8] -> 0xAE87
mem[X,0x80000EDA] -> 0x3741
[955] [M]: 0x80000ED8 (0x3741AE87) flw ft9, 884(gp)
mem[R,0x80008384] -> 0x00007C00
f29 <- 0xFFFFFFFF00007C00


mem[X,0x80000EDC] -> 0x0113
mem[X,0x80000EDE] -> 0x0000
[956] [M]: 0x80000EDC (0x00000113) addi sp, zero, 0
x2 <- 0x00000000


mem[X,0x80000EE0] -> 0x1073
mem[X,0x80000EE2] -> 0x0031
[957] [M]: 0x80000EE0 (0x00311073) csrrw zero, fcsr, sp
CSR fcsr -> 0x00000000
CSR fcsr <- 0x00000000 (input: 0x00000000)


mem[X,0x80000EE4] -> 0x7FD3
mem[X,0x80000EE6] -> 0x05DF
[958] [M]: 0x80000EE4 (0x05DF7FD3) fadd.h ft11, ft10, ft9, dyn
f31 <- 0xFFFFFFFFFFFF7E00


mem[X,0x80000EE8] -> 0x2273
mem[X,0x80000EEA] -> 0x0030
[959] [M]: 0x80000EE8 (0x00302273) csrrs tp, fcsr, zero
CSR fcsr -> 0x00000000
x4 <- 0x00000000


mem[X,0x80000EEC] -> 0xA827
mem[X,0x80000EEE] -> 0x37F0
[960] [M]: 0x80000EEC (0x37F0A827) fsw ft11, 880(ra)
mem[0x80009784] <- 0xFFFF7E00


mem[X,0x80000EF0] -> 0xAA23
mem[X,0x80000EF2] -> 0x3640
[961] [M]: 0x80000EF0 (0x3640AA23) sw tp, 884(ra)
mem[0x80009788] <- 0x00000000


mem[X,0x80000EF4] -> 0xAF07
mem[X,0x80000EF6] -> 0x3781
[962] [M]: 0x80000EF4 (0x3781AF07) flw ft10, 888(gp)
mem[R,0x80008388] -> 0x00000002
f30 <- 0xFFFFFFFF00000002


mem[X,0x80000EF8] -> 0xAE87
mem[X,0x80000EFA] -> 0x37C1
[963] [M]: 0x80000EF8 (0x37C1AE87) flw ft9, 892(gp)
mem[R,0x8000838C] -> 0x0000FC00
f29 <- 0xFFFFFFFF0000FC00


mem[X,0x80000EFC] -> 0x0113
mem[X,0x80000EFE] -> 0x0000
[964] [M]: 0x80000EFC (0x00000113) addi sp, zero, 0
x2 <- 0x00000000


mem[X,0x80000F00] -> 0x1073
mem[X,0x80000F02] -> 0x0031
[965] [M]: 0x80000F00 (0x00311073) csrrw zero, fcsr, sp
CSR fcsr -> 0x00000000
CSR fcsr <- 0x00000000 (input: 0x00000000)


mem[X,0x80000F04] -> 0x7FD3
mem[X,0x80000F06] -> 0x05DF
[966] [M]: 0x80000F04 (0x05DF7FD3) fadd.h ft11, ft10, ft9, dyn
f31 <- 0xFFFFFFFFFFFF7E00


mem[X,0x80000F08] -> 0x2273
mem[X,0x80000F0A] -> 0x0030
[967] [M]: 0x80000F08 (0x00302273) csrrs tp, fcsr, zero
CSR fcsr -> 0x00000000
x4 <- 0x00000000


mem[X,0x80000F0C] -> 0xAC27
mem[X,0x80000F0E] -> 0x37F0
[968] [M]: 0x80000F0C (0x37F0AC27) fsw ft11, 888(ra)
mem[0x8000978C] <- 0xFFFF7E00


mem[X,0x80000F10] -> 0xAE23
mem[X,0x80000F12] -> 0x3640
[969] [M]: 0x80000F10 (0x3640AE23) sw tp, 892(ra)
mem[0x80009790] <- 0x00000000


mem[X,0x80000F14] -> 0xAF07
mem[X,0x80000F16] -> 0x3801
[970] [M]: 0x80000F14 (0x3801AF07) flw ft10, 896(gp)
mem[R,0x80008390] -> 0x00000002
f30 <- 0xFFFFFFFF00000002


mem[X,0x80000F18] -> 0xAE87
mem[X,0x80000F1A] -> 0x3841
[971] [M]: 0x80000F18 (0x3841AE87) flw ft9, 900(gp)
mem[R,0x80008394] -> 0x00007E00
f29 <- 0xFFFFFFFF00007E00


mem[X,0x80000F1C] -> 0x0113
mem[X,0x80000F1E] -> 0x0000
[972] [M]: 0x80000F1C (0x00000113) addi sp, zero, 0
x2 <- 0x00000000


mem[X,0x80000F20] -> 0x1073
mem[X,0x80000F22] -> 0x0031
[973] [M]: 0x80000F20 (0x00311073) csrrw zero, fcsr, sp
CSR fcsr -> 0x00000000
CSR fcsr <- 0x00000000 (input: 0x00000000)


mem[X,0x80000F24] -> 0x7FD3
mem[X,0x80000F26] -> 0x05DF
[974] [M]: 0x80000F24 (0x05DF7FD3) fadd.h ft11, ft10, ft9, dyn
f31 <- 0xFFFFFFFFFFFF7E00


mem[X,0x80000F28] -> 0x2273
mem[X,0x80000F2A] -> 0x0030
[975] [M]: 0x80000F28 (0x00302273) csrrs tp, fcsr, zero
CSR fcsr -> 0x00000000
x4 <- 0x00000000


mem[X,0x80000F2C] -> 0xA027
mem[X,0x80000F2E] -> 0x39F0
[976] [M]: 0x80000F2C (0x39F0A027) fsw ft11, 896(ra)
mem[0x80009794] <- 0xFFFF7E00


mem[X,0x80000F30] -> 0xA223
mem[X,0x80000F32] -> 0x3840
[977] [M]: 0x80000F30 (0x3840A223) sw tp, 900(ra)
mem[0x80009798] <- 0x00000000


mem[X,0x80000F34] -> 0xAF07
mem[X,0x80000F36] -> 0x3881
[978] [M]: 0x80000F34 (0x3881AF07) flw ft10, 904(gp)
mem[R,0x80008398] -> 0x00000002
f30 <- 0xFFFFFFFF00000002


mem[X,0x80000F38] -> 0xAE87
mem[X,0x80000F3A] -> 0x38C1
[979] [M]: 0x80000F38 (0x38C1AE87) flw ft9, 908(gp)
mem[R,0x8000839C] -> 0x0000FE00
f29 <- 0xFFFFFFFF0000FE00


mem[X,0x80000F3C] -> 0x0113
mem[X,0x80000F3E] -> 0x0000
[980] [M]: 0x80000F3C (0x00000113) addi sp, zero, 0
x2 <- 0x00000000


mem[X,0x80000F40] -> 0x1073
mem[X,0x80000F42] -> 0x0031
[981] [M]: 0x80000F40 (0x00311073) csrrw zero, fcsr, sp
CSR fcsr -> 0x00000000
CSR fcsr <- 0x00000000 (input: 0x00000000)


mem[X,0x80000F44] -> 0x7FD3
mem[X,0x80000F46] -> 0x05DF
[982] [M]: 0x80000F44 (0x05DF7FD3) fadd.h ft11, ft10, ft9, dyn
f31 <- 0xFFFFFFFFFFFF7E00


mem[X,0x80000F48] -> 0x2273
mem[X,0x80000F4A] -> 0x0030
[983] [M]: 0x80000F48 (0x00302273) csrrs tp, fcsr, zero
CSR fcsr -> 0x00000000
x4 <- 0x00000000


mem[X,0x80000F4C] -> 0xA427
mem[X,0x80000F4E] -> 0x39F0
[984] [M]: 0x80000F4C (0x39F0A427) fsw ft11, 904(ra)
mem[0x8000979C] <- 0xFFFF7E00


mem[X,0x80000F50] -> 0xA623
mem[X,0x80000F52] -> 0x3840
[985] [M]: 0x80000F50 (0x3840A623) sw tp, 908(ra)
mem[0x800097A0] <- 0x00000000


mem[X,0x80000F54] -> 0xAF07
mem[X,0x80000F56] -> 0x3901
[986] [M]: 0x80000F54 (0x3901AF07) flw ft10, 912(gp)
mem[R,0x800083A0] -> 0x00000002
f30 <- 0xFFFFFFFF00000002


mem[X,0x80000F58] -> 0xAE87
mem[X,0x80000F5A] -> 0x3941
[987] [M]: 0x80000F58 (0x3941AE87) flw ft9, 916(gp)
mem[R,0x800083A4] -> 0x00007E01
f29 <- 0xFFFFFFFF00007E01


mem[X,0x80000F5C] -> 0x0113
mem[X,0x80000F5E] -> 0x0000
[988] [M]: 0x80000F5C (0x00000113) addi sp, zero, 0
x2 <- 0x00000000


mem[X,0x80000F60] -> 0x1073
mem[X,0x80000F62] -> 0x0031
[989] [M]: 0x80000F60 (0x00311073) csrrw zero, fcsr, sp
CSR fcsr -> 0x00000000
CSR fcsr <- 0x00000000 (input: 0x00000000)


mem[X,0x80000F64] -> 0x7FD3
mem[X,0x80000F66] -> 0x05DF
[990] [M]: 0x80000F64 (0x05DF7FD3) fadd.h ft11, ft10, ft9, dyn
f31 <- 0xFFFFFFFFFFFF7E00


mem[X,0x80000F68] -> 0x2273
mem[X,0x80000F6A] -> 0x0030
[991] [M]: 0x80000F68 (0x00302273) csrrs tp, fcsr, zero
CSR fcsr -> 0x00000000
x4 <- 0x00000000


mem[X,0x80000F6C] -> 0xA827
mem[X,0x80000F6E] -> 0x39F0
[992] [M]: 0x80000F6C (0x39F0A827) fsw ft11, 912(ra)
mem[0x800097A4] <- 0xFFFF7E00


mem[X,0x80000F70] -> 0xAA23
mem[X,0x80000F72] -> 0x3840
[993] [M]: 0x80000F70 (0x3840AA23) sw tp, 916(ra)
mem[0x800097A8] <- 0x00000000


mem[X,0x80000F74] -> 0xAF07
mem[X,0x80000F76] -> 0x3981
[994] [M]: 0x80000F74 (0x3981AF07) flw ft10, 920(gp)
mem[R,0x800083A8] -> 0x00000002
f30 <- 0xFFFFFFFF00000002


mem[X,0x80000F78] -> 0xAE87
mem[X,0x80000F7A] -> 0x39C1
[995] [M]: 0x80000F78 (0x39C1AE87) flw ft9, 924(gp)
mem[R,0x800083AC] -> 0x0000FE55
f29 <- 0xFFFFFFFF0000FE55


mem[X,0x80000F7C] -> 0x0113
mem[X,0x80000F7E] -> 0x0000
[996] [M]: 0x80000F7C (0x00000113) addi sp, zero, 0
x2 <- 0x00000000


mem[X,0x80000F80] -> 0x1073
mem[X,0x80000F82] -> 0x0031
[997] [M]: 0x80000F80 (0x00311073) csrrw zero, fcsr, sp
CSR fcsr -> 0x00000000
CSR fcsr <- 0x00000000 (input: 0x00000000)


mem[X,0x80000F84] -> 0x7FD3
mem[X,0x80000F86] -> 0x05DF
[998] [M]: 0x80000F84 (0x05DF7FD3) fadd.h ft11, ft10, ft9, dyn
f31 <- 0xFFFFFFFFFFFF7E00


mem[X,0x80000F88] -> 0x2273
mem[X,0x80000F8A] -> 0x0030
[999] [M]: 0x80000F88 (0x00302273) csrrs tp, fcsr, zero
CSR fcsr -> 0x00000000
x4 <- 0x00000000


clint::tick mtime <- 0x000000000000000A
 clint timer pending at mtime 0x000000000000000A
htif::tick 0x0000000000000000
mem[X,0x80000F8C] -> 0xAC27
mem[X,0x80000F8E] -> 0x39F0
[1000] [M]: 0x80000F8C (0x39F0AC27) fsw ft11, 920(ra)
mem[0x800097AC] <- 0xFFFF7E00


mem[X,0x80000F90] -> 0xAE23
mem[X,0x80000F92] -> 0x3840
[1001] [M]: 0x80000F90 (0x3840AE23) sw tp, 924(ra)
mem[0x800097B0] <- 0x00000000


mem[X,0x80000F94] -> 0xAF07
mem[X,0x80000F96] -> 0x3A01
[1002] [M]: 0x80000F94 (0x3A01AF07) flw ft10, 928(gp)
mem[R,0x800083B0] -> 0x00000002
f30 <- 0xFFFFFFFF00000002


mem[X,0x80000F98] -> 0xAE87
mem[X,0x80000F9A] -> 0x3A41
[1003] [M]: 0x80000F98 (0x3A41AE87) flw ft9, 932(gp)
mem[R,0x800083B4] -> 0x00007C01
f29 <- 0xFFFFFFFF00007C01


mem[X,0x80000F9C] -> 0x0113
mem[X,0x80000F9E] -> 0x0000
[1004] [M]: 0x80000F9C (0x00000113) addi sp, zero, 0
x2 <- 0x00000000


mem[X,0x80000FA0] -> 0x1073
mem[X,0x80000FA2] -> 0x0031
[1005] [M]: 0x80000FA0 (0x00311073) csrrw zero, fcsr, sp
CSR fcsr -> 0x00000000
CSR fcsr <- 0x00000000 (input: 0x00000000)


mem[X,0x80000FA4] -> 0x7FD3
mem[X,0x80000FA6] -> 0x05DF
[1006] [M]: 0x80000FA4 (0x05DF7FD3) fadd.h ft11, ft10, ft9, dyn
f31 <- 0xFFFFFFFFFFFF7E00


mem[X,0x80000FA8] -> 0x2273
mem[X,0x80000FAA] -> 0x0030
[1007] [M]: 0x80000FA8 (0x00302273) csrrs tp, fcsr, zero
CSR fcsr -> 0x00000000
x4 <- 0x00000000


mem[X,0x80000FAC] -> 0xA027
mem[X,0x80000FAE] -> 0x3BF0
[1008] [M]: 0x80000FAC (0x3BF0A027) fsw ft11, 928(ra)
mem[0x800097B4] <- 0xFFFF7E00


mem[X,0x80000FB0] -> 0xA223
mem[X,0x80000FB2] -> 0x3A40
[1009] [M]: 0x80000FB0 (0x3A40A223) sw tp, 932(ra)
mem[0x800097B8] <- 0x00000000


mem[X,0x80000FB4] -> 0xAF07
mem[X,0x80000FB6] -> 0x3A81
[1010] [M]: 0x80000FB4 (0x3A81AF07) flw ft10, 936(gp)
mem[R,0x800083B8] -> 0x00000002
f30 <- 0xFFFFFFFF00000002


mem[X,0x80000FB8] -> 0xAE87
mem[X,0x80000FBA] -> 0x3AC1
[1011] [M]: 0x80000FB8 (0x3AC1AE87) flw ft9, 940(gp)
mem[R,0x800083BC] -> 0x0000FD55
f29 <- 0xFFFFFFFF0000FD55


mem[X,0x80000FBC] -> 0x0113
mem[X,0x80000FBE] -> 0x0000
[1012] [M]: 0x80000FBC (0x00000113) addi sp, zero, 0
x2 <- 0x00000000


mem[X,0x80000FC0] -> 0x1073
mem[X,0x80000FC2] -> 0x0031
[1013] [M]: 0x80000FC0 (0x00311073) csrrw zero, fcsr, sp
CSR fcsr -> 0x00000000
CSR fcsr <- 0x00000000 (input: 0x00000000)


mem[X,0x80000FC4] -> 0x7FD3
mem[X,0x80000FC6] -> 0x05DF
[1014] [M]: 0x80000FC4 (0x05DF7FD3) fadd.h ft11, ft10, ft9, dyn
f31 <- 0xFFFFFFFFFFFF7E00


mem[X,0x80000FC8] -> 0x2273
mem[X,0x80000FCA] -> 0x0030
[1015] [M]: 0x80000FC8 (0x00302273) csrrs tp, fcsr, zero
CSR fcsr -> 0x00000000
x4 <- 0x00000000


mem[X,0x80000FCC] -> 0xA427
mem[X,0x80000FCE] -> 0x3BF0
[1016] [M]: 0x80000FCC (0x3BF0A427) fsw ft11, 936(ra)
mem[0x800097BC] <- 0xFFFF7E00


mem[X,0x80000FD0] -> 0xA623
mem[X,0x80000FD2] -> 0x3A40
[1017] [M]: 0x80000FD0 (0x3A40A623) sw tp, 940(ra)
mem[0x800097C0] <- 0x00000000


mem[X,0x80000FD4] -> 0xAF07
mem[X,0x80000FD6] -> 0x3B01
[1018] [M]: 0x80000FD4 (0x3B01AF07) flw ft10, 944(gp)
mem[R,0x800083C0] -> 0x00000002
f30 <- 0xFFFFFFFF00000002


mem[X,0x80000FD8] -> 0xAE87
mem[X,0x80000FDA] -> 0x3B41
[1019] [M]: 0x80000FD8 (0x3B41AE87) flw ft9, 948(gp)
mem[R,0x800083C4] -> 0x00003C00
f29 <- 0xFFFFFFFF00003C00


mem[X,0x80000FDC] -> 0x0113
mem[X,0x80000FDE] -> 0x0000
[1020] [M]: 0x80000FDC (0x00000113) addi sp, zero, 0
x2 <- 0x00000000


mem[X,0x80000FE0] -> 0x1073
mem[X,0x80000FE2] -> 0x0031
[1021] [M]: 0x80000FE0 (0x00311073) csrrw zero, fcsr, sp
CSR fcsr -> 0x00000000
CSR fcsr <- 0x00000000 (input: 0x00000000)


mem[X,0x80000FE4] -> 0x7FD3
mem[X,0x80000FE6] -> 0x05DF
[1022] [M]: 0x80000FE4 (0x05DF7FD3) fadd.h ft11, ft10, ft9, dyn
f31 <- 0xFFFFFFFFFFFF7E00


mem[X,0x80000FE8] -> 0x2273
mem[X,0x80000FEA] -> 0x0030
[1023] [M]: 0x80000FE8 (0x00302273) csrrs tp, fcsr, zero
CSR fcsr -> 0x00000000
x4 <- 0x00000000


mem[X,0x80000FEC] -> 0xA827
mem[X,0x80000FEE] -> 0x3BF0
[1024] [M]: 0x80000FEC (0x3BF0A827) fsw ft11, 944(ra)
mem[0x800097C4] <- 0xFFFF7E00


mem[X,0x80000FF0] -> 0xAA23
mem[X,0x80000FF2] -> 0x3A40
[1025] [M]: 0x80000FF0 (0x3A40AA23) sw tp, 948(ra)
mem[0x800097C8] <- 0x00000000


mem[X,0x80000FF4] -> 0xAF07
mem[X,0x80000FF6] -> 0x3B81
[1026] [M]: 0x80000FF4 (0x3B81AF07) flw ft10, 952(gp)
mem[R,0x800083C8] -> 0x00000002
f30 <- 0xFFFFFFFF00000002


mem[X,0x80000FF8] -> 0xAE87
mem[X,0x80000FFA] -> 0x3BC1
[1027] [M]: 0x80000FF8 (0x3BC1AE87) flw ft9, 956(gp)
mem[R,0x800083CC] -> 0x0000BC00
f29 <- 0xFFFFFFFF0000BC00


mem[X,0x80000FFC] -> 0x0113
mem[X,0x80000FFE] -> 0x0000
[1028] [M]: 0x80000FFC (0x00000113) addi sp, zero, 0
x2 <- 0x00000000


mem[X,0x80001000] -> 0x1073
mem[X,0x80001002] -> 0x0031
[1029] [M]: 0x80001000 (0x00311073) csrrw zero, fcsr, sp
CSR fcsr -> 0x00000000
CSR fcsr <- 0x00000000 (input: 0x00000000)


mem[X,0x80001004] -> 0x7FD3
mem[X,0x80001006] -> 0x05DF
[1030] [M]: 0x80001004 (0x05DF7FD3) fadd.h ft11, ft10, ft9, dyn
f31 <- 0xFFFFFFFFFFFF7E00


mem[X,0x80001008] -> 0x2273
mem[X,0x8000100A] -> 0x0030
[1031] [M]: 0x80001008 (0x00302273) csrrs tp, fcsr, zero
CSR fcsr -> 0x00000000
x4 <- 0x00000000


mem[X,0x8000100C] -> 0xAC27
mem[X,0x8000100E] -> 0x3BF0
[1032] [M]: 0x8000100C (0x3BF0AC27) fsw ft11, 952(ra)
mem[0x800097CC] <- 0xFFFF7E00


mem[X,0x80001010] -> 0xAE23
mem[X,0x80001012] -> 0x3A40
[1033] [M]: 0x80001010 (0x3A40AE23) sw tp, 956(ra)
mem[0x800097D0] <- 0x00000000


mem[X,0x80001014] -> 0xAF07
mem[X,0x80001016] -> 0x3C01
[1034] [M]: 0x80001014 (0x3C01AF07) flw ft10, 960(gp)
mem[R,0x800083D0] -> 0x000083FE
f30 <- 0xFFFFFFFF000083FE


mem[X,0x80001018] -> 0xAE87
mem[X,0x8000101A] -> 0x3C41
[1035] [M]: 0x80001018 (0x3C41AE87) flw ft9, 964(gp)
mem[R,0x800083D4] -> 0x00000000
f29 <- 0xFFFFFFFF00000000


mem[X,0x8000101C] -> 0x0113
mem[X,0x8000101E] -> 0x0000
[1036] [M]: 0x8000101C (0x00000113) addi sp, zero, 0
x2 <- 0x00000000


mem[X,0x80001020] -> 0x1073
mem[X,0x80001022] -> 0x0031
[1037] [M]: 0x80001020 (0x00311073) csrrw zero, fcsr, sp
CSR fcsr -> 0x00000000
CSR fcsr <- 0x00000000 (input: 0x00000000)


mem[X,0x80001024] -> 0x7FD3
mem[X,0x80001026] -> 0x05DF
[1038] [M]: 0x80001024 (0x05DF7FD3) fadd.h ft11, ft10, ft9, dyn
f31 <- 0xFFFFFFFFFFFF7E00


mem[X,0x80001028] -> 0x2273
mem[X,0x8000102A] -> 0x0030
[1039] [M]: 0x80001028 (0x00302273) csrrs tp, fcsr, zero
CSR fcsr -> 0x00000000
x4 <- 0x00000000


mem[X,0x8000102C] -> 0xA027
mem[X,0x8000102E] -> 0x3DF0
[1040] [M]: 0x8000102C (0x3DF0A027) fsw ft11, 960(ra)
mem[0x800097D4] <- 0xFFFF7E00


mem[X,0x80001030] -> 0xA223
mem[X,0x80001032] -> 0x3C40
[1041] [M]: 0x80001030 (0x3C40A223) sw tp, 964(ra)
mem[0x800097D8] <- 0x00000000


mem[X,0x80001034] -> 0xAF07
mem[X,0x80001036] -> 0x3C81
[1042] [M]: 0x80001034 (0x3C81AF07) flw ft10, 968(gp)
mem[R,0x800083D8] -> 0x000083FE
f30 <- 0xFFFFFFFF000083FE


mem[X,0x80001038] -> 0xAE87
mem[X,0x8000103A] -> 0x3CC1
[1043] [M]: 0x80001038 (0x3CC1AE87) flw ft9, 972(gp)
mem[R,0x800083DC] -> 0x00008000
f29 <- 0xFFFFFFFF00008000


mem[X,0x8000103C] -> 0x0113
mem[X,0x8000103E] -> 0x0000
[1044] [M]: 0x8000103C (0x00000113) addi sp, zero, 0
x2 <- 0x00000000


mem[X,0x80001040] -> 0x1073
mem[X,0x80001042] -> 0x0031
[1045] [M]: 0x80001040 (0x00311073) csrrw zero, fcsr, sp
CSR fcsr -> 0x00000000
CSR fcsr <- 0x00000000 (input: 0x00000000)


mem[X,0x80001044] -> 0x7FD3
mem[X,0x80001046] -> 0x05DF
[1046] [M]: 0x80001044 (0x05DF7FD3) fadd.h ft11, ft10, ft9, dyn
f31 <- 0xFFFFFFFFFFFF7E00


mem[X,0x80001048] -> 0x2273
mem[X,0x8000104A] -> 0x0030
[1047] [M]: 0x80001048 (0x00302273) csrrs tp, fcsr, zero
CSR fcsr -> 0x00000000
x4 <- 0x00000000


mem[X,0x8000104C] -> 0xA427
mem[X,0x8000104E] -> 0x3DF0
[1048] [M]: 0x8000104C (0x3DF0A427) fsw ft11, 968(ra)
mem[0x800097DC] <- 0xFFFF7E00


mem[X,0x80001050] -> 0xA623
mem[X,0x80001052] -> 0x3C40
[1049] [M]: 0x80001050 (0x3C40A623) sw tp, 972(ra)
mem[0x800097E0] <- 0x00000000


mem[X,0x80001054] -> 0xAF07
mem[X,0x80001056] -> 0x3D01
[1050] [M]: 0x80001054 (0x3D01AF07) flw ft10, 976(gp)
mem[R,0x800083E0] -> 0x000083FE
f30 <- 0xFFFFFFFF000083FE


mem[X,0x80001058] -> 0xAE87
mem[X,0x8000105A] -> 0x3D41
[1051] [M]: 0x80001058 (0x3D41AE87) flw ft9, 980(gp)
mem[R,0x800083E4] -> 0x00000001
f29 <- 0xFFFFFFFF00000001


mem[X,0x8000105C] -> 0x0113
mem[X,0x8000105E] -> 0x0000
[1052] [M]: 0x8000105C (0x00000113) addi sp, zero, 0
x2 <- 0x00000000


mem[X,0x80001060] -> 0x1073
mem[X,0x80001062] -> 0x0031
[1053] [M]: 0x80001060 (0x00311073) csrrw zero, fcsr, sp
CSR fcsr -> 0x00000000
CSR fcsr <- 0x00000000 (input: 0x00000000)


mem[X,0x80001064] -> 0x7FD3
mem[X,0x80001066] -> 0x05DF
[1054] [M]: 0x80001064 (0x05DF7FD3) fadd.h ft11, ft10, ft9, dyn
f31 <- 0xFFFFFFFFFFFF7E00


mem[X,0x80001068] -> 0x2273
mem[X,0x8000106A] -> 0x0030
[1055] [M]: 0x80001068 (0x00302273) csrrs tp, fcsr, zero
CSR fcsr -> 0x00000000
x4 <- 0x00000000


mem[X,0x8000106C] -> 0xA827
mem[X,0x8000106E] -> 0x3DF0
[1056] [M]: 0x8000106C (0x3DF0A827) fsw ft11, 976(ra)
mem[0x800097E4] <- 0xFFFF7E00


mem[X,0x80001070] -> 0xAA23
mem[X,0x80001072] -> 0x3C40
[1057] [M]: 0x80001070 (0x3C40AA23) sw tp, 980(ra)
mem[0x800097E8] <- 0x00000000


mem[X,0x80001074] -> 0xAF07
mem[X,0x80001076] -> 0x3D81
[1058] [M]: 0x80001074 (0x3D81AF07) flw ft10, 984(gp)
mem[R,0x800083E8] -> 0x000083FE
f30 <- 0xFFFFFFFF000083FE


mem[X,0x80001078] -> 0xAE87
mem[X,0x8000107A] -> 0x3DC1
[1059] [M]: 0x80001078 (0x3DC1AE87) flw ft9, 988(gp)
mem[R,0x800083EC] -> 0x00008001
f29 <- 0xFFFFFFFF00008001


mem[X,0x8000107C] -> 0x0113
mem[X,0x8000107E] -> 0x0000
[1060] [M]: 0x8000107C (0x00000113) addi sp, zero, 0
x2 <- 0x00000000


mem[X,0x80001080] -> 0x1073
mem[X,0x80001082] -> 0x0031
[1061] [M]: 0x80001080 (0x00311073) csrrw zero, fcsr, sp
CSR fcsr -> 0x00000000
CSR fcsr <- 0x00000000 (input: 0x00000000)


mem[X,0x80001084] -> 0x7FD3
mem[X,0x80001086] -> 0x05DF
[1062] [M]: 0x80001084 (0x05DF7FD3) fadd.h ft11, ft10, ft9, dyn
f31 <- 0xFFFFFFFFFFFF7E00


mem[X,0x80001088] -> 0x2273
mem[X,0x8000108A] -> 0x0030
[1063] [M]: 0x80001088 (0x00302273) csrrs tp, fcsr, zero
CSR fcsr -> 0x00000000
x4 <- 0x00000000


mem[X,0x8000108C] -> 0xAC27
mem[X,0x8000108E] -> 0x3DF0
[1064] [M]: 0x8000108C (0x3DF0AC27) fsw ft11, 984(ra)
mem[0x800097EC] <- 0xFFFF7E00


mem[X,0x80001090] -> 0xAE23
mem[X,0x80001092] -> 0x3C40
[1065] [M]: 0x80001090 (0x3C40AE23) sw tp, 988(ra)
mem[0x800097F0] <- 0x00000000


mem[X,0x80001094] -> 0xAF07
mem[X,0x80001096] -> 0x3E01
[1066] [M]: 0x80001094 (0x3E01AF07) flw ft10, 992(gp)
mem[R,0x800083F0] -> 0x000083FE
f30 <- 0xFFFFFFFF000083FE


mem[X,0x80001098] -> 0xAE87
mem[X,0x8000109A] -> 0x3E41
[1067] [M]: 0x80001098 (0x3E41AE87) flw ft9, 996(gp)
mem[R,0x800083F4] -> 0x00000002
f29 <- 0xFFFFFFFF00000002


mem[X,0x8000109C] -> 0x0113
mem[X,0x8000109E] -> 0x0000
[1068] [M]: 0x8000109C (0x00000113) addi sp, zero, 0
x2 <- 0x00000000


mem[X,0x800010A0] -> 0x1073
mem[X,0x800010A2] -> 0x0031
[1069] [M]: 0x800010A0 (0x00311073) csrrw zero, fcsr, sp
CSR fcsr -> 0x00000000
CSR fcsr <- 0x00000000 (input: 0x00000000)


mem[X,0x800010A4] -> 0x7FD3
mem[X,0x800010A6] -> 0x05DF
[1070] [M]: 0x800010A4 (0x05DF7FD3) fadd.h ft11, ft10, ft9, dyn
f31 <- 0xFFFFFFFFFFFF7E00


mem[X,0x800010A8] -> 0x2273
mem[X,0x800010AA] -> 0x0030
[1071] [M]: 0x800010A8 (0x00302273) csrrs tp, fcsr, zero
CSR fcsr -> 0x00000000
x4 <- 0x00000000


mem[X,0x800010AC] -> 0xA027
mem[X,0x800010AE] -> 0x3FF0
[1072] [M]: 0x800010AC (0x3FF0A027) fsw ft11, 992(ra)
mem[0x800097F4] <- 0xFFFF7E00


mem[X,0x800010B0] -> 0xA223
mem[X,0x800010B2] -> 0x3E40
[1073] [M]: 0x800010B0 (0x3E40A223) sw tp, 996(ra)
mem[0x800097F8] <- 0x00000000


mem[X,0x800010B4] -> 0xAF07
mem[X,0x800010B6] -> 0x3E81
[1074] [M]: 0x800010B4 (0x3E81AF07) flw ft10, 1000(gp)
mem[R,0x800083F8] -> 0x000083FE
f30 <- 0xFFFFFFFF000083FE


mem[X,0x800010B8] -> 0xAE87
mem[X,0x800010BA] -> 0x3EC1
[1075] [M]: 0x800010B8 (0x3EC1AE87) flw ft9, 1004(gp)
mem[R,0x800083FC] -> 0x000083FE
f29 <- 0xFFFFFFFF000083FE


mem[X,0x800010BC] -> 0x0113
mem[X,0x800010BE] -> 0x0000
[1076] [M]: 0x800010BC (0x00000113) addi sp, zero, 0
x2 <- 0x00000000


mem[X,0x800010C0] -> 0x1073
mem[X,0x800010C2] -> 0x0031
[1077] [M]: 0x800010C0 (0x00311073) csrrw zero, fcsr, sp
CSR fcsr -> 0x00000000
CSR fcsr <- 0x00000000 (input: 0x00000000)


mem[X,0x800010C4] -> 0x7FD3
mem[X,0x800010C6] -> 0x05DF
[1078] [M]: 0x800010C4 (0x05DF7FD3) fadd.h ft11, ft10, ft9, dyn
f31 <- 0xFFFFFFFFFFFF7E00


mem[X,0x800010C8] -> 0x2273
mem[X,0x800010CA] -> 0x0030
[1079] [M]: 0x800010C8 (0x00302273) csrrs tp, fcsr, zero
CSR fcsr -> 0x00000000
x4 <- 0x00000000


mem[X,0x800010CC] -> 0xA427
mem[X,0x800010CE] -> 0x3FF0
[1080] [M]: 0x800010CC (0x3FF0A427) fsw ft11, 1000(ra)
mem[0x800097FC] <- 0xFFFF7E00


mem[X,0x800010D0] -> 0xA623
mem[X,0x800010D2] -> 0x3E40
[1081] [M]: 0x800010D0 (0x3E40A623) sw tp, 1004(ra)
mem[0x80009800] <- 0x00000000


mem[X,0x800010D4] -> 0xAF07
mem[X,0x800010D6] -> 0x3F01
[1082] [M]: 0x800010D4 (0x3F01AF07) flw ft10, 1008(gp)
mem[R,0x80008400] -> 0x000083FE
f30 <- 0xFFFFFFFF000083FE


mem[X,0x800010D8] -> 0xAE87
mem[X,0x800010DA] -> 0x3F41
[1083] [M]: 0x800010D8 (0x3F41AE87) flw ft9, 1012(gp)
mem[R,0x80008404] -> 0x000003FF
f29 <- 0xFFFFFFFF000003FF


mem[X,0x800010DC] -> 0x0113
mem[X,0x800010DE] -> 0x0000
[1084] [M]: 0x800010DC (0x00000113) addi sp, zero, 0
x2 <- 0x00000000


mem[X,0x800010E0] -> 0x1073
mem[X,0x800010E2] -> 0x0031
[1085] [M]: 0x800010E0 (0x00311073) csrrw zero, fcsr, sp
CSR fcsr -> 0x00000000
CSR fcsr <- 0x00000000 (input: 0x00000000)


mem[X,0x800010E4] -> 0x7FD3
mem[X,0x800010E6] -> 0x05DF
[1086] [M]: 0x800010E4 (0x05DF7FD3) fadd.h ft11, ft10, ft9, dyn
f31 <- 0xFFFFFFFFFFFF7E00


mem[X,0x800010E8] -> 0x2273
mem[X,0x800010EA] -> 0x0030
[1087] [M]: 0x800010E8 (0x00302273) csrrs tp, fcsr, zero
CSR fcsr -> 0x00000000
x4 <- 0x00000000


mem[X,0x800010EC] -> 0xA827
mem[X,0x800010EE] -> 0x3FF0
[1088] [M]: 0x800010EC (0x3FF0A827) fsw ft11, 1008(ra)
mem[0x80009804] <- 0xFFFF7E00


mem[X,0x800010F0] -> 0xAA23
mem[X,0x800010F2] -> 0x3E40
[1089] [M]: 0x800010F0 (0x3E40AA23) sw tp, 1012(ra)
mem[0x80009808] <- 0x00000000


mem[X,0x800010F4] -> 0xAF07
mem[X,0x800010F6] -> 0x3F81
[1090] [M]: 0x800010F4 (0x3F81AF07) flw ft10, 1016(gp)
mem[R,0x80008408] -> 0x000083FE
f30 <- 0xFFFFFFFF000083FE


mem[X,0x800010F8] -> 0xAE87
mem[X,0x800010FA] -> 0x3FC1
[1091] [M]: 0x800010F8 (0x3FC1AE87) flw ft9, 1020(gp)
mem[R,0x8000840C] -> 0x000083FF
f29 <- 0xFFFFFFFF000083FF


mem[X,0x800010FC] -> 0x0113
mem[X,0x800010FE] -> 0x0000
[1092] [M]: 0x800010FC (0x00000113) addi sp, zero, 0
x2 <- 0x00000000


mem[X,0x80001100] -> 0x1073
mem[X,0x80001102] -> 0x0031
[1093] [M]: 0x80001100 (0x00311073) csrrw zero, fcsr, sp
CSR fcsr -> 0x00000000
CSR fcsr <- 0x00000000 (input: 0x00000000)


mem[X,0x80001104] -> 0x7FD3
mem[X,0x80001106] -> 0x05DF
[1094] [M]: 0x80001104 (0x05DF7FD3) fadd.h ft11, ft10, ft9, dyn
f31 <- 0xFFFFFFFFFFFF7E00


mem[X,0x80001108] -> 0x2273
mem[X,0x8000110A] -> 0x0030
[1095] [M]: 0x80001108 (0x00302273) csrrs tp, fcsr, zero
CSR fcsr -> 0x00000000
x4 <- 0x00000000


mem[X,0x8000110C] -> 0xAC27
mem[X,0x8000110E] -> 0x3FF0
[1096] [M]: 0x8000110C (0x3FF0AC27) fsw ft11, 1016(ra)
mem[0x8000980C] <- 0xFFFF7E00


mem[X,0x80001110] -> 0xAE23
mem[X,0x80001112] -> 0x3E40
[1097] [M]: 0x80001110 (0x3E40AE23) sw tp, 1020(ra)
mem[0x80009810] <- 0x00000000


mem[X,0x80001114] -> 0x8097
mem[X,0x80001116] -> 0x0000
[1098] [M]: 0x80001114 (0x00008097) auipc ra, 8
x1 <- 0x80009114


mem[X,0x80001118] -> 0x8093
mem[X,0x8000111A] -> 0x7000
[1099] [M]: 0x80001118 (0x70008093) addi ra, ra, 1792
x1 <- 0x80009814


clint::tick mtime <- 0x000000000000000B
 clint timer pending at mtime 0x000000000000000B
htif::tick 0x0000000000000000
mem[X,0x8000111C] -> 0xAF07
mem[X,0x8000111E] -> 0x4001
[1100] [M]: 0x8000111C (0x4001AF07) flw ft10, 1024(gp)
mem[R,0x80008410] -> 0x000083FE
f30 <- 0xFFFFFFFF000083FE


mem[X,0x80001120] -> 0xAE87
mem[X,0x80001122] -> 0x4041
[1101] [M]: 0x80001120 (0x4041AE87) flw ft9, 1028(gp)
mem[R,0x80008414] -> 0x00000400
f29 <- 0xFFFFFFFF00000400


mem[X,0x80001124] -> 0x0113
mem[X,0x80001126] -> 0x0000
[1102] [M]: 0x80001124 (0x00000113) addi sp, zero, 0
x2 <- 0x00000000


mem[X,0x80001128] -> 0x1073
mem[X,0x8000112A] -> 0x0031
[1103] [M]: 0x80001128 (0x00311073) csrrw zero, fcsr, sp
CSR fcsr -> 0x00000000
CSR fcsr <- 0x00000000 (input: 0x00000000)


mem[X,0x8000112C] -> 0x7FD3
mem[X,0x8000112E] -> 0x05DF
[1104] [M]: 0x8000112C (0x05DF7FD3) fadd.h ft11, ft10, ft9, dyn
f31 <- 0xFFFFFFFFFFFF7E00


mem[X,0x80001130] -> 0x2273
mem[X,0x80001132] -> 0x0030
[1105] [M]: 0x80001130 (0x00302273) csrrs tp, fcsr, zero
CSR fcsr -> 0x00000000
x4 <- 0x00000000


mem[X,0x80001134] -> 0xA027
mem[X,0x80001136] -> 0x01F0
[1106] [M]: 0x80001134 (0x01F0A027) fsw ft11, 0(ra)
mem[0x80009814] <- 0xFFFF7E00


mem[X,0x80001138] -> 0xA223
mem[X,0x8000113A] -> 0x0040
[1107] [M]: 0x80001138 (0x0040A223) sw tp, 4(ra)
mem[0x80009818] <- 0x00000000


mem[X,0x8000113C] -> 0xAF07
mem[X,0x8000113E] -> 0x4081
[1108] [M]: 0x8000113C (0x4081AF07) flw ft10, 1032(gp)
mem[R,0x80008418] -> 0x000083FE
f30 <- 0xFFFFFFFF000083FE


mem[X,0x80001140] -> 0xAE87
mem[X,0x80001142] -> 0x40C1
[1109] [M]: 0x80001140 (0x40C1AE87) flw ft9, 1036(gp)
mem[R,0x8000841C] -> 0x00008400
f29 <- 0xFFFFFFFF00008400


mem[X,0x80001144] -> 0x0113
mem[X,0x80001146] -> 0x0000
[1110] [M]: 0x80001144 (0x00000113) addi sp, zero, 0
x2 <- 0x00000000


mem[X,0x80001148] -> 0x1073
mem[X,0x8000114A] -> 0x0031
[1111] [M]: 0x80001148 (0x00311073) csrrw zero, fcsr, sp
CSR fcsr -> 0x00000000
CSR fcsr <- 0x00000000 (input: 0x00000000)


mem[X,0x8000114C] -> 0x7FD3
mem[X,0x8000114E] -> 0x05DF
[1112] [M]: 0x8000114C (0x05DF7FD3) fadd.h ft11, ft10, ft9, dyn
f31 <- 0xFFFFFFFFFFFF7E00


mem[X,0x80001150] -> 0x2273
mem[X,0x80001152] -> 0x0030
[1113] [M]: 0x80001150 (0x00302273) csrrs tp, fcsr, zero
CSR fcsr -> 0x00000000
x4 <- 0x00000000


mem[X,0x80001154] -> 0xA427
mem[X,0x80001156] -> 0x01F0
[1114] [M]: 0x80001154 (0x01F0A427) fsw ft11, 8(ra)
mem[0x8000981C] <- 0xFFFF7E00


mem[X,0x80001158] -> 0xA623
mem[X,0x8000115A] -> 0x0040
[1115] [M]: 0x80001158 (0x0040A623) sw tp, 12(ra)
mem[0x80009820] <- 0x00000000


mem[X,0x8000115C] -> 0xAF07
mem[X,0x8000115E] -> 0x4101
[1116] [M]: 0x8000115C (0x4101AF07) flw ft10, 1040(gp)
mem[R,0x80008420] -> 0x000083FE
f30 <- 0xFFFFFFFF000083FE


mem[X,0x80001160] -> 0xAE87
mem[X,0x80001162] -> 0x4141
[1117] [M]: 0x80001160 (0x4141AE87) flw ft9, 1044(gp)
mem[R,0x80008424] -> 0x00000401
f29 <- 0xFFFFFFFF00000401


mem[X,0x80001164] -> 0x0113
mem[X,0x80001166] -> 0x0000
[1118] [M]: 0x80001164 (0x00000113) addi sp, zero, 0
x2 <- 0x00000000


mem[X,0x80001168] -> 0x1073
mem[X,0x8000116A] -> 0x0031
[1119] [M]: 0x80001168 (0x00311073) csrrw zero, fcsr, sp
CSR fcsr -> 0x00000000
CSR fcsr <- 0x00000000 (input: 0x00000000)


mem[X,0x8000116C] -> 0x7FD3
mem[X,0x8000116E] -> 0x05DF
[1120] [M]: 0x8000116C (0x05DF7FD3) fadd.h ft11, ft10, ft9, dyn
f31 <- 0xFFFFFFFFFFFF7E00


mem[X,0x80001170] -> 0x2273
mem[X,0x80001172] -> 0x0030
[1121] [M]: 0x80001170 (0x00302273) csrrs tp, fcsr, zero
CSR fcsr -> 0x00000000
x4 <- 0x00000000


mem[X,0x80001174] -> 0xA827
mem[X,0x80001176] -> 0x01F0
[1122] [M]: 0x80001174 (0x01F0A827) fsw ft11, 16(ra)
mem[0x80009824] <- 0xFFFF7E00


mem[X,0x80001178] -> 0xAA23
mem[X,0x8000117A] -> 0x0040
[1123] [M]: 0x80001178 (0x0040AA23) sw tp, 20(ra)
mem[0x80009828] <- 0x00000000


mem[X,0x8000117C] -> 0xAF07
mem[X,0x8000117E] -> 0x4181
[1124] [M]: 0x8000117C (0x4181AF07) flw ft10, 1048(gp)
mem[R,0x80008428] -> 0x000083FE
f30 <- 0xFFFFFFFF000083FE


mem[X,0x80001180] -> 0xAE87
mem[X,0x80001182] -> 0x41C1
[1125] [M]: 0x80001180 (0x41C1AE87) flw ft9, 1052(gp)
mem[R,0x8000842C] -> 0x00008455
f29 <- 0xFFFFFFFF00008455


mem[X,0x80001184] -> 0x0113
mem[X,0x80001186] -> 0x0000
[1126] [M]: 0x80001184 (0x00000113) addi sp, zero, 0
x2 <- 0x00000000


mem[X,0x80001188] -> 0x1073
mem[X,0x8000118A] -> 0x0031
[1127] [M]: 0x80001188 (0x00311073) csrrw zero, fcsr, sp
CSR fcsr -> 0x00000000
CSR fcsr <- 0x00000000 (input: 0x00000000)


mem[X,0x8000118C] -> 0x7FD3
mem[X,0x8000118E] -> 0x05DF
[1128] [M]: 0x8000118C (0x05DF7FD3) fadd.h ft11, ft10, ft9, dyn
f31 <- 0xFFFFFFFFFFFF7E00


mem[X,0x80001190] -> 0x2273
mem[X,0x80001192] -> 0x0030
[1129] [M]: 0x80001190 (0x00302273) csrrs tp, fcsr, zero
CSR fcsr -> 0x00000000
x4 <- 0x00000000


mem[X,0x80001194] -> 0xAC27
mem[X,0x80001196] -> 0x01F0
[1130] [M]: 0x80001194 (0x01F0AC27) fsw ft11, 24(ra)
mem[0x8000982C] <- 0xFFFF7E00


mem[X,0x80001198] -> 0xAE23
mem[X,0x8000119A] -> 0x0040
[1131] [M]: 0x80001198 (0x0040AE23) sw tp, 28(ra)
mem[0x80009830] <- 0x00000000


mem[X,0x8000119C] -> 0xAF07
mem[X,0x8000119E] -> 0x4201
[1132] [M]: 0x8000119C (0x4201AF07) flw ft10, 1056(gp)
mem[R,0x80008430] -> 0x000083FE
f30 <- 0xFFFFFFFF000083FE


mem[X,0x800011A0] -> 0xAE87
mem[X,0x800011A2] -> 0x4241
[1133] [M]: 0x800011A0 (0x4241AE87) flw ft9, 1060(gp)
mem[R,0x80008434] -> 0x00007BFF
f29 <- 0xFFFFFFFF00007BFF


mem[X,0x800011A4] -> 0x0113
mem[X,0x800011A6] -> 0x0000
[1134] [M]: 0x800011A4 (0x00000113) addi sp, zero, 0
x2 <- 0x00000000


mem[X,0x800011A8] -> 0x1073
mem[X,0x800011AA] -> 0x0031
[1135] [M]: 0x800011A8 (0x00311073) csrrw zero, fcsr, sp
CSR fcsr -> 0x00000000
CSR fcsr <- 0x00000000 (input: 0x00000000)


mem[X,0x800011AC] -> 0x7FD3
mem[X,0x800011AE] -> 0x05DF
[1136] [M]: 0x800011AC (0x05DF7FD3) fadd.h ft11, ft10, ft9, dyn
f31 <- 0xFFFFFFFFFFFF7E00


mem[X,0x800011B0] -> 0x2273
mem[X,0x800011B2] -> 0x0030
[1137] [M]: 0x800011B0 (0x00302273) csrrs tp, fcsr, zero
CSR fcsr -> 0x00000000
x4 <- 0x00000000


mem[X,0x800011B4] -> 0xA027
mem[X,0x800011B6] -> 0x03F0
[1138] [M]: 0x800011B4 (0x03F0A027) fsw ft11, 32(ra)
mem[0x80009834] <- 0xFFFF7E00


mem[X,0x800011B8] -> 0xA223
mem[X,0x800011BA] -> 0x0240
[1139] [M]: 0x800011B8 (0x0240A223) sw tp, 36(ra)
mem[0x80009838] <- 0x00000000


mem[X,0x800011BC] -> 0xAF07
mem[X,0x800011BE] -> 0x4281
[1140] [M]: 0x800011BC (0x4281AF07) flw ft10, 1064(gp)
mem[R,0x80008438] -> 0x000083FE
f30 <- 0xFFFFFFFF000083FE


mem[X,0x800011C0] -> 0xAE87
mem[X,0x800011C2] -> 0x42C1
[1141] [M]: 0x800011C0 (0x42C1AE87) flw ft9, 1068(gp)
mem[R,0x8000843C] -> 0x0000FBFF
f29 <- 0xFFFFFFFF0000FBFF


mem[X,0x800011C4] -> 0x0113
mem[X,0x800011C6] -> 0x0000
[1142] [M]: 0x800011C4 (0x00000113) addi sp, zero, 0
x2 <- 0x00000000


mem[X,0x800011C8] -> 0x1073
mem[X,0x800011CA] -> 0x0031
[1143] [M]: 0x800011C8 (0x00311073) csrrw zero, fcsr, sp
CSR fcsr -> 0x00000000
CSR fcsr <- 0x00000000 (input: 0x00000000)


mem[X,0x800011CC] -> 0x7FD3
mem[X,0x800011CE] -> 0x05DF
[1144] [M]: 0x800011CC (0x05DF7FD3) fadd.h ft11, ft10, ft9, dyn
f31 <- 0xFFFFFFFFFFFF7E00


mem[X,0x800011D0] -> 0x2273
mem[X,0x800011D2] -> 0x0030
[1145] [M]: 0x800011D0 (0x00302273) csrrs tp, fcsr, zero
CSR fcsr -> 0x00000000
x4 <- 0x00000000


mem[X,0x800011D4] -> 0xA427
mem[X,0x800011D6] -> 0x03F0
[1146] [M]: 0x800011D4 (0x03F0A427) fsw ft11, 40(ra)
mem[0x8000983C] <- 0xFFFF7E00


mem[X,0x800011D8] -> 0xA623
mem[X,0x800011DA] -> 0x0240
[1147] [M]: 0x800011D8 (0x0240A623) sw tp, 44(ra)
mem[0x80009840] <- 0x00000000


mem[X,0x800011DC] -> 0xAF07
mem[X,0x800011DE] -> 0x4301
[1148] [M]: 0x800011DC (0x4301AF07) flw ft10, 1072(gp)
mem[R,0x80008440] -> 0x000083FE
f30 <- 0xFFFFFFFF000083FE


mem[X,0x800011E0] -> 0xAE87
mem[X,0x800011E2] -> 0x4341
[1149] [M]: 0x800011E0 (0x4341AE87) flw ft9, 1076(gp)
mem[R,0x80008444] -> 0x00007C00
f29 <- 0xFFFFFFFF00007C00


mem[X,0x800011E4] -> 0x0113
mem[X,0x800011E6] -> 0x0000
[1150] [M]: 0x800011E4 (0x00000113) addi sp, zero, 0
x2 <- 0x00000000


mem[X,0x800011E8] -> 0x1073
mem[X,0x800011EA] -> 0x0031
[1151] [M]: 0x800011E8 (0x00311073) csrrw zero, fcsr, sp
CSR fcsr -> 0x00000000
CSR fcsr <- 0x00000000 (input: 0x00000000)


mem[X,0x800011EC] -> 0x7FD3
mem[X,0x800011EE] -> 0x05DF
[1152] [M]: 0x800011EC (0x05DF7FD3) fadd.h ft11, ft10, ft9, dyn
f31 <- 0xFFFFFFFFFFFF7E00


mem[X,0x800011F0] -> 0x2273
mem[X,0x800011F2] -> 0x0030
[1153] [M]: 0x800011F0 (0x00302273) csrrs tp, fcsr, zero
CSR fcsr -> 0x00000000
x4 <- 0x00000000


mem[X,0x800011F4] -> 0xA827
mem[X,0x800011F6] -> 0x03F0
[1154] [M]: 0x800011F4 (0x03F0A827) fsw ft11, 48(ra)
mem[0x80009844] <- 0xFFFF7E00


mem[X,0x800011F8] -> 0xAA23
mem[X,0x800011FA] -> 0x0240
[1155] [M]: 0x800011F8 (0x0240AA23) sw tp, 52(ra)
mem[0x80009848] <- 0x00000000


mem[X,0x800011FC] -> 0xAF07
mem[X,0x800011FE] -> 0x4381
[1156] [M]: 0x800011FC (0x4381AF07) flw ft10, 1080(gp)
mem[R,0x80008448] -> 0x000083FE
f30 <- 0xFFFFFFFF000083FE


mem[X,0x80001200] -> 0xAE87
mem[X,0x80001202] -> 0x43C1
[1157] [M]: 0x80001200 (0x43C1AE87) flw ft9, 1084(gp)
mem[R,0x8000844C] -> 0x0000FC00
f29 <- 0xFFFFFFFF0000FC00


mem[X,0x80001204] -> 0x0113
mem[X,0x80001206] -> 0x0000
[1158] [M]: 0x80001204 (0x00000113) addi sp, zero, 0
x2 <- 0x00000000


mem[X,0x80001208] -> 0x1073
mem[X,0x8000120A] -> 0x0031
[1159] [M]: 0x80001208 (0x00311073) csrrw zero, fcsr, sp
CSR fcsr -> 0x00000000
CSR fcsr <- 0x00000000 (input: 0x00000000)


mem[X,0x8000120C] -> 0x7FD3
mem[X,0x8000120E] -> 0x05DF
[1160] [M]: 0x8000120C (0x05DF7FD3) fadd.h ft11, ft10, ft9, dyn
f31 <- 0xFFFFFFFFFFFF7E00


mem[X,0x80001210] -> 0x2273
mem[X,0x80001212] -> 0x0030
[1161] [M]: 0x80001210 (0x00302273) csrrs tp, fcsr, zero
CSR fcsr -> 0x00000000
x4 <- 0x00000000


mem[X,0x80001214] -> 0xAC27
mem[X,0x80001216] -> 0x03F0
[1162] [M]: 0x80001214 (0x03F0AC27) fsw ft11, 56(ra)
mem[0x8000984C] <- 0xFFFF7E00


mem[X,0x80001218] -> 0xAE23
mem[X,0x8000121A] -> 0x0240
[1163] [M]: 0x80001218 (0x0240AE23) sw tp, 60(ra)
mem[0x80009850] <- 0x00000000


mem[X,0x8000121C] -> 0xAF07
mem[X,0x8000121E] -> 0x4401
[1164] [M]: 0x8000121C (0x4401AF07) flw ft10, 1088(gp)
mem[R,0x80008450] -> 0x000083FE
f30 <- 0xFFFFFFFF000083FE


mem[X,0x80001220] -> 0xAE87
mem[X,0x80001222] -> 0x4441
[1165] [M]: 0x80001220 (0x4441AE87) flw ft9, 1092(gp)
mem[R,0x80008454] -> 0x00007E00
f29 <- 0xFFFFFFFF00007E00


mem[X,0x80001224] -> 0x0113
mem[X,0x80001226] -> 0x0000
[1166] [M]: 0x80001224 (0x00000113) addi sp, zero, 0
x2 <- 0x00000000


mem[X,0x80001228] -> 0x1073
mem[X,0x8000122A] -> 0x0031
[1167] [M]: 0x80001228 (0x00311073) csrrw zero, fcsr, sp
CSR fcsr -> 0x00000000
CSR fcsr <- 0x00000000 (input: 0x00000000)


mem[X,0x8000122C] -> 0x7FD3
mem[X,0x8000122E] -> 0x05DF
[1168] [M]: 0x8000122C (0x05DF7FD3) fadd.h ft11, ft10, ft9, dyn
f31 <- 0xFFFFFFFFFFFF7E00


mem[X,0x80001230] -> 0x2273
mem[X,0x80001232] -> 0x0030
[1169] [M]: 0x80001230 (0x00302273) csrrs tp, fcsr, zero
CSR fcsr -> 0x00000000
x4 <- 0x00000000


mem[X,0x80001234] -> 0xA027
mem[X,0x80001236] -> 0x05F0
[1170] [M]: 0x80001234 (0x05F0A027) fsw ft11, 64(ra)
mem[0x80009854] <- 0xFFFF7E00


mem[X,0x80001238] -> 0xA223
mem[X,0x8000123A] -> 0x0440
[1171] [M]: 0x80001238 (0x0440A223) sw tp, 68(ra)
mem[0x80009858] <- 0x00000000


mem[X,0x8000123C] -> 0xAF07
mem[X,0x8000123E] -> 0x4481
[1172] [M]: 0x8000123C (0x4481AF07) flw ft10, 1096(gp)
mem[R,0x80008458] -> 0x000083FE
f30 <- 0xFFFFFFFF000083FE


mem[X,0x80001240] -> 0xAE87
mem[X,0x80001242] -> 0x44C1
[1173] [M]: 0x80001240 (0x44C1AE87) flw ft9, 1100(gp)
mem[R,0x8000845C] -> 0x0000FE00
f29 <- 0xFFFFFFFF0000FE00


mem[X,0x80001244] -> 0x0113
mem[X,0x80001246] -> 0x0000
[1174] [M]: 0x80001244 (0x00000113) addi sp, zero, 0
x2 <- 0x00000000


mem[X,0x80001248] -> 0x1073
mem[X,0x8000124A] -> 0x0031
[1175] [M]: 0x80001248 (0x00311073) csrrw zero, fcsr, sp
CSR fcsr -> 0x00000000
CSR fcsr <- 0x00000000 (input: 0x00000000)


mem[X,0x8000124C] -> 0x7FD3
mem[X,0x8000124E] -> 0x05DF
[1176] [M]: 0x8000124C (0x05DF7FD3) fadd.h ft11, ft10, ft9, dyn
f31 <- 0xFFFFFFFFFFFF7E00


mem[X,0x80001250] -> 0x2273
mem[X,0x80001252] -> 0x0030
[1177] [M]: 0x80001250 (0x00302273) csrrs tp, fcsr, zero
CSR fcsr -> 0x00000000
x4 <- 0x00000000


mem[X,0x80001254] -> 0xA427
mem[X,0x80001256] -> 0x05F0
[1178] [M]: 0x80001254 (0x05F0A427) fsw ft11, 72(ra)
mem[0x8000985C] <- 0xFFFF7E00


mem[X,0x80001258] -> 0xA623
mem[X,0x8000125A] -> 0x0440
[1179] [M]: 0x80001258 (0x0440A623) sw tp, 76(ra)
mem[0x80009860] <- 0x00000000


mem[X,0x8000125C] -> 0xAF07
mem[X,0x8000125E] -> 0x4501
[1180] [M]: 0x8000125C (0x4501AF07) flw ft10, 1104(gp)
mem[R,0x80008460] -> 0x000083FE
f30 <- 0xFFFFFFFF000083FE


mem[X,0x80001260] -> 0xAE87
mem[X,0x80001262] -> 0x4541
[1181] [M]: 0x80001260 (0x4541AE87) flw ft9, 1108(gp)
mem[R,0x80008464] -> 0x00007E01
f29 <- 0xFFFFFFFF00007E01


mem[X,0x80001264] -> 0x0113
mem[X,0x80001266] -> 0x0000
[1182] [M]: 0x80001264 (0x00000113) addi sp, zero, 0
x2 <- 0x00000000


mem[X,0x80001268] -> 0x1073
mem[X,0x8000126A] -> 0x0031
[1183] [M]: 0x80001268 (0x00311073) csrrw zero, fcsr, sp
CSR fcsr -> 0x00000000
CSR fcsr <- 0x00000000 (input: 0x00000000)


mem[X,0x8000126C] -> 0x7FD3
mem[X,0x8000126E] -> 0x05DF
[1184] [M]: 0x8000126C (0x05DF7FD3) fadd.h ft11, ft10, ft9, dyn
f31 <- 0xFFFFFFFFFFFF7E00


mem[X,0x80001270] -> 0x2273
mem[X,0x80001272] -> 0x0030
[1185] [M]: 0x80001270 (0x00302273) csrrs tp, fcsr, zero
CSR fcsr -> 0x00000000
x4 <- 0x00000000


mem[X,0x80001274] -> 0xA827
mem[X,0x80001276] -> 0x05F0
[1186] [M]: 0x80001274 (0x05F0A827) fsw ft11, 80(ra)
mem[0x80009864] <- 0xFFFF7E00


mem[X,0x80001278] -> 0xAA23
mem[X,0x8000127A] -> 0x0440
[1187] [M]: 0x80001278 (0x0440AA23) sw tp, 84(ra)
mem[0x80009868] <- 0x00000000


mem[X,0x8000127C] -> 0xAF07
mem[X,0x8000127E] -> 0x4581
[1188] [M]: 0x8000127C (0x4581AF07) flw ft10, 1112(gp)
mem[R,0x80008468] -> 0x000083FE
f30 <- 0xFFFFFFFF000083FE


mem[X,0x80001280] -> 0xAE87
mem[X,0x80001282] -> 0x45C1
[1189] [M]: 0x80001280 (0x45C1AE87) flw ft9, 1116(gp)
mem[R,0x8000846C] -> 0x0000FE55
f29 <- 0xFFFFFFFF0000FE55


mem[X,0x80001284] -> 0x0113
mem[X,0x80001286] -> 0x0000
[1190] [M]: 0x80001284 (0x00000113) addi sp, zero, 0
x2 <- 0x00000000


mem[X,0x80001288] -> 0x1073
mem[X,0x8000128A] -> 0x0031
[1191] [M]: 0x80001288 (0x00311073) csrrw zero, fcsr, sp
CSR fcsr -> 0x00000000
CSR fcsr <- 0x00000000 (input: 0x00000000)


mem[X,0x8000128C] -> 0x7FD3
mem[X,0x8000128E] -> 0x05DF
[1192] [M]: 0x8000128C (0x05DF7FD3) fadd.h ft11, ft10, ft9, dyn
f31 <- 0xFFFFFFFFFFFF7E00


mem[X,0x80001290] -> 0x2273
mem[X,0x80001292] -> 0x0030
[1193] [M]: 0x80001290 (0x00302273) csrrs tp, fcsr, zero
CSR fcsr -> 0x00000000
x4 <- 0x00000000


mem[X,0x80001294] -> 0xAC27
mem[X,0x80001296] -> 0x05F0
[1194] [M]: 0x80001294 (0x05F0AC27) fsw ft11, 88(ra)
mem[0x8000986C] <- 0xFFFF7E00


mem[X,0x80001298] -> 0xAE23
mem[X,0x8000129A] -> 0x0440
[1195] [M]: 0x80001298 (0x0440AE23) sw tp, 92(ra)
mem[0x80009870] <- 0x00000000


mem[X,0x8000129C] -> 0xAF07
mem[X,0x8000129E] -> 0x4601
[1196] [M]: 0x8000129C (0x4601AF07) flw ft10, 1120(gp)
mem[R,0x80008470] -> 0x000083FE
f30 <- 0xFFFFFFFF000083FE


mem[X,0x800012A0] -> 0xAE87
mem[X,0x800012A2] -> 0x4641
[1197] [M]: 0x800012A0 (0x4641AE87) flw ft9, 1124(gp)
mem[R,0x80008474] -> 0x00007C01
f29 <- 0xFFFFFFFF00007C01


mem[X,0x800012A4] -> 0x0113
mem[X,0x800012A6] -> 0x0000
[1198] [M]: 0x800012A4 (0x00000113) addi sp, zero, 0
x2 <- 0x00000000


mem[X,0x800012A8] -> 0x1073
mem[X,0x800012AA] -> 0x0031
[1199] [M]: 0x800012A8 (0x00311073) csrrw zero, fcsr, sp
CSR fcsr -> 0x00000000
CSR fcsr <- 0x00000000 (input: 0x00000000)


clint::tick mtime <- 0x000000000000000C
 clint timer pending at mtime 0x000000000000000C
htif::tick 0x0000000000000000
mem[X,0x800012AC] -> 0x7FD3
mem[X,0x800012AE] -> 0x05DF
[1200] [M]: 0x800012AC (0x05DF7FD3) fadd.h ft11, ft10, ft9, dyn
f31 <- 0xFFFFFFFFFFFF7E00


mem[X,0x800012B0] -> 0x2273
mem[X,0x800012B2] -> 0x0030
[1201] [M]: 0x800012B0 (0x00302273) csrrs tp, fcsr, zero
CSR fcsr -> 0x00000000
x4 <- 0x00000000


mem[X,0x800012B4] -> 0xA027
mem[X,0x800012B6] -> 0x07F0
[1202] [M]: 0x800012B4 (0x07F0A027) fsw ft11, 96(ra)
mem[0x80009874] <- 0xFFFF7E00


mem[X,0x800012B8] -> 0xA223
mem[X,0x800012BA] -> 0x0640
[1203] [M]: 0x800012B8 (0x0640A223) sw tp, 100(ra)
mem[0x80009878] <- 0x00000000


mem[X,0x800012BC] -> 0xAF07
mem[X,0x800012BE] -> 0x4681
[1204] [M]: 0x800012BC (0x4681AF07) flw ft10, 1128(gp)
mem[R,0x80008478] -> 0x000083FE
f30 <- 0xFFFFFFFF000083FE


mem[X,0x800012C0] -> 0xAE87
mem[X,0x800012C2] -> 0x46C1
[1205] [M]: 0x800012C0 (0x46C1AE87) flw ft9, 1132(gp)
mem[R,0x8000847C] -> 0x0000FD55
f29 <- 0xFFFFFFFF0000FD55


mem[X,0x800012C4] -> 0x0113
mem[X,0x800012C6] -> 0x0000
[1206] [M]: 0x800012C4 (0x00000113) addi sp, zero, 0
x2 <- 0x00000000


mem[X,0x800012C8] -> 0x1073
mem[X,0x800012CA] -> 0x0031
[1207] [M]: 0x800012C8 (0x00311073) csrrw zero, fcsr, sp
CSR fcsr -> 0x00000000
CSR fcsr <- 0x00000000 (input: 0x00000000)


mem[X,0x800012CC] -> 0x7FD3
mem[X,0x800012CE] -> 0x05DF
[1208] [M]: 0x800012CC (0x05DF7FD3) fadd.h ft11, ft10, ft9, dyn
f31 <- 0xFFFFFFFFFFFF7E00


mem[X,0x800012D0] -> 0x2273
mem[X,0x800012D2] -> 0x0030
[1209] [M]: 0x800012D0 (0x00302273) csrrs tp, fcsr, zero
CSR fcsr -> 0x00000000
x4 <- 0x00000000


mem[X,0x800012D4] -> 0xA427
mem[X,0x800012D6] -> 0x07F0
[1210] [M]: 0x800012D4 (0x07F0A427) fsw ft11, 104(ra)
mem[0x8000987C] <- 0xFFFF7E00


mem[X,0x800012D8] -> 0xA623
mem[X,0x800012DA] -> 0x0640
[1211] [M]: 0x800012D8 (0x0640A623) sw tp, 108(ra)
mem[0x80009880] <- 0x00000000


mem[X,0x800012DC] -> 0xAF07
mem[X,0x800012DE] -> 0x4701
[1212] [M]: 0x800012DC (0x4701AF07) flw ft10, 1136(gp)
mem[R,0x80008480] -> 0x000083FE
f30 <- 0xFFFFFFFF000083FE


mem[X,0x800012E0] -> 0xAE87
mem[X,0x800012E2] -> 0x4741
[1213] [M]: 0x800012E0 (0x4741AE87) flw ft9, 1140(gp)
mem[R,0x80008484] -> 0x00003C00
f29 <- 0xFFFFFFFF00003C00


mem[X,0x800012E4] -> 0x0113
mem[X,0x800012E6] -> 0x0000
[1214] [M]: 0x800012E4 (0x00000113) addi sp, zero, 0
x2 <- 0x00000000


mem[X,0x800012E8] -> 0x1073
mem[X,0x800012EA] -> 0x0031
[1215] [M]: 0x800012E8 (0x00311073) csrrw zero, fcsr, sp
CSR fcsr -> 0x00000000
CSR fcsr <- 0x00000000 (input: 0x00000000)


mem[X,0x800012EC] -> 0x7FD3
mem[X,0x800012EE] -> 0x05DF
[1216] [M]: 0x800012EC (0x05DF7FD3) fadd.h ft11, ft10, ft9, dyn
f31 <- 0xFFFFFFFFFFFF7E00


mem[X,0x800012F0] -> 0x2273
mem[X,0x800012F2] -> 0x0030
[1217] [M]: 0x800012F0 (0x00302273) csrrs tp, fcsr, zero
CSR fcsr -> 0x00000000
x4 <- 0x00000000


mem[X,0x800012F4] -> 0xA827
mem[X,0x800012F6] -> 0x07F0
[1218] [M]: 0x800012F4 (0x07F0A827) fsw ft11, 112(ra)
mem[0x80009884] <- 0xFFFF7E00


mem[X,0x800012F8] -> 0xAA23
mem[X,0x800012FA] -> 0x0640
[1219] [M]: 0x800012F8 (0x0640AA23) sw tp, 116(ra)
mem[0x80009888] <- 0x00000000


mem[X,0x800012FC] -> 0xAF07
mem[X,0x800012FE] -> 0x4781
[1220] [M]: 0x800012FC (0x4781AF07) flw ft10, 1144(gp)
mem[R,0x80008488] -> 0x000083FE
f30 <- 0xFFFFFFFF000083FE


mem[X,0x80001300] -> 0xAE87
mem[X,0x80001302] -> 0x47C1
[1221] [M]: 0x80001300 (0x47C1AE87) flw ft9, 1148(gp)
mem[R,0x8000848C] -> 0x0000BC00
f29 <- 0xFFFFFFFF0000BC00


mem[X,0x80001304] -> 0x0113
mem[X,0x80001306] -> 0x0000
[1222] [M]: 0x80001304 (0x00000113) addi sp, zero, 0
x2 <- 0x00000000


mem[X,0x80001308] -> 0x1073
mem[X,0x8000130A] -> 0x0031
[1223] [M]: 0x80001308 (0x00311073) csrrw zero, fcsr, sp
CSR fcsr -> 0x00000000
CSR fcsr <- 0x00000000 (input: 0x00000000)


mem[X,0x8000130C] -> 0x7FD3
mem[X,0x8000130E] -> 0x05DF
[1224] [M]: 0x8000130C (0x05DF7FD3) fadd.h ft11, ft10, ft9, dyn
f31 <- 0xFFFFFFFFFFFF7E00


mem[X,0x80001310] -> 0x2273
mem[X,0x80001312] -> 0x0030
[1225] [M]: 0x80001310 (0x00302273) csrrs tp, fcsr, zero
CSR fcsr -> 0x00000000
x4 <- 0x00000000


mem[X,0x80001314] -> 0xAC27
mem[X,0x80001316] -> 0x07F0
[1226] [M]: 0x80001314 (0x07F0AC27) fsw ft11, 120(ra)
mem[0x8000988C] <- 0xFFFF7E00


mem[X,0x80001318] -> 0xAE23
mem[X,0x8000131A] -> 0x0640
[1227] [M]: 0x80001318 (0x0640AE23) sw tp, 124(ra)
mem[0x80009890] <- 0x00000000


mem[X,0x8000131C] -> 0xAF07
mem[X,0x8000131E] -> 0x4801
[1228] [M]: 0x8000131C (0x4801AF07) flw ft10, 1152(gp)
mem[R,0x80008490] -> 0x000003FF
f30 <- 0xFFFFFFFF000003FF


mem[X,0x80001320] -> 0xAE87
mem[X,0x80001322] -> 0x4841
[1229] [M]: 0x80001320 (0x4841AE87) flw ft9, 1156(gp)
mem[R,0x80008494] -> 0x00000000
f29 <- 0xFFFFFFFF00000000


mem[X,0x80001324] -> 0x0113
mem[X,0x80001326] -> 0x0000
[1230] [M]: 0x80001324 (0x00000113) addi sp, zero, 0
x2 <- 0x00000000


mem[X,0x80001328] -> 0x1073
mem[X,0x8000132A] -> 0x0031
[1231] [M]: 0x80001328 (0x00311073) csrrw zero, fcsr, sp
CSR fcsr -> 0x00000000
CSR fcsr <- 0x00000000 (input: 0x00000000)


mem[X,0x8000132C] -> 0x7FD3
mem[X,0x8000132E] -> 0x05DF
[1232] [M]: 0x8000132C (0x05DF7FD3) fadd.h ft11, ft10, ft9, dyn
f31 <- 0xFFFFFFFFFFFF7E00


mem[X,0x80001330] -> 0x2273
mem[X,0x80001332] -> 0x0030
[1233] [M]: 0x80001330 (0x00302273) csrrs tp, fcsr, zero
CSR fcsr -> 0x00000000
x4 <- 0x00000000


mem[X,0x80001334] -> 0xA027
mem[X,0x80001336] -> 0x09F0
[1234] [M]: 0x80001334 (0x09F0A027) fsw ft11, 128(ra)
mem[0x80009894] <- 0xFFFF7E00


mem[X,0x80001338] -> 0xA223
mem[X,0x8000133A] -> 0x0840
[1235] [M]: 0x80001338 (0x0840A223) sw tp, 132(ra)
mem[0x80009898] <- 0x00000000


mem[X,0x8000133C] -> 0xAF07
mem[X,0x8000133E] -> 0x4881
[1236] [M]: 0x8000133C (0x4881AF07) flw ft10, 1160(gp)
mem[R,0x80008498] -> 0x000003FF
f30 <- 0xFFFFFFFF000003FF


mem[X,0x80001340] -> 0xAE87
mem[X,0x80001342] -> 0x48C1
[1237] [M]: 0x80001340 (0x48C1AE87) flw ft9, 1164(gp)
mem[R,0x8000849C] -> 0x00008000
f29 <- 0xFFFFFFFF00008000


mem[X,0x80001344] -> 0x0113
mem[X,0x80001346] -> 0x0000
[1238] [M]: 0x80001344 (0x00000113) addi sp, zero, 0
x2 <- 0x00000000


mem[X,0x80001348] -> 0x1073
mem[X,0x8000134A] -> 0x0031
[1239] [M]: 0x80001348 (0x00311073) csrrw zero, fcsr, sp
CSR fcsr -> 0x00000000
CSR fcsr <- 0x00000000 (input: 0x00000000)


mem[X,0x8000134C] -> 0x7FD3
mem[X,0x8000134E] -> 0x05DF
[1240] [M]: 0x8000134C (0x05DF7FD3) fadd.h ft11, ft10, ft9, dyn
f31 <- 0xFFFFFFFFFFFF7E00


mem[X,0x80001350] -> 0x2273
mem[X,0x80001352] -> 0x0030
[1241] [M]: 0x80001350 (0x00302273) csrrs tp, fcsr, zero
CSR fcsr -> 0x00000000
x4 <- 0x00000000


mem[X,0x80001354] -> 0xA427
mem[X,0x80001356] -> 0x09F0
[1242] [M]: 0x80001354 (0x09F0A427) fsw ft11, 136(ra)
mem[0x8000989C] <- 0xFFFF7E00


mem[X,0x80001358] -> 0xA623
mem[X,0x8000135A] -> 0x0840
[1243] [M]: 0x80001358 (0x0840A623) sw tp, 140(ra)
mem[0x800098A0] <- 0x00000000


mem[X,0x8000135C] -> 0xAF07
mem[X,0x8000135E] -> 0x4901
[1244] [M]: 0x8000135C (0x4901AF07) flw ft10, 1168(gp)
mem[R,0x800084A0] -> 0x000003FF
f30 <- 0xFFFFFFFF000003FF


mem[X,0x80001360] -> 0xAE87
mem[X,0x80001362] -> 0x4941
[1245] [M]: 0x80001360 (0x4941AE87) flw ft9, 1172(gp)
mem[R,0x800084A4] -> 0x00000001
f29 <- 0xFFFFFFFF00000001


mem[X,0x80001364] -> 0x0113
mem[X,0x80001366] -> 0x0000
[1246] [M]: 0x80001364 (0x00000113) addi sp, zero, 0
x2 <- 0x00000000


mem[X,0x80001368] -> 0x1073
mem[X,0x8000136A] -> 0x0031
[1247] [M]: 0x80001368 (0x00311073) csrrw zero, fcsr, sp
CSR fcsr -> 0x00000000
CSR fcsr <- 0x00000000 (input: 0x00000000)


mem[X,0x8000136C] -> 0x7FD3
mem[X,0x8000136E] -> 0x05DF
[1248] [M]: 0x8000136C (0x05DF7FD3) fadd.h ft11, ft10, ft9, dyn
f31 <- 0xFFFFFFFFFFFF7E00


mem[X,0x80001370] -> 0x2273
mem[X,0x80001372] -> 0x0030
[1249] [M]: 0x80001370 (0x00302273) csrrs tp, fcsr, zero
CSR fcsr -> 0x00000000
x4 <- 0x00000000


mem[X,0x80001374] -> 0xA827
mem[X,0x80001376] -> 0x09F0
[1250] [M]: 0x80001374 (0x09F0A827) fsw ft11, 144(ra)
mem[0x800098A4] <- 0xFFFF7E00


mem[X,0x80001378] -> 0xAA23
mem[X,0x8000137A] -> 0x0840
[1251] [M]: 0x80001378 (0x0840AA23) sw tp, 148(ra)
mem[0x800098A8] <- 0x00000000


mem[X,0x8000137C] -> 0xAF07
mem[X,0x8000137E] -> 0x4981
[1252] [M]: 0x8000137C (0x4981AF07) flw ft10, 1176(gp)
mem[R,0x800084A8] -> 0x000003FF
f30 <- 0xFFFFFFFF000003FF


mem[X,0x80001380] -> 0xAE87
mem[X,0x80001382] -> 0x49C1
[1253] [M]: 0x80001380 (0x49C1AE87) flw ft9, 1180(gp)
mem[R,0x800084AC] -> 0x00008001
f29 <- 0xFFFFFFFF00008001


mem[X,0x80001384] -> 0x0113
mem[X,0x80001386] -> 0x0000
[1254] [M]: 0x80001384 (0x00000113) addi sp, zero, 0
x2 <- 0x00000000


mem[X,0x80001388] -> 0x1073
mem[X,0x8000138A] -> 0x0031
[1255] [M]: 0x80001388 (0x00311073) csrrw zero, fcsr, sp
CSR fcsr -> 0x00000000
CSR fcsr <- 0x00000000 (input: 0x00000000)


mem[X,0x8000138C] -> 0x7FD3
mem[X,0x8000138E] -> 0x05DF
[1256] [M]: 0x8000138C (0x05DF7FD3) fadd.h ft11, ft10, ft9, dyn
f31 <- 0xFFFFFFFFFFFF7E00


mem[X,0x80001390] -> 0x2273
mem[X,0x80001392] -> 0x0030
[1257] [M]: 0x80001390 (0x00302273) csrrs tp, fcsr, zero
CSR fcsr -> 0x00000000
x4 <- 0x00000000


mem[X,0x80001394] -> 0xAC27
mem[X,0x80001396] -> 0x09F0
[1258] [M]: 0x80001394 (0x09F0AC27) fsw ft11, 152(ra)
mem[0x800098AC] <- 0xFFFF7E00


mem[X,0x80001398] -> 0xAE23
mem[X,0x8000139A] -> 0x0840
[1259] [M]: 0x80001398 (0x0840AE23) sw tp, 156(ra)
mem[0x800098B0] <- 0x00000000


mem[X,0x8000139C] -> 0xAF07
mem[X,0x8000139E] -> 0x4A01
[1260] [M]: 0x8000139C (0x4A01AF07) flw ft10, 1184(gp)
mem[R,0x800084B0] -> 0x000003FF
f30 <- 0xFFFFFFFF000003FF


mem[X,0x800013A0] -> 0xAE87
mem[X,0x800013A2] -> 0x4A41
[1261] [M]: 0x800013A0 (0x4A41AE87) flw ft9, 1188(gp)
mem[R,0x800084B4] -> 0x00000002
f29 <- 0xFFFFFFFF00000002


mem[X,0x800013A4] -> 0x0113
mem[X,0x800013A6] -> 0x0000
[1262] [M]: 0x800013A4 (0x00000113) addi sp, zero, 0
x2 <- 0x00000000


mem[X,0x800013A8] -> 0x1073
mem[X,0x800013AA] -> 0x0031
[1263] [M]: 0x800013A8 (0x00311073) csrrw zero, fcsr, sp
CSR fcsr -> 0x00000000
CSR fcsr <- 0x00000000 (input: 0x00000000)


mem[X,0x800013AC] -> 0x7FD3
mem[X,0x800013AE] -> 0x05DF
[1264] [M]: 0x800013AC (0x05DF7FD3) fadd.h ft11, ft10, ft9, dyn
f31 <- 0xFFFFFFFFFFFF7E00


mem[X,0x800013B0] -> 0x2273
mem[X,0x800013B2] -> 0x0030
[1265] [M]: 0x800013B0 (0x00302273) csrrs tp, fcsr, zero
CSR fcsr -> 0x00000000
x4 <- 0x00000000


mem[X,0x800013B4] -> 0xA027
mem[X,0x800013B6] -> 0x0BF0
[1266] [M]: 0x800013B4 (0x0BF0A027) fsw ft11, 160(ra)
mem[0x800098B4] <- 0xFFFF7E00


mem[X,0x800013B8] -> 0xA223
mem[X,0x800013BA] -> 0x0A40
[1267] [M]: 0x800013B8 (0x0A40A223) sw tp, 164(ra)
mem[0x800098B8] <- 0x00000000


mem[X,0x800013BC] -> 0xAF07
mem[X,0x800013BE] -> 0x4A81
[1268] [M]: 0x800013BC (0x4A81AF07) flw ft10, 1192(gp)
mem[R,0x800084B8] -> 0x000003FF
f30 <- 0xFFFFFFFF000003FF


mem[X,0x800013C0] -> 0xAE87
mem[X,0x800013C2] -> 0x4AC1
[1269] [M]: 0x800013C0 (0x4AC1AE87) flw ft9, 1196(gp)
mem[R,0x800084BC] -> 0x000083FE
f29 <- 0xFFFFFFFF000083FE


mem[X,0x800013C4] -> 0x0113
mem[X,0x800013C6] -> 0x0000
[1270] [M]: 0x800013C4 (0x00000113) addi sp, zero, 0
x2 <- 0x00000000


mem[X,0x800013C8] -> 0x1073
mem[X,0x800013CA] -> 0x0031
[1271] [M]: 0x800013C8 (0x00311073) csrrw zero, fcsr, sp
CSR fcsr -> 0x00000000
CSR fcsr <- 0x00000000 (input: 0x00000000)


mem[X,0x800013CC] -> 0x7FD3
mem[X,0x800013CE] -> 0x05DF
[1272] [M]: 0x800013CC (0x05DF7FD3) fadd.h ft11, ft10, ft9, dyn
f31 <- 0xFFFFFFFFFFFF7E00


mem[X,0x800013D0] -> 0x2273
mem[X,0x800013D2] -> 0x0030
[1273] [M]: 0x800013D0 (0x00302273) csrrs tp, fcsr, zero
CSR fcsr -> 0x00000000
x4 <- 0x00000000


mem[X,0x800013D4] -> 0xA427
mem[X,0x800013D6] -> 0x0BF0
[1274] [M]: 0x800013D4 (0x0BF0A427) fsw ft11, 168(ra)
mem[0x800098BC] <- 0xFFFF7E00


mem[X,0x800013D8] -> 0xA623
mem[X,0x800013DA] -> 0x0A40
[1275] [M]: 0x800013D8 (0x0A40A623) sw tp, 172(ra)
mem[0x800098C0] <- 0x00000000


mem[X,0x800013DC] -> 0xAF07
mem[X,0x800013DE] -> 0x4B01
[1276] [M]: 0x800013DC (0x4B01AF07) flw ft10, 1200(gp)
mem[R,0x800084C0] -> 0x000003FF
f30 <- 0xFFFFFFFF000003FF


mem[X,0x800013E0] -> 0xAE87
mem[X,0x800013E2] -> 0x4B41
[1277] [M]: 0x800013E0 (0x4B41AE87) flw ft9, 1204(gp)
mem[R,0x800084C4] -> 0x000003FF
f29 <- 0xFFFFFFFF000003FF


mem[X,0x800013E4] -> 0x0113
mem[X,0x800013E6] -> 0x0000
[1278] [M]: 0x800013E4 (0x00000113) addi sp, zero, 0
x2 <- 0x00000000


mem[X,0x800013E8] -> 0x1073
mem[X,0x800013EA] -> 0x0031
[1279] [M]: 0x800013E8 (0x00311073) csrrw zero, fcsr, sp
CSR fcsr -> 0x00000000
CSR fcsr <- 0x00000000 (input: 0x00000000)


mem[X,0x800013EC] -> 0x7FD3
mem[X,0x800013EE] -> 0x05DF
[1280] [M]: 0x800013EC (0x05DF7FD3) fadd.h ft11, ft10, ft9, dyn
f31 <- 0xFFFFFFFFFFFF7E00


mem[X,0x800013F0] -> 0x2273
mem[X,0x800013F2] -> 0x0030
[1281] [M]: 0x800013F0 (0x00302273) csrrs tp, fcsr, zero
CSR fcsr -> 0x00000000
x4 <- 0x00000000


mem[X,0x800013F4] -> 0xA827
mem[X,0x800013F6] -> 0x0BF0
[1282] [M]: 0x800013F4 (0x0BF0A827) fsw ft11, 176(ra)
mem[0x800098C4] <- 0xFFFF7E00


mem[X,0x800013F8] -> 0xAA23
mem[X,0x800013FA] -> 0x0A40
[1283] [M]: 0x800013F8 (0x0A40AA23) sw tp, 180(ra)
mem[0x800098C8] <- 0x00000000


mem[X,0x800013FC] -> 0xAF07
mem[X,0x800013FE] -> 0x4B81
[1284] [M]: 0x800013FC (0x4B81AF07) flw ft10, 1208(gp)
mem[R,0x800084C8] -> 0x000003FF
f30 <- 0xFFFFFFFF000003FF


mem[X,0x80001400] -> 0xAE87
mem[X,0x80001402] -> 0x4BC1
[1285] [M]: 0x80001400 (0x4BC1AE87) flw ft9, 1212(gp)
mem[R,0x800084CC] -> 0x000083FF
f29 <- 0xFFFFFFFF000083FF


mem[X,0x80001404] -> 0x0113
mem[X,0x80001406] -> 0x0000
[1286] [M]: 0x80001404 (0x00000113) addi sp, zero, 0
x2 <- 0x00000000


mem[X,0x80001408] -> 0x1073
mem[X,0x8000140A] -> 0x0031
[1287] [M]: 0x80001408 (0x00311073) csrrw zero, fcsr, sp
CSR fcsr -> 0x00000000
CSR fcsr <- 0x00000000 (input: 0x00000000)


mem[X,0x8000140C] -> 0x7FD3
mem[X,0x8000140E] -> 0x05DF
[1288] [M]: 0x8000140C (0x05DF7FD3) fadd.h ft11, ft10, ft9, dyn
f31 <- 0xFFFFFFFFFFFF7E00


mem[X,0x80001410] -> 0x2273
mem[X,0x80001412] -> 0x0030
[1289] [M]: 0x80001410 (0x00302273) csrrs tp, fcsr, zero
CSR fcsr -> 0x00000000
x4 <- 0x00000000


mem[X,0x80001414] -> 0xAC27
mem[X,0x80001416] -> 0x0BF0
[1290] [M]: 0x80001414 (0x0BF0AC27) fsw ft11, 184(ra)
mem[0x800098CC] <- 0xFFFF7E00


mem[X,0x80001418] -> 0xAE23
mem[X,0x8000141A] -> 0x0A40
[1291] [M]: 0x80001418 (0x0A40AE23) sw tp, 188(ra)
mem[0x800098D0] <- 0x00000000


mem[X,0x8000141C] -> 0xAF07
mem[X,0x8000141E] -> 0x4C01
[1292] [M]: 0x8000141C (0x4C01AF07) flw ft10, 1216(gp)
mem[R,0x800084D0] -> 0x000003FF
f30 <- 0xFFFFFFFF000003FF


mem[X,0x80001420] -> 0xAE87
mem[X,0x80001422] -> 0x4C41
[1293] [M]: 0x80001420 (0x4C41AE87) flw ft9, 1220(gp)
mem[R,0x800084D4] -> 0x00000400
f29 <- 0xFFFFFFFF00000400


mem[X,0x80001424] -> 0x0113
mem[X,0x80001426] -> 0x0000
[1294] [M]: 0x80001424 (0x00000113) addi sp, zero, 0
x2 <- 0x00000000


mem[X,0x80001428] -> 0x1073
mem[X,0x8000142A] -> 0x0031
[1295] [M]: 0x80001428 (0x00311073) csrrw zero, fcsr, sp
CSR fcsr -> 0x00000000
CSR fcsr <- 0x00000000 (input: 0x00000000)


mem[X,0x8000142C] -> 0x7FD3
mem[X,0x8000142E] -> 0x05DF
[1296] [M]: 0x8000142C (0x05DF7FD3) fadd.h ft11, ft10, ft9, dyn
f31 <- 0xFFFFFFFFFFFF7E00


mem[X,0x80001430] -> 0x2273
mem[X,0x80001432] -> 0x0030
[1297] [M]: 0x80001430 (0x00302273) csrrs tp, fcsr, zero
CSR fcsr -> 0x00000000
x4 <- 0x00000000


mem[X,0x80001434] -> 0xA027
mem[X,0x80001436] -> 0x0DF0
[1298] [M]: 0x80001434 (0x0DF0A027) fsw ft11, 192(ra)
mem[0x800098D4] <- 0xFFFF7E00


mem[X,0x80001438] -> 0xA223
mem[X,0x8000143A] -> 0x0C40
[1299] [M]: 0x80001438 (0x0C40A223) sw tp, 196(ra)
mem[0x800098D8] <- 0x00000000


clint::tick mtime <- 0x000000000000000D
 clint timer pending at mtime 0x000000000000000D
htif::tick 0x0000000000000000
mem[X,0x8000143C] -> 0xAF07
mem[X,0x8000143E] -> 0x4C81
[1300] [M]: 0x8000143C (0x4C81AF07) flw ft10, 1224(gp)
mem[R,0x800084D8] -> 0x000003FF
f30 <- 0xFFFFFFFF000003FF


mem[X,0x80001440] -> 0xAE87
mem[X,0x80001442] -> 0x4CC1
[1301] [M]: 0x80001440 (0x4CC1AE87) flw ft9, 1228(gp)
mem[R,0x800084DC] -> 0x00008400
f29 <- 0xFFFFFFFF00008400


mem[X,0x80001444] -> 0x0113
mem[X,0x80001446] -> 0x0000
[1302] [M]: 0x80001444 (0x00000113) addi sp, zero, 0
x2 <- 0x00000000


mem[X,0x80001448] -> 0x1073
mem[X,0x8000144A] -> 0x0031
[1303] [M]: 0x80001448 (0x00311073) csrrw zero, fcsr, sp
CSR fcsr -> 0x00000000
CSR fcsr <- 0x00000000 (input: 0x00000000)


mem[X,0x8000144C] -> 0x7FD3
mem[X,0x8000144E] -> 0x05DF
[1304] [M]: 0x8000144C (0x05DF7FD3) fadd.h ft11, ft10, ft9, dyn
f31 <- 0xFFFFFFFFFFFF7E00


mem[X,0x80001450] -> 0x2273
mem[X,0x80001452] -> 0x0030
[1305] [M]: 0x80001450 (0x00302273) csrrs tp, fcsr, zero
CSR fcsr -> 0x00000000
x4 <- 0x00000000


mem[X,0x80001454] -> 0xA427
mem[X,0x80001456] -> 0x0DF0
[1306] [M]: 0x80001454 (0x0DF0A427) fsw ft11, 200(ra)
mem[0x800098DC] <- 0xFFFF7E00


mem[X,0x80001458] -> 0xA623
mem[X,0x8000145A] -> 0x0C40
[1307] [M]: 0x80001458 (0x0C40A623) sw tp, 204(ra)
mem[0x800098E0] <- 0x00000000


mem[X,0x8000145C] -> 0xAF07
mem[X,0x8000145E] -> 0x4D01
[1308] [M]: 0x8000145C (0x4D01AF07) flw ft10, 1232(gp)
mem[R,0x800084E0] -> 0x000003FF
f30 <- 0xFFFFFFFF000003FF


mem[X,0x80001460] -> 0xAE87
mem[X,0x80001462] -> 0x4D41
[1309] [M]: 0x80001460 (0x4D41AE87) flw ft9, 1236(gp)
mem[R,0x800084E4] -> 0x00000401
f29 <- 0xFFFFFFFF00000401


mem[X,0x80001464] -> 0x0113
mem[X,0x80001466] -> 0x0000
[1310] [M]: 0x80001464 (0x00000113) addi sp, zero, 0
x2 <- 0x00000000


mem[X,0x80001468] -> 0x1073
mem[X,0x8000146A] -> 0x0031
[1311] [M]: 0x80001468 (0x00311073) csrrw zero, fcsr, sp
CSR fcsr -> 0x00000000
CSR fcsr <- 0x00000000 (input: 0x00000000)


mem[X,0x8000146C] -> 0x7FD3
mem[X,0x8000146E] -> 0x05DF
[1312] [M]: 0x8000146C (0x05DF7FD3) fadd.h ft11, ft10, ft9, dyn
f31 <- 0xFFFFFFFFFFFF7E00


mem[X,0x80001470] -> 0x2273
mem[X,0x80001472] -> 0x0030
[1313] [M]: 0x80001470 (0x00302273) csrrs tp, fcsr, zero
CSR fcsr -> 0x00000000
x4 <- 0x00000000


mem[X,0x80001474] -> 0xA827
mem[X,0x80001476] -> 0x0DF0
[1314] [M]: 0x80001474 (0x0DF0A827) fsw ft11, 208(ra)
mem[0x800098E4] <- 0xFFFF7E00


mem[X,0x80001478] -> 0xAA23
mem[X,0x8000147A] -> 0x0C40
[1315] [M]: 0x80001478 (0x0C40AA23) sw tp, 212(ra)
mem[0x800098E8] <- 0x00000000


mem[X,0x8000147C] -> 0xAF07
mem[X,0x8000147E] -> 0x4D81
[1316] [M]: 0x8000147C (0x4D81AF07) flw ft10, 1240(gp)
mem[R,0x800084E8] -> 0x000003FF
f30 <- 0xFFFFFFFF000003FF


mem[X,0x80001480] -> 0xAE87
mem[X,0x80001482] -> 0x4DC1
[1317] [M]: 0x80001480 (0x4DC1AE87) flw ft9, 1244(gp)
mem[R,0x800084EC] -> 0x00008455
f29 <- 0xFFFFFFFF00008455


mem[X,0x80001484] -> 0x0113
mem[X,0x80001486] -> 0x0000
[1318] [M]: 0x80001484 (0x00000113) addi sp, zero, 0
x2 <- 0x00000000


mem[X,0x80001488] -> 0x1073
mem[X,0x8000148A] -> 0x0031
[1319] [M]: 0x80001488 (0x00311073) csrrw zero, fcsr, sp
CSR fcsr -> 0x00000000
CSR fcsr <- 0x00000000 (input: 0x00000000)


mem[X,0x8000148C] -> 0x7FD3
mem[X,0x8000148E] -> 0x05DF
[1320] [M]: 0x8000148C (0x05DF7FD3) fadd.h ft11, ft10, ft9, dyn
f31 <- 0xFFFFFFFFFFFF7E00


mem[X,0x80001490] -> 0x2273
mem[X,0x80001492] -> 0x0030
[1321] [M]: 0x80001490 (0x00302273) csrrs tp, fcsr, zero
CSR fcsr -> 0x00000000
x4 <- 0x00000000


mem[X,0x80001494] -> 0xAC27
mem[X,0x80001496] -> 0x0DF0
[1322] [M]: 0x80001494 (0x0DF0AC27) fsw ft11, 216(ra)
mem[0x800098EC] <- 0xFFFF7E00


mem[X,0x80001498] -> 0xAE23
mem[X,0x8000149A] -> 0x0C40
[1323] [M]: 0x80001498 (0x0C40AE23) sw tp, 220(ra)
mem[0x800098F0] <- 0x00000000


mem[X,0x8000149C] -> 0xAF07
mem[X,0x8000149E] -> 0x4E01
[1324] [M]: 0x8000149C (0x4E01AF07) flw ft10, 1248(gp)
mem[R,0x800084F0] -> 0x000003FF
f30 <- 0xFFFFFFFF000003FF


mem[X,0x800014A0] -> 0xAE87
mem[X,0x800014A2] -> 0x4E41
[1325] [M]: 0x800014A0 (0x4E41AE87) flw ft9, 1252(gp)
mem[R,0x800084F4] -> 0x00007BFF
f29 <- 0xFFFFFFFF00007BFF


mem[X,0x800014A4] -> 0x0113
mem[X,0x800014A6] -> 0x0000
[1326] [M]: 0x800014A4 (0x00000113) addi sp, zero, 0
x2 <- 0x00000000


mem[X,0x800014A8] -> 0x1073
mem[X,0x800014AA] -> 0x0031
[1327] [M]: 0x800014A8 (0x00311073) csrrw zero, fcsr, sp
CSR fcsr -> 0x00000000
CSR fcsr <- 0x00000000 (input: 0x00000000)


mem[X,0x800014AC] -> 0x7FD3
mem[X,0x800014AE] -> 0x05DF
[1328] [M]: 0x800014AC (0x05DF7FD3) fadd.h ft11, ft10, ft9, dyn
f31 <- 0xFFFFFFFFFFFF7E00


mem[X,0x800014B0] -> 0x2273
mem[X,0x800014B2] -> 0x0030
[1329] [M]: 0x800014B0 (0x00302273) csrrs tp, fcsr, zero
CSR fcsr -> 0x00000000
x4 <- 0x00000000


mem[X,0x800014B4] -> 0xA027
mem[X,0x800014B6] -> 0x0FF0
[1330] [M]: 0x800014B4 (0x0FF0A027) fsw ft11, 224(ra)
mem[0x800098F4] <- 0xFFFF7E00


mem[X,0x800014B8] -> 0xA223
mem[X,0x800014BA] -> 0x0E40
[1331] [M]: 0x800014B8 (0x0E40A223) sw tp, 228(ra)
mem[0x800098F8] <- 0x00000000


mem[X,0x800014BC] -> 0xAF07
mem[X,0x800014BE] -> 0x4E81
[1332] [M]: 0x800014BC (0x4E81AF07) flw ft10, 1256(gp)
mem[R,0x800084F8] -> 0x000003FF
f30 <- 0xFFFFFFFF000003FF


mem[X,0x800014C0] -> 0xAE87
mem[X,0x800014C2] -> 0x4EC1
[1333] [M]: 0x800014C0 (0x4EC1AE87) flw ft9, 1260(gp)
mem[R,0x800084FC] -> 0x0000FBFF
f29 <- 0xFFFFFFFF0000FBFF


mem[X,0x800014C4] -> 0x0113
mem[X,0x800014C6] -> 0x0000
[1334] [M]: 0x800014C4 (0x00000113) addi sp, zero, 0
x2 <- 0x00000000


mem[X,0x800014C8] -> 0x1073
mem[X,0x800014CA] -> 0x0031
[1335] [M]: 0x800014C8 (0x00311073) csrrw zero, fcsr, sp
CSR fcsr -> 0x00000000
CSR fcsr <- 0x00000000 (input: 0x00000000)


mem[X,0x800014CC] -> 0x7FD3
mem[X,0x800014CE] -> 0x05DF
[1336] [M]: 0x800014CC (0x05DF7FD3) fadd.h ft11, ft10, ft9, dyn
f31 <- 0xFFFFFFFFFFFF7E00


mem[X,0x800014D0] -> 0x2273
mem[X,0x800014D2] -> 0x0030
[1337] [M]: 0x800014D0 (0x00302273) csrrs tp, fcsr, zero
CSR fcsr -> 0x00000000
x4 <- 0x00000000


mem[X,0x800014D4] -> 0xA427
mem[X,0x800014D6] -> 0x0FF0
[1338] [M]: 0x800014D4 (0x0FF0A427) fsw ft11, 232(ra)
mem[0x800098FC] <- 0xFFFF7E00


mem[X,0x800014D8] -> 0xA623
mem[X,0x800014DA] -> 0x0E40
[1339] [M]: 0x800014D8 (0x0E40A623) sw tp, 236(ra)
mem[0x80009900] <- 0x00000000


mem[X,0x800014DC] -> 0xAF07
mem[X,0x800014DE] -> 0x4F01
[1340] [M]: 0x800014DC (0x4F01AF07) flw ft10, 1264(gp)
mem[R,0x80008500] -> 0x000003FF
f30 <- 0xFFFFFFFF000003FF


mem[X,0x800014E0] -> 0xAE87
mem[X,0x800014E2] -> 0x4F41
[1341] [M]: 0x800014E0 (0x4F41AE87) flw ft9, 1268(gp)
mem[R,0x80008504] -> 0x00007C00
f29 <- 0xFFFFFFFF00007C00


mem[X,0x800014E4] -> 0x0113
mem[X,0x800014E6] -> 0x0000
[1342] [M]: 0x800014E4 (0x00000113) addi sp, zero, 0
x2 <- 0x00000000


mem[X,0x800014E8] -> 0x1073
mem[X,0x800014EA] -> 0x0031
[1343] [M]: 0x800014E8 (0x00311073) csrrw zero, fcsr, sp
CSR fcsr -> 0x00000000
CSR fcsr <- 0x00000000 (input: 0x00000000)


mem[X,0x800014EC] -> 0x7FD3
mem[X,0x800014EE] -> 0x05DF
[1344] [M]: 0x800014EC (0x05DF7FD3) fadd.h ft11, ft10, ft9, dyn
f31 <- 0xFFFFFFFFFFFF7E00


mem[X,0x800014F0] -> 0x2273
mem[X,0x800014F2] -> 0x0030
[1345] [M]: 0x800014F0 (0x00302273) csrrs tp, fcsr, zero
CSR fcsr -> 0x00000000
x4 <- 0x00000000


mem[X,0x800014F4] -> 0xA827
mem[X,0x800014F6] -> 0x0FF0
[1346] [M]: 0x800014F4 (0x0FF0A827) fsw ft11, 240(ra)
mem[0x80009904] <- 0xFFFF7E00


mem[X,0x800014F8] -> 0xAA23
mem[X,0x800014FA] -> 0x0E40
[1347] [M]: 0x800014F8 (0x0E40AA23) sw tp, 244(ra)
mem[0x80009908] <- 0x00000000


mem[X,0x800014FC] -> 0xAF07
mem[X,0x800014FE] -> 0x4F81
[1348] [M]: 0x800014FC (0x4F81AF07) flw ft10, 1272(gp)
mem[R,0x80008508] -> 0x000003FF
f30 <- 0xFFFFFFFF000003FF


mem[X,0x80001500] -> 0xAE87
mem[X,0x80001502] -> 0x4FC1
[1349] [M]: 0x80001500 (0x4FC1AE87) flw ft9, 1276(gp)
mem[R,0x8000850C] -> 0x0000FC00
f29 <- 0xFFFFFFFF0000FC00


mem[X,0x80001504] -> 0x0113
mem[X,0x80001506] -> 0x0000
[1350] [M]: 0x80001504 (0x00000113) addi sp, zero, 0
x2 <- 0x00000000


mem[X,0x80001508] -> 0x1073
mem[X,0x8000150A] -> 0x0031
[1351] [M]: 0x80001508 (0x00311073) csrrw zero, fcsr, sp
CSR fcsr -> 0x00000000
CSR fcsr <- 0x00000000 (input: 0x00000000)


mem[X,0x8000150C] -> 0x7FD3
mem[X,0x8000150E] -> 0x05DF
[1352] [M]: 0x8000150C (0x05DF7FD3) fadd.h ft11, ft10, ft9, dyn
f31 <- 0xFFFFFFFFFFFF7E00


mem[X,0x80001510] -> 0x2273
mem[X,0x80001512] -> 0x0030
[1353] [M]: 0x80001510 (0x00302273) csrrs tp, fcsr, zero
CSR fcsr -> 0x00000000
x4 <- 0x00000000


mem[X,0x80001514] -> 0xAC27
mem[X,0x80001516] -> 0x0FF0
[1354] [M]: 0x80001514 (0x0FF0AC27) fsw ft11, 248(ra)
mem[0x8000990C] <- 0xFFFF7E00


mem[X,0x80001518] -> 0xAE23
mem[X,0x8000151A] -> 0x0E40
[1355] [M]: 0x80001518 (0x0E40AE23) sw tp, 252(ra)
mem[0x80009910] <- 0x00000000


mem[X,0x8000151C] -> 0xAF07
mem[X,0x8000151E] -> 0x5001
[1356] [M]: 0x8000151C (0x5001AF07) flw ft10, 1280(gp)
mem[R,0x80008510] -> 0x000003FF
f30 <- 0xFFFFFFFF000003FF


mem[X,0x80001520] -> 0xAE87
mem[X,0x80001522] -> 0x5041
[1357] [M]: 0x80001520 (0x5041AE87) flw ft9, 1284(gp)
mem[R,0x80008514] -> 0x00007E00
f29 <- 0xFFFFFFFF00007E00


mem[X,0x80001524] -> 0x0113
mem[X,0x80001526] -> 0x0000
[1358] [M]: 0x80001524 (0x00000113) addi sp, zero, 0
x2 <- 0x00000000


mem[X,0x80001528] -> 0x1073
mem[X,0x8000152A] -> 0x0031
[1359] [M]: 0x80001528 (0x00311073) csrrw zero, fcsr, sp
CSR fcsr -> 0x00000000
CSR fcsr <- 0x00000000 (input: 0x00000000)


mem[X,0x8000152C] -> 0x7FD3
mem[X,0x8000152E] -> 0x05DF
[1360] [M]: 0x8000152C (0x05DF7FD3) fadd.h ft11, ft10, ft9, dyn
f31 <- 0xFFFFFFFFFFFF7E00


mem[X,0x80001530] -> 0x2273
mem[X,0x80001532] -> 0x0030
[1361] [M]: 0x80001530 (0x00302273) csrrs tp, fcsr, zero
CSR fcsr -> 0x00000000
x4 <- 0x00000000


mem[X,0x80001534] -> 0xA027
mem[X,0x80001536] -> 0x11F0
[1362] [M]: 0x80001534 (0x11F0A027) fsw ft11, 256(ra)
mem[0x80009914] <- 0xFFFF7E00


mem[X,0x80001538] -> 0xA223
mem[X,0x8000153A] -> 0x1040
[1363] [M]: 0x80001538 (0x1040A223) sw tp, 260(ra)
mem[0x80009918] <- 0x00000000


mem[X,0x8000153C] -> 0xAF07
mem[X,0x8000153E] -> 0x5081
[1364] [M]: 0x8000153C (0x5081AF07) flw ft10, 1288(gp)
mem[R,0x80008518] -> 0x000003FF
f30 <- 0xFFFFFFFF000003FF


mem[X,0x80001540] -> 0xAE87
mem[X,0x80001542] -> 0x50C1
[1365] [M]: 0x80001540 (0x50C1AE87) flw ft9, 1292(gp)
mem[R,0x8000851C] -> 0x0000FE00
f29 <- 0xFFFFFFFF0000FE00


mem[X,0x80001544] -> 0x0113
mem[X,0x80001546] -> 0x0000
[1366] [M]: 0x80001544 (0x00000113) addi sp, zero, 0
x2 <- 0x00000000


mem[X,0x80001548] -> 0x1073
mem[X,0x8000154A] -> 0x0031
[1367] [M]: 0x80001548 (0x00311073) csrrw zero, fcsr, sp
CSR fcsr -> 0x00000000
CSR fcsr <- 0x00000000 (input: 0x00000000)


mem[X,0x8000154C] -> 0x7FD3
mem[X,0x8000154E] -> 0x05DF
[1368] [M]: 0x8000154C (0x05DF7FD3) fadd.h ft11, ft10, ft9, dyn
f31 <- 0xFFFFFFFFFFFF7E00


mem[X,0x80001550] -> 0x2273
mem[X,0x80001552] -> 0x0030
[1369] [M]: 0x80001550 (0x00302273) csrrs tp, fcsr, zero
CSR fcsr -> 0x00000000
x4 <- 0x00000000


mem[X,0x80001554] -> 0xA427
mem[X,0x80001556] -> 0x11F0
[1370] [M]: 0x80001554 (0x11F0A427) fsw ft11, 264(ra)
mem[0x8000991C] <- 0xFFFF7E00


mem[X,0x80001558] -> 0xA623
mem[X,0x8000155A] -> 0x1040
[1371] [M]: 0x80001558 (0x1040A623) sw tp, 268(ra)
mem[0x80009920] <- 0x00000000


mem[X,0x8000155C] -> 0xAF07
mem[X,0x8000155E] -> 0x5101
[1372] [M]: 0x8000155C (0x5101AF07) flw ft10, 1296(gp)
mem[R,0x80008520] -> 0x000003FF
f30 <- 0xFFFFFFFF000003FF


mem[X,0x80001560] -> 0xAE87
mem[X,0x80001562] -> 0x5141
[1373] [M]: 0x80001560 (0x5141AE87) flw ft9, 1300(gp)
mem[R,0x80008524] -> 0x00007E01
f29 <- 0xFFFFFFFF00007E01


mem[X,0x80001564] -> 0x0113
mem[X,0x80001566] -> 0x0000
[1374] [M]: 0x80001564 (0x00000113) addi sp, zero, 0
x2 <- 0x00000000


mem[X,0x80001568] -> 0x1073
mem[X,0x8000156A] -> 0x0031
[1375] [M]: 0x80001568 (0x00311073) csrrw zero, fcsr, sp
CSR fcsr -> 0x00000000
CSR fcsr <- 0x00000000 (input: 0x00000000)


mem[X,0x8000156C] -> 0x7FD3
mem[X,0x8000156E] -> 0x05DF
[1376] [M]: 0x8000156C (0x05DF7FD3) fadd.h ft11, ft10, ft9, dyn
f31 <- 0xFFFFFFFFFFFF7E00


mem[X,0x80001570] -> 0x2273
mem[X,0x80001572] -> 0x0030
[1377] [M]: 0x80001570 (0x00302273) csrrs tp, fcsr, zero
CSR fcsr -> 0x00000000
x4 <- 0x00000000


mem[X,0x80001574] -> 0xA827
mem[X,0x80001576] -> 0x11F0
[1378] [M]: 0x80001574 (0x11F0A827) fsw ft11, 272(ra)
mem[0x80009924] <- 0xFFFF7E00


mem[X,0x80001578] -> 0xAA23
mem[X,0x8000157A] -> 0x1040
[1379] [M]: 0x80001578 (0x1040AA23) sw tp, 276(ra)
mem[0x80009928] <- 0x00000000


mem[X,0x8000157C] -> 0xAF07
mem[X,0x8000157E] -> 0x5181
[1380] [M]: 0x8000157C (0x5181AF07) flw ft10, 1304(gp)
mem[R,0x80008528] -> 0x000003FF
f30 <- 0xFFFFFFFF000003FF


mem[X,0x80001580] -> 0xAE87
mem[X,0x80001582] -> 0x51C1
[1381] [M]: 0x80001580 (0x51C1AE87) flw ft9, 1308(gp)
mem[R,0x8000852C] -> 0x0000FE55
f29 <- 0xFFFFFFFF0000FE55


mem[X,0x80001584] -> 0x0113
mem[X,0x80001586] -> 0x0000
[1382] [M]: 0x80001584 (0x00000113) addi sp, zero, 0
x2 <- 0x00000000


mem[X,0x80001588] -> 0x1073
mem[X,0x8000158A] -> 0x0031
[1383] [M]: 0x80001588 (0x00311073) csrrw zero, fcsr, sp
CSR fcsr -> 0x00000000
CSR fcsr <- 0x00000000 (input: 0x00000000)


mem[X,0x8000158C] -> 0x7FD3
mem[X,0x8000158E] -> 0x05DF
[1384] [M]: 0x8000158C (0x05DF7FD3) fadd.h ft11, ft10, ft9, dyn
f31 <- 0xFFFFFFFFFFFF7E00


mem[X,0x80001590] -> 0x2273
mem[X,0x80001592] -> 0x0030
[1385] [M]: 0x80001590 (0x00302273) csrrs tp, fcsr, zero
CSR fcsr -> 0x00000000
x4 <- 0x00000000


mem[X,0x80001594] -> 0xAC27
mem[X,0x80001596] -> 0x11F0
[1386] [M]: 0x80001594 (0x11F0AC27) fsw ft11, 280(ra)
mem[0x8000992C] <- 0xFFFF7E00


mem[X,0x80001598] -> 0xAE23
mem[X,0x8000159A] -> 0x1040
[1387] [M]: 0x80001598 (0x1040AE23) sw tp, 284(ra)
mem[0x80009930] <- 0x00000000


mem[X,0x8000159C] -> 0xAF07
mem[X,0x8000159E] -> 0x5201
[1388] [M]: 0x8000159C (0x5201AF07) flw ft10, 1312(gp)
mem[R,0x80008530] -> 0x000003FF
f30 <- 0xFFFFFFFF000003FF


mem[X,0x800015A0] -> 0xAE87
mem[X,0x800015A2] -> 0x5241
[1389] [M]: 0x800015A0 (0x5241AE87) flw ft9, 1316(gp)
mem[R,0x80008534] -> 0x00007C01
f29 <- 0xFFFFFFFF00007C01


mem[X,0x800015A4] -> 0x0113
mem[X,0x800015A6] -> 0x0000
[1390] [M]: 0x800015A4 (0x00000113) addi sp, zero, 0
x2 <- 0x00000000


mem[X,0x800015A8] -> 0x1073
mem[X,0x800015AA] -> 0x0031
[1391] [M]: 0x800015A8 (0x00311073) csrrw zero, fcsr, sp
CSR fcsr -> 0x00000000
CSR fcsr <- 0x00000000 (input: 0x00000000)


mem[X,0x800015AC] -> 0x7FD3
mem[X,0x800015AE] -> 0x05DF
[1392] [M]: 0x800015AC (0x05DF7FD3) fadd.h ft11, ft10, ft9, dyn
f31 <- 0xFFFFFFFFFFFF7E00


mem[X,0x800015B0] -> 0x2273
mem[X,0x800015B2] -> 0x0030
[1393] [M]: 0x800015B0 (0x00302273) csrrs tp, fcsr, zero
CSR fcsr -> 0x00000000
x4 <- 0x00000000


mem[X,0x800015B4] -> 0xA027
mem[X,0x800015B6] -> 0x13F0
[1394] [M]: 0x800015B4 (0x13F0A027) fsw ft11, 288(ra)
mem[0x80009934] <- 0xFFFF7E00


mem[X,0x800015B8] -> 0xA223
mem[X,0x800015BA] -> 0x1240
[1395] [M]: 0x800015B8 (0x1240A223) sw tp, 292(ra)
mem[0x80009938] <- 0x00000000


mem[X,0x800015BC] -> 0xAF07
mem[X,0x800015BE] -> 0x5281
[1396] [M]: 0x800015BC (0x5281AF07) flw ft10, 1320(gp)
mem[R,0x80008538] -> 0x000003FF
f30 <- 0xFFFFFFFF000003FF


mem[X,0x800015C0] -> 0xAE87
mem[X,0x800015C2] -> 0x52C1
[1397] [M]: 0x800015C0 (0x52C1AE87) flw ft9, 1324(gp)
mem[R,0x8000853C] -> 0x0000FD55
f29 <- 0xFFFFFFFF0000FD55


mem[X,0x800015C4] -> 0x0113
mem[X,0x800015C6] -> 0x0000
[1398] [M]: 0x800015C4 (0x00000113) addi sp, zero, 0
x2 <- 0x00000000


mem[X,0x800015C8] -> 0x1073
mem[X,0x800015CA] -> 0x0031
[1399] [M]: 0x800015C8 (0x00311073) csrrw zero, fcsr, sp
CSR fcsr -> 0x00000000
CSR fcsr <- 0x00000000 (input: 0x00000000)


clint::tick mtime <- 0x000000000000000E
 clint timer pending at mtime 0x000000000000000E
htif::tick 0x0000000000000000
mem[X,0x800015CC] -> 0x7FD3
mem[X,0x800015CE] -> 0x05DF
[1400] [M]: 0x800015CC (0x05DF7FD3) fadd.h ft11, ft10, ft9, dyn
f31 <- 0xFFFFFFFFFFFF7E00


mem[X,0x800015D0] -> 0x2273
mem[X,0x800015D2] -> 0x0030
[1401] [M]: 0x800015D0 (0x00302273) csrrs tp, fcsr, zero
CSR fcsr -> 0x00000000
x4 <- 0x00000000


mem[X,0x800015D4] -> 0xA427
mem[X,0x800015D6] -> 0x13F0
[1402] [M]: 0x800015D4 (0x13F0A427) fsw ft11, 296(ra)
mem[0x8000993C] <- 0xFFFF7E00


mem[X,0x800015D8] -> 0xA623
mem[X,0x800015DA] -> 0x1240
[1403] [M]: 0x800015D8 (0x1240A623) sw tp, 300(ra)
mem[0x80009940] <- 0x00000000


mem[X,0x800015DC] -> 0xAF07
mem[X,0x800015DE] -> 0x5301
[1404] [M]: 0x800015DC (0x5301AF07) flw ft10, 1328(gp)
mem[R,0x80008540] -> 0x000003FF
f30 <- 0xFFFFFFFF000003FF


mem[X,0x800015E0] -> 0xAE87
mem[X,0x800015E2] -> 0x5341
[1405] [M]: 0x800015E0 (0x5341AE87) flw ft9, 1332(gp)
mem[R,0x80008544] -> 0x00003C00
f29 <- 0xFFFFFFFF00003C00


mem[X,0x800015E4] -> 0x0113
mem[X,0x800015E6] -> 0x0000
[1406] [M]: 0x800015E4 (0x00000113) addi sp, zero, 0
x2 <- 0x00000000


mem[X,0x800015E8] -> 0x1073
mem[X,0x800015EA] -> 0x0031
[1407] [M]: 0x800015E8 (0x00311073) csrrw zero, fcsr, sp
CSR fcsr -> 0x00000000
CSR fcsr <- 0x00000000 (input: 0x00000000)


mem[X,0x800015EC] -> 0x7FD3
mem[X,0x800015EE] -> 0x05DF
[1408] [M]: 0x800015EC (0x05DF7FD3) fadd.h ft11, ft10, ft9, dyn
f31 <- 0xFFFFFFFFFFFF7E00


mem[X,0x800015F0] -> 0x2273
mem[X,0x800015F2] -> 0x0030
[1409] [M]: 0x800015F0 (0x00302273) csrrs tp, fcsr, zero
CSR fcsr -> 0x00000000
x4 <- 0x00000000


mem[X,0x800015F4] -> 0xA827
mem[X,0x800015F6] -> 0x13F0
[1410] [M]: 0x800015F4 (0x13F0A827) fsw ft11, 304(ra)
mem[0x80009944] <- 0xFFFF7E00


mem[X,0x800015F8] -> 0xAA23
mem[X,0x800015FA] -> 0x1240
[1411] [M]: 0x800015F8 (0x1240AA23) sw tp, 308(ra)
mem[0x80009948] <- 0x00000000


mem[X,0x800015FC] -> 0xAF07
mem[X,0x800015FE] -> 0x5381
[1412] [M]: 0x800015FC (0x5381AF07) flw ft10, 1336(gp)
mem[R,0x80008548] -> 0x000003FF
f30 <- 0xFFFFFFFF000003FF


mem[X,0x80001600] -> 0xAE87
mem[X,0x80001602] -> 0x53C1
[1413] [M]: 0x80001600 (0x53C1AE87) flw ft9, 1340(gp)
mem[R,0x8000854C] -> 0x0000BC00
f29 <- 0xFFFFFFFF0000BC00


mem[X,0x80001604] -> 0x0113
mem[X,0x80001606] -> 0x0000
[1414] [M]: 0x80001604 (0x00000113) addi sp, zero, 0
x2 <- 0x00000000


mem[X,0x80001608] -> 0x1073
mem[X,0x8000160A] -> 0x0031
[1415] [M]: 0x80001608 (0x00311073) csrrw zero, fcsr, sp
CSR fcsr -> 0x00000000
CSR fcsr <- 0x00000000 (input: 0x00000000)


mem[X,0x8000160C] -> 0x7FD3
mem[X,0x8000160E] -> 0x05DF
[1416] [M]: 0x8000160C (0x05DF7FD3) fadd.h ft11, ft10, ft9, dyn
f31 <- 0xFFFFFFFFFFFF7E00


mem[X,0x80001610] -> 0x2273
mem[X,0x80001612] -> 0x0030
[1417] [M]: 0x80001610 (0x00302273) csrrs tp, fcsr, zero
CSR fcsr -> 0x00000000
x4 <- 0x00000000


mem[X,0x80001614] -> 0xAC27
mem[X,0x80001616] -> 0x13F0
[1418] [M]: 0x80001614 (0x13F0AC27) fsw ft11, 312(ra)
mem[0x8000994C] <- 0xFFFF7E00


mem[X,0x80001618] -> 0xAE23
mem[X,0x8000161A] -> 0x1240
[1419] [M]: 0x80001618 (0x1240AE23) sw tp, 316(ra)
mem[0x80009950] <- 0x00000000


mem[X,0x8000161C] -> 0xAF07
mem[X,0x8000161E] -> 0x5401
[1420] [M]: 0x8000161C (0x5401AF07) flw ft10, 1344(gp)
mem[R,0x80008550] -> 0x000083FF
f30 <- 0xFFFFFFFF000083FF


mem[X,0x80001620] -> 0xAE87
mem[X,0x80001622] -> 0x5441
[1421] [M]: 0x80001620 (0x5441AE87) flw ft9, 1348(gp)
mem[R,0x80008554] -> 0x00000000
f29 <- 0xFFFFFFFF00000000


mem[X,0x80001624] -> 0x0113
mem[X,0x80001626] -> 0x0000
[1422] [M]: 0x80001624 (0x00000113) addi sp, zero, 0
x2 <- 0x00000000


mem[X,0x80001628] -> 0x1073
mem[X,0x8000162A] -> 0x0031
[1423] [M]: 0x80001628 (0x00311073) csrrw zero, fcsr, sp
CSR fcsr -> 0x00000000
CSR fcsr <- 0x00000000 (input: 0x00000000)


mem[X,0x8000162C] -> 0x7FD3
mem[X,0x8000162E] -> 0x05DF
[1424] [M]: 0x8000162C (0x05DF7FD3) fadd.h ft11, ft10, ft9, dyn
f31 <- 0xFFFFFFFFFFFF7E00


mem[X,0x80001630] -> 0x2273
mem[X,0x80001632] -> 0x0030
[1425] [M]: 0x80001630 (0x00302273) csrrs tp, fcsr, zero
CSR fcsr -> 0x00000000
x4 <- 0x00000000


mem[X,0x80001634] -> 0xA027
mem[X,0x80001636] -> 0x15F0
[1426] [M]: 0x80001634 (0x15F0A027) fsw ft11, 320(ra)
mem[0x80009954] <- 0xFFFF7E00


mem[X,0x80001638] -> 0xA223
mem[X,0x8000163A] -> 0x1440
[1427] [M]: 0x80001638 (0x1440A223) sw tp, 324(ra)
mem[0x80009958] <- 0x00000000


mem[X,0x8000163C] -> 0xAF07
mem[X,0x8000163E] -> 0x5481
[1428] [M]: 0x8000163C (0x5481AF07) flw ft10, 1352(gp)
mem[R,0x80008558] -> 0x000083FF
f30 <- 0xFFFFFFFF000083FF


mem[X,0x80001640] -> 0xAE87
mem[X,0x80001642] -> 0x54C1
[1429] [M]: 0x80001640 (0x54C1AE87) flw ft9, 1356(gp)
mem[R,0x8000855C] -> 0x00008000
f29 <- 0xFFFFFFFF00008000


mem[X,0x80001644] -> 0x0113
mem[X,0x80001646] -> 0x0000
[1430] [M]: 0x80001644 (0x00000113) addi sp, zero, 0
x2 <- 0x00000000


mem[X,0x80001648] -> 0x1073
mem[X,0x8000164A] -> 0x0031
[1431] [M]: 0x80001648 (0x00311073) csrrw zero, fcsr, sp
CSR fcsr -> 0x00000000
CSR fcsr <- 0x00000000 (input: 0x00000000)


mem[X,0x8000164C] -> 0x7FD3
mem[X,0x8000164E] -> 0x05DF
[1432] [M]: 0x8000164C (0x05DF7FD3) fadd.h ft11, ft10, ft9, dyn
f31 <- 0xFFFFFFFFFFFF7E00


mem[X,0x80001650] -> 0x2273
mem[X,0x80001652] -> 0x0030
[1433] [M]: 0x80001650 (0x00302273) csrrs tp, fcsr, zero
CSR fcsr -> 0x00000000
x4 <- 0x00000000


mem[X,0x80001654] -> 0xA427
mem[X,0x80001656] -> 0x15F0
[1434] [M]: 0x80001654 (0x15F0A427) fsw ft11, 328(ra)
mem[0x8000995C] <- 0xFFFF7E00


mem[X,0x80001658] -> 0xA623
mem[X,0x8000165A] -> 0x1440
[1435] [M]: 0x80001658 (0x1440A623) sw tp, 332(ra)
mem[0x80009960] <- 0x00000000


mem[X,0x8000165C] -> 0xAF07
mem[X,0x8000165E] -> 0x5501
[1436] [M]: 0x8000165C (0x5501AF07) flw ft10, 1360(gp)
mem[R,0x80008560] -> 0x000083FF
f30 <- 0xFFFFFFFF000083FF


mem[X,0x80001660] -> 0xAE87
mem[X,0x80001662] -> 0x5541
[1437] [M]: 0x80001660 (0x5541AE87) flw ft9, 1364(gp)
mem[R,0x80008564] -> 0x00000001
f29 <- 0xFFFFFFFF00000001


mem[X,0x80001664] -> 0x0113
mem[X,0x80001666] -> 0x0000
[1438] [M]: 0x80001664 (0x00000113) addi sp, zero, 0
x2 <- 0x00000000


mem[X,0x80001668] -> 0x1073
mem[X,0x8000166A] -> 0x0031
[1439] [M]: 0x80001668 (0x00311073) csrrw zero, fcsr, sp
CSR fcsr -> 0x00000000
CSR fcsr <- 0x00000000 (input: 0x00000000)


mem[X,0x8000166C] -> 0x7FD3
mem[X,0x8000166E] -> 0x05DF
[1440] [M]: 0x8000166C (0x05DF7FD3) fadd.h ft11, ft10, ft9, dyn
f31 <- 0xFFFFFFFFFFFF7E00


mem[X,0x80001670] -> 0x2273
mem[X,0x80001672] -> 0x0030
[1441] [M]: 0x80001670 (0x00302273) csrrs tp, fcsr, zero
CSR fcsr -> 0x00000000
x4 <- 0x00000000


mem[X,0x80001674] -> 0xA827
mem[X,0x80001676] -> 0x15F0
[1442] [M]: 0x80001674 (0x15F0A827) fsw ft11, 336(ra)
mem[0x80009964] <- 0xFFFF7E00


mem[X,0x80001678] -> 0xAA23
mem[X,0x8000167A] -> 0x1440
[1443] [M]: 0x80001678 (0x1440AA23) sw tp, 340(ra)
mem[0x80009968] <- 0x00000000


mem[X,0x8000167C] -> 0xAF07
mem[X,0x8000167E] -> 0x5581
[1444] [M]: 0x8000167C (0x5581AF07) flw ft10, 1368(gp)
mem[R,0x80008568] -> 0x000083FF
f30 <- 0xFFFFFFFF000083FF


mem[X,0x80001680] -> 0xAE87
mem[X,0x80001682] -> 0x55C1
[1445] [M]: 0x80001680 (0x55C1AE87) flw ft9, 1372(gp)
mem[R,0x8000856C] -> 0x00008001
f29 <- 0xFFFFFFFF00008001


mem[X,0x80001684] -> 0x0113
mem[X,0x80001686] -> 0x0000
[1446] [M]: 0x80001684 (0x00000113) addi sp, zero, 0
x2 <- 0x00000000


mem[X,0x80001688] -> 0x1073
mem[X,0x8000168A] -> 0x0031
[1447] [M]: 0x80001688 (0x00311073) csrrw zero, fcsr, sp
CSR fcsr -> 0x00000000
CSR fcsr <- 0x00000000 (input: 0x00000000)


mem[X,0x8000168C] -> 0x7FD3
mem[X,0x8000168E] -> 0x05DF
[1448] [M]: 0x8000168C (0x05DF7FD3) fadd.h ft11, ft10, ft9, dyn
f31 <- 0xFFFFFFFFFFFF7E00


mem[X,0x80001690] -> 0x2273
mem[X,0x80001692] -> 0x0030
[1449] [M]: 0x80001690 (0x00302273) csrrs tp, fcsr, zero
CSR fcsr -> 0x00000000
x4 <- 0x00000000


mem[X,0x80001694] -> 0xAC27
mem[X,0x80001696] -> 0x15F0
[1450] [M]: 0x80001694 (0x15F0AC27) fsw ft11, 344(ra)
mem[0x8000996C] <- 0xFFFF7E00


mem[X,0x80001698] -> 0xAE23
mem[X,0x8000169A] -> 0x1440
[1451] [M]: 0x80001698 (0x1440AE23) sw tp, 348(ra)
mem[0x80009970] <- 0x00000000


mem[X,0x8000169C] -> 0xAF07
mem[X,0x8000169E] -> 0x5601
[1452] [M]: 0x8000169C (0x5601AF07) flw ft10, 1376(gp)
mem[R,0x80008570] -> 0x000083FF
f30 <- 0xFFFFFFFF000083FF


mem[X,0x800016A0] -> 0xAE87
mem[X,0x800016A2] -> 0x5641
[1453] [M]: 0x800016A0 (0x5641AE87) flw ft9, 1380(gp)
mem[R,0x80008574] -> 0x00000002
f29 <- 0xFFFFFFFF00000002


mem[X,0x800016A4] -> 0x0113
mem[X,0x800016A6] -> 0x0000
[1454] [M]: 0x800016A4 (0x00000113) addi sp, zero, 0
x2 <- 0x00000000


mem[X,0x800016A8] -> 0x1073
mem[X,0x800016AA] -> 0x0031
[1455] [M]: 0x800016A8 (0x00311073) csrrw zero, fcsr, sp
CSR fcsr -> 0x00000000
CSR fcsr <- 0x00000000 (input: 0x00000000)


mem[X,0x800016AC] -> 0x7FD3
mem[X,0x800016AE] -> 0x05DF
[1456] [M]: 0x800016AC (0x05DF7FD3) fadd.h ft11, ft10, ft9, dyn
f31 <- 0xFFFFFFFFFFFF7E00


mem[X,0x800016B0] -> 0x2273
mem[X,0x800016B2] -> 0x0030
[1457] [M]: 0x800016B0 (0x00302273) csrrs tp, fcsr, zero
CSR fcsr -> 0x00000000
x4 <- 0x00000000


mem[X,0x800016B4] -> 0xA027
mem[X,0x800016B6] -> 0x17F0
[1458] [M]: 0x800016B4 (0x17F0A027) fsw ft11, 352(ra)
mem[0x80009974] <- 0xFFFF7E00


mem[X,0x800016B8] -> 0xA223
mem[X,0x800016BA] -> 0x1640
[1459] [M]: 0x800016B8 (0x1640A223) sw tp, 356(ra)
mem[0x80009978] <- 0x00000000


mem[X,0x800016BC] -> 0xAF07
mem[X,0x800016BE] -> 0x5681
[1460] [M]: 0x800016BC (0x5681AF07) flw ft10, 1384(gp)
mem[R,0x80008578] -> 0x000083FF
f30 <- 0xFFFFFFFF000083FF


mem[X,0x800016C0] -> 0xAE87
mem[X,0x800016C2] -> 0x56C1
[1461] [M]: 0x800016C0 (0x56C1AE87) flw ft9, 1388(gp)
mem[R,0x8000857C] -> 0x000083FE
f29 <- 0xFFFFFFFF000083FE


mem[X,0x800016C4] -> 0x0113
mem[X,0x800016C6] -> 0x0000
[1462] [M]: 0x800016C4 (0x00000113) addi sp, zero, 0
x2 <- 0x00000000


mem[X,0x800016C8] -> 0x1073
mem[X,0x800016CA] -> 0x0031
[1463] [M]: 0x800016C8 (0x00311073) csrrw zero, fcsr, sp
CSR fcsr -> 0x00000000
CSR fcsr <- 0x00000000 (input: 0x00000000)


mem[X,0x800016CC] -> 0x7FD3
mem[X,0x800016CE] -> 0x05DF
[1464] [M]: 0x800016CC (0x05DF7FD3) fadd.h ft11, ft10, ft9, dyn
f31 <- 0xFFFFFFFFFFFF7E00


mem[X,0x800016D0] -> 0x2273
mem[X,0x800016D2] -> 0x0030
[1465] [M]: 0x800016D0 (0x00302273) csrrs tp, fcsr, zero
CSR fcsr -> 0x00000000
x4 <- 0x00000000


mem[X,0x800016D4] -> 0xA427
mem[X,0x800016D6] -> 0x17F0
[1466] [M]: 0x800016D4 (0x17F0A427) fsw ft11, 360(ra)
mem[0x8000997C] <- 0xFFFF7E00


mem[X,0x800016D8] -> 0xA623
mem[X,0x800016DA] -> 0x1640
[1467] [M]: 0x800016D8 (0x1640A623) sw tp, 364(ra)
mem[0x80009980] <- 0x00000000


mem[X,0x800016DC] -> 0xAF07
mem[X,0x800016DE] -> 0x5701
[1468] [M]: 0x800016DC (0x5701AF07) flw ft10, 1392(gp)
mem[R,0x80008580] -> 0x000083FF
f30 <- 0xFFFFFFFF000083FF


mem[X,0x800016E0] -> 0xAE87
mem[X,0x800016E2] -> 0x5741
[1469] [M]: 0x800016E0 (0x5741AE87) flw ft9, 1396(gp)
mem[R,0x80008584] -> 0x000003FF
f29 <- 0xFFFFFFFF000003FF


mem[X,0x800016E4] -> 0x0113
mem[X,0x800016E6] -> 0x0000
[1470] [M]: 0x800016E4 (0x00000113) addi sp, zero, 0
x2 <- 0x00000000


mem[X,0x800016E8] -> 0x1073
mem[X,0x800016EA] -> 0x0031
[1471] [M]: 0x800016E8 (0x00311073) csrrw zero, fcsr, sp
CSR fcsr -> 0x00000000
CSR fcsr <- 0x00000000 (input: 0x00000000)


mem[X,0x800016EC] -> 0x7FD3
mem[X,0x800016EE] -> 0x05DF
[1472] [M]: 0x800016EC (0x05DF7FD3) fadd.h ft11, ft10, ft9, dyn
f31 <- 0xFFFFFFFFFFFF7E00


mem[X,0x800016F0] -> 0x2273
mem[X,0x800016F2] -> 0x0030
[1473] [M]: 0x800016F0 (0x00302273) csrrs tp, fcsr, zero
CSR fcsr -> 0x00000000
x4 <- 0x00000000


mem[X,0x800016F4] -> 0xA827
mem[X,0x800016F6] -> 0x17F0
[1474] [M]: 0x800016F4 (0x17F0A827) fsw ft11, 368(ra)
mem[0x80009984] <- 0xFFFF7E00


mem[X,0x800016F8] -> 0xAA23
mem[X,0x800016FA] -> 0x1640
[1475] [M]: 0x800016F8 (0x1640AA23) sw tp, 372(ra)
mem[0x80009988] <- 0x00000000


mem[X,0x800016FC] -> 0xAF07
mem[X,0x800016FE] -> 0x5781
[1476] [M]: 0x800016FC (0x5781AF07) flw ft10, 1400(gp)
mem[R,0x80008588] -> 0x000083FF
f30 <- 0xFFFFFFFF000083FF


mem[X,0x80001700] -> 0xAE87
mem[X,0x80001702] -> 0x57C1
[1477] [M]: 0x80001700 (0x57C1AE87) flw ft9, 1404(gp)
mem[R,0x8000858C] -> 0x000083FF
f29 <- 0xFFFFFFFF000083FF


mem[X,0x80001704] -> 0x0113
mem[X,0x80001706] -> 0x0000
[1478] [M]: 0x80001704 (0x00000113) addi sp, zero, 0
x2 <- 0x00000000


mem[X,0x80001708] -> 0x1073
mem[X,0x8000170A] -> 0x0031
[1479] [M]: 0x80001708 (0x00311073) csrrw zero, fcsr, sp
CSR fcsr -> 0x00000000
CSR fcsr <- 0x00000000 (input: 0x00000000)


mem[X,0x8000170C] -> 0x7FD3
mem[X,0x8000170E] -> 0x05DF
[1480] [M]: 0x8000170C (0x05DF7FD3) fadd.h ft11, ft10, ft9, dyn
f31 <- 0xFFFFFFFFFFFF7E00


mem[X,0x80001710] -> 0x2273
mem[X,0x80001712] -> 0x0030
[1481] [M]: 0x80001710 (0x00302273) csrrs tp, fcsr, zero
CSR fcsr -> 0x00000000
x4 <- 0x00000000


mem[X,0x80001714] -> 0xAC27
mem[X,0x80001716] -> 0x17F0
[1482] [M]: 0x80001714 (0x17F0AC27) fsw ft11, 376(ra)
mem[0x8000998C] <- 0xFFFF7E00


mem[X,0x80001718] -> 0xAE23
mem[X,0x8000171A] -> 0x1640
[1483] [M]: 0x80001718 (0x1640AE23) sw tp, 380(ra)
mem[0x80009990] <- 0x00000000


mem[X,0x8000171C] -> 0xAF07
mem[X,0x8000171E] -> 0x5801
[1484] [M]: 0x8000171C (0x5801AF07) flw ft10, 1408(gp)
mem[R,0x80008590] -> 0x000083FF
f30 <- 0xFFFFFFFF000083FF


mem[X,0x80001720] -> 0xAE87
mem[X,0x80001722] -> 0x5841
[1485] [M]: 0x80001720 (0x5841AE87) flw ft9, 1412(gp)
mem[R,0x80008594] -> 0x00000400
f29 <- 0xFFFFFFFF00000400


mem[X,0x80001724] -> 0x0113
mem[X,0x80001726] -> 0x0000
[1486] [M]: 0x80001724 (0x00000113) addi sp, zero, 0
x2 <- 0x00000000


mem[X,0x80001728] -> 0x1073
mem[X,0x8000172A] -> 0x0031
[1487] [M]: 0x80001728 (0x00311073) csrrw zero, fcsr, sp
CSR fcsr -> 0x00000000
CSR fcsr <- 0x00000000 (input: 0x00000000)


mem[X,0x8000172C] -> 0x7FD3
mem[X,0x8000172E] -> 0x05DF
[1488] [M]: 0x8000172C (0x05DF7FD3) fadd.h ft11, ft10, ft9, dyn
f31 <- 0xFFFFFFFFFFFF7E00


mem[X,0x80001730] -> 0x2273
mem[X,0x80001732] -> 0x0030
[1489] [M]: 0x80001730 (0x00302273) csrrs tp, fcsr, zero
CSR fcsr -> 0x00000000
x4 <- 0x00000000


mem[X,0x80001734] -> 0xA027
mem[X,0x80001736] -> 0x19F0
[1490] [M]: 0x80001734 (0x19F0A027) fsw ft11, 384(ra)
mem[0x80009994] <- 0xFFFF7E00


mem[X,0x80001738] -> 0xA223
mem[X,0x8000173A] -> 0x1840
[1491] [M]: 0x80001738 (0x1840A223) sw tp, 388(ra)
mem[0x80009998] <- 0x00000000


mem[X,0x8000173C] -> 0xAF07
mem[X,0x8000173E] -> 0x5881
[1492] [M]: 0x8000173C (0x5881AF07) flw ft10, 1416(gp)
mem[R,0x80008598] -> 0x000083FF
f30 <- 0xFFFFFFFF000083FF


mem[X,0x80001740] -> 0xAE87
mem[X,0x80001742] -> 0x58C1
[1493] [M]: 0x80001740 (0x58C1AE87) flw ft9, 1420(gp)
mem[R,0x8000859C] -> 0x00008400
f29 <- 0xFFFFFFFF00008400


mem[X,0x80001744] -> 0x0113
mem[X,0x80001746] -> 0x0000
[1494] [M]: 0x80001744 (0x00000113) addi sp, zero, 0
x2 <- 0x00000000


mem[X,0x80001748] -> 0x1073
mem[X,0x8000174A] -> 0x0031
[1495] [M]: 0x80001748 (0x00311073) csrrw zero, fcsr, sp
CSR fcsr -> 0x00000000
CSR fcsr <- 0x00000000 (input: 0x00000000)


mem[X,0x8000174C] -> 0x7FD3
mem[X,0x8000174E] -> 0x05DF
[1496] [M]: 0x8000174C (0x05DF7FD3) fadd.h ft11, ft10, ft9, dyn
f31 <- 0xFFFFFFFFFFFF7E00


mem[X,0x80001750] -> 0x2273
mem[X,0x80001752] -> 0x0030
[1497] [M]: 0x80001750 (0x00302273) csrrs tp, fcsr, zero
CSR fcsr -> 0x00000000
x4 <- 0x00000000


mem[X,0x80001754] -> 0xA427
mem[X,0x80001756] -> 0x19F0
[1498] [M]: 0x80001754 (0x19F0A427) fsw ft11, 392(ra)
mem[0x8000999C] <- 0xFFFF7E00


mem[X,0x80001758] -> 0xA623
mem[X,0x8000175A] -> 0x1840
[1499] [M]: 0x80001758 (0x1840A623) sw tp, 396(ra)
mem[0x800099A0] <- 0x00000000


clint::tick mtime <- 0x000000000000000F
 clint timer pending at mtime 0x000000000000000F
htif::tick 0x0000000000000000
mem[X,0x8000175C] -> 0xAF07
mem[X,0x8000175E] -> 0x5901
[1500] [M]: 0x8000175C (0x5901AF07) flw ft10, 1424(gp)
mem[R,0x800085A0] -> 0x000083FF
f30 <- 0xFFFFFFFF000083FF


mem[X,0x80001760] -> 0xAE87
mem[X,0x80001762] -> 0x5941
[1501] [M]: 0x80001760 (0x5941AE87) flw ft9, 1428(gp)
mem[R,0x800085A4] -> 0x00000401
f29 <- 0xFFFFFFFF00000401


mem[X,0x80001764] -> 0x0113
mem[X,0x80001766] -> 0x0000
[1502] [M]: 0x80001764 (0x00000113) addi sp, zero, 0
x2 <- 0x00000000


mem[X,0x80001768] -> 0x1073
mem[X,0x8000176A] -> 0x0031
[1503] [M]: 0x80001768 (0x00311073) csrrw zero, fcsr, sp
CSR fcsr -> 0x00000000
CSR fcsr <- 0x00000000 (input: 0x00000000)


mem[X,0x8000176C] -> 0x7FD3
mem[X,0x8000176E] -> 0x05DF
[1504] [M]: 0x8000176C (0x05DF7FD3) fadd.h ft11, ft10, ft9, dyn
f31 <- 0xFFFFFFFFFFFF7E00


mem[X,0x80001770] -> 0x2273
mem[X,0x80001772] -> 0x0030
[1505] [M]: 0x80001770 (0x00302273) csrrs tp, fcsr, zero
CSR fcsr -> 0x00000000
x4 <- 0x00000000


mem[X,0x80001774] -> 0xA827
mem[X,0x80001776] -> 0x19F0
[1506] [M]: 0x80001774 (0x19F0A827) fsw ft11, 400(ra)
mem[0x800099A4] <- 0xFFFF7E00


mem[X,0x80001778] -> 0xAA23
mem[X,0x8000177A] -> 0x1840
[1507] [M]: 0x80001778 (0x1840AA23) sw tp, 404(ra)
mem[0x800099A8] <- 0x00000000


mem[X,0x8000177C] -> 0xAF07
mem[X,0x8000177E] -> 0x5981
[1508] [M]: 0x8000177C (0x5981AF07) flw ft10, 1432(gp)
mem[R,0x800085A8] -> 0x000083FF
f30 <- 0xFFFFFFFF000083FF


mem[X,0x80001780] -> 0xAE87
mem[X,0x80001782] -> 0x59C1
[1509] [M]: 0x80001780 (0x59C1AE87) flw ft9, 1436(gp)
mem[R,0x800085AC] -> 0x00008455
f29 <- 0xFFFFFFFF00008455


mem[X,0x80001784] -> 0x0113
mem[X,0x80001786] -> 0x0000
[1510] [M]: 0x80001784 (0x00000113) addi sp, zero, 0
x2 <- 0x00000000


mem[X,0x80001788] -> 0x1073
mem[X,0x8000178A] -> 0x0031
[1511] [M]: 0x80001788 (0x00311073) csrrw zero, fcsr, sp
CSR fcsr -> 0x00000000
CSR fcsr <- 0x00000000 (input: 0x00000000)


mem[X,0x8000178C] -> 0x7FD3
mem[X,0x8000178E] -> 0x05DF
[1512] [M]: 0x8000178C (0x05DF7FD3) fadd.h ft11, ft10, ft9, dyn
f31 <- 0xFFFFFFFFFFFF7E00


mem[X,0x80001790] -> 0x2273
mem[X,0x80001792] -> 0x0030
[1513] [M]: 0x80001790 (0x00302273) csrrs tp, fcsr, zero
CSR fcsr -> 0x00000000
x4 <- 0x00000000


mem[X,0x80001794] -> 0xAC27
mem[X,0x80001796] -> 0x19F0
[1514] [M]: 0x80001794 (0x19F0AC27) fsw ft11, 408(ra)
mem[0x800099AC] <- 0xFFFF7E00


mem[X,0x80001798] -> 0xAE23
mem[X,0x8000179A] -> 0x1840
[1515] [M]: 0x80001798 (0x1840AE23) sw tp, 412(ra)
mem[0x800099B0] <- 0x00000000


mem[X,0x8000179C] -> 0xAF07
mem[X,0x8000179E] -> 0x5A01
[1516] [M]: 0x8000179C (0x5A01AF07) flw ft10, 1440(gp)
mem[R,0x800085B0] -> 0x000083FF
f30 <- 0xFFFFFFFF000083FF


mem[X,0x800017A0] -> 0xAE87
mem[X,0x800017A2] -> 0x5A41
[1517] [M]: 0x800017A0 (0x5A41AE87) flw ft9, 1444(gp)
mem[R,0x800085B4] -> 0x00007BFF
f29 <- 0xFFFFFFFF00007BFF


mem[X,0x800017A4] -> 0x0113
mem[X,0x800017A6] -> 0x0000
[1518] [M]: 0x800017A4 (0x00000113) addi sp, zero, 0
x2 <- 0x00000000


mem[X,0x800017A8] -> 0x1073
mem[X,0x800017AA] -> 0x0031
[1519] [M]: 0x800017A8 (0x00311073) csrrw zero, fcsr, sp
CSR fcsr -> 0x00000000
CSR fcsr <- 0x00000000 (input: 0x00000000)


mem[X,0x800017AC] -> 0x7FD3
mem[X,0x800017AE] -> 0x05DF
[1520] [M]: 0x800017AC (0x05DF7FD3) fadd.h ft11, ft10, ft9, dyn
f31 <- 0xFFFFFFFFFFFF7E00


mem[X,0x800017B0] -> 0x2273
mem[X,0x800017B2] -> 0x0030
[1521] [M]: 0x800017B0 (0x00302273) csrrs tp, fcsr, zero
CSR fcsr -> 0x00000000
x4 <- 0x00000000


mem[X,0x800017B4] -> 0xA027
mem[X,0x800017B6] -> 0x1BF0
[1522] [M]: 0x800017B4 (0x1BF0A027) fsw ft11, 416(ra)
mem[0x800099B4] <- 0xFFFF7E00


mem[X,0x800017B8] -> 0xA223
mem[X,0x800017BA] -> 0x1A40
[1523] [M]: 0x800017B8 (0x1A40A223) sw tp, 420(ra)
mem[0x800099B8] <- 0x00000000


mem[X,0x800017BC] -> 0xAF07
mem[X,0x800017BE] -> 0x5A81
[1524] [M]: 0x800017BC (0x5A81AF07) flw ft10, 1448(gp)
mem[R,0x800085B8] -> 0x000083FF
f30 <- 0xFFFFFFFF000083FF


mem[X,0x800017C0] -> 0xAE87
mem[X,0x800017C2] -> 0x5AC1
[1525] [M]: 0x800017C0 (0x5AC1AE87) flw ft9, 1452(gp)
mem[R,0x800085BC] -> 0x0000FBFF
f29 <- 0xFFFFFFFF0000FBFF


mem[X,0x800017C4] -> 0x0113
mem[X,0x800017C6] -> 0x0000
[1526] [M]: 0x800017C4 (0x00000113) addi sp, zero, 0
x2 <- 0x00000000


mem[X,0x800017C8] -> 0x1073
mem[X,0x800017CA] -> 0x0031
[1527] [M]: 0x800017C8 (0x00311073) csrrw zero, fcsr, sp
CSR fcsr -> 0x00000000
CSR fcsr <- 0x00000000 (input: 0x00000000)


mem[X,0x800017CC] -> 0x7FD3
mem[X,0x800017CE] -> 0x05DF
[1528] [M]: 0x800017CC (0x05DF7FD3) fadd.h ft11, ft10, ft9, dyn
f31 <- 0xFFFFFFFFFFFF7E00


mem[X,0x800017D0] -> 0x2273
mem[X,0x800017D2] -> 0x0030
[1529] [M]: 0x800017D0 (0x00302273) csrrs tp, fcsr, zero
CSR fcsr -> 0x00000000
x4 <- 0x00000000


mem[X,0x800017D4] -> 0xA427
mem[X,0x800017D6] -> 0x1BF0
[1530] [M]: 0x800017D4 (0x1BF0A427) fsw ft11, 424(ra)
mem[0x800099BC] <- 0xFFFF7E00


mem[X,0x800017D8] -> 0xA623
mem[X,0x800017DA] -> 0x1A40
[1531] [M]: 0x800017D8 (0x1A40A623) sw tp, 428(ra)
mem[0x800099C0] <- 0x00000000


mem[X,0x800017DC] -> 0xAF07
mem[X,0x800017DE] -> 0x5B01
[1532] [M]: 0x800017DC (0x5B01AF07) flw ft10, 1456(gp)
mem[R,0x800085C0] -> 0x000083FF
f30 <- 0xFFFFFFFF000083FF


mem[X,0x800017E0] -> 0xAE87
mem[X,0x800017E2] -> 0x5B41
[1533] [M]: 0x800017E0 (0x5B41AE87) flw ft9, 1460(gp)
mem[R,0x800085C4] -> 0x00007C00
f29 <- 0xFFFFFFFF00007C00


mem[X,0x800017E4] -> 0x0113
mem[X,0x800017E6] -> 0x0000
[1534] [M]: 0x800017E4 (0x00000113) addi sp, zero, 0
x2 <- 0x00000000


mem[X,0x800017E8] -> 0x1073
mem[X,0x800017EA] -> 0x0031
[1535] [M]: 0x800017E8 (0x00311073) csrrw zero, fcsr, sp
CSR fcsr -> 0x00000000
CSR fcsr <- 0x00000000 (input: 0x00000000)


mem[X,0x800017EC] -> 0x7FD3
mem[X,0x800017EE] -> 0x05DF
[1536] [M]: 0x800017EC (0x05DF7FD3) fadd.h ft11, ft10, ft9, dyn
f31 <- 0xFFFFFFFFFFFF7E00


mem[X,0x800017F0] -> 0x2273
mem[X,0x800017F2] -> 0x0030
[1537] [M]: 0x800017F0 (0x00302273) csrrs tp, fcsr, zero
CSR fcsr -> 0x00000000
x4 <- 0x00000000


mem[X,0x800017F4] -> 0xA827
mem[X,0x800017F6] -> 0x1BF0
[1538] [M]: 0x800017F4 (0x1BF0A827) fsw ft11, 432(ra)
mem[0x800099C4] <- 0xFFFF7E00


mem[X,0x800017F8] -> 0xAA23
mem[X,0x800017FA] -> 0x1A40
[1539] [M]: 0x800017F8 (0x1A40AA23) sw tp, 436(ra)
mem[0x800099C8] <- 0x00000000


mem[X,0x800017FC] -> 0xAF07
mem[X,0x800017FE] -> 0x5B81
[1540] [M]: 0x800017FC (0x5B81AF07) flw ft10, 1464(gp)
mem[R,0x800085C8] -> 0x000083FF
f30 <- 0xFFFFFFFF000083FF


mem[X,0x80001800] -> 0xAE87
mem[X,0x80001802] -> 0x5BC1
[1541] [M]: 0x80001800 (0x5BC1AE87) flw ft9, 1468(gp)
mem[R,0x800085CC] -> 0x0000FC00
f29 <- 0xFFFFFFFF0000FC00


mem[X,0x80001804] -> 0x0113
mem[X,0x80001806] -> 0x0000
[1542] [M]: 0x80001804 (0x00000113) addi sp, zero, 0
x2 <- 0x00000000


mem[X,0x80001808] -> 0x1073
mem[X,0x8000180A] -> 0x0031
[1543] [M]: 0x80001808 (0x00311073) csrrw zero, fcsr, sp
CSR fcsr -> 0x00000000
CSR fcsr <- 0x00000000 (input: 0x00000000)


mem[X,0x8000180C] -> 0x7FD3
mem[X,0x8000180E] -> 0x05DF
[1544] [M]: 0x8000180C (0x05DF7FD3) fadd.h ft11, ft10, ft9, dyn
f31 <- 0xFFFFFFFFFFFF7E00


mem[X,0x80001810] -> 0x2273
mem[X,0x80001812] -> 0x0030
[1545] [M]: 0x80001810 (0x00302273) csrrs tp, fcsr, zero
CSR fcsr -> 0x00000000
x4 <- 0x00000000


mem[X,0x80001814] -> 0xAC27
mem[X,0x80001816] -> 0x1BF0
[1546] [M]: 0x80001814 (0x1BF0AC27) fsw ft11, 440(ra)
mem[0x800099CC] <- 0xFFFF7E00


mem[X,0x80001818] -> 0xAE23
mem[X,0x8000181A] -> 0x1A40
[1547] [M]: 0x80001818 (0x1A40AE23) sw tp, 444(ra)
mem[0x800099D0] <- 0x00000000


mem[X,0x8000181C] -> 0xAF07
mem[X,0x8000181E] -> 0x5C01
[1548] [M]: 0x8000181C (0x5C01AF07) flw ft10, 1472(gp)
mem[R,0x800085D0] -> 0x000083FF
f30 <- 0xFFFFFFFF000083FF


mem[X,0x80001820] -> 0xAE87
mem[X,0x80001822] -> 0x5C41
[1549] [M]: 0x80001820 (0x5C41AE87) flw ft9, 1476(gp)
mem[R,0x800085D4] -> 0x00007E00
f29 <- 0xFFFFFFFF00007E00


mem[X,0x80001824] -> 0x0113
mem[X,0x80001826] -> 0x0000
[1550] [M]: 0x80001824 (0x00000113) addi sp, zero, 0
x2 <- 0x00000000


mem[X,0x80001828] -> 0x1073
mem[X,0x8000182A] -> 0x0031
[1551] [M]: 0x80001828 (0x00311073) csrrw zero, fcsr, sp
CSR fcsr -> 0x00000000
CSR fcsr <- 0x00000000 (input: 0x00000000)


mem[X,0x8000182C] -> 0x7FD3
mem[X,0x8000182E] -> 0x05DF
[1552] [M]: 0x8000182C (0x05DF7FD3) fadd.h ft11, ft10, ft9, dyn
f31 <- 0xFFFFFFFFFFFF7E00


mem[X,0x80001830] -> 0x2273
mem[X,0x80001832] -> 0x0030
[1553] [M]: 0x80001830 (0x00302273) csrrs tp, fcsr, zero
CSR fcsr -> 0x00000000
x4 <- 0x00000000


mem[X,0x80001834] -> 0xA027
mem[X,0x80001836] -> 0x1DF0
[1554] [M]: 0x80001834 (0x1DF0A027) fsw ft11, 448(ra)
mem[0x800099D4] <- 0xFFFF7E00


mem[X,0x80001838] -> 0xA223
mem[X,0x8000183A] -> 0x1C40
[1555] [M]: 0x80001838 (0x1C40A223) sw tp, 452(ra)
mem[0x800099D8] <- 0x00000000


mem[X,0x8000183C] -> 0xAF07
mem[X,0x8000183E] -> 0x5C81
[1556] [M]: 0x8000183C (0x5C81AF07) flw ft10, 1480(gp)
mem[R,0x800085D8] -> 0x000083FF
f30 <- 0xFFFFFFFF000083FF


mem[X,0x80001840] -> 0xAE87
mem[X,0x80001842] -> 0x5CC1
[1557] [M]: 0x80001840 (0x5CC1AE87) flw ft9, 1484(gp)
mem[R,0x800085DC] -> 0x0000FE00
f29 <- 0xFFFFFFFF0000FE00


mem[X,0x80001844] -> 0x0113
mem[X,0x80001846] -> 0x0000
[1558] [M]: 0x80001844 (0x00000113) addi sp, zero, 0
x2 <- 0x00000000


mem[X,0x80001848] -> 0x1073
mem[X,0x8000184A] -> 0x0031
[1559] [M]: 0x80001848 (0x00311073) csrrw zero, fcsr, sp
CSR fcsr -> 0x00000000
CSR fcsr <- 0x00000000 (input: 0x00000000)


mem[X,0x8000184C] -> 0x7FD3
mem[X,0x8000184E] -> 0x05DF
[1560] [M]: 0x8000184C (0x05DF7FD3) fadd.h ft11, ft10, ft9, dyn
f31 <- 0xFFFFFFFFFFFF7E00


mem[X,0x80001850] -> 0x2273
mem[X,0x80001852] -> 0x0030
[1561] [M]: 0x80001850 (0x00302273) csrrs tp, fcsr, zero
CSR fcsr -> 0x00000000
x4 <- 0x00000000


mem[X,0x80001854] -> 0xA427
mem[X,0x80001856] -> 0x1DF0
[1562] [M]: 0x80001854 (0x1DF0A427) fsw ft11, 456(ra)
mem[0x800099DC] <- 0xFFFF7E00


mem[X,0x80001858] -> 0xA623
mem[X,0x8000185A] -> 0x1C40
[1563] [M]: 0x80001858 (0x1C40A623) sw tp, 460(ra)
mem[0x800099E0] <- 0x00000000


mem[X,0x8000185C] -> 0xAF07
mem[X,0x8000185E] -> 0x5D01
[1564] [M]: 0x8000185C (0x5D01AF07) flw ft10, 1488(gp)
mem[R,0x800085E0] -> 0x000083FF
f30 <- 0xFFFFFFFF000083FF


mem[X,0x80001860] -> 0xAE87
mem[X,0x80001862] -> 0x5D41
[1565] [M]: 0x80001860 (0x5D41AE87) flw ft9, 1492(gp)
mem[R,0x800085E4] -> 0x00007E01
f29 <- 0xFFFFFFFF00007E01


mem[X,0x80001864] -> 0x0113
mem[X,0x80001866] -> 0x0000
[1566] [M]: 0x80001864 (0x00000113) addi sp, zero, 0
x2 <- 0x00000000


mem[X,0x80001868] -> 0x1073
mem[X,0x8000186A] -> 0x0031
[1567] [M]: 0x80001868 (0x00311073) csrrw zero, fcsr, sp
CSR fcsr -> 0x00000000
CSR fcsr <- 0x00000000 (input: 0x00000000)


mem[X,0x8000186C] -> 0x7FD3
mem[X,0x8000186E] -> 0x05DF
[1568] [M]: 0x8000186C (0x05DF7FD3) fadd.h ft11, ft10, ft9, dyn
f31 <- 0xFFFFFFFFFFFF7E00


mem[X,0x80001870] -> 0x2273
mem[X,0x80001872] -> 0x0030
[1569] [M]: 0x80001870 (0x00302273) csrrs tp, fcsr, zero
CSR fcsr -> 0x00000000
x4 <- 0x00000000


mem[X,0x80001874] -> 0xA827
mem[X,0x80001876] -> 0x1DF0
[1570] [M]: 0x80001874 (0x1DF0A827) fsw ft11, 464(ra)
mem[0x800099E4] <- 0xFFFF7E00


mem[X,0x80001878] -> 0xAA23
mem[X,0x8000187A] -> 0x1C40
[1571] [M]: 0x80001878 (0x1C40AA23) sw tp, 468(ra)
mem[0x800099E8] <- 0x00000000


mem[X,0x8000187C] -> 0xAF07
mem[X,0x8000187E] -> 0x5D81
[1572] [M]: 0x8000187C (0x5D81AF07) flw ft10, 1496(gp)
mem[R,0x800085E8] -> 0x000083FF
f30 <- 0xFFFFFFFF000083FF


mem[X,0x80001880] -> 0xAE87
mem[X,0x80001882] -> 0x5DC1
[1573] [M]: 0x80001880 (0x5DC1AE87) flw ft9, 1500(gp)
mem[R,0x800085EC] -> 0x0000FE55
f29 <- 0xFFFFFFFF0000FE55


mem[X,0x80001884] -> 0x0113
mem[X,0x80001886] -> 0x0000
[1574] [M]: 0x80001884 (0x00000113) addi sp, zero, 0
x2 <- 0x00000000


mem[X,0x80001888] -> 0x1073
mem[X,0x8000188A] -> 0x0031
[1575] [M]: 0x80001888 (0x00311073) csrrw zero, fcsr, sp
CSR fcsr -> 0x00000000
CSR fcsr <- 0x00000000 (input: 0x00000000)


mem[X,0x8000188C] -> 0x7FD3
mem[X,0x8000188E] -> 0x05DF
[1576] [M]: 0x8000188C (0x05DF7FD3) fadd.h ft11, ft10, ft9, dyn
f31 <- 0xFFFFFFFFFFFF7E00


mem[X,0x80001890] -> 0x2273
mem[X,0x80001892] -> 0x0030
[1577] [M]: 0x80001890 (0x00302273) csrrs tp, fcsr, zero
CSR fcsr -> 0x00000000
x4 <- 0x00000000


mem[X,0x80001894] -> 0xAC27
mem[X,0x80001896] -> 0x1DF0
[1578] [M]: 0x80001894 (0x1DF0AC27) fsw ft11, 472(ra)
mem[0x800099EC] <- 0xFFFF7E00


mem[X,0x80001898] -> 0xAE23
mem[X,0x8000189A] -> 0x1C40
[1579] [M]: 0x80001898 (0x1C40AE23) sw tp, 476(ra)
mem[0x800099F0] <- 0x00000000


mem[X,0x8000189C] -> 0xAF07
mem[X,0x8000189E] -> 0x5E01
[1580] [M]: 0x8000189C (0x5E01AF07) flw ft10, 1504(gp)
mem[R,0x800085F0] -> 0x000083FF
f30 <- 0xFFFFFFFF000083FF


mem[X,0x800018A0] -> 0xAE87
mem[X,0x800018A2] -> 0x5E41
[1581] [M]: 0x800018A0 (0x5E41AE87) flw ft9, 1508(gp)
mem[R,0x800085F4] -> 0x00007C01
f29 <- 0xFFFFFFFF00007C01


mem[X,0x800018A4] -> 0x0113
mem[X,0x800018A6] -> 0x0000
[1582] [M]: 0x800018A4 (0x00000113) addi sp, zero, 0
x2 <- 0x00000000


mem[X,0x800018A8] -> 0x1073
mem[X,0x800018AA] -> 0x0031
[1583] [M]: 0x800018A8 (0x00311073) csrrw zero, fcsr, sp
CSR fcsr -> 0x00000000
CSR fcsr <- 0x00000000 (input: 0x00000000)


mem[X,0x800018AC] -> 0x7FD3
mem[X,0x800018AE] -> 0x05DF
[1584] [M]: 0x800018AC (0x05DF7FD3) fadd.h ft11, ft10, ft9, dyn
f31 <- 0xFFFFFFFFFFFF7E00


mem[X,0x800018B0] -> 0x2273
mem[X,0x800018B2] -> 0x0030
[1585] [M]: 0x800018B0 (0x00302273) csrrs tp, fcsr, zero
CSR fcsr -> 0x00000000
x4 <- 0x00000000


mem[X,0x800018B4] -> 0xA027
mem[X,0x800018B6] -> 0x1FF0
[1586] [M]: 0x800018B4 (0x1FF0A027) fsw ft11, 480(ra)
mem[0x800099F4] <- 0xFFFF7E00


mem[X,0x800018B8] -> 0xA223
mem[X,0x800018BA] -> 0x1E40
[1587] [M]: 0x800018B8 (0x1E40A223) sw tp, 484(ra)
mem[0x800099F8] <- 0x00000000


mem[X,0x800018BC] -> 0xAF07
mem[X,0x800018BE] -> 0x5E81
[1588] [M]: 0x800018BC (0x5E81AF07) flw ft10, 1512(gp)
mem[R,0x800085F8] -> 0x000083FF
f30 <- 0xFFFFFFFF000083FF


mem[X,0x800018C0] -> 0xAE87
mem[X,0x800018C2] -> 0x5EC1
[1589] [M]: 0x800018C0 (0x5EC1AE87) flw ft9, 1516(gp)
mem[R,0x800085FC] -> 0x0000FD55
f29 <- 0xFFFFFFFF0000FD55


mem[X,0x800018C4] -> 0x0113
mem[X,0x800018C6] -> 0x0000
[1590] [M]: 0x800018C4 (0x00000113) addi sp, zero, 0
x2 <- 0x00000000


mem[X,0x800018C8] -> 0x1073
mem[X,0x800018CA] -> 0x0031
[1591] [M]: 0x800018C8 (0x00311073) csrrw zero, fcsr, sp
CSR fcsr -> 0x00000000
CSR fcsr <- 0x00000000 (input: 0x00000000)


mem[X,0x800018CC] -> 0x7FD3
mem[X,0x800018CE] -> 0x05DF
[1592] [M]: 0x800018CC (0x05DF7FD3) fadd.h ft11, ft10, ft9, dyn
f31 <- 0xFFFFFFFFFFFF7E00


mem[X,0x800018D0] -> 0x2273
mem[X,0x800018D2] -> 0x0030
[1593] [M]: 0x800018D0 (0x00302273) csrrs tp, fcsr, zero
CSR fcsr -> 0x00000000
x4 <- 0x00000000


mem[X,0x800018D4] -> 0xA427
mem[X,0x800018D6] -> 0x1FF0
[1594] [M]: 0x800018D4 (0x1FF0A427) fsw ft11, 488(ra)
mem[0x800099FC] <- 0xFFFF7E00


mem[X,0x800018D8] -> 0xA623
mem[X,0x800018DA] -> 0x1E40
[1595] [M]: 0x800018D8 (0x1E40A623) sw tp, 492(ra)
mem[0x80009A00] <- 0x00000000


mem[X,0x800018DC] -> 0xAF07
mem[X,0x800018DE] -> 0x5F01
[1596] [M]: 0x800018DC (0x5F01AF07) flw ft10, 1520(gp)
mem[R,0x80008600] -> 0x000083FF
f30 <- 0xFFFFFFFF000083FF


mem[X,0x800018E0] -> 0xAE87
mem[X,0x800018E2] -> 0x5F41
[1597] [M]: 0x800018E0 (0x5F41AE87) flw ft9, 1524(gp)
mem[R,0x80008604] -> 0x00003C00
f29 <- 0xFFFFFFFF00003C00


mem[X,0x800018E4] -> 0x0113
mem[X,0x800018E6] -> 0x0000
[1598] [M]: 0x800018E4 (0x00000113) addi sp, zero, 0
x2 <- 0x00000000


mem[X,0x800018E8] -> 0x1073
mem[X,0x800018EA] -> 0x0031
[1599] [M]: 0x800018E8 (0x00311073) csrrw zero, fcsr, sp
CSR fcsr -> 0x00000000
CSR fcsr <- 0x00000000 (input: 0x00000000)


clint::tick mtime <- 0x0000000000000010
 clint timer pending at mtime 0x0000000000000010
htif::tick 0x0000000000000000
mem[X,0x800018EC] -> 0x7FD3
mem[X,0x800018EE] -> 0x05DF
[1600] [M]: 0x800018EC (0x05DF7FD3) fadd.h ft11, ft10, ft9, dyn
f31 <- 0xFFFFFFFFFFFF7E00


mem[X,0x800018F0] -> 0x2273
mem[X,0x800018F2] -> 0x0030
[1601] [M]: 0x800018F0 (0x00302273) csrrs tp, fcsr, zero
CSR fcsr -> 0x00000000
x4 <- 0x00000000


mem[X,0x800018F4] -> 0xA827
mem[X,0x800018F6] -> 0x1FF0
[1602] [M]: 0x800018F4 (0x1FF0A827) fsw ft11, 496(ra)
mem[0x80009A04] <- 0xFFFF7E00


mem[X,0x800018F8] -> 0xAA23
mem[X,0x800018FA] -> 0x1E40
[1603] [M]: 0x800018F8 (0x1E40AA23) sw tp, 500(ra)
mem[0x80009A08] <- 0x00000000


mem[X,0x800018FC] -> 0xAF07
mem[X,0x800018FE] -> 0x5F81
[1604] [M]: 0x800018FC (0x5F81AF07) flw ft10, 1528(gp)
mem[R,0x80008608] -> 0x000083FF
f30 <- 0xFFFFFFFF000083FF


mem[X,0x80001900] -> 0xAE87
mem[X,0x80001902] -> 0x5FC1
[1605] [M]: 0x80001900 (0x5FC1AE87) flw ft9, 1532(gp)
mem[R,0x8000860C] -> 0x0000BC00
f29 <- 0xFFFFFFFF0000BC00


mem[X,0x80001904] -> 0x0113
mem[X,0x80001906] -> 0x0000
[1606] [M]: 0x80001904 (0x00000113) addi sp, zero, 0
x2 <- 0x00000000


mem[X,0x80001908] -> 0x1073
mem[X,0x8000190A] -> 0x0031
[1607] [M]: 0x80001908 (0x00311073) csrrw zero, fcsr, sp
CSR fcsr -> 0x00000000
CSR fcsr <- 0x00000000 (input: 0x00000000)


mem[X,0x8000190C] -> 0x7FD3
mem[X,0x8000190E] -> 0x05DF
[1608] [M]: 0x8000190C (0x05DF7FD3) fadd.h ft11, ft10, ft9, dyn
f31 <- 0xFFFFFFFFFFFF7E00


mem[X,0x80001910] -> 0x2273
mem[X,0x80001912] -> 0x0030
[1609] [M]: 0x80001910 (0x00302273) csrrs tp, fcsr, zero
CSR fcsr -> 0x00000000
x4 <- 0x00000000


mem[X,0x80001914] -> 0xAC27
mem[X,0x80001916] -> 0x1FF0
[1610] [M]: 0x80001914 (0x1FF0AC27) fsw ft11, 504(ra)
mem[0x80009A0C] <- 0xFFFF7E00


mem[X,0x80001918] -> 0xAE23
mem[X,0x8000191A] -> 0x1E40
[1611] [M]: 0x80001918 (0x1E40AE23) sw tp, 508(ra)
mem[0x80009A10] <- 0x00000000


mem[X,0x8000191C] -> 0xAF07
mem[X,0x8000191E] -> 0x6001
[1612] [M]: 0x8000191C (0x6001AF07) flw ft10, 1536(gp)
mem[R,0x80008610] -> 0x00000400
f30 <- 0xFFFFFFFF00000400


mem[X,0x80001920] -> 0xAE87
mem[X,0x80001922] -> 0x6041
[1613] [M]: 0x80001920 (0x6041AE87) flw ft9, 1540(gp)
mem[R,0x80008614] -> 0x00000000
f29 <- 0xFFFFFFFF00000000


mem[X,0x80001924] -> 0x0113
mem[X,0x80001926] -> 0x0000
[1614] [M]: 0x80001924 (0x00000113) addi sp, zero, 0
x2 <- 0x00000000


mem[X,0x80001928] -> 0x1073
mem[X,0x8000192A] -> 0x0031
[1615] [M]: 0x80001928 (0x00311073) csrrw zero, fcsr, sp
CSR fcsr -> 0x00000000
CSR fcsr <- 0x00000000 (input: 0x00000000)


mem[X,0x8000192C] -> 0x7FD3
mem[X,0x8000192E] -> 0x05DF
[1616] [M]: 0x8000192C (0x05DF7FD3) fadd.h ft11, ft10, ft9, dyn
f31 <- 0xFFFFFFFFFFFF7E00


mem[X,0x80001930] -> 0x2273
mem[X,0x80001932] -> 0x0030
[1617] [M]: 0x80001930 (0x00302273) csrrs tp, fcsr, zero
CSR fcsr -> 0x00000000
x4 <- 0x00000000


mem[X,0x80001934] -> 0xA027
mem[X,0x80001936] -> 0x21F0
[1618] [M]: 0x80001934 (0x21F0A027) fsw ft11, 512(ra)
mem[0x80009A14] <- 0xFFFF7E00


mem[X,0x80001938] -> 0xA223
mem[X,0x8000193A] -> 0x2040
[1619] [M]: 0x80001938 (0x2040A223) sw tp, 516(ra)
mem[0x80009A18] <- 0x00000000


mem[X,0x8000193C] -> 0xAF07
mem[X,0x8000193E] -> 0x6081
[1620] [M]: 0x8000193C (0x6081AF07) flw ft10, 1544(gp)
mem[R,0x80008618] -> 0x00000400
f30 <- 0xFFFFFFFF00000400


mem[X,0x80001940] -> 0xAE87
mem[X,0x80001942] -> 0x60C1
[1621] [M]: 0x80001940 (0x60C1AE87) flw ft9, 1548(gp)
mem[R,0x8000861C] -> 0x00008000
f29 <- 0xFFFFFFFF00008000


mem[X,0x80001944] -> 0x0113
mem[X,0x80001946] -> 0x0000
[1622] [M]: 0x80001944 (0x00000113) addi sp, zero, 0
x2 <- 0x00000000


mem[X,0x80001948] -> 0x1073
mem[X,0x8000194A] -> 0x0031
[1623] [M]: 0x80001948 (0x00311073) csrrw zero, fcsr, sp
CSR fcsr -> 0x00000000
CSR fcsr <- 0x00000000 (input: 0x00000000)


mem[X,0x8000194C] -> 0x7FD3
mem[X,0x8000194E] -> 0x05DF
[1624] [M]: 0x8000194C (0x05DF7FD3) fadd.h ft11, ft10, ft9, dyn
f31 <- 0xFFFFFFFFFFFF7E00


mem[X,0x80001950] -> 0x2273
mem[X,0x80001952] -> 0x0030
[1625] [M]: 0x80001950 (0x00302273) csrrs tp, fcsr, zero
CSR fcsr -> 0x00000000
x4 <- 0x00000000


mem[X,0x80001954] -> 0xA427
mem[X,0x80001956] -> 0x21F0
[1626] [M]: 0x80001954 (0x21F0A427) fsw ft11, 520(ra)
mem[0x80009A1C] <- 0xFFFF7E00


mem[X,0x80001958] -> 0xA623
mem[X,0x8000195A] -> 0x2040
[1627] [M]: 0x80001958 (0x2040A623) sw tp, 524(ra)
mem[0x80009A20] <- 0x00000000


mem[X,0x8000195C] -> 0xAF07
mem[X,0x8000195E] -> 0x6101
[1628] [M]: 0x8000195C (0x6101AF07) flw ft10, 1552(gp)
mem[R,0x80008620] -> 0x00000400
f30 <- 0xFFFFFFFF00000400


mem[X,0x80001960] -> 0xAE87
mem[X,0x80001962] -> 0x6141
[1629] [M]: 0x80001960 (0x6141AE87) flw ft9, 1556(gp)
mem[R,0x80008624] -> 0x00000001
f29 <- 0xFFFFFFFF00000001


mem[X,0x80001964] -> 0x0113
mem[X,0x80001966] -> 0x0000
[1630] [M]: 0x80001964 (0x00000113) addi sp, zero, 0
x2 <- 0x00000000


mem[X,0x80001968] -> 0x1073
mem[X,0x8000196A] -> 0x0031
[1631] [M]: 0x80001968 (0x00311073) csrrw zero, fcsr, sp
CSR fcsr -> 0x00000000
CSR fcsr <- 0x00000000 (input: 0x00000000)


mem[X,0x8000196C] -> 0x7FD3
mem[X,0x8000196E] -> 0x05DF
[1632] [M]: 0x8000196C (0x05DF7FD3) fadd.h ft11, ft10, ft9, dyn
f31 <- 0xFFFFFFFFFFFF7E00


mem[X,0x80001970] -> 0x2273
mem[X,0x80001972] -> 0x0030
[1633] [M]: 0x80001970 (0x00302273) csrrs tp, fcsr, zero
CSR fcsr -> 0x00000000
x4 <- 0x00000000


mem[X,0x80001974] -> 0xA827
mem[X,0x80001976] -> 0x21F0
[1634] [M]: 0x80001974 (0x21F0A827) fsw ft11, 528(ra)
mem[0x80009A24] <- 0xFFFF7E00


mem[X,0x80001978] -> 0xAA23
mem[X,0x8000197A] -> 0x2040
[1635] [M]: 0x80001978 (0x2040AA23) sw tp, 532(ra)
mem[0x80009A28] <- 0x00000000


mem[X,0x8000197C] -> 0xAF07
mem[X,0x8000197E] -> 0x6181
[1636] [M]: 0x8000197C (0x6181AF07) flw ft10, 1560(gp)
mem[R,0x80008628] -> 0x00000400
f30 <- 0xFFFFFFFF00000400


mem[X,0x80001980] -> 0xAE87
mem[X,0x80001982] -> 0x61C1
[1637] [M]: 0x80001980 (0x61C1AE87) flw ft9, 1564(gp)
mem[R,0x8000862C] -> 0x00008001
f29 <- 0xFFFFFFFF00008001


mem[X,0x80001984] -> 0x0113
mem[X,0x80001986] -> 0x0000
[1638] [M]: 0x80001984 (0x00000113) addi sp, zero, 0
x2 <- 0x00000000


mem[X,0x80001988] -> 0x1073
mem[X,0x8000198A] -> 0x0031
[1639] [M]: 0x80001988 (0x00311073) csrrw zero, fcsr, sp
CSR fcsr -> 0x00000000
CSR fcsr <- 0x00000000 (input: 0x00000000)


mem[X,0x8000198C] -> 0x7FD3
mem[X,0x8000198E] -> 0x05DF
[1640] [M]: 0x8000198C (0x05DF7FD3) fadd.h ft11, ft10, ft9, dyn
f31 <- 0xFFFFFFFFFFFF7E00


mem[X,0x80001990] -> 0x2273
mem[X,0x80001992] -> 0x0030
[1641] [M]: 0x80001990 (0x00302273) csrrs tp, fcsr, zero
CSR fcsr -> 0x00000000
x4 <- 0x00000000


mem[X,0x80001994] -> 0xAC27
mem[X,0x80001996] -> 0x21F0
[1642] [M]: 0x80001994 (0x21F0AC27) fsw ft11, 536(ra)
mem[0x80009A2C] <- 0xFFFF7E00


mem[X,0x80001998] -> 0xAE23
mem[X,0x8000199A] -> 0x2040
[1643] [M]: 0x80001998 (0x2040AE23) sw tp, 540(ra)
mem[0x80009A30] <- 0x00000000


mem[X,0x8000199C] -> 0xAF07
mem[X,0x8000199E] -> 0x6201
[1644] [M]: 0x8000199C (0x6201AF07) flw ft10, 1568(gp)
mem[R,0x80008630] -> 0x00000400
f30 <- 0xFFFFFFFF00000400


mem[X,0x800019A0] -> 0xAE87
mem[X,0x800019A2] -> 0x6241
[1645] [M]: 0x800019A0 (0x6241AE87) flw ft9, 1572(gp)
mem[R,0x80008634] -> 0x00000002
f29 <- 0xFFFFFFFF00000002


mem[X,0x800019A4] -> 0x0113
mem[X,0x800019A6] -> 0x0000
[1646] [M]: 0x800019A4 (0x00000113) addi sp, zero, 0
x2 <- 0x00000000


mem[X,0x800019A8] -> 0x1073
mem[X,0x800019AA] -> 0x0031
[1647] [M]: 0x800019A8 (0x00311073) csrrw zero, fcsr, sp
CSR fcsr -> 0x00000000
CSR fcsr <- 0x00000000 (input: 0x00000000)


mem[X,0x800019AC] -> 0x7FD3
mem[X,0x800019AE] -> 0x05DF
[1648] [M]: 0x800019AC (0x05DF7FD3) fadd.h ft11, ft10, ft9, dyn
f31 <- 0xFFFFFFFFFFFF7E00


mem[X,0x800019B0] -> 0x2273
mem[X,0x800019B2] -> 0x0030
[1649] [M]: 0x800019B0 (0x00302273) csrrs tp, fcsr, zero
CSR fcsr -> 0x00000000
x4 <- 0x00000000


mem[X,0x800019B4] -> 0xA027
mem[X,0x800019B6] -> 0x23F0
[1650] [M]: 0x800019B4 (0x23F0A027) fsw ft11, 544(ra)
mem[0x80009A34] <- 0xFFFF7E00


mem[X,0x800019B8] -> 0xA223
mem[X,0x800019BA] -> 0x2240
[1651] [M]: 0x800019B8 (0x2240A223) sw tp, 548(ra)
mem[0x80009A38] <- 0x00000000


mem[X,0x800019BC] -> 0xAF07
mem[X,0x800019BE] -> 0x6281
[1652] [M]: 0x800019BC (0x6281AF07) flw ft10, 1576(gp)
mem[R,0x80008638] -> 0x00000400
f30 <- 0xFFFFFFFF00000400


mem[X,0x800019C0] -> 0xAE87
mem[X,0x800019C2] -> 0x62C1
[1653] [M]: 0x800019C0 (0x62C1AE87) flw ft9, 1580(gp)
mem[R,0x8000863C] -> 0x000083FE
f29 <- 0xFFFFFFFF000083FE


mem[X,0x800019C4] -> 0x0113
mem[X,0x800019C6] -> 0x0000
[1654] [M]: 0x800019C4 (0x00000113) addi sp, zero, 0
x2 <- 0x00000000


mem[X,0x800019C8] -> 0x1073
mem[X,0x800019CA] -> 0x0031
[1655] [M]: 0x800019C8 (0x00311073) csrrw zero, fcsr, sp
CSR fcsr -> 0x00000000
CSR fcsr <- 0x00000000 (input: 0x00000000)


mem[X,0x800019CC] -> 0x7FD3
mem[X,0x800019CE] -> 0x05DF
[1656] [M]: 0x800019CC (0x05DF7FD3) fadd.h ft11, ft10, ft9, dyn
f31 <- 0xFFFFFFFFFFFF7E00


mem[X,0x800019D0] -> 0x2273
mem[X,0x800019D2] -> 0x0030
[1657] [M]: 0x800019D0 (0x00302273) csrrs tp, fcsr, zero
CSR fcsr -> 0x00000000
x4 <- 0x00000000


mem[X,0x800019D4] -> 0xA427
mem[X,0x800019D6] -> 0x23F0
[1658] [M]: 0x800019D4 (0x23F0A427) fsw ft11, 552(ra)
mem[0x80009A3C] <- 0xFFFF7E00


mem[X,0x800019D8] -> 0xA623
mem[X,0x800019DA] -> 0x2240
[1659] [M]: 0x800019D8 (0x2240A623) sw tp, 556(ra)
mem[0x80009A40] <- 0x00000000


mem[X,0x800019DC] -> 0xAF07
mem[X,0x800019DE] -> 0x6301
[1660] [M]: 0x800019DC (0x6301AF07) flw ft10, 1584(gp)
mem[R,0x80008640] -> 0x00000400
f30 <- 0xFFFFFFFF00000400


mem[X,0x800019E0] -> 0xAE87
mem[X,0x800019E2] -> 0x6341
[1661] [M]: 0x800019E0 (0x6341AE87) flw ft9, 1588(gp)
mem[R,0x80008644] -> 0x000003FF
f29 <- 0xFFFFFFFF000003FF


mem[X,0x800019E4] -> 0x0113
mem[X,0x800019E6] -> 0x0000
[1662] [M]: 0x800019E4 (0x00000113) addi sp, zero, 0
x2 <- 0x00000000


mem[X,0x800019E8] -> 0x1073
mem[X,0x800019EA] -> 0x0031
[1663] [M]: 0x800019E8 (0x00311073) csrrw zero, fcsr, sp
CSR fcsr -> 0x00000000
CSR fcsr <- 0x00000000 (input: 0x00000000)


mem[X,0x800019EC] -> 0x7FD3
mem[X,0x800019EE] -> 0x05DF
[1664] [M]: 0x800019EC (0x05DF7FD3) fadd.h ft11, ft10, ft9, dyn
f31 <- 0xFFFFFFFFFFFF7E00


mem[X,0x800019F0] -> 0x2273
mem[X,0x800019F2] -> 0x0030
[1665] [M]: 0x800019F0 (0x00302273) csrrs tp, fcsr, zero
CSR fcsr -> 0x00000000
x4 <- 0x00000000


mem[X,0x800019F4] -> 0xA827
mem[X,0x800019F6] -> 0x23F0
[1666] [M]: 0x800019F4 (0x23F0A827) fsw ft11, 560(ra)
mem[0x80009A44] <- 0xFFFF7E00


mem[X,0x800019F8] -> 0xAA23
mem[X,0x800019FA] -> 0x2240
[1667] [M]: 0x800019F8 (0x2240AA23) sw tp, 564(ra)
mem[0x80009A48] <- 0x00000000


mem[X,0x800019FC] -> 0xAF07
mem[X,0x800019FE] -> 0x6381
[1668] [M]: 0x800019FC (0x6381AF07) flw ft10, 1592(gp)
mem[R,0x80008648] -> 0x00000400
f30 <- 0xFFFFFFFF00000400


mem[X,0x80001A00] -> 0xAE87
mem[X,0x80001A02] -> 0x63C1
[1669] [M]: 0x80001A00 (0x63C1AE87) flw ft9, 1596(gp)
mem[R,0x8000864C] -> 0x000083FF
f29 <- 0xFFFFFFFF000083FF


mem[X,0x80001A04] -> 0x0113
mem[X,0x80001A06] -> 0x0000
[1670] [M]: 0x80001A04 (0x00000113) addi sp, zero, 0
x2 <- 0x00000000


mem[X,0x80001A08] -> 0x1073
mem[X,0x80001A0A] -> 0x0031
[1671] [M]: 0x80001A08 (0x00311073) csrrw zero, fcsr, sp
CSR fcsr -> 0x00000000
CSR fcsr <- 0x00000000 (input: 0x00000000)


mem[X,0x80001A0C] -> 0x7FD3
mem[X,0x80001A0E] -> 0x05DF
[1672] [M]: 0x80001A0C (0x05DF7FD3) fadd.h ft11, ft10, ft9, dyn
f31 <- 0xFFFFFFFFFFFF7E00


mem[X,0x80001A10] -> 0x2273
mem[X,0x80001A12] -> 0x0030
[1673] [M]: 0x80001A10 (0x00302273) csrrs tp, fcsr, zero
CSR fcsr -> 0x00000000
x4 <- 0x00000000


mem[X,0x80001A14] -> 0xAC27
mem[X,0x80001A16] -> 0x23F0
[1674] [M]: 0x80001A14 (0x23F0AC27) fsw ft11, 568(ra)
mem[0x80009A4C] <- 0xFFFF7E00


mem[X,0x80001A18] -> 0xAE23
mem[X,0x80001A1A] -> 0x2240
[1675] [M]: 0x80001A18 (0x2240AE23) sw tp, 572(ra)
mem[0x80009A50] <- 0x00000000


mem[X,0x80001A1C] -> 0xAF07
mem[X,0x80001A1E] -> 0x6401
[1676] [M]: 0x80001A1C (0x6401AF07) flw ft10, 1600(gp)
mem[R,0x80008650] -> 0x00000400
f30 <- 0xFFFFFFFF00000400


mem[X,0x80001A20] -> 0xAE87
mem[X,0x80001A22] -> 0x6441
[1677] [M]: 0x80001A20 (0x6441AE87) flw ft9, 1604(gp)
mem[R,0x80008654] -> 0x00000400
f29 <- 0xFFFFFFFF00000400


mem[X,0x80001A24] -> 0x0113
mem[X,0x80001A26] -> 0x0000
[1678] [M]: 0x80001A24 (0x00000113) addi sp, zero, 0
x2 <- 0x00000000


mem[X,0x80001A28] -> 0x1073
mem[X,0x80001A2A] -> 0x0031
[1679] [M]: 0x80001A28 (0x00311073) csrrw zero, fcsr, sp
CSR fcsr -> 0x00000000
CSR fcsr <- 0x00000000 (input: 0x00000000)


mem[X,0x80001A2C] -> 0x7FD3
mem[X,0x80001A2E] -> 0x05DF
[1680] [M]: 0x80001A2C (0x05DF7FD3) fadd.h ft11, ft10, ft9, dyn
f31 <- 0xFFFFFFFFFFFF7E00


mem[X,0x80001A30] -> 0x2273
mem[X,0x80001A32] -> 0x0030
[1681] [M]: 0x80001A30 (0x00302273) csrrs tp, fcsr, zero
CSR fcsr -> 0x00000000
x4 <- 0x00000000


mem[X,0x80001A34] -> 0xA027
mem[X,0x80001A36] -> 0x25F0
[1682] [M]: 0x80001A34 (0x25F0A027) fsw ft11, 576(ra)
mem[0x80009A54] <- 0xFFFF7E00


mem[X,0x80001A38] -> 0xA223
mem[X,0x80001A3A] -> 0x2440
[1683] [M]: 0x80001A38 (0x2440A223) sw tp, 580(ra)
mem[0x80009A58] <- 0x00000000


mem[X,0x80001A3C] -> 0xAF07
mem[X,0x80001A3E] -> 0x6481
[1684] [M]: 0x80001A3C (0x6481AF07) flw ft10, 1608(gp)
mem[R,0x80008658] -> 0x00000400
f30 <- 0xFFFFFFFF00000400


mem[X,0x80001A40] -> 0xAE87
mem[X,0x80001A42] -> 0x64C1
[1685] [M]: 0x80001A40 (0x64C1AE87) flw ft9, 1612(gp)
mem[R,0x8000865C] -> 0x00008400
f29 <- 0xFFFFFFFF00008400


mem[X,0x80001A44] -> 0x0113
mem[X,0x80001A46] -> 0x0000
[1686] [M]: 0x80001A44 (0x00000113) addi sp, zero, 0
x2 <- 0x00000000


mem[X,0x80001A48] -> 0x1073
mem[X,0x80001A4A] -> 0x0031
[1687] [M]: 0x80001A48 (0x00311073) csrrw zero, fcsr, sp
CSR fcsr -> 0x00000000
CSR fcsr <- 0x00000000 (input: 0x00000000)


mem[X,0x80001A4C] -> 0x7FD3
mem[X,0x80001A4E] -> 0x05DF
[1688] [M]: 0x80001A4C (0x05DF7FD3) fadd.h ft11, ft10, ft9, dyn
f31 <- 0xFFFFFFFFFFFF7E00


mem[X,0x80001A50] -> 0x2273
mem[X,0x80001A52] -> 0x0030
[1689] [M]: 0x80001A50 (0x00302273) csrrs tp, fcsr, zero
CSR fcsr -> 0x00000000
x4 <- 0x00000000


mem[X,0x80001A54] -> 0xA427
mem[X,0x80001A56] -> 0x25F0
[1690] [M]: 0x80001A54 (0x25F0A427) fsw ft11, 584(ra)
mem[0x80009A5C] <- 0xFFFF7E00


mem[X,0x80001A58] -> 0xA623
mem[X,0x80001A5A] -> 0x2440
[1691] [M]: 0x80001A58 (0x2440A623) sw tp, 588(ra)
mem[0x80009A60] <- 0x00000000


mem[X,0x80001A5C] -> 0xAF07
mem[X,0x80001A5E] -> 0x6501
[1692] [M]: 0x80001A5C (0x6501AF07) flw ft10, 1616(gp)
mem[R,0x80008660] -> 0x00000400
f30 <- 0xFFFFFFFF00000400


mem[X,0x80001A60] -> 0xAE87
mem[X,0x80001A62] -> 0x6541
[1693] [M]: 0x80001A60 (0x6541AE87) flw ft9, 1620(gp)
mem[R,0x80008664] -> 0x00000401
f29 <- 0xFFFFFFFF00000401


mem[X,0x80001A64] -> 0x0113
mem[X,0x80001A66] -> 0x0000
[1694] [M]: 0x80001A64 (0x00000113) addi sp, zero, 0
x2 <- 0x00000000


mem[X,0x80001A68] -> 0x1073
mem[X,0x80001A6A] -> 0x0031
[1695] [M]: 0x80001A68 (0x00311073) csrrw zero, fcsr, sp
CSR fcsr -> 0x00000000
CSR fcsr <- 0x00000000 (input: 0x00000000)


mem[X,0x80001A6C] -> 0x7FD3
mem[X,0x80001A6E] -> 0x05DF
[1696] [M]: 0x80001A6C (0x05DF7FD3) fadd.h ft11, ft10, ft9, dyn
f31 <- 0xFFFFFFFFFFFF7E00


mem[X,0x80001A70] -> 0x2273
mem[X,0x80001A72] -> 0x0030
[1697] [M]: 0x80001A70 (0x00302273) csrrs tp, fcsr, zero
CSR fcsr -> 0x00000000
x4 <- 0x00000000


mem[X,0x80001A74] -> 0xA827
mem[X,0x80001A76] -> 0x25F0
[1698] [M]: 0x80001A74 (0x25F0A827) fsw ft11, 592(ra)
mem[0x80009A64] <- 0xFFFF7E00


mem[X,0x80001A78] -> 0xAA23
mem[X,0x80001A7A] -> 0x2440
[1699] [M]: 0x80001A78 (0x2440AA23) sw tp, 596(ra)
mem[0x80009A68] <- 0x00000000


clint::tick mtime <- 0x0000000000000011
 clint timer pending at mtime 0x0000000000000011
htif::tick 0x0000000000000000
mem[X,0x80001A7C] -> 0xAF07
mem[X,0x80001A7E] -> 0x6581
[1700] [M]: 0x80001A7C (0x6581AF07) flw ft10, 1624(gp)
mem[R,0x80008668] -> 0x00000400
f30 <- 0xFFFFFFFF00000400


mem[X,0x80001A80] -> 0xAE87
mem[X,0x80001A82] -> 0x65C1
[1701] [M]: 0x80001A80 (0x65C1AE87) flw ft9, 1628(gp)
mem[R,0x8000866C] -> 0x00008455
f29 <- 0xFFFFFFFF00008455


mem[X,0x80001A84] -> 0x0113
mem[X,0x80001A86] -> 0x0000
[1702] [M]: 0x80001A84 (0x00000113) addi sp, zero, 0
x2 <- 0x00000000


mem[X,0x80001A88] -> 0x1073
mem[X,0x80001A8A] -> 0x0031
[1703] [M]: 0x80001A88 (0x00311073) csrrw zero, fcsr, sp
CSR fcsr -> 0x00000000
CSR fcsr <- 0x00000000 (input: 0x00000000)


mem[X,0x80001A8C] -> 0x7FD3
mem[X,0x80001A8E] -> 0x05DF
[1704] [M]: 0x80001A8C (0x05DF7FD3) fadd.h ft11, ft10, ft9, dyn
f31 <- 0xFFFFFFFFFFFF7E00


mem[X,0x80001A90] -> 0x2273
mem[X,0x80001A92] -> 0x0030
[1705] [M]: 0x80001A90 (0x00302273) csrrs tp, fcsr, zero
CSR fcsr -> 0x00000000
x4 <- 0x00000000


mem[X,0x80001A94] -> 0xAC27
mem[X,0x80001A96] -> 0x25F0
[1706] [M]: 0x80001A94 (0x25F0AC27) fsw ft11, 600(ra)
mem[0x80009A6C] <- 0xFFFF7E00


mem[X,0x80001A98] -> 0xAE23
mem[X,0x80001A9A] -> 0x2440
[1707] [M]: 0x80001A98 (0x2440AE23) sw tp, 604(ra)
mem[0x80009A70] <- 0x00000000


mem[X,0x80001A9C] -> 0xAF07
mem[X,0x80001A9E] -> 0x6601
[1708] [M]: 0x80001A9C (0x6601AF07) flw ft10, 1632(gp)
mem[R,0x80008670] -> 0x00000400
f30 <- 0xFFFFFFFF00000400


mem[X,0x80001AA0] -> 0xAE87
mem[X,0x80001AA2] -> 0x6641
[1709] [M]: 0x80001AA0 (0x6641AE87) flw ft9, 1636(gp)
mem[R,0x80008674] -> 0x00007BFF
f29 <- 0xFFFFFFFF00007BFF


mem[X,0x80001AA4] -> 0x0113
mem[X,0x80001AA6] -> 0x0000
[1710] [M]: 0x80001AA4 (0x00000113) addi sp, zero, 0
x2 <- 0x00000000


mem[X,0x80001AA8] -> 0x1073
mem[X,0x80001AAA] -> 0x0031
[1711] [M]: 0x80001AA8 (0x00311073) csrrw zero, fcsr, sp
CSR fcsr -> 0x00000000
CSR fcsr <- 0x00000000 (input: 0x00000000)


mem[X,0x80001AAC] -> 0x7FD3
mem[X,0x80001AAE] -> 0x05DF
[1712] [M]: 0x80001AAC (0x05DF7FD3) fadd.h ft11, ft10, ft9, dyn
f31 <- 0xFFFFFFFFFFFF7E00


mem[X,0x80001AB0] -> 0x2273
mem[X,0x80001AB2] -> 0x0030
[1713] [M]: 0x80001AB0 (0x00302273) csrrs tp, fcsr, zero
CSR fcsr -> 0x00000000
x4 <- 0x00000000


mem[X,0x80001AB4] -> 0xA027
mem[X,0x80001AB6] -> 0x27F0
[1714] [M]: 0x80001AB4 (0x27F0A027) fsw ft11, 608(ra)
mem[0x80009A74] <- 0xFFFF7E00


mem[X,0x80001AB8] -> 0xA223
mem[X,0x80001ABA] -> 0x2640
[1715] [M]: 0x80001AB8 (0x2640A223) sw tp, 612(ra)
mem[0x80009A78] <- 0x00000000


mem[X,0x80001ABC] -> 0xAF07
mem[X,0x80001ABE] -> 0x6681
[1716] [M]: 0x80001ABC (0x6681AF07) flw ft10, 1640(gp)
mem[R,0x80008678] -> 0x00000400
f30 <- 0xFFFFFFFF00000400


mem[X,0x80001AC0] -> 0xAE87
mem[X,0x80001AC2] -> 0x66C1
[1717] [M]: 0x80001AC0 (0x66C1AE87) flw ft9, 1644(gp)
mem[R,0x8000867C] -> 0x0000FBFF
f29 <- 0xFFFFFFFF0000FBFF


mem[X,0x80001AC4] -> 0x0113
mem[X,0x80001AC6] -> 0x0000
[1718] [M]: 0x80001AC4 (0x00000113) addi sp, zero, 0
x2 <- 0x00000000


mem[X,0x80001AC8] -> 0x1073
mem[X,0x80001ACA] -> 0x0031
[1719] [M]: 0x80001AC8 (0x00311073) csrrw zero, fcsr, sp
CSR fcsr -> 0x00000000
CSR fcsr <- 0x00000000 (input: 0x00000000)


mem[X,0x80001ACC] -> 0x7FD3
mem[X,0x80001ACE] -> 0x05DF
[1720] [M]: 0x80001ACC (0x05DF7FD3) fadd.h ft11, ft10, ft9, dyn
f31 <- 0xFFFFFFFFFFFF7E00


mem[X,0x80001AD0] -> 0x2273
mem[X,0x80001AD2] -> 0x0030
[1721] [M]: 0x80001AD0 (0x00302273) csrrs tp, fcsr, zero
CSR fcsr -> 0x00000000
x4 <- 0x00000000


mem[X,0x80001AD4] -> 0xA427
mem[X,0x80001AD6] -> 0x27F0
[1722] [M]: 0x80001AD4 (0x27F0A427) fsw ft11, 616(ra)
mem[0x80009A7C] <- 0xFFFF7E00


mem[X,0x80001AD8] -> 0xA623
mem[X,0x80001ADA] -> 0x2640
[1723] [M]: 0x80001AD8 (0x2640A623) sw tp, 620(ra)
mem[0x80009A80] <- 0x00000000


mem[X,0x80001ADC] -> 0xAF07
mem[X,0x80001ADE] -> 0x6701
[1724] [M]: 0x80001ADC (0x6701AF07) flw ft10, 1648(gp)
mem[R,0x80008680] -> 0x00000400
f30 <- 0xFFFFFFFF00000400


mem[X,0x80001AE0] -> 0xAE87
mem[X,0x80001AE2] -> 0x6741
[1725] [M]: 0x80001AE0 (0x6741AE87) flw ft9, 1652(gp)
mem[R,0x80008684] -> 0x00007C00
f29 <- 0xFFFFFFFF00007C00


mem[X,0x80001AE4] -> 0x0113
mem[X,0x80001AE6] -> 0x0000
[1726] [M]: 0x80001AE4 (0x00000113) addi sp, zero, 0
x2 <- 0x00000000


mem[X,0x80001AE8] -> 0x1073
mem[X,0x80001AEA] -> 0x0031
[1727] [M]: 0x80001AE8 (0x00311073) csrrw zero, fcsr, sp
CSR fcsr -> 0x00000000
CSR fcsr <- 0x00000000 (input: 0x00000000)


mem[X,0x80001AEC] -> 0x7FD3
mem[X,0x80001AEE] -> 0x05DF
[1728] [M]: 0x80001AEC (0x05DF7FD3) fadd.h ft11, ft10, ft9, dyn
f31 <- 0xFFFFFFFFFFFF7E00


mem[X,0x80001AF0] -> 0x2273
mem[X,0x80001AF2] -> 0x0030
[1729] [M]: 0x80001AF0 (0x00302273) csrrs tp, fcsr, zero
CSR fcsr -> 0x00000000
x4 <- 0x00000000


mem[X,0x80001AF4] -> 0xA827
mem[X,0x80001AF6] -> 0x27F0
[1730] [M]: 0x80001AF4 (0x27F0A827) fsw ft11, 624(ra)
mem[0x80009A84] <- 0xFFFF7E00


mem[X,0x80001AF8] -> 0xAA23
mem[X,0x80001AFA] -> 0x2640
[1731] [M]: 0x80001AF8 (0x2640AA23) sw tp, 628(ra)
mem[0x80009A88] <- 0x00000000


mem[X,0x80001AFC] -> 0xAF07
mem[X,0x80001AFE] -> 0x6781
[1732] [M]: 0x80001AFC (0x6781AF07) flw ft10, 1656(gp)
mem[R,0x80008688] -> 0x00000400
f30 <- 0xFFFFFFFF00000400


mem[X,0x80001B00] -> 0xAE87
mem[X,0x80001B02] -> 0x67C1
[1733] [M]: 0x80001B00 (0x67C1AE87) flw ft9, 1660(gp)
mem[R,0x8000868C] -> 0x0000FC00
f29 <- 0xFFFFFFFF0000FC00


mem[X,0x80001B04] -> 0x0113
mem[X,0x80001B06] -> 0x0000
[1734] [M]: 0x80001B04 (0x00000113) addi sp, zero, 0
x2 <- 0x00000000


mem[X,0x80001B08] -> 0x1073
mem[X,0x80001B0A] -> 0x0031
[1735] [M]: 0x80001B08 (0x00311073) csrrw zero, fcsr, sp
CSR fcsr -> 0x00000000
CSR fcsr <- 0x00000000 (input: 0x00000000)


mem[X,0x80001B0C] -> 0x7FD3
mem[X,0x80001B0E] -> 0x05DF
[1736] [M]: 0x80001B0C (0x05DF7FD3) fadd.h ft11, ft10, ft9, dyn
f31 <- 0xFFFFFFFFFFFF7E00


mem[X,0x80001B10] -> 0x2273
mem[X,0x80001B12] -> 0x0030
[1737] [M]: 0x80001B10 (0x00302273) csrrs tp, fcsr, zero
CSR fcsr -> 0x00000000
x4 <- 0x00000000


mem[X,0x80001B14] -> 0xAC27
mem[X,0x80001B16] -> 0x27F0
[1738] [M]: 0x80001B14 (0x27F0AC27) fsw ft11, 632(ra)
mem[0x80009A8C] <- 0xFFFF7E00


mem[X,0x80001B18] -> 0xAE23
mem[X,0x80001B1A] -> 0x2640
[1739] [M]: 0x80001B18 (0x2640AE23) sw tp, 636(ra)
mem[0x80009A90] <- 0x00000000


mem[X,0x80001B1C] -> 0xAF07
mem[X,0x80001B1E] -> 0x6801
[1740] [M]: 0x80001B1C (0x6801AF07) flw ft10, 1664(gp)
mem[R,0x80008690] -> 0x00000400
f30 <- 0xFFFFFFFF00000400


mem[X,0x80001B20] -> 0xAE87
mem[X,0x80001B22] -> 0x6841
[1741] [M]: 0x80001B20 (0x6841AE87) flw ft9, 1668(gp)
mem[R,0x80008694] -> 0x00007E00
f29 <- 0xFFFFFFFF00007E00


mem[X,0x80001B24] -> 0x0113
mem[X,0x80001B26] -> 0x0000
[1742] [M]: 0x80001B24 (0x00000113) addi sp, zero, 0
x2 <- 0x00000000


mem[X,0x80001B28] -> 0x1073
mem[X,0x80001B2A] -> 0x0031
[1743] [M]: 0x80001B28 (0x00311073) csrrw zero, fcsr, sp
CSR fcsr -> 0x00000000
CSR fcsr <- 0x00000000 (input: 0x00000000)


mem[X,0x80001B2C] -> 0x7FD3
mem[X,0x80001B2E] -> 0x05DF
[1744] [M]: 0x80001B2C (0x05DF7FD3) fadd.h ft11, ft10, ft9, dyn
f31 <- 0xFFFFFFFFFFFF7E00


mem[X,0x80001B30] -> 0x2273
mem[X,0x80001B32] -> 0x0030
[1745] [M]: 0x80001B30 (0x00302273) csrrs tp, fcsr, zero
CSR fcsr -> 0x00000000
x4 <- 0x00000000


mem[X,0x80001B34] -> 0xA027
mem[X,0x80001B36] -> 0x29F0
[1746] [M]: 0x80001B34 (0x29F0A027) fsw ft11, 640(ra)
mem[0x80009A94] <- 0xFFFF7E00


mem[X,0x80001B38] -> 0xA223
mem[X,0x80001B3A] -> 0x2840
[1747] [M]: 0x80001B38 (0x2840A223) sw tp, 644(ra)
mem[0x80009A98] <- 0x00000000


mem[X,0x80001B3C] -> 0xAF07
mem[X,0x80001B3E] -> 0x6881
[1748] [M]: 0x80001B3C (0x6881AF07) flw ft10, 1672(gp)
mem[R,0x80008698] -> 0x00000400
f30 <- 0xFFFFFFFF00000400


mem[X,0x80001B40] -> 0xAE87
mem[X,0x80001B42] -> 0x68C1
[1749] [M]: 0x80001B40 (0x68C1AE87) flw ft9, 1676(gp)
mem[R,0x8000869C] -> 0x0000FE00
f29 <- 0xFFFFFFFF0000FE00


mem[X,0x80001B44] -> 0x0113
mem[X,0x80001B46] -> 0x0000
[1750] [M]: 0x80001B44 (0x00000113) addi sp, zero, 0
x2 <- 0x00000000


mem[X,0x80001B48] -> 0x1073
mem[X,0x80001B4A] -> 0x0031
[1751] [M]: 0x80001B48 (0x00311073) csrrw zero, fcsr, sp
CSR fcsr -> 0x00000000
CSR fcsr <- 0x00000000 (input: 0x00000000)


mem[X,0x80001B4C] -> 0x7FD3
mem[X,0x80001B4E] -> 0x05DF
[1752] [M]: 0x80001B4C (0x05DF7FD3) fadd.h ft11, ft10, ft9, dyn
f31 <- 0xFFFFFFFFFFFF7E00


mem[X,0x80001B50] -> 0x2273
mem[X,0x80001B52] -> 0x0030
[1753] [M]: 0x80001B50 (0x00302273) csrrs tp, fcsr, zero
CSR fcsr -> 0x00000000
x4 <- 0x00000000


mem[X,0x80001B54] -> 0xA427
mem[X,0x80001B56] -> 0x29F0
[1754] [M]: 0x80001B54 (0x29F0A427) fsw ft11, 648(ra)
mem[0x80009A9C] <- 0xFFFF7E00


mem[X,0x80001B58] -> 0xA623
mem[X,0x80001B5A] -> 0x2840
[1755] [M]: 0x80001B58 (0x2840A623) sw tp, 652(ra)
mem[0x80009AA0] <- 0x00000000


mem[X,0x80001B5C] -> 0xAF07
mem[X,0x80001B5E] -> 0x6901
[1756] [M]: 0x80001B5C (0x6901AF07) flw ft10, 1680(gp)
mem[R,0x800086A0] -> 0x00000400
f30 <- 0xFFFFFFFF00000400


mem[X,0x80001B60] -> 0xAE87
mem[X,0x80001B62] -> 0x6941
[1757] [M]: 0x80001B60 (0x6941AE87) flw ft9, 1684(gp)
mem[R,0x800086A4] -> 0x00007E01
f29 <- 0xFFFFFFFF00007E01


mem[X,0x80001B64] -> 0x0113
mem[X,0x80001B66] -> 0x0000
[1758] [M]: 0x80001B64 (0x00000113) addi sp, zero, 0
x2 <- 0x00000000


mem[X,0x80001B68] -> 0x1073
mem[X,0x80001B6A] -> 0x0031
[1759] [M]: 0x80001B68 (0x00311073) csrrw zero, fcsr, sp
CSR fcsr -> 0x00000000
CSR fcsr <- 0x00000000 (input: 0x00000000)


mem[X,0x80001B6C] -> 0x7FD3
mem[X,0x80001B6E] -> 0x05DF
[1760] [M]: 0x80001B6C (0x05DF7FD3) fadd.h ft11, ft10, ft9, dyn
f31 <- 0xFFFFFFFFFFFF7E00


mem[X,0x80001B70] -> 0x2273
mem[X,0x80001B72] -> 0x0030
[1761] [M]: 0x80001B70 (0x00302273) csrrs tp, fcsr, zero
CSR fcsr -> 0x00000000
x4 <- 0x00000000


mem[X,0x80001B74] -> 0xA827
mem[X,0x80001B76] -> 0x29F0
[1762] [M]: 0x80001B74 (0x29F0A827) fsw ft11, 656(ra)
mem[0x80009AA4] <- 0xFFFF7E00


mem[X,0x80001B78] -> 0xAA23
mem[X,0x80001B7A] -> 0x2840
[1763] [M]: 0x80001B78 (0x2840AA23) sw tp, 660(ra)
mem[0x80009AA8] <- 0x00000000


mem[X,0x80001B7C] -> 0xAF07
mem[X,0x80001B7E] -> 0x6981
[1764] [M]: 0x80001B7C (0x6981AF07) flw ft10, 1688(gp)
mem[R,0x800086A8] -> 0x00000400
f30 <- 0xFFFFFFFF00000400


mem[X,0x80001B80] -> 0xAE87
mem[X,0x80001B82] -> 0x69C1
[1765] [M]: 0x80001B80 (0x69C1AE87) flw ft9, 1692(gp)
mem[R,0x800086AC] -> 0x0000FE55
f29 <- 0xFFFFFFFF0000FE55


mem[X,0x80001B84] -> 0x0113
mem[X,0x80001B86] -> 0x0000
[1766] [M]: 0x80001B84 (0x00000113) addi sp, zero, 0
x2 <- 0x00000000


mem[X,0x80001B88] -> 0x1073
mem[X,0x80001B8A] -> 0x0031
[1767] [M]: 0x80001B88 (0x00311073) csrrw zero, fcsr, sp
CSR fcsr -> 0x00000000
CSR fcsr <- 0x00000000 (input: 0x00000000)


mem[X,0x80001B8C] -> 0x7FD3
mem[X,0x80001B8E] -> 0x05DF
[1768] [M]: 0x80001B8C (0x05DF7FD3) fadd.h ft11, ft10, ft9, dyn
f31 <- 0xFFFFFFFFFFFF7E00


mem[X,0x80001B90] -> 0x2273
mem[X,0x80001B92] -> 0x0030
[1769] [M]: 0x80001B90 (0x00302273) csrrs tp, fcsr, zero
CSR fcsr -> 0x00000000
x4 <- 0x00000000


mem[X,0x80001B94] -> 0xAC27
mem[X,0x80001B96] -> 0x29F0
[1770] [M]: 0x80001B94 (0x29F0AC27) fsw ft11, 664(ra)
mem[0x80009AAC] <- 0xFFFF7E00


mem[X,0x80001B98] -> 0xAE23
mem[X,0x80001B9A] -> 0x2840
[1771] [M]: 0x80001B98 (0x2840AE23) sw tp, 668(ra)
mem[0x80009AB0] <- 0x00000000


mem[X,0x80001B9C] -> 0xAF07
mem[X,0x80001B9E] -> 0x6A01
[1772] [M]: 0x80001B9C (0x6A01AF07) flw ft10, 1696(gp)
mem[R,0x800086B0] -> 0x00000400
f30 <- 0xFFFFFFFF00000400


mem[X,0x80001BA0] -> 0xAE87
mem[X,0x80001BA2] -> 0x6A41
[1773] [M]: 0x80001BA0 (0x6A41AE87) flw ft9, 1700(gp)
mem[R,0x800086B4] -> 0x00007C01
f29 <- 0xFFFFFFFF00007C01


mem[X,0x80001BA4] -> 0x0113
mem[X,0x80001BA6] -> 0x0000
[1774] [M]: 0x80001BA4 (0x00000113) addi sp, zero, 0
x2 <- 0x00000000


mem[X,0x80001BA8] -> 0x1073
mem[X,0x80001BAA] -> 0x0031
[1775] [M]: 0x80001BA8 (0x00311073) csrrw zero, fcsr, sp
CSR fcsr -> 0x00000000
CSR fcsr <- 0x00000000 (input: 0x00000000)


mem[X,0x80001BAC] -> 0x7FD3
mem[X,0x80001BAE] -> 0x05DF
[1776] [M]: 0x80001BAC (0x05DF7FD3) fadd.h ft11, ft10, ft9, dyn
f31 <- 0xFFFFFFFFFFFF7E00


mem[X,0x80001BB0] -> 0x2273
mem[X,0x80001BB2] -> 0x0030
[1777] [M]: 0x80001BB0 (0x00302273) csrrs tp, fcsr, zero
CSR fcsr -> 0x00000000
x4 <- 0x00000000


mem[X,0x80001BB4] -> 0xA027
mem[X,0x80001BB6] -> 0x2BF0
[1778] [M]: 0x80001BB4 (0x2BF0A027) fsw ft11, 672(ra)
mem[0x80009AB4] <- 0xFFFF7E00


mem[X,0x80001BB8] -> 0xA223
mem[X,0x80001BBA] -> 0x2A40
[1779] [M]: 0x80001BB8 (0x2A40A223) sw tp, 676(ra)
mem[0x80009AB8] <- 0x00000000


mem[X,0x80001BBC] -> 0xAF07
mem[X,0x80001BBE] -> 0x6A81
[1780] [M]: 0x80001BBC (0x6A81AF07) flw ft10, 1704(gp)
mem[R,0x800086B8] -> 0x00000400
f30 <- 0xFFFFFFFF00000400


mem[X,0x80001BC0] -> 0xAE87
mem[X,0x80001BC2] -> 0x6AC1
[1781] [M]: 0x80001BC0 (0x6AC1AE87) flw ft9, 1708(gp)
mem[R,0x800086BC] -> 0x0000FD55
f29 <- 0xFFFFFFFF0000FD55


mem[X,0x80001BC4] -> 0x0113
mem[X,0x80001BC6] -> 0x0000
[1782] [M]: 0x80001BC4 (0x00000113) addi sp, zero, 0
x2 <- 0x00000000


mem[X,0x80001BC8] -> 0x1073
mem[X,0x80001BCA] -> 0x0031
[1783] [M]: 0x80001BC8 (0x00311073) csrrw zero, fcsr, sp
CSR fcsr -> 0x00000000
CSR fcsr <- 0x00000000 (input: 0x00000000)


mem[X,0x80001BCC] -> 0x7FD3
mem[X,0x80001BCE] -> 0x05DF
[1784] [M]: 0x80001BCC (0x05DF7FD3) fadd.h ft11, ft10, ft9, dyn
f31 <- 0xFFFFFFFFFFFF7E00


mem[X,0x80001BD0] -> 0x2273
mem[X,0x80001BD2] -> 0x0030
[1785] [M]: 0x80001BD0 (0x00302273) csrrs tp, fcsr, zero
CSR fcsr -> 0x00000000
x4 <- 0x00000000


mem[X,0x80001BD4] -> 0xA427
mem[X,0x80001BD6] -> 0x2BF0
[1786] [M]: 0x80001BD4 (0x2BF0A427) fsw ft11, 680(ra)
mem[0x80009ABC] <- 0xFFFF7E00


mem[X,0x80001BD8] -> 0xA623
mem[X,0x80001BDA] -> 0x2A40
[1787] [M]: 0x80001BD8 (0x2A40A623) sw tp, 684(ra)
mem[0x80009AC0] <- 0x00000000


mem[X,0x80001BDC] -> 0xAF07
mem[X,0x80001BDE] -> 0x6B01
[1788] [M]: 0x80001BDC (0x6B01AF07) flw ft10, 1712(gp)
mem[R,0x800086C0] -> 0x00000400
f30 <- 0xFFFFFFFF00000400


mem[X,0x80001BE0] -> 0xAE87
mem[X,0x80001BE2] -> 0x6B41
[1789] [M]: 0x80001BE0 (0x6B41AE87) flw ft9, 1716(gp)
mem[R,0x800086C4] -> 0x00003C00
f29 <- 0xFFFFFFFF00003C00


mem[X,0x80001BE4] -> 0x0113
mem[X,0x80001BE6] -> 0x0000
[1790] [M]: 0x80001BE4 (0x00000113) addi sp, zero, 0
x2 <- 0x00000000


mem[X,0x80001BE8] -> 0x1073
mem[X,0x80001BEA] -> 0x0031
[1791] [M]: 0x80001BE8 (0x00311073) csrrw zero, fcsr, sp
CSR fcsr -> 0x00000000
CSR fcsr <- 0x00000000 (input: 0x00000000)


mem[X,0x80001BEC] -> 0x7FD3
mem[X,0x80001BEE] -> 0x05DF
[1792] [M]: 0x80001BEC (0x05DF7FD3) fadd.h ft11, ft10, ft9, dyn
f31 <- 0xFFFFFFFFFFFF7E00


mem[X,0x80001BF0] -> 0x2273
mem[X,0x80001BF2] -> 0x0030
[1793] [M]: 0x80001BF0 (0x00302273) csrrs tp, fcsr, zero
CSR fcsr -> 0x00000000
x4 <- 0x00000000


mem[X,0x80001BF4] -> 0xA827
mem[X,0x80001BF6] -> 0x2BF0
[1794] [M]: 0x80001BF4 (0x2BF0A827) fsw ft11, 688(ra)
mem[0x80009AC4] <- 0xFFFF7E00


mem[X,0x80001BF8] -> 0xAA23
mem[X,0x80001BFA] -> 0x2A40
[1795] [M]: 0x80001BF8 (0x2A40AA23) sw tp, 692(ra)
mem[0x80009AC8] <- 0x00000000


mem[X,0x80001BFC] -> 0xAF07
mem[X,0x80001BFE] -> 0x6B81
[1796] [M]: 0x80001BFC (0x6B81AF07) flw ft10, 1720(gp)
mem[R,0x800086C8] -> 0x00000400
f30 <- 0xFFFFFFFF00000400


mem[X,0x80001C00] -> 0xAE87
mem[X,0x80001C02] -> 0x6BC1
[1797] [M]: 0x80001C00 (0x6BC1AE87) flw ft9, 1724(gp)
mem[R,0x800086CC] -> 0x0000BC00
f29 <- 0xFFFFFFFF0000BC00


mem[X,0x80001C04] -> 0x0113
mem[X,0x80001C06] -> 0x0000
[1798] [M]: 0x80001C04 (0x00000113) addi sp, zero, 0
x2 <- 0x00000000


mem[X,0x80001C08] -> 0x1073
mem[X,0x80001C0A] -> 0x0031
[1799] [M]: 0x80001C08 (0x00311073) csrrw zero, fcsr, sp
CSR fcsr -> 0x00000000
CSR fcsr <- 0x00000000 (input: 0x00000000)


clint::tick mtime <- 0x0000000000000012
 clint timer pending at mtime 0x0000000000000012
htif::tick 0x0000000000000000
mem[X,0x80001C0C] -> 0x7FD3
mem[X,0x80001C0E] -> 0x05DF
[1800] [M]: 0x80001C0C (0x05DF7FD3) fadd.h ft11, ft10, ft9, dyn
f31 <- 0xFFFFFFFFFFFF7E00


mem[X,0x80001C10] -> 0x2273
mem[X,0x80001C12] -> 0x0030
[1801] [M]: 0x80001C10 (0x00302273) csrrs tp, fcsr, zero
CSR fcsr -> 0x00000000
x4 <- 0x00000000


mem[X,0x80001C14] -> 0xAC27
mem[X,0x80001C16] -> 0x2BF0
[1802] [M]: 0x80001C14 (0x2BF0AC27) fsw ft11, 696(ra)
mem[0x80009ACC] <- 0xFFFF7E00


mem[X,0x80001C18] -> 0xAE23
mem[X,0x80001C1A] -> 0x2A40
[1803] [M]: 0x80001C18 (0x2A40AE23) sw tp, 700(ra)
mem[0x80009AD0] <- 0x00000000


mem[X,0x80001C1C] -> 0xAF07
mem[X,0x80001C1E] -> 0x6C01
[1804] [M]: 0x80001C1C (0x6C01AF07) flw ft10, 1728(gp)
mem[R,0x800086D0] -> 0x00008400
f30 <- 0xFFFFFFFF00008400


mem[X,0x80001C20] -> 0xAE87
mem[X,0x80001C22] -> 0x6C41
[1805] [M]: 0x80001C20 (0x6C41AE87) flw ft9, 1732(gp)
mem[R,0x800086D4] -> 0x00000000
f29 <- 0xFFFFFFFF00000000


mem[X,0x80001C24] -> 0x0113
mem[X,0x80001C26] -> 0x0000
[1806] [M]: 0x80001C24 (0x00000113) addi sp, zero, 0
x2 <- 0x00000000


mem[X,0x80001C28] -> 0x1073
mem[X,0x80001C2A] -> 0x0031
[1807] [M]: 0x80001C28 (0x00311073) csrrw zero, fcsr, sp
CSR fcsr -> 0x00000000
CSR fcsr <- 0x00000000 (input: 0x00000000)


mem[X,0x80001C2C] -> 0x7FD3
mem[X,0x80001C2E] -> 0x05DF
[1808] [M]: 0x80001C2C (0x05DF7FD3) fadd.h ft11, ft10, ft9, dyn
f31 <- 0xFFFFFFFFFFFF7E00


mem[X,0x80001C30] -> 0x2273
mem[X,0x80001C32] -> 0x0030
[1809] [M]: 0x80001C30 (0x00302273) csrrs tp, fcsr, zero
CSR fcsr -> 0x00000000
x4 <- 0x00000000


mem[X,0x80001C34] -> 0xA027
mem[X,0x80001C36] -> 0x2DF0
[1810] [M]: 0x80001C34 (0x2DF0A027) fsw ft11, 704(ra)
mem[0x80009AD4] <- 0xFFFF7E00


mem[X,0x80001C38] -> 0xA223
mem[X,0x80001C3A] -> 0x2C40
[1811] [M]: 0x80001C38 (0x2C40A223) sw tp, 708(ra)
mem[0x80009AD8] <- 0x00000000


mem[X,0x80001C3C] -> 0xAF07
mem[X,0x80001C3E] -> 0x6C81
[1812] [M]: 0x80001C3C (0x6C81AF07) flw ft10, 1736(gp)
mem[R,0x800086D8] -> 0x00008400
f30 <- 0xFFFFFFFF00008400


mem[X,0x80001C40] -> 0xAE87
mem[X,0x80001C42] -> 0x6CC1
[1813] [M]: 0x80001C40 (0x6CC1AE87) flw ft9, 1740(gp)
mem[R,0x800086DC] -> 0x00008000
f29 <- 0xFFFFFFFF00008000


mem[X,0x80001C44] -> 0x0113
mem[X,0x80001C46] -> 0x0000
[1814] [M]: 0x80001C44 (0x00000113) addi sp, zero, 0
x2 <- 0x00000000


mem[X,0x80001C48] -> 0x1073
mem[X,0x80001C4A] -> 0x0031
[1815] [M]: 0x80001C48 (0x00311073) csrrw zero, fcsr, sp
CSR fcsr -> 0x00000000
CSR fcsr <- 0x00000000 (input: 0x00000000)


mem[X,0x80001C4C] -> 0x7FD3
mem[X,0x80001C4E] -> 0x05DF
[1816] [M]: 0x80001C4C (0x05DF7FD3) fadd.h ft11, ft10, ft9, dyn
f31 <- 0xFFFFFFFFFFFF7E00


mem[X,0x80001C50] -> 0x2273
mem[X,0x80001C52] -> 0x0030
[1817] [M]: 0x80001C50 (0x00302273) csrrs tp, fcsr, zero
CSR fcsr -> 0x00000000
x4 <- 0x00000000


mem[X,0x80001C54] -> 0xA427
mem[X,0x80001C56] -> 0x2DF0
[1818] [M]: 0x80001C54 (0x2DF0A427) fsw ft11, 712(ra)
mem[0x80009ADC] <- 0xFFFF7E00


mem[X,0x80001C58] -> 0xA623
mem[X,0x80001C5A] -> 0x2C40
[1819] [M]: 0x80001C58 (0x2C40A623) sw tp, 716(ra)
mem[0x80009AE0] <- 0x00000000


mem[X,0x80001C5C] -> 0xAF07
mem[X,0x80001C5E] -> 0x6D01
[1820] [M]: 0x80001C5C (0x6D01AF07) flw ft10, 1744(gp)
mem[R,0x800086E0] -> 0x00008400
f30 <- 0xFFFFFFFF00008400


mem[X,0x80001C60] -> 0xAE87
mem[X,0x80001C62] -> 0x6D41
[1821] [M]: 0x80001C60 (0x6D41AE87) flw ft9, 1748(gp)
mem[R,0x800086E4] -> 0x00000001
f29 <- 0xFFFFFFFF00000001


mem[X,0x80001C64] -> 0x0113
mem[X,0x80001C66] -> 0x0000
[1822] [M]: 0x80001C64 (0x00000113) addi sp, zero, 0
x2 <- 0x00000000


mem[X,0x80001C68] -> 0x1073
mem[X,0x80001C6A] -> 0x0031
[1823] [M]: 0x80001C68 (0x00311073) csrrw zero, fcsr, sp
CSR fcsr -> 0x00000000
CSR fcsr <- 0x00000000 (input: 0x00000000)


mem[X,0x80001C6C] -> 0x7FD3
mem[X,0x80001C6E] -> 0x05DF
[1824] [M]: 0x80001C6C (0x05DF7FD3) fadd.h ft11, ft10, ft9, dyn
f31 <- 0xFFFFFFFFFFFF7E00


mem[X,0x80001C70] -> 0x2273
mem[X,0x80001C72] -> 0x0030
[1825] [M]: 0x80001C70 (0x00302273) csrrs tp, fcsr, zero
CSR fcsr -> 0x00000000
x4 <- 0x00000000


mem[X,0x80001C74] -> 0xA827
mem[X,0x80001C76] -> 0x2DF0
[1826] [M]: 0x80001C74 (0x2DF0A827) fsw ft11, 720(ra)
mem[0x80009AE4] <- 0xFFFF7E00


mem[X,0x80001C78] -> 0xAA23
mem[X,0x80001C7A] -> 0x2C40
[1827] [M]: 0x80001C78 (0x2C40AA23) sw tp, 724(ra)
mem[0x80009AE8] <- 0x00000000


mem[X,0x80001C7C] -> 0xAF07
mem[X,0x80001C7E] -> 0x6D81
[1828] [M]: 0x80001C7C (0x6D81AF07) flw ft10, 1752(gp)
mem[R,0x800086E8] -> 0x00008400
f30 <- 0xFFFFFFFF00008400


mem[X,0x80001C80] -> 0xAE87
mem[X,0x80001C82] -> 0x6DC1
[1829] [M]: 0x80001C80 (0x6DC1AE87) flw ft9, 1756(gp)
mem[R,0x800086EC] -> 0x00008001
f29 <- 0xFFFFFFFF00008001


mem[X,0x80001C84] -> 0x0113
mem[X,0x80001C86] -> 0x0000
[1830] [M]: 0x80001C84 (0x00000113) addi sp, zero, 0
x2 <- 0x00000000


mem[X,0x80001C88] -> 0x1073
mem[X,0x80001C8A] -> 0x0031
[1831] [M]: 0x80001C88 (0x00311073) csrrw zero, fcsr, sp
CSR fcsr -> 0x00000000
CSR fcsr <- 0x00000000 (input: 0x00000000)


mem[X,0x80001C8C] -> 0x7FD3
mem[X,0x80001C8E] -> 0x05DF
[1832] [M]: 0x80001C8C (0x05DF7FD3) fadd.h ft11, ft10, ft9, dyn
f31 <- 0xFFFFFFFFFFFF7E00


mem[X,0x80001C90] -> 0x2273
mem[X,0x80001C92] -> 0x0030
[1833] [M]: 0x80001C90 (0x00302273) csrrs tp, fcsr, zero
CSR fcsr -> 0x00000000
x4 <- 0x00000000


mem[X,0x80001C94] -> 0xAC27
mem[X,0x80001C96] -> 0x2DF0
[1834] [M]: 0x80001C94 (0x2DF0AC27) fsw ft11, 728(ra)
mem[0x80009AEC] <- 0xFFFF7E00


mem[X,0x80001C98] -> 0xAE23
mem[X,0x80001C9A] -> 0x2C40
[1835] [M]: 0x80001C98 (0x2C40AE23) sw tp, 732(ra)
mem[0x80009AF0] <- 0x00000000


mem[X,0x80001C9C] -> 0xAF07
mem[X,0x80001C9E] -> 0x6E01
[1836] [M]: 0x80001C9C (0x6E01AF07) flw ft10, 1760(gp)
mem[R,0x800086F0] -> 0x00008400
f30 <- 0xFFFFFFFF00008400


mem[X,0x80001CA0] -> 0xAE87
mem[X,0x80001CA2] -> 0x6E41
[1837] [M]: 0x80001CA0 (0x6E41AE87) flw ft9, 1764(gp)
mem[R,0x800086F4] -> 0x00000002
f29 <- 0xFFFFFFFF00000002


mem[X,0x80001CA4] -> 0x0113
mem[X,0x80001CA6] -> 0x0000
[1838] [M]: 0x80001CA4 (0x00000113) addi sp, zero, 0
x2 <- 0x00000000


mem[X,0x80001CA8] -> 0x1073
mem[X,0x80001CAA] -> 0x0031
[1839] [M]: 0x80001CA8 (0x00311073) csrrw zero, fcsr, sp
CSR fcsr -> 0x00000000
CSR fcsr <- 0x00000000 (input: 0x00000000)


mem[X,0x80001CAC] -> 0x7FD3
mem[X,0x80001CAE] -> 0x05DF
[1840] [M]: 0x80001CAC (0x05DF7FD3) fadd.h ft11, ft10, ft9, dyn
f31 <- 0xFFFFFFFFFFFF7E00


mem[X,0x80001CB0] -> 0x2273
mem[X,0x80001CB2] -> 0x0030
[1841] [M]: 0x80001CB0 (0x00302273) csrrs tp, fcsr, zero
CSR fcsr -> 0x00000000
x4 <- 0x00000000


mem[X,0x80001CB4] -> 0xA027
mem[X,0x80001CB6] -> 0x2FF0
[1842] [M]: 0x80001CB4 (0x2FF0A027) fsw ft11, 736(ra)
mem[0x80009AF4] <- 0xFFFF7E00


mem[X,0x80001CB8] -> 0xA223
mem[X,0x80001CBA] -> 0x2E40
[1843] [M]: 0x80001CB8 (0x2E40A223) sw tp, 740(ra)
mem[0x80009AF8] <- 0x00000000


mem[X,0x80001CBC] -> 0xAF07
mem[X,0x80001CBE] -> 0x6E81
[1844] [M]: 0x80001CBC (0x6E81AF07) flw ft10, 1768(gp)
mem[R,0x800086F8] -> 0x00008400
f30 <- 0xFFFFFFFF00008400


mem[X,0x80001CC0] -> 0xAE87
mem[X,0x80001CC2] -> 0x6EC1
[1845] [M]: 0x80001CC0 (0x6EC1AE87) flw ft9, 1772(gp)
mem[R,0x800086FC] -> 0x000083FE
f29 <- 0xFFFFFFFF000083FE


mem[X,0x80001CC4] -> 0x0113
mem[X,0x80001CC6] -> 0x0000
[1846] [M]: 0x80001CC4 (0x00000113) addi sp, zero, 0
x2 <- 0x00000000


mem[X,0x80001CC8] -> 0x1073
mem[X,0x80001CCA] -> 0x0031
[1847] [M]: 0x80001CC8 (0x00311073) csrrw zero, fcsr, sp
CSR fcsr -> 0x00000000
CSR fcsr <- 0x00000000 (input: 0x00000000)


mem[X,0x80001CCC] -> 0x7FD3
mem[X,0x80001CCE] -> 0x05DF
[1848] [M]: 0x80001CCC (0x05DF7FD3) fadd.h ft11, ft10, ft9, dyn
f31 <- 0xFFFFFFFFFFFF7E00


mem[X,0x80001CD0] -> 0x2273
mem[X,0x80001CD2] -> 0x0030
[1849] [M]: 0x80001CD0 (0x00302273) csrrs tp, fcsr, zero
CSR fcsr -> 0x00000000
x4 <- 0x00000000


mem[X,0x80001CD4] -> 0xA427
mem[X,0x80001CD6] -> 0x2FF0
[1850] [M]: 0x80001CD4 (0x2FF0A427) fsw ft11, 744(ra)
mem[0x80009AFC] <- 0xFFFF7E00


mem[X,0x80001CD8] -> 0xA623
mem[X,0x80001CDA] -> 0x2E40
[1851] [M]: 0x80001CD8 (0x2E40A623) sw tp, 748(ra)
mem[0x80009B00] <- 0x00000000


mem[X,0x80001CDC] -> 0xAF07
mem[X,0x80001CDE] -> 0x6F01
[1852] [M]: 0x80001CDC (0x6F01AF07) flw ft10, 1776(gp)
mem[R,0x80008700] -> 0x00008400
f30 <- 0xFFFFFFFF00008400


mem[X,0x80001CE0] -> 0xAE87
mem[X,0x80001CE2] -> 0x6F41
[1853] [M]: 0x80001CE0 (0x6F41AE87) flw ft9, 1780(gp)
mem[R,0x80008704] -> 0x000003FF
f29 <- 0xFFFFFFFF000003FF


mem[X,0x80001CE4] -> 0x0113
mem[X,0x80001CE6] -> 0x0000
[1854] [M]: 0x80001CE4 (0x00000113) addi sp, zero, 0
x2 <- 0x00000000


mem[X,0x80001CE8] -> 0x1073
mem[X,0x80001CEA] -> 0x0031
[1855] [M]: 0x80001CE8 (0x00311073) csrrw zero, fcsr, sp
CSR fcsr -> 0x00000000
CSR fcsr <- 0x00000000 (input: 0x00000000)


mem[X,0x80001CEC] -> 0x7FD3
mem[X,0x80001CEE] -> 0x05DF
[1856] [M]: 0x80001CEC (0x05DF7FD3) fadd.h ft11, ft10, ft9, dyn
f31 <- 0xFFFFFFFFFFFF7E00


mem[X,0x80001CF0] -> 0x2273
mem[X,0x80001CF2] -> 0x0030
[1857] [M]: 0x80001CF0 (0x00302273) csrrs tp, fcsr, zero
CSR fcsr -> 0x00000000
x4 <- 0x00000000


mem[X,0x80001CF4] -> 0xA827
mem[X,0x80001CF6] -> 0x2FF0
[1858] [M]: 0x80001CF4 (0x2FF0A827) fsw ft11, 752(ra)
mem[0x80009B04] <- 0xFFFF7E00


mem[X,0x80001CF8] -> 0xAA23
mem[X,0x80001CFA] -> 0x2E40
[1859] [M]: 0x80001CF8 (0x2E40AA23) sw tp, 756(ra)
mem[0x80009B08] <- 0x00000000


mem[X,0x80001CFC] -> 0xAF07
mem[X,0x80001CFE] -> 0x6F81
[1860] [M]: 0x80001CFC (0x6F81AF07) flw ft10, 1784(gp)
mem[R,0x80008708] -> 0x00008400
f30 <- 0xFFFFFFFF00008400


mem[X,0x80001D00] -> 0xAE87
mem[X,0x80001D02] -> 0x6FC1
[1861] [M]: 0x80001D00 (0x6FC1AE87) flw ft9, 1788(gp)
mem[R,0x8000870C] -> 0x000083FF
f29 <- 0xFFFFFFFF000083FF


mem[X,0x80001D04] -> 0x0113
mem[X,0x80001D06] -> 0x0000
[1862] [M]: 0x80001D04 (0x00000113) addi sp, zero, 0
x2 <- 0x00000000


mem[X,0x80001D08] -> 0x1073
mem[X,0x80001D0A] -> 0x0031
[1863] [M]: 0x80001D08 (0x00311073) csrrw zero, fcsr, sp
CSR fcsr -> 0x00000000
CSR fcsr <- 0x00000000 (input: 0x00000000)


mem[X,0x80001D0C] -> 0x7FD3
mem[X,0x80001D0E] -> 0x05DF
[1864] [M]: 0x80001D0C (0x05DF7FD3) fadd.h ft11, ft10, ft9, dyn
f31 <- 0xFFFFFFFFFFFF7E00


mem[X,0x80001D10] -> 0x2273
mem[X,0x80001D12] -> 0x0030
[1865] [M]: 0x80001D10 (0x00302273) csrrs tp, fcsr, zero
CSR fcsr -> 0x00000000
x4 <- 0x00000000


mem[X,0x80001D14] -> 0xAC27
mem[X,0x80001D16] -> 0x2FF0
[1866] [M]: 0x80001D14 (0x2FF0AC27) fsw ft11, 760(ra)
mem[0x80009B0C] <- 0xFFFF7E00


mem[X,0x80001D18] -> 0xAE23
mem[X,0x80001D1A] -> 0x2E40
[1867] [M]: 0x80001D18 (0x2E40AE23) sw tp, 764(ra)
mem[0x80009B10] <- 0x00000000


mem[X,0x80001D1C] -> 0xAF07
mem[X,0x80001D1E] -> 0x7001
[1868] [M]: 0x80001D1C (0x7001AF07) flw ft10, 1792(gp)
mem[R,0x80008710] -> 0x00008400
f30 <- 0xFFFFFFFF00008400


mem[X,0x80001D20] -> 0xAE87
mem[X,0x80001D22] -> 0x7041
[1869] [M]: 0x80001D20 (0x7041AE87) flw ft9, 1796(gp)
mem[R,0x80008714] -> 0x00000400
f29 <- 0xFFFFFFFF00000400


mem[X,0x80001D24] -> 0x0113
mem[X,0x80001D26] -> 0x0000
[1870] [M]: 0x80001D24 (0x00000113) addi sp, zero, 0
x2 <- 0x00000000


mem[X,0x80001D28] -> 0x1073
mem[X,0x80001D2A] -> 0x0031
[1871] [M]: 0x80001D28 (0x00311073) csrrw zero, fcsr, sp
CSR fcsr -> 0x00000000
CSR fcsr <- 0x00000000 (input: 0x00000000)


mem[X,0x80001D2C] -> 0x7FD3
mem[X,0x80001D2E] -> 0x05DF
[1872] [M]: 0x80001D2C (0x05DF7FD3) fadd.h ft11, ft10, ft9, dyn
f31 <- 0xFFFFFFFFFFFF7E00


mem[X,0x80001D30] -> 0x2273
mem[X,0x80001D32] -> 0x0030
[1873] [M]: 0x80001D30 (0x00302273) csrrs tp, fcsr, zero
CSR fcsr -> 0x00000000
x4 <- 0x00000000


mem[X,0x80001D34] -> 0xA027
mem[X,0x80001D36] -> 0x31F0
[1874] [M]: 0x80001D34 (0x31F0A027) fsw ft11, 768(ra)
mem[0x80009B14] <- 0xFFFF7E00


mem[X,0x80001D38] -> 0xA223
mem[X,0x80001D3A] -> 0x3040
[1875] [M]: 0x80001D38 (0x3040A223) sw tp, 772(ra)
mem[0x80009B18] <- 0x00000000


mem[X,0x80001D3C] -> 0xAF07
mem[X,0x80001D3E] -> 0x7081
[1876] [M]: 0x80001D3C (0x7081AF07) flw ft10, 1800(gp)
mem[R,0x80008718] -> 0x00008400
f30 <- 0xFFFFFFFF00008400


mem[X,0x80001D40] -> 0xAE87
mem[X,0x80001D42] -> 0x70C1
[1877] [M]: 0x80001D40 (0x70C1AE87) flw ft9, 1804(gp)
mem[R,0x8000871C] -> 0x00008400
f29 <- 0xFFFFFFFF00008400


mem[X,0x80001D44] -> 0x0113
mem[X,0x80001D46] -> 0x0000
[1878] [M]: 0x80001D44 (0x00000113) addi sp, zero, 0
x2 <- 0x00000000


mem[X,0x80001D48] -> 0x1073
mem[X,0x80001D4A] -> 0x0031
[1879] [M]: 0x80001D48 (0x00311073) csrrw zero, fcsr, sp
CSR fcsr -> 0x00000000
CSR fcsr <- 0x00000000 (input: 0x00000000)


mem[X,0x80001D4C] -> 0x7FD3
mem[X,0x80001D4E] -> 0x05DF
[1880] [M]: 0x80001D4C (0x05DF7FD3) fadd.h ft11, ft10, ft9, dyn
f31 <- 0xFFFFFFFFFFFF7E00


mem[X,0x80001D50] -> 0x2273
mem[X,0x80001D52] -> 0x0030
[1881] [M]: 0x80001D50 (0x00302273) csrrs tp, fcsr, zero
CSR fcsr -> 0x00000000
x4 <- 0x00000000


mem[X,0x80001D54] -> 0xA427
mem[X,0x80001D56] -> 0x31F0
[1882] [M]: 0x80001D54 (0x31F0A427) fsw ft11, 776(ra)
mem[0x80009B1C] <- 0xFFFF7E00


mem[X,0x80001D58] -> 0xA623
mem[X,0x80001D5A] -> 0x3040
[1883] [M]: 0x80001D58 (0x3040A623) sw tp, 780(ra)
mem[0x80009B20] <- 0x00000000


mem[X,0x80001D5C] -> 0xAF07
mem[X,0x80001D5E] -> 0x7101
[1884] [M]: 0x80001D5C (0x7101AF07) flw ft10, 1808(gp)
mem[R,0x80008720] -> 0x00008400
f30 <- 0xFFFFFFFF00008400


mem[X,0x80001D60] -> 0xAE87
mem[X,0x80001D62] -> 0x7141
[1885] [M]: 0x80001D60 (0x7141AE87) flw ft9, 1812(gp)
mem[R,0x80008724] -> 0x00000401
f29 <- 0xFFFFFFFF00000401


mem[X,0x80001D64] -> 0x0113
mem[X,0x80001D66] -> 0x0000
[1886] [M]: 0x80001D64 (0x00000113) addi sp, zero, 0
x2 <- 0x00000000


mem[X,0x80001D68] -> 0x1073
mem[X,0x80001D6A] -> 0x0031
[1887] [M]: 0x80001D68 (0x00311073) csrrw zero, fcsr, sp
CSR fcsr -> 0x00000000
CSR fcsr <- 0x00000000 (input: 0x00000000)


mem[X,0x80001D6C] -> 0x7FD3
mem[X,0x80001D6E] -> 0x05DF
[1888] [M]: 0x80001D6C (0x05DF7FD3) fadd.h ft11, ft10, ft9, dyn
f31 <- 0xFFFFFFFFFFFF7E00


mem[X,0x80001D70] -> 0x2273
mem[X,0x80001D72] -> 0x0030
[1889] [M]: 0x80001D70 (0x00302273) csrrs tp, fcsr, zero
CSR fcsr -> 0x00000000
x4 <- 0x00000000


mem[X,0x80001D74] -> 0xA827
mem[X,0x80001D76] -> 0x31F0
[1890] [M]: 0x80001D74 (0x31F0A827) fsw ft11, 784(ra)
mem[0x80009B24] <- 0xFFFF7E00


mem[X,0x80001D78] -> 0xAA23
mem[X,0x80001D7A] -> 0x3040
[1891] [M]: 0x80001D78 (0x3040AA23) sw tp, 788(ra)
mem[0x80009B28] <- 0x00000000


mem[X,0x80001D7C] -> 0xAF07
mem[X,0x80001D7E] -> 0x7181
[1892] [M]: 0x80001D7C (0x7181AF07) flw ft10, 1816(gp)
mem[R,0x80008728] -> 0x00008400
f30 <- 0xFFFFFFFF00008400


mem[X,0x80001D80] -> 0xAE87
mem[X,0x80001D82] -> 0x71C1
[1893] [M]: 0x80001D80 (0x71C1AE87) flw ft9, 1820(gp)
mem[R,0x8000872C] -> 0x00008455
f29 <- 0xFFFFFFFF00008455


mem[X,0x80001D84] -> 0x0113
mem[X,0x80001D86] -> 0x0000
[1894] [M]: 0x80001D84 (0x00000113) addi sp, zero, 0
x2 <- 0x00000000


mem[X,0x80001D88] -> 0x1073
mem[X,0x80001D8A] -> 0x0031
[1895] [M]: 0x80001D88 (0x00311073) csrrw zero, fcsr, sp
CSR fcsr -> 0x00000000
CSR fcsr <- 0x00000000 (input: 0x00000000)


mem[X,0x80001D8C] -> 0x7FD3
mem[X,0x80001D8E] -> 0x05DF
[1896] [M]: 0x80001D8C (0x05DF7FD3) fadd.h ft11, ft10, ft9, dyn
f31 <- 0xFFFFFFFFFFFF7E00


mem[X,0x80001D90] -> 0x2273
mem[X,0x80001D92] -> 0x0030
[1897] [M]: 0x80001D90 (0x00302273) csrrs tp, fcsr, zero
CSR fcsr -> 0x00000000
x4 <- 0x00000000


mem[X,0x80001D94] -> 0xAC27
mem[X,0x80001D96] -> 0x31F0
[1898] [M]: 0x80001D94 (0x31F0AC27) fsw ft11, 792(ra)
mem[0x80009B2C] <- 0xFFFF7E00


mem[X,0x80001D98] -> 0xAE23
mem[X,0x80001D9A] -> 0x3040
[1899] [M]: 0x80001D98 (0x3040AE23) sw tp, 796(ra)
mem[0x80009B30] <- 0x00000000


clint::tick mtime <- 0x0000000000000013
 clint timer pending at mtime 0x0000000000000013
htif::tick 0x0000000000000000
mem[X,0x80001D9C] -> 0xAF07
mem[X,0x80001D9E] -> 0x7201
[1900] [M]: 0x80001D9C (0x7201AF07) flw ft10, 1824(gp)
mem[R,0x80008730] -> 0x00008400
f30 <- 0xFFFFFFFF00008400


mem[X,0x80001DA0] -> 0xAE87
mem[X,0x80001DA2] -> 0x7241
[1901] [M]: 0x80001DA0 (0x7241AE87) flw ft9, 1828(gp)
mem[R,0x80008734] -> 0x00007BFF
f29 <- 0xFFFFFFFF00007BFF


mem[X,0x80001DA4] -> 0x0113
mem[X,0x80001DA6] -> 0x0000
[1902] [M]: 0x80001DA4 (0x00000113) addi sp, zero, 0
x2 <- 0x00000000


mem[X,0x80001DA8] -> 0x1073
mem[X,0x80001DAA] -> 0x0031
[1903] [M]: 0x80001DA8 (0x00311073) csrrw zero, fcsr, sp
CSR fcsr -> 0x00000000
CSR fcsr <- 0x00000000 (input: 0x00000000)


mem[X,0x80001DAC] -> 0x7FD3
mem[X,0x80001DAE] -> 0x05DF
[1904] [M]: 0x80001DAC (0x05DF7FD3) fadd.h ft11, ft10, ft9, dyn
f31 <- 0xFFFFFFFFFFFF7E00


mem[X,0x80001DB0] -> 0x2273
mem[X,0x80001DB2] -> 0x0030
[1905] [M]: 0x80001DB0 (0x00302273) csrrs tp, fcsr, zero
CSR fcsr -> 0x00000000
x4 <- 0x00000000


mem[X,0x80001DB4] -> 0xA027
mem[X,0x80001DB6] -> 0x33F0
[1906] [M]: 0x80001DB4 (0x33F0A027) fsw ft11, 800(ra)
mem[0x80009B34] <- 0xFFFF7E00


mem[X,0x80001DB8] -> 0xA223
mem[X,0x80001DBA] -> 0x3240
[1907] [M]: 0x80001DB8 (0x3240A223) sw tp, 804(ra)
mem[0x80009B38] <- 0x00000000


mem[X,0x80001DBC] -> 0xAF07
mem[X,0x80001DBE] -> 0x7281
[1908] [M]: 0x80001DBC (0x7281AF07) flw ft10, 1832(gp)
mem[R,0x80008738] -> 0x00008400
f30 <- 0xFFFFFFFF00008400


mem[X,0x80001DC0] -> 0xAE87
mem[X,0x80001DC2] -> 0x72C1
[1909] [M]: 0x80001DC0 (0x72C1AE87) flw ft9, 1836(gp)
mem[R,0x8000873C] -> 0x0000FBFF
f29 <- 0xFFFFFFFF0000FBFF


mem[X,0x80001DC4] -> 0x0113
mem[X,0x80001DC6] -> 0x0000
[1910] [M]: 0x80001DC4 (0x00000113) addi sp, zero, 0
x2 <- 0x00000000


mem[X,0x80001DC8] -> 0x1073
mem[X,0x80001DCA] -> 0x0031
[1911] [M]: 0x80001DC8 (0x00311073) csrrw zero, fcsr, sp
CSR fcsr -> 0x00000000
CSR fcsr <- 0x00000000 (input: 0x00000000)


mem[X,0x80001DCC] -> 0x7FD3
mem[X,0x80001DCE] -> 0x05DF
[1912] [M]: 0x80001DCC (0x05DF7FD3) fadd.h ft11, ft10, ft9, dyn
f31 <- 0xFFFFFFFFFFFF7E00


mem[X,0x80001DD0] -> 0x2273
mem[X,0x80001DD2] -> 0x0030
[1913] [M]: 0x80001DD0 (0x00302273) csrrs tp, fcsr, zero
CSR fcsr -> 0x00000000
x4 <- 0x00000000


mem[X,0x80001DD4] -> 0xA427
mem[X,0x80001DD6] -> 0x33F0
[1914] [M]: 0x80001DD4 (0x33F0A427) fsw ft11, 808(ra)
mem[0x80009B3C] <- 0xFFFF7E00


mem[X,0x80001DD8] -> 0xA623
mem[X,0x80001DDA] -> 0x3240
[1915] [M]: 0x80001DD8 (0x3240A623) sw tp, 812(ra)
mem[0x80009B40] <- 0x00000000


mem[X,0x80001DDC] -> 0xAF07
mem[X,0x80001DDE] -> 0x7301
[1916] [M]: 0x80001DDC (0x7301AF07) flw ft10, 1840(gp)
mem[R,0x80008740] -> 0x00008400
f30 <- 0xFFFFFFFF00008400


mem[X,0x80001DE0] -> 0xAE87
mem[X,0x80001DE2] -> 0x7341
[1917] [M]: 0x80001DE0 (0x7341AE87) flw ft9, 1844(gp)
mem[R,0x80008744] -> 0x00007C00
f29 <- 0xFFFFFFFF00007C00


mem[X,0x80001DE4] -> 0x0113
mem[X,0x80001DE6] -> 0x0000
[1918] [M]: 0x80001DE4 (0x00000113) addi sp, zero, 0
x2 <- 0x00000000


mem[X,0x80001DE8] -> 0x1073
mem[X,0x80001DEA] -> 0x0031
[1919] [M]: 0x80001DE8 (0x00311073) csrrw zero, fcsr, sp
CSR fcsr -> 0x00000000
CSR fcsr <- 0x00000000 (input: 0x00000000)


mem[X,0x80001DEC] -> 0x7FD3
mem[X,0x80001DEE] -> 0x05DF
[1920] [M]: 0x80001DEC (0x05DF7FD3) fadd.h ft11, ft10, ft9, dyn
f31 <- 0xFFFFFFFFFFFF7E00


mem[X,0x80001DF0] -> 0x2273
mem[X,0x80001DF2] -> 0x0030
[1921] [M]: 0x80001DF0 (0x00302273) csrrs tp, fcsr, zero
CSR fcsr -> 0x00000000
x4 <- 0x00000000


mem[X,0x80001DF4] -> 0xA827
mem[X,0x80001DF6] -> 0x33F0
[1922] [M]: 0x80001DF4 (0x33F0A827) fsw ft11, 816(ra)
mem[0x80009B44] <- 0xFFFF7E00


mem[X,0x80001DF8] -> 0xAA23
mem[X,0x80001DFA] -> 0x3240
[1923] [M]: 0x80001DF8 (0x3240AA23) sw tp, 820(ra)
mem[0x80009B48] <- 0x00000000


mem[X,0x80001DFC] -> 0xAF07
mem[X,0x80001DFE] -> 0x7381
[1924] [M]: 0x80001DFC (0x7381AF07) flw ft10, 1848(gp)
mem[R,0x80008748] -> 0x00008400
f30 <- 0xFFFFFFFF00008400


mem[X,0x80001E00] -> 0xAE87
mem[X,0x80001E02] -> 0x73C1
[1925] [M]: 0x80001E00 (0x73C1AE87) flw ft9, 1852(gp)
mem[R,0x8000874C] -> 0x0000FC00
f29 <- 0xFFFFFFFF0000FC00


mem[X,0x80001E04] -> 0x0113
mem[X,0x80001E06] -> 0x0000
[1926] [M]: 0x80001E04 (0x00000113) addi sp, zero, 0
x2 <- 0x00000000


mem[X,0x80001E08] -> 0x1073
mem[X,0x80001E0A] -> 0x0031
[1927] [M]: 0x80001E08 (0x00311073) csrrw zero, fcsr, sp
CSR fcsr -> 0x00000000
CSR fcsr <- 0x00000000 (input: 0x00000000)


mem[X,0x80001E0C] -> 0x7FD3
mem[X,0x80001E0E] -> 0x05DF
[1928] [M]: 0x80001E0C (0x05DF7FD3) fadd.h ft11, ft10, ft9, dyn
f31 <- 0xFFFFFFFFFFFF7E00


mem[X,0x80001E10] -> 0x2273
mem[X,0x80001E12] -> 0x0030
[1929] [M]: 0x80001E10 (0x00302273) csrrs tp, fcsr, zero
CSR fcsr -> 0x00000000
x4 <- 0x00000000


mem[X,0x80001E14] -> 0xAC27
mem[X,0x80001E16] -> 0x33F0
[1930] [M]: 0x80001E14 (0x33F0AC27) fsw ft11, 824(ra)
mem[0x80009B4C] <- 0xFFFF7E00


mem[X,0x80001E18] -> 0xAE23
mem[X,0x80001E1A] -> 0x3240
[1931] [M]: 0x80001E18 (0x3240AE23) sw tp, 828(ra)
mem[0x80009B50] <- 0x00000000


mem[X,0x80001E1C] -> 0xAF07
mem[X,0x80001E1E] -> 0x7401
[1932] [M]: 0x80001E1C (0x7401AF07) flw ft10, 1856(gp)
mem[R,0x80008750] -> 0x00008400
f30 <- 0xFFFFFFFF00008400


mem[X,0x80001E20] -> 0xAE87
mem[X,0x80001E22] -> 0x7441
[1933] [M]: 0x80001E20 (0x7441AE87) flw ft9, 1860(gp)
mem[R,0x80008754] -> 0x00007E00
f29 <- 0xFFFFFFFF00007E00


mem[X,0x80001E24] -> 0x0113
mem[X,0x80001E26] -> 0x0000
[1934] [M]: 0x80001E24 (0x00000113) addi sp, zero, 0
x2 <- 0x00000000


mem[X,0x80001E28] -> 0x1073
mem[X,0x80001E2A] -> 0x0031
[1935] [M]: 0x80001E28 (0x00311073) csrrw zero, fcsr, sp
CSR fcsr -> 0x00000000
CSR fcsr <- 0x00000000 (input: 0x00000000)


mem[X,0x80001E2C] -> 0x7FD3
mem[X,0x80001E2E] -> 0x05DF
[1936] [M]: 0x80001E2C (0x05DF7FD3) fadd.h ft11, ft10, ft9, dyn
f31 <- 0xFFFFFFFFFFFF7E00


mem[X,0x80001E30] -> 0x2273
mem[X,0x80001E32] -> 0x0030
[1937] [M]: 0x80001E30 (0x00302273) csrrs tp, fcsr, zero
CSR fcsr -> 0x00000000
x4 <- 0x00000000


mem[X,0x80001E34] -> 0xA027
mem[X,0x80001E36] -> 0x35F0
[1938] [M]: 0x80001E34 (0x35F0A027) fsw ft11, 832(ra)
mem[0x80009B54] <- 0xFFFF7E00


mem[X,0x80001E38] -> 0xA223
mem[X,0x80001E3A] -> 0x3440
[1939] [M]: 0x80001E38 (0x3440A223) sw tp, 836(ra)
mem[0x80009B58] <- 0x00000000


mem[X,0x80001E3C] -> 0xAF07
mem[X,0x80001E3E] -> 0x7481
[1940] [M]: 0x80001E3C (0x7481AF07) flw ft10, 1864(gp)
mem[R,0x80008758] -> 0x00008400
f30 <- 0xFFFFFFFF00008400


mem[X,0x80001E40] -> 0xAE87
mem[X,0x80001E42] -> 0x74C1
[1941] [M]: 0x80001E40 (0x74C1AE87) flw ft9, 1868(gp)
mem[R,0x8000875C] -> 0x0000FE00
f29 <- 0xFFFFFFFF0000FE00


mem[X,0x80001E44] -> 0x0113
mem[X,0x80001E46] -> 0x0000
[1942] [M]: 0x80001E44 (0x00000113) addi sp, zero, 0
x2 <- 0x00000000


mem[X,0x80001E48] -> 0x1073
mem[X,0x80001E4A] -> 0x0031
[1943] [M]: 0x80001E48 (0x00311073) csrrw zero, fcsr, sp
CSR fcsr -> 0x00000000
CSR fcsr <- 0x00000000 (input: 0x00000000)


mem[X,0x80001E4C] -> 0x7FD3
mem[X,0x80001E4E] -> 0x05DF
[1944] [M]: 0x80001E4C (0x05DF7FD3) fadd.h ft11, ft10, ft9, dyn
f31 <- 0xFFFFFFFFFFFF7E00


mem[X,0x80001E50] -> 0x2273
mem[X,0x80001E52] -> 0x0030
[1945] [M]: 0x80001E50 (0x00302273) csrrs tp, fcsr, zero
CSR fcsr -> 0x00000000
x4 <- 0x00000000


mem[X,0x80001E54] -> 0xA427
mem[X,0x80001E56] -> 0x35F0
[1946] [M]: 0x80001E54 (0x35F0A427) fsw ft11, 840(ra)
mem[0x80009B5C] <- 0xFFFF7E00


mem[X,0x80001E58] -> 0xA623
mem[X,0x80001E5A] -> 0x3440
[1947] [M]: 0x80001E58 (0x3440A623) sw tp, 844(ra)
mem[0x80009B60] <- 0x00000000


mem[X,0x80001E5C] -> 0xAF07
mem[X,0x80001E5E] -> 0x7501
[1948] [M]: 0x80001E5C (0x7501AF07) flw ft10, 1872(gp)
mem[R,0x80008760] -> 0x00008400
f30 <- 0xFFFFFFFF00008400


mem[X,0x80001E60] -> 0xAE87
mem[X,0x80001E62] -> 0x7541
[1949] [M]: 0x80001E60 (0x7541AE87) flw ft9, 1876(gp)
mem[R,0x80008764] -> 0x00007E01
f29 <- 0xFFFFFFFF00007E01


mem[X,0x80001E64] -> 0x0113
mem[X,0x80001E66] -> 0x0000
[1950] [M]: 0x80001E64 (0x00000113) addi sp, zero, 0
x2 <- 0x00000000


mem[X,0x80001E68] -> 0x1073
mem[X,0x80001E6A] -> 0x0031
[1951] [M]: 0x80001E68 (0x00311073) csrrw zero, fcsr, sp
CSR fcsr -> 0x00000000
CSR fcsr <- 0x00000000 (input: 0x00000000)


mem[X,0x80001E6C] -> 0x7FD3
mem[X,0x80001E6E] -> 0x05DF
[1952] [M]: 0x80001E6C (0x05DF7FD3) fadd.h ft11, ft10, ft9, dyn
f31 <- 0xFFFFFFFFFFFF7E00


mem[X,0x80001E70] -> 0x2273
mem[X,0x80001E72] -> 0x0030
[1953] [M]: 0x80001E70 (0x00302273) csrrs tp, fcsr, zero
CSR fcsr -> 0x00000000
x4 <- 0x00000000


mem[X,0x80001E74] -> 0xA827
mem[X,0x80001E76] -> 0x35F0
[1954] [M]: 0x80001E74 (0x35F0A827) fsw ft11, 848(ra)
mem[0x80009B64] <- 0xFFFF7E00


mem[X,0x80001E78] -> 0xAA23
mem[X,0x80001E7A] -> 0x3440
[1955] [M]: 0x80001E78 (0x3440AA23) sw tp, 852(ra)
mem[0x80009B68] <- 0x00000000


mem[X,0x80001E7C] -> 0xAF07
mem[X,0x80001E7E] -> 0x7581
[1956] [M]: 0x80001E7C (0x7581AF07) flw ft10, 1880(gp)
mem[R,0x80008768] -> 0x00008400
f30 <- 0xFFFFFFFF00008400


mem[X,0x80001E80] -> 0xAE87
mem[X,0x80001E82] -> 0x75C1
[1957] [M]: 0x80001E80 (0x75C1AE87) flw ft9, 1884(gp)
mem[R,0x8000876C] -> 0x0000FE55
f29 <- 0xFFFFFFFF0000FE55


mem[X,0x80001E84] -> 0x0113
mem[X,0x80001E86] -> 0x0000
[1958] [M]: 0x80001E84 (0x00000113) addi sp, zero, 0
x2 <- 0x00000000


mem[X,0x80001E88] -> 0x1073
mem[X,0x80001E8A] -> 0x0031
[1959] [M]: 0x80001E88 (0x00311073) csrrw zero, fcsr, sp
CSR fcsr -> 0x00000000
CSR fcsr <- 0x00000000 (input: 0x00000000)


mem[X,0x80001E8C] -> 0x7FD3
mem[X,0x80001E8E] -> 0x05DF
[1960] [M]: 0x80001E8C (0x05DF7FD3) fadd.h ft11, ft10, ft9, dyn
f31 <- 0xFFFFFFFFFFFF7E00


mem[X,0x80001E90] -> 0x2273
mem[X,0x80001E92] -> 0x0030
[1961] [M]: 0x80001E90 (0x00302273) csrrs tp, fcsr, zero
CSR fcsr -> 0x00000000
x4 <- 0x00000000


mem[X,0x80001E94] -> 0xAC27
mem[X,0x80001E96] -> 0x35F0
[1962] [M]: 0x80001E94 (0x35F0AC27) fsw ft11, 856(ra)
mem[0x80009B6C] <- 0xFFFF7E00


mem[X,0x80001E98] -> 0xAE23
mem[X,0x80001E9A] -> 0x3440
[1963] [M]: 0x80001E98 (0x3440AE23) sw tp, 860(ra)
mem[0x80009B70] <- 0x00000000


mem[X,0x80001E9C] -> 0xAF07
mem[X,0x80001E9E] -> 0x7601
[1964] [M]: 0x80001E9C (0x7601AF07) flw ft10, 1888(gp)
mem[R,0x80008770] -> 0x00008400
f30 <- 0xFFFFFFFF00008400


mem[X,0x80001EA0] -> 0xAE87
mem[X,0x80001EA2] -> 0x7641
[1965] [M]: 0x80001EA0 (0x7641AE87) flw ft9, 1892(gp)
mem[R,0x80008774] -> 0x00007C01
f29 <- 0xFFFFFFFF00007C01


mem[X,0x80001EA4] -> 0x0113
mem[X,0x80001EA6] -> 0x0000
[1966] [M]: 0x80001EA4 (0x00000113) addi sp, zero, 0
x2 <- 0x00000000


mem[X,0x80001EA8] -> 0x1073
mem[X,0x80001EAA] -> 0x0031
[1967] [M]: 0x80001EA8 (0x00311073) csrrw zero, fcsr, sp
CSR fcsr -> 0x00000000
CSR fcsr <- 0x00000000 (input: 0x00000000)


mem[X,0x80001EAC] -> 0x7FD3
mem[X,0x80001EAE] -> 0x05DF
[1968] [M]: 0x80001EAC (0x05DF7FD3) fadd.h ft11, ft10, ft9, dyn
f31 <- 0xFFFFFFFFFFFF7E00


mem[X,0x80001EB0] -> 0x2273
mem[X,0x80001EB2] -> 0x0030
[1969] [M]: 0x80001EB0 (0x00302273) csrrs tp, fcsr, zero
CSR fcsr -> 0x00000000
x4 <- 0x00000000


mem[X,0x80001EB4] -> 0xA027
mem[X,0x80001EB6] -> 0x37F0
[1970] [M]: 0x80001EB4 (0x37F0A027) fsw ft11, 864(ra)
mem[0x80009B74] <- 0xFFFF7E00


mem[X,0x80001EB8] -> 0xA223
mem[X,0x80001EBA] -> 0x3640
[1971] [M]: 0x80001EB8 (0x3640A223) sw tp, 868(ra)
mem[0x80009B78] <- 0x00000000


mem[X,0x80001EBC] -> 0xAF07
mem[X,0x80001EBE] -> 0x7681
[1972] [M]: 0x80001EBC (0x7681AF07) flw ft10, 1896(gp)
mem[R,0x80008778] -> 0x00008400
f30 <- 0xFFFFFFFF00008400


mem[X,0x80001EC0] -> 0xAE87
mem[X,0x80001EC2] -> 0x76C1
[1973] [M]: 0x80001EC0 (0x76C1AE87) flw ft9, 1900(gp)
mem[R,0x8000877C] -> 0x0000FD55
f29 <- 0xFFFFFFFF0000FD55


mem[X,0x80001EC4] -> 0x0113
mem[X,0x80001EC6] -> 0x0000
[1974] [M]: 0x80001EC4 (0x00000113) addi sp, zero, 0
x2 <- 0x00000000


mem[X,0x80001EC8] -> 0x1073
mem[X,0x80001ECA] -> 0x0031
[1975] [M]: 0x80001EC8 (0x00311073) csrrw zero, fcsr, sp
CSR fcsr -> 0x00000000
CSR fcsr <- 0x00000000 (input: 0x00000000)


mem[X,0x80001ECC] -> 0x7FD3
mem[X,0x80001ECE] -> 0x05DF
[1976] [M]: 0x80001ECC (0x05DF7FD3) fadd.h ft11, ft10, ft9, dyn
f31 <- 0xFFFFFFFFFFFF7E00


mem[X,0x80001ED0] -> 0x2273
mem[X,0x80001ED2] -> 0x0030
[1977] [M]: 0x80001ED0 (0x00302273) csrrs tp, fcsr, zero
CSR fcsr -> 0x00000000
x4 <- 0x00000000


mem[X,0x80001ED4] -> 0xA427
mem[X,0x80001ED6] -> 0x37F0
[1978] [M]: 0x80001ED4 (0x37F0A427) fsw ft11, 872(ra)
mem[0x80009B7C] <- 0xFFFF7E00


mem[X,0x80001ED8] -> 0xA623
mem[X,0x80001EDA] -> 0x3640
[1979] [M]: 0x80001ED8 (0x3640A623) sw tp, 876(ra)
mem[0x80009B80] <- 0x00000000


mem[X,0x80001EDC] -> 0xAF07
mem[X,0x80001EDE] -> 0x7701
[1980] [M]: 0x80001EDC (0x7701AF07) flw ft10, 1904(gp)
mem[R,0x80008780] -> 0x00008400
f30 <- 0xFFFFFFFF00008400


mem[X,0x80001EE0] -> 0xAE87
mem[X,0x80001EE2] -> 0x7741
[1981] [M]: 0x80001EE0 (0x7741AE87) flw ft9, 1908(gp)
mem[R,0x80008784] -> 0x00003C00
f29 <- 0xFFFFFFFF00003C00


mem[X,0x80001EE4] -> 0x0113
mem[X,0x80001EE6] -> 0x0000
[1982] [M]: 0x80001EE4 (0x00000113) addi sp, zero, 0
x2 <- 0x00000000


mem[X,0x80001EE8] -> 0x1073
mem[X,0x80001EEA] -> 0x0031
[1983] [M]: 0x80001EE8 (0x00311073) csrrw zero, fcsr, sp
CSR fcsr -> 0x00000000
CSR fcsr <- 0x00000000 (input: 0x00000000)


mem[X,0x80001EEC] -> 0x7FD3
mem[X,0x80001EEE] -> 0x05DF
[1984] [M]: 0x80001EEC (0x05DF7FD3) fadd.h ft11, ft10, ft9, dyn
f31 <- 0xFFFFFFFFFFFF7E00


mem[X,0x80001EF0] -> 0x2273
mem[X,0x80001EF2] -> 0x0030
[1985] [M]: 0x80001EF0 (0x00302273) csrrs tp, fcsr, zero
CSR fcsr -> 0x00000000
x4 <- 0x00000000


mem[X,0x80001EF4] -> 0xA827
mem[X,0x80001EF6] -> 0x37F0
[1986] [M]: 0x80001EF4 (0x37F0A827) fsw ft11, 880(ra)
mem[0x80009B84] <- 0xFFFF7E00


mem[X,0x80001EF8] -> 0xAA23
mem[X,0x80001EFA] -> 0x3640
[1987] [M]: 0x80001EF8 (0x3640AA23) sw tp, 884(ra)
mem[0x80009B88] <- 0x00000000


mem[X,0x80001EFC] -> 0xAF07
mem[X,0x80001EFE] -> 0x7781
[1988] [M]: 0x80001EFC (0x7781AF07) flw ft10, 1912(gp)
mem[R,0x80008788] -> 0x00008400
f30 <- 0xFFFFFFFF00008400


mem[X,0x80001F00] -> 0xAE87
mem[X,0x80001F02] -> 0x77C1
[1989] [M]: 0x80001F00 (0x77C1AE87) flw ft9, 1916(gp)
mem[R,0x8000878C] -> 0x0000BC00
f29 <- 0xFFFFFFFF0000BC00


mem[X,0x80001F04] -> 0x0113
mem[X,0x80001F06] -> 0x0000
[1990] [M]: 0x80001F04 (0x00000113) addi sp, zero, 0
x2 <- 0x00000000


mem[X,0x80001F08] -> 0x1073
mem[X,0x80001F0A] -> 0x0031
[1991] [M]: 0x80001F08 (0x00311073) csrrw zero, fcsr, sp
CSR fcsr -> 0x00000000
CSR fcsr <- 0x00000000 (input: 0x00000000)


mem[X,0x80001F0C] -> 0x7FD3
mem[X,0x80001F0E] -> 0x05DF
[1992] [M]: 0x80001F0C (0x05DF7FD3) fadd.h ft11, ft10, ft9, dyn
f31 <- 0xFFFFFFFFFFFF7E00


mem[X,0x80001F10] -> 0x2273
mem[X,0x80001F12] -> 0x0030
[1993] [M]: 0x80001F10 (0x00302273) csrrs tp, fcsr, zero
CSR fcsr -> 0x00000000
x4 <- 0x00000000


mem[X,0x80001F14] -> 0xAC27
mem[X,0x80001F16] -> 0x37F0
[1994] [M]: 0x80001F14 (0x37F0AC27) fsw ft11, 888(ra)
mem[0x80009B8C] <- 0xFFFF7E00


mem[X,0x80001F18] -> 0xAE23
mem[X,0x80001F1A] -> 0x3640
[1995] [M]: 0x80001F18 (0x3640AE23) sw tp, 892(ra)
mem[0x80009B90] <- 0x00000000


mem[X,0x80001F1C] -> 0xAF07
mem[X,0x80001F1E] -> 0x7801
[1996] [M]: 0x80001F1C (0x7801AF07) flw ft10, 1920(gp)
mem[R,0x80008790] -> 0x00000401
f30 <- 0xFFFFFFFF00000401


mem[X,0x80001F20] -> 0xAE87
mem[X,0x80001F22] -> 0x7841
[1997] [M]: 0x80001F20 (0x7841AE87) flw ft9, 1924(gp)
mem[R,0x80008794] -> 0x00000000
f29 <- 0xFFFFFFFF00000000


mem[X,0x80001F24] -> 0x0113
mem[X,0x80001F26] -> 0x0000
[1998] [M]: 0x80001F24 (0x00000113) addi sp, zero, 0
x2 <- 0x00000000


mem[X,0x80001F28] -> 0x1073
mem[X,0x80001F2A] -> 0x0031
[1999] [M]: 0x80001F28 (0x00311073) csrrw zero, fcsr, sp
CSR fcsr -> 0x00000000
CSR fcsr <- 0x00000000 (input: 0x00000000)


clint::tick mtime <- 0x0000000000000014
 clint timer pending at mtime 0x0000000000000014
htif::tick 0x0000000000000000
mem[X,0x80001F2C] -> 0x7FD3
mem[X,0x80001F2E] -> 0x05DF
[2000] [M]: 0x80001F2C (0x05DF7FD3) fadd.h ft11, ft10, ft9, dyn
f31 <- 0xFFFFFFFFFFFF7E00


mem[X,0x80001F30] -> 0x2273
mem[X,0x80001F32] -> 0x0030
[2001] [M]: 0x80001F30 (0x00302273) csrrs tp, fcsr, zero
CSR fcsr -> 0x00000000
x4 <- 0x00000000


mem[X,0x80001F34] -> 0xA027
mem[X,0x80001F36] -> 0x39F0
[2002] [M]: 0x80001F34 (0x39F0A027) fsw ft11, 896(ra)
mem[0x80009B94] <- 0xFFFF7E00


mem[X,0x80001F38] -> 0xA223
mem[X,0x80001F3A] -> 0x3840
[2003] [M]: 0x80001F38 (0x3840A223) sw tp, 900(ra)
mem[0x80009B98] <- 0x00000000


mem[X,0x80001F3C] -> 0xAF07
mem[X,0x80001F3E] -> 0x7881
[2004] [M]: 0x80001F3C (0x7881AF07) flw ft10, 1928(gp)
mem[R,0x80008798] -> 0x00000401
f30 <- 0xFFFFFFFF00000401


mem[X,0x80001F40] -> 0xAE87
mem[X,0x80001F42] -> 0x78C1
[2005] [M]: 0x80001F40 (0x78C1AE87) flw ft9, 1932(gp)
mem[R,0x8000879C] -> 0x00008000
f29 <- 0xFFFFFFFF00008000


mem[X,0x80001F44] -> 0x0113
mem[X,0x80001F46] -> 0x0000
[2006] [M]: 0x80001F44 (0x00000113) addi sp, zero, 0
x2 <- 0x00000000


mem[X,0x80001F48] -> 0x1073
mem[X,0x80001F4A] -> 0x0031
[2007] [M]: 0x80001F48 (0x00311073) csrrw zero, fcsr, sp
CSR fcsr -> 0x00000000
CSR fcsr <- 0x00000000 (input: 0x00000000)


mem[X,0x80001F4C] -> 0x7FD3
mem[X,0x80001F4E] -> 0x05DF
[2008] [M]: 0x80001F4C (0x05DF7FD3) fadd.h ft11, ft10, ft9, dyn
f31 <- 0xFFFFFFFFFFFF7E00


mem[X,0x80001F50] -> 0x2273
mem[X,0x80001F52] -> 0x0030
[2009] [M]: 0x80001F50 (0x00302273) csrrs tp, fcsr, zero
CSR fcsr -> 0x00000000
x4 <- 0x00000000


mem[X,0x80001F54] -> 0xA427
mem[X,0x80001F56] -> 0x39F0
[2010] [M]: 0x80001F54 (0x39F0A427) fsw ft11, 904(ra)
mem[0x80009B9C] <- 0xFFFF7E00


mem[X,0x80001F58] -> 0xA623
mem[X,0x80001F5A] -> 0x3840
[2011] [M]: 0x80001F58 (0x3840A623) sw tp, 908(ra)
mem[0x80009BA0] <- 0x00000000


mem[X,0x80001F5C] -> 0xAF07
mem[X,0x80001F5E] -> 0x7901
[2012] [M]: 0x80001F5C (0x7901AF07) flw ft10, 1936(gp)
mem[R,0x800087A0] -> 0x00000401
f30 <- 0xFFFFFFFF00000401


mem[X,0x80001F60] -> 0xAE87
mem[X,0x80001F62] -> 0x7941
[2013] [M]: 0x80001F60 (0x7941AE87) flw ft9, 1940(gp)
mem[R,0x800087A4] -> 0x00000001
f29 <- 0xFFFFFFFF00000001


mem[X,0x80001F64] -> 0x0113
mem[X,0x80001F66] -> 0x0000
[2014] [M]: 0x80001F64 (0x00000113) addi sp, zero, 0
x2 <- 0x00000000


mem[X,0x80001F68] -> 0x1073
mem[X,0x80001F6A] -> 0x0031
[2015] [M]: 0x80001F68 (0x00311073) csrrw zero, fcsr, sp
CSR fcsr -> 0x00000000
CSR fcsr <- 0x00000000 (input: 0x00000000)


mem[X,0x80001F6C] -> 0x7FD3
mem[X,0x80001F6E] -> 0x05DF
[2016] [M]: 0x80001F6C (0x05DF7FD3) fadd.h ft11, ft10, ft9, dyn
f31 <- 0xFFFFFFFFFFFF7E00


mem[X,0x80001F70] -> 0x2273
mem[X,0x80001F72] -> 0x0030
[2017] [M]: 0x80001F70 (0x00302273) csrrs tp, fcsr, zero
CSR fcsr -> 0x00000000
x4 <- 0x00000000


mem[X,0x80001F74] -> 0xA827
mem[X,0x80001F76] -> 0x39F0
[2018] [M]: 0x80001F74 (0x39F0A827) fsw ft11, 912(ra)
mem[0x80009BA4] <- 0xFFFF7E00


mem[X,0x80001F78] -> 0xAA23
mem[X,0x80001F7A] -> 0x3840
[2019] [M]: 0x80001F78 (0x3840AA23) sw tp, 916(ra)
mem[0x80009BA8] <- 0x00000000


mem[X,0x80001F7C] -> 0xAF07
mem[X,0x80001F7E] -> 0x7981
[2020] [M]: 0x80001F7C (0x7981AF07) flw ft10, 1944(gp)
mem[R,0x800087A8] -> 0x00000401
f30 <- 0xFFFFFFFF00000401


mem[X,0x80001F80] -> 0xAE87
mem[X,0x80001F82] -> 0x79C1
[2021] [M]: 0x80001F80 (0x79C1AE87) flw ft9, 1948(gp)
mem[R,0x800087AC] -> 0x00008001
f29 <- 0xFFFFFFFF00008001


mem[X,0x80001F84] -> 0x0113
mem[X,0x80001F86] -> 0x0000
[2022] [M]: 0x80001F84 (0x00000113) addi sp, zero, 0
x2 <- 0x00000000


mem[X,0x80001F88] -> 0x1073
mem[X,0x80001F8A] -> 0x0031
[2023] [M]: 0x80001F88 (0x00311073) csrrw zero, fcsr, sp
CSR fcsr -> 0x00000000
CSR fcsr <- 0x00000000 (input: 0x00000000)


mem[X,0x80001F8C] -> 0x7FD3
mem[X,0x80001F8E] -> 0x05DF
[2024] [M]: 0x80001F8C (0x05DF7FD3) fadd.h ft11, ft10, ft9, dyn
f31 <- 0xFFFFFFFFFFFF7E00


mem[X,0x80001F90] -> 0x2273
mem[X,0x80001F92] -> 0x0030
[2025] [M]: 0x80001F90 (0x00302273) csrrs tp, fcsr, zero
CSR fcsr -> 0x00000000
x4 <- 0x00000000


mem[X,0x80001F94] -> 0xAC27
mem[X,0x80001F96] -> 0x39F0
[2026] [M]: 0x80001F94 (0x39F0AC27) fsw ft11, 920(ra)
mem[0x80009BAC] <- 0xFFFF7E00


mem[X,0x80001F98] -> 0xAE23
mem[X,0x80001F9A] -> 0x3840
[2027] [M]: 0x80001F98 (0x3840AE23) sw tp, 924(ra)
mem[0x80009BB0] <- 0x00000000


mem[X,0x80001F9C] -> 0xAF07
mem[X,0x80001F9E] -> 0x7A01
[2028] [M]: 0x80001F9C (0x7A01AF07) flw ft10, 1952(gp)
mem[R,0x800087B0] -> 0x00000401
f30 <- 0xFFFFFFFF00000401


mem[X,0x80001FA0] -> 0xAE87
mem[X,0x80001FA2] -> 0x7A41
[2029] [M]: 0x80001FA0 (0x7A41AE87) flw ft9, 1956(gp)
mem[R,0x800087B4] -> 0x00000002
f29 <- 0xFFFFFFFF00000002


mem[X,0x80001FA4] -> 0x0113
mem[X,0x80001FA6] -> 0x0000
[2030] [M]: 0x80001FA4 (0x00000113) addi sp, zero, 0
x2 <- 0x00000000


mem[X,0x80001FA8] -> 0x1073
mem[X,0x80001FAA] -> 0x0031
[2031] [M]: 0x80001FA8 (0x00311073) csrrw zero, fcsr, sp
CSR fcsr -> 0x00000000
CSR fcsr <- 0x00000000 (input: 0x00000000)


mem[X,0x80001FAC] -> 0x7FD3
mem[X,0x80001FAE] -> 0x05DF
[2032] [M]: 0x80001FAC (0x05DF7FD3) fadd.h ft11, ft10, ft9, dyn
f31 <- 0xFFFFFFFFFFFF7E00


mem[X,0x80001FB0] -> 0x2273
mem[X,0x80001FB2] -> 0x0030
[2033] [M]: 0x80001FB0 (0x00302273) csrrs tp, fcsr, zero
CSR fcsr -> 0x00000000
x4 <- 0x00000000


mem[X,0x80001FB4] -> 0xA027
mem[X,0x80001FB6] -> 0x3BF0
[2034] [M]: 0x80001FB4 (0x3BF0A027) fsw ft11, 928(ra)
mem[0x80009BB4] <- 0xFFFF7E00


mem[X,0x80001FB8] -> 0xA223
mem[X,0x80001FBA] -> 0x3A40
[2035] [M]: 0x80001FB8 (0x3A40A223) sw tp, 932(ra)
mem[0x80009BB8] <- 0x00000000


mem[X,0x80001FBC] -> 0xAF07
mem[X,0x80001FBE] -> 0x7A81
[2036] [M]: 0x80001FBC (0x7A81AF07) flw ft10, 1960(gp)
mem[R,0x800087B8] -> 0x00000401
f30 <- 0xFFFFFFFF00000401


mem[X,0x80001FC0] -> 0xAE87
mem[X,0x80001FC2] -> 0x7AC1
[2037] [M]: 0x80001FC0 (0x7AC1AE87) flw ft9, 1964(gp)
mem[R,0x800087BC] -> 0x000083FE
f29 <- 0xFFFFFFFF000083FE


mem[X,0x80001FC4] -> 0x0113
mem[X,0x80001FC6] -> 0x0000
[2038] [M]: 0x80001FC4 (0x00000113) addi sp, zero, 0
x2 <- 0x00000000


mem[X,0x80001FC8] -> 0x1073
mem[X,0x80001FCA] -> 0x0031
[2039] [M]: 0x80001FC8 (0x00311073) csrrw zero, fcsr, sp
CSR fcsr -> 0x00000000
CSR fcsr <- 0x00000000 (input: 0x00000000)


mem[X,0x80001FCC] -> 0x7FD3
mem[X,0x80001FCE] -> 0x05DF
[2040] [M]: 0x80001FCC (0x05DF7FD3) fadd.h ft11, ft10, ft9, dyn
f31 <- 0xFFFFFFFFFFFF7E00


mem[X,0x80001FD0] -> 0x2273
mem[X,0x80001FD2] -> 0x0030
[2041] [M]: 0x80001FD0 (0x00302273) csrrs tp, fcsr, zero
CSR fcsr -> 0x00000000
x4 <- 0x00000000


mem[X,0x80001FD4] -> 0xA427
mem[X,0x80001FD6] -> 0x3BF0
[2042] [M]: 0x80001FD4 (0x3BF0A427) fsw ft11, 936(ra)
mem[0x80009BBC] <- 0xFFFF7E00


mem[X,0x80001FD8] -> 0xA623
mem[X,0x80001FDA] -> 0x3A40
[2043] [M]: 0x80001FD8 (0x3A40A623) sw tp, 940(ra)
mem[0x80009BC0] <- 0x00000000


mem[X,0x80001FDC] -> 0xAF07
mem[X,0x80001FDE] -> 0x7B01
[2044] [M]: 0x80001FDC (0x7B01AF07) flw ft10, 1968(gp)
mem[R,0x800087C0] -> 0x00000401
f30 <- 0xFFFFFFFF00000401


mem[X,0x80001FE0] -> 0xAE87
mem[X,0x80001FE2] -> 0x7B41
[2045] [M]: 0x80001FE0 (0x7B41AE87) flw ft9, 1972(gp)
mem[R,0x800087C4] -> 0x000003FF
f29 <- 0xFFFFFFFF000003FF


mem[X,0x80001FE4] -> 0x0113
mem[X,0x80001FE6] -> 0x0000
[2046] [M]: 0x80001FE4 (0x00000113) addi sp, zero, 0
x2 <- 0x00000000


mem[X,0x80001FE8] -> 0x1073
mem[X,0x80001FEA] -> 0x0031
[2047] [M]: 0x80001FE8 (0x00311073) csrrw zero, fcsr, sp
CSR fcsr -> 0x00000000
CSR fcsr <- 0x00000000 (input: 0x00000000)


mem[X,0x80001FEC] -> 0x7FD3
mem[X,0x80001FEE] -> 0x05DF
[2048] [M]: 0x80001FEC (0x05DF7FD3) fadd.h ft11, ft10, ft9, dyn
f31 <- 0xFFFFFFFFFFFF7E00


mem[X,0x80001FF0] -> 0x2273
mem[X,0x80001FF2] -> 0x0030
[2049] [M]: 0x80001FF0 (0x00302273) csrrs tp, fcsr, zero
CSR fcsr -> 0x00000000
x4 <- 0x00000000


mem[X,0x80001FF4] -> 0xA827
mem[X,0x80001FF6] -> 0x3BF0
[2050] [M]: 0x80001FF4 (0x3BF0A827) fsw ft11, 944(ra)
mem[0x80009BC4] <- 0xFFFF7E00


mem[X,0x80001FF8] -> 0xAA23
mem[X,0x80001FFA] -> 0x3A40
[2051] [M]: 0x80001FF8 (0x3A40AA23) sw tp, 948(ra)
mem[0x80009BC8] <- 0x00000000


mem[X,0x80001FFC] -> 0xAF07
mem[X,0x80001FFE] -> 0x7B81
[2052] [M]: 0x80001FFC (0x7B81AF07) flw ft10, 1976(gp)
mem[R,0x800087C8] -> 0x00000401
f30 <- 0xFFFFFFFF00000401


mem[X,0x80002000] -> 0xAE87
mem[X,0x80002002] -> 0x7BC1
[2053] [M]: 0x80002000 (0x7BC1AE87) flw ft9, 1980(gp)
mem[R,0x800087CC] -> 0x000083FF
f29 <- 0xFFFFFFFF000083FF


mem[X,0x80002004] -> 0x0113
mem[X,0x80002006] -> 0x0000
[2054] [M]: 0x80002004 (0x00000113) addi sp, zero, 0
x2 <- 0x00000000


mem[X,0x80002008] -> 0x1073
mem[X,0x8000200A] -> 0x0031
[2055] [M]: 0x80002008 (0x00311073) csrrw zero, fcsr, sp
CSR fcsr -> 0x00000000
CSR fcsr <- 0x00000000 (input: 0x00000000)


mem[X,0x8000200C] -> 0x7FD3
mem[X,0x8000200E] -> 0x05DF
[2056] [M]: 0x8000200C (0x05DF7FD3) fadd.h ft11, ft10, ft9, dyn
f31 <- 0xFFFFFFFFFFFF7E00


mem[X,0x80002010] -> 0x2273
mem[X,0x80002012] -> 0x0030
[2057] [M]: 0x80002010 (0x00302273) csrrs tp, fcsr, zero
CSR fcsr -> 0x00000000
x4 <- 0x00000000


mem[X,0x80002014] -> 0xAC27
mem[X,0x80002016] -> 0x3BF0
[2058] [M]: 0x80002014 (0x3BF0AC27) fsw ft11, 952(ra)
mem[0x80009BCC] <- 0xFFFF7E00


mem[X,0x80002018] -> 0xAE23
mem[X,0x8000201A] -> 0x3A40
[2059] [M]: 0x80002018 (0x3A40AE23) sw tp, 956(ra)
mem[0x80009BD0] <- 0x00000000


mem[X,0x8000201C] -> 0xAF07
mem[X,0x8000201E] -> 0x7C01
[2060] [M]: 0x8000201C (0x7C01AF07) flw ft10, 1984(gp)
mem[R,0x800087D0] -> 0x00000401
f30 <- 0xFFFFFFFF00000401


mem[X,0x80002020] -> 0xAE87
mem[X,0x80002022] -> 0x7C41
[2061] [M]: 0x80002020 (0x7C41AE87) flw ft9, 1988(gp)
mem[R,0x800087D4] -> 0x00000400
f29 <- 0xFFFFFFFF00000400


mem[X,0x80002024] -> 0x0113
mem[X,0x80002026] -> 0x0000
[2062] [M]: 0x80002024 (0x00000113) addi sp, zero, 0
x2 <- 0x00000000


mem[X,0x80002028] -> 0x1073
mem[X,0x8000202A] -> 0x0031
[2063] [M]: 0x80002028 (0x00311073) csrrw zero, fcsr, sp
CSR fcsr -> 0x00000000
CSR fcsr <- 0x00000000 (input: 0x00000000)


mem[X,0x8000202C] -> 0x7FD3
mem[X,0x8000202E] -> 0x05DF
[2064] [M]: 0x8000202C (0x05DF7FD3) fadd.h ft11, ft10, ft9, dyn
f31 <- 0xFFFFFFFFFFFF7E00


mem[X,0x80002030] -> 0x2273
mem[X,0x80002032] -> 0x0030
[2065] [M]: 0x80002030 (0x00302273) csrrs tp, fcsr, zero
CSR fcsr -> 0x00000000
x4 <- 0x00000000


mem[X,0x80002034] -> 0xA027
mem[X,0x80002036] -> 0x3DF0
[2066] [M]: 0x80002034 (0x3DF0A027) fsw ft11, 960(ra)
mem[0x80009BD4] <- 0xFFFF7E00


mem[X,0x80002038] -> 0xA223
mem[X,0x8000203A] -> 0x3C40
[2067] [M]: 0x80002038 (0x3C40A223) sw tp, 964(ra)
mem[0x80009BD8] <- 0x00000000


mem[X,0x8000203C] -> 0xAF07
mem[X,0x8000203E] -> 0x7C81
[2068] [M]: 0x8000203C (0x7C81AF07) flw ft10, 1992(gp)
mem[R,0x800087D8] -> 0x00000401
f30 <- 0xFFFFFFFF00000401


mem[X,0x80002040] -> 0xAE87
mem[X,0x80002042] -> 0x7CC1
[2069] [M]: 0x80002040 (0x7CC1AE87) flw ft9, 1996(gp)
mem[R,0x800087DC] -> 0x00008400
f29 <- 0xFFFFFFFF00008400


mem[X,0x80002044] -> 0x0113
mem[X,0x80002046] -> 0x0000
[2070] [M]: 0x80002044 (0x00000113) addi sp, zero, 0
x2 <- 0x00000000


mem[X,0x80002048] -> 0x1073
mem[X,0x8000204A] -> 0x0031
[2071] [M]: 0x80002048 (0x00311073) csrrw zero, fcsr, sp
CSR fcsr -> 0x00000000
CSR fcsr <- 0x00000000 (input: 0x00000000)


mem[X,0x8000204C] -> 0x7FD3
mem[X,0x8000204E] -> 0x05DF
[2072] [M]: 0x8000204C (0x05DF7FD3) fadd.h ft11, ft10, ft9, dyn
f31 <- 0xFFFFFFFFFFFF7E00


mem[X,0x80002050] -> 0x2273
mem[X,0x80002052] -> 0x0030
[2073] [M]: 0x80002050 (0x00302273) csrrs tp, fcsr, zero
CSR fcsr -> 0x00000000
x4 <- 0x00000000


mem[X,0x80002054] -> 0xA427
mem[X,0x80002056] -> 0x3DF0
[2074] [M]: 0x80002054 (0x3DF0A427) fsw ft11, 968(ra)
mem[0x80009BDC] <- 0xFFFF7E00


mem[X,0x80002058] -> 0xA623
mem[X,0x8000205A] -> 0x3C40
[2075] [M]: 0x80002058 (0x3C40A623) sw tp, 972(ra)
mem[0x80009BE0] <- 0x00000000


mem[X,0x8000205C] -> 0xAF07
mem[X,0x8000205E] -> 0x7D01
[2076] [M]: 0x8000205C (0x7D01AF07) flw ft10, 2000(gp)
mem[R,0x800087E0] -> 0x00000401
f30 <- 0xFFFFFFFF00000401


mem[X,0x80002060] -> 0xAE87
mem[X,0x80002062] -> 0x7D41
[2077] [M]: 0x80002060 (0x7D41AE87) flw ft9, 2004(gp)
mem[R,0x800087E4] -> 0x00000401
f29 <- 0xFFFFFFFF00000401


mem[X,0x80002064] -> 0x0113
mem[X,0x80002066] -> 0x0000
[2078] [M]: 0x80002064 (0x00000113) addi sp, zero, 0
x2 <- 0x00000000


mem[X,0x80002068] -> 0x1073
mem[X,0x8000206A] -> 0x0031
[2079] [M]: 0x80002068 (0x00311073) csrrw zero, fcsr, sp
CSR fcsr -> 0x00000000
CSR fcsr <- 0x00000000 (input: 0x00000000)


mem[X,0x8000206C] -> 0x7FD3
mem[X,0x8000206E] -> 0x05DF
[2080] [M]: 0x8000206C (0x05DF7FD3) fadd.h ft11, ft10, ft9, dyn
f31 <- 0xFFFFFFFFFFFF7E00


mem[X,0x80002070] -> 0x2273
mem[X,0x80002072] -> 0x0030
[2081] [M]: 0x80002070 (0x00302273) csrrs tp, fcsr, zero
CSR fcsr -> 0x00000000
x4 <- 0x00000000


mem[X,0x80002074] -> 0xA827
mem[X,0x80002076] -> 0x3DF0
[2082] [M]: 0x80002074 (0x3DF0A827) fsw ft11, 976(ra)
mem[0x80009BE4] <- 0xFFFF7E00


mem[X,0x80002078] -> 0xAA23
mem[X,0x8000207A] -> 0x3C40
[2083] [M]: 0x80002078 (0x3C40AA23) sw tp, 980(ra)
mem[0x80009BE8] <- 0x00000000


mem[X,0x8000207C] -> 0xAF07
mem[X,0x8000207E] -> 0x7D81
[2084] [M]: 0x8000207C (0x7D81AF07) flw ft10, 2008(gp)
mem[R,0x800087E8] -> 0x00000401
f30 <- 0xFFFFFFFF00000401


mem[X,0x80002080] -> 0xAE87
mem[X,0x80002082] -> 0x7DC1
[2085] [M]: 0x80002080 (0x7DC1AE87) flw ft9, 2012(gp)
mem[R,0x800087EC] -> 0x00008455
f29 <- 0xFFFFFFFF00008455


mem[X,0x80002084] -> 0x0113
mem[X,0x80002086] -> 0x0000
[2086] [M]: 0x80002084 (0x00000113) addi sp, zero, 0
x2 <- 0x00000000


mem[X,0x80002088] -> 0x1073
mem[X,0x8000208A] -> 0x0031
[2087] [M]: 0x80002088 (0x00311073) csrrw zero, fcsr, sp
CSR fcsr -> 0x00000000
CSR fcsr <- 0x00000000 (input: 0x00000000)


mem[X,0x8000208C] -> 0x7FD3
mem[X,0x8000208E] -> 0x05DF
[2088] [M]: 0x8000208C (0x05DF7FD3) fadd.h ft11, ft10, ft9, dyn
f31 <- 0xFFFFFFFFFFFF7E00


mem[X,0x80002090] -> 0x2273
mem[X,0x80002092] -> 0x0030
[2089] [M]: 0x80002090 (0x00302273) csrrs tp, fcsr, zero
CSR fcsr -> 0x00000000
x4 <- 0x00000000


mem[X,0x80002094] -> 0xAC27
mem[X,0x80002096] -> 0x3DF0
[2090] [M]: 0x80002094 (0x3DF0AC27) fsw ft11, 984(ra)
mem[0x80009BEC] <- 0xFFFF7E00


mem[X,0x80002098] -> 0xAE23
mem[X,0x8000209A] -> 0x3C40
[2091] [M]: 0x80002098 (0x3C40AE23) sw tp, 988(ra)
mem[0x80009BF0] <- 0x00000000


mem[X,0x8000209C] -> 0xAF07
mem[X,0x8000209E] -> 0x7E01
[2092] [M]: 0x8000209C (0x7E01AF07) flw ft10, 2016(gp)
mem[R,0x800087F0] -> 0x00000401
f30 <- 0xFFFFFFFF00000401


mem[X,0x800020A0] -> 0xAE87
mem[X,0x800020A2] -> 0x7E41
[2093] [M]: 0x800020A0 (0x7E41AE87) flw ft9, 2020(gp)
mem[R,0x800087F4] -> 0x00007BFF
f29 <- 0xFFFFFFFF00007BFF


mem[X,0x800020A4] -> 0x0113
mem[X,0x800020A6] -> 0x0000
[2094] [M]: 0x800020A4 (0x00000113) addi sp, zero, 0
x2 <- 0x00000000


mem[X,0x800020A8] -> 0x1073
mem[X,0x800020AA] -> 0x0031
[2095] [M]: 0x800020A8 (0x00311073) csrrw zero, fcsr, sp
CSR fcsr -> 0x00000000
CSR fcsr <- 0x00000000 (input: 0x00000000)


mem[X,0x800020AC] -> 0x7FD3
mem[X,0x800020AE] -> 0x05DF
[2096] [M]: 0x800020AC (0x05DF7FD3) fadd.h ft11, ft10, ft9, dyn
f31 <- 0xFFFFFFFFFFFF7E00


mem[X,0x800020B0] -> 0x2273
mem[X,0x800020B2] -> 0x0030
[2097] [M]: 0x800020B0 (0x00302273) csrrs tp, fcsr, zero
CSR fcsr -> 0x00000000
x4 <- 0x00000000


mem[X,0x800020B4] -> 0xA027
mem[X,0x800020B6] -> 0x3FF0
[2098] [M]: 0x800020B4 (0x3FF0A027) fsw ft11, 992(ra)
mem[0x80009BF4] <- 0xFFFF7E00


mem[X,0x800020B8] -> 0xA223
mem[X,0x800020BA] -> 0x3E40
[2099] [M]: 0x800020B8 (0x3E40A223) sw tp, 996(ra)
mem[0x80009BF8] <- 0x00000000


clint::tick mtime <- 0x0000000000000015
 clint timer pending at mtime 0x0000000000000015
htif::tick 0x0000000000000000
mem[X,0x800020BC] -> 0xAF07
mem[X,0x800020BE] -> 0x7E81
[2100] [M]: 0x800020BC (0x7E81AF07) flw ft10, 2024(gp)
mem[R,0x800087F8] -> 0x00000401
f30 <- 0xFFFFFFFF00000401


mem[X,0x800020C0] -> 0xAE87
mem[X,0x800020C2] -> 0x7EC1
[2101] [M]: 0x800020C0 (0x7EC1AE87) flw ft9, 2028(gp)
mem[R,0x800087FC] -> 0x0000FBFF
f29 <- 0xFFFFFFFF0000FBFF


mem[X,0x800020C4] -> 0x0113
mem[X,0x800020C6] -> 0x0000
[2102] [M]: 0x800020C4 (0x00000113) addi sp, zero, 0
x2 <- 0x00000000


mem[X,0x800020C8] -> 0x1073
mem[X,0x800020CA] -> 0x0031
[2103] [M]: 0x800020C8 (0x00311073) csrrw zero, fcsr, sp
CSR fcsr -> 0x00000000
CSR fcsr <- 0x00000000 (input: 0x00000000)


mem[X,0x800020CC] -> 0x7FD3
mem[X,0x800020CE] -> 0x05DF
[2104] [M]: 0x800020CC (0x05DF7FD3) fadd.h ft11, ft10, ft9, dyn
f31 <- 0xFFFFFFFFFFFF7E00


mem[X,0x800020D0] -> 0x2273
mem[X,0x800020D2] -> 0x0030
[2105] [M]: 0x800020D0 (0x00302273) csrrs tp, fcsr, zero
CSR fcsr -> 0x00000000
x4 <- 0x00000000


mem[X,0x800020D4] -> 0xA427
mem[X,0x800020D6] -> 0x3FF0
[2106] [M]: 0x800020D4 (0x3FF0A427) fsw ft11, 1000(ra)
mem[0x80009BFC] <- 0xFFFF7E00


mem[X,0x800020D8] -> 0xA623
mem[X,0x800020DA] -> 0x3E40
[2107] [M]: 0x800020D8 (0x3E40A623) sw tp, 1004(ra)
mem[0x80009C00] <- 0x00000000


mem[X,0x800020DC] -> 0xAF07
mem[X,0x800020DE] -> 0x7F01
[2108] [M]: 0x800020DC (0x7F01AF07) flw ft10, 2032(gp)
mem[R,0x80008800] -> 0x00000401
f30 <- 0xFFFFFFFF00000401


mem[X,0x800020E0] -> 0xAE87
mem[X,0x800020E2] -> 0x7F41
[2109] [M]: 0x800020E0 (0x7F41AE87) flw ft9, 2036(gp)
mem[R,0x80008804] -> 0x00007C00
f29 <- 0xFFFFFFFF00007C00


mem[X,0x800020E4] -> 0x0113
mem[X,0x800020E6] -> 0x0000
[2110] [M]: 0x800020E4 (0x00000113) addi sp, zero, 0
x2 <- 0x00000000


mem[X,0x800020E8] -> 0x1073
mem[X,0x800020EA] -> 0x0031
[2111] [M]: 0x800020E8 (0x00311073) csrrw zero, fcsr, sp
CSR fcsr -> 0x00000000
CSR fcsr <- 0x00000000 (input: 0x00000000)


mem[X,0x800020EC] -> 0x7FD3
mem[X,0x800020EE] -> 0x05DF
[2112] [M]: 0x800020EC (0x05DF7FD3) fadd.h ft11, ft10, ft9, dyn
f31 <- 0xFFFFFFFFFFFF7E00


mem[X,0x800020F0] -> 0x2273
mem[X,0x800020F2] -> 0x0030
[2113] [M]: 0x800020F0 (0x00302273) csrrs tp, fcsr, zero
CSR fcsr -> 0x00000000
x4 <- 0x00000000


mem[X,0x800020F4] -> 0xA827
mem[X,0x800020F6] -> 0x3FF0
[2114] [M]: 0x800020F4 (0x3FF0A827) fsw ft11, 1008(ra)
mem[0x80009C04] <- 0xFFFF7E00


mem[X,0x800020F8] -> 0xAA23
mem[X,0x800020FA] -> 0x3E40
[2115] [M]: 0x800020F8 (0x3E40AA23) sw tp, 1012(ra)
mem[0x80009C08] <- 0x00000000


mem[X,0x800020FC] -> 0xAF07
mem[X,0x800020FE] -> 0x7F81
[2116] [M]: 0x800020FC (0x7F81AF07) flw ft10, 2040(gp)
mem[R,0x80008808] -> 0x00000401
f30 <- 0xFFFFFFFF00000401


mem[X,0x80002100] -> 0xAE87
mem[X,0x80002102] -> 0x7FC1
[2117] [M]: 0x80002100 (0x7FC1AE87) flw ft9, 2044(gp)
mem[R,0x8000880C] -> 0x0000FC00
f29 <- 0xFFFFFFFF0000FC00


mem[X,0x80002104] -> 0x0113
mem[X,0x80002106] -> 0x0000
[2118] [M]: 0x80002104 (0x00000113) addi sp, zero, 0
x2 <- 0x00000000


mem[X,0x80002108] -> 0x1073
mem[X,0x8000210A] -> 0x0031
[2119] [M]: 0x80002108 (0x00311073) csrrw zero, fcsr, sp
CSR fcsr -> 0x00000000
CSR fcsr <- 0x00000000 (input: 0x00000000)


mem[X,0x8000210C] -> 0x7FD3
mem[X,0x8000210E] -> 0x05DF
[2120] [M]: 0x8000210C (0x05DF7FD3) fadd.h ft11, ft10, ft9, dyn
f31 <- 0xFFFFFFFFFFFF7E00


mem[X,0x80002110] -> 0x2273
mem[X,0x80002112] -> 0x0030
[2121] [M]: 0x80002110 (0x00302273) csrrs tp, fcsr, zero
CSR fcsr -> 0x00000000
x4 <- 0x00000000


mem[X,0x80002114] -> 0xAC27
mem[X,0x80002116] -> 0x3FF0
[2122] [M]: 0x80002114 (0x3FF0AC27) fsw ft11, 1016(ra)
mem[0x80009C0C] <- 0xFFFF7E00


mem[X,0x80002118] -> 0xAE23
mem[X,0x8000211A] -> 0x3E40
[2123] [M]: 0x80002118 (0x3E40AE23) sw tp, 1020(ra)
mem[0x80009C10] <- 0x00000000


mem[X,0x8000211C] -> 0x8097
mem[X,0x8000211E] -> 0x0000
[2124] [M]: 0x8000211C (0x00008097) auipc ra, 8
x1 <- 0x8000A11C


mem[X,0x80002120] -> 0x8093
mem[X,0x80002122] -> 0xAF80
[2125] [M]: 0x80002120 (0xAF808093) addi ra, ra, 2808
x1 <- 0x80009C14


mem[X,0x80002124] -> 0x1137
mem[X,0x80002126] -> 0x0000
[2126] [M]: 0x80002124 (0x00001137) lui sp, 1
x2 <- 0x00001000


mem[X,0x80002128] -> 0x0113
mem[X,0x8000212A] -> 0x8001
[2127] [M]: 0x80002128 (0x80010113) addi sp, sp, 2048
x2 <- 0x00000800


mem[X,0x8000212C] -> 0x81B3
mem[X,0x8000212E] -> 0x0021
[2128] [M]: 0x8000212C (0x002181B3) add gp, gp, sp
x3 <- 0x80008810


mem[X,0x80002130] -> 0xAF07
mem[X,0x80002132] -> 0x0001
[2129] [M]: 0x80002130 (0x0001AF07) flw ft10, 0(gp)
mem[R,0x80008810] -> 0x00000401
f30 <- 0xFFFFFFFF00000401


mem[X,0x80002134] -> 0x81B3
mem[X,0x80002136] -> 0x4021
[2130] [M]: 0x80002134 (0x402181B3) sub gp, gp, sp
x3 <- 0x80008010


mem[X,0x80002138] -> 0x1137
mem[X,0x8000213A] -> 0x0000
[2131] [M]: 0x80002138 (0x00001137) lui sp, 1
x2 <- 0x00001000


mem[X,0x8000213C] -> 0x0113
mem[X,0x8000213E] -> 0x8001
[2132] [M]: 0x8000213C (0x80010113) addi sp, sp, 2048
x2 <- 0x00000800


mem[X,0x80002140] -> 0x81B3
mem[X,0x80002142] -> 0x0021
[2133] [M]: 0x80002140 (0x002181B3) add gp, gp, sp
x3 <- 0x80008810


mem[X,0x80002144] -> 0xAE87
mem[X,0x80002146] -> 0x0041
[2134] [M]: 0x80002144 (0x0041AE87) flw ft9, 4(gp)
mem[R,0x80008814] -> 0x00007E00
f29 <- 0xFFFFFFFF00007E00


mem[X,0x80002148] -> 0x81B3
mem[X,0x8000214A] -> 0x4021
[2135] [M]: 0x80002148 (0x402181B3) sub gp, gp, sp
x3 <- 0x80008010


mem[X,0x8000214C] -> 0x0113
mem[X,0x8000214E] -> 0x0000
[2136] [M]: 0x8000214C (0x00000113) addi sp, zero, 0
x2 <- 0x00000000


mem[X,0x80002150] -> 0x1073
mem[X,0x80002152] -> 0x0031
[2137] [M]: 0x80002150 (0x00311073) csrrw zero, fcsr, sp
CSR fcsr -> 0x00000000
CSR fcsr <- 0x00000000 (input: 0x00000000)


mem[X,0x80002154] -> 0x7FD3
mem[X,0x80002156] -> 0x05DF
[2138] [M]: 0x80002154 (0x05DF7FD3) fadd.h ft11, ft10, ft9, dyn
f31 <- 0xFFFFFFFFFFFF7E00


mem[X,0x80002158] -> 0x2273
mem[X,0x8000215A] -> 0x0030
[2139] [M]: 0x80002158 (0x00302273) csrrs tp, fcsr, zero
CSR fcsr -> 0x00000000
x4 <- 0x00000000


mem[X,0x8000215C] -> 0xA027
mem[X,0x8000215E] -> 0x01F0
[2140] [M]: 0x8000215C (0x01F0A027) fsw ft11, 0(ra)
mem[0x80009C14] <- 0xFFFF7E00


mem[X,0x80002160] -> 0xA223
mem[X,0x80002162] -> 0x0040
[2141] [M]: 0x80002160 (0x0040A223) sw tp, 4(ra)
mem[0x80009C18] <- 0x00000000


mem[X,0x80002164] -> 0x1137
mem[X,0x80002166] -> 0x0000
[2142] [M]: 0x80002164 (0x00001137) lui sp, 1
x2 <- 0x00001000


mem[X,0x80002168] -> 0x0113
mem[X,0x8000216A] -> 0x8001
[2143] [M]: 0x80002168 (0x80010113) addi sp, sp, 2048
x2 <- 0x00000800


mem[X,0x8000216C] -> 0x81B3
mem[X,0x8000216E] -> 0x0021
[2144] [M]: 0x8000216C (0x002181B3) add gp, gp, sp
x3 <- 0x80008810


mem[X,0x80002170] -> 0xAF07
mem[X,0x80002172] -> 0x0081
[2145] [M]: 0x80002170 (0x0081AF07) flw ft10, 8(gp)
mem[R,0x80008818] -> 0x00000401
f30 <- 0xFFFFFFFF00000401


mem[X,0x80002174] -> 0x81B3
mem[X,0x80002176] -> 0x4021
[2146] [M]: 0x80002174 (0x402181B3) sub gp, gp, sp
x3 <- 0x80008010


mem[X,0x80002178] -> 0x1137
mem[X,0x8000217A] -> 0x0000
[2147] [M]: 0x80002178 (0x00001137) lui sp, 1
x2 <- 0x00001000


mem[X,0x8000217C] -> 0x0113
mem[X,0x8000217E] -> 0x8001
[2148] [M]: 0x8000217C (0x80010113) addi sp, sp, 2048
x2 <- 0x00000800


mem[X,0x80002180] -> 0x81B3
mem[X,0x80002182] -> 0x0021
[2149] [M]: 0x80002180 (0x002181B3) add gp, gp, sp
x3 <- 0x80008810


mem[X,0x80002184] -> 0xAE87
mem[X,0x80002186] -> 0x00C1
[2150] [M]: 0x80002184 (0x00C1AE87) flw ft9, 12(gp)
mem[R,0x8000881C] -> 0x0000FE00
f29 <- 0xFFFFFFFF0000FE00


mem[X,0x80002188] -> 0x81B3
mem[X,0x8000218A] -> 0x4021
[2151] [M]: 0x80002188 (0x402181B3) sub gp, gp, sp
x3 <- 0x80008010


mem[X,0x8000218C] -> 0x0113
mem[X,0x8000218E] -> 0x0000
[2152] [M]: 0x8000218C (0x00000113) addi sp, zero, 0
x2 <- 0x00000000


mem[X,0x80002190] -> 0x1073
mem[X,0x80002192] -> 0x0031
[2153] [M]: 0x80002190 (0x00311073) csrrw zero, fcsr, sp
CSR fcsr -> 0x00000000
CSR fcsr <- 0x00000000 (input: 0x00000000)


mem[X,0x80002194] -> 0x7FD3
mem[X,0x80002196] -> 0x05DF
[2154] [M]: 0x80002194 (0x05DF7FD3) fadd.h ft11, ft10, ft9, dyn
f31 <- 0xFFFFFFFFFFFF7E00


mem[X,0x80002198] -> 0x2273
mem[X,0x8000219A] -> 0x0030
[2155] [M]: 0x80002198 (0x00302273) csrrs tp, fcsr, zero
CSR fcsr -> 0x00000000
x4 <- 0x00000000


mem[X,0x8000219C] -> 0xA427
mem[X,0x8000219E] -> 0x01F0
[2156] [M]: 0x8000219C (0x01F0A427) fsw ft11, 8(ra)
mem[0x80009C1C] <- 0xFFFF7E00


mem[X,0x800021A0] -> 0xA623
mem[X,0x800021A2] -> 0x0040
[2157] [M]: 0x800021A0 (0x0040A623) sw tp, 12(ra)
mem[0x80009C20] <- 0x00000000


mem[X,0x800021A4] -> 0x1137
mem[X,0x800021A6] -> 0x0000
[2158] [M]: 0x800021A4 (0x00001137) lui sp, 1
x2 <- 0x00001000


mem[X,0x800021A8] -> 0x0113
mem[X,0x800021AA] -> 0x8001
[2159] [M]: 0x800021A8 (0x80010113) addi sp, sp, 2048
x2 <- 0x00000800


mem[X,0x800021AC] -> 0x81B3
mem[X,0x800021AE] -> 0x0021
[2160] [M]: 0x800021AC (0x002181B3) add gp, gp, sp
x3 <- 0x80008810


mem[X,0x800021B0] -> 0xAF07
mem[X,0x800021B2] -> 0x0101
[2161] [M]: 0x800021B0 (0x0101AF07) flw ft10, 16(gp)
mem[R,0x80008820] -> 0x00000401
f30 <- 0xFFFFFFFF00000401


mem[X,0x800021B4] -> 0x81B3
mem[X,0x800021B6] -> 0x4021
[2162] [M]: 0x800021B4 (0x402181B3) sub gp, gp, sp
x3 <- 0x80008010


mem[X,0x800021B8] -> 0x1137
mem[X,0x800021BA] -> 0x0000
[2163] [M]: 0x800021B8 (0x00001137) lui sp, 1
x2 <- 0x00001000


mem[X,0x800021BC] -> 0x0113
mem[X,0x800021BE] -> 0x8001
[2164] [M]: 0x800021BC (0x80010113) addi sp, sp, 2048
x2 <- 0x00000800


mem[X,0x800021C0] -> 0x81B3
mem[X,0x800021C2] -> 0x0021
[2165] [M]: 0x800021C0 (0x002181B3) add gp, gp, sp
x3 <- 0x80008810


mem[X,0x800021C4] -> 0xAE87
mem[X,0x800021C6] -> 0x0141
[2166] [M]: 0x800021C4 (0x0141AE87) flw ft9, 20(gp)
mem[R,0x80008824] -> 0x00007E01
f29 <- 0xFFFFFFFF00007E01


mem[X,0x800021C8] -> 0x81B3
mem[X,0x800021CA] -> 0x4021
[2167] [M]: 0x800021C8 (0x402181B3) sub gp, gp, sp
x3 <- 0x80008010


mem[X,0x800021CC] -> 0x0113
mem[X,0x800021CE] -> 0x0000
[2168] [M]: 0x800021CC (0x00000113) addi sp, zero, 0
x2 <- 0x00000000


mem[X,0x800021D0] -> 0x1073
mem[X,0x800021D2] -> 0x0031
[2169] [M]: 0x800021D0 (0x00311073) csrrw zero, fcsr, sp
CSR fcsr -> 0x00000000
CSR fcsr <- 0x00000000 (input: 0x00000000)


mem[X,0x800021D4] -> 0x7FD3
mem[X,0x800021D6] -> 0x05DF
[2170] [M]: 0x800021D4 (0x05DF7FD3) fadd.h ft11, ft10, ft9, dyn
f31 <- 0xFFFFFFFFFFFF7E00


mem[X,0x800021D8] -> 0x2273
mem[X,0x800021DA] -> 0x0030
[2171] [M]: 0x800021D8 (0x00302273) csrrs tp, fcsr, zero
CSR fcsr -> 0x00000000
x4 <- 0x00000000


mem[X,0x800021DC] -> 0xA827
mem[X,0x800021DE] -> 0x01F0
[2172] [M]: 0x800021DC (0x01F0A827) fsw ft11, 16(ra)
mem[0x80009C24] <- 0xFFFF7E00


mem[X,0x800021E0] -> 0xAA23
mem[X,0x800021E2] -> 0x0040
[2173] [M]: 0x800021E0 (0x0040AA23) sw tp, 20(ra)
mem[0x80009C28] <- 0x00000000


mem[X,0x800021E4] -> 0x1137
mem[X,0x800021E6] -> 0x0000
[2174] [M]: 0x800021E4 (0x00001137) lui sp, 1
x2 <- 0x00001000


mem[X,0x800021E8] -> 0x0113
mem[X,0x800021EA] -> 0x8001
[2175] [M]: 0x800021E8 (0x80010113) addi sp, sp, 2048
x2 <- 0x00000800


mem[X,0x800021EC] -> 0x81B3
mem[X,0x800021EE] -> 0x0021
[2176] [M]: 0x800021EC (0x002181B3) add gp, gp, sp
x3 <- 0x80008810


mem[X,0x800021F0] -> 0xAF07
mem[X,0x800021F2] -> 0x0181
[2177] [M]: 0x800021F0 (0x0181AF07) flw ft10, 24(gp)
mem[R,0x80008828] -> 0x00000401
f30 <- 0xFFFFFFFF00000401


mem[X,0x800021F4] -> 0x81B3
mem[X,0x800021F6] -> 0x4021
[2178] [M]: 0x800021F4 (0x402181B3) sub gp, gp, sp
x3 <- 0x80008010


mem[X,0x800021F8] -> 0x1137
mem[X,0x800021FA] -> 0x0000
[2179] [M]: 0x800021F8 (0x00001137) lui sp, 1
x2 <- 0x00001000


mem[X,0x800021FC] -> 0x0113
mem[X,0x800021FE] -> 0x8001
[2180] [M]: 0x800021FC (0x80010113) addi sp, sp, 2048
x2 <- 0x00000800


mem[X,0x80002200] -> 0x81B3
mem[X,0x80002202] -> 0x0021
[2181] [M]: 0x80002200 (0x002181B3) add gp, gp, sp
x3 <- 0x80008810


mem[X,0x80002204] -> 0xAE87
mem[X,0x80002206] -> 0x01C1
[2182] [M]: 0x80002204 (0x01C1AE87) flw ft9, 28(gp)
mem[R,0x8000882C] -> 0x0000FE55
f29 <- 0xFFFFFFFF0000FE55


mem[X,0x80002208] -> 0x81B3
mem[X,0x8000220A] -> 0x4021
[2183] [M]: 0x80002208 (0x402181B3) sub gp, gp, sp
x3 <- 0x80008010


mem[X,0x8000220C] -> 0x0113
mem[X,0x8000220E] -> 0x0000
[2184] [M]: 0x8000220C (0x00000113) addi sp, zero, 0
x2 <- 0x00000000


mem[X,0x80002210] -> 0x1073
mem[X,0x80002212] -> 0x0031
[2185] [M]: 0x80002210 (0x00311073) csrrw zero, fcsr, sp
CSR fcsr -> 0x00000000
CSR fcsr <- 0x00000000 (input: 0x00000000)


mem[X,0x80002214] -> 0x7FD3
mem[X,0x80002216] -> 0x05DF
[2186] [M]: 0x80002214 (0x05DF7FD3) fadd.h ft11, ft10, ft9, dyn
f31 <- 0xFFFFFFFFFFFF7E00


mem[X,0x80002218] -> 0x2273
mem[X,0x8000221A] -> 0x0030
[2187] [M]: 0x80002218 (0x00302273) csrrs tp, fcsr, zero
CSR fcsr -> 0x00000000
x4 <- 0x00000000


mem[X,0x8000221C] -> 0xAC27
mem[X,0x8000221E] -> 0x01F0
[2188] [M]: 0x8000221C (0x01F0AC27) fsw ft11, 24(ra)
mem[0x80009C2C] <- 0xFFFF7E00


mem[X,0x80002220] -> 0xAE23
mem[X,0x80002222] -> 0x0040
[2189] [M]: 0x80002220 (0x0040AE23) sw tp, 28(ra)
mem[0x80009C30] <- 0x00000000


mem[X,0x80002224] -> 0x1137
mem[X,0x80002226] -> 0x0000
[2190] [M]: 0x80002224 (0x00001137) lui sp, 1
x2 <- 0x00001000


mem[X,0x80002228] -> 0x0113
mem[X,0x8000222A] -> 0x8001
[2191] [M]: 0x80002228 (0x80010113) addi sp, sp, 2048
x2 <- 0x00000800


mem[X,0x8000222C] -> 0x81B3
mem[X,0x8000222E] -> 0x0021
[2192] [M]: 0x8000222C (0x002181B3) add gp, gp, sp
x3 <- 0x80008810


mem[X,0x80002230] -> 0xAF07
mem[X,0x80002232] -> 0x0201
[2193] [M]: 0x80002230 (0x0201AF07) flw ft10, 32(gp)
mem[R,0x80008830] -> 0x00000401
f30 <- 0xFFFFFFFF00000401


mem[X,0x80002234] -> 0x81B3
mem[X,0x80002236] -> 0x4021
[2194] [M]: 0x80002234 (0x402181B3) sub gp, gp, sp
x3 <- 0x80008010


mem[X,0x80002238] -> 0x1137
mem[X,0x8000223A] -> 0x0000
[2195] [M]: 0x80002238 (0x00001137) lui sp, 1
x2 <- 0x00001000


mem[X,0x8000223C] -> 0x0113
mem[X,0x8000223E] -> 0x8001
[2196] [M]: 0x8000223C (0x80010113) addi sp, sp, 2048
x2 <- 0x00000800


mem[X,0x80002240] -> 0x81B3
mem[X,0x80002242] -> 0x0021
[2197] [M]: 0x80002240 (0x002181B3) add gp, gp, sp
x3 <- 0x80008810


mem[X,0x80002244] -> 0xAE87
mem[X,0x80002246] -> 0x0241
[2198] [M]: 0x80002244 (0x0241AE87) flw ft9, 36(gp)
mem[R,0x80008834] -> 0x00007C01
f29 <- 0xFFFFFFFF00007C01


mem[X,0x80002248] -> 0x81B3
mem[X,0x8000224A] -> 0x4021
[2199] [M]: 0x80002248 (0x402181B3) sub gp, gp, sp
x3 <- 0x80008010


clint::tick mtime <- 0x0000000000000016
 clint timer pending at mtime 0x0000000000000016
htif::tick 0x0000000000000000
mem[X,0x8000224C] -> 0x0113
mem[X,0x8000224E] -> 0x0000
[2200] [M]: 0x8000224C (0x00000113) addi sp, zero, 0
x2 <- 0x00000000


mem[X,0x80002250] -> 0x1073
mem[X,0x80002252] -> 0x0031
[2201] [M]: 0x80002250 (0x00311073) csrrw zero, fcsr, sp
CSR fcsr -> 0x00000000
CSR fcsr <- 0x00000000 (input: 0x00000000)


mem[X,0x80002254] -> 0x7FD3
mem[X,0x80002256] -> 0x05DF
[2202] [M]: 0x80002254 (0x05DF7FD3) fadd.h ft11, ft10, ft9, dyn
f31 <- 0xFFFFFFFFFFFF7E00


mem[X,0x80002258] -> 0x2273
mem[X,0x8000225A] -> 0x0030
[2203] [M]: 0x80002258 (0x00302273) csrrs tp, fcsr, zero
CSR fcsr -> 0x00000000
x4 <- 0x00000000


mem[X,0x8000225C] -> 0xA027
mem[X,0x8000225E] -> 0x03F0
[2204] [M]: 0x8000225C (0x03F0A027) fsw ft11, 32(ra)
mem[0x80009C34] <- 0xFFFF7E00


mem[X,0x80002260] -> 0xA223
mem[X,0x80002262] -> 0x0240
[2205] [M]: 0x80002260 (0x0240A223) sw tp, 36(ra)
mem[0x80009C38] <- 0x00000000


mem[X,0x80002264] -> 0x1137
mem[X,0x80002266] -> 0x0000
[2206] [M]: 0x80002264 (0x00001137) lui sp, 1
x2 <- 0x00001000


mem[X,0x80002268] -> 0x0113
mem[X,0x8000226A] -> 0x8001
[2207] [M]: 0x80002268 (0x80010113) addi sp, sp, 2048
x2 <- 0x00000800


mem[X,0x8000226C] -> 0x81B3
mem[X,0x8000226E] -> 0x0021
[2208] [M]: 0x8000226C (0x002181B3) add gp, gp, sp
x3 <- 0x80008810


mem[X,0x80002270] -> 0xAF07
mem[X,0x80002272] -> 0x0281
[2209] [M]: 0x80002270 (0x0281AF07) flw ft10, 40(gp)
mem[R,0x80008838] -> 0x00000401
f30 <- 0xFFFFFFFF00000401


mem[X,0x80002274] -> 0x81B3
mem[X,0x80002276] -> 0x4021
[2210] [M]: 0x80002274 (0x402181B3) sub gp, gp, sp
x3 <- 0x80008010


mem[X,0x80002278] -> 0x1137
mem[X,0x8000227A] -> 0x0000
[2211] [M]: 0x80002278 (0x00001137) lui sp, 1
x2 <- 0x00001000


mem[X,0x8000227C] -> 0x0113
mem[X,0x8000227E] -> 0x8001
[2212] [M]: 0x8000227C (0x80010113) addi sp, sp, 2048
x2 <- 0x00000800


mem[X,0x80002280] -> 0x81B3
mem[X,0x80002282] -> 0x0021
[2213] [M]: 0x80002280 (0x002181B3) add gp, gp, sp
x3 <- 0x80008810


mem[X,0x80002284] -> 0xAE87
mem[X,0x80002286] -> 0x02C1
[2214] [M]: 0x80002284 (0x02C1AE87) flw ft9, 44(gp)
mem[R,0x8000883C] -> 0x0000FD55
f29 <- 0xFFFFFFFF0000FD55


mem[X,0x80002288] -> 0x81B3
mem[X,0x8000228A] -> 0x4021
[2215] [M]: 0x80002288 (0x402181B3) sub gp, gp, sp
x3 <- 0x80008010


mem[X,0x8000228C] -> 0x0113
mem[X,0x8000228E] -> 0x0000
[2216] [M]: 0x8000228C (0x00000113) addi sp, zero, 0
x2 <- 0x00000000


mem[X,0x80002290] -> 0x1073
mem[X,0x80002292] -> 0x0031
[2217] [M]: 0x80002290 (0x00311073) csrrw zero, fcsr, sp
CSR fcsr -> 0x00000000
CSR fcsr <- 0x00000000 (input: 0x00000000)


mem[X,0x80002294] -> 0x7FD3
mem[X,0x80002296] -> 0x05DF
[2218] [M]: 0x80002294 (0x05DF7FD3) fadd.h ft11, ft10, ft9, dyn
f31 <- 0xFFFFFFFFFFFF7E00


mem[X,0x80002298] -> 0x2273
mem[X,0x8000229A] -> 0x0030
[2219] [M]: 0x80002298 (0x00302273) csrrs tp, fcsr, zero
CSR fcsr -> 0x00000000
x4 <- 0x00000000


mem[X,0x8000229C] -> 0xA427
mem[X,0x8000229E] -> 0x03F0
[2220] [M]: 0x8000229C (0x03F0A427) fsw ft11, 40(ra)
mem[0x80009C3C] <- 0xFFFF7E00


mem[X,0x800022A0] -> 0xA623
mem[X,0x800022A2] -> 0x0240
[2221] [M]: 0x800022A0 (0x0240A623) sw tp, 44(ra)
mem[0x80009C40] <- 0x00000000


mem[X,0x800022A4] -> 0x1137
mem[X,0x800022A6] -> 0x0000
[2222] [M]: 0x800022A4 (0x00001137) lui sp, 1
x2 <- 0x00001000


mem[X,0x800022A8] -> 0x0113
mem[X,0x800022AA] -> 0x8001
[2223] [M]: 0x800022A8 (0x80010113) addi sp, sp, 2048
x2 <- 0x00000800


mem[X,0x800022AC] -> 0x81B3
mem[X,0x800022AE] -> 0x0021
[2224] [M]: 0x800022AC (0x002181B3) add gp, gp, sp
x3 <- 0x80008810


mem[X,0x800022B0] -> 0xAF07
mem[X,0x800022B2] -> 0x0301
[2225] [M]: 0x800022B0 (0x0301AF07) flw ft10, 48(gp)
mem[R,0x80008840] -> 0x00000401
f30 <- 0xFFFFFFFF00000401


mem[X,0x800022B4] -> 0x81B3
mem[X,0x800022B6] -> 0x4021
[2226] [M]: 0x800022B4 (0x402181B3) sub gp, gp, sp
x3 <- 0x80008010


mem[X,0x800022B8] -> 0x1137
mem[X,0x800022BA] -> 0x0000
[2227] [M]: 0x800022B8 (0x00001137) lui sp, 1
x2 <- 0x00001000


mem[X,0x800022BC] -> 0x0113
mem[X,0x800022BE] -> 0x8001
[2228] [M]: 0x800022BC (0x80010113) addi sp, sp, 2048
x2 <- 0x00000800


mem[X,0x800022C0] -> 0x81B3
mem[X,0x800022C2] -> 0x0021
[2229] [M]: 0x800022C0 (0x002181B3) add gp, gp, sp
x3 <- 0x80008810


mem[X,0x800022C4] -> 0xAE87
mem[X,0x800022C6] -> 0x0341
[2230] [M]: 0x800022C4 (0x0341AE87) flw ft9, 52(gp)
mem[R,0x80008844] -> 0x00003C00
f29 <- 0xFFFFFFFF00003C00


mem[X,0x800022C8] -> 0x81B3
mem[X,0x800022CA] -> 0x4021
[2231] [M]: 0x800022C8 (0x402181B3) sub gp, gp, sp
x3 <- 0x80008010


mem[X,0x800022CC] -> 0x0113
mem[X,0x800022CE] -> 0x0000
[2232] [M]: 0x800022CC (0x00000113) addi sp, zero, 0
x2 <- 0x00000000


mem[X,0x800022D0] -> 0x1073
mem[X,0x800022D2] -> 0x0031
[2233] [M]: 0x800022D0 (0x00311073) csrrw zero, fcsr, sp
CSR fcsr -> 0x00000000
CSR fcsr <- 0x00000000 (input: 0x00000000)


mem[X,0x800022D4] -> 0x7FD3
mem[X,0x800022D6] -> 0x05DF
[2234] [M]: 0x800022D4 (0x05DF7FD3) fadd.h ft11, ft10, ft9, dyn
f31 <- 0xFFFFFFFFFFFF7E00


mem[X,0x800022D8] -> 0x2273
mem[X,0x800022DA] -> 0x0030
[2235] [M]: 0x800022D8 (0x00302273) csrrs tp, fcsr, zero
CSR fcsr -> 0x00000000
x4 <- 0x00000000


mem[X,0x800022DC] -> 0xA827
mem[X,0x800022DE] -> 0x03F0
[2236] [M]: 0x800022DC (0x03F0A827) fsw ft11, 48(ra)
mem[0x80009C44] <- 0xFFFF7E00


mem[X,0x800022E0] -> 0xAA23
mem[X,0x800022E2] -> 0x0240
[2237] [M]: 0x800022E0 (0x0240AA23) sw tp, 52(ra)
mem[0x80009C48] <- 0x00000000


mem[X,0x800022E4] -> 0x1137
mem[X,0x800022E6] -> 0x0000
[2238] [M]: 0x800022E4 (0x00001137) lui sp, 1
x2 <- 0x00001000


mem[X,0x800022E8] -> 0x0113
mem[X,0x800022EA] -> 0x8001
[2239] [M]: 0x800022E8 (0x80010113) addi sp, sp, 2048
x2 <- 0x00000800


mem[X,0x800022EC] -> 0x81B3
mem[X,0x800022EE] -> 0x0021
[2240] [M]: 0x800022EC (0x002181B3) add gp, gp, sp
x3 <- 0x80008810


mem[X,0x800022F0] -> 0xAF07
mem[X,0x800022F2] -> 0x0381
[2241] [M]: 0x800022F0 (0x0381AF07) flw ft10, 56(gp)
mem[R,0x80008848] -> 0x00000401
f30 <- 0xFFFFFFFF00000401


mem[X,0x800022F4] -> 0x81B3
mem[X,0x800022F6] -> 0x4021
[2242] [M]: 0x800022F4 (0x402181B3) sub gp, gp, sp
x3 <- 0x80008010


mem[X,0x800022F8] -> 0x1137
mem[X,0x800022FA] -> 0x0000
[2243] [M]: 0x800022F8 (0x00001137) lui sp, 1
x2 <- 0x00001000


mem[X,0x800022FC] -> 0x0113
mem[X,0x800022FE] -> 0x8001
[2244] [M]: 0x800022FC (0x80010113) addi sp, sp, 2048
x2 <- 0x00000800


mem[X,0x80002300] -> 0x81B3
mem[X,0x80002302] -> 0x0021
[2245] [M]: 0x80002300 (0x002181B3) add gp, gp, sp
x3 <- 0x80008810


mem[X,0x80002304] -> 0xAE87
mem[X,0x80002306] -> 0x03C1
[2246] [M]: 0x80002304 (0x03C1AE87) flw ft9, 60(gp)
mem[R,0x8000884C] -> 0x0000BC00
f29 <- 0xFFFFFFFF0000BC00


mem[X,0x80002308] -> 0x81B3
mem[X,0x8000230A] -> 0x4021
[2247] [M]: 0x80002308 (0x402181B3) sub gp, gp, sp
x3 <- 0x80008010


mem[X,0x8000230C] -> 0x0113
mem[X,0x8000230E] -> 0x0000
[2248] [M]: 0x8000230C (0x00000113) addi sp, zero, 0
x2 <- 0x00000000


mem[X,0x80002310] -> 0x1073
mem[X,0x80002312] -> 0x0031
[2249] [M]: 0x80002310 (0x00311073) csrrw zero, fcsr, sp
CSR fcsr -> 0x00000000
CSR fcsr <- 0x00000000 (input: 0x00000000)


mem[X,0x80002314] -> 0x7FD3
mem[X,0x80002316] -> 0x05DF
[2250] [M]: 0x80002314 (0x05DF7FD3) fadd.h ft11, ft10, ft9, dyn
f31 <- 0xFFFFFFFFFFFF7E00


mem[X,0x80002318] -> 0x2273
mem[X,0x8000231A] -> 0x0030
[2251] [M]: 0x80002318 (0x00302273) csrrs tp, fcsr, zero
CSR fcsr -> 0x00000000
x4 <- 0x00000000


mem[X,0x8000231C] -> 0xAC27
mem[X,0x8000231E] -> 0x03F0
[2252] [M]: 0x8000231C (0x03F0AC27) fsw ft11, 56(ra)
mem[0x80009C4C] <- 0xFFFF7E00


mem[X,0x80002320] -> 0xAE23
mem[X,0x80002322] -> 0x0240
[2253] [M]: 0x80002320 (0x0240AE23) sw tp, 60(ra)
mem[0x80009C50] <- 0x00000000


mem[X,0x80002324] -> 0x1137
mem[X,0x80002326] -> 0x0000
[2254] [M]: 0x80002324 (0x00001137) lui sp, 1
x2 <- 0x00001000


mem[X,0x80002328] -> 0x0113
mem[X,0x8000232A] -> 0x8001
[2255] [M]: 0x80002328 (0x80010113) addi sp, sp, 2048
x2 <- 0x00000800


mem[X,0x8000232C] -> 0x81B3
mem[X,0x8000232E] -> 0x0021
[2256] [M]: 0x8000232C (0x002181B3) add gp, gp, sp
x3 <- 0x80008810


mem[X,0x80002330] -> 0xAF07
mem[X,0x80002332] -> 0x0401
[2257] [M]: 0x80002330 (0x0401AF07) flw ft10, 64(gp)
mem[R,0x80008850] -> 0x00008455
f30 <- 0xFFFFFFFF00008455


mem[X,0x80002334] -> 0x81B3
mem[X,0x80002336] -> 0x4021
[2258] [M]: 0x80002334 (0x402181B3) sub gp, gp, sp
x3 <- 0x80008010


mem[X,0x80002338] -> 0x1137
mem[X,0x8000233A] -> 0x0000
[2259] [M]: 0x80002338 (0x00001137) lui sp, 1
x2 <- 0x00001000


mem[X,0x8000233C] -> 0x0113
mem[X,0x8000233E] -> 0x8001
[2260] [M]: 0x8000233C (0x80010113) addi sp, sp, 2048
x2 <- 0x00000800


mem[X,0x80002340] -> 0x81B3
mem[X,0x80002342] -> 0x0021
[2261] [M]: 0x80002340 (0x002181B3) add gp, gp, sp
x3 <- 0x80008810


mem[X,0x80002344] -> 0xAE87
mem[X,0x80002346] -> 0x0441
[2262] [M]: 0x80002344 (0x0441AE87) flw ft9, 68(gp)
mem[R,0x80008854] -> 0x00000000
f29 <- 0xFFFFFFFF00000000


mem[X,0x80002348] -> 0x81B3
mem[X,0x8000234A] -> 0x4021
[2263] [M]: 0x80002348 (0x402181B3) sub gp, gp, sp
x3 <- 0x80008010


mem[X,0x8000234C] -> 0x0113
mem[X,0x8000234E] -> 0x0000
[2264] [M]: 0x8000234C (0x00000113) addi sp, zero, 0
x2 <- 0x00000000


mem[X,0x80002350] -> 0x1073
mem[X,0x80002352] -> 0x0031
[2265] [M]: 0x80002350 (0x00311073) csrrw zero, fcsr, sp
CSR fcsr -> 0x00000000
CSR fcsr <- 0x00000000 (input: 0x00000000)


mem[X,0x80002354] -> 0x7FD3
mem[X,0x80002356] -> 0x05DF
[2266] [M]: 0x80002354 (0x05DF7FD3) fadd.h ft11, ft10, ft9, dyn
f31 <- 0xFFFFFFFFFFFF7E00


mem[X,0x80002358] -> 0x2273
mem[X,0x8000235A] -> 0x0030
[2267] [M]: 0x80002358 (0x00302273) csrrs tp, fcsr, zero
CSR fcsr -> 0x00000000
x4 <- 0x00000000


mem[X,0x8000235C] -> 0xA027
mem[X,0x8000235E] -> 0x05F0
[2268] [M]: 0x8000235C (0x05F0A027) fsw ft11, 64(ra)
mem[0x80009C54] <- 0xFFFF7E00


mem[X,0x80002360] -> 0xA223
mem[X,0x80002362] -> 0x0440
[2269] [M]: 0x80002360 (0x0440A223) sw tp, 68(ra)
mem[0x80009C58] <- 0x00000000


mem[X,0x80002364] -> 0x1137
mem[X,0x80002366] -> 0x0000
[2270] [M]: 0x80002364 (0x00001137) lui sp, 1
x2 <- 0x00001000


mem[X,0x80002368] -> 0x0113
mem[X,0x8000236A] -> 0x8001
[2271] [M]: 0x80002368 (0x80010113) addi sp, sp, 2048
x2 <- 0x00000800


mem[X,0x8000236C] -> 0x81B3
mem[X,0x8000236E] -> 0x0021
[2272] [M]: 0x8000236C (0x002181B3) add gp, gp, sp
x3 <- 0x80008810


mem[X,0x80002370] -> 0xAF07
mem[X,0x80002372] -> 0x0481
[2273] [M]: 0x80002370 (0x0481AF07) flw ft10, 72(gp)
mem[R,0x80008858] -> 0x00008455
f30 <- 0xFFFFFFFF00008455


mem[X,0x80002374] -> 0x81B3
mem[X,0x80002376] -> 0x4021
[2274] [M]: 0x80002374 (0x402181B3) sub gp, gp, sp
x3 <- 0x80008010


mem[X,0x80002378] -> 0x1137
mem[X,0x8000237A] -> 0x0000
[2275] [M]: 0x80002378 (0x00001137) lui sp, 1
x2 <- 0x00001000


mem[X,0x8000237C] -> 0x0113
mem[X,0x8000237E] -> 0x8001
[2276] [M]: 0x8000237C (0x80010113) addi sp, sp, 2048
x2 <- 0x00000800


mem[X,0x80002380] -> 0x81B3
mem[X,0x80002382] -> 0x0021
[2277] [M]: 0x80002380 (0x002181B3) add gp, gp, sp
x3 <- 0x80008810


mem[X,0x80002384] -> 0xAE87
mem[X,0x80002386] -> 0x04C1
[2278] [M]: 0x80002384 (0x04C1AE87) flw ft9, 76(gp)
mem[R,0x8000885C] -> 0x00008000
f29 <- 0xFFFFFFFF00008000


mem[X,0x80002388] -> 0x81B3
mem[X,0x8000238A] -> 0x4021
[2279] [M]: 0x80002388 (0x402181B3) sub gp, gp, sp
x3 <- 0x80008010


mem[X,0x8000238C] -> 0x0113
mem[X,0x8000238E] -> 0x0000
[2280] [M]: 0x8000238C (0x00000113) addi sp, zero, 0
x2 <- 0x00000000


mem[X,0x80002390] -> 0x1073
mem[X,0x80002392] -> 0x0031
[2281] [M]: 0x80002390 (0x00311073) csrrw zero, fcsr, sp
CSR fcsr -> 0x00000000
CSR fcsr <- 0x00000000 (input: 0x00000000)


mem[X,0x80002394] -> 0x7FD3
mem[X,0x80002396] -> 0x05DF
[2282] [M]: 0x80002394 (0x05DF7FD3) fadd.h ft11, ft10, ft9, dyn
f31 <- 0xFFFFFFFFFFFF7E00


mem[X,0x80002398] -> 0x2273
mem[X,0x8000239A] -> 0x0030
[2283] [M]: 0x80002398 (0x00302273) csrrs tp, fcsr, zero
CSR fcsr -> 0x00000000
x4 <- 0x00000000


mem[X,0x8000239C] -> 0xA427
mem[X,0x8000239E] -> 0x05F0
[2284] [M]: 0x8000239C (0x05F0A427) fsw ft11, 72(ra)
mem[0x80009C5C] <- 0xFFFF7E00


mem[X,0x800023A0] -> 0xA623
mem[X,0x800023A2] -> 0x0440
[2285] [M]: 0x800023A0 (0x0440A623) sw tp, 76(ra)
mem[0x80009C60] <- 0x00000000


mem[X,0x800023A4] -> 0x1137
mem[X,0x800023A6] -> 0x0000
[2286] [M]: 0x800023A4 (0x00001137) lui sp, 1
x2 <- 0x00001000


mem[X,0x800023A8] -> 0x0113
mem[X,0x800023AA] -> 0x8001
[2287] [M]: 0x800023A8 (0x80010113) addi sp, sp, 2048
x2 <- 0x00000800


mem[X,0x800023AC] -> 0x81B3
mem[X,0x800023AE] -> 0x0021
[2288] [M]: 0x800023AC (0x002181B3) add gp, gp, sp
x3 <- 0x80008810


mem[X,0x800023B0] -> 0xAF07
mem[X,0x800023B2] -> 0x0501
[2289] [M]: 0x800023B0 (0x0501AF07) flw ft10, 80(gp)
mem[R,0x80008860] -> 0x00008455
f30 <- 0xFFFFFFFF00008455


mem[X,0x800023B4] -> 0x81B3
mem[X,0x800023B6] -> 0x4021
[2290] [M]: 0x800023B4 (0x402181B3) sub gp, gp, sp
x3 <- 0x80008010


mem[X,0x800023B8] -> 0x1137
mem[X,0x800023BA] -> 0x0000
[2291] [M]: 0x800023B8 (0x00001137) lui sp, 1
x2 <- 0x00001000


mem[X,0x800023BC] -> 0x0113
mem[X,0x800023BE] -> 0x8001
[2292] [M]: 0x800023BC (0x80010113) addi sp, sp, 2048
x2 <- 0x00000800


mem[X,0x800023C0] -> 0x81B3
mem[X,0x800023C2] -> 0x0021
[2293] [M]: 0x800023C0 (0x002181B3) add gp, gp, sp
x3 <- 0x80008810


mem[X,0x800023C4] -> 0xAE87
mem[X,0x800023C6] -> 0x0541
[2294] [M]: 0x800023C4 (0x0541AE87) flw ft9, 84(gp)
mem[R,0x80008864] -> 0x00000001
f29 <- 0xFFFFFFFF00000001


mem[X,0x800023C8] -> 0x81B3
mem[X,0x800023CA] -> 0x4021
[2295] [M]: 0x800023C8 (0x402181B3) sub gp, gp, sp
x3 <- 0x80008010


mem[X,0x800023CC] -> 0x0113
mem[X,0x800023CE] -> 0x0000
[2296] [M]: 0x800023CC (0x00000113) addi sp, zero, 0
x2 <- 0x00000000


mem[X,0x800023D0] -> 0x1073
mem[X,0x800023D2] -> 0x0031
[2297] [M]: 0x800023D0 (0x00311073) csrrw zero, fcsr, sp
CSR fcsr -> 0x00000000
CSR fcsr <- 0x00000000 (input: 0x00000000)


mem[X,0x800023D4] -> 0x7FD3
mem[X,0x800023D6] -> 0x05DF
[2298] [M]: 0x800023D4 (0x05DF7FD3) fadd.h ft11, ft10, ft9, dyn
f31 <- 0xFFFFFFFFFFFF7E00


mem[X,0x800023D8] -> 0x2273
mem[X,0x800023DA] -> 0x0030
[2299] [M]: 0x800023D8 (0x00302273) csrrs tp, fcsr, zero
CSR fcsr -> 0x00000000
x4 <- 0x00000000


clint::tick mtime <- 0x0000000000000017
 clint timer pending at mtime 0x0000000000000017
htif::tick 0x0000000000000000
mem[X,0x800023DC] -> 0xA827
mem[X,0x800023DE] -> 0x05F0
[2300] [M]: 0x800023DC (0x05F0A827) fsw ft11, 80(ra)
mem[0x80009C64] <- 0xFFFF7E00


mem[X,0x800023E0] -> 0xAA23
mem[X,0x800023E2] -> 0x0440
[2301] [M]: 0x800023E0 (0x0440AA23) sw tp, 84(ra)
mem[0x80009C68] <- 0x00000000


mem[X,0x800023E4] -> 0x1137
mem[X,0x800023E6] -> 0x0000
[2302] [M]: 0x800023E4 (0x00001137) lui sp, 1
x2 <- 0x00001000


mem[X,0x800023E8] -> 0x0113
mem[X,0x800023EA] -> 0x8001
[2303] [M]: 0x800023E8 (0x80010113) addi sp, sp, 2048
x2 <- 0x00000800


mem[X,0x800023EC] -> 0x81B3
mem[X,0x800023EE] -> 0x0021
[2304] [M]: 0x800023EC (0x002181B3) add gp, gp, sp
x3 <- 0x80008810


mem[X,0x800023F0] -> 0xAF07
mem[X,0x800023F2] -> 0x0581
[2305] [M]: 0x800023F0 (0x0581AF07) flw ft10, 88(gp)
mem[R,0x80008868] -> 0x00008455
f30 <- 0xFFFFFFFF00008455


mem[X,0x800023F4] -> 0x81B3
mem[X,0x800023F6] -> 0x4021
[2306] [M]: 0x800023F4 (0x402181B3) sub gp, gp, sp
x3 <- 0x80008010


mem[X,0x800023F8] -> 0x1137
mem[X,0x800023FA] -> 0x0000
[2307] [M]: 0x800023F8 (0x00001137) lui sp, 1
x2 <- 0x00001000


mem[X,0x800023FC] -> 0x0113
mem[X,0x800023FE] -> 0x8001
[2308] [M]: 0x800023FC (0x80010113) addi sp, sp, 2048
x2 <- 0x00000800


mem[X,0x80002400] -> 0x81B3
mem[X,0x80002402] -> 0x0021
[2309] [M]: 0x80002400 (0x002181B3) add gp, gp, sp
x3 <- 0x80008810


mem[X,0x80002404] -> 0xAE87
mem[X,0x80002406] -> 0x05C1
[2310] [M]: 0x80002404 (0x05C1AE87) flw ft9, 92(gp)
mem[R,0x8000886C] -> 0x00008001
f29 <- 0xFFFFFFFF00008001


mem[X,0x80002408] -> 0x81B3
mem[X,0x8000240A] -> 0x4021
[2311] [M]: 0x80002408 (0x402181B3) sub gp, gp, sp
x3 <- 0x80008010


mem[X,0x8000240C] -> 0x0113
mem[X,0x8000240E] -> 0x0000
[2312] [M]: 0x8000240C (0x00000113) addi sp, zero, 0
x2 <- 0x00000000


mem[X,0x80002410] -> 0x1073
mem[X,0x80002412] -> 0x0031
[2313] [M]: 0x80002410 (0x00311073) csrrw zero, fcsr, sp
CSR fcsr -> 0x00000000
CSR fcsr <- 0x00000000 (input: 0x00000000)


mem[X,0x80002414] -> 0x7FD3
mem[X,0x80002416] -> 0x05DF
[2314] [M]: 0x80002414 (0x05DF7FD3) fadd.h ft11, ft10, ft9, dyn
f31 <- 0xFFFFFFFFFFFF7E00


mem[X,0x80002418] -> 0x2273
mem[X,0x8000241A] -> 0x0030
[2315] [M]: 0x80002418 (0x00302273) csrrs tp, fcsr, zero
CSR fcsr -> 0x00000000
x4 <- 0x00000000


mem[X,0x8000241C] -> 0xAC27
mem[X,0x8000241E] -> 0x05F0
[2316] [M]: 0x8000241C (0x05F0AC27) fsw ft11, 88(ra)
mem[0x80009C6C] <- 0xFFFF7E00


mem[X,0x80002420] -> 0xAE23
mem[X,0x80002422] -> 0x0440
[2317] [M]: 0x80002420 (0x0440AE23) sw tp, 92(ra)
mem[0x80009C70] <- 0x00000000


mem[X,0x80002424] -> 0x1137
mem[X,0x80002426] -> 0x0000
[2318] [M]: 0x80002424 (0x00001137) lui sp, 1
x2 <- 0x00001000


mem[X,0x80002428] -> 0x0113
mem[X,0x8000242A] -> 0x8001
[2319] [M]: 0x80002428 (0x80010113) addi sp, sp, 2048
x2 <- 0x00000800


mem[X,0x8000242C] -> 0x81B3
mem[X,0x8000242E] -> 0x0021
[2320] [M]: 0x8000242C (0x002181B3) add gp, gp, sp
x3 <- 0x80008810


mem[X,0x80002430] -> 0xAF07
mem[X,0x80002432] -> 0x0601
[2321] [M]: 0x80002430 (0x0601AF07) flw ft10, 96(gp)
mem[R,0x80008870] -> 0x00008455
f30 <- 0xFFFFFFFF00008455


mem[X,0x80002434] -> 0x81B3
mem[X,0x80002436] -> 0x4021
[2322] [M]: 0x80002434 (0x402181B3) sub gp, gp, sp
x3 <- 0x80008010


mem[X,0x80002438] -> 0x1137
mem[X,0x8000243A] -> 0x0000
[2323] [M]: 0x80002438 (0x00001137) lui sp, 1
x2 <- 0x00001000


mem[X,0x8000243C] -> 0x0113
mem[X,0x8000243E] -> 0x8001
[2324] [M]: 0x8000243C (0x80010113) addi sp, sp, 2048
x2 <- 0x00000800


mem[X,0x80002440] -> 0x81B3
mem[X,0x80002442] -> 0x0021
[2325] [M]: 0x80002440 (0x002181B3) add gp, gp, sp
x3 <- 0x80008810


mem[X,0x80002444] -> 0xAE87
mem[X,0x80002446] -> 0x0641
[2326] [M]: 0x80002444 (0x0641AE87) flw ft9, 100(gp)
mem[R,0x80008874] -> 0x00000002
f29 <- 0xFFFFFFFF00000002


mem[X,0x80002448] -> 0x81B3
mem[X,0x8000244A] -> 0x4021
[2327] [M]: 0x80002448 (0x402181B3) sub gp, gp, sp
x3 <- 0x80008010


mem[X,0x8000244C] -> 0x0113
mem[X,0x8000244E] -> 0x0000
[2328] [M]: 0x8000244C (0x00000113) addi sp, zero, 0
x2 <- 0x00000000


mem[X,0x80002450] -> 0x1073
mem[X,0x80002452] -> 0x0031
[2329] [M]: 0x80002450 (0x00311073) csrrw zero, fcsr, sp
CSR fcsr -> 0x00000000
CSR fcsr <- 0x00000000 (input: 0x00000000)


mem[X,0x80002454] -> 0x7FD3
mem[X,0x80002456] -> 0x05DF
[2330] [M]: 0x80002454 (0x05DF7FD3) fadd.h ft11, ft10, ft9, dyn
f31 <- 0xFFFFFFFFFFFF7E00


mem[X,0x80002458] -> 0x2273
mem[X,0x8000245A] -> 0x0030
[2331] [M]: 0x80002458 (0x00302273) csrrs tp, fcsr, zero
CSR fcsr -> 0x00000000
x4 <- 0x00000000


mem[X,0x8000245C] -> 0xA027
mem[X,0x8000245E] -> 0x07F0
[2332] [M]: 0x8000245C (0x07F0A027) fsw ft11, 96(ra)
mem[0x80009C74] <- 0xFFFF7E00


mem[X,0x80002460] -> 0xA223
mem[X,0x80002462] -> 0x0640
[2333] [M]: 0x80002460 (0x0640A223) sw tp, 100(ra)
mem[0x80009C78] <- 0x00000000


mem[X,0x80002464] -> 0x1137
mem[X,0x80002466] -> 0x0000
[2334] [M]: 0x80002464 (0x00001137) lui sp, 1
x2 <- 0x00001000


mem[X,0x80002468] -> 0x0113
mem[X,0x8000246A] -> 0x8001
[2335] [M]: 0x80002468 (0x80010113) addi sp, sp, 2048
x2 <- 0x00000800


mem[X,0x8000246C] -> 0x81B3
mem[X,0x8000246E] -> 0x0021
[2336] [M]: 0x8000246C (0x002181B3) add gp, gp, sp
x3 <- 0x80008810


mem[X,0x80002470] -> 0xAF07
mem[X,0x80002472] -> 0x0681
[2337] [M]: 0x80002470 (0x0681AF07) flw ft10, 104(gp)
mem[R,0x80008878] -> 0x00008455
f30 <- 0xFFFFFFFF00008455


mem[X,0x80002474] -> 0x81B3
mem[X,0x80002476] -> 0x4021
[2338] [M]: 0x80002474 (0x402181B3) sub gp, gp, sp
x3 <- 0x80008010


mem[X,0x80002478] -> 0x1137
mem[X,0x8000247A] -> 0x0000
[2339] [M]: 0x80002478 (0x00001137) lui sp, 1
x2 <- 0x00001000


mem[X,0x8000247C] -> 0x0113
mem[X,0x8000247E] -> 0x8001
[2340] [M]: 0x8000247C (0x80010113) addi sp, sp, 2048
x2 <- 0x00000800


mem[X,0x80002480] -> 0x81B3
mem[X,0x80002482] -> 0x0021
[2341] [M]: 0x80002480 (0x002181B3) add gp, gp, sp
x3 <- 0x80008810


mem[X,0x80002484] -> 0xAE87
mem[X,0x80002486] -> 0x06C1
[2342] [M]: 0x80002484 (0x06C1AE87) flw ft9, 108(gp)
mem[R,0x8000887C] -> 0x000083FE
f29 <- 0xFFFFFFFF000083FE


mem[X,0x80002488] -> 0x81B3
mem[X,0x8000248A] -> 0x4021
[2343] [M]: 0x80002488 (0x402181B3) sub gp, gp, sp
x3 <- 0x80008010


mem[X,0x8000248C] -> 0x0113
mem[X,0x8000248E] -> 0x0000
[2344] [M]: 0x8000248C (0x00000113) addi sp, zero, 0
x2 <- 0x00000000


mem[X,0x80002490] -> 0x1073
mem[X,0x80002492] -> 0x0031
[2345] [M]: 0x80002490 (0x00311073) csrrw zero, fcsr, sp
CSR fcsr -> 0x00000000
CSR fcsr <- 0x00000000 (input: 0x00000000)


mem[X,0x80002494] -> 0x7FD3
mem[X,0x80002496] -> 0x05DF
[2346] [M]: 0x80002494 (0x05DF7FD3) fadd.h ft11, ft10, ft9, dyn
f31 <- 0xFFFFFFFFFFFF7E00


mem[X,0x80002498] -> 0x2273
mem[X,0x8000249A] -> 0x0030
[2347] [M]: 0x80002498 (0x00302273) csrrs tp, fcsr, zero
CSR fcsr -> 0x00000000
x4 <- 0x00000000


mem[X,0x8000249C] -> 0xA427
mem[X,0x8000249E] -> 0x07F0
[2348] [M]: 0x8000249C (0x07F0A427) fsw ft11, 104(ra)
mem[0x80009C7C] <- 0xFFFF7E00


mem[X,0x800024A0] -> 0xA623
mem[X,0x800024A2] -> 0x0640
[2349] [M]: 0x800024A0 (0x0640A623) sw tp, 108(ra)
mem[0x80009C80] <- 0x00000000


mem[X,0x800024A4] -> 0x1137
mem[X,0x800024A6] -> 0x0000
[2350] [M]: 0x800024A4 (0x00001137) lui sp, 1
x2 <- 0x00001000


mem[X,0x800024A8] -> 0x0113
mem[X,0x800024AA] -> 0x8001
[2351] [M]: 0x800024A8 (0x80010113) addi sp, sp, 2048
x2 <- 0x00000800


mem[X,0x800024AC] -> 0x81B3
mem[X,0x800024AE] -> 0x0021
[2352] [M]: 0x800024AC (0x002181B3) add gp, gp, sp
x3 <- 0x80008810


mem[X,0x800024B0] -> 0xAF07
mem[X,0x800024B2] -> 0x0701
[2353] [M]: 0x800024B0 (0x0701AF07) flw ft10, 112(gp)
mem[R,0x80008880] -> 0x00008455
f30 <- 0xFFFFFFFF00008455


mem[X,0x800024B4] -> 0x81B3
mem[X,0x800024B6] -> 0x4021
[2354] [M]: 0x800024B4 (0x402181B3) sub gp, gp, sp
x3 <- 0x80008010


mem[X,0x800024B8] -> 0x1137
mem[X,0x800024BA] -> 0x0000
[2355] [M]: 0x800024B8 (0x00001137) lui sp, 1
x2 <- 0x00001000


mem[X,0x800024BC] -> 0x0113
mem[X,0x800024BE] -> 0x8001
[2356] [M]: 0x800024BC (0x80010113) addi sp, sp, 2048
x2 <- 0x00000800


mem[X,0x800024C0] -> 0x81B3
mem[X,0x800024C2] -> 0x0021
[2357] [M]: 0x800024C0 (0x002181B3) add gp, gp, sp
x3 <- 0x80008810


mem[X,0x800024C4] -> 0xAE87
mem[X,0x800024C6] -> 0x0741
[2358] [M]: 0x800024C4 (0x0741AE87) flw ft9, 116(gp)
mem[R,0x80008884] -> 0x000003FF
f29 <- 0xFFFFFFFF000003FF


mem[X,0x800024C8] -> 0x81B3
mem[X,0x800024CA] -> 0x4021
[2359] [M]: 0x800024C8 (0x402181B3) sub gp, gp, sp
x3 <- 0x80008010


mem[X,0x800024CC] -> 0x0113
mem[X,0x800024CE] -> 0x0000
[2360] [M]: 0x800024CC (0x00000113) addi sp, zero, 0
x2 <- 0x00000000


mem[X,0x800024D0] -> 0x1073
mem[X,0x800024D2] -> 0x0031
[2361] [M]: 0x800024D0 (0x00311073) csrrw zero, fcsr, sp
CSR fcsr -> 0x00000000
CSR fcsr <- 0x00000000 (input: 0x00000000)


mem[X,0x800024D4] -> 0x7FD3
mem[X,0x800024D6] -> 0x05DF
[2362] [M]: 0x800024D4 (0x05DF7FD3) fadd.h ft11, ft10, ft9, dyn
f31 <- 0xFFFFFFFFFFFF7E00


mem[X,0x800024D8] -> 0x2273
mem[X,0x800024DA] -> 0x0030
[2363] [M]: 0x800024D8 (0x00302273) csrrs tp, fcsr, zero
CSR fcsr -> 0x00000000
x4 <- 0x00000000


mem[X,0x800024DC] -> 0xA827
mem[X,0x800024DE] -> 0x07F0
[2364] [M]: 0x800024DC (0x07F0A827) fsw ft11, 112(ra)
mem[0x80009C84] <- 0xFFFF7E00


mem[X,0x800024E0] -> 0xAA23
mem[X,0x800024E2] -> 0x0640
[2365] [M]: 0x800024E0 (0x0640AA23) sw tp, 116(ra)
mem[0x80009C88] <- 0x00000000


mem[X,0x800024E4] -> 0x1137
mem[X,0x800024E6] -> 0x0000
[2366] [M]: 0x800024E4 (0x00001137) lui sp, 1
x2 <- 0x00001000


mem[X,0x800024E8] -> 0x0113
mem[X,0x800024EA] -> 0x8001
[2367] [M]: 0x800024E8 (0x80010113) addi sp, sp, 2048
x2 <- 0x00000800


mem[X,0x800024EC] -> 0x81B3
mem[X,0x800024EE] -> 0x0021
[2368] [M]: 0x800024EC (0x002181B3) add gp, gp, sp
x3 <- 0x80008810


mem[X,0x800024F0] -> 0xAF07
mem[X,0x800024F2] -> 0x0781
[2369] [M]: 0x800024F0 (0x0781AF07) flw ft10, 120(gp)
mem[R,0x80008888] -> 0x00008455
f30 <- 0xFFFFFFFF00008455


mem[X,0x800024F4] -> 0x81B3
mem[X,0x800024F6] -> 0x4021
[2370] [M]: 0x800024F4 (0x402181B3) sub gp, gp, sp
x3 <- 0x80008010


mem[X,0x800024F8] -> 0x1137
mem[X,0x800024FA] -> 0x0000
[2371] [M]: 0x800024F8 (0x00001137) lui sp, 1
x2 <- 0x00001000


mem[X,0x800024FC] -> 0x0113
mem[X,0x800024FE] -> 0x8001
[2372] [M]: 0x800024FC (0x80010113) addi sp, sp, 2048
x2 <- 0x00000800


mem[X,0x80002500] -> 0x81B3
mem[X,0x80002502] -> 0x0021
[2373] [M]: 0x80002500 (0x002181B3) add gp, gp, sp
x3 <- 0x80008810


mem[X,0x80002504] -> 0xAE87
mem[X,0x80002506] -> 0x07C1
[2374] [M]: 0x80002504 (0x07C1AE87) flw ft9, 124(gp)
mem[R,0x8000888C] -> 0x000083FF
f29 <- 0xFFFFFFFF000083FF


mem[X,0x80002508] -> 0x81B3
mem[X,0x8000250A] -> 0x4021
[2375] [M]: 0x80002508 (0x402181B3) sub gp, gp, sp
x3 <- 0x80008010


mem[X,0x8000250C] -> 0x0113
mem[X,0x8000250E] -> 0x0000
[2376] [M]: 0x8000250C (0x00000113) addi sp, zero, 0
x2 <- 0x00000000


mem[X,0x80002510] -> 0x1073
mem[X,0x80002512] -> 0x0031
[2377] [M]: 0x80002510 (0x00311073) csrrw zero, fcsr, sp
CSR fcsr -> 0x00000000
CSR fcsr <- 0x00000000 (input: 0x00000000)


mem[X,0x80002514] -> 0x7FD3
mem[X,0x80002516] -> 0x05DF
[2378] [M]: 0x80002514 (0x05DF7FD3) fadd.h ft11, ft10, ft9, dyn
f31 <- 0xFFFFFFFFFFFF7E00


mem[X,0x80002518] -> 0x2273
mem[X,0x8000251A] -> 0x0030
[2379] [M]: 0x80002518 (0x00302273) csrrs tp, fcsr, zero
CSR fcsr -> 0x00000000
x4 <- 0x00000000


mem[X,0x8000251C] -> 0xAC27
mem[X,0x8000251E] -> 0x07F0
[2380] [M]: 0x8000251C (0x07F0AC27) fsw ft11, 120(ra)
mem[0x80009C8C] <- 0xFFFF7E00


mem[X,0x80002520] -> 0xAE23
mem[X,0x80002522] -> 0x0640
[2381] [M]: 0x80002520 (0x0640AE23) sw tp, 124(ra)
mem[0x80009C90] <- 0x00000000


mem[X,0x80002524] -> 0x1137
mem[X,0x80002526] -> 0x0000
[2382] [M]: 0x80002524 (0x00001137) lui sp, 1
x2 <- 0x00001000


mem[X,0x80002528] -> 0x0113
mem[X,0x8000252A] -> 0x8001
[2383] [M]: 0x80002528 (0x80010113) addi sp, sp, 2048
x2 <- 0x00000800


mem[X,0x8000252C] -> 0x81B3
mem[X,0x8000252E] -> 0x0021
[2384] [M]: 0x8000252C (0x002181B3) add gp, gp, sp
x3 <- 0x80008810


mem[X,0x80002530] -> 0xAF07
mem[X,0x80002532] -> 0x0801
[2385] [M]: 0x80002530 (0x0801AF07) flw ft10, 128(gp)
mem[R,0x80008890] -> 0x00008455
f30 <- 0xFFFFFFFF00008455


mem[X,0x80002534] -> 0x81B3
mem[X,0x80002536] -> 0x4021
[2386] [M]: 0x80002534 (0x402181B3) sub gp, gp, sp
x3 <- 0x80008010


mem[X,0x80002538] -> 0x1137
mem[X,0x8000253A] -> 0x0000
[2387] [M]: 0x80002538 (0x00001137) lui sp, 1
x2 <- 0x00001000


mem[X,0x8000253C] -> 0x0113
mem[X,0x8000253E] -> 0x8001
[2388] [M]: 0x8000253C (0x80010113) addi sp, sp, 2048
x2 <- 0x00000800


mem[X,0x80002540] -> 0x81B3
mem[X,0x80002542] -> 0x0021
[2389] [M]: 0x80002540 (0x002181B3) add gp, gp, sp
x3 <- 0x80008810


mem[X,0x80002544] -> 0xAE87
mem[X,0x80002546] -> 0x0841
[2390] [M]: 0x80002544 (0x0841AE87) flw ft9, 132(gp)
mem[R,0x80008894] -> 0x00000400
f29 <- 0xFFFFFFFF00000400


mem[X,0x80002548] -> 0x81B3
mem[X,0x8000254A] -> 0x4021
[2391] [M]: 0x80002548 (0x402181B3) sub gp, gp, sp
x3 <- 0x80008010


mem[X,0x8000254C] -> 0x0113
mem[X,0x8000254E] -> 0x0000
[2392] [M]: 0x8000254C (0x00000113) addi sp, zero, 0
x2 <- 0x00000000


mem[X,0x80002550] -> 0x1073
mem[X,0x80002552] -> 0x0031
[2393] [M]: 0x80002550 (0x00311073) csrrw zero, fcsr, sp
CSR fcsr -> 0x00000000
CSR fcsr <- 0x00000000 (input: 0x00000000)


mem[X,0x80002554] -> 0x7FD3
mem[X,0x80002556] -> 0x05DF
[2394] [M]: 0x80002554 (0x05DF7FD3) fadd.h ft11, ft10, ft9, dyn
f31 <- 0xFFFFFFFFFFFF7E00


mem[X,0x80002558] -> 0x2273
mem[X,0x8000255A] -> 0x0030
[2395] [M]: 0x80002558 (0x00302273) csrrs tp, fcsr, zero
CSR fcsr -> 0x00000000
x4 <- 0x00000000


mem[X,0x8000255C] -> 0xA027
mem[X,0x8000255E] -> 0x09F0
[2396] [M]: 0x8000255C (0x09F0A027) fsw ft11, 128(ra)
mem[0x80009C94] <- 0xFFFF7E00


mem[X,0x80002560] -> 0xA223
mem[X,0x80002562] -> 0x0840
[2397] [M]: 0x80002560 (0x0840A223) sw tp, 132(ra)
mem[0x80009C98] <- 0x00000000


mem[X,0x80002564] -> 0x1137
mem[X,0x80002566] -> 0x0000
[2398] [M]: 0x80002564 (0x00001137) lui sp, 1
x2 <- 0x00001000


mem[X,0x80002568] -> 0x0113
mem[X,0x8000256A] -> 0x8001
[2399] [M]: 0x80002568 (0x80010113) addi sp, sp, 2048
x2 <- 0x00000800


clint::tick mtime <- 0x0000000000000018
 clint timer pending at mtime 0x0000000000000018
htif::tick 0x0000000000000000
mem[X,0x8000256C] -> 0x81B3
mem[X,0x8000256E] -> 0x0021
[2400] [M]: 0x8000256C (0x002181B3) add gp, gp, sp
x3 <- 0x80008810


mem[X,0x80002570] -> 0xAF07
mem[X,0x80002572] -> 0x0881
[2401] [M]: 0x80002570 (0x0881AF07) flw ft10, 136(gp)
mem[R,0x80008898] -> 0x00008455
f30 <- 0xFFFFFFFF00008455


mem[X,0x80002574] -> 0x81B3
mem[X,0x80002576] -> 0x4021
[2402] [M]: 0x80002574 (0x402181B3) sub gp, gp, sp
x3 <- 0x80008010


mem[X,0x80002578] -> 0x1137
mem[X,0x8000257A] -> 0x0000
[2403] [M]: 0x80002578 (0x00001137) lui sp, 1
x2 <- 0x00001000


mem[X,0x8000257C] -> 0x0113
mem[X,0x8000257E] -> 0x8001
[2404] [M]: 0x8000257C (0x80010113) addi sp, sp, 2048
x2 <- 0x00000800


mem[X,0x80002580] -> 0x81B3
mem[X,0x80002582] -> 0x0021
[2405] [M]: 0x80002580 (0x002181B3) add gp, gp, sp
x3 <- 0x80008810


mem[X,0x80002584] -> 0xAE87
mem[X,0x80002586] -> 0x08C1
[2406] [M]: 0x80002584 (0x08C1AE87) flw ft9, 140(gp)
mem[R,0x8000889C] -> 0x00008400
f29 <- 0xFFFFFFFF00008400


mem[X,0x80002588] -> 0x81B3
mem[X,0x8000258A] -> 0x4021
[2407] [M]: 0x80002588 (0x402181B3) sub gp, gp, sp
x3 <- 0x80008010


mem[X,0x8000258C] -> 0x0113
mem[X,0x8000258E] -> 0x0000
[2408] [M]: 0x8000258C (0x00000113) addi sp, zero, 0
x2 <- 0x00000000


mem[X,0x80002590] -> 0x1073
mem[X,0x80002592] -> 0x0031
[2409] [M]: 0x80002590 (0x00311073) csrrw zero, fcsr, sp
CSR fcsr -> 0x00000000
CSR fcsr <- 0x00000000 (input: 0x00000000)


mem[X,0x80002594] -> 0x7FD3
mem[X,0x80002596] -> 0x05DF
[2410] [M]: 0x80002594 (0x05DF7FD3) fadd.h ft11, ft10, ft9, dyn
f31 <- 0xFFFFFFFFFFFF7E00


mem[X,0x80002598] -> 0x2273
mem[X,0x8000259A] -> 0x0030
[2411] [M]: 0x80002598 (0x00302273) csrrs tp, fcsr, zero
CSR fcsr -> 0x00000000
x4 <- 0x00000000


mem[X,0x8000259C] -> 0xA427
mem[X,0x8000259E] -> 0x09F0
[2412] [M]: 0x8000259C (0x09F0A427) fsw ft11, 136(ra)
mem[0x80009C9C] <- 0xFFFF7E00


mem[X,0x800025A0] -> 0xA623
mem[X,0x800025A2] -> 0x0840
[2413] [M]: 0x800025A0 (0x0840A623) sw tp, 140(ra)
mem[0x80009CA0] <- 0x00000000


mem[X,0x800025A4] -> 0x1137
mem[X,0x800025A6] -> 0x0000
[2414] [M]: 0x800025A4 (0x00001137) lui sp, 1
x2 <- 0x00001000


mem[X,0x800025A8] -> 0x0113
mem[X,0x800025AA] -> 0x8001
[2415] [M]: 0x800025A8 (0x80010113) addi sp, sp, 2048
x2 <- 0x00000800


mem[X,0x800025AC] -> 0x81B3
mem[X,0x800025AE] -> 0x0021
[2416] [M]: 0x800025AC (0x002181B3) add gp, gp, sp
x3 <- 0x80008810


mem[X,0x800025B0] -> 0xAF07
mem[X,0x800025B2] -> 0x0901
[2417] [M]: 0x800025B0 (0x0901AF07) flw ft10, 144(gp)
mem[R,0x800088A0] -> 0x00008455
f30 <- 0xFFFFFFFF00008455


mem[X,0x800025B4] -> 0x81B3
mem[X,0x800025B6] -> 0x4021
[2418] [M]: 0x800025B4 (0x402181B3) sub gp, gp, sp
x3 <- 0x80008010


mem[X,0x800025B8] -> 0x1137
mem[X,0x800025BA] -> 0x0000
[2419] [M]: 0x800025B8 (0x00001137) lui sp, 1
x2 <- 0x00001000


mem[X,0x800025BC] -> 0x0113
mem[X,0x800025BE] -> 0x8001
[2420] [M]: 0x800025BC (0x80010113) addi sp, sp, 2048
x2 <- 0x00000800


mem[X,0x800025C0] -> 0x81B3
mem[X,0x800025C2] -> 0x0021
[2421] [M]: 0x800025C0 (0x002181B3) add gp, gp, sp
x3 <- 0x80008810


mem[X,0x800025C4] -> 0xAE87
mem[X,0x800025C6] -> 0x0941
[2422] [M]: 0x800025C4 (0x0941AE87) flw ft9, 148(gp)
mem[R,0x800088A4] -> 0x00000401
f29 <- 0xFFFFFFFF00000401


mem[X,0x800025C8] -> 0x81B3
mem[X,0x800025CA] -> 0x4021
[2423] [M]: 0x800025C8 (0x402181B3) sub gp, gp, sp
x3 <- 0x80008010


mem[X,0x800025CC] -> 0x0113
mem[X,0x800025CE] -> 0x0000
[2424] [M]: 0x800025CC (0x00000113) addi sp, zero, 0
x2 <- 0x00000000


mem[X,0x800025D0] -> 0x1073
mem[X,0x800025D2] -> 0x0031
[2425] [M]: 0x800025D0 (0x00311073) csrrw zero, fcsr, sp
CSR fcsr -> 0x00000000
CSR fcsr <- 0x00000000 (input: 0x00000000)


mem[X,0x800025D4] -> 0x7FD3
mem[X,0x800025D6] -> 0x05DF
[2426] [M]: 0x800025D4 (0x05DF7FD3) fadd.h ft11, ft10, ft9, dyn
f31 <- 0xFFFFFFFFFFFF7E00


mem[X,0x800025D8] -> 0x2273
mem[X,0x800025DA] -> 0x0030
[2427] [M]: 0x800025D8 (0x00302273) csrrs tp, fcsr, zero
CSR fcsr -> 0x00000000
x4 <- 0x00000000


mem[X,0x800025DC] -> 0xA827
mem[X,0x800025DE] -> 0x09F0
[2428] [M]: 0x800025DC (0x09F0A827) fsw ft11, 144(ra)
mem[0x80009CA4] <- 0xFFFF7E00


mem[X,0x800025E0] -> 0xAA23
mem[X,0x800025E2] -> 0x0840
[2429] [M]: 0x800025E0 (0x0840AA23) sw tp, 148(ra)
mem[0x80009CA8] <- 0x00000000


mem[X,0x800025E4] -> 0x1137
mem[X,0x800025E6] -> 0x0000
[2430] [M]: 0x800025E4 (0x00001137) lui sp, 1
x2 <- 0x00001000


mem[X,0x800025E8] -> 0x0113
mem[X,0x800025EA] -> 0x8001
[2431] [M]: 0x800025E8 (0x80010113) addi sp, sp, 2048
x2 <- 0x00000800


mem[X,0x800025EC] -> 0x81B3
mem[X,0x800025EE] -> 0x0021
[2432] [M]: 0x800025EC (0x002181B3) add gp, gp, sp
x3 <- 0x80008810


mem[X,0x800025F0] -> 0xAF07
mem[X,0x800025F2] -> 0x0981
[2433] [M]: 0x800025F0 (0x0981AF07) flw ft10, 152(gp)
mem[R,0x800088A8] -> 0x00008455
f30 <- 0xFFFFFFFF00008455


mem[X,0x800025F4] -> 0x81B3
mem[X,0x800025F6] -> 0x4021
[2434] [M]: 0x800025F4 (0x402181B3) sub gp, gp, sp
x3 <- 0x80008010


mem[X,0x800025F8] -> 0x1137
mem[X,0x800025FA] -> 0x0000
[2435] [M]: 0x800025F8 (0x00001137) lui sp, 1
x2 <- 0x00001000


mem[X,0x800025FC] -> 0x0113
mem[X,0x800025FE] -> 0x8001
[2436] [M]: 0x800025FC (0x80010113) addi sp, sp, 2048
x2 <- 0x00000800


mem[X,0x80002600] -> 0x81B3
mem[X,0x80002602] -> 0x0021
[2437] [M]: 0x80002600 (0x002181B3) add gp, gp, sp
x3 <- 0x80008810


mem[X,0x80002604] -> 0xAE87
mem[X,0x80002606] -> 0x09C1
[2438] [M]: 0x80002604 (0x09C1AE87) flw ft9, 156(gp)
mem[R,0x800088AC] -> 0x00008455
f29 <- 0xFFFFFFFF00008455


mem[X,0x80002608] -> 0x81B3
mem[X,0x8000260A] -> 0x4021
[2439] [M]: 0x80002608 (0x402181B3) sub gp, gp, sp
x3 <- 0x80008010


mem[X,0x8000260C] -> 0x0113
mem[X,0x8000260E] -> 0x0000
[2440] [M]: 0x8000260C (0x00000113) addi sp, zero, 0
x2 <- 0x00000000


mem[X,0x80002610] -> 0x1073
mem[X,0x80002612] -> 0x0031
[2441] [M]: 0x80002610 (0x00311073) csrrw zero, fcsr, sp
CSR fcsr -> 0x00000000
CSR fcsr <- 0x00000000 (input: 0x00000000)


mem[X,0x80002614] -> 0x7FD3
mem[X,0x80002616] -> 0x05DF
[2442] [M]: 0x80002614 (0x05DF7FD3) fadd.h ft11, ft10, ft9, dyn
f31 <- 0xFFFFFFFFFFFF7E00


mem[X,0x80002618] -> 0x2273
mem[X,0x8000261A] -> 0x0030
[2443] [M]: 0x80002618 (0x00302273) csrrs tp, fcsr, zero
CSR fcsr -> 0x00000000
x4 <- 0x00000000


mem[X,0x8000261C] -> 0xAC27
mem[X,0x8000261E] -> 0x09F0
[2444] [M]: 0x8000261C (0x09F0AC27) fsw ft11, 152(ra)
mem[0x80009CAC] <- 0xFFFF7E00


mem[X,0x80002620] -> 0xAE23
mem[X,0x80002622] -> 0x0840
[2445] [M]: 0x80002620 (0x0840AE23) sw tp, 156(ra)
mem[0x80009CB0] <- 0x00000000


mem[X,0x80002624] -> 0x1137
mem[X,0x80002626] -> 0x0000
[2446] [M]: 0x80002624 (0x00001137) lui sp, 1
x2 <- 0x00001000


mem[X,0x80002628] -> 0x0113
mem[X,0x8000262A] -> 0x8001
[2447] [M]: 0x80002628 (0x80010113) addi sp, sp, 2048
x2 <- 0x00000800


mem[X,0x8000262C] -> 0x81B3
mem[X,0x8000262E] -> 0x0021
[2448] [M]: 0x8000262C (0x002181B3) add gp, gp, sp
x3 <- 0x80008810


mem[X,0x80002630] -> 0xAF07
mem[X,0x80002632] -> 0x0A01
[2449] [M]: 0x80002630 (0x0A01AF07) flw ft10, 160(gp)
mem[R,0x800088B0] -> 0x00008455
f30 <- 0xFFFFFFFF00008455


mem[X,0x80002634] -> 0x81B3
mem[X,0x80002636] -> 0x4021
[2450] [M]: 0x80002634 (0x402181B3) sub gp, gp, sp
x3 <- 0x80008010


mem[X,0x80002638] -> 0x1137
mem[X,0x8000263A] -> 0x0000
[2451] [M]: 0x80002638 (0x00001137) lui sp, 1
x2 <- 0x00001000


mem[X,0x8000263C] -> 0x0113
mem[X,0x8000263E] -> 0x8001
[2452] [M]: 0x8000263C (0x80010113) addi sp, sp, 2048
x2 <- 0x00000800


mem[X,0x80002640] -> 0x81B3
mem[X,0x80002642] -> 0x0021
[2453] [M]: 0x80002640 (0x002181B3) add gp, gp, sp
x3 <- 0x80008810


mem[X,0x80002644] -> 0xAE87
mem[X,0x80002646] -> 0x0A41
[2454] [M]: 0x80002644 (0x0A41AE87) flw ft9, 164(gp)
mem[R,0x800088B4] -> 0x00007BFF
f29 <- 0xFFFFFFFF00007BFF


mem[X,0x80002648] -> 0x81B3
mem[X,0x8000264A] -> 0x4021
[2455] [M]: 0x80002648 (0x402181B3) sub gp, gp, sp
x3 <- 0x80008010


mem[X,0x8000264C] -> 0x0113
mem[X,0x8000264E] -> 0x0000
[2456] [M]: 0x8000264C (0x00000113) addi sp, zero, 0
x2 <- 0x00000000


mem[X,0x80002650] -> 0x1073
mem[X,0x80002652] -> 0x0031
[2457] [M]: 0x80002650 (0x00311073) csrrw zero, fcsr, sp
CSR fcsr -> 0x00000000
CSR fcsr <- 0x00000000 (input: 0x00000000)


mem[X,0x80002654] -> 0x7FD3
mem[X,0x80002656] -> 0x05DF
[2458] [M]: 0x80002654 (0x05DF7FD3) fadd.h ft11, ft10, ft9, dyn
f31 <- 0xFFFFFFFFFFFF7E00


mem[X,0x80002658] -> 0x2273
mem[X,0x8000265A] -> 0x0030
[2459] [M]: 0x80002658 (0x00302273) csrrs tp, fcsr, zero
CSR fcsr -> 0x00000000
x4 <- 0x00000000


mem[X,0x8000265C] -> 0xA027
mem[X,0x8000265E] -> 0x0BF0
[2460] [M]: 0x8000265C (0x0BF0A027) fsw ft11, 160(ra)
mem[0x80009CB4] <- 0xFFFF7E00


mem[X,0x80002660] -> 0xA223
mem[X,0x80002662] -> 0x0A40
[2461] [M]: 0x80002660 (0x0A40A223) sw tp, 164(ra)
mem[0x80009CB8] <- 0x00000000


mem[X,0x80002664] -> 0x1137
mem[X,0x80002666] -> 0x0000
[2462] [M]: 0x80002664 (0x00001137) lui sp, 1
x2 <- 0x00001000


mem[X,0x80002668] -> 0x0113
mem[X,0x8000266A] -> 0x8001
[2463] [M]: 0x80002668 (0x80010113) addi sp, sp, 2048
x2 <- 0x00000800


mem[X,0x8000266C] -> 0x81B3
mem[X,0x8000266E] -> 0x0021
[2464] [M]: 0x8000266C (0x002181B3) add gp, gp, sp
x3 <- 0x80008810


mem[X,0x80002670] -> 0xAF07
mem[X,0x80002672] -> 0x0A81
[2465] [M]: 0x80002670 (0x0A81AF07) flw ft10, 168(gp)
mem[R,0x800088B8] -> 0x00008455
f30 <- 0xFFFFFFFF00008455


mem[X,0x80002674] -> 0x81B3
mem[X,0x80002676] -> 0x4021
[2466] [M]: 0x80002674 (0x402181B3) sub gp, gp, sp
x3 <- 0x80008010


mem[X,0x80002678] -> 0x1137
mem[X,0x8000267A] -> 0x0000
[2467] [M]: 0x80002678 (0x00001137) lui sp, 1
x2 <- 0x00001000


mem[X,0x8000267C] -> 0x0113
mem[X,0x8000267E] -> 0x8001
[2468] [M]: 0x8000267C (0x80010113) addi sp, sp, 2048
x2 <- 0x00000800


mem[X,0x80002680] -> 0x81B3
mem[X,0x80002682] -> 0x0021
[2469] [M]: 0x80002680 (0x002181B3) add gp, gp, sp
x3 <- 0x80008810


mem[X,0x80002684] -> 0xAE87
mem[X,0x80002686] -> 0x0AC1
[2470] [M]: 0x80002684 (0x0AC1AE87) flw ft9, 172(gp)
mem[R,0x800088BC] -> 0x0000FBFF
f29 <- 0xFFFFFFFF0000FBFF


mem[X,0x80002688] -> 0x81B3
mem[X,0x8000268A] -> 0x4021
[2471] [M]: 0x80002688 (0x402181B3) sub gp, gp, sp
x3 <- 0x80008010


mem[X,0x8000268C] -> 0x0113
mem[X,0x8000268E] -> 0x0000
[2472] [M]: 0x8000268C (0x00000113) addi sp, zero, 0
x2 <- 0x00000000


mem[X,0x80002690] -> 0x1073
mem[X,0x80002692] -> 0x0031
[2473] [M]: 0x80002690 (0x00311073) csrrw zero, fcsr, sp
CSR fcsr -> 0x00000000
CSR fcsr <- 0x00000000 (input: 0x00000000)


mem[X,0x80002694] -> 0x7FD3
mem[X,0x80002696] -> 0x05DF
[2474] [M]: 0x80002694 (0x05DF7FD3) fadd.h ft11, ft10, ft9, dyn
f31 <- 0xFFFFFFFFFFFF7E00


mem[X,0x80002698] -> 0x2273
mem[X,0x8000269A] -> 0x0030
[2475] [M]: 0x80002698 (0x00302273) csrrs tp, fcsr, zero
CSR fcsr -> 0x00000000
x4 <- 0x00000000


mem[X,0x8000269C] -> 0xA427
mem[X,0x8000269E] -> 0x0BF0
[2476] [M]: 0x8000269C (0x0BF0A427) fsw ft11, 168(ra)
mem[0x80009CBC] <- 0xFFFF7E00


mem[X,0x800026A0] -> 0xA623
mem[X,0x800026A2] -> 0x0A40
[2477] [M]: 0x800026A0 (0x0A40A623) sw tp, 172(ra)
mem[0x80009CC0] <- 0x00000000


mem[X,0x800026A4] -> 0x1137
mem[X,0x800026A6] -> 0x0000
[2478] [M]: 0x800026A4 (0x00001137) lui sp, 1
x2 <- 0x00001000


mem[X,0x800026A8] -> 0x0113
mem[X,0x800026AA] -> 0x8001
[2479] [M]: 0x800026A8 (0x80010113) addi sp, sp, 2048
x2 <- 0x00000800


mem[X,0x800026AC] -> 0x81B3
mem[X,0x800026AE] -> 0x0021
[2480] [M]: 0x800026AC (0x002181B3) add gp, gp, sp
x3 <- 0x80008810


mem[X,0x800026B0] -> 0xAF07
mem[X,0x800026B2] -> 0x0B01
[2481] [M]: 0x800026B0 (0x0B01AF07) flw ft10, 176(gp)
mem[R,0x800088C0] -> 0x00008455
f30 <- 0xFFFFFFFF00008455


mem[X,0x800026B4] -> 0x81B3
mem[X,0x800026B6] -> 0x4021
[2482] [M]: 0x800026B4 (0x402181B3) sub gp, gp, sp
x3 <- 0x80008010


mem[X,0x800026B8] -> 0x1137
mem[X,0x800026BA] -> 0x0000
[2483] [M]: 0x800026B8 (0x00001137) lui sp, 1
x2 <- 0x00001000


mem[X,0x800026BC] -> 0x0113
mem[X,0x800026BE] -> 0x8001
[2484] [M]: 0x800026BC (0x80010113) addi sp, sp, 2048
x2 <- 0x00000800


mem[X,0x800026C0] -> 0x81B3
mem[X,0x800026C2] -> 0x0021
[2485] [M]: 0x800026C0 (0x002181B3) add gp, gp, sp
x3 <- 0x80008810


mem[X,0x800026C4] -> 0xAE87
mem[X,0x800026C6] -> 0x0B41
[2486] [M]: 0x800026C4 (0x0B41AE87) flw ft9, 180(gp)
mem[R,0x800088C4] -> 0x00007C00
f29 <- 0xFFFFFFFF00007C00


mem[X,0x800026C8] -> 0x81B3
mem[X,0x800026CA] -> 0x4021
[2487] [M]: 0x800026C8 (0x402181B3) sub gp, gp, sp
x3 <- 0x80008010


mem[X,0x800026CC] -> 0x0113
mem[X,0x800026CE] -> 0x0000
[2488] [M]: 0x800026CC (0x00000113) addi sp, zero, 0
x2 <- 0x00000000


mem[X,0x800026D0] -> 0x1073
mem[X,0x800026D2] -> 0x0031
[2489] [M]: 0x800026D0 (0x00311073) csrrw zero, fcsr, sp
CSR fcsr -> 0x00000000
CSR fcsr <- 0x00000000 (input: 0x00000000)


mem[X,0x800026D4] -> 0x7FD3
mem[X,0x800026D6] -> 0x05DF
[2490] [M]: 0x800026D4 (0x05DF7FD3) fadd.h ft11, ft10, ft9, dyn
f31 <- 0xFFFFFFFFFFFF7E00


mem[X,0x800026D8] -> 0x2273
mem[X,0x800026DA] -> 0x0030
[2491] [M]: 0x800026D8 (0x00302273) csrrs tp, fcsr, zero
CSR fcsr -> 0x00000000
x4 <- 0x00000000


mem[X,0x800026DC] -> 0xA827
mem[X,0x800026DE] -> 0x0BF0
[2492] [M]: 0x800026DC (0x0BF0A827) fsw ft11, 176(ra)
mem[0x80009CC4] <- 0xFFFF7E00


mem[X,0x800026E0] -> 0xAA23
mem[X,0x800026E2] -> 0x0A40
[2493] [M]: 0x800026E0 (0x0A40AA23) sw tp, 180(ra)
mem[0x80009CC8] <- 0x00000000


mem[X,0x800026E4] -> 0x1137
mem[X,0x800026E6] -> 0x0000
[2494] [M]: 0x800026E4 (0x00001137) lui sp, 1
x2 <- 0x00001000


mem[X,0x800026E8] -> 0x0113
mem[X,0x800026EA] -> 0x8001
[2495] [M]: 0x800026E8 (0x80010113) addi sp, sp, 2048
x2 <- 0x00000800


mem[X,0x800026EC] -> 0x81B3
mem[X,0x800026EE] -> 0x0021
[2496] [M]: 0x800026EC (0x002181B3) add gp, gp, sp
x3 <- 0x80008810


mem[X,0x800026F0] -> 0xAF07
mem[X,0x800026F2] -> 0x0B81
[2497] [M]: 0x800026F0 (0x0B81AF07) flw ft10, 184(gp)
mem[R,0x800088C8] -> 0x00008455
f30 <- 0xFFFFFFFF00008455


mem[X,0x800026F4] -> 0x81B3
mem[X,0x800026F6] -> 0x4021
[2498] [M]: 0x800026F4 (0x402181B3) sub gp, gp, sp
x3 <- 0x80008010


mem[X,0x800026F8] -> 0x1137
mem[X,0x800026FA] -> 0x0000
[2499] [M]: 0x800026F8 (0x00001137) lui sp, 1
x2 <- 0x00001000


clint::tick mtime <- 0x0000000000000019
 clint timer pending at mtime 0x0000000000000019
htif::tick 0x0000000000000000
mem[X,0x800026FC] -> 0x0113
mem[X,0x800026FE] -> 0x8001
[2500] [M]: 0x800026FC (0x80010113) addi sp, sp, 2048
x2 <- 0x00000800


mem[X,0x80002700] -> 0x81B3
mem[X,0x80002702] -> 0x0021
[2501] [M]: 0x80002700 (0x002181B3) add gp, gp, sp
x3 <- 0x80008810


mem[X,0x80002704] -> 0xAE87
mem[X,0x80002706] -> 0x0BC1
[2502] [M]: 0x80002704 (0x0BC1AE87) flw ft9, 188(gp)
mem[R,0x800088CC] -> 0x0000FC00
f29 <- 0xFFFFFFFF0000FC00


mem[X,0x80002708] -> 0x81B3
mem[X,0x8000270A] -> 0x4021
[2503] [M]: 0x80002708 (0x402181B3) sub gp, gp, sp
x3 <- 0x80008010


mem[X,0x8000270C] -> 0x0113
mem[X,0x8000270E] -> 0x0000
[2504] [M]: 0x8000270C (0x00000113) addi sp, zero, 0
x2 <- 0x00000000


mem[X,0x80002710] -> 0x1073
mem[X,0x80002712] -> 0x0031
[2505] [M]: 0x80002710 (0x00311073) csrrw zero, fcsr, sp
CSR fcsr -> 0x00000000
CSR fcsr <- 0x00000000 (input: 0x00000000)


mem[X,0x80002714] -> 0x7FD3
mem[X,0x80002716] -> 0x05DF
[2506] [M]: 0x80002714 (0x05DF7FD3) fadd.h ft11, ft10, ft9, dyn
f31 <- 0xFFFFFFFFFFFF7E00


mem[X,0x80002718] -> 0x2273
mem[X,0x8000271A] -> 0x0030
[2507] [M]: 0x80002718 (0x00302273) csrrs tp, fcsr, zero
CSR fcsr -> 0x00000000
x4 <- 0x00000000


mem[X,0x8000271C] -> 0xAC27
mem[X,0x8000271E] -> 0x0BF0
[2508] [M]: 0x8000271C (0x0BF0AC27) fsw ft11, 184(ra)
mem[0x80009CCC] <- 0xFFFF7E00


mem[X,0x80002720] -> 0xAE23
mem[X,0x80002722] -> 0x0A40
[2509] [M]: 0x80002720 (0x0A40AE23) sw tp, 188(ra)
mem[0x80009CD0] <- 0x00000000


mem[X,0x80002724] -> 0x1137
mem[X,0x80002726] -> 0x0000
[2510] [M]: 0x80002724 (0x00001137) lui sp, 1
x2 <- 0x00001000


mem[X,0x80002728] -> 0x0113
mem[X,0x8000272A] -> 0x8001
[2511] [M]: 0x80002728 (0x80010113) addi sp, sp, 2048
x2 <- 0x00000800


mem[X,0x8000272C] -> 0x81B3
mem[X,0x8000272E] -> 0x0021
[2512] [M]: 0x8000272C (0x002181B3) add gp, gp, sp
x3 <- 0x80008810


mem[X,0x80002730] -> 0xAF07
mem[X,0x80002732] -> 0x0C01
[2513] [M]: 0x80002730 (0x0C01AF07) flw ft10, 192(gp)
mem[R,0x800088D0] -> 0x00008455
f30 <- 0xFFFFFFFF00008455


mem[X,0x80002734] -> 0x81B3
mem[X,0x80002736] -> 0x4021
[2514] [M]: 0x80002734 (0x402181B3) sub gp, gp, sp
x3 <- 0x80008010


mem[X,0x80002738] -> 0x1137
mem[X,0x8000273A] -> 0x0000
[2515] [M]: 0x80002738 (0x00001137) lui sp, 1
x2 <- 0x00001000


mem[X,0x8000273C] -> 0x0113
mem[X,0x8000273E] -> 0x8001
[2516] [M]: 0x8000273C (0x80010113) addi sp, sp, 2048
x2 <- 0x00000800


mem[X,0x80002740] -> 0x81B3
mem[X,0x80002742] -> 0x0021
[2517] [M]: 0x80002740 (0x002181B3) add gp, gp, sp
x3 <- 0x80008810


mem[X,0x80002744] -> 0xAE87
mem[X,0x80002746] -> 0x0C41
[2518] [M]: 0x80002744 (0x0C41AE87) flw ft9, 196(gp)
mem[R,0x800088D4] -> 0x00007E00
f29 <- 0xFFFFFFFF00007E00


mem[X,0x80002748] -> 0x81B3
mem[X,0x8000274A] -> 0x4021
[2519] [M]: 0x80002748 (0x402181B3) sub gp, gp, sp
x3 <- 0x80008010


mem[X,0x8000274C] -> 0x0113
mem[X,0x8000274E] -> 0x0000
[2520] [M]: 0x8000274C (0x00000113) addi sp, zero, 0
x2 <- 0x00000000


mem[X,0x80002750] -> 0x1073
mem[X,0x80002752] -> 0x0031
[2521] [M]: 0x80002750 (0x00311073) csrrw zero, fcsr, sp
CSR fcsr -> 0x00000000
CSR fcsr <- 0x00000000 (input: 0x00000000)


mem[X,0x80002754] -> 0x7FD3
mem[X,0x80002756] -> 0x05DF
[2522] [M]: 0x80002754 (0x05DF7FD3) fadd.h ft11, ft10, ft9, dyn
f31 <- 0xFFFFFFFFFFFF7E00


mem[X,0x80002758] -> 0x2273
mem[X,0x8000275A] -> 0x0030
[2523] [M]: 0x80002758 (0x00302273) csrrs tp, fcsr, zero
CSR fcsr -> 0x00000000
x4 <- 0x00000000


mem[X,0x8000275C] -> 0xA027
mem[X,0x8000275E] -> 0x0DF0
[2524] [M]: 0x8000275C (0x0DF0A027) fsw ft11, 192(ra)
mem[0x80009CD4] <- 0xFFFF7E00


mem[X,0x80002760] -> 0xA223
mem[X,0x80002762] -> 0x0C40
[2525] [M]: 0x80002760 (0x0C40A223) sw tp, 196(ra)
mem[0x80009CD8] <- 0x00000000


mem[X,0x80002764] -> 0x1137
mem[X,0x80002766] -> 0x0000
[2526] [M]: 0x80002764 (0x00001137) lui sp, 1
x2 <- 0x00001000


mem[X,0x80002768] -> 0x0113
mem[X,0x8000276A] -> 0x8001
[2527] [M]: 0x80002768 (0x80010113) addi sp, sp, 2048
x2 <- 0x00000800


mem[X,0x8000276C] -> 0x81B3
mem[X,0x8000276E] -> 0x0021
[2528] [M]: 0x8000276C (0x002181B3) add gp, gp, sp
x3 <- 0x80008810


mem[X,0x80002770] -> 0xAF07
mem[X,0x80002772] -> 0x0C81
[2529] [M]: 0x80002770 (0x0C81AF07) flw ft10, 200(gp)
mem[R,0x800088D8] -> 0x00008455
f30 <- 0xFFFFFFFF00008455


mem[X,0x80002774] -> 0x81B3
mem[X,0x80002776] -> 0x4021
[2530] [M]: 0x80002774 (0x402181B3) sub gp, gp, sp
x3 <- 0x80008010


mem[X,0x80002778] -> 0x1137
mem[X,0x8000277A] -> 0x0000
[2531] [M]: 0x80002778 (0x00001137) lui sp, 1
x2 <- 0x00001000


mem[X,0x8000277C] -> 0x0113
mem[X,0x8000277E] -> 0x8001
[2532] [M]: 0x8000277C (0x80010113) addi sp, sp, 2048
x2 <- 0x00000800


mem[X,0x80002780] -> 0x81B3
mem[X,0x80002782] -> 0x0021
[2533] [M]: 0x80002780 (0x002181B3) add gp, gp, sp
x3 <- 0x80008810


mem[X,0x80002784] -> 0xAE87
mem[X,0x80002786] -> 0x0CC1
[2534] [M]: 0x80002784 (0x0CC1AE87) flw ft9, 204(gp)
mem[R,0x800088DC] -> 0x0000FE00
f29 <- 0xFFFFFFFF0000FE00


mem[X,0x80002788] -> 0x81B3
mem[X,0x8000278A] -> 0x4021
[2535] [M]: 0x80002788 (0x402181B3) sub gp, gp, sp
x3 <- 0x80008010


mem[X,0x8000278C] -> 0x0113
mem[X,0x8000278E] -> 0x0000
[2536] [M]: 0x8000278C (0x00000113) addi sp, zero, 0
x2 <- 0x00000000


mem[X,0x80002790] -> 0x1073
mem[X,0x80002792] -> 0x0031
[2537] [M]: 0x80002790 (0x00311073) csrrw zero, fcsr, sp
CSR fcsr -> 0x00000000
CSR fcsr <- 0x00000000 (input: 0x00000000)


mem[X,0x80002794] -> 0x7FD3
mem[X,0x80002796] -> 0x05DF
[2538] [M]: 0x80002794 (0x05DF7FD3) fadd.h ft11, ft10, ft9, dyn
f31 <- 0xFFFFFFFFFFFF7E00


mem[X,0x80002798] -> 0x2273
mem[X,0x8000279A] -> 0x0030
[2539] [M]: 0x80002798 (0x00302273) csrrs tp, fcsr, zero
CSR fcsr -> 0x00000000
x4 <- 0x00000000


mem[X,0x8000279C] -> 0xA427
mem[X,0x8000279E] -> 0x0DF0
[2540] [M]: 0x8000279C (0x0DF0A427) fsw ft11, 200(ra)
mem[0x80009CDC] <- 0xFFFF7E00


mem[X,0x800027A0] -> 0xA623
mem[X,0x800027A2] -> 0x0C40
[2541] [M]: 0x800027A0 (0x0C40A623) sw tp, 204(ra)
mem[0x80009CE0] <- 0x00000000


mem[X,0x800027A4] -> 0x1137
mem[X,0x800027A6] -> 0x0000
[2542] [M]: 0x800027A4 (0x00001137) lui sp, 1
x2 <- 0x00001000


mem[X,0x800027A8] -> 0x0113
mem[X,0x800027AA] -> 0x8001
[2543] [M]: 0x800027A8 (0x80010113) addi sp, sp, 2048
x2 <- 0x00000800


mem[X,0x800027AC] -> 0x81B3
mem[X,0x800027AE] -> 0x0021
[2544] [M]: 0x800027AC (0x002181B3) add gp, gp, sp
x3 <- 0x80008810


mem[X,0x800027B0] -> 0xAF07
mem[X,0x800027B2] -> 0x0D01
[2545] [M]: 0x800027B0 (0x0D01AF07) flw ft10, 208(gp)
mem[R,0x800088E0] -> 0x00008455
f30 <- 0xFFFFFFFF00008455


mem[X,0x800027B4] -> 0x81B3
mem[X,0x800027B6] -> 0x4021
[2546] [M]: 0x800027B4 (0x402181B3) sub gp, gp, sp
x3 <- 0x80008010


mem[X,0x800027B8] -> 0x1137
mem[X,0x800027BA] -> 0x0000
[2547] [M]: 0x800027B8 (0x00001137) lui sp, 1
x2 <- 0x00001000


mem[X,0x800027BC] -> 0x0113
mem[X,0x800027BE] -> 0x8001
[2548] [M]: 0x800027BC (0x80010113) addi sp, sp, 2048
x2 <- 0x00000800


mem[X,0x800027C0] -> 0x81B3
mem[X,0x800027C2] -> 0x0021
[2549] [M]: 0x800027C0 (0x002181B3) add gp, gp, sp
x3 <- 0x80008810


mem[X,0x800027C4] -> 0xAE87
mem[X,0x800027C6] -> 0x0D41
[2550] [M]: 0x800027C4 (0x0D41AE87) flw ft9, 212(gp)
mem[R,0x800088E4] -> 0x00007E01
f29 <- 0xFFFFFFFF00007E01


mem[X,0x800027C8] -> 0x81B3
mem[X,0x800027CA] -> 0x4021
[2551] [M]: 0x800027C8 (0x402181B3) sub gp, gp, sp
x3 <- 0x80008010


mem[X,0x800027CC] -> 0x0113
mem[X,0x800027CE] -> 0x0000
[2552] [M]: 0x800027CC (0x00000113) addi sp, zero, 0
x2 <- 0x00000000


mem[X,0x800027D0] -> 0x1073
mem[X,0x800027D2] -> 0x0031
[2553] [M]: 0x800027D0 (0x00311073) csrrw zero, fcsr, sp
CSR fcsr -> 0x00000000
CSR fcsr <- 0x00000000 (input: 0x00000000)


mem[X,0x800027D4] -> 0x7FD3
mem[X,0x800027D6] -> 0x05DF
[2554] [M]: 0x800027D4 (0x05DF7FD3) fadd.h ft11, ft10, ft9, dyn
f31 <- 0xFFFFFFFFFFFF7E00


mem[X,0x800027D8] -> 0x2273
mem[X,0x800027DA] -> 0x0030
[2555] [M]: 0x800027D8 (0x00302273) csrrs tp, fcsr, zero
CSR fcsr -> 0x00000000
x4 <- 0x00000000


mem[X,0x800027DC] -> 0xA827
mem[X,0x800027DE] -> 0x0DF0
[2556] [M]: 0x800027DC (0x0DF0A827) fsw ft11, 208(ra)
mem[0x80009CE4] <- 0xFFFF7E00


mem[X,0x800027E0] -> 0xAA23
mem[X,0x800027E2] -> 0x0C40
[2557] [M]: 0x800027E0 (0x0C40AA23) sw tp, 212(ra)
mem[0x80009CE8] <- 0x00000000


mem[X,0x800027E4] -> 0x1137
mem[X,0x800027E6] -> 0x0000
[2558] [M]: 0x800027E4 (0x00001137) lui sp, 1
x2 <- 0x00001000


mem[X,0x800027E8] -> 0x0113
mem[X,0x800027EA] -> 0x8001
[2559] [M]: 0x800027E8 (0x80010113) addi sp, sp, 2048
x2 <- 0x00000800


mem[X,0x800027EC] -> 0x81B3
mem[X,0x800027EE] -> 0x0021
[2560] [M]: 0x800027EC (0x002181B3) add gp, gp, sp
x3 <- 0x80008810


mem[X,0x800027F0] -> 0xAF07
mem[X,0x800027F2] -> 0x0D81
[2561] [M]: 0x800027F0 (0x0D81AF07) flw ft10, 216(gp)
mem[R,0x800088E8] -> 0x00008455
f30 <- 0xFFFFFFFF00008455


mem[X,0x800027F4] -> 0x81B3
mem[X,0x800027F6] -> 0x4021
[2562] [M]: 0x800027F4 (0x402181B3) sub gp, gp, sp
x3 <- 0x80008010


mem[X,0x800027F8] -> 0x1137
mem[X,0x800027FA] -> 0x0000
[2563] [M]: 0x800027F8 (0x00001137) lui sp, 1
x2 <- 0x00001000


mem[X,0x800027FC] -> 0x0113
mem[X,0x800027FE] -> 0x8001
[2564] [M]: 0x800027FC (0x80010113) addi sp, sp, 2048
x2 <- 0x00000800


mem[X,0x80002800] -> 0x81B3
mem[X,0x80002802] -> 0x0021
[2565] [M]: 0x80002800 (0x002181B3) add gp, gp, sp
x3 <- 0x80008810


mem[X,0x80002804] -> 0xAE87
mem[X,0x80002806] -> 0x0DC1
[2566] [M]: 0x80002804 (0x0DC1AE87) flw ft9, 220(gp)
mem[R,0x800088EC] -> 0x0000FE55
f29 <- 0xFFFFFFFF0000FE55


mem[X,0x80002808] -> 0x81B3
mem[X,0x8000280A] -> 0x4021
[2567] [M]: 0x80002808 (0x402181B3) sub gp, gp, sp
x3 <- 0x80008010


mem[X,0x8000280C] -> 0x0113
mem[X,0x8000280E] -> 0x0000
[2568] [M]: 0x8000280C (0x00000113) addi sp, zero, 0
x2 <- 0x00000000


mem[X,0x80002810] -> 0x1073
mem[X,0x80002812] -> 0x0031
[2569] [M]: 0x80002810 (0x00311073) csrrw zero, fcsr, sp
CSR fcsr -> 0x00000000
CSR fcsr <- 0x00000000 (input: 0x00000000)


mem[X,0x80002814] -> 0x7FD3
mem[X,0x80002816] -> 0x05DF
[2570] [M]: 0x80002814 (0x05DF7FD3) fadd.h ft11, ft10, ft9, dyn
f31 <- 0xFFFFFFFFFFFF7E00


mem[X,0x80002818] -> 0x2273
mem[X,0x8000281A] -> 0x0030
[2571] [M]: 0x80002818 (0x00302273) csrrs tp, fcsr, zero
CSR fcsr -> 0x00000000
x4 <- 0x00000000


mem[X,0x8000281C] -> 0xAC27
mem[X,0x8000281E] -> 0x0DF0
[2572] [M]: 0x8000281C (0x0DF0AC27) fsw ft11, 216(ra)
mem[0x80009CEC] <- 0xFFFF7E00


mem[X,0x80002820] -> 0xAE23
mem[X,0x80002822] -> 0x0C40
[2573] [M]: 0x80002820 (0x0C40AE23) sw tp, 220(ra)
mem[0x80009CF0] <- 0x00000000


mem[X,0x80002824] -> 0x1137
mem[X,0x80002826] -> 0x0000
[2574] [M]: 0x80002824 (0x00001137) lui sp, 1
x2 <- 0x00001000


mem[X,0x80002828] -> 0x0113
mem[X,0x8000282A] -> 0x8001
[2575] [M]: 0x80002828 (0x80010113) addi sp, sp, 2048
x2 <- 0x00000800


mem[X,0x8000282C] -> 0x81B3
mem[X,0x8000282E] -> 0x0021
[2576] [M]: 0x8000282C (0x002181B3) add gp, gp, sp
x3 <- 0x80008810


mem[X,0x80002830] -> 0xAF07
mem[X,0x80002832] -> 0x0E01
[2577] [M]: 0x80002830 (0x0E01AF07) flw ft10, 224(gp)
mem[R,0x800088F0] -> 0x00008455
f30 <- 0xFFFFFFFF00008455


mem[X,0x80002834] -> 0x81B3
mem[X,0x80002836] -> 0x4021
[2578] [M]: 0x80002834 (0x402181B3) sub gp, gp, sp
x3 <- 0x80008010


mem[X,0x80002838] -> 0x1137
mem[X,0x8000283A] -> 0x0000
[2579] [M]: 0x80002838 (0x00001137) lui sp, 1
x2 <- 0x00001000


mem[X,0x8000283C] -> 0x0113
mem[X,0x8000283E] -> 0x8001
[2580] [M]: 0x8000283C (0x80010113) addi sp, sp, 2048
x2 <- 0x00000800


mem[X,0x80002840] -> 0x81B3
mem[X,0x80002842] -> 0x0021
[2581] [M]: 0x80002840 (0x002181B3) add gp, gp, sp
x3 <- 0x80008810


mem[X,0x80002844] -> 0xAE87
mem[X,0x80002846] -> 0x0E41
[2582] [M]: 0x80002844 (0x0E41AE87) flw ft9, 228(gp)
mem[R,0x800088F4] -> 0x00007C01
f29 <- 0xFFFFFFFF00007C01


mem[X,0x80002848] -> 0x81B3
mem[X,0x8000284A] -> 0x4021
[2583] [M]: 0x80002848 (0x402181B3) sub gp, gp, sp
x3 <- 0x80008010


mem[X,0x8000284C] -> 0x0113
mem[X,0x8000284E] -> 0x0000
[2584] [M]: 0x8000284C (0x00000113) addi sp, zero, 0
x2 <- 0x00000000


mem[X,0x80002850] -> 0x1073
mem[X,0x80002852] -> 0x0031
[2585] [M]: 0x80002850 (0x00311073) csrrw zero, fcsr, sp
CSR fcsr -> 0x00000000
CSR fcsr <- 0x00000000 (input: 0x00000000)


mem[X,0x80002854] -> 0x7FD3
mem[X,0x80002856] -> 0x05DF
[2586] [M]: 0x80002854 (0x05DF7FD3) fadd.h ft11, ft10, ft9, dyn
f31 <- 0xFFFFFFFFFFFF7E00


mem[X,0x80002858] -> 0x2273
mem[X,0x8000285A] -> 0x0030
[2587] [M]: 0x80002858 (0x00302273) csrrs tp, fcsr, zero
CSR fcsr -> 0x00000000
x4 <- 0x00000000


mem[X,0x8000285C] -> 0xA027
mem[X,0x8000285E] -> 0x0FF0
[2588] [M]: 0x8000285C (0x0FF0A027) fsw ft11, 224(ra)
mem[0x80009CF4] <- 0xFFFF7E00


mem[X,0x80002860] -> 0xA223
mem[X,0x80002862] -> 0x0E40
[2589] [M]: 0x80002860 (0x0E40A223) sw tp, 228(ra)
mem[0x80009CF8] <- 0x00000000


mem[X,0x80002864] -> 0x1137
mem[X,0x80002866] -> 0x0000
[2590] [M]: 0x80002864 (0x00001137) lui sp, 1
x2 <- 0x00001000


mem[X,0x80002868] -> 0x0113
mem[X,0x8000286A] -> 0x8001
[2591] [M]: 0x80002868 (0x80010113) addi sp, sp, 2048
x2 <- 0x00000800


mem[X,0x8000286C] -> 0x81B3
mem[X,0x8000286E] -> 0x0021
[2592] [M]: 0x8000286C (0x002181B3) add gp, gp, sp
x3 <- 0x80008810


mem[X,0x80002870] -> 0xAF07
mem[X,0x80002872] -> 0x0E81
[2593] [M]: 0x80002870 (0x0E81AF07) flw ft10, 232(gp)
mem[R,0x800088F8] -> 0x00008455
f30 <- 0xFFFFFFFF00008455


mem[X,0x80002874] -> 0x81B3
mem[X,0x80002876] -> 0x4021
[2594] [M]: 0x80002874 (0x402181B3) sub gp, gp, sp
x3 <- 0x80008010


mem[X,0x80002878] -> 0x1137
mem[X,0x8000287A] -> 0x0000
[2595] [M]: 0x80002878 (0x00001137) lui sp, 1
x2 <- 0x00001000


mem[X,0x8000287C] -> 0x0113
mem[X,0x8000287E] -> 0x8001
[2596] [M]: 0x8000287C (0x80010113) addi sp, sp, 2048
x2 <- 0x00000800


mem[X,0x80002880] -> 0x81B3
mem[X,0x80002882] -> 0x0021
[2597] [M]: 0x80002880 (0x002181B3) add gp, gp, sp
x3 <- 0x80008810


mem[X,0x80002884] -> 0xAE87
mem[X,0x80002886] -> 0x0EC1
[2598] [M]: 0x80002884 (0x0EC1AE87) flw ft9, 236(gp)
mem[R,0x800088FC] -> 0x0000FD55
f29 <- 0xFFFFFFFF0000FD55


mem[X,0x80002888] -> 0x81B3
mem[X,0x8000288A] -> 0x4021
[2599] [M]: 0x80002888 (0x402181B3) sub gp, gp, sp
x3 <- 0x80008010


clint::tick mtime <- 0x000000000000001A
 clint timer pending at mtime 0x000000000000001A
htif::tick 0x0000000000000000
mem[X,0x8000288C] -> 0x0113
mem[X,0x8000288E] -> 0x0000
[2600] [M]: 0x8000288C (0x00000113) addi sp, zero, 0
x2 <- 0x00000000


mem[X,0x80002890] -> 0x1073
mem[X,0x80002892] -> 0x0031
[2601] [M]: 0x80002890 (0x00311073) csrrw zero, fcsr, sp
CSR fcsr -> 0x00000000
CSR fcsr <- 0x00000000 (input: 0x00000000)


mem[X,0x80002894] -> 0x7FD3
mem[X,0x80002896] -> 0x05DF
[2602] [M]: 0x80002894 (0x05DF7FD3) fadd.h ft11, ft10, ft9, dyn
f31 <- 0xFFFFFFFFFFFF7E00


mem[X,0x80002898] -> 0x2273
mem[X,0x8000289A] -> 0x0030
[2603] [M]: 0x80002898 (0x00302273) csrrs tp, fcsr, zero
CSR fcsr -> 0x00000000
x4 <- 0x00000000


mem[X,0x8000289C] -> 0xA427
mem[X,0x8000289E] -> 0x0FF0
[2604] [M]: 0x8000289C (0x0FF0A427) fsw ft11, 232(ra)
mem[0x80009CFC] <- 0xFFFF7E00


mem[X,0x800028A0] -> 0xA623
mem[X,0x800028A2] -> 0x0E40
[2605] [M]: 0x800028A0 (0x0E40A623) sw tp, 236(ra)
mem[0x80009D00] <- 0x00000000


mem[X,0x800028A4] -> 0x1137
mem[X,0x800028A6] -> 0x0000
[2606] [M]: 0x800028A4 (0x00001137) lui sp, 1
x2 <- 0x00001000


mem[X,0x800028A8] -> 0x0113
mem[X,0x800028AA] -> 0x8001
[2607] [M]: 0x800028A8 (0x80010113) addi sp, sp, 2048
x2 <- 0x00000800


mem[X,0x800028AC] -> 0x81B3
mem[X,0x800028AE] -> 0x0021
[2608] [M]: 0x800028AC (0x002181B3) add gp, gp, sp
x3 <- 0x80008810


mem[X,0x800028B0] -> 0xAF07
mem[X,0x800028B2] -> 0x0F01
[2609] [M]: 0x800028B0 (0x0F01AF07) flw ft10, 240(gp)
mem[R,0x80008900] -> 0x00008455
f30 <- 0xFFFFFFFF00008455


mem[X,0x800028B4] -> 0x81B3
mem[X,0x800028B6] -> 0x4021
[2610] [M]: 0x800028B4 (0x402181B3) sub gp, gp, sp
x3 <- 0x80008010


mem[X,0x800028B8] -> 0x1137
mem[X,0x800028BA] -> 0x0000
[2611] [M]: 0x800028B8 (0x00001137) lui sp, 1
x2 <- 0x00001000


mem[X,0x800028BC] -> 0x0113
mem[X,0x800028BE] -> 0x8001
[2612] [M]: 0x800028BC (0x80010113) addi sp, sp, 2048
x2 <- 0x00000800


mem[X,0x800028C0] -> 0x81B3
mem[X,0x800028C2] -> 0x0021
[2613] [M]: 0x800028C0 (0x002181B3) add gp, gp, sp
x3 <- 0x80008810


mem[X,0x800028C4] -> 0xAE87
mem[X,0x800028C6] -> 0x0F41
[2614] [M]: 0x800028C4 (0x0F41AE87) flw ft9, 244(gp)
mem[R,0x80008904] -> 0x00003C00
f29 <- 0xFFFFFFFF00003C00


mem[X,0x800028C8] -> 0x81B3
mem[X,0x800028CA] -> 0x4021
[2615] [M]: 0x800028C8 (0x402181B3) sub gp, gp, sp
x3 <- 0x80008010


mem[X,0x800028CC] -> 0x0113
mem[X,0x800028CE] -> 0x0000
[2616] [M]: 0x800028CC (0x00000113) addi sp, zero, 0
x2 <- 0x00000000


mem[X,0x800028D0] -> 0x1073
mem[X,0x800028D2] -> 0x0031
[2617] [M]: 0x800028D0 (0x00311073) csrrw zero, fcsr, sp
CSR fcsr -> 0x00000000
CSR fcsr <- 0x00000000 (input: 0x00000000)


mem[X,0x800028D4] -> 0x7FD3
mem[X,0x800028D6] -> 0x05DF
[2618] [M]: 0x800028D4 (0x05DF7FD3) fadd.h ft11, ft10, ft9, dyn
f31 <- 0xFFFFFFFFFFFF7E00


mem[X,0x800028D8] -> 0x2273
mem[X,0x800028DA] -> 0x0030
[2619] [M]: 0x800028D8 (0x00302273) csrrs tp, fcsr, zero
CSR fcsr -> 0x00000000
x4 <- 0x00000000


mem[X,0x800028DC] -> 0xA827
mem[X,0x800028DE] -> 0x0FF0
[2620] [M]: 0x800028DC (0x0FF0A827) fsw ft11, 240(ra)
mem[0x80009D04] <- 0xFFFF7E00


mem[X,0x800028E0] -> 0xAA23
mem[X,0x800028E2] -> 0x0E40
[2621] [M]: 0x800028E0 (0x0E40AA23) sw tp, 244(ra)
mem[0x80009D08] <- 0x00000000


mem[X,0x800028E4] -> 0x1137
mem[X,0x800028E6] -> 0x0000
[2622] [M]: 0x800028E4 (0x00001137) lui sp, 1
x2 <- 0x00001000


mem[X,0x800028E8] -> 0x0113
mem[X,0x800028EA] -> 0x8001
[2623] [M]: 0x800028E8 (0x80010113) addi sp, sp, 2048
x2 <- 0x00000800


mem[X,0x800028EC] -> 0x81B3
mem[X,0x800028EE] -> 0x0021
[2624] [M]: 0x800028EC (0x002181B3) add gp, gp, sp
x3 <- 0x80008810


mem[X,0x800028F0] -> 0xAF07
mem[X,0x800028F2] -> 0x0F81
[2625] [M]: 0x800028F0 (0x0F81AF07) flw ft10, 248(gp)
mem[R,0x80008908] -> 0x00008455
f30 <- 0xFFFFFFFF00008455


mem[X,0x800028F4] -> 0x81B3
mem[X,0x800028F6] -> 0x4021
[2626] [M]: 0x800028F4 (0x402181B3) sub gp, gp, sp
x3 <- 0x80008010


mem[X,0x800028F8] -> 0x1137
mem[X,0x800028FA] -> 0x0000
[2627] [M]: 0x800028F8 (0x00001137) lui sp, 1
x2 <- 0x00001000


mem[X,0x800028FC] -> 0x0113
mem[X,0x800028FE] -> 0x8001
[2628] [M]: 0x800028FC (0x80010113) addi sp, sp, 2048
x2 <- 0x00000800


mem[X,0x80002900] -> 0x81B3
mem[X,0x80002902] -> 0x0021
[2629] [M]: 0x80002900 (0x002181B3) add gp, gp, sp
x3 <- 0x80008810


mem[X,0x80002904] -> 0xAE87
mem[X,0x80002906] -> 0x0FC1
[2630] [M]: 0x80002904 (0x0FC1AE87) flw ft9, 252(gp)
mem[R,0x8000890C] -> 0x0000BC00
f29 <- 0xFFFFFFFF0000BC00


mem[X,0x80002908] -> 0x81B3
mem[X,0x8000290A] -> 0x4021
[2631] [M]: 0x80002908 (0x402181B3) sub gp, gp, sp
x3 <- 0x80008010


mem[X,0x8000290C] -> 0x0113
mem[X,0x8000290E] -> 0x0000
[2632] [M]: 0x8000290C (0x00000113) addi sp, zero, 0
x2 <- 0x00000000


mem[X,0x80002910] -> 0x1073
mem[X,0x80002912] -> 0x0031
[2633] [M]: 0x80002910 (0x00311073) csrrw zero, fcsr, sp
CSR fcsr -> 0x00000000
CSR fcsr <- 0x00000000 (input: 0x00000000)


mem[X,0x80002914] -> 0x7FD3
mem[X,0x80002916] -> 0x05DF
[2634] [M]: 0x80002914 (0x05DF7FD3) fadd.h ft11, ft10, ft9, dyn
f31 <- 0xFFFFFFFFFFFF7E00


mem[X,0x80002918] -> 0x2273
mem[X,0x8000291A] -> 0x0030
[2635] [M]: 0x80002918 (0x00302273) csrrs tp, fcsr, zero
CSR fcsr -> 0x00000000
x4 <- 0x00000000


mem[X,0x8000291C] -> 0xAC27
mem[X,0x8000291E] -> 0x0FF0
[2636] [M]: 0x8000291C (0x0FF0AC27) fsw ft11, 248(ra)
mem[0x80009D0C] <- 0xFFFF7E00


mem[X,0x80002920] -> 0xAE23
mem[X,0x80002922] -> 0x0E40
[2637] [M]: 0x80002920 (0x0E40AE23) sw tp, 252(ra)
mem[0x80009D10] <- 0x00000000


mem[X,0x80002924] -> 0x1137
mem[X,0x80002926] -> 0x0000
[2638] [M]: 0x80002924 (0x00001137) lui sp, 1
x2 <- 0x00001000


mem[X,0x80002928] -> 0x0113
mem[X,0x8000292A] -> 0x8001
[2639] [M]: 0x80002928 (0x80010113) addi sp, sp, 2048
x2 <- 0x00000800


mem[X,0x8000292C] -> 0x81B3
mem[X,0x8000292E] -> 0x0021
[2640] [M]: 0x8000292C (0x002181B3) add gp, gp, sp
x3 <- 0x80008810


mem[X,0x80002930] -> 0xAF07
mem[X,0x80002932] -> 0x1001
[2641] [M]: 0x80002930 (0x1001AF07) flw ft10, 256(gp)
mem[R,0x80008910] -> 0x00007BFF
f30 <- 0xFFFFFFFF00007BFF


mem[X,0x80002934] -> 0x81B3
mem[X,0x80002936] -> 0x4021
[2642] [M]: 0x80002934 (0x402181B3) sub gp, gp, sp
x3 <- 0x80008010


mem[X,0x80002938] -> 0x1137
mem[X,0x8000293A] -> 0x0000
[2643] [M]: 0x80002938 (0x00001137) lui sp, 1
x2 <- 0x00001000


mem[X,0x8000293C] -> 0x0113
mem[X,0x8000293E] -> 0x8001
[2644] [M]: 0x8000293C (0x80010113) addi sp, sp, 2048
x2 <- 0x00000800


mem[X,0x80002940] -> 0x81B3
mem[X,0x80002942] -> 0x0021
[2645] [M]: 0x80002940 (0x002181B3) add gp, gp, sp
x3 <- 0x80008810


mem[X,0x80002944] -> 0xAE87
mem[X,0x80002946] -> 0x1041
[2646] [M]: 0x80002944 (0x1041AE87) flw ft9, 260(gp)
mem[R,0x80008914] -> 0x00000000
f29 <- 0xFFFFFFFF00000000


mem[X,0x80002948] -> 0x81B3
mem[X,0x8000294A] -> 0x4021
[2647] [M]: 0x80002948 (0x402181B3) sub gp, gp, sp
x3 <- 0x80008010


mem[X,0x8000294C] -> 0x0113
mem[X,0x8000294E] -> 0x0000
[2648] [M]: 0x8000294C (0x00000113) addi sp, zero, 0
x2 <- 0x00000000


mem[X,0x80002950] -> 0x1073
mem[X,0x80002952] -> 0x0031
[2649] [M]: 0x80002950 (0x00311073) csrrw zero, fcsr, sp
CSR fcsr -> 0x00000000
CSR fcsr <- 0x00000000 (input: 0x00000000)


mem[X,0x80002954] -> 0x7FD3
mem[X,0x80002956] -> 0x05DF
[2650] [M]: 0x80002954 (0x05DF7FD3) fadd.h ft11, ft10, ft9, dyn
f31 <- 0xFFFFFFFFFFFF7E00


mem[X,0x80002958] -> 0x2273
mem[X,0x8000295A] -> 0x0030
[2651] [M]: 0x80002958 (0x00302273) csrrs tp, fcsr, zero
CSR fcsr -> 0x00000000
x4 <- 0x00000000


mem[X,0x8000295C] -> 0xA027
mem[X,0x8000295E] -> 0x11F0
[2652] [M]: 0x8000295C (0x11F0A027) fsw ft11, 256(ra)
mem[0x80009D14] <- 0xFFFF7E00


mem[X,0x80002960] -> 0xA223
mem[X,0x80002962] -> 0x1040
[2653] [M]: 0x80002960 (0x1040A223) sw tp, 260(ra)
mem[0x80009D18] <- 0x00000000


mem[X,0x80002964] -> 0x1137
mem[X,0x80002966] -> 0x0000
[2654] [M]: 0x80002964 (0x00001137) lui sp, 1
x2 <- 0x00001000


mem[X,0x80002968] -> 0x0113
mem[X,0x8000296A] -> 0x8001
[2655] [M]: 0x80002968 (0x80010113) addi sp, sp, 2048
x2 <- 0x00000800


mem[X,0x8000296C] -> 0x81B3
mem[X,0x8000296E] -> 0x0021
[2656] [M]: 0x8000296C (0x002181B3) add gp, gp, sp
x3 <- 0x80008810


mem[X,0x80002970] -> 0xAF07
mem[X,0x80002972] -> 0x1081
[2657] [M]: 0x80002970 (0x1081AF07) flw ft10, 264(gp)
mem[R,0x80008918] -> 0x00007BFF
f30 <- 0xFFFFFFFF00007BFF


mem[X,0x80002974] -> 0x81B3
mem[X,0x80002976] -> 0x4021
[2658] [M]: 0x80002974 (0x402181B3) sub gp, gp, sp
x3 <- 0x80008010


mem[X,0x80002978] -> 0x1137
mem[X,0x8000297A] -> 0x0000
[2659] [M]: 0x80002978 (0x00001137) lui sp, 1
x2 <- 0x00001000


mem[X,0x8000297C] -> 0x0113
mem[X,0x8000297E] -> 0x8001
[2660] [M]: 0x8000297C (0x80010113) addi sp, sp, 2048
x2 <- 0x00000800


mem[X,0x80002980] -> 0x81B3
mem[X,0x80002982] -> 0x0021
[2661] [M]: 0x80002980 (0x002181B3) add gp, gp, sp
x3 <- 0x80008810


mem[X,0x80002984] -> 0xAE87
mem[X,0x80002986] -> 0x10C1
[2662] [M]: 0x80002984 (0x10C1AE87) flw ft9, 268(gp)
mem[R,0x8000891C] -> 0x00008000
f29 <- 0xFFFFFFFF00008000


mem[X,0x80002988] -> 0x81B3
mem[X,0x8000298A] -> 0x4021
[2663] [M]: 0x80002988 (0x402181B3) sub gp, gp, sp
x3 <- 0x80008010


mem[X,0x8000298C] -> 0x0113
mem[X,0x8000298E] -> 0x0000
[2664] [M]: 0x8000298C (0x00000113) addi sp, zero, 0
x2 <- 0x00000000


mem[X,0x80002990] -> 0x1073
mem[X,0x80002992] -> 0x0031
[2665] [M]: 0x80002990 (0x00311073) csrrw zero, fcsr, sp
CSR fcsr -> 0x00000000
CSR fcsr <- 0x00000000 (input: 0x00000000)


mem[X,0x80002994] -> 0x7FD3
mem[X,0x80002996] -> 0x05DF
[2666] [M]: 0x80002994 (0x05DF7FD3) fadd.h ft11, ft10, ft9, dyn
f31 <- 0xFFFFFFFFFFFF7E00


mem[X,0x80002998] -> 0x2273
mem[X,0x8000299A] -> 0x0030
[2667] [M]: 0x80002998 (0x00302273) csrrs tp, fcsr, zero
CSR fcsr -> 0x00000000
x4 <- 0x00000000


mem[X,0x8000299C] -> 0xA427
mem[X,0x8000299E] -> 0x11F0
[2668] [M]: 0x8000299C (0x11F0A427) fsw ft11, 264(ra)
mem[0x80009D1C] <- 0xFFFF7E00


mem[X,0x800029A0] -> 0xA623
mem[X,0x800029A2] -> 0x1040
[2669] [M]: 0x800029A0 (0x1040A623) sw tp, 268(ra)
mem[0x80009D20] <- 0x00000000


mem[X,0x800029A4] -> 0x1137
mem[X,0x800029A6] -> 0x0000
[2670] [M]: 0x800029A4 (0x00001137) lui sp, 1
x2 <- 0x00001000


mem[X,0x800029A8] -> 0x0113
mem[X,0x800029AA] -> 0x8001
[2671] [M]: 0x800029A8 (0x80010113) addi sp, sp, 2048
x2 <- 0x00000800


mem[X,0x800029AC] -> 0x81B3
mem[X,0x800029AE] -> 0x0021
[2672] [M]: 0x800029AC (0x002181B3) add gp, gp, sp
x3 <- 0x80008810


mem[X,0x800029B0] -> 0xAF07
mem[X,0x800029B2] -> 0x1101
[2673] [M]: 0x800029B0 (0x1101AF07) flw ft10, 272(gp)
mem[R,0x80008920] -> 0x00007BFF
f30 <- 0xFFFFFFFF00007BFF


mem[X,0x800029B4] -> 0x81B3
mem[X,0x800029B6] -> 0x4021
[2674] [M]: 0x800029B4 (0x402181B3) sub gp, gp, sp
x3 <- 0x80008010


mem[X,0x800029B8] -> 0x1137
mem[X,0x800029BA] -> 0x0000
[2675] [M]: 0x800029B8 (0x00001137) lui sp, 1
x2 <- 0x00001000


mem[X,0x800029BC] -> 0x0113
mem[X,0x800029BE] -> 0x8001
[2676] [M]: 0x800029BC (0x80010113) addi sp, sp, 2048
x2 <- 0x00000800


mem[X,0x800029C0] -> 0x81B3
mem[X,0x800029C2] -> 0x0021
[2677] [M]: 0x800029C0 (0x002181B3) add gp, gp, sp
x3 <- 0x80008810


mem[X,0x800029C4] -> 0xAE87
mem[X,0x800029C6] -> 0x1141
[2678] [M]: 0x800029C4 (0x1141AE87) flw ft9, 276(gp)
mem[R,0x80008924] -> 0x00000001
f29 <- 0xFFFFFFFF00000001


mem[X,0x800029C8] -> 0x81B3
mem[X,0x800029CA] -> 0x4021
[2679] [M]: 0x800029C8 (0x402181B3) sub gp, gp, sp
x3 <- 0x80008010


mem[X,0x800029CC] -> 0x0113
mem[X,0x800029CE] -> 0x0000
[2680] [M]: 0x800029CC (0x00000113) addi sp, zero, 0
x2 <- 0x00000000


mem[X,0x800029D0] -> 0x1073
mem[X,0x800029D2] -> 0x0031
[2681] [M]: 0x800029D0 (0x00311073) csrrw zero, fcsr, sp
CSR fcsr -> 0x00000000
CSR fcsr <- 0x00000000 (input: 0x00000000)


mem[X,0x800029D4] -> 0x7FD3
mem[X,0x800029D6] -> 0x05DF
[2682] [M]: 0x800029D4 (0x05DF7FD3) fadd.h ft11, ft10, ft9, dyn
f31 <- 0xFFFFFFFFFFFF7E00


mem[X,0x800029D8] -> 0x2273
mem[X,0x800029DA] -> 0x0030
[2683] [M]: 0x800029D8 (0x00302273) csrrs tp, fcsr, zero
CSR fcsr -> 0x00000000
x4 <- 0x00000000


mem[X,0x800029DC] -> 0xA827
mem[X,0x800029DE] -> 0x11F0
[2684] [M]: 0x800029DC (0x11F0A827) fsw ft11, 272(ra)
mem[0x80009D24] <- 0xFFFF7E00


mem[X,0x800029E0] -> 0xAA23
mem[X,0x800029E2] -> 0x1040
[2685] [M]: 0x800029E0 (0x1040AA23) sw tp, 276(ra)
mem[0x80009D28] <- 0x00000000


mem[X,0x800029E4] -> 0x1137
mem[X,0x800029E6] -> 0x0000
[2686] [M]: 0x800029E4 (0x00001137) lui sp, 1
x2 <- 0x00001000


mem[X,0x800029E8] -> 0x0113
mem[X,0x800029EA] -> 0x8001
[2687] [M]: 0x800029E8 (0x80010113) addi sp, sp, 2048
x2 <- 0x00000800


mem[X,0x800029EC] -> 0x81B3
mem[X,0x800029EE] -> 0x0021
[2688] [M]: 0x800029EC (0x002181B3) add gp, gp, sp
x3 <- 0x80008810


mem[X,0x800029F0] -> 0xAF07
mem[X,0x800029F2] -> 0x1181
[2689] [M]: 0x800029F0 (0x1181AF07) flw ft10, 280(gp)
mem[R,0x80008928] -> 0x00007BFF
f30 <- 0xFFFFFFFF00007BFF


mem[X,0x800029F4] -> 0x81B3
mem[X,0x800029F6] -> 0x4021
[2690] [M]: 0x800029F4 (0x402181B3) sub gp, gp, sp
x3 <- 0x80008010


mem[X,0x800029F8] -> 0x1137
mem[X,0x800029FA] -> 0x0000
[2691] [M]: 0x800029F8 (0x00001137) lui sp, 1
x2 <- 0x00001000


mem[X,0x800029FC] -> 0x0113
mem[X,0x800029FE] -> 0x8001
[2692] [M]: 0x800029FC (0x80010113) addi sp, sp, 2048
x2 <- 0x00000800


mem[X,0x80002A00] -> 0x81B3
mem[X,0x80002A02] -> 0x0021
[2693] [M]: 0x80002A00 (0x002181B3) add gp, gp, sp
x3 <- 0x80008810


mem[X,0x80002A04] -> 0xAE87
mem[X,0x80002A06] -> 0x11C1
[2694] [M]: 0x80002A04 (0x11C1AE87) flw ft9, 284(gp)
mem[R,0x8000892C] -> 0x00008001
f29 <- 0xFFFFFFFF00008001


mem[X,0x80002A08] -> 0x81B3
mem[X,0x80002A0A] -> 0x4021
[2695] [M]: 0x80002A08 (0x402181B3) sub gp, gp, sp
x3 <- 0x80008010


mem[X,0x80002A0C] -> 0x0113
mem[X,0x80002A0E] -> 0x0000
[2696] [M]: 0x80002A0C (0x00000113) addi sp, zero, 0
x2 <- 0x00000000


mem[X,0x80002A10] -> 0x1073
mem[X,0x80002A12] -> 0x0031
[2697] [M]: 0x80002A10 (0x00311073) csrrw zero, fcsr, sp
CSR fcsr -> 0x00000000
CSR fcsr <- 0x00000000 (input: 0x00000000)


mem[X,0x80002A14] -> 0x7FD3
mem[X,0x80002A16] -> 0x05DF
[2698] [M]: 0x80002A14 (0x05DF7FD3) fadd.h ft11, ft10, ft9, dyn
f31 <- 0xFFFFFFFFFFFF7E00


mem[X,0x80002A18] -> 0x2273
mem[X,0x80002A1A] -> 0x0030
[2699] [M]: 0x80002A18 (0x00302273) csrrs tp, fcsr, zero
CSR fcsr -> 0x00000000
x4 <- 0x00000000


clint::tick mtime <- 0x000000000000001B
 clint timer pending at mtime 0x000000000000001B
htif::tick 0x0000000000000000
mem[X,0x80002A1C] -> 0xAC27
mem[X,0x80002A1E] -> 0x11F0
[2700] [M]: 0x80002A1C (0x11F0AC27) fsw ft11, 280(ra)
mem[0x80009D2C] <- 0xFFFF7E00


mem[X,0x80002A20] -> 0xAE23
mem[X,0x80002A22] -> 0x1040
[2701] [M]: 0x80002A20 (0x1040AE23) sw tp, 284(ra)
mem[0x80009D30] <- 0x00000000


mem[X,0x80002A24] -> 0x1137
mem[X,0x80002A26] -> 0x0000
[2702] [M]: 0x80002A24 (0x00001137) lui sp, 1
x2 <- 0x00001000


mem[X,0x80002A28] -> 0x0113
mem[X,0x80002A2A] -> 0x8001
[2703] [M]: 0x80002A28 (0x80010113) addi sp, sp, 2048
x2 <- 0x00000800


mem[X,0x80002A2C] -> 0x81B3
mem[X,0x80002A2E] -> 0x0021
[2704] [M]: 0x80002A2C (0x002181B3) add gp, gp, sp
x3 <- 0x80008810


mem[X,0x80002A30] -> 0xAF07
mem[X,0x80002A32] -> 0x1201
[2705] [M]: 0x80002A30 (0x1201AF07) flw ft10, 288(gp)
mem[R,0x80008930] -> 0x00007BFF
f30 <- 0xFFFFFFFF00007BFF


mem[X,0x80002A34] -> 0x81B3
mem[X,0x80002A36] -> 0x4021
[2706] [M]: 0x80002A34 (0x402181B3) sub gp, gp, sp
x3 <- 0x80008010


mem[X,0x80002A38] -> 0x1137
mem[X,0x80002A3A] -> 0x0000
[2707] [M]: 0x80002A38 (0x00001137) lui sp, 1
x2 <- 0x00001000


mem[X,0x80002A3C] -> 0x0113
mem[X,0x80002A3E] -> 0x8001
[2708] [M]: 0x80002A3C (0x80010113) addi sp, sp, 2048
x2 <- 0x00000800


mem[X,0x80002A40] -> 0x81B3
mem[X,0x80002A42] -> 0x0021
[2709] [M]: 0x80002A40 (0x002181B3) add gp, gp, sp
x3 <- 0x80008810


mem[X,0x80002A44] -> 0xAE87
mem[X,0x80002A46] -> 0x1241
[2710] [M]: 0x80002A44 (0x1241AE87) flw ft9, 292(gp)
mem[R,0x80008934] -> 0x00000002
f29 <- 0xFFFFFFFF00000002


mem[X,0x80002A48] -> 0x81B3
mem[X,0x80002A4A] -> 0x4021
[2711] [M]: 0x80002A48 (0x402181B3) sub gp, gp, sp
x3 <- 0x80008010


mem[X,0x80002A4C] -> 0x0113
mem[X,0x80002A4E] -> 0x0000
[2712] [M]: 0x80002A4C (0x00000113) addi sp, zero, 0
x2 <- 0x00000000


mem[X,0x80002A50] -> 0x1073
mem[X,0x80002A52] -> 0x0031
[2713] [M]: 0x80002A50 (0x00311073) csrrw zero, fcsr, sp
CSR fcsr -> 0x00000000
CSR fcsr <- 0x00000000 (input: 0x00000000)


mem[X,0x80002A54] -> 0x7FD3
mem[X,0x80002A56] -> 0x05DF
[2714] [M]: 0x80002A54 (0x05DF7FD3) fadd.h ft11, ft10, ft9, dyn
f31 <- 0xFFFFFFFFFFFF7E00


mem[X,0x80002A58] -> 0x2273
mem[X,0x80002A5A] -> 0x0030
[2715] [M]: 0x80002A58 (0x00302273) csrrs tp, fcsr, zero
CSR fcsr -> 0x00000000
x4 <- 0x00000000


mem[X,0x80002A5C] -> 0xA027
mem[X,0x80002A5E] -> 0x13F0
[2716] [M]: 0x80002A5C (0x13F0A027) fsw ft11, 288(ra)
mem[0x80009D34] <- 0xFFFF7E00


mem[X,0x80002A60] -> 0xA223
mem[X,0x80002A62] -> 0x1240
[2717] [M]: 0x80002A60 (0x1240A223) sw tp, 292(ra)
mem[0x80009D38] <- 0x00000000


mem[X,0x80002A64] -> 0x1137
mem[X,0x80002A66] -> 0x0000
[2718] [M]: 0x80002A64 (0x00001137) lui sp, 1
x2 <- 0x00001000


mem[X,0x80002A68] -> 0x0113
mem[X,0x80002A6A] -> 0x8001
[2719] [M]: 0x80002A68 (0x80010113) addi sp, sp, 2048
x2 <- 0x00000800


mem[X,0x80002A6C] -> 0x81B3
mem[X,0x80002A6E] -> 0x0021
[2720] [M]: 0x80002A6C (0x002181B3) add gp, gp, sp
x3 <- 0x80008810


mem[X,0x80002A70] -> 0xAF07
mem[X,0x80002A72] -> 0x1281
[2721] [M]: 0x80002A70 (0x1281AF07) flw ft10, 296(gp)
mem[R,0x80008938] -> 0x00007BFF
f30 <- 0xFFFFFFFF00007BFF


mem[X,0x80002A74] -> 0x81B3
mem[X,0x80002A76] -> 0x4021
[2722] [M]: 0x80002A74 (0x402181B3) sub gp, gp, sp
x3 <- 0x80008010


mem[X,0x80002A78] -> 0x1137
mem[X,0x80002A7A] -> 0x0000
[2723] [M]: 0x80002A78 (0x00001137) lui sp, 1
x2 <- 0x00001000


mem[X,0x80002A7C] -> 0x0113
mem[X,0x80002A7E] -> 0x8001
[2724] [M]: 0x80002A7C (0x80010113) addi sp, sp, 2048
x2 <- 0x00000800


mem[X,0x80002A80] -> 0x81B3
mem[X,0x80002A82] -> 0x0021
[2725] [M]: 0x80002A80 (0x002181B3) add gp, gp, sp
x3 <- 0x80008810


mem[X,0x80002A84] -> 0xAE87
mem[X,0x80002A86] -> 0x12C1
[2726] [M]: 0x80002A84 (0x12C1AE87) flw ft9, 300(gp)
mem[R,0x8000893C] -> 0x000083FE
f29 <- 0xFFFFFFFF000083FE


mem[X,0x80002A88] -> 0x81B3
mem[X,0x80002A8A] -> 0x4021
[2727] [M]: 0x80002A88 (0x402181B3) sub gp, gp, sp
x3 <- 0x80008010


mem[X,0x80002A8C] -> 0x0113
mem[X,0x80002A8E] -> 0x0000
[2728] [M]: 0x80002A8C (0x00000113) addi sp, zero, 0
x2 <- 0x00000000


mem[X,0x80002A90] -> 0x1073
mem[X,0x80002A92] -> 0x0031
[2729] [M]: 0x80002A90 (0x00311073) csrrw zero, fcsr, sp
CSR fcsr -> 0x00000000
CSR fcsr <- 0x00000000 (input: 0x00000000)


mem[X,0x80002A94] -> 0x7FD3
mem[X,0x80002A96] -> 0x05DF
[2730] [M]: 0x80002A94 (0x05DF7FD3) fadd.h ft11, ft10, ft9, dyn
f31 <- 0xFFFFFFFFFFFF7E00


mem[X,0x80002A98] -> 0x2273
mem[X,0x80002A9A] -> 0x0030
[2731] [M]: 0x80002A98 (0x00302273) csrrs tp, fcsr, zero
CSR fcsr -> 0x00000000
x4 <- 0x00000000


mem[X,0x80002A9C] -> 0xA427
mem[X,0x80002A9E] -> 0x13F0
[2732] [M]: 0x80002A9C (0x13F0A427) fsw ft11, 296(ra)
mem[0x80009D3C] <- 0xFFFF7E00


mem[X,0x80002AA0] -> 0xA623
mem[X,0x80002AA2] -> 0x1240
[2733] [M]: 0x80002AA0 (0x1240A623) sw tp, 300(ra)
mem[0x80009D40] <- 0x00000000


mem[X,0x80002AA4] -> 0x1137
mem[X,0x80002AA6] -> 0x0000
[2734] [M]: 0x80002AA4 (0x00001137) lui sp, 1
x2 <- 0x00001000


mem[X,0x80002AA8] -> 0x0113
mem[X,0x80002AAA] -> 0x8001
[2735] [M]: 0x80002AA8 (0x80010113) addi sp, sp, 2048
x2 <- 0x00000800


mem[X,0x80002AAC] -> 0x81B3
mem[X,0x80002AAE] -> 0x0021
[2736] [M]: 0x80002AAC (0x002181B3) add gp, gp, sp
x3 <- 0x80008810


mem[X,0x80002AB0] -> 0xAF07
mem[X,0x80002AB2] -> 0x1301
[2737] [M]: 0x80002AB0 (0x1301AF07) flw ft10, 304(gp)
mem[R,0x80008940] -> 0x00007BFF
f30 <- 0xFFFFFFFF00007BFF


mem[X,0x80002AB4] -> 0x81B3
mem[X,0x80002AB6] -> 0x4021
[2738] [M]: 0x80002AB4 (0x402181B3) sub gp, gp, sp
x3 <- 0x80008010


mem[X,0x80002AB8] -> 0x1137
mem[X,0x80002ABA] -> 0x0000
[2739] [M]: 0x80002AB8 (0x00001137) lui sp, 1
x2 <- 0x00001000


mem[X,0x80002ABC] -> 0x0113
mem[X,0x80002ABE] -> 0x8001
[2740] [M]: 0x80002ABC (0x80010113) addi sp, sp, 2048
x2 <- 0x00000800


mem[X,0x80002AC0] -> 0x81B3
mem[X,0x80002AC2] -> 0x0021
[2741] [M]: 0x80002AC0 (0x002181B3) add gp, gp, sp
x3 <- 0x80008810


mem[X,0x80002AC4] -> 0xAE87
mem[X,0x80002AC6] -> 0x1341
[2742] [M]: 0x80002AC4 (0x1341AE87) flw ft9, 308(gp)
mem[R,0x80008944] -> 0x000003FF
f29 <- 0xFFFFFFFF000003FF


mem[X,0x80002AC8] -> 0x81B3
mem[X,0x80002ACA] -> 0x4021
[2743] [M]: 0x80002AC8 (0x402181B3) sub gp, gp, sp
x3 <- 0x80008010


mem[X,0x80002ACC] -> 0x0113
mem[X,0x80002ACE] -> 0x0000
[2744] [M]: 0x80002ACC (0x00000113) addi sp, zero, 0
x2 <- 0x00000000


mem[X,0x80002AD0] -> 0x1073
mem[X,0x80002AD2] -> 0x0031
[2745] [M]: 0x80002AD0 (0x00311073) csrrw zero, fcsr, sp
CSR fcsr -> 0x00000000
CSR fcsr <- 0x00000000 (input: 0x00000000)


mem[X,0x80002AD4] -> 0x7FD3
mem[X,0x80002AD6] -> 0x05DF
[2746] [M]: 0x80002AD4 (0x05DF7FD3) fadd.h ft11, ft10, ft9, dyn
f31 <- 0xFFFFFFFFFFFF7E00


mem[X,0x80002AD8] -> 0x2273
mem[X,0x80002ADA] -> 0x0030
[2747] [M]: 0x80002AD8 (0x00302273) csrrs tp, fcsr, zero
CSR fcsr -> 0x00000000
x4 <- 0x00000000


mem[X,0x80002ADC] -> 0xA827
mem[X,0x80002ADE] -> 0x13F0
[2748] [M]: 0x80002ADC (0x13F0A827) fsw ft11, 304(ra)
mem[0x80009D44] <- 0xFFFF7E00


mem[X,0x80002AE0] -> 0xAA23
mem[X,0x80002AE2] -> 0x1240
[2749] [M]: 0x80002AE0 (0x1240AA23) sw tp, 308(ra)
mem[0x80009D48] <- 0x00000000


mem[X,0x80002AE4] -> 0x1137
mem[X,0x80002AE6] -> 0x0000
[2750] [M]: 0x80002AE4 (0x00001137) lui sp, 1
x2 <- 0x00001000


mem[X,0x80002AE8] -> 0x0113
mem[X,0x80002AEA] -> 0x8001
[2751] [M]: 0x80002AE8 (0x80010113) addi sp, sp, 2048
x2 <- 0x00000800


mem[X,0x80002AEC] -> 0x81B3
mem[X,0x80002AEE] -> 0x0021
[2752] [M]: 0x80002AEC (0x002181B3) add gp, gp, sp
x3 <- 0x80008810


mem[X,0x80002AF0] -> 0xAF07
mem[X,0x80002AF2] -> 0x1381
[2753] [M]: 0x80002AF0 (0x1381AF07) flw ft10, 312(gp)
mem[R,0x80008948] -> 0x00007BFF
f30 <- 0xFFFFFFFF00007BFF


mem[X,0x80002AF4] -> 0x81B3
mem[X,0x80002AF6] -> 0x4021
[2754] [M]: 0x80002AF4 (0x402181B3) sub gp, gp, sp
x3 <- 0x80008010


mem[X,0x80002AF8] -> 0x1137
mem[X,0x80002AFA] -> 0x0000
[2755] [M]: 0x80002AF8 (0x00001137) lui sp, 1
x2 <- 0x00001000


mem[X,0x80002AFC] -> 0x0113
mem[X,0x80002AFE] -> 0x8001
[2756] [M]: 0x80002AFC (0x80010113) addi sp, sp, 2048
x2 <- 0x00000800


mem[X,0x80002B00] -> 0x81B3
mem[X,0x80002B02] -> 0x0021
[2757] [M]: 0x80002B00 (0x002181B3) add gp, gp, sp
x3 <- 0x80008810


mem[X,0x80002B04] -> 0xAE87
mem[X,0x80002B06] -> 0x13C1
[2758] [M]: 0x80002B04 (0x13C1AE87) flw ft9, 316(gp)
mem[R,0x8000894C] -> 0x000083FF
f29 <- 0xFFFFFFFF000083FF


mem[X,0x80002B08] -> 0x81B3
mem[X,0x80002B0A] -> 0x4021
[2759] [M]: 0x80002B08 (0x402181B3) sub gp, gp, sp
x3 <- 0x80008010


mem[X,0x80002B0C] -> 0x0113
mem[X,0x80002B0E] -> 0x0000
[2760] [M]: 0x80002B0C (0x00000113) addi sp, zero, 0
x2 <- 0x00000000


mem[X,0x80002B10] -> 0x1073
mem[X,0x80002B12] -> 0x0031
[2761] [M]: 0x80002B10 (0x00311073) csrrw zero, fcsr, sp
CSR fcsr -> 0x00000000
CSR fcsr <- 0x00000000 (input: 0x00000000)


mem[X,0x80002B14] -> 0x7FD3
mem[X,0x80002B16] -> 0x05DF
[2762] [M]: 0x80002B14 (0x05DF7FD3) fadd.h ft11, ft10, ft9, dyn
f31 <- 0xFFFFFFFFFFFF7E00


mem[X,0x80002B18] -> 0x2273
mem[X,0x80002B1A] -> 0x0030
[2763] [M]: 0x80002B18 (0x00302273) csrrs tp, fcsr, zero
CSR fcsr -> 0x00000000
x4 <- 0x00000000


mem[X,0x80002B1C] -> 0xAC27
mem[X,0x80002B1E] -> 0x13F0
[2764] [M]: 0x80002B1C (0x13F0AC27) fsw ft11, 312(ra)
mem[0x80009D4C] <- 0xFFFF7E00


mem[X,0x80002B20] -> 0xAE23
mem[X,0x80002B22] -> 0x1240
[2765] [M]: 0x80002B20 (0x1240AE23) sw tp, 316(ra)
mem[0x80009D50] <- 0x00000000


mem[X,0x80002B24] -> 0x1137
mem[X,0x80002B26] -> 0x0000
[2766] [M]: 0x80002B24 (0x00001137) lui sp, 1
x2 <- 0x00001000


mem[X,0x80002B28] -> 0x0113
mem[X,0x80002B2A] -> 0x8001
[2767] [M]: 0x80002B28 (0x80010113) addi sp, sp, 2048
x2 <- 0x00000800


mem[X,0x80002B2C] -> 0x81B3
mem[X,0x80002B2E] -> 0x0021
[2768] [M]: 0x80002B2C (0x002181B3) add gp, gp, sp
x3 <- 0x80008810


mem[X,0x80002B30] -> 0xAF07
mem[X,0x80002B32] -> 0x1401
[2769] [M]: 0x80002B30 (0x1401AF07) flw ft10, 320(gp)
mem[R,0x80008950] -> 0x00007BFF
f30 <- 0xFFFFFFFF00007BFF


mem[X,0x80002B34] -> 0x81B3
mem[X,0x80002B36] -> 0x4021
[2770] [M]: 0x80002B34 (0x402181B3) sub gp, gp, sp
x3 <- 0x80008010


mem[X,0x80002B38] -> 0x1137
mem[X,0x80002B3A] -> 0x0000
[2771] [M]: 0x80002B38 (0x00001137) lui sp, 1
x2 <- 0x00001000


mem[X,0x80002B3C] -> 0x0113
mem[X,0x80002B3E] -> 0x8001
[2772] [M]: 0x80002B3C (0x80010113) addi sp, sp, 2048
x2 <- 0x00000800


mem[X,0x80002B40] -> 0x81B3
mem[X,0x80002B42] -> 0x0021
[2773] [M]: 0x80002B40 (0x002181B3) add gp, gp, sp
x3 <- 0x80008810


mem[X,0x80002B44] -> 0xAE87
mem[X,0x80002B46] -> 0x1441
[2774] [M]: 0x80002B44 (0x1441AE87) flw ft9, 324(gp)
mem[R,0x80008954] -> 0x00000400
f29 <- 0xFFFFFFFF00000400


mem[X,0x80002B48] -> 0x81B3
mem[X,0x80002B4A] -> 0x4021
[2775] [M]: 0x80002B48 (0x402181B3) sub gp, gp, sp
x3 <- 0x80008010


mem[X,0x80002B4C] -> 0x0113
mem[X,0x80002B4E] -> 0x0000
[2776] [M]: 0x80002B4C (0x00000113) addi sp, zero, 0
x2 <- 0x00000000


mem[X,0x80002B50] -> 0x1073
mem[X,0x80002B52] -> 0x0031
[2777] [M]: 0x80002B50 (0x00311073) csrrw zero, fcsr, sp
CSR fcsr -> 0x00000000
CSR fcsr <- 0x00000000 (input: 0x00000000)


mem[X,0x80002B54] -> 0x7FD3
mem[X,0x80002B56] -> 0x05DF
[2778] [M]: 0x80002B54 (0x05DF7FD3) fadd.h ft11, ft10, ft9, dyn
f31 <- 0xFFFFFFFFFFFF7E00


mem[X,0x80002B58] -> 0x2273
mem[X,0x80002B5A] -> 0x0030
[2779] [M]: 0x80002B58 (0x00302273) csrrs tp, fcsr, zero
CSR fcsr -> 0x00000000
x4 <- 0x00000000


mem[X,0x80002B5C] -> 0xA027
mem[X,0x80002B5E] -> 0x15F0
[2780] [M]: 0x80002B5C (0x15F0A027) fsw ft11, 320(ra)
mem[0x80009D54] <- 0xFFFF7E00


mem[X,0x80002B60] -> 0xA223
mem[X,0x80002B62] -> 0x1440
[2781] [M]: 0x80002B60 (0x1440A223) sw tp, 324(ra)
mem[0x80009D58] <- 0x00000000


mem[X,0x80002B64] -> 0x1137
mem[X,0x80002B66] -> 0x0000
[2782] [M]: 0x80002B64 (0x00001137) lui sp, 1
x2 <- 0x00001000


mem[X,0x80002B68] -> 0x0113
mem[X,0x80002B6A] -> 0x8001
[2783] [M]: 0x80002B68 (0x80010113) addi sp, sp, 2048
x2 <- 0x00000800


mem[X,0x80002B6C] -> 0x81B3
mem[X,0x80002B6E] -> 0x0021
[2784] [M]: 0x80002B6C (0x002181B3) add gp, gp, sp
x3 <- 0x80008810


mem[X,0x80002B70] -> 0xAF07
mem[X,0x80002B72] -> 0x1481
[2785] [M]: 0x80002B70 (0x1481AF07) flw ft10, 328(gp)
mem[R,0x80008958] -> 0x00007BFF
f30 <- 0xFFFFFFFF00007BFF


mem[X,0x80002B74] -> 0x81B3
mem[X,0x80002B76] -> 0x4021
[2786] [M]: 0x80002B74 (0x402181B3) sub gp, gp, sp
x3 <- 0x80008010


mem[X,0x80002B78] -> 0x1137
mem[X,0x80002B7A] -> 0x0000
[2787] [M]: 0x80002B78 (0x00001137) lui sp, 1
x2 <- 0x00001000


mem[X,0x80002B7C] -> 0x0113
mem[X,0x80002B7E] -> 0x8001
[2788] [M]: 0x80002B7C (0x80010113) addi sp, sp, 2048
x2 <- 0x00000800


mem[X,0x80002B80] -> 0x81B3
mem[X,0x80002B82] -> 0x0021
[2789] [M]: 0x80002B80 (0x002181B3) add gp, gp, sp
x3 <- 0x80008810


mem[X,0x80002B84] -> 0xAE87
mem[X,0x80002B86] -> 0x14C1
[2790] [M]: 0x80002B84 (0x14C1AE87) flw ft9, 332(gp)
mem[R,0x8000895C] -> 0x00008400
f29 <- 0xFFFFFFFF00008400


mem[X,0x80002B88] -> 0x81B3
mem[X,0x80002B8A] -> 0x4021
[2791] [M]: 0x80002B88 (0x402181B3) sub gp, gp, sp
x3 <- 0x80008010


mem[X,0x80002B8C] -> 0x0113
mem[X,0x80002B8E] -> 0x0000
[2792] [M]: 0x80002B8C (0x00000113) addi sp, zero, 0
x2 <- 0x00000000


mem[X,0x80002B90] -> 0x1073
mem[X,0x80002B92] -> 0x0031
[2793] [M]: 0x80002B90 (0x00311073) csrrw zero, fcsr, sp
CSR fcsr -> 0x00000000
CSR fcsr <- 0x00000000 (input: 0x00000000)


mem[X,0x80002B94] -> 0x7FD3
mem[X,0x80002B96] -> 0x05DF
[2794] [M]: 0x80002B94 (0x05DF7FD3) fadd.h ft11, ft10, ft9, dyn
f31 <- 0xFFFFFFFFFFFF7E00


mem[X,0x80002B98] -> 0x2273
mem[X,0x80002B9A] -> 0x0030
[2795] [M]: 0x80002B98 (0x00302273) csrrs tp, fcsr, zero
CSR fcsr -> 0x00000000
x4 <- 0x00000000


mem[X,0x80002B9C] -> 0xA427
mem[X,0x80002B9E] -> 0x15F0
[2796] [M]: 0x80002B9C (0x15F0A427) fsw ft11, 328(ra)
mem[0x80009D5C] <- 0xFFFF7E00


mem[X,0x80002BA0] -> 0xA623
mem[X,0x80002BA2] -> 0x1440
[2797] [M]: 0x80002BA0 (0x1440A623) sw tp, 332(ra)
mem[0x80009D60] <- 0x00000000


mem[X,0x80002BA4] -> 0x1137
mem[X,0x80002BA6] -> 0x0000
[2798] [M]: 0x80002BA4 (0x00001137) lui sp, 1
x2 <- 0x00001000


mem[X,0x80002BA8] -> 0x0113
mem[X,0x80002BAA] -> 0x8001
[2799] [M]: 0x80002BA8 (0x80010113) addi sp, sp, 2048
x2 <- 0x00000800


clint::tick mtime <- 0x000000000000001C
 clint timer pending at mtime 0x000000000000001C
htif::tick 0x0000000000000000
mem[X,0x80002BAC] -> 0x81B3
mem[X,0x80002BAE] -> 0x0021
[2800] [M]: 0x80002BAC (0x002181B3) add gp, gp, sp
x3 <- 0x80008810


mem[X,0x80002BB0] -> 0xAF07
mem[X,0x80002BB2] -> 0x1501
[2801] [M]: 0x80002BB0 (0x1501AF07) flw ft10, 336(gp)
mem[R,0x80008960] -> 0x00007BFF
f30 <- 0xFFFFFFFF00007BFF


mem[X,0x80002BB4] -> 0x81B3
mem[X,0x80002BB6] -> 0x4021
[2802] [M]: 0x80002BB4 (0x402181B3) sub gp, gp, sp
x3 <- 0x80008010


mem[X,0x80002BB8] -> 0x1137
mem[X,0x80002BBA] -> 0x0000
[2803] [M]: 0x80002BB8 (0x00001137) lui sp, 1
x2 <- 0x00001000


mem[X,0x80002BBC] -> 0x0113
mem[X,0x80002BBE] -> 0x8001
[2804] [M]: 0x80002BBC (0x80010113) addi sp, sp, 2048
x2 <- 0x00000800


mem[X,0x80002BC0] -> 0x81B3
mem[X,0x80002BC2] -> 0x0021
[2805] [M]: 0x80002BC0 (0x002181B3) add gp, gp, sp
x3 <- 0x80008810


mem[X,0x80002BC4] -> 0xAE87
mem[X,0x80002BC6] -> 0x1541
[2806] [M]: 0x80002BC4 (0x1541AE87) flw ft9, 340(gp)
mem[R,0x80008964] -> 0x00000401
f29 <- 0xFFFFFFFF00000401


mem[X,0x80002BC8] -> 0x81B3
mem[X,0x80002BCA] -> 0x4021
[2807] [M]: 0x80002BC8 (0x402181B3) sub gp, gp, sp
x3 <- 0x80008010


mem[X,0x80002BCC] -> 0x0113
mem[X,0x80002BCE] -> 0x0000
[2808] [M]: 0x80002BCC (0x00000113) addi sp, zero, 0
x2 <- 0x00000000


mem[X,0x80002BD0] -> 0x1073
mem[X,0x80002BD2] -> 0x0031
[2809] [M]: 0x80002BD0 (0x00311073) csrrw zero, fcsr, sp
CSR fcsr -> 0x00000000
CSR fcsr <- 0x00000000 (input: 0x00000000)


mem[X,0x80002BD4] -> 0x7FD3
mem[X,0x80002BD6] -> 0x05DF
[2810] [M]: 0x80002BD4 (0x05DF7FD3) fadd.h ft11, ft10, ft9, dyn
f31 <- 0xFFFFFFFFFFFF7E00


mem[X,0x80002BD8] -> 0x2273
mem[X,0x80002BDA] -> 0x0030
[2811] [M]: 0x80002BD8 (0x00302273) csrrs tp, fcsr, zero
CSR fcsr -> 0x00000000
x4 <- 0x00000000


mem[X,0x80002BDC] -> 0xA827
mem[X,0x80002BDE] -> 0x15F0
[2812] [M]: 0x80002BDC (0x15F0A827) fsw ft11, 336(ra)
mem[0x80009D64] <- 0xFFFF7E00


mem[X,0x80002BE0] -> 0xAA23
mem[X,0x80002BE2] -> 0x1440
[2813] [M]: 0x80002BE0 (0x1440AA23) sw tp, 340(ra)
mem[0x80009D68] <- 0x00000000


mem[X,0x80002BE4] -> 0x1137
mem[X,0x80002BE6] -> 0x0000
[2814] [M]: 0x80002BE4 (0x00001137) lui sp, 1
x2 <- 0x00001000


mem[X,0x80002BE8] -> 0x0113
mem[X,0x80002BEA] -> 0x8001
[2815] [M]: 0x80002BE8 (0x80010113) addi sp, sp, 2048
x2 <- 0x00000800


mem[X,0x80002BEC] -> 0x81B3
mem[X,0x80002BEE] -> 0x0021
[2816] [M]: 0x80002BEC (0x002181B3) add gp, gp, sp
x3 <- 0x80008810


mem[X,0x80002BF0] -> 0xAF07
mem[X,0x80002BF2] -> 0x1581
[2817] [M]: 0x80002BF0 (0x1581AF07) flw ft10, 344(gp)
mem[R,0x80008968] -> 0x00007BFF
f30 <- 0xFFFFFFFF00007BFF


mem[X,0x80002BF4] -> 0x81B3
mem[X,0x80002BF6] -> 0x4021
[2818] [M]: 0x80002BF4 (0x402181B3) sub gp, gp, sp
x3 <- 0x80008010


mem[X,0x80002BF8] -> 0x1137
mem[X,0x80002BFA] -> 0x0000
[2819] [M]: 0x80002BF8 (0x00001137) lui sp, 1
x2 <- 0x00001000


mem[X,0x80002BFC] -> 0x0113
mem[X,0x80002BFE] -> 0x8001
[2820] [M]: 0x80002BFC (0x80010113) addi sp, sp, 2048
x2 <- 0x00000800


mem[X,0x80002C00] -> 0x81B3
mem[X,0x80002C02] -> 0x0021
[2821] [M]: 0x80002C00 (0x002181B3) add gp, gp, sp
x3 <- 0x80008810


mem[X,0x80002C04] -> 0xAE87
mem[X,0x80002C06] -> 0x15C1
[2822] [M]: 0x80002C04 (0x15C1AE87) flw ft9, 348(gp)
mem[R,0x8000896C] -> 0x00008455
f29 <- 0xFFFFFFFF00008455


mem[X,0x80002C08] -> 0x81B3
mem[X,0x80002C0A] -> 0x4021
[2823] [M]: 0x80002C08 (0x402181B3) sub gp, gp, sp
x3 <- 0x80008010


mem[X,0x80002C0C] -> 0x0113
mem[X,0x80002C0E] -> 0x0000
[2824] [M]: 0x80002C0C (0x00000113) addi sp, zero, 0
x2 <- 0x00000000


mem[X,0x80002C10] -> 0x1073
mem[X,0x80002C12] -> 0x0031
[2825] [M]: 0x80002C10 (0x00311073) csrrw zero, fcsr, sp
CSR fcsr -> 0x00000000
CSR fcsr <- 0x00000000 (input: 0x00000000)


mem[X,0x80002C14] -> 0x7FD3
mem[X,0x80002C16] -> 0x05DF
[2826] [M]: 0x80002C14 (0x05DF7FD3) fadd.h ft11, ft10, ft9, dyn
f31 <- 0xFFFFFFFFFFFF7E00


mem[X,0x80002C18] -> 0x2273
mem[X,0x80002C1A] -> 0x0030
[2827] [M]: 0x80002C18 (0x00302273) csrrs tp, fcsr, zero
CSR fcsr -> 0x00000000
x4 <- 0x00000000


mem[X,0x80002C1C] -> 0xAC27
mem[X,0x80002C1E] -> 0x15F0
[2828] [M]: 0x80002C1C (0x15F0AC27) fsw ft11, 344(ra)
mem[0x80009D6C] <- 0xFFFF7E00


mem[X,0x80002C20] -> 0xAE23
mem[X,0x80002C22] -> 0x1440
[2829] [M]: 0x80002C20 (0x1440AE23) sw tp, 348(ra)
mem[0x80009D70] <- 0x00000000


mem[X,0x80002C24] -> 0x1137
mem[X,0x80002C26] -> 0x0000
[2830] [M]: 0x80002C24 (0x00001137) lui sp, 1
x2 <- 0x00001000


mem[X,0x80002C28] -> 0x0113
mem[X,0x80002C2A] -> 0x8001
[2831] [M]: 0x80002C28 (0x80010113) addi sp, sp, 2048
x2 <- 0x00000800


mem[X,0x80002C2C] -> 0x81B3
mem[X,0x80002C2E] -> 0x0021
[2832] [M]: 0x80002C2C (0x002181B3) add gp, gp, sp
x3 <- 0x80008810


mem[X,0x80002C30] -> 0xAF07
mem[X,0x80002C32] -> 0x1601
[2833] [M]: 0x80002C30 (0x1601AF07) flw ft10, 352(gp)
mem[R,0x80008970] -> 0x00007BFF
f30 <- 0xFFFFFFFF00007BFF


mem[X,0x80002C34] -> 0x81B3
mem[X,0x80002C36] -> 0x4021
[2834] [M]: 0x80002C34 (0x402181B3) sub gp, gp, sp
x3 <- 0x80008010


mem[X,0x80002C38] -> 0x1137
mem[X,0x80002C3A] -> 0x0000
[2835] [M]: 0x80002C38 (0x00001137) lui sp, 1
x2 <- 0x00001000


mem[X,0x80002C3C] -> 0x0113
mem[X,0x80002C3E] -> 0x8001
[2836] [M]: 0x80002C3C (0x80010113) addi sp, sp, 2048
x2 <- 0x00000800


mem[X,0x80002C40] -> 0x81B3
mem[X,0x80002C42] -> 0x0021
[2837] [M]: 0x80002C40 (0x002181B3) add gp, gp, sp
x3 <- 0x80008810


mem[X,0x80002C44] -> 0xAE87
mem[X,0x80002C46] -> 0x1641
[2838] [M]: 0x80002C44 (0x1641AE87) flw ft9, 356(gp)
mem[R,0x80008974] -> 0x00007BFF
f29 <- 0xFFFFFFFF00007BFF


mem[X,0x80002C48] -> 0x81B3
mem[X,0x80002C4A] -> 0x4021
[2839] [M]: 0x80002C48 (0x402181B3) sub gp, gp, sp
x3 <- 0x80008010


mem[X,0x80002C4C] -> 0x0113
mem[X,0x80002C4E] -> 0x0000
[2840] [M]: 0x80002C4C (0x00000113) addi sp, zero, 0
x2 <- 0x00000000


mem[X,0x80002C50] -> 0x1073
mem[X,0x80002C52] -> 0x0031
[2841] [M]: 0x80002C50 (0x00311073) csrrw zero, fcsr, sp
CSR fcsr -> 0x00000000
CSR fcsr <- 0x00000000 (input: 0x00000000)


mem[X,0x80002C54] -> 0x7FD3
mem[X,0x80002C56] -> 0x05DF
[2842] [M]: 0x80002C54 (0x05DF7FD3) fadd.h ft11, ft10, ft9, dyn
f31 <- 0xFFFFFFFFFFFF7E00


mem[X,0x80002C58] -> 0x2273
mem[X,0x80002C5A] -> 0x0030
[2843] [M]: 0x80002C58 (0x00302273) csrrs tp, fcsr, zero
CSR fcsr -> 0x00000000
x4 <- 0x00000000


mem[X,0x80002C5C] -> 0xA027
mem[X,0x80002C5E] -> 0x17F0
[2844] [M]: 0x80002C5C (0x17F0A027) fsw ft11, 352(ra)
mem[0x80009D74] <- 0xFFFF7E00


mem[X,0x80002C60] -> 0xA223
mem[X,0x80002C62] -> 0x1640
[2845] [M]: 0x80002C60 (0x1640A223) sw tp, 356(ra)
mem[0x80009D78] <- 0x00000000


mem[X,0x80002C64] -> 0x1137
mem[X,0x80002C66] -> 0x0000
[2846] [M]: 0x80002C64 (0x00001137) lui sp, 1
x2 <- 0x00001000


mem[X,0x80002C68] -> 0x0113
mem[X,0x80002C6A] -> 0x8001
[2847] [M]: 0x80002C68 (0x80010113) addi sp, sp, 2048
x2 <- 0x00000800


mem[X,0x80002C6C] -> 0x81B3
mem[X,0x80002C6E] -> 0x0021
[2848] [M]: 0x80002C6C (0x002181B3) add gp, gp, sp
x3 <- 0x80008810


mem[X,0x80002C70] -> 0xAF07
mem[X,0x80002C72] -> 0x1681
[2849] [M]: 0x80002C70 (0x1681AF07) flw ft10, 360(gp)
mem[R,0x80008978] -> 0x00007BFF
f30 <- 0xFFFFFFFF00007BFF


mem[X,0x80002C74] -> 0x81B3
mem[X,0x80002C76] -> 0x4021
[2850] [M]: 0x80002C74 (0x402181B3) sub gp, gp, sp
x3 <- 0x80008010


mem[X,0x80002C78] -> 0x1137
mem[X,0x80002C7A] -> 0x0000
[2851] [M]: 0x80002C78 (0x00001137) lui sp, 1
x2 <- 0x00001000


mem[X,0x80002C7C] -> 0x0113
mem[X,0x80002C7E] -> 0x8001
[2852] [M]: 0x80002C7C (0x80010113) addi sp, sp, 2048
x2 <- 0x00000800


mem[X,0x80002C80] -> 0x81B3
mem[X,0x80002C82] -> 0x0021
[2853] [M]: 0x80002C80 (0x002181B3) add gp, gp, sp
x3 <- 0x80008810


mem[X,0x80002C84] -> 0xAE87
mem[X,0x80002C86] -> 0x16C1
[2854] [M]: 0x80002C84 (0x16C1AE87) flw ft9, 364(gp)
mem[R,0x8000897C] -> 0x0000FBFF
f29 <- 0xFFFFFFFF0000FBFF


mem[X,0x80002C88] -> 0x81B3
mem[X,0x80002C8A] -> 0x4021
[2855] [M]: 0x80002C88 (0x402181B3) sub gp, gp, sp
x3 <- 0x80008010


mem[X,0x80002C8C] -> 0x0113
mem[X,0x80002C8E] -> 0x0000
[2856] [M]: 0x80002C8C (0x00000113) addi sp, zero, 0
x2 <- 0x00000000


mem[X,0x80002C90] -> 0x1073
mem[X,0x80002C92] -> 0x0031
[2857] [M]: 0x80002C90 (0x00311073) csrrw zero, fcsr, sp
CSR fcsr -> 0x00000000
CSR fcsr <- 0x00000000 (input: 0x00000000)


mem[X,0x80002C94] -> 0x7FD3
mem[X,0x80002C96] -> 0x05DF
[2858] [M]: 0x80002C94 (0x05DF7FD3) fadd.h ft11, ft10, ft9, dyn
f31 <- 0xFFFFFFFFFFFF7E00


mem[X,0x80002C98] -> 0x2273
mem[X,0x80002C9A] -> 0x0030
[2859] [M]: 0x80002C98 (0x00302273) csrrs tp, fcsr, zero
CSR fcsr -> 0x00000000
x4 <- 0x00000000


mem[X,0x80002C9C] -> 0xA427
mem[X,0x80002C9E] -> 0x17F0
[2860] [M]: 0x80002C9C (0x17F0A427) fsw ft11, 360(ra)
mem[0x80009D7C] <- 0xFFFF7E00


mem[X,0x80002CA0] -> 0xA623
mem[X,0x80002CA2] -> 0x1640
[2861] [M]: 0x80002CA0 (0x1640A623) sw tp, 364(ra)
mem[0x80009D80] <- 0x00000000


mem[X,0x80002CA4] -> 0x1137
mem[X,0x80002CA6] -> 0x0000
[2862] [M]: 0x80002CA4 (0x00001137) lui sp, 1
x2 <- 0x00001000


mem[X,0x80002CA8] -> 0x0113
mem[X,0x80002CAA] -> 0x8001
[2863] [M]: 0x80002CA8 (0x80010113) addi sp, sp, 2048
x2 <- 0x00000800


mem[X,0x80002CAC] -> 0x81B3
mem[X,0x80002CAE] -> 0x0021
[2864] [M]: 0x80002CAC (0x002181B3) add gp, gp, sp
x3 <- 0x80008810


mem[X,0x80002CB0] -> 0xAF07
mem[X,0x80002CB2] -> 0x1701
[2865] [M]: 0x80002CB0 (0x1701AF07) flw ft10, 368(gp)
mem[R,0x80008980] -> 0x00007BFF
f30 <- 0xFFFFFFFF00007BFF


mem[X,0x80002CB4] -> 0x81B3
mem[X,0x80002CB6] -> 0x4021
[2866] [M]: 0x80002CB4 (0x402181B3) sub gp, gp, sp
x3 <- 0x80008010


mem[X,0x80002CB8] -> 0x1137
mem[X,0x80002CBA] -> 0x0000
[2867] [M]: 0x80002CB8 (0x00001137) lui sp, 1
x2 <- 0x00001000


mem[X,0x80002CBC] -> 0x0113
mem[X,0x80002CBE] -> 0x8001
[2868] [M]: 0x80002CBC (0x80010113) addi sp, sp, 2048
x2 <- 0x00000800


mem[X,0x80002CC0] -> 0x81B3
mem[X,0x80002CC2] -> 0x0021
[2869] [M]: 0x80002CC0 (0x002181B3) add gp, gp, sp
x3 <- 0x80008810


mem[X,0x80002CC4] -> 0xAE87
mem[X,0x80002CC6] -> 0x1741
[2870] [M]: 0x80002CC4 (0x1741AE87) flw ft9, 372(gp)
mem[R,0x80008984] -> 0x00007C00
f29 <- 0xFFFFFFFF00007C00


mem[X,0x80002CC8] -> 0x81B3
mem[X,0x80002CCA] -> 0x4021
[2871] [M]: 0x80002CC8 (0x402181B3) sub gp, gp, sp
x3 <- 0x80008010


mem[X,0x80002CCC] -> 0x0113
mem[X,0x80002CCE] -> 0x0000
[2872] [M]: 0x80002CCC (0x00000113) addi sp, zero, 0
x2 <- 0x00000000


mem[X,0x80002CD0] -> 0x1073
mem[X,0x80002CD2] -> 0x0031
[2873] [M]: 0x80002CD0 (0x00311073) csrrw zero, fcsr, sp
CSR fcsr -> 0x00000000
CSR fcsr <- 0x00000000 (input: 0x00000000)


mem[X,0x80002CD4] -> 0x7FD3
mem[X,0x80002CD6] -> 0x05DF
[2874] [M]: 0x80002CD4 (0x05DF7FD3) fadd.h ft11, ft10, ft9, dyn
f31 <- 0xFFFFFFFFFFFF7E00


mem[X,0x80002CD8] -> 0x2273
mem[X,0x80002CDA] -> 0x0030
[2875] [M]: 0x80002CD8 (0x00302273) csrrs tp, fcsr, zero
CSR fcsr -> 0x00000000
x4 <- 0x00000000


mem[X,0x80002CDC] -> 0xA827
mem[X,0x80002CDE] -> 0x17F0
[2876] [M]: 0x80002CDC (0x17F0A827) fsw ft11, 368(ra)
mem[0x80009D84] <- 0xFFFF7E00


mem[X,0x80002CE0] -> 0xAA23
mem[X,0x80002CE2] -> 0x1640
[2877] [M]: 0x80002CE0 (0x1640AA23) sw tp, 372(ra)
mem[0x80009D88] <- 0x00000000


mem[X,0x80002CE4] -> 0x1137
mem[X,0x80002CE6] -> 0x0000
[2878] [M]: 0x80002CE4 (0x00001137) lui sp, 1
x2 <- 0x00001000


mem[X,0x80002CE8] -> 0x0113
mem[X,0x80002CEA] -> 0x8001
[2879] [M]: 0x80002CE8 (0x80010113) addi sp, sp, 2048
x2 <- 0x00000800


mem[X,0x80002CEC] -> 0x81B3
mem[X,0x80002CEE] -> 0x0021
[2880] [M]: 0x80002CEC (0x002181B3) add gp, gp, sp
x3 <- 0x80008810


mem[X,0x80002CF0] -> 0xAF07
mem[X,0x80002CF2] -> 0x1781
[2881] [M]: 0x80002CF0 (0x1781AF07) flw ft10, 376(gp)
mem[R,0x80008988] -> 0x00007BFF
f30 <- 0xFFFFFFFF00007BFF


mem[X,0x80002CF4] -> 0x81B3
mem[X,0x80002CF6] -> 0x4021
[2882] [M]: 0x80002CF4 (0x402181B3) sub gp, gp, sp
x3 <- 0x80008010


mem[X,0x80002CF8] -> 0x1137
mem[X,0x80002CFA] -> 0x0000
[2883] [M]: 0x80002CF8 (0x00001137) lui sp, 1
x2 <- 0x00001000


mem[X,0x80002CFC] -> 0x0113
mem[X,0x80002CFE] -> 0x8001
[2884] [M]: 0x80002CFC (0x80010113) addi sp, sp, 2048
x2 <- 0x00000800


mem[X,0x80002D00] -> 0x81B3
mem[X,0x80002D02] -> 0x0021
[2885] [M]: 0x80002D00 (0x002181B3) add gp, gp, sp
x3 <- 0x80008810


mem[X,0x80002D04] -> 0xAE87
mem[X,0x80002D06] -> 0x17C1
[2886] [M]: 0x80002D04 (0x17C1AE87) flw ft9, 380(gp)
mem[R,0x8000898C] -> 0x0000FC00
f29 <- 0xFFFFFFFF0000FC00


mem[X,0x80002D08] -> 0x81B3
mem[X,0x80002D0A] -> 0x4021
[2887] [M]: 0x80002D08 (0x402181B3) sub gp, gp, sp
x3 <- 0x80008010


mem[X,0x80002D0C] -> 0x0113
mem[X,0x80002D0E] -> 0x0000
[2888] [M]: 0x80002D0C (0x00000113) addi sp, zero, 0
x2 <- 0x00000000


mem[X,0x80002D10] -> 0x1073
mem[X,0x80002D12] -> 0x0031
[2889] [M]: 0x80002D10 (0x00311073) csrrw zero, fcsr, sp
CSR fcsr -> 0x00000000
CSR fcsr <- 0x00000000 (input: 0x00000000)


mem[X,0x80002D14] -> 0x7FD3
mem[X,0x80002D16] -> 0x05DF
[2890] [M]: 0x80002D14 (0x05DF7FD3) fadd.h ft11, ft10, ft9, dyn
f31 <- 0xFFFFFFFFFFFF7E00


mem[X,0x80002D18] -> 0x2273
mem[X,0x80002D1A] -> 0x0030
[2891] [M]: 0x80002D18 (0x00302273) csrrs tp, fcsr, zero
CSR fcsr -> 0x00000000
x4 <- 0x00000000


mem[X,0x80002D1C] -> 0xAC27
mem[X,0x80002D1E] -> 0x17F0
[2892] [M]: 0x80002D1C (0x17F0AC27) fsw ft11, 376(ra)
mem[0x80009D8C] <- 0xFFFF7E00


mem[X,0x80002D20] -> 0xAE23
mem[X,0x80002D22] -> 0x1640
[2893] [M]: 0x80002D20 (0x1640AE23) sw tp, 380(ra)
mem[0x80009D90] <- 0x00000000


mem[X,0x80002D24] -> 0x1137
mem[X,0x80002D26] -> 0x0000
[2894] [M]: 0x80002D24 (0x00001137) lui sp, 1
x2 <- 0x00001000


mem[X,0x80002D28] -> 0x0113
mem[X,0x80002D2A] -> 0x8001
[2895] [M]: 0x80002D28 (0x80010113) addi sp, sp, 2048
x2 <- 0x00000800


mem[X,0x80002D2C] -> 0x81B3
mem[X,0x80002D2E] -> 0x0021
[2896] [M]: 0x80002D2C (0x002181B3) add gp, gp, sp
x3 <- 0x80008810


mem[X,0x80002D30] -> 0xAF07
mem[X,0x80002D32] -> 0x1801
[2897] [M]: 0x80002D30 (0x1801AF07) flw ft10, 384(gp)
mem[R,0x80008990] -> 0x00007BFF
f30 <- 0xFFFFFFFF00007BFF


mem[X,0x80002D34] -> 0x81B3
mem[X,0x80002D36] -> 0x4021
[2898] [M]: 0x80002D34 (0x402181B3) sub gp, gp, sp
x3 <- 0x80008010


mem[X,0x80002D38] -> 0x1137
mem[X,0x80002D3A] -> 0x0000
[2899] [M]: 0x80002D38 (0x00001137) lui sp, 1
x2 <- 0x00001000


clint::tick mtime <- 0x000000000000001D
 clint timer pending at mtime 0x000000000000001D
htif::tick 0x0000000000000000
mem[X,0x80002D3C] -> 0x0113
mem[X,0x80002D3E] -> 0x8001
[2900] [M]: 0x80002D3C (0x80010113) addi sp, sp, 2048
x2 <- 0x00000800


mem[X,0x80002D40] -> 0x81B3
mem[X,0x80002D42] -> 0x0021
[2901] [M]: 0x80002D40 (0x002181B3) add gp, gp, sp
x3 <- 0x80008810


mem[X,0x80002D44] -> 0xAE87
mem[X,0x80002D46] -> 0x1841
[2902] [M]: 0x80002D44 (0x1841AE87) flw ft9, 388(gp)
mem[R,0x80008994] -> 0x00007E00
f29 <- 0xFFFFFFFF00007E00


mem[X,0x80002D48] -> 0x81B3
mem[X,0x80002D4A] -> 0x4021
[2903] [M]: 0x80002D48 (0x402181B3) sub gp, gp, sp
x3 <- 0x80008010


mem[X,0x80002D4C] -> 0x0113
mem[X,0x80002D4E] -> 0x0000
[2904] [M]: 0x80002D4C (0x00000113) addi sp, zero, 0
x2 <- 0x00000000


mem[X,0x80002D50] -> 0x1073
mem[X,0x80002D52] -> 0x0031
[2905] [M]: 0x80002D50 (0x00311073) csrrw zero, fcsr, sp
CSR fcsr -> 0x00000000
CSR fcsr <- 0x00000000 (input: 0x00000000)


mem[X,0x80002D54] -> 0x7FD3
mem[X,0x80002D56] -> 0x05DF
[2906] [M]: 0x80002D54 (0x05DF7FD3) fadd.h ft11, ft10, ft9, dyn
f31 <- 0xFFFFFFFFFFFF7E00


mem[X,0x80002D58] -> 0x2273
mem[X,0x80002D5A] -> 0x0030
[2907] [M]: 0x80002D58 (0x00302273) csrrs tp, fcsr, zero
CSR fcsr -> 0x00000000
x4 <- 0x00000000


mem[X,0x80002D5C] -> 0xA027
mem[X,0x80002D5E] -> 0x19F0
[2908] [M]: 0x80002D5C (0x19F0A027) fsw ft11, 384(ra)
mem[0x80009D94] <- 0xFFFF7E00


mem[X,0x80002D60] -> 0xA223
mem[X,0x80002D62] -> 0x1840
[2909] [M]: 0x80002D60 (0x1840A223) sw tp, 388(ra)
mem[0x80009D98] <- 0x00000000


mem[X,0x80002D64] -> 0x1137
mem[X,0x80002D66] -> 0x0000
[2910] [M]: 0x80002D64 (0x00001137) lui sp, 1
x2 <- 0x00001000


mem[X,0x80002D68] -> 0x0113
mem[X,0x80002D6A] -> 0x8001
[2911] [M]: 0x80002D68 (0x80010113) addi sp, sp, 2048
x2 <- 0x00000800


mem[X,0x80002D6C] -> 0x81B3
mem[X,0x80002D6E] -> 0x0021
[2912] [M]: 0x80002D6C (0x002181B3) add gp, gp, sp
x3 <- 0x80008810


mem[X,0x80002D70] -> 0xAF07
mem[X,0x80002D72] -> 0x1881
[2913] [M]: 0x80002D70 (0x1881AF07) flw ft10, 392(gp)
mem[R,0x80008998] -> 0x00007BFF
f30 <- 0xFFFFFFFF00007BFF


mem[X,0x80002D74] -> 0x81B3
mem[X,0x80002D76] -> 0x4021
[2914] [M]: 0x80002D74 (0x402181B3) sub gp, gp, sp
x3 <- 0x80008010


mem[X,0x80002D78] -> 0x1137
mem[X,0x80002D7A] -> 0x0000
[2915] [M]: 0x80002D78 (0x00001137) lui sp, 1
x2 <- 0x00001000


mem[X,0x80002D7C] -> 0x0113
mem[X,0x80002D7E] -> 0x8001
[2916] [M]: 0x80002D7C (0x80010113) addi sp, sp, 2048
x2 <- 0x00000800


mem[X,0x80002D80] -> 0x81B3
mem[X,0x80002D82] -> 0x0021
[2917] [M]: 0x80002D80 (0x002181B3) add gp, gp, sp
x3 <- 0x80008810


mem[X,0x80002D84] -> 0xAE87
mem[X,0x80002D86] -> 0x18C1
[2918] [M]: 0x80002D84 (0x18C1AE87) flw ft9, 396(gp)
mem[R,0x8000899C] -> 0x0000FE00
f29 <- 0xFFFFFFFF0000FE00


mem[X,0x80002D88] -> 0x81B3
mem[X,0x80002D8A] -> 0x4021
[2919] [M]: 0x80002D88 (0x402181B3) sub gp, gp, sp
x3 <- 0x80008010


mem[X,0x80002D8C] -> 0x0113
mem[X,0x80002D8E] -> 0x0000
[2920] [M]: 0x80002D8C (0x00000113) addi sp, zero, 0
x2 <- 0x00000000


mem[X,0x80002D90] -> 0x1073
mem[X,0x80002D92] -> 0x0031
[2921] [M]: 0x80002D90 (0x00311073) csrrw zero, fcsr, sp
CSR fcsr -> 0x00000000
CSR fcsr <- 0x00000000 (input: 0x00000000)


mem[X,0x80002D94] -> 0x7FD3
mem[X,0x80002D96] -> 0x05DF
[2922] [M]: 0x80002D94 (0x05DF7FD3) fadd.h ft11, ft10, ft9, dyn
f31 <- 0xFFFFFFFFFFFF7E00


mem[X,0x80002D98] -> 0x2273
mem[X,0x80002D9A] -> 0x0030
[2923] [M]: 0x80002D98 (0x00302273) csrrs tp, fcsr, zero
CSR fcsr -> 0x00000000
x4 <- 0x00000000


mem[X,0x80002D9C] -> 0xA427
mem[X,0x80002D9E] -> 0x19F0
[2924] [M]: 0x80002D9C (0x19F0A427) fsw ft11, 392(ra)
mem[0x80009D9C] <- 0xFFFF7E00


mem[X,0x80002DA0] -> 0xA623
mem[X,0x80002DA2] -> 0x1840
[2925] [M]: 0x80002DA0 (0x1840A623) sw tp, 396(ra)
mem[0x80009DA0] <- 0x00000000


mem[X,0x80002DA4] -> 0x1137
mem[X,0x80002DA6] -> 0x0000
[2926] [M]: 0x80002DA4 (0x00001137) lui sp, 1
x2 <- 0x00001000


mem[X,0x80002DA8] -> 0x0113
mem[X,0x80002DAA] -> 0x8001
[2927] [M]: 0x80002DA8 (0x80010113) addi sp, sp, 2048
x2 <- 0x00000800


mem[X,0x80002DAC] -> 0x81B3
mem[X,0x80002DAE] -> 0x0021
[2928] [M]: 0x80002DAC (0x002181B3) add gp, gp, sp
x3 <- 0x80008810


mem[X,0x80002DB0] -> 0xAF07
mem[X,0x80002DB2] -> 0x1901
[2929] [M]: 0x80002DB0 (0x1901AF07) flw ft10, 400(gp)
mem[R,0x800089A0] -> 0x00007BFF
f30 <- 0xFFFFFFFF00007BFF


mem[X,0x80002DB4] -> 0x81B3
mem[X,0x80002DB6] -> 0x4021
[2930] [M]: 0x80002DB4 (0x402181B3) sub gp, gp, sp
x3 <- 0x80008010


mem[X,0x80002DB8] -> 0x1137
mem[X,0x80002DBA] -> 0x0000
[2931] [M]: 0x80002DB8 (0x00001137) lui sp, 1
x2 <- 0x00001000


mem[X,0x80002DBC] -> 0x0113
mem[X,0x80002DBE] -> 0x8001
[2932] [M]: 0x80002DBC (0x80010113) addi sp, sp, 2048
x2 <- 0x00000800


mem[X,0x80002DC0] -> 0x81B3
mem[X,0x80002DC2] -> 0x0021
[2933] [M]: 0x80002DC0 (0x002181B3) add gp, gp, sp
x3 <- 0x80008810


mem[X,0x80002DC4] -> 0xAE87
mem[X,0x80002DC6] -> 0x1941
[2934] [M]: 0x80002DC4 (0x1941AE87) flw ft9, 404(gp)
mem[R,0x800089A4] -> 0x00007E01
f29 <- 0xFFFFFFFF00007E01


mem[X,0x80002DC8] -> 0x81B3
mem[X,0x80002DCA] -> 0x4021
[2935] [M]: 0x80002DC8 (0x402181B3) sub gp, gp, sp
x3 <- 0x80008010


mem[X,0x80002DCC] -> 0x0113
mem[X,0x80002DCE] -> 0x0000
[2936] [M]: 0x80002DCC (0x00000113) addi sp, zero, 0
x2 <- 0x00000000


mem[X,0x80002DD0] -> 0x1073
mem[X,0x80002DD2] -> 0x0031
[2937] [M]: 0x80002DD0 (0x00311073) csrrw zero, fcsr, sp
CSR fcsr -> 0x00000000
CSR fcsr <- 0x00000000 (input: 0x00000000)


mem[X,0x80002DD4] -> 0x7FD3
mem[X,0x80002DD6] -> 0x05DF
[2938] [M]: 0x80002DD4 (0x05DF7FD3) fadd.h ft11, ft10, ft9, dyn
f31 <- 0xFFFFFFFFFFFF7E00


mem[X,0x80002DD8] -> 0x2273
mem[X,0x80002DDA] -> 0x0030
[2939] [M]: 0x80002DD8 (0x00302273) csrrs tp, fcsr, zero
CSR fcsr -> 0x00000000
x4 <- 0x00000000


mem[X,0x80002DDC] -> 0xA827
mem[X,0x80002DDE] -> 0x19F0
[2940] [M]: 0x80002DDC (0x19F0A827) fsw ft11, 400(ra)
mem[0x80009DA4] <- 0xFFFF7E00


mem[X,0x80002DE0] -> 0xAA23
mem[X,0x80002DE2] -> 0x1840
[2941] [M]: 0x80002DE0 (0x1840AA23) sw tp, 404(ra)
mem[0x80009DA8] <- 0x00000000


mem[X,0x80002DE4] -> 0x1137
mem[X,0x80002DE6] -> 0x0000
[2942] [M]: 0x80002DE4 (0x00001137) lui sp, 1
x2 <- 0x00001000


mem[X,0x80002DE8] -> 0x0113
mem[X,0x80002DEA] -> 0x8001
[2943] [M]: 0x80002DE8 (0x80010113) addi sp, sp, 2048
x2 <- 0x00000800


mem[X,0x80002DEC] -> 0x81B3
mem[X,0x80002DEE] -> 0x0021
[2944] [M]: 0x80002DEC (0x002181B3) add gp, gp, sp
x3 <- 0x80008810


mem[X,0x80002DF0] -> 0xAF07
mem[X,0x80002DF2] -> 0x1981
[2945] [M]: 0x80002DF0 (0x1981AF07) flw ft10, 408(gp)
mem[R,0x800089A8] -> 0x00007BFF
f30 <- 0xFFFFFFFF00007BFF


mem[X,0x80002DF4] -> 0x81B3
mem[X,0x80002DF6] -> 0x4021
[2946] [M]: 0x80002DF4 (0x402181B3) sub gp, gp, sp
x3 <- 0x80008010


mem[X,0x80002DF8] -> 0x1137
mem[X,0x80002DFA] -> 0x0000
[2947] [M]: 0x80002DF8 (0x00001137) lui sp, 1
x2 <- 0x00001000


mem[X,0x80002DFC] -> 0x0113
mem[X,0x80002DFE] -> 0x8001
[2948] [M]: 0x80002DFC (0x80010113) addi sp, sp, 2048
x2 <- 0x00000800


mem[X,0x80002E00] -> 0x81B3
mem[X,0x80002E02] -> 0x0021
[2949] [M]: 0x80002E00 (0x002181B3) add gp, gp, sp
x3 <- 0x80008810


mem[X,0x80002E04] -> 0xAE87
mem[X,0x80002E06] -> 0x19C1
[2950] [M]: 0x80002E04 (0x19C1AE87) flw ft9, 412(gp)
mem[R,0x800089AC] -> 0x0000FE55
f29 <- 0xFFFFFFFF0000FE55


mem[X,0x80002E08] -> 0x81B3
mem[X,0x80002E0A] -> 0x4021
[2951] [M]: 0x80002E08 (0x402181B3) sub gp, gp, sp
x3 <- 0x80008010


mem[X,0x80002E0C] -> 0x0113
mem[X,0x80002E0E] -> 0x0000
[2952] [M]: 0x80002E0C (0x00000113) addi sp, zero, 0
x2 <- 0x00000000


mem[X,0x80002E10] -> 0x1073
mem[X,0x80002E12] -> 0x0031
[2953] [M]: 0x80002E10 (0x00311073) csrrw zero, fcsr, sp
CSR fcsr -> 0x00000000
CSR fcsr <- 0x00000000 (input: 0x00000000)


mem[X,0x80002E14] -> 0x7FD3
mem[X,0x80002E16] -> 0x05DF
[2954] [M]: 0x80002E14 (0x05DF7FD3) fadd.h ft11, ft10, ft9, dyn
f31 <- 0xFFFFFFFFFFFF7E00


mem[X,0x80002E18] -> 0x2273
mem[X,0x80002E1A] -> 0x0030
[2955] [M]: 0x80002E18 (0x00302273) csrrs tp, fcsr, zero
CSR fcsr -> 0x00000000
x4 <- 0x00000000


mem[X,0x80002E1C] -> 0xAC27
mem[X,0x80002E1E] -> 0x19F0
[2956] [M]: 0x80002E1C (0x19F0AC27) fsw ft11, 408(ra)
mem[0x80009DAC] <- 0xFFFF7E00


mem[X,0x80002E20] -> 0xAE23
mem[X,0x80002E22] -> 0x1840
[2957] [M]: 0x80002E20 (0x1840AE23) sw tp, 412(ra)
mem[0x80009DB0] <- 0x00000000


mem[X,0x80002E24] -> 0x1137
mem[X,0x80002E26] -> 0x0000
[2958] [M]: 0x80002E24 (0x00001137) lui sp, 1
x2 <- 0x00001000


mem[X,0x80002E28] -> 0x0113
mem[X,0x80002E2A] -> 0x8001
[2959] [M]: 0x80002E28 (0x80010113) addi sp, sp, 2048
x2 <- 0x00000800


mem[X,0x80002E2C] -> 0x81B3
mem[X,0x80002E2E] -> 0x0021
[2960] [M]: 0x80002E2C (0x002181B3) add gp, gp, sp
x3 <- 0x80008810


mem[X,0x80002E30] -> 0xAF07
mem[X,0x80002E32] -> 0x1A01
[2961] [M]: 0x80002E30 (0x1A01AF07) flw ft10, 416(gp)
mem[R,0x800089B0] -> 0x00007BFF
f30 <- 0xFFFFFFFF00007BFF


mem[X,0x80002E34] -> 0x81B3
mem[X,0x80002E36] -> 0x4021
[2962] [M]: 0x80002E34 (0x402181B3) sub gp, gp, sp
x3 <- 0x80008010


mem[X,0x80002E38] -> 0x1137
mem[X,0x80002E3A] -> 0x0000
[2963] [M]: 0x80002E38 (0x00001137) lui sp, 1
x2 <- 0x00001000


mem[X,0x80002E3C] -> 0x0113
mem[X,0x80002E3E] -> 0x8001
[2964] [M]: 0x80002E3C (0x80010113) addi sp, sp, 2048
x2 <- 0x00000800


mem[X,0x80002E40] -> 0x81B3
mem[X,0x80002E42] -> 0x0021
[2965] [M]: 0x80002E40 (0x002181B3) add gp, gp, sp
x3 <- 0x80008810


mem[X,0x80002E44] -> 0xAE87
mem[X,0x80002E46] -> 0x1A41
[2966] [M]: 0x80002E44 (0x1A41AE87) flw ft9, 420(gp)
mem[R,0x800089B4] -> 0x00007C01
f29 <- 0xFFFFFFFF00007C01


mem[X,0x80002E48] -> 0x81B3
mem[X,0x80002E4A] -> 0x4021
[2967] [M]: 0x80002E48 (0x402181B3) sub gp, gp, sp
x3 <- 0x80008010


mem[X,0x80002E4C] -> 0x0113
mem[X,0x80002E4E] -> 0x0000
[2968] [M]: 0x80002E4C (0x00000113) addi sp, zero, 0
x2 <- 0x00000000


mem[X,0x80002E50] -> 0x1073
mem[X,0x80002E52] -> 0x0031
[2969] [M]: 0x80002E50 (0x00311073) csrrw zero, fcsr, sp
CSR fcsr -> 0x00000000
CSR fcsr <- 0x00000000 (input: 0x00000000)


mem[X,0x80002E54] -> 0x7FD3
mem[X,0x80002E56] -> 0x05DF
[2970] [M]: 0x80002E54 (0x05DF7FD3) fadd.h ft11, ft10, ft9, dyn
f31 <- 0xFFFFFFFFFFFF7E00


mem[X,0x80002E58] -> 0x2273
mem[X,0x80002E5A] -> 0x0030
[2971] [M]: 0x80002E58 (0x00302273) csrrs tp, fcsr, zero
CSR fcsr -> 0x00000000
x4 <- 0x00000000


mem[X,0x80002E5C] -> 0xA027
mem[X,0x80002E5E] -> 0x1BF0
[2972] [M]: 0x80002E5C (0x1BF0A027) fsw ft11, 416(ra)
mem[0x80009DB4] <- 0xFFFF7E00


mem[X,0x80002E60] -> 0xA223
mem[X,0x80002E62] -> 0x1A40
[2973] [M]: 0x80002E60 (0x1A40A223) sw tp, 420(ra)
mem[0x80009DB8] <- 0x00000000


mem[X,0x80002E64] -> 0x1137
mem[X,0x80002E66] -> 0x0000
[2974] [M]: 0x80002E64 (0x00001137) lui sp, 1
x2 <- 0x00001000


mem[X,0x80002E68] -> 0x0113
mem[X,0x80002E6A] -> 0x8001
[2975] [M]: 0x80002E68 (0x80010113) addi sp, sp, 2048
x2 <- 0x00000800


mem[X,0x80002E6C] -> 0x81B3
mem[X,0x80002E6E] -> 0x0021
[2976] [M]: 0x80002E6C (0x002181B3) add gp, gp, sp
x3 <- 0x80008810


mem[X,0x80002E70] -> 0xAF07
mem[X,0x80002E72] -> 0x1A81
[2977] [M]: 0x80002E70 (0x1A81AF07) flw ft10, 424(gp)
mem[R,0x800089B8] -> 0x00007BFF
f30 <- 0xFFFFFFFF00007BFF


mem[X,0x80002E74] -> 0x81B3
mem[X,0x80002E76] -> 0x4021
[2978] [M]: 0x80002E74 (0x402181B3) sub gp, gp, sp
x3 <- 0x80008010


mem[X,0x80002E78] -> 0x1137
mem[X,0x80002E7A] -> 0x0000
[2979] [M]: 0x80002E78 (0x00001137) lui sp, 1
x2 <- 0x00001000


mem[X,0x80002E7C] -> 0x0113
mem[X,0x80002E7E] -> 0x8001
[2980] [M]: 0x80002E7C (0x80010113) addi sp, sp, 2048
x2 <- 0x00000800


mem[X,0x80002E80] -> 0x81B3
mem[X,0x80002E82] -> 0x0021
[2981] [M]: 0x80002E80 (0x002181B3) add gp, gp, sp
x3 <- 0x80008810


mem[X,0x80002E84] -> 0xAE87
mem[X,0x80002E86] -> 0x1AC1
[2982] [M]: 0x80002E84 (0x1AC1AE87) flw ft9, 428(gp)
mem[R,0x800089BC] -> 0x0000FD55
f29 <- 0xFFFFFFFF0000FD55


mem[X,0x80002E88] -> 0x81B3
mem[X,0x80002E8A] -> 0x4021
[2983] [M]: 0x80002E88 (0x402181B3) sub gp, gp, sp
x3 <- 0x80008010


mem[X,0x80002E8C] -> 0x0113
mem[X,0x80002E8E] -> 0x0000
[2984] [M]: 0x80002E8C (0x00000113) addi sp, zero, 0
x2 <- 0x00000000


mem[X,0x80002E90] -> 0x1073
mem[X,0x80002E92] -> 0x0031
[2985] [M]: 0x80002E90 (0x00311073) csrrw zero, fcsr, sp
CSR fcsr -> 0x00000000
CSR fcsr <- 0x00000000 (input: 0x00000000)


mem[X,0x80002E94] -> 0x7FD3
mem[X,0x80002E96] -> 0x05DF
[2986] [M]: 0x80002E94 (0x05DF7FD3) fadd.h ft11, ft10, ft9, dyn
f31 <- 0xFFFFFFFFFFFF7E00


mem[X,0x80002E98] -> 0x2273
mem[X,0x80002E9A] -> 0x0030
[2987] [M]: 0x80002E98 (0x00302273) csrrs tp, fcsr, zero
CSR fcsr -> 0x00000000
x4 <- 0x00000000


mem[X,0x80002E9C] -> 0xA427
mem[X,0x80002E9E] -> 0x1BF0
[2988] [M]: 0x80002E9C (0x1BF0A427) fsw ft11, 424(ra)
mem[0x80009DBC] <- 0xFFFF7E00


mem[X,0x80002EA0] -> 0xA623
mem[X,0x80002EA2] -> 0x1A40
[2989] [M]: 0x80002EA0 (0x1A40A623) sw tp, 428(ra)
mem[0x80009DC0] <- 0x00000000


mem[X,0x80002EA4] -> 0x1137
mem[X,0x80002EA6] -> 0x0000
[2990] [M]: 0x80002EA4 (0x00001137) lui sp, 1
x2 <- 0x00001000


mem[X,0x80002EA8] -> 0x0113
mem[X,0x80002EAA] -> 0x8001
[2991] [M]: 0x80002EA8 (0x80010113) addi sp, sp, 2048
x2 <- 0x00000800


mem[X,0x80002EAC] -> 0x81B3
mem[X,0x80002EAE] -> 0x0021
[2992] [M]: 0x80002EAC (0x002181B3) add gp, gp, sp
x3 <- 0x80008810


mem[X,0x80002EB0] -> 0xAF07
mem[X,0x80002EB2] -> 0x1B01
[2993] [M]: 0x80002EB0 (0x1B01AF07) flw ft10, 432(gp)
mem[R,0x800089C0] -> 0x00007BFF
f30 <- 0xFFFFFFFF00007BFF


mem[X,0x80002EB4] -> 0x81B3
mem[X,0x80002EB6] -> 0x4021
[2994] [M]: 0x80002EB4 (0x402181B3) sub gp, gp, sp
x3 <- 0x80008010


mem[X,0x80002EB8] -> 0x1137
mem[X,0x80002EBA] -> 0x0000
[2995] [M]: 0x80002EB8 (0x00001137) lui sp, 1
x2 <- 0x00001000


mem[X,0x80002EBC] -> 0x0113
mem[X,0x80002EBE] -> 0x8001
[2996] [M]: 0x80002EBC (0x80010113) addi sp, sp, 2048
x2 <- 0x00000800


mem[X,0x80002EC0] -> 0x81B3
mem[X,0x80002EC2] -> 0x0021
[2997] [M]: 0x80002EC0 (0x002181B3) add gp, gp, sp
x3 <- 0x80008810


mem[X,0x80002EC4] -> 0xAE87
mem[X,0x80002EC6] -> 0x1B41
[2998] [M]: 0x80002EC4 (0x1B41AE87) flw ft9, 436(gp)
mem[R,0x800089C4] -> 0x00003C00
f29 <- 0xFFFFFFFF00003C00


mem[X,0x80002EC8] -> 0x81B3
mem[X,0x80002ECA] -> 0x4021
[2999] [M]: 0x80002EC8 (0x402181B3) sub gp, gp, sp
x3 <- 0x80008010


clint::tick mtime <- 0x000000000000001E
 clint timer pending at mtime 0x000000000000001E
htif::tick 0x0000000000000000
mem[X,0x80002ECC] -> 0x0113
mem[X,0x80002ECE] -> 0x0000
[3000] [M]: 0x80002ECC (0x00000113) addi sp, zero, 0
x2 <- 0x00000000


mem[X,0x80002ED0] -> 0x1073
mem[X,0x80002ED2] -> 0x0031
[3001] [M]: 0x80002ED0 (0x00311073) csrrw zero, fcsr, sp
CSR fcsr -> 0x00000000
CSR fcsr <- 0x00000000 (input: 0x00000000)


mem[X,0x80002ED4] -> 0x7FD3
mem[X,0x80002ED6] -> 0x05DF
[3002] [M]: 0x80002ED4 (0x05DF7FD3) fadd.h ft11, ft10, ft9, dyn
f31 <- 0xFFFFFFFFFFFF7E00


mem[X,0x80002ED8] -> 0x2273
mem[X,0x80002EDA] -> 0x0030
[3003] [M]: 0x80002ED8 (0x00302273) csrrs tp, fcsr, zero
CSR fcsr -> 0x00000000
x4 <- 0x00000000


mem[X,0x80002EDC] -> 0xA827
mem[X,0x80002EDE] -> 0x1BF0
[3004] [M]: 0x80002EDC (0x1BF0A827) fsw ft11, 432(ra)
mem[0x80009DC4] <- 0xFFFF7E00


mem[X,0x80002EE0] -> 0xAA23
mem[X,0x80002EE2] -> 0x1A40
[3005] [M]: 0x80002EE0 (0x1A40AA23) sw tp, 436(ra)
mem[0x80009DC8] <- 0x00000000


mem[X,0x80002EE4] -> 0x1137
mem[X,0x80002EE6] -> 0x0000
[3006] [M]: 0x80002EE4 (0x00001137) lui sp, 1
x2 <- 0x00001000


mem[X,0x80002EE8] -> 0x0113
mem[X,0x80002EEA] -> 0x8001
[3007] [M]: 0x80002EE8 (0x80010113) addi sp, sp, 2048
x2 <- 0x00000800


mem[X,0x80002EEC] -> 0x81B3
mem[X,0x80002EEE] -> 0x0021
[3008] [M]: 0x80002EEC (0x002181B3) add gp, gp, sp
x3 <- 0x80008810


mem[X,0x80002EF0] -> 0xAF07
mem[X,0x80002EF2] -> 0x1B81
[3009] [M]: 0x80002EF0 (0x1B81AF07) flw ft10, 440(gp)
mem[R,0x800089C8] -> 0x00007BFF
f30 <- 0xFFFFFFFF00007BFF


mem[X,0x80002EF4] -> 0x81B3
mem[X,0x80002EF6] -> 0x4021
[3010] [M]: 0x80002EF4 (0x402181B3) sub gp, gp, sp
x3 <- 0x80008010


mem[X,0x80002EF8] -> 0x1137
mem[X,0x80002EFA] -> 0x0000
[3011] [M]: 0x80002EF8 (0x00001137) lui sp, 1
x2 <- 0x00001000


mem[X,0x80002EFC] -> 0x0113
mem[X,0x80002EFE] -> 0x8001
[3012] [M]: 0x80002EFC (0x80010113) addi sp, sp, 2048
x2 <- 0x00000800


mem[X,0x80002F00] -> 0x81B3
mem[X,0x80002F02] -> 0x0021
[3013] [M]: 0x80002F00 (0x002181B3) add gp, gp, sp
x3 <- 0x80008810


mem[X,0x80002F04] -> 0xAE87
mem[X,0x80002F06] -> 0x1BC1
[3014] [M]: 0x80002F04 (0x1BC1AE87) flw ft9, 444(gp)
mem[R,0x800089CC] -> 0x0000BC00
f29 <- 0xFFFFFFFF0000BC00


mem[X,0x80002F08] -> 0x81B3
mem[X,0x80002F0A] -> 0x4021
[3015] [M]: 0x80002F08 (0x402181B3) sub gp, gp, sp
x3 <- 0x80008010


mem[X,0x80002F0C] -> 0x0113
mem[X,0x80002F0E] -> 0x0000
[3016] [M]: 0x80002F0C (0x00000113) addi sp, zero, 0
x2 <- 0x00000000


mem[X,0x80002F10] -> 0x1073
mem[X,0x80002F12] -> 0x0031
[3017] [M]: 0x80002F10 (0x00311073) csrrw zero, fcsr, sp
CSR fcsr -> 0x00000000
CSR fcsr <- 0x00000000 (input: 0x00000000)


mem[X,0x80002F14] -> 0x7FD3
mem[X,0x80002F16] -> 0x05DF
[3018] [M]: 0x80002F14 (0x05DF7FD3) fadd.h ft11, ft10, ft9, dyn
f31 <- 0xFFFFFFFFFFFF7E00


mem[X,0x80002F18] -> 0x2273
mem[X,0x80002F1A] -> 0x0030
[3019] [M]: 0x80002F18 (0x00302273) csrrs tp, fcsr, zero
CSR fcsr -> 0x00000000
x4 <- 0x00000000


mem[X,0x80002F1C] -> 0xAC27
mem[X,0x80002F1E] -> 0x1BF0
[3020] [M]: 0x80002F1C (0x1BF0AC27) fsw ft11, 440(ra)
mem[0x80009DCC] <- 0xFFFF7E00


mem[X,0x80002F20] -> 0xAE23
mem[X,0x80002F22] -> 0x1A40
[3021] [M]: 0x80002F20 (0x1A40AE23) sw tp, 444(ra)
mem[0x80009DD0] <- 0x00000000


mem[X,0x80002F24] -> 0x1137
mem[X,0x80002F26] -> 0x0000
[3022] [M]: 0x80002F24 (0x00001137) lui sp, 1
x2 <- 0x00001000


mem[X,0x80002F28] -> 0x0113
mem[X,0x80002F2A] -> 0x8001
[3023] [M]: 0x80002F28 (0x80010113) addi sp, sp, 2048
x2 <- 0x00000800


mem[X,0x80002F2C] -> 0x81B3
mem[X,0x80002F2E] -> 0x0021
[3024] [M]: 0x80002F2C (0x002181B3) add gp, gp, sp
x3 <- 0x80008810


mem[X,0x80002F30] -> 0xAF07
mem[X,0x80002F32] -> 0x1C01
[3025] [M]: 0x80002F30 (0x1C01AF07) flw ft10, 448(gp)
mem[R,0x800089D0] -> 0x0000FBFF
f30 <- 0xFFFFFFFF0000FBFF


mem[X,0x80002F34] -> 0x81B3
mem[X,0x80002F36] -> 0x4021
[3026] [M]: 0x80002F34 (0x402181B3) sub gp, gp, sp
x3 <- 0x80008010


mem[X,0x80002F38] -> 0x1137
mem[X,0x80002F3A] -> 0x0000
[3027] [M]: 0x80002F38 (0x00001137) lui sp, 1
x2 <- 0x00001000


mem[X,0x80002F3C] -> 0x0113
mem[X,0x80002F3E] -> 0x8001
[3028] [M]: 0x80002F3C (0x80010113) addi sp, sp, 2048
x2 <- 0x00000800


mem[X,0x80002F40] -> 0x81B3
mem[X,0x80002F42] -> 0x0021
[3029] [M]: 0x80002F40 (0x002181B3) add gp, gp, sp
x3 <- 0x80008810


mem[X,0x80002F44] -> 0xAE87
mem[X,0x80002F46] -> 0x1C41
[3030] [M]: 0x80002F44 (0x1C41AE87) flw ft9, 452(gp)
mem[R,0x800089D4] -> 0x00000000
f29 <- 0xFFFFFFFF00000000


mem[X,0x80002F48] -> 0x81B3
mem[X,0x80002F4A] -> 0x4021
[3031] [M]: 0x80002F48 (0x402181B3) sub gp, gp, sp
x3 <- 0x80008010


mem[X,0x80002F4C] -> 0x0113
mem[X,0x80002F4E] -> 0x0000
[3032] [M]: 0x80002F4C (0x00000113) addi sp, zero, 0
x2 <- 0x00000000


mem[X,0x80002F50] -> 0x1073
mem[X,0x80002F52] -> 0x0031
[3033] [M]: 0x80002F50 (0x00311073) csrrw zero, fcsr, sp
CSR fcsr -> 0x00000000
CSR fcsr <- 0x00000000 (input: 0x00000000)


mem[X,0x80002F54] -> 0x7FD3
mem[X,0x80002F56] -> 0x05DF
[3034] [M]: 0x80002F54 (0x05DF7FD3) fadd.h ft11, ft10, ft9, dyn
f31 <- 0xFFFFFFFFFFFF7E00


mem[X,0x80002F58] -> 0x2273
mem[X,0x80002F5A] -> 0x0030
[3035] [M]: 0x80002F58 (0x00302273) csrrs tp, fcsr, zero
CSR fcsr -> 0x00000000
x4 <- 0x00000000


mem[X,0x80002F5C] -> 0xA027
mem[X,0x80002F5E] -> 0x1DF0
[3036] [M]: 0x80002F5C (0x1DF0A027) fsw ft11, 448(ra)
mem[0x80009DD4] <- 0xFFFF7E00


mem[X,0x80002F60] -> 0xA223
mem[X,0x80002F62] -> 0x1C40
[3037] [M]: 0x80002F60 (0x1C40A223) sw tp, 452(ra)
mem[0x80009DD8] <- 0x00000000


mem[X,0x80002F64] -> 0x1137
mem[X,0x80002F66] -> 0x0000
[3038] [M]: 0x80002F64 (0x00001137) lui sp, 1
x2 <- 0x00001000


mem[X,0x80002F68] -> 0x0113
mem[X,0x80002F6A] -> 0x8001
[3039] [M]: 0x80002F68 (0x80010113) addi sp, sp, 2048
x2 <- 0x00000800


mem[X,0x80002F6C] -> 0x81B3
mem[X,0x80002F6E] -> 0x0021
[3040] [M]: 0x80002F6C (0x002181B3) add gp, gp, sp
x3 <- 0x80008810


mem[X,0x80002F70] -> 0xAF07
mem[X,0x80002F72] -> 0x1C81
[3041] [M]: 0x80002F70 (0x1C81AF07) flw ft10, 456(gp)
mem[R,0x800089D8] -> 0x0000FBFF
f30 <- 0xFFFFFFFF0000FBFF


mem[X,0x80002F74] -> 0x81B3
mem[X,0x80002F76] -> 0x4021
[3042] [M]: 0x80002F74 (0x402181B3) sub gp, gp, sp
x3 <- 0x80008010


mem[X,0x80002F78] -> 0x1137
mem[X,0x80002F7A] -> 0x0000
[3043] [M]: 0x80002F78 (0x00001137) lui sp, 1
x2 <- 0x00001000


mem[X,0x80002F7C] -> 0x0113
mem[X,0x80002F7E] -> 0x8001
[3044] [M]: 0x80002F7C (0x80010113) addi sp, sp, 2048
x2 <- 0x00000800


mem[X,0x80002F80] -> 0x81B3
mem[X,0x80002F82] -> 0x0021
[3045] [M]: 0x80002F80 (0x002181B3) add gp, gp, sp
x3 <- 0x80008810


mem[X,0x80002F84] -> 0xAE87
mem[X,0x80002F86] -> 0x1CC1
[3046] [M]: 0x80002F84 (0x1CC1AE87) flw ft9, 460(gp)
mem[R,0x800089DC] -> 0x00008000
f29 <- 0xFFFFFFFF00008000


mem[X,0x80002F88] -> 0x81B3
mem[X,0x80002F8A] -> 0x4021
[3047] [M]: 0x80002F88 (0x402181B3) sub gp, gp, sp
x3 <- 0x80008010


mem[X,0x80002F8C] -> 0x0113
mem[X,0x80002F8E] -> 0x0000
[3048] [M]: 0x80002F8C (0x00000113) addi sp, zero, 0
x2 <- 0x00000000


mem[X,0x80002F90] -> 0x1073
mem[X,0x80002F92] -> 0x0031
[3049] [M]: 0x80002F90 (0x00311073) csrrw zero, fcsr, sp
CSR fcsr -> 0x00000000
CSR fcsr <- 0x00000000 (input: 0x00000000)


mem[X,0x80002F94] -> 0x7FD3
mem[X,0x80002F96] -> 0x05DF
[3050] [M]: 0x80002F94 (0x05DF7FD3) fadd.h ft11, ft10, ft9, dyn
f31 <- 0xFFFFFFFFFFFF7E00


mem[X,0x80002F98] -> 0x2273
mem[X,0x80002F9A] -> 0x0030
[3051] [M]: 0x80002F98 (0x00302273) csrrs tp, fcsr, zero
CSR fcsr -> 0x00000000
x4 <- 0x00000000


mem[X,0x80002F9C] -> 0xA427
mem[X,0x80002F9E] -> 0x1DF0
[3052] [M]: 0x80002F9C (0x1DF0A427) fsw ft11, 456(ra)
mem[0x80009DDC] <- 0xFFFF7E00


mem[X,0x80002FA0] -> 0xA623
mem[X,0x80002FA2] -> 0x1C40
[3053] [M]: 0x80002FA0 (0x1C40A623) sw tp, 460(ra)
mem[0x80009DE0] <- 0x00000000


mem[X,0x80002FA4] -> 0x1137
mem[X,0x80002FA6] -> 0x0000
[3054] [M]: 0x80002FA4 (0x00001137) lui sp, 1
x2 <- 0x00001000


mem[X,0x80002FA8] -> 0x0113
mem[X,0x80002FAA] -> 0x8001
[3055] [M]: 0x80002FA8 (0x80010113) addi sp, sp, 2048
x2 <- 0x00000800


mem[X,0x80002FAC] -> 0x81B3
mem[X,0x80002FAE] -> 0x0021
[3056] [M]: 0x80002FAC (0x002181B3) add gp, gp, sp
x3 <- 0x80008810


mem[X,0x80002FB0] -> 0xAF07
mem[X,0x80002FB2] -> 0x1D01
[3057] [M]: 0x80002FB0 (0x1D01AF07) flw ft10, 464(gp)
mem[R,0x800089E0] -> 0x0000FBFF
f30 <- 0xFFFFFFFF0000FBFF


mem[X,0x80002FB4] -> 0x81B3
mem[X,0x80002FB6] -> 0x4021
[3058] [M]: 0x80002FB4 (0x402181B3) sub gp, gp, sp
x3 <- 0x80008010


mem[X,0x80002FB8] -> 0x1137
mem[X,0x80002FBA] -> 0x0000
[3059] [M]: 0x80002FB8 (0x00001137) lui sp, 1
x2 <- 0x00001000


mem[X,0x80002FBC] -> 0x0113
mem[X,0x80002FBE] -> 0x8001
[3060] [M]: 0x80002FBC (0x80010113) addi sp, sp, 2048
x2 <- 0x00000800


mem[X,0x80002FC0] -> 0x81B3
mem[X,0x80002FC2] -> 0x0021
[3061] [M]: 0x80002FC0 (0x002181B3) add gp, gp, sp
x3 <- 0x80008810


mem[X,0x80002FC4] -> 0xAE87
mem[X,0x80002FC6] -> 0x1D41
[3062] [M]: 0x80002FC4 (0x1D41AE87) flw ft9, 468(gp)
mem[R,0x800089E4] -> 0x00000001
f29 <- 0xFFFFFFFF00000001


mem[X,0x80002FC8] -> 0x81B3
mem[X,0x80002FCA] -> 0x4021
[3063] [M]: 0x80002FC8 (0x402181B3) sub gp, gp, sp
x3 <- 0x80008010


mem[X,0x80002FCC] -> 0x0113
mem[X,0x80002FCE] -> 0x0000
[3064] [M]: 0x80002FCC (0x00000113) addi sp, zero, 0
x2 <- 0x00000000


mem[X,0x80002FD0] -> 0x1073
mem[X,0x80002FD2] -> 0x0031
[3065] [M]: 0x80002FD0 (0x00311073) csrrw zero, fcsr, sp
CSR fcsr -> 0x00000000
CSR fcsr <- 0x00000000 (input: 0x00000000)


mem[X,0x80002FD4] -> 0x7FD3
mem[X,0x80002FD6] -> 0x05DF
[3066] [M]: 0x80002FD4 (0x05DF7FD3) fadd.h ft11, ft10, ft9, dyn
f31 <- 0xFFFFFFFFFFFF7E00


mem[X,0x80002FD8] -> 0x2273
mem[X,0x80002FDA] -> 0x0030
[3067] [M]: 0x80002FD8 (0x00302273) csrrs tp, fcsr, zero
CSR fcsr -> 0x00000000
x4 <- 0x00000000


mem[X,0x80002FDC] -> 0xA827
mem[X,0x80002FDE] -> 0x1DF0
[3068] [M]: 0x80002FDC (0x1DF0A827) fsw ft11, 464(ra)
mem[0x80009DE4] <- 0xFFFF7E00


mem[X,0x80002FE0] -> 0xAA23
mem[X,0x80002FE2] -> 0x1C40
[3069] [M]: 0x80002FE0 (0x1C40AA23) sw tp, 468(ra)
mem[0x80009DE8] <- 0x00000000


mem[X,0x80002FE4] -> 0x1137
mem[X,0x80002FE6] -> 0x0000
[3070] [M]: 0x80002FE4 (0x00001137) lui sp, 1
x2 <- 0x00001000


mem[X,0x80002FE8] -> 0x0113
mem[X,0x80002FEA] -> 0x8001
[3071] [M]: 0x80002FE8 (0x80010113) addi sp, sp, 2048
x2 <- 0x00000800


mem[X,0x80002FEC] -> 0x81B3
mem[X,0x80002FEE] -> 0x0021
[3072] [M]: 0x80002FEC (0x002181B3) add gp, gp, sp
x3 <- 0x80008810


mem[X,0x80002FF0] -> 0xAF07
mem[X,0x80002FF2] -> 0x1D81
[3073] [M]: 0x80002FF0 (0x1D81AF07) flw ft10, 472(gp)
mem[R,0x800089E8] -> 0x0000FBFF
f30 <- 0xFFFFFFFF0000FBFF


mem[X,0x80002FF4] -> 0x81B3
mem[X,0x80002FF6] -> 0x4021
[3074] [M]: 0x80002FF4 (0x402181B3) sub gp, gp, sp
x3 <- 0x80008010


mem[X,0x80002FF8] -> 0x1137
mem[X,0x80002FFA] -> 0x0000
[3075] [M]: 0x80002FF8 (0x00001137) lui sp, 1
x2 <- 0x00001000


mem[X,0x80002FFC] -> 0x0113
mem[X,0x80002FFE] -> 0x8001
[3076] [M]: 0x80002FFC (0x80010113) addi sp, sp, 2048
x2 <- 0x00000800


mem[X,0x80003000] -> 0x81B3
mem[X,0x80003002] -> 0x0021
[3077] [M]: 0x80003000 (0x002181B3) add gp, gp, sp
x3 <- 0x80008810


mem[X,0x80003004] -> 0xAE87
mem[X,0x80003006] -> 0x1DC1
[3078] [M]: 0x80003004 (0x1DC1AE87) flw ft9, 476(gp)
mem[R,0x800089EC] -> 0x00008001
f29 <- 0xFFFFFFFF00008001


mem[X,0x80003008] -> 0x81B3
mem[X,0x8000300A] -> 0x4021
[3079] [M]: 0x80003008 (0x402181B3) sub gp, gp, sp
x3 <- 0x80008010


mem[X,0x8000300C] -> 0x0113
mem[X,0x8000300E] -> 0x0000
[3080] [M]: 0x8000300C (0x00000113) addi sp, zero, 0
x2 <- 0x00000000


mem[X,0x80003010] -> 0x1073
mem[X,0x80003012] -> 0x0031
[3081] [M]: 0x80003010 (0x00311073) csrrw zero, fcsr, sp
CSR fcsr -> 0x00000000
CSR fcsr <- 0x00000000 (input: 0x00000000)


mem[X,0x80003014] -> 0x7FD3
mem[X,0x80003016] -> 0x05DF
[3082] [M]: 0x80003014 (0x05DF7FD3) fadd.h ft11, ft10, ft9, dyn
f31 <- 0xFFFFFFFFFFFF7E00


mem[X,0x80003018] -> 0x2273
mem[X,0x8000301A] -> 0x0030
[3083] [M]: 0x80003018 (0x00302273) csrrs tp, fcsr, zero
CSR fcsr -> 0x00000000
x4 <- 0x00000000


mem[X,0x8000301C] -> 0xAC27
mem[X,0x8000301E] -> 0x1DF0
[3084] [M]: 0x8000301C (0x1DF0AC27) fsw ft11, 472(ra)
mem[0x80009DEC] <- 0xFFFF7E00


mem[X,0x80003020] -> 0xAE23
mem[X,0x80003022] -> 0x1C40
[3085] [M]: 0x80003020 (0x1C40AE23) sw tp, 476(ra)
mem[0x80009DF0] <- 0x00000000


mem[X,0x80003024] -> 0x1137
mem[X,0x80003026] -> 0x0000
[3086] [M]: 0x80003024 (0x00001137) lui sp, 1
x2 <- 0x00001000


mem[X,0x80003028] -> 0x0113
mem[X,0x8000302A] -> 0x8001
[3087] [M]: 0x80003028 (0x80010113) addi sp, sp, 2048
x2 <- 0x00000800


mem[X,0x8000302C] -> 0x81B3
mem[X,0x8000302E] -> 0x0021
[3088] [M]: 0x8000302C (0x002181B3) add gp, gp, sp
x3 <- 0x80008810


mem[X,0x80003030] -> 0xAF07
mem[X,0x80003032] -> 0x1E01
[3089] [M]: 0x80003030 (0x1E01AF07) flw ft10, 480(gp)
mem[R,0x800089F0] -> 0x0000FBFF
f30 <- 0xFFFFFFFF0000FBFF


mem[X,0x80003034] -> 0x81B3
mem[X,0x80003036] -> 0x4021
[3090] [M]: 0x80003034 (0x402181B3) sub gp, gp, sp
x3 <- 0x80008010


mem[X,0x80003038] -> 0x1137
mem[X,0x8000303A] -> 0x0000
[3091] [M]: 0x80003038 (0x00001137) lui sp, 1
x2 <- 0x00001000


mem[X,0x8000303C] -> 0x0113
mem[X,0x8000303E] -> 0x8001
[3092] [M]: 0x8000303C (0x80010113) addi sp, sp, 2048
x2 <- 0x00000800


mem[X,0x80003040] -> 0x81B3
mem[X,0x80003042] -> 0x0021
[3093] [M]: 0x80003040 (0x002181B3) add gp, gp, sp
x3 <- 0x80008810


mem[X,0x80003044] -> 0xAE87
mem[X,0x80003046] -> 0x1E41
[3094] [M]: 0x80003044 (0x1E41AE87) flw ft9, 484(gp)
mem[R,0x800089F4] -> 0x00000002
f29 <- 0xFFFFFFFF00000002


mem[X,0x80003048] -> 0x81B3
mem[X,0x8000304A] -> 0x4021
[3095] [M]: 0x80003048 (0x402181B3) sub gp, gp, sp
x3 <- 0x80008010


mem[X,0x8000304C] -> 0x0113
mem[X,0x8000304E] -> 0x0000
[3096] [M]: 0x8000304C (0x00000113) addi sp, zero, 0
x2 <- 0x00000000


mem[X,0x80003050] -> 0x1073
mem[X,0x80003052] -> 0x0031
[3097] [M]: 0x80003050 (0x00311073) csrrw zero, fcsr, sp
CSR fcsr -> 0x00000000
CSR fcsr <- 0x00000000 (input: 0x00000000)


mem[X,0x80003054] -> 0x7FD3
mem[X,0x80003056] -> 0x05DF
[3098] [M]: 0x80003054 (0x05DF7FD3) fadd.h ft11, ft10, ft9, dyn
f31 <- 0xFFFFFFFFFFFF7E00


mem[X,0x80003058] -> 0x2273
mem[X,0x8000305A] -> 0x0030
[3099] [M]: 0x80003058 (0x00302273) csrrs tp, fcsr, zero
CSR fcsr -> 0x00000000
x4 <- 0x00000000


clint::tick mtime <- 0x000000000000001F
 clint timer pending at mtime 0x000000000000001F
htif::tick 0x0000000000000000
mem[X,0x8000305C] -> 0xA027
mem[X,0x8000305E] -> 0x1FF0
[3100] [M]: 0x8000305C (0x1FF0A027) fsw ft11, 480(ra)
mem[0x80009DF4] <- 0xFFFF7E00


mem[X,0x80003060] -> 0xA223
mem[X,0x80003062] -> 0x1E40
[3101] [M]: 0x80003060 (0x1E40A223) sw tp, 484(ra)
mem[0x80009DF8] <- 0x00000000


mem[X,0x80003064] -> 0x1137
mem[X,0x80003066] -> 0x0000
[3102] [M]: 0x80003064 (0x00001137) lui sp, 1
x2 <- 0x00001000


mem[X,0x80003068] -> 0x0113
mem[X,0x8000306A] -> 0x8001
[3103] [M]: 0x80003068 (0x80010113) addi sp, sp, 2048
x2 <- 0x00000800


mem[X,0x8000306C] -> 0x81B3
mem[X,0x8000306E] -> 0x0021
[3104] [M]: 0x8000306C (0x002181B3) add gp, gp, sp
x3 <- 0x80008810


mem[X,0x80003070] -> 0xAF07
mem[X,0x80003072] -> 0x1E81
[3105] [M]: 0x80003070 (0x1E81AF07) flw ft10, 488(gp)
mem[R,0x800089F8] -> 0x0000FBFF
f30 <- 0xFFFFFFFF0000FBFF


mem[X,0x80003074] -> 0x81B3
mem[X,0x80003076] -> 0x4021
[3106] [M]: 0x80003074 (0x402181B3) sub gp, gp, sp
x3 <- 0x80008010


mem[X,0x80003078] -> 0x1137
mem[X,0x8000307A] -> 0x0000
[3107] [M]: 0x80003078 (0x00001137) lui sp, 1
x2 <- 0x00001000


mem[X,0x8000307C] -> 0x0113
mem[X,0x8000307E] -> 0x8001
[3108] [M]: 0x8000307C (0x80010113) addi sp, sp, 2048
x2 <- 0x00000800


mem[X,0x80003080] -> 0x81B3
mem[X,0x80003082] -> 0x0021
[3109] [M]: 0x80003080 (0x002181B3) add gp, gp, sp
x3 <- 0x80008810


mem[X,0x80003084] -> 0xAE87
mem[X,0x80003086] -> 0x1EC1
[3110] [M]: 0x80003084 (0x1EC1AE87) flw ft9, 492(gp)
mem[R,0x800089FC] -> 0x000083FE
f29 <- 0xFFFFFFFF000083FE


mem[X,0x80003088] -> 0x81B3
mem[X,0x8000308A] -> 0x4021
[3111] [M]: 0x80003088 (0x402181B3) sub gp, gp, sp
x3 <- 0x80008010


mem[X,0x8000308C] -> 0x0113
mem[X,0x8000308E] -> 0x0000
[3112] [M]: 0x8000308C (0x00000113) addi sp, zero, 0
x2 <- 0x00000000


mem[X,0x80003090] -> 0x1073
mem[X,0x80003092] -> 0x0031
[3113] [M]: 0x80003090 (0x00311073) csrrw zero, fcsr, sp
CSR fcsr -> 0x00000000
CSR fcsr <- 0x00000000 (input: 0x00000000)


mem[X,0x80003094] -> 0x7FD3
mem[X,0x80003096] -> 0x05DF
[3114] [M]: 0x80003094 (0x05DF7FD3) fadd.h ft11, ft10, ft9, dyn
f31 <- 0xFFFFFFFFFFFF7E00


mem[X,0x80003098] -> 0x2273
mem[X,0x8000309A] -> 0x0030
[3115] [M]: 0x80003098 (0x00302273) csrrs tp, fcsr, zero
CSR fcsr -> 0x00000000
x4 <- 0x00000000


mem[X,0x8000309C] -> 0xA427
mem[X,0x8000309E] -> 0x1FF0
[3116] [M]: 0x8000309C (0x1FF0A427) fsw ft11, 488(ra)
mem[0x80009DFC] <- 0xFFFF7E00


mem[X,0x800030A0] -> 0xA623
mem[X,0x800030A2] -> 0x1E40
[3117] [M]: 0x800030A0 (0x1E40A623) sw tp, 492(ra)
mem[0x80009E00] <- 0x00000000


mem[X,0x800030A4] -> 0x1137
mem[X,0x800030A6] -> 0x0000
[3118] [M]: 0x800030A4 (0x00001137) lui sp, 1
x2 <- 0x00001000


mem[X,0x800030A8] -> 0x0113
mem[X,0x800030AA] -> 0x8001
[3119] [M]: 0x800030A8 (0x80010113) addi sp, sp, 2048
x2 <- 0x00000800


mem[X,0x800030AC] -> 0x81B3
mem[X,0x800030AE] -> 0x0021
[3120] [M]: 0x800030AC (0x002181B3) add gp, gp, sp
x3 <- 0x80008810


mem[X,0x800030B0] -> 0xAF07
mem[X,0x800030B2] -> 0x1F01
[3121] [M]: 0x800030B0 (0x1F01AF07) flw ft10, 496(gp)
mem[R,0x80008A00] -> 0x0000FBFF
f30 <- 0xFFFFFFFF0000FBFF


mem[X,0x800030B4] -> 0x81B3
mem[X,0x800030B6] -> 0x4021
[3122] [M]: 0x800030B4 (0x402181B3) sub gp, gp, sp
x3 <- 0x80008010


mem[X,0x800030B8] -> 0x1137
mem[X,0x800030BA] -> 0x0000
[3123] [M]: 0x800030B8 (0x00001137) lui sp, 1
x2 <- 0x00001000


mem[X,0x800030BC] -> 0x0113
mem[X,0x800030BE] -> 0x8001
[3124] [M]: 0x800030BC (0x80010113) addi sp, sp, 2048
x2 <- 0x00000800


mem[X,0x800030C0] -> 0x81B3
mem[X,0x800030C2] -> 0x0021
[3125] [M]: 0x800030C0 (0x002181B3) add gp, gp, sp
x3 <- 0x80008810


mem[X,0x800030C4] -> 0xAE87
mem[X,0x800030C6] -> 0x1F41
[3126] [M]: 0x800030C4 (0x1F41AE87) flw ft9, 500(gp)
mem[R,0x80008A04] -> 0x000003FF
f29 <- 0xFFFFFFFF000003FF


mem[X,0x800030C8] -> 0x81B3
mem[X,0x800030CA] -> 0x4021
[3127] [M]: 0x800030C8 (0x402181B3) sub gp, gp, sp
x3 <- 0x80008010


mem[X,0x800030CC] -> 0x0113
mem[X,0x800030CE] -> 0x0000
[3128] [M]: 0x800030CC (0x00000113) addi sp, zero, 0
x2 <- 0x00000000


mem[X,0x800030D0] -> 0x1073
mem[X,0x800030D2] -> 0x0031
[3129] [M]: 0x800030D0 (0x00311073) csrrw zero, fcsr, sp
CSR fcsr -> 0x00000000
CSR fcsr <- 0x00000000 (input: 0x00000000)


mem[X,0x800030D4] -> 0x7FD3
mem[X,0x800030D6] -> 0x05DF
[3130] [M]: 0x800030D4 (0x05DF7FD3) fadd.h ft11, ft10, ft9, dyn
f31 <- 0xFFFFFFFFFFFF7E00


mem[X,0x800030D8] -> 0x2273
mem[X,0x800030DA] -> 0x0030
[3131] [M]: 0x800030D8 (0x00302273) csrrs tp, fcsr, zero
CSR fcsr -> 0x00000000
x4 <- 0x00000000


mem[X,0x800030DC] -> 0xA827
mem[X,0x800030DE] -> 0x1FF0
[3132] [M]: 0x800030DC (0x1FF0A827) fsw ft11, 496(ra)
mem[0x80009E04] <- 0xFFFF7E00


mem[X,0x800030E0] -> 0xAA23
mem[X,0x800030E2] -> 0x1E40
[3133] [M]: 0x800030E0 (0x1E40AA23) sw tp, 500(ra)
mem[0x80009E08] <- 0x00000000


mem[X,0x800030E4] -> 0x1137
mem[X,0x800030E6] -> 0x0000
[3134] [M]: 0x800030E4 (0x00001137) lui sp, 1
x2 <- 0x00001000


mem[X,0x800030E8] -> 0x0113
mem[X,0x800030EA] -> 0x8001
[3135] [M]: 0x800030E8 (0x80010113) addi sp, sp, 2048
x2 <- 0x00000800


mem[X,0x800030EC] -> 0x81B3
mem[X,0x800030EE] -> 0x0021
[3136] [M]: 0x800030EC (0x002181B3) add gp, gp, sp
x3 <- 0x80008810


mem[X,0x800030F0] -> 0xAF07
mem[X,0x800030F2] -> 0x1F81
[3137] [M]: 0x800030F0 (0x1F81AF07) flw ft10, 504(gp)
mem[R,0x80008A08] -> 0x0000FBFF
f30 <- 0xFFFFFFFF0000FBFF


mem[X,0x800030F4] -> 0x81B3
mem[X,0x800030F6] -> 0x4021
[3138] [M]: 0x800030F4 (0x402181B3) sub gp, gp, sp
x3 <- 0x80008010


mem[X,0x800030F8] -> 0x1137
mem[X,0x800030FA] -> 0x0000
[3139] [M]: 0x800030F8 (0x00001137) lui sp, 1
x2 <- 0x00001000


mem[X,0x800030FC] -> 0x0113
mem[X,0x800030FE] -> 0x8001
[3140] [M]: 0x800030FC (0x80010113) addi sp, sp, 2048
x2 <- 0x00000800


mem[X,0x80003100] -> 0x81B3
mem[X,0x80003102] -> 0x0021
[3141] [M]: 0x80003100 (0x002181B3) add gp, gp, sp
x3 <- 0x80008810


mem[X,0x80003104] -> 0xAE87
mem[X,0x80003106] -> 0x1FC1
[3142] [M]: 0x80003104 (0x1FC1AE87) flw ft9, 508(gp)
mem[R,0x80008A0C] -> 0x000083FF
f29 <- 0xFFFFFFFF000083FF


mem[X,0x80003108] -> 0x81B3
mem[X,0x8000310A] -> 0x4021
[3143] [M]: 0x80003108 (0x402181B3) sub gp, gp, sp
x3 <- 0x80008010


mem[X,0x8000310C] -> 0x0113
mem[X,0x8000310E] -> 0x0000
[3144] [M]: 0x8000310C (0x00000113) addi sp, zero, 0
x2 <- 0x00000000


mem[X,0x80003110] -> 0x1073
mem[X,0x80003112] -> 0x0031
[3145] [M]: 0x80003110 (0x00311073) csrrw zero, fcsr, sp
CSR fcsr -> 0x00000000
CSR fcsr <- 0x00000000 (input: 0x00000000)


mem[X,0x80003114] -> 0x7FD3
mem[X,0x80003116] -> 0x05DF
[3146] [M]: 0x80003114 (0x05DF7FD3) fadd.h ft11, ft10, ft9, dyn
f31 <- 0xFFFFFFFFFFFF7E00


mem[X,0x80003118] -> 0x2273
mem[X,0x8000311A] -> 0x0030
[3147] [M]: 0x80003118 (0x00302273) csrrs tp, fcsr, zero
CSR fcsr -> 0x00000000
x4 <- 0x00000000


mem[X,0x8000311C] -> 0xAC27
mem[X,0x8000311E] -> 0x1FF0
[3148] [M]: 0x8000311C (0x1FF0AC27) fsw ft11, 504(ra)
mem[0x80009E0C] <- 0xFFFF7E00


mem[X,0x80003120] -> 0xAE23
mem[X,0x80003122] -> 0x1E40
[3149] [M]: 0x80003120 (0x1E40AE23) sw tp, 508(ra)
mem[0x80009E10] <- 0x00000000


mem[X,0x80003124] -> 0x1137
mem[X,0x80003126] -> 0x0000
[3150] [M]: 0x80003124 (0x00001137) lui sp, 1
x2 <- 0x00001000


mem[X,0x80003128] -> 0x0113
mem[X,0x8000312A] -> 0x8001
[3151] [M]: 0x80003128 (0x80010113) addi sp, sp, 2048
x2 <- 0x00000800


mem[X,0x8000312C] -> 0x81B3
mem[X,0x8000312E] -> 0x0021
[3152] [M]: 0x8000312C (0x002181B3) add gp, gp, sp
x3 <- 0x80008810


mem[X,0x80003130] -> 0xAF07
mem[X,0x80003132] -> 0x2001
[3153] [M]: 0x80003130 (0x2001AF07) flw ft10, 512(gp)
mem[R,0x80008A10] -> 0x0000FBFF
f30 <- 0xFFFFFFFF0000FBFF


mem[X,0x80003134] -> 0x81B3
mem[X,0x80003136] -> 0x4021
[3154] [M]: 0x80003134 (0x402181B3) sub gp, gp, sp
x3 <- 0x80008010


mem[X,0x80003138] -> 0x1137
mem[X,0x8000313A] -> 0x0000
[3155] [M]: 0x80003138 (0x00001137) lui sp, 1
x2 <- 0x00001000


mem[X,0x8000313C] -> 0x0113
mem[X,0x8000313E] -> 0x8001
[3156] [M]: 0x8000313C (0x80010113) addi sp, sp, 2048
x2 <- 0x00000800


mem[X,0x80003140] -> 0x81B3
mem[X,0x80003142] -> 0x0021
[3157] [M]: 0x80003140 (0x002181B3) add gp, gp, sp
x3 <- 0x80008810


mem[X,0x80003144] -> 0xAE87
mem[X,0x80003146] -> 0x2041
[3158] [M]: 0x80003144 (0x2041AE87) flw ft9, 516(gp)
mem[R,0x80008A14] -> 0x00000400
f29 <- 0xFFFFFFFF00000400


mem[X,0x80003148] -> 0x81B3
mem[X,0x8000314A] -> 0x4021
[3159] [M]: 0x80003148 (0x402181B3) sub gp, gp, sp
x3 <- 0x80008010


mem[X,0x8000314C] -> 0x0113
mem[X,0x8000314E] -> 0x0000
[3160] [M]: 0x8000314C (0x00000113) addi sp, zero, 0
x2 <- 0x00000000


mem[X,0x80003150] -> 0x1073
mem[X,0x80003152] -> 0x0031
[3161] [M]: 0x80003150 (0x00311073) csrrw zero, fcsr, sp
CSR fcsr -> 0x00000000
CSR fcsr <- 0x00000000 (input: 0x00000000)


mem[X,0x80003154] -> 0x7FD3
mem[X,0x80003156] -> 0x05DF
[3162] [M]: 0x80003154 (0x05DF7FD3) fadd.h ft11, ft10, ft9, dyn
f31 <- 0xFFFFFFFFFFFF7E00


mem[X,0x80003158] -> 0x2273
mem[X,0x8000315A] -> 0x0030
[3163] [M]: 0x80003158 (0x00302273) csrrs tp, fcsr, zero
CSR fcsr -> 0x00000000
x4 <- 0x00000000


mem[X,0x8000315C] -> 0xA027
mem[X,0x8000315E] -> 0x21F0
[3164] [M]: 0x8000315C (0x21F0A027) fsw ft11, 512(ra)
mem[0x80009E14] <- 0xFFFF7E00


mem[X,0x80003160] -> 0xA223
mem[X,0x80003162] -> 0x2040
[3165] [M]: 0x80003160 (0x2040A223) sw tp, 516(ra)
mem[0x80009E18] <- 0x00000000


mem[X,0x80003164] -> 0x1137
mem[X,0x80003166] -> 0x0000
[3166] [M]: 0x80003164 (0x00001137) lui sp, 1
x2 <- 0x00001000


mem[X,0x80003168] -> 0x0113
mem[X,0x8000316A] -> 0x8001
[3167] [M]: 0x80003168 (0x80010113) addi sp, sp, 2048
x2 <- 0x00000800


mem[X,0x8000316C] -> 0x81B3
mem[X,0x8000316E] -> 0x0021
[3168] [M]: 0x8000316C (0x002181B3) add gp, gp, sp
x3 <- 0x80008810


mem[X,0x80003170] -> 0xAF07
mem[X,0x80003172] -> 0x2081
[3169] [M]: 0x80003170 (0x2081AF07) flw ft10, 520(gp)
mem[R,0x80008A18] -> 0x0000FBFF
f30 <- 0xFFFFFFFF0000FBFF


mem[X,0x80003174] -> 0x81B3
mem[X,0x80003176] -> 0x4021
[3170] [M]: 0x80003174 (0x402181B3) sub gp, gp, sp
x3 <- 0x80008010


mem[X,0x80003178] -> 0x1137
mem[X,0x8000317A] -> 0x0000
[3171] [M]: 0x80003178 (0x00001137) lui sp, 1
x2 <- 0x00001000


mem[X,0x8000317C] -> 0x0113
mem[X,0x8000317E] -> 0x8001
[3172] [M]: 0x8000317C (0x80010113) addi sp, sp, 2048
x2 <- 0x00000800


mem[X,0x80003180] -> 0x81B3
mem[X,0x80003182] -> 0x0021
[3173] [M]: 0x80003180 (0x002181B3) add gp, gp, sp
x3 <- 0x80008810


mem[X,0x80003184] -> 0xAE87
mem[X,0x80003186] -> 0x20C1
[3174] [M]: 0x80003184 (0x20C1AE87) flw ft9, 524(gp)
mem[R,0x80008A1C] -> 0x00008400
f29 <- 0xFFFFFFFF00008400


mem[X,0x80003188] -> 0x81B3
mem[X,0x8000318A] -> 0x4021
[3175] [M]: 0x80003188 (0x402181B3) sub gp, gp, sp
x3 <- 0x80008010


mem[X,0x8000318C] -> 0x0113
mem[X,0x8000318E] -> 0x0000
[3176] [M]: 0x8000318C (0x00000113) addi sp, zero, 0
x2 <- 0x00000000


mem[X,0x80003190] -> 0x1073
mem[X,0x80003192] -> 0x0031
[3177] [M]: 0x80003190 (0x00311073) csrrw zero, fcsr, sp
CSR fcsr -> 0x00000000
CSR fcsr <- 0x00000000 (input: 0x00000000)


mem[X,0x80003194] -> 0x7FD3
mem[X,0x80003196] -> 0x05DF
[3178] [M]: 0x80003194 (0x05DF7FD3) fadd.h ft11, ft10, ft9, dyn
f31 <- 0xFFFFFFFFFFFF7E00


mem[X,0x80003198] -> 0x2273
mem[X,0x8000319A] -> 0x0030
[3179] [M]: 0x80003198 (0x00302273) csrrs tp, fcsr, zero
CSR fcsr -> 0x00000000
x4 <- 0x00000000


mem[X,0x8000319C] -> 0xA427
mem[X,0x8000319E] -> 0x21F0
[3180] [M]: 0x8000319C (0x21F0A427) fsw ft11, 520(ra)
mem[0x80009E1C] <- 0xFFFF7E00


mem[X,0x800031A0] -> 0xA623
mem[X,0x800031A2] -> 0x2040
[3181] [M]: 0x800031A0 (0x2040A623) sw tp, 524(ra)
mem[0x80009E20] <- 0x00000000


mem[X,0x800031A4] -> 0x1137
mem[X,0x800031A6] -> 0x0000
[3182] [M]: 0x800031A4 (0x00001137) lui sp, 1
x2 <- 0x00001000


mem[X,0x800031A8] -> 0x0113
mem[X,0x800031AA] -> 0x8001
[3183] [M]: 0x800031A8 (0x80010113) addi sp, sp, 2048
x2 <- 0x00000800


mem[X,0x800031AC] -> 0x81B3
mem[X,0x800031AE] -> 0x0021
[3184] [M]: 0x800031AC (0x002181B3) add gp, gp, sp
x3 <- 0x80008810


mem[X,0x800031B0] -> 0xAF07
mem[X,0x800031B2] -> 0x2101
[3185] [M]: 0x800031B0 (0x2101AF07) flw ft10, 528(gp)
mem[R,0x80008A20] -> 0x0000FBFF
f30 <- 0xFFFFFFFF0000FBFF


mem[X,0x800031B4] -> 0x81B3
mem[X,0x800031B6] -> 0x4021
[3186] [M]: 0x800031B4 (0x402181B3) sub gp, gp, sp
x3 <- 0x80008010


mem[X,0x800031B8] -> 0x1137
mem[X,0x800031BA] -> 0x0000
[3187] [M]: 0x800031B8 (0x00001137) lui sp, 1
x2 <- 0x00001000


mem[X,0x800031BC] -> 0x0113
mem[X,0x800031BE] -> 0x8001
[3188] [M]: 0x800031BC (0x80010113) addi sp, sp, 2048
x2 <- 0x00000800


mem[X,0x800031C0] -> 0x81B3
mem[X,0x800031C2] -> 0x0021
[3189] [M]: 0x800031C0 (0x002181B3) add gp, gp, sp
x3 <- 0x80008810


mem[X,0x800031C4] -> 0xAE87
mem[X,0x800031C6] -> 0x2141
[3190] [M]: 0x800031C4 (0x2141AE87) flw ft9, 532(gp)
mem[R,0x80008A24] -> 0x00000401
f29 <- 0xFFFFFFFF00000401


mem[X,0x800031C8] -> 0x81B3
mem[X,0x800031CA] -> 0x4021
[3191] [M]: 0x800031C8 (0x402181B3) sub gp, gp, sp
x3 <- 0x80008010


mem[X,0x800031CC] -> 0x0113
mem[X,0x800031CE] -> 0x0000
[3192] [M]: 0x800031CC (0x00000113) addi sp, zero, 0
x2 <- 0x00000000


mem[X,0x800031D0] -> 0x1073
mem[X,0x800031D2] -> 0x0031
[3193] [M]: 0x800031D0 (0x00311073) csrrw zero, fcsr, sp
CSR fcsr -> 0x00000000
CSR fcsr <- 0x00000000 (input: 0x00000000)


mem[X,0x800031D4] -> 0x7FD3
mem[X,0x800031D6] -> 0x05DF
[3194] [M]: 0x800031D4 (0x05DF7FD3) fadd.h ft11, ft10, ft9, dyn
f31 <- 0xFFFFFFFFFFFF7E00


mem[X,0x800031D8] -> 0x2273
mem[X,0x800031DA] -> 0x0030
[3195] [M]: 0x800031D8 (0x00302273) csrrs tp, fcsr, zero
CSR fcsr -> 0x00000000
x4 <- 0x00000000


mem[X,0x800031DC] -> 0xA827
mem[X,0x800031DE] -> 0x21F0
[3196] [M]: 0x800031DC (0x21F0A827) fsw ft11, 528(ra)
mem[0x80009E24] <- 0xFFFF7E00


mem[X,0x800031E0] -> 0xAA23
mem[X,0x800031E2] -> 0x2040
[3197] [M]: 0x800031E0 (0x2040AA23) sw tp, 532(ra)
mem[0x80009E28] <- 0x00000000


mem[X,0x800031E4] -> 0x1137
mem[X,0x800031E6] -> 0x0000
[3198] [M]: 0x800031E4 (0x00001137) lui sp, 1
x2 <- 0x00001000


mem[X,0x800031E8] -> 0x0113
mem[X,0x800031EA] -> 0x8001
[3199] [M]: 0x800031E8 (0x80010113) addi sp, sp, 2048
x2 <- 0x00000800


clint::tick mtime <- 0x0000000000000020
 clint timer pending at mtime 0x0000000000000020
htif::tick 0x0000000000000000
mem[X,0x800031EC] -> 0x81B3
mem[X,0x800031EE] -> 0x0021
[3200] [M]: 0x800031EC (0x002181B3) add gp, gp, sp
x3 <- 0x80008810


mem[X,0x800031F0] -> 0xAF07
mem[X,0x800031F2] -> 0x2181
[3201] [M]: 0x800031F0 (0x2181AF07) flw ft10, 536(gp)
mem[R,0x80008A28] -> 0x0000FBFF
f30 <- 0xFFFFFFFF0000FBFF


mem[X,0x800031F4] -> 0x81B3
mem[X,0x800031F6] -> 0x4021
[3202] [M]: 0x800031F4 (0x402181B3) sub gp, gp, sp
x3 <- 0x80008010


mem[X,0x800031F8] -> 0x1137
mem[X,0x800031FA] -> 0x0000
[3203] [M]: 0x800031F8 (0x00001137) lui sp, 1
x2 <- 0x00001000


mem[X,0x800031FC] -> 0x0113
mem[X,0x800031FE] -> 0x8001
[3204] [M]: 0x800031FC (0x80010113) addi sp, sp, 2048
x2 <- 0x00000800


mem[X,0x80003200] -> 0x81B3
mem[X,0x80003202] -> 0x0021
[3205] [M]: 0x80003200 (0x002181B3) add gp, gp, sp
x3 <- 0x80008810


mem[X,0x80003204] -> 0xAE87
mem[X,0x80003206] -> 0x21C1
[3206] [M]: 0x80003204 (0x21C1AE87) flw ft9, 540(gp)
mem[R,0x80008A2C] -> 0x00008455
f29 <- 0xFFFFFFFF00008455


mem[X,0x80003208] -> 0x81B3
mem[X,0x8000320A] -> 0x4021
[3207] [M]: 0x80003208 (0x402181B3) sub gp, gp, sp
x3 <- 0x80008010


mem[X,0x8000320C] -> 0x0113
mem[X,0x8000320E] -> 0x0000
[3208] [M]: 0x8000320C (0x00000113) addi sp, zero, 0
x2 <- 0x00000000


mem[X,0x80003210] -> 0x1073
mem[X,0x80003212] -> 0x0031
[3209] [M]: 0x80003210 (0x00311073) csrrw zero, fcsr, sp
CSR fcsr -> 0x00000000
CSR fcsr <- 0x00000000 (input: 0x00000000)


mem[X,0x80003214] -> 0x7FD3
mem[X,0x80003216] -> 0x05DF
[3210] [M]: 0x80003214 (0x05DF7FD3) fadd.h ft11, ft10, ft9, dyn
f31 <- 0xFFFFFFFFFFFF7E00


mem[X,0x80003218] -> 0x2273
mem[X,0x8000321A] -> 0x0030
[3211] [M]: 0x80003218 (0x00302273) csrrs tp, fcsr, zero
CSR fcsr -> 0x00000000
x4 <- 0x00000000


mem[X,0x8000321C] -> 0xAC27
mem[X,0x8000321E] -> 0x21F0
[3212] [M]: 0x8000321C (0x21F0AC27) fsw ft11, 536(ra)
mem[0x80009E2C] <- 0xFFFF7E00


mem[X,0x80003220] -> 0xAE23
mem[X,0x80003222] -> 0x2040
[3213] [M]: 0x80003220 (0x2040AE23) sw tp, 540(ra)
mem[0x80009E30] <- 0x00000000


mem[X,0x80003224] -> 0x1137
mem[X,0x80003226] -> 0x0000
[3214] [M]: 0x80003224 (0x00001137) lui sp, 1
x2 <- 0x00001000


mem[X,0x80003228] -> 0x0113
mem[X,0x8000322A] -> 0x8001
[3215] [M]: 0x80003228 (0x80010113) addi sp, sp, 2048
x2 <- 0x00000800


mem[X,0x8000322C] -> 0x81B3
mem[X,0x8000322E] -> 0x0021
[3216] [M]: 0x8000322C (0x002181B3) add gp, gp, sp
x3 <- 0x80008810


mem[X,0x80003230] -> 0xAF07
mem[X,0x80003232] -> 0x2201
[3217] [M]: 0x80003230 (0x2201AF07) flw ft10, 544(gp)
mem[R,0x80008A30] -> 0x0000FBFF
f30 <- 0xFFFFFFFF0000FBFF


mem[X,0x80003234] -> 0x81B3
mem[X,0x80003236] -> 0x4021
[3218] [M]: 0x80003234 (0x402181B3) sub gp, gp, sp
x3 <- 0x80008010


mem[X,0x80003238] -> 0x1137
mem[X,0x8000323A] -> 0x0000
[3219] [M]: 0x80003238 (0x00001137) lui sp, 1
x2 <- 0x00001000


mem[X,0x8000323C] -> 0x0113
mem[X,0x8000323E] -> 0x8001
[3220] [M]: 0x8000323C (0x80010113) addi sp, sp, 2048
x2 <- 0x00000800


mem[X,0x80003240] -> 0x81B3
mem[X,0x80003242] -> 0x0021
[3221] [M]: 0x80003240 (0x002181B3) add gp, gp, sp
x3 <- 0x80008810


mem[X,0x80003244] -> 0xAE87
mem[X,0x80003246] -> 0x2241
[3222] [M]: 0x80003244 (0x2241AE87) flw ft9, 548(gp)
mem[R,0x80008A34] -> 0x00007BFF
f29 <- 0xFFFFFFFF00007BFF


mem[X,0x80003248] -> 0x81B3
mem[X,0x8000324A] -> 0x4021
[3223] [M]: 0x80003248 (0x402181B3) sub gp, gp, sp
x3 <- 0x80008010


mem[X,0x8000324C] -> 0x0113
mem[X,0x8000324E] -> 0x0000
[3224] [M]: 0x8000324C (0x00000113) addi sp, zero, 0
x2 <- 0x00000000


mem[X,0x80003250] -> 0x1073
mem[X,0x80003252] -> 0x0031
[3225] [M]: 0x80003250 (0x00311073) csrrw zero, fcsr, sp
CSR fcsr -> 0x00000000
CSR fcsr <- 0x00000000 (input: 0x00000000)


mem[X,0x80003254] -> 0x7FD3
mem[X,0x80003256] -> 0x05DF
[3226] [M]: 0x80003254 (0x05DF7FD3) fadd.h ft11, ft10, ft9, dyn
f31 <- 0xFFFFFFFFFFFF7E00


mem[X,0x80003258] -> 0x2273
mem[X,0x8000325A] -> 0x0030
[3227] [M]: 0x80003258 (0x00302273) csrrs tp, fcsr, zero
CSR fcsr -> 0x00000000
x4 <- 0x00000000


mem[X,0x8000325C] -> 0xA027
mem[X,0x8000325E] -> 0x23F0
[3228] [M]: 0x8000325C (0x23F0A027) fsw ft11, 544(ra)
mem[0x80009E34] <- 0xFFFF7E00


mem[X,0x80003260] -> 0xA223
mem[X,0x80003262] -> 0x2240
[3229] [M]: 0x80003260 (0x2240A223) sw tp, 548(ra)
mem[0x80009E38] <- 0x00000000


mem[X,0x80003264] -> 0x1137
mem[X,0x80003266] -> 0x0000
[3230] [M]: 0x80003264 (0x00001137) lui sp, 1
x2 <- 0x00001000


mem[X,0x80003268] -> 0x0113
mem[X,0x8000326A] -> 0x8001
[3231] [M]: 0x80003268 (0x80010113) addi sp, sp, 2048
x2 <- 0x00000800


mem[X,0x8000326C] -> 0x81B3
mem[X,0x8000326E] -> 0x0021
[3232] [M]: 0x8000326C (0x002181B3) add gp, gp, sp
x3 <- 0x80008810


mem[X,0x80003270] -> 0xAF07
mem[X,0x80003272] -> 0x2281
[3233] [M]: 0x80003270 (0x2281AF07) flw ft10, 552(gp)
mem[R,0x80008A38] -> 0x0000FBFF
f30 <- 0xFFFFFFFF0000FBFF


mem[X,0x80003274] -> 0x81B3
mem[X,0x80003276] -> 0x4021
[3234] [M]: 0x80003274 (0x402181B3) sub gp, gp, sp
x3 <- 0x80008010


mem[X,0x80003278] -> 0x1137
mem[X,0x8000327A] -> 0x0000
[3235] [M]: 0x80003278 (0x00001137) lui sp, 1
x2 <- 0x00001000


mem[X,0x8000327C] -> 0x0113
mem[X,0x8000327E] -> 0x8001
[3236] [M]: 0x8000327C (0x80010113) addi sp, sp, 2048
x2 <- 0x00000800


mem[X,0x80003280] -> 0x81B3
mem[X,0x80003282] -> 0x0021
[3237] [M]: 0x80003280 (0x002181B3) add gp, gp, sp
x3 <- 0x80008810


mem[X,0x80003284] -> 0xAE87
mem[X,0x80003286] -> 0x22C1
[3238] [M]: 0x80003284 (0x22C1AE87) flw ft9, 556(gp)
mem[R,0x80008A3C] -> 0x0000FBFF
f29 <- 0xFFFFFFFF0000FBFF


mem[X,0x80003288] -> 0x81B3
mem[X,0x8000328A] -> 0x4021
[3239] [M]: 0x80003288 (0x402181B3) sub gp, gp, sp
x3 <- 0x80008010


mem[X,0x8000328C] -> 0x0113
mem[X,0x8000328E] -> 0x0000
[3240] [M]: 0x8000328C (0x00000113) addi sp, zero, 0
x2 <- 0x00000000


mem[X,0x80003290] -> 0x1073
mem[X,0x80003292] -> 0x0031
[3241] [M]: 0x80003290 (0x00311073) csrrw zero, fcsr, sp
CSR fcsr -> 0x00000000
CSR fcsr <- 0x00000000 (input: 0x00000000)


mem[X,0x80003294] -> 0x7FD3
mem[X,0x80003296] -> 0x05DF
[3242] [M]: 0x80003294 (0x05DF7FD3) fadd.h ft11, ft10, ft9, dyn
f31 <- 0xFFFFFFFFFFFF7E00


mem[X,0x80003298] -> 0x2273
mem[X,0x8000329A] -> 0x0030
[3243] [M]: 0x80003298 (0x00302273) csrrs tp, fcsr, zero
CSR fcsr -> 0x00000000
x4 <- 0x00000000


mem[X,0x8000329C] -> 0xA427
mem[X,0x8000329E] -> 0x23F0
[3244] [M]: 0x8000329C (0x23F0A427) fsw ft11, 552(ra)
mem[0x80009E3C] <- 0xFFFF7E00


mem[X,0x800032A0] -> 0xA623
mem[X,0x800032A2] -> 0x2240
[3245] [M]: 0x800032A0 (0x2240A623) sw tp, 556(ra)
mem[0x80009E40] <- 0x00000000


mem[X,0x800032A4] -> 0x1137
mem[X,0x800032A6] -> 0x0000
[3246] [M]: 0x800032A4 (0x00001137) lui sp, 1
x2 <- 0x00001000


mem[X,0x800032A8] -> 0x0113
mem[X,0x800032AA] -> 0x8001
[3247] [M]: 0x800032A8 (0x80010113) addi sp, sp, 2048
x2 <- 0x00000800


mem[X,0x800032AC] -> 0x81B3
mem[X,0x800032AE] -> 0x0021
[3248] [M]: 0x800032AC (0x002181B3) add gp, gp, sp
x3 <- 0x80008810


mem[X,0x800032B0] -> 0xAF07
mem[X,0x800032B2] -> 0x2301
[3249] [M]: 0x800032B0 (0x2301AF07) flw ft10, 560(gp)
mem[R,0x80008A40] -> 0x0000FBFF
f30 <- 0xFFFFFFFF0000FBFF


mem[X,0x800032B4] -> 0x81B3
mem[X,0x800032B6] -> 0x4021
[3250] [M]: 0x800032B4 (0x402181B3) sub gp, gp, sp
x3 <- 0x80008010


mem[X,0x800032B8] -> 0x1137
mem[X,0x800032BA] -> 0x0000
[3251] [M]: 0x800032B8 (0x00001137) lui sp, 1
x2 <- 0x00001000


mem[X,0x800032BC] -> 0x0113
mem[X,0x800032BE] -> 0x8001
[3252] [M]: 0x800032BC (0x80010113) addi sp, sp, 2048
x2 <- 0x00000800


mem[X,0x800032C0] -> 0x81B3
mem[X,0x800032C2] -> 0x0021
[3253] [M]: 0x800032C0 (0x002181B3) add gp, gp, sp
x3 <- 0x80008810


mem[X,0x800032C4] -> 0xAE87
mem[X,0x800032C6] -> 0x2341
[3254] [M]: 0x800032C4 (0x2341AE87) flw ft9, 564(gp)
mem[R,0x80008A44] -> 0x00007C00
f29 <- 0xFFFFFFFF00007C00


mem[X,0x800032C8] -> 0x81B3
mem[X,0x800032CA] -> 0x4021
[3255] [M]: 0x800032C8 (0x402181B3) sub gp, gp, sp
x3 <- 0x80008010


mem[X,0x800032CC] -> 0x0113
mem[X,0x800032CE] -> 0x0000
[3256] [M]: 0x800032CC (0x00000113) addi sp, zero, 0
x2 <- 0x00000000


mem[X,0x800032D0] -> 0x1073
mem[X,0x800032D2] -> 0x0031
[3257] [M]: 0x800032D0 (0x00311073) csrrw zero, fcsr, sp
CSR fcsr -> 0x00000000
CSR fcsr <- 0x00000000 (input: 0x00000000)


mem[X,0x800032D4] -> 0x7FD3
mem[X,0x800032D6] -> 0x05DF
[3258] [M]: 0x800032D4 (0x05DF7FD3) fadd.h ft11, ft10, ft9, dyn
f31 <- 0xFFFFFFFFFFFF7E00


mem[X,0x800032D8] -> 0x2273
mem[X,0x800032DA] -> 0x0030
[3259] [M]: 0x800032D8 (0x00302273) csrrs tp, fcsr, zero
CSR fcsr -> 0x00000000
x4 <- 0x00000000


mem[X,0x800032DC] -> 0xA827
mem[X,0x800032DE] -> 0x23F0
[3260] [M]: 0x800032DC (0x23F0A827) fsw ft11, 560(ra)
mem[0x80009E44] <- 0xFFFF7E00


mem[X,0x800032E0] -> 0xAA23
mem[X,0x800032E2] -> 0x2240
[3261] [M]: 0x800032E0 (0x2240AA23) sw tp, 564(ra)
mem[0x80009E48] <- 0x00000000


mem[X,0x800032E4] -> 0x1137
mem[X,0x800032E6] -> 0x0000
[3262] [M]: 0x800032E4 (0x00001137) lui sp, 1
x2 <- 0x00001000


mem[X,0x800032E8] -> 0x0113
mem[X,0x800032EA] -> 0x8001
[3263] [M]: 0x800032E8 (0x80010113) addi sp, sp, 2048
x2 <- 0x00000800


mem[X,0x800032EC] -> 0x81B3
mem[X,0x800032EE] -> 0x0021
[3264] [M]: 0x800032EC (0x002181B3) add gp, gp, sp
x3 <- 0x80008810


mem[X,0x800032F0] -> 0xAF07
mem[X,0x800032F2] -> 0x2381
[3265] [M]: 0x800032F0 (0x2381AF07) flw ft10, 568(gp)
mem[R,0x80008A48] -> 0x0000FBFF
f30 <- 0xFFFFFFFF0000FBFF


mem[X,0x800032F4] -> 0x81B3
mem[X,0x800032F6] -> 0x4021
[3266] [M]: 0x800032F4 (0x402181B3) sub gp, gp, sp
x3 <- 0x80008010


mem[X,0x800032F8] -> 0x1137
mem[X,0x800032FA] -> 0x0000
[3267] [M]: 0x800032F8 (0x00001137) lui sp, 1
x2 <- 0x00001000


mem[X,0x800032FC] -> 0x0113
mem[X,0x800032FE] -> 0x8001
[3268] [M]: 0x800032FC (0x80010113) addi sp, sp, 2048
x2 <- 0x00000800


mem[X,0x80003300] -> 0x81B3
mem[X,0x80003302] -> 0x0021
[3269] [M]: 0x80003300 (0x002181B3) add gp, gp, sp
x3 <- 0x80008810


mem[X,0x80003304] -> 0xAE87
mem[X,0x80003306] -> 0x23C1
[3270] [M]: 0x80003304 (0x23C1AE87) flw ft9, 572(gp)
mem[R,0x80008A4C] -> 0x0000FC00
f29 <- 0xFFFFFFFF0000FC00


mem[X,0x80003308] -> 0x81B3
mem[X,0x8000330A] -> 0x4021
[3271] [M]: 0x80003308 (0x402181B3) sub gp, gp, sp
x3 <- 0x80008010


mem[X,0x8000330C] -> 0x0113
mem[X,0x8000330E] -> 0x0000
[3272] [M]: 0x8000330C (0x00000113) addi sp, zero, 0
x2 <- 0x00000000


mem[X,0x80003310] -> 0x1073
mem[X,0x80003312] -> 0x0031
[3273] [M]: 0x80003310 (0x00311073) csrrw zero, fcsr, sp
CSR fcsr -> 0x00000000
CSR fcsr <- 0x00000000 (input: 0x00000000)


mem[X,0x80003314] -> 0x7FD3
mem[X,0x80003316] -> 0x05DF
[3274] [M]: 0x80003314 (0x05DF7FD3) fadd.h ft11, ft10, ft9, dyn
f31 <- 0xFFFFFFFFFFFF7E00


mem[X,0x80003318] -> 0x2273
mem[X,0x8000331A] -> 0x0030
[3275] [M]: 0x80003318 (0x00302273) csrrs tp, fcsr, zero
CSR fcsr -> 0x00000000
x4 <- 0x00000000


mem[X,0x8000331C] -> 0xAC27
mem[X,0x8000331E] -> 0x23F0
[3276] [M]: 0x8000331C (0x23F0AC27) fsw ft11, 568(ra)
mem[0x80009E4C] <- 0xFFFF7E00


mem[X,0x80003320] -> 0xAE23
mem[X,0x80003322] -> 0x2240
[3277] [M]: 0x80003320 (0x2240AE23) sw tp, 572(ra)
mem[0x80009E50] <- 0x00000000


mem[X,0x80003324] -> 0x1137
mem[X,0x80003326] -> 0x0000
[3278] [M]: 0x80003324 (0x00001137) lui sp, 1
x2 <- 0x00001000


mem[X,0x80003328] -> 0x0113
mem[X,0x8000332A] -> 0x8001
[3279] [M]: 0x80003328 (0x80010113) addi sp, sp, 2048
x2 <- 0x00000800


mem[X,0x8000332C] -> 0x81B3
mem[X,0x8000332E] -> 0x0021
[3280] [M]: 0x8000332C (0x002181B3) add gp, gp, sp
x3 <- 0x80008810


mem[X,0x80003330] -> 0xAF07
mem[X,0x80003332] -> 0x2401
[3281] [M]: 0x80003330 (0x2401AF07) flw ft10, 576(gp)
mem[R,0x80008A50] -> 0x0000FBFF
f30 <- 0xFFFFFFFF0000FBFF


mem[X,0x80003334] -> 0x81B3
mem[X,0x80003336] -> 0x4021
[3282] [M]: 0x80003334 (0x402181B3) sub gp, gp, sp
x3 <- 0x80008010


mem[X,0x80003338] -> 0x1137
mem[X,0x8000333A] -> 0x0000
[3283] [M]: 0x80003338 (0x00001137) lui sp, 1
x2 <- 0x00001000


mem[X,0x8000333C] -> 0x0113
mem[X,0x8000333E] -> 0x8001
[3284] [M]: 0x8000333C (0x80010113) addi sp, sp, 2048
x2 <- 0x00000800


mem[X,0x80003340] -> 0x81B3
mem[X,0x80003342] -> 0x0021
[3285] [M]: 0x80003340 (0x002181B3) add gp, gp, sp
x3 <- 0x80008810


mem[X,0x80003344] -> 0xAE87
mem[X,0x80003346] -> 0x2441
[3286] [M]: 0x80003344 (0x2441AE87) flw ft9, 580(gp)
mem[R,0x80008A54] -> 0x00007E00
f29 <- 0xFFFFFFFF00007E00


mem[X,0x80003348] -> 0x81B3
mem[X,0x8000334A] -> 0x4021
[3287] [M]: 0x80003348 (0x402181B3) sub gp, gp, sp
x3 <- 0x80008010


mem[X,0x8000334C] -> 0x0113
mem[X,0x8000334E] -> 0x0000
[3288] [M]: 0x8000334C (0x00000113) addi sp, zero, 0
x2 <- 0x00000000


mem[X,0x80003350] -> 0x1073
mem[X,0x80003352] -> 0x0031
[3289] [M]: 0x80003350 (0x00311073) csrrw zero, fcsr, sp
CSR fcsr -> 0x00000000
CSR fcsr <- 0x00000000 (input: 0x00000000)


mem[X,0x80003354] -> 0x7FD3
mem[X,0x80003356] -> 0x05DF
[3290] [M]: 0x80003354 (0x05DF7FD3) fadd.h ft11, ft10, ft9, dyn
f31 <- 0xFFFFFFFFFFFF7E00


mem[X,0x80003358] -> 0x2273
mem[X,0x8000335A] -> 0x0030
[3291] [M]: 0x80003358 (0x00302273) csrrs tp, fcsr, zero
CSR fcsr -> 0x00000000
x4 <- 0x00000000


mem[X,0x8000335C] -> 0xA027
mem[X,0x8000335E] -> 0x25F0
[3292] [M]: 0x8000335C (0x25F0A027) fsw ft11, 576(ra)
mem[0x80009E54] <- 0xFFFF7E00


mem[X,0x80003360] -> 0xA223
mem[X,0x80003362] -> 0x2440
[3293] [M]: 0x80003360 (0x2440A223) sw tp, 580(ra)
mem[0x80009E58] <- 0x00000000


mem[X,0x80003364] -> 0x1137
mem[X,0x80003366] -> 0x0000
[3294] [M]: 0x80003364 (0x00001137) lui sp, 1
x2 <- 0x00001000


mem[X,0x80003368] -> 0x0113
mem[X,0x8000336A] -> 0x8001
[3295] [M]: 0x80003368 (0x80010113) addi sp, sp, 2048
x2 <- 0x00000800


mem[X,0x8000336C] -> 0x81B3
mem[X,0x8000336E] -> 0x0021
[3296] [M]: 0x8000336C (0x002181B3) add gp, gp, sp
x3 <- 0x80008810


mem[X,0x80003370] -> 0xAF07
mem[X,0x80003372] -> 0x2481
[3297] [M]: 0x80003370 (0x2481AF07) flw ft10, 584(gp)
mem[R,0x80008A58] -> 0x0000FBFF
f30 <- 0xFFFFFFFF0000FBFF


mem[X,0x80003374] -> 0x81B3
mem[X,0x80003376] -> 0x4021
[3298] [M]: 0x80003374 (0x402181B3) sub gp, gp, sp
x3 <- 0x80008010


mem[X,0x80003378] -> 0x1137
mem[X,0x8000337A] -> 0x0000
[3299] [M]: 0x80003378 (0x00001137) lui sp, 1
x2 <- 0x00001000


clint::tick mtime <- 0x0000000000000021
 clint timer pending at mtime 0x0000000000000021
htif::tick 0x0000000000000000
mem[X,0x8000337C] -> 0x0113
mem[X,0x8000337E] -> 0x8001
[3300] [M]: 0x8000337C (0x80010113) addi sp, sp, 2048
x2 <- 0x00000800


mem[X,0x80003380] -> 0x81B3
mem[X,0x80003382] -> 0x0021
[3301] [M]: 0x80003380 (0x002181B3) add gp, gp, sp
x3 <- 0x80008810


mem[X,0x80003384] -> 0xAE87
mem[X,0x80003386] -> 0x24C1
[3302] [M]: 0x80003384 (0x24C1AE87) flw ft9, 588(gp)
mem[R,0x80008A5C] -> 0x0000FE00
f29 <- 0xFFFFFFFF0000FE00


mem[X,0x80003388] -> 0x81B3
mem[X,0x8000338A] -> 0x4021
[3303] [M]: 0x80003388 (0x402181B3) sub gp, gp, sp
x3 <- 0x80008010


mem[X,0x8000338C] -> 0x0113
mem[X,0x8000338E] -> 0x0000
[3304] [M]: 0x8000338C (0x00000113) addi sp, zero, 0
x2 <- 0x00000000


mem[X,0x80003390] -> 0x1073
mem[X,0x80003392] -> 0x0031
[3305] [M]: 0x80003390 (0x00311073) csrrw zero, fcsr, sp
CSR fcsr -> 0x00000000
CSR fcsr <- 0x00000000 (input: 0x00000000)


mem[X,0x80003394] -> 0x7FD3
mem[X,0x80003396] -> 0x05DF
[3306] [M]: 0x80003394 (0x05DF7FD3) fadd.h ft11, ft10, ft9, dyn
f31 <- 0xFFFFFFFFFFFF7E00


mem[X,0x80003398] -> 0x2273
mem[X,0x8000339A] -> 0x0030
[3307] [M]: 0x80003398 (0x00302273) csrrs tp, fcsr, zero
CSR fcsr -> 0x00000000
x4 <- 0x00000000


mem[X,0x8000339C] -> 0xA427
mem[X,0x8000339E] -> 0x25F0
[3308] [M]: 0x8000339C (0x25F0A427) fsw ft11, 584(ra)
mem[0x80009E5C] <- 0xFFFF7E00


mem[X,0x800033A0] -> 0xA623
mem[X,0x800033A2] -> 0x2440
[3309] [M]: 0x800033A0 (0x2440A623) sw tp, 588(ra)
mem[0x80009E60] <- 0x00000000


mem[X,0x800033A4] -> 0x1137
mem[X,0x800033A6] -> 0x0000
[3310] [M]: 0x800033A4 (0x00001137) lui sp, 1
x2 <- 0x00001000


mem[X,0x800033A8] -> 0x0113
mem[X,0x800033AA] -> 0x8001
[3311] [M]: 0x800033A8 (0x80010113) addi sp, sp, 2048
x2 <- 0x00000800


mem[X,0x800033AC] -> 0x81B3
mem[X,0x800033AE] -> 0x0021
[3312] [M]: 0x800033AC (0x002181B3) add gp, gp, sp
x3 <- 0x80008810


mem[X,0x800033B0] -> 0xAF07
mem[X,0x800033B2] -> 0x2501
[3313] [M]: 0x800033B0 (0x2501AF07) flw ft10, 592(gp)
mem[R,0x80008A60] -> 0x0000FBFF
f30 <- 0xFFFFFFFF0000FBFF


mem[X,0x800033B4] -> 0x81B3
mem[X,0x800033B6] -> 0x4021
[3314] [M]: 0x800033B4 (0x402181B3) sub gp, gp, sp
x3 <- 0x80008010


mem[X,0x800033B8] -> 0x1137
mem[X,0x800033BA] -> 0x0000
[3315] [M]: 0x800033B8 (0x00001137) lui sp, 1
x2 <- 0x00001000


mem[X,0x800033BC] -> 0x0113
mem[X,0x800033BE] -> 0x8001
[3316] [M]: 0x800033BC (0x80010113) addi sp, sp, 2048
x2 <- 0x00000800


mem[X,0x800033C0] -> 0x81B3
mem[X,0x800033C2] -> 0x0021
[3317] [M]: 0x800033C0 (0x002181B3) add gp, gp, sp
x3 <- 0x80008810


mem[X,0x800033C4] -> 0xAE87
mem[X,0x800033C6] -> 0x2541
[3318] [M]: 0x800033C4 (0x2541AE87) flw ft9, 596(gp)
mem[R,0x80008A64] -> 0x00007E01
f29 <- 0xFFFFFFFF00007E01


mem[X,0x800033C8] -> 0x81B3
mem[X,0x800033CA] -> 0x4021
[3319] [M]: 0x800033C8 (0x402181B3) sub gp, gp, sp
x3 <- 0x80008010


mem[X,0x800033CC] -> 0x0113
mem[X,0x800033CE] -> 0x0000
[3320] [M]: 0x800033CC (0x00000113) addi sp, zero, 0
x2 <- 0x00000000


mem[X,0x800033D0] -> 0x1073
mem[X,0x800033D2] -> 0x0031
[3321] [M]: 0x800033D0 (0x00311073) csrrw zero, fcsr, sp
CSR fcsr -> 0x00000000
CSR fcsr <- 0x00000000 (input: 0x00000000)


mem[X,0x800033D4] -> 0x7FD3
mem[X,0x800033D6] -> 0x05DF
[3322] [M]: 0x800033D4 (0x05DF7FD3) fadd.h ft11, ft10, ft9, dyn
f31 <- 0xFFFFFFFFFFFF7E00


mem[X,0x800033D8] -> 0x2273
mem[X,0x800033DA] -> 0x0030
[3323] [M]: 0x800033D8 (0x00302273) csrrs tp, fcsr, zero
CSR fcsr -> 0x00000000
x4 <- 0x00000000


mem[X,0x800033DC] -> 0xA827
mem[X,0x800033DE] -> 0x25F0
[3324] [M]: 0x800033DC (0x25F0A827) fsw ft11, 592(ra)
mem[0x80009E64] <- 0xFFFF7E00


mem[X,0x800033E0] -> 0xAA23
mem[X,0x800033E2] -> 0x2440
[3325] [M]: 0x800033E0 (0x2440AA23) sw tp, 596(ra)
mem[0x80009E68] <- 0x00000000


mem[X,0x800033E4] -> 0x1137
mem[X,0x800033E6] -> 0x0000
[3326] [M]: 0x800033E4 (0x00001137) lui sp, 1
x2 <- 0x00001000


mem[X,0x800033E8] -> 0x0113
mem[X,0x800033EA] -> 0x8001
[3327] [M]: 0x800033E8 (0x80010113) addi sp, sp, 2048
x2 <- 0x00000800


mem[X,0x800033EC] -> 0x81B3
mem[X,0x800033EE] -> 0x0021
[3328] [M]: 0x800033EC (0x002181B3) add gp, gp, sp
x3 <- 0x80008810


mem[X,0x800033F0] -> 0xAF07
mem[X,0x800033F2] -> 0x2581
[3329] [M]: 0x800033F0 (0x2581AF07) flw ft10, 600(gp)
mem[R,0x80008A68] -> 0x0000FBFF
f30 <- 0xFFFFFFFF0000FBFF


mem[X,0x800033F4] -> 0x81B3
mem[X,0x800033F6] -> 0x4021
[3330] [M]: 0x800033F4 (0x402181B3) sub gp, gp, sp
x3 <- 0x80008010


mem[X,0x800033F8] -> 0x1137
mem[X,0x800033FA] -> 0x0000
[3331] [M]: 0x800033F8 (0x00001137) lui sp, 1
x2 <- 0x00001000


mem[X,0x800033FC] -> 0x0113
mem[X,0x800033FE] -> 0x8001
[3332] [M]: 0x800033FC (0x80010113) addi sp, sp, 2048
x2 <- 0x00000800


mem[X,0x80003400] -> 0x81B3
mem[X,0x80003402] -> 0x0021
[3333] [M]: 0x80003400 (0x002181B3) add gp, gp, sp
x3 <- 0x80008810


mem[X,0x80003404] -> 0xAE87
mem[X,0x80003406] -> 0x25C1
[3334] [M]: 0x80003404 (0x25C1AE87) flw ft9, 604(gp)
mem[R,0x80008A6C] -> 0x0000FE55
f29 <- 0xFFFFFFFF0000FE55


mem[X,0x80003408] -> 0x81B3
mem[X,0x8000340A] -> 0x4021
[3335] [M]: 0x80003408 (0x402181B3) sub gp, gp, sp
x3 <- 0x80008010


mem[X,0x8000340C] -> 0x0113
mem[X,0x8000340E] -> 0x0000
[3336] [M]: 0x8000340C (0x00000113) addi sp, zero, 0
x2 <- 0x00000000


mem[X,0x80003410] -> 0x1073
mem[X,0x80003412] -> 0x0031
[3337] [M]: 0x80003410 (0x00311073) csrrw zero, fcsr, sp
CSR fcsr -> 0x00000000
CSR fcsr <- 0x00000000 (input: 0x00000000)


mem[X,0x80003414] -> 0x7FD3
mem[X,0x80003416] -> 0x05DF
[3338] [M]: 0x80003414 (0x05DF7FD3) fadd.h ft11, ft10, ft9, dyn
f31 <- 0xFFFFFFFFFFFF7E00


mem[X,0x80003418] -> 0x2273
mem[X,0x8000341A] -> 0x0030
[3339] [M]: 0x80003418 (0x00302273) csrrs tp, fcsr, zero
CSR fcsr -> 0x00000000
x4 <- 0x00000000


mem[X,0x8000341C] -> 0xAC27
mem[X,0x8000341E] -> 0x25F0
[3340] [M]: 0x8000341C (0x25F0AC27) fsw ft11, 600(ra)
mem[0x80009E6C] <- 0xFFFF7E00


mem[X,0x80003420] -> 0xAE23
mem[X,0x80003422] -> 0x2440
[3341] [M]: 0x80003420 (0x2440AE23) sw tp, 604(ra)
mem[0x80009E70] <- 0x00000000


mem[X,0x80003424] -> 0x1137
mem[X,0x80003426] -> 0x0000
[3342] [M]: 0x80003424 (0x00001137) lui sp, 1
x2 <- 0x00001000


mem[X,0x80003428] -> 0x0113
mem[X,0x8000342A] -> 0x8001
[3343] [M]: 0x80003428 (0x80010113) addi sp, sp, 2048
x2 <- 0x00000800


mem[X,0x8000342C] -> 0x81B3
mem[X,0x8000342E] -> 0x0021
[3344] [M]: 0x8000342C (0x002181B3) add gp, gp, sp
x3 <- 0x80008810


mem[X,0x80003430] -> 0xAF07
mem[X,0x80003432] -> 0x2601
[3345] [M]: 0x80003430 (0x2601AF07) flw ft10, 608(gp)
mem[R,0x80008A70] -> 0x0000FBFF
f30 <- 0xFFFFFFFF0000FBFF


mem[X,0x80003434] -> 0x81B3
mem[X,0x80003436] -> 0x4021
[3346] [M]: 0x80003434 (0x402181B3) sub gp, gp, sp
x3 <- 0x80008010


mem[X,0x80003438] -> 0x1137
mem[X,0x8000343A] -> 0x0000
[3347] [M]: 0x80003438 (0x00001137) lui sp, 1
x2 <- 0x00001000


mem[X,0x8000343C] -> 0x0113
mem[X,0x8000343E] -> 0x8001
[3348] [M]: 0x8000343C (0x80010113) addi sp, sp, 2048
x2 <- 0x00000800


mem[X,0x80003440] -> 0x81B3
mem[X,0x80003442] -> 0x0021
[3349] [M]: 0x80003440 (0x002181B3) add gp, gp, sp
x3 <- 0x80008810


mem[X,0x80003444] -> 0xAE87
mem[X,0x80003446] -> 0x2641
[3350] [M]: 0x80003444 (0x2641AE87) flw ft9, 612(gp)
mem[R,0x80008A74] -> 0x00007C01
f29 <- 0xFFFFFFFF00007C01


mem[X,0x80003448] -> 0x81B3
mem[X,0x8000344A] -> 0x4021
[3351] [M]: 0x80003448 (0x402181B3) sub gp, gp, sp
x3 <- 0x80008010


mem[X,0x8000344C] -> 0x0113
mem[X,0x8000344E] -> 0x0000
[3352] [M]: 0x8000344C (0x00000113) addi sp, zero, 0
x2 <- 0x00000000


mem[X,0x80003450] -> 0x1073
mem[X,0x80003452] -> 0x0031
[3353] [M]: 0x80003450 (0x00311073) csrrw zero, fcsr, sp
CSR fcsr -> 0x00000000
CSR fcsr <- 0x00000000 (input: 0x00000000)


mem[X,0x80003454] -> 0x7FD3
mem[X,0x80003456] -> 0x05DF
[3354] [M]: 0x80003454 (0x05DF7FD3) fadd.h ft11, ft10, ft9, dyn
f31 <- 0xFFFFFFFFFFFF7E00


mem[X,0x80003458] -> 0x2273
mem[X,0x8000345A] -> 0x0030
[3355] [M]: 0x80003458 (0x00302273) csrrs tp, fcsr, zero
CSR fcsr -> 0x00000000
x4 <- 0x00000000


mem[X,0x8000345C] -> 0xA027
mem[X,0x8000345E] -> 0x27F0
[3356] [M]: 0x8000345C (0x27F0A027) fsw ft11, 608(ra)
mem[0x80009E74] <- 0xFFFF7E00


mem[X,0x80003460] -> 0xA223
mem[X,0x80003462] -> 0x2640
[3357] [M]: 0x80003460 (0x2640A223) sw tp, 612(ra)
mem[0x80009E78] <- 0x00000000


mem[X,0x80003464] -> 0x1137
mem[X,0x80003466] -> 0x0000
[3358] [M]: 0x80003464 (0x00001137) lui sp, 1
x2 <- 0x00001000


mem[X,0x80003468] -> 0x0113
mem[X,0x8000346A] -> 0x8001
[3359] [M]: 0x80003468 (0x80010113) addi sp, sp, 2048
x2 <- 0x00000800


mem[X,0x8000346C] -> 0x81B3
mem[X,0x8000346E] -> 0x0021
[3360] [M]: 0x8000346C (0x002181B3) add gp, gp, sp
x3 <- 0x80008810


mem[X,0x80003470] -> 0xAF07
mem[X,0x80003472] -> 0x2681
[3361] [M]: 0x80003470 (0x2681AF07) flw ft10, 616(gp)
mem[R,0x80008A78] -> 0x0000FBFF
f30 <- 0xFFFFFFFF0000FBFF


mem[X,0x80003474] -> 0x81B3
mem[X,0x80003476] -> 0x4021
[3362] [M]: 0x80003474 (0x402181B3) sub gp, gp, sp
x3 <- 0x80008010


mem[X,0x80003478] -> 0x1137
mem[X,0x8000347A] -> 0x0000
[3363] [M]: 0x80003478 (0x00001137) lui sp, 1
x2 <- 0x00001000


mem[X,0x8000347C] -> 0x0113
mem[X,0x8000347E] -> 0x8001
[3364] [M]: 0x8000347C (0x80010113) addi sp, sp, 2048
x2 <- 0x00000800


mem[X,0x80003480] -> 0x81B3
mem[X,0x80003482] -> 0x0021
[3365] [M]: 0x80003480 (0x002181B3) add gp, gp, sp
x3 <- 0x80008810


mem[X,0x80003484] -> 0xAE87
mem[X,0x80003486] -> 0x26C1
[3366] [M]: 0x80003484 (0x26C1AE87) flw ft9, 620(gp)
mem[R,0x80008A7C] -> 0x0000FD55
f29 <- 0xFFFFFFFF0000FD55


mem[X,0x80003488] -> 0x81B3
mem[X,0x8000348A] -> 0x4021
[3367] [M]: 0x80003488 (0x402181B3) sub gp, gp, sp
x3 <- 0x80008010


mem[X,0x8000348C] -> 0x0113
mem[X,0x8000348E] -> 0x0000
[3368] [M]: 0x8000348C (0x00000113) addi sp, zero, 0
x2 <- 0x00000000


mem[X,0x80003490] -> 0x1073
mem[X,0x80003492] -> 0x0031
[3369] [M]: 0x80003490 (0x00311073) csrrw zero, fcsr, sp
CSR fcsr -> 0x00000000
CSR fcsr <- 0x00000000 (input: 0x00000000)


mem[X,0x80003494] -> 0x7FD3
mem[X,0x80003496] -> 0x05DF
[3370] [M]: 0x80003494 (0x05DF7FD3) fadd.h ft11, ft10, ft9, dyn
f31 <- 0xFFFFFFFFFFFF7E00


mem[X,0x80003498] -> 0x2273
mem[X,0x8000349A] -> 0x0030
[3371] [M]: 0x80003498 (0x00302273) csrrs tp, fcsr, zero
CSR fcsr -> 0x00000000
x4 <- 0x00000000


mem[X,0x8000349C] -> 0xA427
mem[X,0x8000349E] -> 0x27F0
[3372] [M]: 0x8000349C (0x27F0A427) fsw ft11, 616(ra)
mem[0x80009E7C] <- 0xFFFF7E00


mem[X,0x800034A0] -> 0xA623
mem[X,0x800034A2] -> 0x2640
[3373] [M]: 0x800034A0 (0x2640A623) sw tp, 620(ra)
mem[0x80009E80] <- 0x00000000


mem[X,0x800034A4] -> 0x1137
mem[X,0x800034A6] -> 0x0000
[3374] [M]: 0x800034A4 (0x00001137) lui sp, 1
x2 <- 0x00001000


mem[X,0x800034A8] -> 0x0113
mem[X,0x800034AA] -> 0x8001
[3375] [M]: 0x800034A8 (0x80010113) addi sp, sp, 2048
x2 <- 0x00000800


mem[X,0x800034AC] -> 0x81B3
mem[X,0x800034AE] -> 0x0021
[3376] [M]: 0x800034AC (0x002181B3) add gp, gp, sp
x3 <- 0x80008810


mem[X,0x800034B0] -> 0xAF07
mem[X,0x800034B2] -> 0x2701
[3377] [M]: 0x800034B0 (0x2701AF07) flw ft10, 624(gp)
mem[R,0x80008A80] -> 0x0000FBFF
f30 <- 0xFFFFFFFF0000FBFF


mem[X,0x800034B4] -> 0x81B3
mem[X,0x800034B6] -> 0x4021
[3378] [M]: 0x800034B4 (0x402181B3) sub gp, gp, sp
x3 <- 0x80008010


mem[X,0x800034B8] -> 0x1137
mem[X,0x800034BA] -> 0x0000
[3379] [M]: 0x800034B8 (0x00001137) lui sp, 1
x2 <- 0x00001000


mem[X,0x800034BC] -> 0x0113
mem[X,0x800034BE] -> 0x8001
[3380] [M]: 0x800034BC (0x80010113) addi sp, sp, 2048
x2 <- 0x00000800


mem[X,0x800034C0] -> 0x81B3
mem[X,0x800034C2] -> 0x0021
[3381] [M]: 0x800034C0 (0x002181B3) add gp, gp, sp
x3 <- 0x80008810


mem[X,0x800034C4] -> 0xAE87
mem[X,0x800034C6] -> 0x2741
[3382] [M]: 0x800034C4 (0x2741AE87) flw ft9, 628(gp)
mem[R,0x80008A84] -> 0x00003C00
f29 <- 0xFFFFFFFF00003C00


mem[X,0x800034C8] -> 0x81B3
mem[X,0x800034CA] -> 0x4021
[3383] [M]: 0x800034C8 (0x402181B3) sub gp, gp, sp
x3 <- 0x80008010


mem[X,0x800034CC] -> 0x0113
mem[X,0x800034CE] -> 0x0000
[3384] [M]: 0x800034CC (0x00000113) addi sp, zero, 0
x2 <- 0x00000000


mem[X,0x800034D0] -> 0x1073
mem[X,0x800034D2] -> 0x0031
[3385] [M]: 0x800034D0 (0x00311073) csrrw zero, fcsr, sp
CSR fcsr -> 0x00000000
CSR fcsr <- 0x00000000 (input: 0x00000000)


mem[X,0x800034D4] -> 0x7FD3
mem[X,0x800034D6] -> 0x05DF
[3386] [M]: 0x800034D4 (0x05DF7FD3) fadd.h ft11, ft10, ft9, dyn
f31 <- 0xFFFFFFFFFFFF7E00


mem[X,0x800034D8] -> 0x2273
mem[X,0x800034DA] -> 0x0030
[3387] [M]: 0x800034D8 (0x00302273) csrrs tp, fcsr, zero
CSR fcsr -> 0x00000000
x4 <- 0x00000000


mem[X,0x800034DC] -> 0xA827
mem[X,0x800034DE] -> 0x27F0
[3388] [M]: 0x800034DC (0x27F0A827) fsw ft11, 624(ra)
mem[0x80009E84] <- 0xFFFF7E00


mem[X,0x800034E0] -> 0xAA23
mem[X,0x800034E2] -> 0x2640
[3389] [M]: 0x800034E0 (0x2640AA23) sw tp, 628(ra)
mem[0x80009E88] <- 0x00000000


mem[X,0x800034E4] -> 0x1137
mem[X,0x800034E6] -> 0x0000
[3390] [M]: 0x800034E4 (0x00001137) lui sp, 1
x2 <- 0x00001000


mem[X,0x800034E8] -> 0x0113
mem[X,0x800034EA] -> 0x8001
[3391] [M]: 0x800034E8 (0x80010113) addi sp, sp, 2048
x2 <- 0x00000800


mem[X,0x800034EC] -> 0x81B3
mem[X,0x800034EE] -> 0x0021
[3392] [M]: 0x800034EC (0x002181B3) add gp, gp, sp
x3 <- 0x80008810


mem[X,0x800034F0] -> 0xAF07
mem[X,0x800034F2] -> 0x2781
[3393] [M]: 0x800034F0 (0x2781AF07) flw ft10, 632(gp)
mem[R,0x80008A88] -> 0x0000FBFF
f30 <- 0xFFFFFFFF0000FBFF


mem[X,0x800034F4] -> 0x81B3
mem[X,0x800034F6] -> 0x4021
[3394] [M]: 0x800034F4 (0x402181B3) sub gp, gp, sp
x3 <- 0x80008010


mem[X,0x800034F8] -> 0x1137
mem[X,0x800034FA] -> 0x0000
[3395] [M]: 0x800034F8 (0x00001137) lui sp, 1
x2 <- 0x00001000


mem[X,0x800034FC] -> 0x0113
mem[X,0x800034FE] -> 0x8001
[3396] [M]: 0x800034FC (0x80010113) addi sp, sp, 2048
x2 <- 0x00000800


mem[X,0x80003500] -> 0x81B3
mem[X,0x80003502] -> 0x0021
[3397] [M]: 0x80003500 (0x002181B3) add gp, gp, sp
x3 <- 0x80008810


mem[X,0x80003504] -> 0xAE87
mem[X,0x80003506] -> 0x27C1
[3398] [M]: 0x80003504 (0x27C1AE87) flw ft9, 636(gp)
mem[R,0x80008A8C] -> 0x0000BC00
f29 <- 0xFFFFFFFF0000BC00


mem[X,0x80003508] -> 0x81B3
mem[X,0x8000350A] -> 0x4021
[3399] [M]: 0x80003508 (0x402181B3) sub gp, gp, sp
x3 <- 0x80008010


clint::tick mtime <- 0x0000000000000022
 clint timer pending at mtime 0x0000000000000022
htif::tick 0x0000000000000000
mem[X,0x8000350C] -> 0x0113
mem[X,0x8000350E] -> 0x0000
[3400] [M]: 0x8000350C (0x00000113) addi sp, zero, 0
x2 <- 0x00000000


mem[X,0x80003510] -> 0x1073
mem[X,0x80003512] -> 0x0031
[3401] [M]: 0x80003510 (0x00311073) csrrw zero, fcsr, sp
CSR fcsr -> 0x00000000
CSR fcsr <- 0x00000000 (input: 0x00000000)


mem[X,0x80003514] -> 0x7FD3
mem[X,0x80003516] -> 0x05DF
[3402] [M]: 0x80003514 (0x05DF7FD3) fadd.h ft11, ft10, ft9, dyn
f31 <- 0xFFFFFFFFFFFF7E00


mem[X,0x80003518] -> 0x2273
mem[X,0x8000351A] -> 0x0030
[3403] [M]: 0x80003518 (0x00302273) csrrs tp, fcsr, zero
CSR fcsr -> 0x00000000
x4 <- 0x00000000


mem[X,0x8000351C] -> 0xAC27
mem[X,0x8000351E] -> 0x27F0
[3404] [M]: 0x8000351C (0x27F0AC27) fsw ft11, 632(ra)
mem[0x80009E8C] <- 0xFFFF7E00


mem[X,0x80003520] -> 0xAE23
mem[X,0x80003522] -> 0x2640
[3405] [M]: 0x80003520 (0x2640AE23) sw tp, 636(ra)
mem[0x80009E90] <- 0x00000000


mem[X,0x80003524] -> 0x1137
mem[X,0x80003526] -> 0x0000
[3406] [M]: 0x80003524 (0x00001137) lui sp, 1
x2 <- 0x00001000


mem[X,0x80003528] -> 0x0113
mem[X,0x8000352A] -> 0x8001
[3407] [M]: 0x80003528 (0x80010113) addi sp, sp, 2048
x2 <- 0x00000800


mem[X,0x8000352C] -> 0x81B3
mem[X,0x8000352E] -> 0x0021
[3408] [M]: 0x8000352C (0x002181B3) add gp, gp, sp
x3 <- 0x80008810


mem[X,0x80003530] -> 0xAF07
mem[X,0x80003532] -> 0x2801
[3409] [M]: 0x80003530 (0x2801AF07) flw ft10, 640(gp)
mem[R,0x80008A90] -> 0x00007C00
f30 <- 0xFFFFFFFF00007C00


mem[X,0x80003534] -> 0x81B3
mem[X,0x80003536] -> 0x4021
[3410] [M]: 0x80003534 (0x402181B3) sub gp, gp, sp
x3 <- 0x80008010


mem[X,0x80003538] -> 0x1137
mem[X,0x8000353A] -> 0x0000
[3411] [M]: 0x80003538 (0x00001137) lui sp, 1
x2 <- 0x00001000


mem[X,0x8000353C] -> 0x0113
mem[X,0x8000353E] -> 0x8001
[3412] [M]: 0x8000353C (0x80010113) addi sp, sp, 2048
x2 <- 0x00000800


mem[X,0x80003540] -> 0x81B3
mem[X,0x80003542] -> 0x0021
[3413] [M]: 0x80003540 (0x002181B3) add gp, gp, sp
x3 <- 0x80008810


mem[X,0x80003544] -> 0xAE87
mem[X,0x80003546] -> 0x2841
[3414] [M]: 0x80003544 (0x2841AE87) flw ft9, 644(gp)
mem[R,0x80008A94] -> 0x00000000
f29 <- 0xFFFFFFFF00000000


mem[X,0x80003548] -> 0x81B3
mem[X,0x8000354A] -> 0x4021
[3415] [M]: 0x80003548 (0x402181B3) sub gp, gp, sp
x3 <- 0x80008010


mem[X,0x8000354C] -> 0x0113
mem[X,0x8000354E] -> 0x0000
[3416] [M]: 0x8000354C (0x00000113) addi sp, zero, 0
x2 <- 0x00000000


mem[X,0x80003550] -> 0x1073
mem[X,0x80003552] -> 0x0031
[3417] [M]: 0x80003550 (0x00311073) csrrw zero, fcsr, sp
CSR fcsr -> 0x00000000
CSR fcsr <- 0x00000000 (input: 0x00000000)


mem[X,0x80003554] -> 0x7FD3
mem[X,0x80003556] -> 0x05DF
[3418] [M]: 0x80003554 (0x05DF7FD3) fadd.h ft11, ft10, ft9, dyn
f31 <- 0xFFFFFFFFFFFF7E00


mem[X,0x80003558] -> 0x2273
mem[X,0x8000355A] -> 0x0030
[3419] [M]: 0x80003558 (0x00302273) csrrs tp, fcsr, zero
CSR fcsr -> 0x00000000
x4 <- 0x00000000


mem[X,0x8000355C] -> 0xA027
mem[X,0x8000355E] -> 0x29F0
[3420] [M]: 0x8000355C (0x29F0A027) fsw ft11, 640(ra)
mem[0x80009E94] <- 0xFFFF7E00


mem[X,0x80003560] -> 0xA223
mem[X,0x80003562] -> 0x2840
[3421] [M]: 0x80003560 (0x2840A223) sw tp, 644(ra)
mem[0x80009E98] <- 0x00000000


mem[X,0x80003564] -> 0x1137
mem[X,0x80003566] -> 0x0000
[3422] [M]: 0x80003564 (0x00001137) lui sp, 1
x2 <- 0x00001000


mem[X,0x80003568] -> 0x0113
mem[X,0x8000356A] -> 0x8001
[3423] [M]: 0x80003568 (0x80010113) addi sp, sp, 2048
x2 <- 0x00000800


mem[X,0x8000356C] -> 0x81B3
mem[X,0x8000356E] -> 0x0021
[3424] [M]: 0x8000356C (0x002181B3) add gp, gp, sp
x3 <- 0x80008810


mem[X,0x80003570] -> 0xAF07
mem[X,0x80003572] -> 0x2881
[3425] [M]: 0x80003570 (0x2881AF07) flw ft10, 648(gp)
mem[R,0x80008A98] -> 0x00007C00
f30 <- 0xFFFFFFFF00007C00


mem[X,0x80003574] -> 0x81B3
mem[X,0x80003576] -> 0x4021
[3426] [M]: 0x80003574 (0x402181B3) sub gp, gp, sp
x3 <- 0x80008010


mem[X,0x80003578] -> 0x1137
mem[X,0x8000357A] -> 0x0000
[3427] [M]: 0x80003578 (0x00001137) lui sp, 1
x2 <- 0x00001000


mem[X,0x8000357C] -> 0x0113
mem[X,0x8000357E] -> 0x8001
[3428] [M]: 0x8000357C (0x80010113) addi sp, sp, 2048
x2 <- 0x00000800


mem[X,0x80003580] -> 0x81B3
mem[X,0x80003582] -> 0x0021
[3429] [M]: 0x80003580 (0x002181B3) add gp, gp, sp
x3 <- 0x80008810


mem[X,0x80003584] -> 0xAE87
mem[X,0x80003586] -> 0x28C1
[3430] [M]: 0x80003584 (0x28C1AE87) flw ft9, 652(gp)
mem[R,0x80008A9C] -> 0x00008000
f29 <- 0xFFFFFFFF00008000


mem[X,0x80003588] -> 0x81B3
mem[X,0x8000358A] -> 0x4021
[3431] [M]: 0x80003588 (0x402181B3) sub gp, gp, sp
x3 <- 0x80008010


mem[X,0x8000358C] -> 0x0113
mem[X,0x8000358E] -> 0x0000
[3432] [M]: 0x8000358C (0x00000113) addi sp, zero, 0
x2 <- 0x00000000


mem[X,0x80003590] -> 0x1073
mem[X,0x80003592] -> 0x0031
[3433] [M]: 0x80003590 (0x00311073) csrrw zero, fcsr, sp
CSR fcsr -> 0x00000000
CSR fcsr <- 0x00000000 (input: 0x00000000)


mem[X,0x80003594] -> 0x7FD3
mem[X,0x80003596] -> 0x05DF
[3434] [M]: 0x80003594 (0x05DF7FD3) fadd.h ft11, ft10, ft9, dyn
f31 <- 0xFFFFFFFFFFFF7E00


mem[X,0x80003598] -> 0x2273
mem[X,0x8000359A] -> 0x0030
[3435] [M]: 0x80003598 (0x00302273) csrrs tp, fcsr, zero
CSR fcsr -> 0x00000000
x4 <- 0x00000000


mem[X,0x8000359C] -> 0xA427
mem[X,0x8000359E] -> 0x29F0
[3436] [M]: 0x8000359C (0x29F0A427) fsw ft11, 648(ra)
mem[0x80009E9C] <- 0xFFFF7E00


mem[X,0x800035A0] -> 0xA623
mem[X,0x800035A2] -> 0x2840
[3437] [M]: 0x800035A0 (0x2840A623) sw tp, 652(ra)
mem[0x80009EA0] <- 0x00000000


mem[X,0x800035A4] -> 0x1137
mem[X,0x800035A6] -> 0x0000
[3438] [M]: 0x800035A4 (0x00001137) lui sp, 1
x2 <- 0x00001000


mem[X,0x800035A8] -> 0x0113
mem[X,0x800035AA] -> 0x8001
[3439] [M]: 0x800035A8 (0x80010113) addi sp, sp, 2048
x2 <- 0x00000800


mem[X,0x800035AC] -> 0x81B3
mem[X,0x800035AE] -> 0x0021
[3440] [M]: 0x800035AC (0x002181B3) add gp, gp, sp
x3 <- 0x80008810


mem[X,0x800035B0] -> 0xAF07
mem[X,0x800035B2] -> 0x2901
[3441] [M]: 0x800035B0 (0x2901AF07) flw ft10, 656(gp)
mem[R,0x80008AA0] -> 0x00007C00
f30 <- 0xFFFFFFFF00007C00


mem[X,0x800035B4] -> 0x81B3
mem[X,0x800035B6] -> 0x4021
[3442] [M]: 0x800035B4 (0x402181B3) sub gp, gp, sp
x3 <- 0x80008010


mem[X,0x800035B8] -> 0x1137
mem[X,0x800035BA] -> 0x0000
[3443] [M]: 0x800035B8 (0x00001137) lui sp, 1
x2 <- 0x00001000


mem[X,0x800035BC] -> 0x0113
mem[X,0x800035BE] -> 0x8001
[3444] [M]: 0x800035BC (0x80010113) addi sp, sp, 2048
x2 <- 0x00000800


mem[X,0x800035C0] -> 0x81B3
mem[X,0x800035C2] -> 0x0021
[3445] [M]: 0x800035C0 (0x002181B3) add gp, gp, sp
x3 <- 0x80008810


mem[X,0x800035C4] -> 0xAE87
mem[X,0x800035C6] -> 0x2941
[3446] [M]: 0x800035C4 (0x2941AE87) flw ft9, 660(gp)
mem[R,0x80008AA4] -> 0x00000001
f29 <- 0xFFFFFFFF00000001


mem[X,0x800035C8] -> 0x81B3
mem[X,0x800035CA] -> 0x4021
[3447] [M]: 0x800035C8 (0x402181B3) sub gp, gp, sp
x3 <- 0x80008010


mem[X,0x800035CC] -> 0x0113
mem[X,0x800035CE] -> 0x0000
[3448] [M]: 0x800035CC (0x00000113) addi sp, zero, 0
x2 <- 0x00000000


mem[X,0x800035D0] -> 0x1073
mem[X,0x800035D2] -> 0x0031
[3449] [M]: 0x800035D0 (0x00311073) csrrw zero, fcsr, sp
CSR fcsr -> 0x00000000
CSR fcsr <- 0x00000000 (input: 0x00000000)


mem[X,0x800035D4] -> 0x7FD3
mem[X,0x800035D6] -> 0x05DF
[3450] [M]: 0x800035D4 (0x05DF7FD3) fadd.h ft11, ft10, ft9, dyn
f31 <- 0xFFFFFFFFFFFF7E00


mem[X,0x800035D8] -> 0x2273
mem[X,0x800035DA] -> 0x0030
[3451] [M]: 0x800035D8 (0x00302273) csrrs tp, fcsr, zero
CSR fcsr -> 0x00000000
x4 <- 0x00000000


mem[X,0x800035DC] -> 0xA827
mem[X,0x800035DE] -> 0x29F0
[3452] [M]: 0x800035DC (0x29F0A827) fsw ft11, 656(ra)
mem[0x80009EA4] <- 0xFFFF7E00


mem[X,0x800035E0] -> 0xAA23
mem[X,0x800035E2] -> 0x2840
[3453] [M]: 0x800035E0 (0x2840AA23) sw tp, 660(ra)
mem[0x80009EA8] <- 0x00000000


mem[X,0x800035E4] -> 0x1137
mem[X,0x800035E6] -> 0x0000
[3454] [M]: 0x800035E4 (0x00001137) lui sp, 1
x2 <- 0x00001000


mem[X,0x800035E8] -> 0x0113
mem[X,0x800035EA] -> 0x8001
[3455] [M]: 0x800035E8 (0x80010113) addi sp, sp, 2048
x2 <- 0x00000800


mem[X,0x800035EC] -> 0x81B3
mem[X,0x800035EE] -> 0x0021
[3456] [M]: 0x800035EC (0x002181B3) add gp, gp, sp
x3 <- 0x80008810


mem[X,0x800035F0] -> 0xAF07
mem[X,0x800035F2] -> 0x2981
[3457] [M]: 0x800035F0 (0x2981AF07) flw ft10, 664(gp)
mem[R,0x80008AA8] -> 0x00007C00
f30 <- 0xFFFFFFFF00007C00


mem[X,0x800035F4] -> 0x81B3
mem[X,0x800035F6] -> 0x4021
[3458] [M]: 0x800035F4 (0x402181B3) sub gp, gp, sp
x3 <- 0x80008010


mem[X,0x800035F8] -> 0x1137
mem[X,0x800035FA] -> 0x0000
[3459] [M]: 0x800035F8 (0x00001137) lui sp, 1
x2 <- 0x00001000


mem[X,0x800035FC] -> 0x0113
mem[X,0x800035FE] -> 0x8001
[3460] [M]: 0x800035FC (0x80010113) addi sp, sp, 2048
x2 <- 0x00000800


mem[X,0x80003600] -> 0x81B3
mem[X,0x80003602] -> 0x0021
[3461] [M]: 0x80003600 (0x002181B3) add gp, gp, sp
x3 <- 0x80008810


mem[X,0x80003604] -> 0xAE87
mem[X,0x80003606] -> 0x29C1
[3462] [M]: 0x80003604 (0x29C1AE87) flw ft9, 668(gp)
mem[R,0x80008AAC] -> 0x00008001
f29 <- 0xFFFFFFFF00008001


mem[X,0x80003608] -> 0x81B3
mem[X,0x8000360A] -> 0x4021
[3463] [M]: 0x80003608 (0x402181B3) sub gp, gp, sp
x3 <- 0x80008010


mem[X,0x8000360C] -> 0x0113
mem[X,0x8000360E] -> 0x0000
[3464] [M]: 0x8000360C (0x00000113) addi sp, zero, 0
x2 <- 0x00000000


mem[X,0x80003610] -> 0x1073
mem[X,0x80003612] -> 0x0031
[3465] [M]: 0x80003610 (0x00311073) csrrw zero, fcsr, sp
CSR fcsr -> 0x00000000
CSR fcsr <- 0x00000000 (input: 0x00000000)


mem[X,0x80003614] -> 0x7FD3
mem[X,0x80003616] -> 0x05DF
[3466] [M]: 0x80003614 (0x05DF7FD3) fadd.h ft11, ft10, ft9, dyn
f31 <- 0xFFFFFFFFFFFF7E00


mem[X,0x80003618] -> 0x2273
mem[X,0x8000361A] -> 0x0030
[3467] [M]: 0x80003618 (0x00302273) csrrs tp, fcsr, zero
CSR fcsr -> 0x00000000
x4 <- 0x00000000


mem[X,0x8000361C] -> 0xAC27
mem[X,0x8000361E] -> 0x29F0
[3468] [M]: 0x8000361C (0x29F0AC27) fsw ft11, 664(ra)
mem[0x80009EAC] <- 0xFFFF7E00


mem[X,0x80003620] -> 0xAE23
mem[X,0x80003622] -> 0x2840
[3469] [M]: 0x80003620 (0x2840AE23) sw tp, 668(ra)
mem[0x80009EB0] <- 0x00000000


mem[X,0x80003624] -> 0x1137
mem[X,0x80003626] -> 0x0000
[3470] [M]: 0x80003624 (0x00001137) lui sp, 1
x2 <- 0x00001000


mem[X,0x80003628] -> 0x0113
mem[X,0x8000362A] -> 0x8001
[3471] [M]: 0x80003628 (0x80010113) addi sp, sp, 2048
x2 <- 0x00000800


mem[X,0x8000362C] -> 0x81B3
mem[X,0x8000362E] -> 0x0021
[3472] [M]: 0x8000362C (0x002181B3) add gp, gp, sp
x3 <- 0x80008810


mem[X,0x80003630] -> 0xAF07
mem[X,0x80003632] -> 0x2A01
[3473] [M]: 0x80003630 (0x2A01AF07) flw ft10, 672(gp)
mem[R,0x80008AB0] -> 0x00007C00
f30 <- 0xFFFFFFFF00007C00


mem[X,0x80003634] -> 0x81B3
mem[X,0x80003636] -> 0x4021
[3474] [M]: 0x80003634 (0x402181B3) sub gp, gp, sp
x3 <- 0x80008010


mem[X,0x80003638] -> 0x1137
mem[X,0x8000363A] -> 0x0000
[3475] [M]: 0x80003638 (0x00001137) lui sp, 1
x2 <- 0x00001000


mem[X,0x8000363C] -> 0x0113
mem[X,0x8000363E] -> 0x8001
[3476] [M]: 0x8000363C (0x80010113) addi sp, sp, 2048
x2 <- 0x00000800


mem[X,0x80003640] -> 0x81B3
mem[X,0x80003642] -> 0x0021
[3477] [M]: 0x80003640 (0x002181B3) add gp, gp, sp
x3 <- 0x80008810


mem[X,0x80003644] -> 0xAE87
mem[X,0x80003646] -> 0x2A41
[3478] [M]: 0x80003644 (0x2A41AE87) flw ft9, 676(gp)
mem[R,0x80008AB4] -> 0x00000002
f29 <- 0xFFFFFFFF00000002


mem[X,0x80003648] -> 0x81B3
mem[X,0x8000364A] -> 0x4021
[3479] [M]: 0x80003648 (0x402181B3) sub gp, gp, sp
x3 <- 0x80008010


mem[X,0x8000364C] -> 0x0113
mem[X,0x8000364E] -> 0x0000
[3480] [M]: 0x8000364C (0x00000113) addi sp, zero, 0
x2 <- 0x00000000


mem[X,0x80003650] -> 0x1073
mem[X,0x80003652] -> 0x0031
[3481] [M]: 0x80003650 (0x00311073) csrrw zero, fcsr, sp
CSR fcsr -> 0x00000000
CSR fcsr <- 0x00000000 (input: 0x00000000)


mem[X,0x80003654] -> 0x7FD3
mem[X,0x80003656] -> 0x05DF
[3482] [M]: 0x80003654 (0x05DF7FD3) fadd.h ft11, ft10, ft9, dyn
f31 <- 0xFFFFFFFFFFFF7E00


mem[X,0x80003658] -> 0x2273
mem[X,0x8000365A] -> 0x0030
[3483] [M]: 0x80003658 (0x00302273) csrrs tp, fcsr, zero
CSR fcsr -> 0x00000000
x4 <- 0x00000000


mem[X,0x8000365C] -> 0xA027
mem[X,0x8000365E] -> 0x2BF0
[3484] [M]: 0x8000365C (0x2BF0A027) fsw ft11, 672(ra)
mem[0x80009EB4] <- 0xFFFF7E00


mem[X,0x80003660] -> 0xA223
mem[X,0x80003662] -> 0x2A40
[3485] [M]: 0x80003660 (0x2A40A223) sw tp, 676(ra)
mem[0x80009EB8] <- 0x00000000


mem[X,0x80003664] -> 0x1137
mem[X,0x80003666] -> 0x0000
[3486] [M]: 0x80003664 (0x00001137) lui sp, 1
x2 <- 0x00001000


mem[X,0x80003668] -> 0x0113
mem[X,0x8000366A] -> 0x8001
[3487] [M]: 0x80003668 (0x80010113) addi sp, sp, 2048
x2 <- 0x00000800


mem[X,0x8000366C] -> 0x81B3
mem[X,0x8000366E] -> 0x0021
[3488] [M]: 0x8000366C (0x002181B3) add gp, gp, sp
x3 <- 0x80008810


mem[X,0x80003670] -> 0xAF07
mem[X,0x80003672] -> 0x2A81
[3489] [M]: 0x80003670 (0x2A81AF07) flw ft10, 680(gp)
mem[R,0x80008AB8] -> 0x00007C00
f30 <- 0xFFFFFFFF00007C00


mem[X,0x80003674] -> 0x81B3
mem[X,0x80003676] -> 0x4021
[3490] [M]: 0x80003674 (0x402181B3) sub gp, gp, sp
x3 <- 0x80008010


mem[X,0x80003678] -> 0x1137
mem[X,0x8000367A] -> 0x0000
[3491] [M]: 0x80003678 (0x00001137) lui sp, 1
x2 <- 0x00001000


mem[X,0x8000367C] -> 0x0113
mem[X,0x8000367E] -> 0x8001
[3492] [M]: 0x8000367C (0x80010113) addi sp, sp, 2048
x2 <- 0x00000800


mem[X,0x80003680] -> 0x81B3
mem[X,0x80003682] -> 0x0021
[3493] [M]: 0x80003680 (0x002181B3) add gp, gp, sp
x3 <- 0x80008810


mem[X,0x80003684] -> 0xAE87
mem[X,0x80003686] -> 0x2AC1
[3494] [M]: 0x80003684 (0x2AC1AE87) flw ft9, 684(gp)
mem[R,0x80008ABC] -> 0x000083FE
f29 <- 0xFFFFFFFF000083FE


mem[X,0x80003688] -> 0x81B3
mem[X,0x8000368A] -> 0x4021
[3495] [M]: 0x80003688 (0x402181B3) sub gp, gp, sp
x3 <- 0x80008010


mem[X,0x8000368C] -> 0x0113
mem[X,0x8000368E] -> 0x0000
[3496] [M]: 0x8000368C (0x00000113) addi sp, zero, 0
x2 <- 0x00000000


mem[X,0x80003690] -> 0x1073
mem[X,0x80003692] -> 0x0031
[3497] [M]: 0x80003690 (0x00311073) csrrw zero, fcsr, sp
CSR fcsr -> 0x00000000
CSR fcsr <- 0x00000000 (input: 0x00000000)


mem[X,0x80003694] -> 0x7FD3
mem[X,0x80003696] -> 0x05DF
[3498] [M]: 0x80003694 (0x05DF7FD3) fadd.h ft11, ft10, ft9, dyn
f31 <- 0xFFFFFFFFFFFF7E00


mem[X,0x80003698] -> 0x2273
mem[X,0x8000369A] -> 0x0030
[3499] [M]: 0x80003698 (0x00302273) csrrs tp, fcsr, zero
CSR fcsr -> 0x00000000
x4 <- 0x00000000


clint::tick mtime <- 0x0000000000000023
 clint timer pending at mtime 0x0000000000000023
htif::tick 0x0000000000000000
mem[X,0x8000369C] -> 0xA427
mem[X,0x8000369E] -> 0x2BF0
[3500] [M]: 0x8000369C (0x2BF0A427) fsw ft11, 680(ra)
mem[0x80009EBC] <- 0xFFFF7E00


mem[X,0x800036A0] -> 0xA623
mem[X,0x800036A2] -> 0x2A40
[3501] [M]: 0x800036A0 (0x2A40A623) sw tp, 684(ra)
mem[0x80009EC0] <- 0x00000000


mem[X,0x800036A4] -> 0x1137
mem[X,0x800036A6] -> 0x0000
[3502] [M]: 0x800036A4 (0x00001137) lui sp, 1
x2 <- 0x00001000


mem[X,0x800036A8] -> 0x0113
mem[X,0x800036AA] -> 0x8001
[3503] [M]: 0x800036A8 (0x80010113) addi sp, sp, 2048
x2 <- 0x00000800


mem[X,0x800036AC] -> 0x81B3
mem[X,0x800036AE] -> 0x0021
[3504] [M]: 0x800036AC (0x002181B3) add gp, gp, sp
x3 <- 0x80008810


mem[X,0x800036B0] -> 0xAF07
mem[X,0x800036B2] -> 0x2B01
[3505] [M]: 0x800036B0 (0x2B01AF07) flw ft10, 688(gp)
mem[R,0x80008AC0] -> 0x00007C00
f30 <- 0xFFFFFFFF00007C00


mem[X,0x800036B4] -> 0x81B3
mem[X,0x800036B6] -> 0x4021
[3506] [M]: 0x800036B4 (0x402181B3) sub gp, gp, sp
x3 <- 0x80008010


mem[X,0x800036B8] -> 0x1137
mem[X,0x800036BA] -> 0x0000
[3507] [M]: 0x800036B8 (0x00001137) lui sp, 1
x2 <- 0x00001000


mem[X,0x800036BC] -> 0x0113
mem[X,0x800036BE] -> 0x8001
[3508] [M]: 0x800036BC (0x80010113) addi sp, sp, 2048
x2 <- 0x00000800


mem[X,0x800036C0] -> 0x81B3
mem[X,0x800036C2] -> 0x0021
[3509] [M]: 0x800036C0 (0x002181B3) add gp, gp, sp
x3 <- 0x80008810


mem[X,0x800036C4] -> 0xAE87
mem[X,0x800036C6] -> 0x2B41
[3510] [M]: 0x800036C4 (0x2B41AE87) flw ft9, 692(gp)
mem[R,0x80008AC4] -> 0x000003FF
f29 <- 0xFFFFFFFF000003FF


mem[X,0x800036C8] -> 0x81B3
mem[X,0x800036CA] -> 0x4021
[3511] [M]: 0x800036C8 (0x402181B3) sub gp, gp, sp
x3 <- 0x80008010


mem[X,0x800036CC] -> 0x0113
mem[X,0x800036CE] -> 0x0000
[3512] [M]: 0x800036CC (0x00000113) addi sp, zero, 0
x2 <- 0x00000000


mem[X,0x800036D0] -> 0x1073
mem[X,0x800036D2] -> 0x0031
[3513] [M]: 0x800036D0 (0x00311073) csrrw zero, fcsr, sp
CSR fcsr -> 0x00000000
CSR fcsr <- 0x00000000 (input: 0x00000000)


mem[X,0x800036D4] -> 0x7FD3
mem[X,0x800036D6] -> 0x05DF
[3514] [M]: 0x800036D4 (0x05DF7FD3) fadd.h ft11, ft10, ft9, dyn
f31 <- 0xFFFFFFFFFFFF7E00


mem[X,0x800036D8] -> 0x2273
mem[X,0x800036DA] -> 0x0030
[3515] [M]: 0x800036D8 (0x00302273) csrrs tp, fcsr, zero
CSR fcsr -> 0x00000000
x4 <- 0x00000000


mem[X,0x800036DC] -> 0xA827
mem[X,0x800036DE] -> 0x2BF0
[3516] [M]: 0x800036DC (0x2BF0A827) fsw ft11, 688(ra)
mem[0x80009EC4] <- 0xFFFF7E00


mem[X,0x800036E0] -> 0xAA23
mem[X,0x800036E2] -> 0x2A40
[3517] [M]: 0x800036E0 (0x2A40AA23) sw tp, 692(ra)
mem[0x80009EC8] <- 0x00000000


mem[X,0x800036E4] -> 0x1137
mem[X,0x800036E6] -> 0x0000
[3518] [M]: 0x800036E4 (0x00001137) lui sp, 1
x2 <- 0x00001000


mem[X,0x800036E8] -> 0x0113
mem[X,0x800036EA] -> 0x8001
[3519] [M]: 0x800036E8 (0x80010113) addi sp, sp, 2048
x2 <- 0x00000800


mem[X,0x800036EC] -> 0x81B3
mem[X,0x800036EE] -> 0x0021
[3520] [M]: 0x800036EC (0x002181B3) add gp, gp, sp
x3 <- 0x80008810


mem[X,0x800036F0] -> 0xAF07
mem[X,0x800036F2] -> 0x2B81
[3521] [M]: 0x800036F0 (0x2B81AF07) flw ft10, 696(gp)
mem[R,0x80008AC8] -> 0x00007C00
f30 <- 0xFFFFFFFF00007C00


mem[X,0x800036F4] -> 0x81B3
mem[X,0x800036F6] -> 0x4021
[3522] [M]: 0x800036F4 (0x402181B3) sub gp, gp, sp
x3 <- 0x80008010


mem[X,0x800036F8] -> 0x1137
mem[X,0x800036FA] -> 0x0000
[3523] [M]: 0x800036F8 (0x00001137) lui sp, 1
x2 <- 0x00001000


mem[X,0x800036FC] -> 0x0113
mem[X,0x800036FE] -> 0x8001
[3524] [M]: 0x800036FC (0x80010113) addi sp, sp, 2048
x2 <- 0x00000800


mem[X,0x80003700] -> 0x81B3
mem[X,0x80003702] -> 0x0021
[3525] [M]: 0x80003700 (0x002181B3) add gp, gp, sp
x3 <- 0x80008810


mem[X,0x80003704] -> 0xAE87
mem[X,0x80003706] -> 0x2BC1
[3526] [M]: 0x80003704 (0x2BC1AE87) flw ft9, 700(gp)
mem[R,0x80008ACC] -> 0x000083FF
f29 <- 0xFFFFFFFF000083FF


mem[X,0x80003708] -> 0x81B3
mem[X,0x8000370A] -> 0x4021
[3527] [M]: 0x80003708 (0x402181B3) sub gp, gp, sp
x3 <- 0x80008010


mem[X,0x8000370C] -> 0x0113
mem[X,0x8000370E] -> 0x0000
[3528] [M]: 0x8000370C (0x00000113) addi sp, zero, 0
x2 <- 0x00000000


mem[X,0x80003710] -> 0x1073
mem[X,0x80003712] -> 0x0031
[3529] [M]: 0x80003710 (0x00311073) csrrw zero, fcsr, sp
CSR fcsr -> 0x00000000
CSR fcsr <- 0x00000000 (input: 0x00000000)


mem[X,0x80003714] -> 0x7FD3
mem[X,0x80003716] -> 0x05DF
[3530] [M]: 0x80003714 (0x05DF7FD3) fadd.h ft11, ft10, ft9, dyn
f31 <- 0xFFFFFFFFFFFF7E00


mem[X,0x80003718] -> 0x2273
mem[X,0x8000371A] -> 0x0030
[3531] [M]: 0x80003718 (0x00302273) csrrs tp, fcsr, zero
CSR fcsr -> 0x00000000
x4 <- 0x00000000


mem[X,0x8000371C] -> 0xAC27
mem[X,0x8000371E] -> 0x2BF0
[3532] [M]: 0x8000371C (0x2BF0AC27) fsw ft11, 696(ra)
mem[0x80009ECC] <- 0xFFFF7E00


mem[X,0x80003720] -> 0xAE23
mem[X,0x80003722] -> 0x2A40
[3533] [M]: 0x80003720 (0x2A40AE23) sw tp, 700(ra)
mem[0x80009ED0] <- 0x00000000


mem[X,0x80003724] -> 0x1137
mem[X,0x80003726] -> 0x0000
[3534] [M]: 0x80003724 (0x00001137) lui sp, 1
x2 <- 0x00001000


mem[X,0x80003728] -> 0x0113
mem[X,0x8000372A] -> 0x8001
[3535] [M]: 0x80003728 (0x80010113) addi sp, sp, 2048
x2 <- 0x00000800


mem[X,0x8000372C] -> 0x81B3
mem[X,0x8000372E] -> 0x0021
[3536] [M]: 0x8000372C (0x002181B3) add gp, gp, sp
x3 <- 0x80008810


mem[X,0x80003730] -> 0xAF07
mem[X,0x80003732] -> 0x2C01
[3537] [M]: 0x80003730 (0x2C01AF07) flw ft10, 704(gp)
mem[R,0x80008AD0] -> 0x00007C00
f30 <- 0xFFFFFFFF00007C00


mem[X,0x80003734] -> 0x81B3
mem[X,0x80003736] -> 0x4021
[3538] [M]: 0x80003734 (0x402181B3) sub gp, gp, sp
x3 <- 0x80008010


mem[X,0x80003738] -> 0x1137
mem[X,0x8000373A] -> 0x0000
[3539] [M]: 0x80003738 (0x00001137) lui sp, 1
x2 <- 0x00001000


mem[X,0x8000373C] -> 0x0113
mem[X,0x8000373E] -> 0x8001
[3540] [M]: 0x8000373C (0x80010113) addi sp, sp, 2048
x2 <- 0x00000800


mem[X,0x80003740] -> 0x81B3
mem[X,0x80003742] -> 0x0021
[3541] [M]: 0x80003740 (0x002181B3) add gp, gp, sp
x3 <- 0x80008810


mem[X,0x80003744] -> 0xAE87
mem[X,0x80003746] -> 0x2C41
[3542] [M]: 0x80003744 (0x2C41AE87) flw ft9, 708(gp)
mem[R,0x80008AD4] -> 0x00000400
f29 <- 0xFFFFFFFF00000400


mem[X,0x80003748] -> 0x81B3
mem[X,0x8000374A] -> 0x4021
[3543] [M]: 0x80003748 (0x402181B3) sub gp, gp, sp
x3 <- 0x80008010


mem[X,0x8000374C] -> 0x0113
mem[X,0x8000374E] -> 0x0000
[3544] [M]: 0x8000374C (0x00000113) addi sp, zero, 0
x2 <- 0x00000000


mem[X,0x80003750] -> 0x1073
mem[X,0x80003752] -> 0x0031
[3545] [M]: 0x80003750 (0x00311073) csrrw zero, fcsr, sp
CSR fcsr -> 0x00000000
CSR fcsr <- 0x00000000 (input: 0x00000000)


mem[X,0x80003754] -> 0x7FD3
mem[X,0x80003756] -> 0x05DF
[3546] [M]: 0x80003754 (0x05DF7FD3) fadd.h ft11, ft10, ft9, dyn
f31 <- 0xFFFFFFFFFFFF7E00


mem[X,0x80003758] -> 0x2273
mem[X,0x8000375A] -> 0x0030
[3547] [M]: 0x80003758 (0x00302273) csrrs tp, fcsr, zero
CSR fcsr -> 0x00000000
x4 <- 0x00000000


mem[X,0x8000375C] -> 0xA027
mem[X,0x8000375E] -> 0x2DF0
[3548] [M]: 0x8000375C (0x2DF0A027) fsw ft11, 704(ra)
mem[0x80009ED4] <- 0xFFFF7E00


mem[X,0x80003760] -> 0xA223
mem[X,0x80003762] -> 0x2C40
[3549] [M]: 0x80003760 (0x2C40A223) sw tp, 708(ra)
mem[0x80009ED8] <- 0x00000000


mem[X,0x80003764] -> 0x1137
mem[X,0x80003766] -> 0x0000
[3550] [M]: 0x80003764 (0x00001137) lui sp, 1
x2 <- 0x00001000


mem[X,0x80003768] -> 0x0113
mem[X,0x8000376A] -> 0x8001
[3551] [M]: 0x80003768 (0x80010113) addi sp, sp, 2048
x2 <- 0x00000800


mem[X,0x8000376C] -> 0x81B3
mem[X,0x8000376E] -> 0x0021
[3552] [M]: 0x8000376C (0x002181B3) add gp, gp, sp
x3 <- 0x80008810


mem[X,0x80003770] -> 0xAF07
mem[X,0x80003772] -> 0x2C81
[3553] [M]: 0x80003770 (0x2C81AF07) flw ft10, 712(gp)
mem[R,0x80008AD8] -> 0x00007C00
f30 <- 0xFFFFFFFF00007C00


mem[X,0x80003774] -> 0x81B3
mem[X,0x80003776] -> 0x4021
[3554] [M]: 0x80003774 (0x402181B3) sub gp, gp, sp
x3 <- 0x80008010


mem[X,0x80003778] -> 0x1137
mem[X,0x8000377A] -> 0x0000
[3555] [M]: 0x80003778 (0x00001137) lui sp, 1
x2 <- 0x00001000


mem[X,0x8000377C] -> 0x0113
mem[X,0x8000377E] -> 0x8001
[3556] [M]: 0x8000377C (0x80010113) addi sp, sp, 2048
x2 <- 0x00000800


mem[X,0x80003780] -> 0x81B3
mem[X,0x80003782] -> 0x0021
[3557] [M]: 0x80003780 (0x002181B3) add gp, gp, sp
x3 <- 0x80008810


mem[X,0x80003784] -> 0xAE87
mem[X,0x80003786] -> 0x2CC1
[3558] [M]: 0x80003784 (0x2CC1AE87) flw ft9, 716(gp)
mem[R,0x80008ADC] -> 0x00008400
f29 <- 0xFFFFFFFF00008400


mem[X,0x80003788] -> 0x81B3
mem[X,0x8000378A] -> 0x4021
[3559] [M]: 0x80003788 (0x402181B3) sub gp, gp, sp
x3 <- 0x80008010


mem[X,0x8000378C] -> 0x0113
mem[X,0x8000378E] -> 0x0000
[3560] [M]: 0x8000378C (0x00000113) addi sp, zero, 0
x2 <- 0x00000000


mem[X,0x80003790] -> 0x1073
mem[X,0x80003792] -> 0x0031
[3561] [M]: 0x80003790 (0x00311073) csrrw zero, fcsr, sp
CSR fcsr -> 0x00000000
CSR fcsr <- 0x00000000 (input: 0x00000000)


mem[X,0x80003794] -> 0x7FD3
mem[X,0x80003796] -> 0x05DF
[3562] [M]: 0x80003794 (0x05DF7FD3) fadd.h ft11, ft10, ft9, dyn
f31 <- 0xFFFFFFFFFFFF7E00


mem[X,0x80003798] -> 0x2273
mem[X,0x8000379A] -> 0x0030
[3563] [M]: 0x80003798 (0x00302273) csrrs tp, fcsr, zero
CSR fcsr -> 0x00000000
x4 <- 0x00000000


mem[X,0x8000379C] -> 0xA427
mem[X,0x8000379E] -> 0x2DF0
[3564] [M]: 0x8000379C (0x2DF0A427) fsw ft11, 712(ra)
mem[0x80009EDC] <- 0xFFFF7E00


mem[X,0x800037A0] -> 0xA623
mem[X,0x800037A2] -> 0x2C40
[3565] [M]: 0x800037A0 (0x2C40A623) sw tp, 716(ra)
mem[0x80009EE0] <- 0x00000000


mem[X,0x800037A4] -> 0x1137
mem[X,0x800037A6] -> 0x0000
[3566] [M]: 0x800037A4 (0x00001137) lui sp, 1
x2 <- 0x00001000


mem[X,0x800037A8] -> 0x0113
mem[X,0x800037AA] -> 0x8001
[3567] [M]: 0x800037A8 (0x80010113) addi sp, sp, 2048
x2 <- 0x00000800


mem[X,0x800037AC] -> 0x81B3
mem[X,0x800037AE] -> 0x0021
[3568] [M]: 0x800037AC (0x002181B3) add gp, gp, sp
x3 <- 0x80008810


mem[X,0x800037B0] -> 0xAF07
mem[X,0x800037B2] -> 0x2D01
[3569] [M]: 0x800037B0 (0x2D01AF07) flw ft10, 720(gp)
mem[R,0x80008AE0] -> 0x00007C00
f30 <- 0xFFFFFFFF00007C00


mem[X,0x800037B4] -> 0x81B3
mem[X,0x800037B6] -> 0x4021
[3570] [M]: 0x800037B4 (0x402181B3) sub gp, gp, sp
x3 <- 0x80008010


mem[X,0x800037B8] -> 0x1137
mem[X,0x800037BA] -> 0x0000
[3571] [M]: 0x800037B8 (0x00001137) lui sp, 1
x2 <- 0x00001000


mem[X,0x800037BC] -> 0x0113
mem[X,0x800037BE] -> 0x8001
[3572] [M]: 0x800037BC (0x80010113) addi sp, sp, 2048
x2 <- 0x00000800


mem[X,0x800037C0] -> 0x81B3
mem[X,0x800037C2] -> 0x0021
[3573] [M]: 0x800037C0 (0x002181B3) add gp, gp, sp
x3 <- 0x80008810


mem[X,0x800037C4] -> 0xAE87
mem[X,0x800037C6] -> 0x2D41
[3574] [M]: 0x800037C4 (0x2D41AE87) flw ft9, 724(gp)
mem[R,0x80008AE4] -> 0x00000401
f29 <- 0xFFFFFFFF00000401


mem[X,0x800037C8] -> 0x81B3
mem[X,0x800037CA] -> 0x4021
[3575] [M]: 0x800037C8 (0x402181B3) sub gp, gp, sp
x3 <- 0x80008010


mem[X,0x800037CC] -> 0x0113
mem[X,0x800037CE] -> 0x0000
[3576] [M]: 0x800037CC (0x00000113) addi sp, zero, 0
x2 <- 0x00000000


mem[X,0x800037D0] -> 0x1073
mem[X,0x800037D2] -> 0x0031
[3577] [M]: 0x800037D0 (0x00311073) csrrw zero, fcsr, sp
CSR fcsr -> 0x00000000
CSR fcsr <- 0x00000000 (input: 0x00000000)


mem[X,0x800037D4] -> 0x7FD3
mem[X,0x800037D6] -> 0x05DF
[3578] [M]: 0x800037D4 (0x05DF7FD3) fadd.h ft11, ft10, ft9, dyn
f31 <- 0xFFFFFFFFFFFF7E00


mem[X,0x800037D8] -> 0x2273
mem[X,0x800037DA] -> 0x0030
[3579] [M]: 0x800037D8 (0x00302273) csrrs tp, fcsr, zero
CSR fcsr -> 0x00000000
x4 <- 0x00000000


mem[X,0x800037DC] -> 0xA827
mem[X,0x800037DE] -> 0x2DF0
[3580] [M]: 0x800037DC (0x2DF0A827) fsw ft11, 720(ra)
mem[0x80009EE4] <- 0xFFFF7E00


mem[X,0x800037E0] -> 0xAA23
mem[X,0x800037E2] -> 0x2C40
[3581] [M]: 0x800037E0 (0x2C40AA23) sw tp, 724(ra)
mem[0x80009EE8] <- 0x00000000


mem[X,0x800037E4] -> 0x1137
mem[X,0x800037E6] -> 0x0000
[3582] [M]: 0x800037E4 (0x00001137) lui sp, 1
x2 <- 0x00001000


mem[X,0x800037E8] -> 0x0113
mem[X,0x800037EA] -> 0x8001
[3583] [M]: 0x800037E8 (0x80010113) addi sp, sp, 2048
x2 <- 0x00000800


mem[X,0x800037EC] -> 0x81B3
mem[X,0x800037EE] -> 0x0021
[3584] [M]: 0x800037EC (0x002181B3) add gp, gp, sp
x3 <- 0x80008810


mem[X,0x800037F0] -> 0xAF07
mem[X,0x800037F2] -> 0x2D81
[3585] [M]: 0x800037F0 (0x2D81AF07) flw ft10, 728(gp)
mem[R,0x80008AE8] -> 0x00007C00
f30 <- 0xFFFFFFFF00007C00


mem[X,0x800037F4] -> 0x81B3
mem[X,0x800037F6] -> 0x4021
[3586] [M]: 0x800037F4 (0x402181B3) sub gp, gp, sp
x3 <- 0x80008010


mem[X,0x800037F8] -> 0x1137
mem[X,0x800037FA] -> 0x0000
[3587] [M]: 0x800037F8 (0x00001137) lui sp, 1
x2 <- 0x00001000


mem[X,0x800037FC] -> 0x0113
mem[X,0x800037FE] -> 0x8001
[3588] [M]: 0x800037FC (0x80010113) addi sp, sp, 2048
x2 <- 0x00000800


mem[X,0x80003800] -> 0x81B3
mem[X,0x80003802] -> 0x0021
[3589] [M]: 0x80003800 (0x002181B3) add gp, gp, sp
x3 <- 0x80008810


mem[X,0x80003804] -> 0xAE87
mem[X,0x80003806] -> 0x2DC1
[3590] [M]: 0x80003804 (0x2DC1AE87) flw ft9, 732(gp)
mem[R,0x80008AEC] -> 0x00008455
f29 <- 0xFFFFFFFF00008455


mem[X,0x80003808] -> 0x81B3
mem[X,0x8000380A] -> 0x4021
[3591] [M]: 0x80003808 (0x402181B3) sub gp, gp, sp
x3 <- 0x80008010


mem[X,0x8000380C] -> 0x0113
mem[X,0x8000380E] -> 0x0000
[3592] [M]: 0x8000380C (0x00000113) addi sp, zero, 0
x2 <- 0x00000000


mem[X,0x80003810] -> 0x1073
mem[X,0x80003812] -> 0x0031
[3593] [M]: 0x80003810 (0x00311073) csrrw zero, fcsr, sp
CSR fcsr -> 0x00000000
CSR fcsr <- 0x00000000 (input: 0x00000000)


mem[X,0x80003814] -> 0x7FD3
mem[X,0x80003816] -> 0x05DF
[3594] [M]: 0x80003814 (0x05DF7FD3) fadd.h ft11, ft10, ft9, dyn
f31 <- 0xFFFFFFFFFFFF7E00


mem[X,0x80003818] -> 0x2273
mem[X,0x8000381A] -> 0x0030
[3595] [M]: 0x80003818 (0x00302273) csrrs tp, fcsr, zero
CSR fcsr -> 0x00000000
x4 <- 0x00000000


mem[X,0x8000381C] -> 0xAC27
mem[X,0x8000381E] -> 0x2DF0
[3596] [M]: 0x8000381C (0x2DF0AC27) fsw ft11, 728(ra)
mem[0x80009EEC] <- 0xFFFF7E00


mem[X,0x80003820] -> 0xAE23
mem[X,0x80003822] -> 0x2C40
[3597] [M]: 0x80003820 (0x2C40AE23) sw tp, 732(ra)
mem[0x80009EF0] <- 0x00000000


mem[X,0x80003824] -> 0x1137
mem[X,0x80003826] -> 0x0000
[3598] [M]: 0x80003824 (0x00001137) lui sp, 1
x2 <- 0x00001000


mem[X,0x80003828] -> 0x0113
mem[X,0x8000382A] -> 0x8001
[3599] [M]: 0x80003828 (0x80010113) addi sp, sp, 2048
x2 <- 0x00000800


clint::tick mtime <- 0x0000000000000024
 clint timer pending at mtime 0x0000000000000024
htif::tick 0x0000000000000000
mem[X,0x8000382C] -> 0x81B3
mem[X,0x8000382E] -> 0x0021
[3600] [M]: 0x8000382C (0x002181B3) add gp, gp, sp
x3 <- 0x80008810


mem[X,0x80003830] -> 0xAF07
mem[X,0x80003832] -> 0x2E01
[3601] [M]: 0x80003830 (0x2E01AF07) flw ft10, 736(gp)
mem[R,0x80008AF0] -> 0x00007C00
f30 <- 0xFFFFFFFF00007C00


mem[X,0x80003834] -> 0x81B3
mem[X,0x80003836] -> 0x4021
[3602] [M]: 0x80003834 (0x402181B3) sub gp, gp, sp
x3 <- 0x80008010


mem[X,0x80003838] -> 0x1137
mem[X,0x8000383A] -> 0x0000
[3603] [M]: 0x80003838 (0x00001137) lui sp, 1
x2 <- 0x00001000


mem[X,0x8000383C] -> 0x0113
mem[X,0x8000383E] -> 0x8001
[3604] [M]: 0x8000383C (0x80010113) addi sp, sp, 2048
x2 <- 0x00000800


mem[X,0x80003840] -> 0x81B3
mem[X,0x80003842] -> 0x0021
[3605] [M]: 0x80003840 (0x002181B3) add gp, gp, sp
x3 <- 0x80008810


mem[X,0x80003844] -> 0xAE87
mem[X,0x80003846] -> 0x2E41
[3606] [M]: 0x80003844 (0x2E41AE87) flw ft9, 740(gp)
mem[R,0x80008AF4] -> 0x00007BFF
f29 <- 0xFFFFFFFF00007BFF


mem[X,0x80003848] -> 0x81B3
mem[X,0x8000384A] -> 0x4021
[3607] [M]: 0x80003848 (0x402181B3) sub gp, gp, sp
x3 <- 0x80008010


mem[X,0x8000384C] -> 0x0113
mem[X,0x8000384E] -> 0x0000
[3608] [M]: 0x8000384C (0x00000113) addi sp, zero, 0
x2 <- 0x00000000


mem[X,0x80003850] -> 0x1073
mem[X,0x80003852] -> 0x0031
[3609] [M]: 0x80003850 (0x00311073) csrrw zero, fcsr, sp
CSR fcsr -> 0x00000000
CSR fcsr <- 0x00000000 (input: 0x00000000)


mem[X,0x80003854] -> 0x7FD3
mem[X,0x80003856] -> 0x05DF
[3610] [M]: 0x80003854 (0x05DF7FD3) fadd.h ft11, ft10, ft9, dyn
f31 <- 0xFFFFFFFFFFFF7E00


mem[X,0x80003858] -> 0x2273
mem[X,0x8000385A] -> 0x0030
[3611] [M]: 0x80003858 (0x00302273) csrrs tp, fcsr, zero
CSR fcsr -> 0x00000000
x4 <- 0x00000000


mem[X,0x8000385C] -> 0xA027
mem[X,0x8000385E] -> 0x2FF0
[3612] [M]: 0x8000385C (0x2FF0A027) fsw ft11, 736(ra)
mem[0x80009EF4] <- 0xFFFF7E00


mem[X,0x80003860] -> 0xA223
mem[X,0x80003862] -> 0x2E40
[3613] [M]: 0x80003860 (0x2E40A223) sw tp, 740(ra)
mem[0x80009EF8] <- 0x00000000


mem[X,0x80003864] -> 0x1137
mem[X,0x80003866] -> 0x0000
[3614] [M]: 0x80003864 (0x00001137) lui sp, 1
x2 <- 0x00001000


mem[X,0x80003868] -> 0x0113
mem[X,0x8000386A] -> 0x8001
[3615] [M]: 0x80003868 (0x80010113) addi sp, sp, 2048
x2 <- 0x00000800


mem[X,0x8000386C] -> 0x81B3
mem[X,0x8000386E] -> 0x0021
[3616] [M]: 0x8000386C (0x002181B3) add gp, gp, sp
x3 <- 0x80008810


mem[X,0x80003870] -> 0xAF07
mem[X,0x80003872] -> 0x2E81
[3617] [M]: 0x80003870 (0x2E81AF07) flw ft10, 744(gp)
mem[R,0x80008AF8] -> 0x00007C00
f30 <- 0xFFFFFFFF00007C00


mem[X,0x80003874] -> 0x81B3
mem[X,0x80003876] -> 0x4021
[3618] [M]: 0x80003874 (0x402181B3) sub gp, gp, sp
x3 <- 0x80008010


mem[X,0x80003878] -> 0x1137
mem[X,0x8000387A] -> 0x0000
[3619] [M]: 0x80003878 (0x00001137) lui sp, 1
x2 <- 0x00001000


mem[X,0x8000387C] -> 0x0113
mem[X,0x8000387E] -> 0x8001
[3620] [M]: 0x8000387C (0x80010113) addi sp, sp, 2048
x2 <- 0x00000800


mem[X,0x80003880] -> 0x81B3
mem[X,0x80003882] -> 0x0021
[3621] [M]: 0x80003880 (0x002181B3) add gp, gp, sp
x3 <- 0x80008810


mem[X,0x80003884] -> 0xAE87
mem[X,0x80003886] -> 0x2EC1
[3622] [M]: 0x80003884 (0x2EC1AE87) flw ft9, 748(gp)
mem[R,0x80008AFC] -> 0x0000FBFF
f29 <- 0xFFFFFFFF0000FBFF


mem[X,0x80003888] -> 0x81B3
mem[X,0x8000388A] -> 0x4021
[3623] [M]: 0x80003888 (0x402181B3) sub gp, gp, sp
x3 <- 0x80008010


mem[X,0x8000388C] -> 0x0113
mem[X,0x8000388E] -> 0x0000
[3624] [M]: 0x8000388C (0x00000113) addi sp, zero, 0
x2 <- 0x00000000


mem[X,0x80003890] -> 0x1073
mem[X,0x80003892] -> 0x0031
[3625] [M]: 0x80003890 (0x00311073) csrrw zero, fcsr, sp
CSR fcsr -> 0x00000000
CSR fcsr <- 0x00000000 (input: 0x00000000)


mem[X,0x80003894] -> 0x7FD3
mem[X,0x80003896] -> 0x05DF
[3626] [M]: 0x80003894 (0x05DF7FD3) fadd.h ft11, ft10, ft9, dyn
f31 <- 0xFFFFFFFFFFFF7E00


mem[X,0x80003898] -> 0x2273
mem[X,0x8000389A] -> 0x0030
[3627] [M]: 0x80003898 (0x00302273) csrrs tp, fcsr, zero
CSR fcsr -> 0x00000000
x4 <- 0x00000000


mem[X,0x8000389C] -> 0xA427
mem[X,0x8000389E] -> 0x2FF0
[3628] [M]: 0x8000389C (0x2FF0A427) fsw ft11, 744(ra)
mem[0x80009EFC] <- 0xFFFF7E00


mem[X,0x800038A0] -> 0xA623
mem[X,0x800038A2] -> 0x2E40
[3629] [M]: 0x800038A0 (0x2E40A623) sw tp, 748(ra)
mem[0x80009F00] <- 0x00000000


mem[X,0x800038A4] -> 0x1137
mem[X,0x800038A6] -> 0x0000
[3630] [M]: 0x800038A4 (0x00001137) lui sp, 1
x2 <- 0x00001000


mem[X,0x800038A8] -> 0x0113
mem[X,0x800038AA] -> 0x8001
[3631] [M]: 0x800038A8 (0x80010113) addi sp, sp, 2048
x2 <- 0x00000800


mem[X,0x800038AC] -> 0x81B3
mem[X,0x800038AE] -> 0x0021
[3632] [M]: 0x800038AC (0x002181B3) add gp, gp, sp
x3 <- 0x80008810


mem[X,0x800038B0] -> 0xAF07
mem[X,0x800038B2] -> 0x2F01
[3633] [M]: 0x800038B0 (0x2F01AF07) flw ft10, 752(gp)
mem[R,0x80008B00] -> 0x00007C00
f30 <- 0xFFFFFFFF00007C00


mem[X,0x800038B4] -> 0x81B3
mem[X,0x800038B6] -> 0x4021
[3634] [M]: 0x800038B4 (0x402181B3) sub gp, gp, sp
x3 <- 0x80008010


mem[X,0x800038B8] -> 0x1137
mem[X,0x800038BA] -> 0x0000
[3635] [M]: 0x800038B8 (0x00001137) lui sp, 1
x2 <- 0x00001000


mem[X,0x800038BC] -> 0x0113
mem[X,0x800038BE] -> 0x8001
[3636] [M]: 0x800038BC (0x80010113) addi sp, sp, 2048
x2 <- 0x00000800


mem[X,0x800038C0] -> 0x81B3
mem[X,0x800038C2] -> 0x0021
[3637] [M]: 0x800038C0 (0x002181B3) add gp, gp, sp
x3 <- 0x80008810


mem[X,0x800038C4] -> 0xAE87
mem[X,0x800038C6] -> 0x2F41
[3638] [M]: 0x800038C4 (0x2F41AE87) flw ft9, 756(gp)
mem[R,0x80008B04] -> 0x00007C00
f29 <- 0xFFFFFFFF00007C00


mem[X,0x800038C8] -> 0x81B3
mem[X,0x800038CA] -> 0x4021
[3639] [M]: 0x800038C8 (0x402181B3) sub gp, gp, sp
x3 <- 0x80008010


mem[X,0x800038CC] -> 0x0113
mem[X,0x800038CE] -> 0x0000
[3640] [M]: 0x800038CC (0x00000113) addi sp, zero, 0
x2 <- 0x00000000


mem[X,0x800038D0] -> 0x1073
mem[X,0x800038D2] -> 0x0031
[3641] [M]: 0x800038D0 (0x00311073) csrrw zero, fcsr, sp
CSR fcsr -> 0x00000000
CSR fcsr <- 0x00000000 (input: 0x00000000)


mem[X,0x800038D4] -> 0x7FD3
mem[X,0x800038D6] -> 0x05DF
[3642] [M]: 0x800038D4 (0x05DF7FD3) fadd.h ft11, ft10, ft9, dyn
f31 <- 0xFFFFFFFFFFFF7E00


mem[X,0x800038D8] -> 0x2273
mem[X,0x800038DA] -> 0x0030
[3643] [M]: 0x800038D8 (0x00302273) csrrs tp, fcsr, zero
CSR fcsr -> 0x00000000
x4 <- 0x00000000


mem[X,0x800038DC] -> 0xA827
mem[X,0x800038DE] -> 0x2FF0
[3644] [M]: 0x800038DC (0x2FF0A827) fsw ft11, 752(ra)
mem[0x80009F04] <- 0xFFFF7E00


mem[X,0x800038E0] -> 0xAA23
mem[X,0x800038E2] -> 0x2E40
[3645] [M]: 0x800038E0 (0x2E40AA23) sw tp, 756(ra)
mem[0x80009F08] <- 0x00000000


mem[X,0x800038E4] -> 0x1137
mem[X,0x800038E6] -> 0x0000
[3646] [M]: 0x800038E4 (0x00001137) lui sp, 1
x2 <- 0x00001000


mem[X,0x800038E8] -> 0x0113
mem[X,0x800038EA] -> 0x8001
[3647] [M]: 0x800038E8 (0x80010113) addi sp, sp, 2048
x2 <- 0x00000800


mem[X,0x800038EC] -> 0x81B3
mem[X,0x800038EE] -> 0x0021
[3648] [M]: 0x800038EC (0x002181B3) add gp, gp, sp
x3 <- 0x80008810


mem[X,0x800038F0] -> 0xAF07
mem[X,0x800038F2] -> 0x2F81
[3649] [M]: 0x800038F0 (0x2F81AF07) flw ft10, 760(gp)
mem[R,0x80008B08] -> 0x00007C00
f30 <- 0xFFFFFFFF00007C00


mem[X,0x800038F4] -> 0x81B3
mem[X,0x800038F6] -> 0x4021
[3650] [M]: 0x800038F4 (0x402181B3) sub gp, gp, sp
x3 <- 0x80008010


mem[X,0x800038F8] -> 0x1137
mem[X,0x800038FA] -> 0x0000
[3651] [M]: 0x800038F8 (0x00001137) lui sp, 1
x2 <- 0x00001000


mem[X,0x800038FC] -> 0x0113
mem[X,0x800038FE] -> 0x8001
[3652] [M]: 0x800038FC (0x80010113) addi sp, sp, 2048
x2 <- 0x00000800


mem[X,0x80003900] -> 0x81B3
mem[X,0x80003902] -> 0x0021
[3653] [M]: 0x80003900 (0x002181B3) add gp, gp, sp
x3 <- 0x80008810


mem[X,0x80003904] -> 0xAE87
mem[X,0x80003906] -> 0x2FC1
[3654] [M]: 0x80003904 (0x2FC1AE87) flw ft9, 764(gp)
mem[R,0x80008B0C] -> 0x0000FC00
f29 <- 0xFFFFFFFF0000FC00


mem[X,0x80003908] -> 0x81B3
mem[X,0x8000390A] -> 0x4021
[3655] [M]: 0x80003908 (0x402181B3) sub gp, gp, sp
x3 <- 0x80008010


mem[X,0x8000390C] -> 0x0113
mem[X,0x8000390E] -> 0x0000
[3656] [M]: 0x8000390C (0x00000113) addi sp, zero, 0
x2 <- 0x00000000


mem[X,0x80003910] -> 0x1073
mem[X,0x80003912] -> 0x0031
[3657] [M]: 0x80003910 (0x00311073) csrrw zero, fcsr, sp
CSR fcsr -> 0x00000000
CSR fcsr <- 0x00000000 (input: 0x00000000)


mem[X,0x80003914] -> 0x7FD3
mem[X,0x80003916] -> 0x05DF
[3658] [M]: 0x80003914 (0x05DF7FD3) fadd.h ft11, ft10, ft9, dyn
f31 <- 0xFFFFFFFFFFFF7E00


mem[X,0x80003918] -> 0x2273
mem[X,0x8000391A] -> 0x0030
[3659] [M]: 0x80003918 (0x00302273) csrrs tp, fcsr, zero
CSR fcsr -> 0x00000000
x4 <- 0x00000000


mem[X,0x8000391C] -> 0xAC27
mem[X,0x8000391E] -> 0x2FF0
[3660] [M]: 0x8000391C (0x2FF0AC27) fsw ft11, 760(ra)
mem[0x80009F0C] <- 0xFFFF7E00


mem[X,0x80003920] -> 0xAE23
mem[X,0x80003922] -> 0x2E40
[3661] [M]: 0x80003920 (0x2E40AE23) sw tp, 764(ra)
mem[0x80009F10] <- 0x00000000


mem[X,0x80003924] -> 0x1137
mem[X,0x80003926] -> 0x0000
[3662] [M]: 0x80003924 (0x00001137) lui sp, 1
x2 <- 0x00001000


mem[X,0x80003928] -> 0x0113
mem[X,0x8000392A] -> 0x8001
[3663] [M]: 0x80003928 (0x80010113) addi sp, sp, 2048
x2 <- 0x00000800


mem[X,0x8000392C] -> 0x81B3
mem[X,0x8000392E] -> 0x0021
[3664] [M]: 0x8000392C (0x002181B3) add gp, gp, sp
x3 <- 0x80008810


mem[X,0x80003930] -> 0xAF07
mem[X,0x80003932] -> 0x3001
[3665] [M]: 0x80003930 (0x3001AF07) flw ft10, 768(gp)
mem[R,0x80008B10] -> 0x00007C00
f30 <- 0xFFFFFFFF00007C00


mem[X,0x80003934] -> 0x81B3
mem[X,0x80003936] -> 0x4021
[3666] [M]: 0x80003934 (0x402181B3) sub gp, gp, sp
x3 <- 0x80008010


mem[X,0x80003938] -> 0x1137
mem[X,0x8000393A] -> 0x0000
[3667] [M]: 0x80003938 (0x00001137) lui sp, 1
x2 <- 0x00001000


mem[X,0x8000393C] -> 0x0113
mem[X,0x8000393E] -> 0x8001
[3668] [M]: 0x8000393C (0x80010113) addi sp, sp, 2048
x2 <- 0x00000800


mem[X,0x80003940] -> 0x81B3
mem[X,0x80003942] -> 0x0021
[3669] [M]: 0x80003940 (0x002181B3) add gp, gp, sp
x3 <- 0x80008810


mem[X,0x80003944] -> 0xAE87
mem[X,0x80003946] -> 0x3041
[3670] [M]: 0x80003944 (0x3041AE87) flw ft9, 772(gp)
mem[R,0x80008B14] -> 0x00007E00
f29 <- 0xFFFFFFFF00007E00


mem[X,0x80003948] -> 0x81B3
mem[X,0x8000394A] -> 0x4021
[3671] [M]: 0x80003948 (0x402181B3) sub gp, gp, sp
x3 <- 0x80008010


mem[X,0x8000394C] -> 0x0113
mem[X,0x8000394E] -> 0x0000
[3672] [M]: 0x8000394C (0x00000113) addi sp, zero, 0
x2 <- 0x00000000


mem[X,0x80003950] -> 0x1073
mem[X,0x80003952] -> 0x0031
[3673] [M]: 0x80003950 (0x00311073) csrrw zero, fcsr, sp
CSR fcsr -> 0x00000000
CSR fcsr <- 0x00000000 (input: 0x00000000)


mem[X,0x80003954] -> 0x7FD3
mem[X,0x80003956] -> 0x05DF
[3674] [M]: 0x80003954 (0x05DF7FD3) fadd.h ft11, ft10, ft9, dyn
f31 <- 0xFFFFFFFFFFFF7E00


mem[X,0x80003958] -> 0x2273
mem[X,0x8000395A] -> 0x0030
[3675] [M]: 0x80003958 (0x00302273) csrrs tp, fcsr, zero
CSR fcsr -> 0x00000000
x4 <- 0x00000000


mem[X,0x8000395C] -> 0xA027
mem[X,0x8000395E] -> 0x31F0
[3676] [M]: 0x8000395C (0x31F0A027) fsw ft11, 768(ra)
mem[0x80009F14] <- 0xFFFF7E00


mem[X,0x80003960] -> 0xA223
mem[X,0x80003962] -> 0x3040
[3677] [M]: 0x80003960 (0x3040A223) sw tp, 772(ra)
mem[0x80009F18] <- 0x00000000


mem[X,0x80003964] -> 0x1137
mem[X,0x80003966] -> 0x0000
[3678] [M]: 0x80003964 (0x00001137) lui sp, 1
x2 <- 0x00001000


mem[X,0x80003968] -> 0x0113
mem[X,0x8000396A] -> 0x8001
[3679] [M]: 0x80003968 (0x80010113) addi sp, sp, 2048
x2 <- 0x00000800


mem[X,0x8000396C] -> 0x81B3
mem[X,0x8000396E] -> 0x0021
[3680] [M]: 0x8000396C (0x002181B3) add gp, gp, sp
x3 <- 0x80008810


mem[X,0x80003970] -> 0xAF07
mem[X,0x80003972] -> 0x3081
[3681] [M]: 0x80003970 (0x3081AF07) flw ft10, 776(gp)
mem[R,0x80008B18] -> 0x00007C00
f30 <- 0xFFFFFFFF00007C00


mem[X,0x80003974] -> 0x81B3
mem[X,0x80003976] -> 0x4021
[3682] [M]: 0x80003974 (0x402181B3) sub gp, gp, sp
x3 <- 0x80008010


mem[X,0x80003978] -> 0x1137
mem[X,0x8000397A] -> 0x0000
[3683] [M]: 0x80003978 (0x00001137) lui sp, 1
x2 <- 0x00001000


mem[X,0x8000397C] -> 0x0113
mem[X,0x8000397E] -> 0x8001
[3684] [M]: 0x8000397C (0x80010113) addi sp, sp, 2048
x2 <- 0x00000800


mem[X,0x80003980] -> 0x81B3
mem[X,0x80003982] -> 0x0021
[3685] [M]: 0x80003980 (0x002181B3) add gp, gp, sp
x3 <- 0x80008810


mem[X,0x80003984] -> 0xAE87
mem[X,0x80003986] -> 0x30C1
[3686] [M]: 0x80003984 (0x30C1AE87) flw ft9, 780(gp)
mem[R,0x80008B1C] -> 0x0000FE00
f29 <- 0xFFFFFFFF0000FE00


mem[X,0x80003988] -> 0x81B3
mem[X,0x8000398A] -> 0x4021
[3687] [M]: 0x80003988 (0x402181B3) sub gp, gp, sp
x3 <- 0x80008010


mem[X,0x8000398C] -> 0x0113
mem[X,0x8000398E] -> 0x0000
[3688] [M]: 0x8000398C (0x00000113) addi sp, zero, 0
x2 <- 0x00000000


mem[X,0x80003990] -> 0x1073
mem[X,0x80003992] -> 0x0031
[3689] [M]: 0x80003990 (0x00311073) csrrw zero, fcsr, sp
CSR fcsr -> 0x00000000
CSR fcsr <- 0x00000000 (input: 0x00000000)


mem[X,0x80003994] -> 0x7FD3
mem[X,0x80003996] -> 0x05DF
[3690] [M]: 0x80003994 (0x05DF7FD3) fadd.h ft11, ft10, ft9, dyn
f31 <- 0xFFFFFFFFFFFF7E00


mem[X,0x80003998] -> 0x2273
mem[X,0x8000399A] -> 0x0030
[3691] [M]: 0x80003998 (0x00302273) csrrs tp, fcsr, zero
CSR fcsr -> 0x00000000
x4 <- 0x00000000


mem[X,0x8000399C] -> 0xA427
mem[X,0x8000399E] -> 0x31F0
[3692] [M]: 0x8000399C (0x31F0A427) fsw ft11, 776(ra)
mem[0x80009F1C] <- 0xFFFF7E00


mem[X,0x800039A0] -> 0xA623
mem[X,0x800039A2] -> 0x3040
[3693] [M]: 0x800039A0 (0x3040A623) sw tp, 780(ra)
mem[0x80009F20] <- 0x00000000


mem[X,0x800039A4] -> 0x1137
mem[X,0x800039A6] -> 0x0000
[3694] [M]: 0x800039A4 (0x00001137) lui sp, 1
x2 <- 0x00001000


mem[X,0x800039A8] -> 0x0113
mem[X,0x800039AA] -> 0x8001
[3695] [M]: 0x800039A8 (0x80010113) addi sp, sp, 2048
x2 <- 0x00000800


mem[X,0x800039AC] -> 0x81B3
mem[X,0x800039AE] -> 0x0021
[3696] [M]: 0x800039AC (0x002181B3) add gp, gp, sp
x3 <- 0x80008810


mem[X,0x800039B0] -> 0xAF07
mem[X,0x800039B2] -> 0x3101
[3697] [M]: 0x800039B0 (0x3101AF07) flw ft10, 784(gp)
mem[R,0x80008B20] -> 0x00007C00
f30 <- 0xFFFFFFFF00007C00


mem[X,0x800039B4] -> 0x81B3
mem[X,0x800039B6] -> 0x4021
[3698] [M]: 0x800039B4 (0x402181B3) sub gp, gp, sp
x3 <- 0x80008010


mem[X,0x800039B8] -> 0x1137
mem[X,0x800039BA] -> 0x0000
[3699] [M]: 0x800039B8 (0x00001137) lui sp, 1
x2 <- 0x00001000


clint::tick mtime <- 0x0000000000000025
 clint timer pending at mtime 0x0000000000000025
htif::tick 0x0000000000000000
mem[X,0x800039BC] -> 0x0113
mem[X,0x800039BE] -> 0x8001
[3700] [M]: 0x800039BC (0x80010113) addi sp, sp, 2048
x2 <- 0x00000800


mem[X,0x800039C0] -> 0x81B3
mem[X,0x800039C2] -> 0x0021
[3701] [M]: 0x800039C0 (0x002181B3) add gp, gp, sp
x3 <- 0x80008810


mem[X,0x800039C4] -> 0xAE87
mem[X,0x800039C6] -> 0x3141
[3702] [M]: 0x800039C4 (0x3141AE87) flw ft9, 788(gp)
mem[R,0x80008B24] -> 0x00007E01
f29 <- 0xFFFFFFFF00007E01


mem[X,0x800039C8] -> 0x81B3
mem[X,0x800039CA] -> 0x4021
[3703] [M]: 0x800039C8 (0x402181B3) sub gp, gp, sp
x3 <- 0x80008010


mem[X,0x800039CC] -> 0x0113
mem[X,0x800039CE] -> 0x0000
[3704] [M]: 0x800039CC (0x00000113) addi sp, zero, 0
x2 <- 0x00000000


mem[X,0x800039D0] -> 0x1073
mem[X,0x800039D2] -> 0x0031
[3705] [M]: 0x800039D0 (0x00311073) csrrw zero, fcsr, sp
CSR fcsr -> 0x00000000
CSR fcsr <- 0x00000000 (input: 0x00000000)


mem[X,0x800039D4] -> 0x7FD3
mem[X,0x800039D6] -> 0x05DF
[3706] [M]: 0x800039D4 (0x05DF7FD3) fadd.h ft11, ft10, ft9, dyn
f31 <- 0xFFFFFFFFFFFF7E00


mem[X,0x800039D8] -> 0x2273
mem[X,0x800039DA] -> 0x0030
[3707] [M]: 0x800039D8 (0x00302273) csrrs tp, fcsr, zero
CSR fcsr -> 0x00000000
x4 <- 0x00000000


mem[X,0x800039DC] -> 0xA827
mem[X,0x800039DE] -> 0x31F0
[3708] [M]: 0x800039DC (0x31F0A827) fsw ft11, 784(ra)
mem[0x80009F24] <- 0xFFFF7E00


mem[X,0x800039E0] -> 0xAA23
mem[X,0x800039E2] -> 0x3040
[3709] [M]: 0x800039E0 (0x3040AA23) sw tp, 788(ra)
mem[0x80009F28] <- 0x00000000


mem[X,0x800039E4] -> 0x1137
mem[X,0x800039E6] -> 0x0000
[3710] [M]: 0x800039E4 (0x00001137) lui sp, 1
x2 <- 0x00001000


mem[X,0x800039E8] -> 0x0113
mem[X,0x800039EA] -> 0x8001
[3711] [M]: 0x800039E8 (0x80010113) addi sp, sp, 2048
x2 <- 0x00000800


mem[X,0x800039EC] -> 0x81B3
mem[X,0x800039EE] -> 0x0021
[3712] [M]: 0x800039EC (0x002181B3) add gp, gp, sp
x3 <- 0x80008810


mem[X,0x800039F0] -> 0xAF07
mem[X,0x800039F2] -> 0x3181
[3713] [M]: 0x800039F0 (0x3181AF07) flw ft10, 792(gp)
mem[R,0x80008B28] -> 0x00007C00
f30 <- 0xFFFFFFFF00007C00


mem[X,0x800039F4] -> 0x81B3
mem[X,0x800039F6] -> 0x4021
[3714] [M]: 0x800039F4 (0x402181B3) sub gp, gp, sp
x3 <- 0x80008010


mem[X,0x800039F8] -> 0x1137
mem[X,0x800039FA] -> 0x0000
[3715] [M]: 0x800039F8 (0x00001137) lui sp, 1
x2 <- 0x00001000


mem[X,0x800039FC] -> 0x0113
mem[X,0x800039FE] -> 0x8001
[3716] [M]: 0x800039FC (0x80010113) addi sp, sp, 2048
x2 <- 0x00000800


mem[X,0x80003A00] -> 0x81B3
mem[X,0x80003A02] -> 0x0021
[3717] [M]: 0x80003A00 (0x002181B3) add gp, gp, sp
x3 <- 0x80008810


mem[X,0x80003A04] -> 0xAE87
mem[X,0x80003A06] -> 0x31C1
[3718] [M]: 0x80003A04 (0x31C1AE87) flw ft9, 796(gp)
mem[R,0x80008B2C] -> 0x0000FE55
f29 <- 0xFFFFFFFF0000FE55


mem[X,0x80003A08] -> 0x81B3
mem[X,0x80003A0A] -> 0x4021
[3719] [M]: 0x80003A08 (0x402181B3) sub gp, gp, sp
x3 <- 0x80008010


mem[X,0x80003A0C] -> 0x0113
mem[X,0x80003A0E] -> 0x0000
[3720] [M]: 0x80003A0C (0x00000113) addi sp, zero, 0
x2 <- 0x00000000


mem[X,0x80003A10] -> 0x1073
mem[X,0x80003A12] -> 0x0031
[3721] [M]: 0x80003A10 (0x00311073) csrrw zero, fcsr, sp
CSR fcsr -> 0x00000000
CSR fcsr <- 0x00000000 (input: 0x00000000)


mem[X,0x80003A14] -> 0x7FD3
mem[X,0x80003A16] -> 0x05DF
[3722] [M]: 0x80003A14 (0x05DF7FD3) fadd.h ft11, ft10, ft9, dyn
f31 <- 0xFFFFFFFFFFFF7E00


mem[X,0x80003A18] -> 0x2273
mem[X,0x80003A1A] -> 0x0030
[3723] [M]: 0x80003A18 (0x00302273) csrrs tp, fcsr, zero
CSR fcsr -> 0x00000000
x4 <- 0x00000000


mem[X,0x80003A1C] -> 0xAC27
mem[X,0x80003A1E] -> 0x31F0
[3724] [M]: 0x80003A1C (0x31F0AC27) fsw ft11, 792(ra)
mem[0x80009F2C] <- 0xFFFF7E00


mem[X,0x80003A20] -> 0xAE23
mem[X,0x80003A22] -> 0x3040
[3725] [M]: 0x80003A20 (0x3040AE23) sw tp, 796(ra)
mem[0x80009F30] <- 0x00000000


mem[X,0x80003A24] -> 0x1137
mem[X,0x80003A26] -> 0x0000
[3726] [M]: 0x80003A24 (0x00001137) lui sp, 1
x2 <- 0x00001000


mem[X,0x80003A28] -> 0x0113
mem[X,0x80003A2A] -> 0x8001
[3727] [M]: 0x80003A28 (0x80010113) addi sp, sp, 2048
x2 <- 0x00000800


mem[X,0x80003A2C] -> 0x81B3
mem[X,0x80003A2E] -> 0x0021
[3728] [M]: 0x80003A2C (0x002181B3) add gp, gp, sp
x3 <- 0x80008810


mem[X,0x80003A30] -> 0xAF07
mem[X,0x80003A32] -> 0x3201
[3729] [M]: 0x80003A30 (0x3201AF07) flw ft10, 800(gp)
mem[R,0x80008B30] -> 0x00007C00
f30 <- 0xFFFFFFFF00007C00


mem[X,0x80003A34] -> 0x81B3
mem[X,0x80003A36] -> 0x4021
[3730] [M]: 0x80003A34 (0x402181B3) sub gp, gp, sp
x3 <- 0x80008010


mem[X,0x80003A38] -> 0x1137
mem[X,0x80003A3A] -> 0x0000
[3731] [M]: 0x80003A38 (0x00001137) lui sp, 1
x2 <- 0x00001000


mem[X,0x80003A3C] -> 0x0113
mem[X,0x80003A3E] -> 0x8001
[3732] [M]: 0x80003A3C (0x80010113) addi sp, sp, 2048
x2 <- 0x00000800


mem[X,0x80003A40] -> 0x81B3
mem[X,0x80003A42] -> 0x0021
[3733] [M]: 0x80003A40 (0x002181B3) add gp, gp, sp
x3 <- 0x80008810


mem[X,0x80003A44] -> 0xAE87
mem[X,0x80003A46] -> 0x3241
[3734] [M]: 0x80003A44 (0x3241AE87) flw ft9, 804(gp)
mem[R,0x80008B34] -> 0x00007C01
f29 <- 0xFFFFFFFF00007C01


mem[X,0x80003A48] -> 0x81B3
mem[X,0x80003A4A] -> 0x4021
[3735] [M]: 0x80003A48 (0x402181B3) sub gp, gp, sp
x3 <- 0x80008010


mem[X,0x80003A4C] -> 0x0113
mem[X,0x80003A4E] -> 0x0000
[3736] [M]: 0x80003A4C (0x00000113) addi sp, zero, 0
x2 <- 0x00000000


mem[X,0x80003A50] -> 0x1073
mem[X,0x80003A52] -> 0x0031
[3737] [M]: 0x80003A50 (0x00311073) csrrw zero, fcsr, sp
CSR fcsr -> 0x00000000
CSR fcsr <- 0x00000000 (input: 0x00000000)


mem[X,0x80003A54] -> 0x7FD3
mem[X,0x80003A56] -> 0x05DF
[3738] [M]: 0x80003A54 (0x05DF7FD3) fadd.h ft11, ft10, ft9, dyn
f31 <- 0xFFFFFFFFFFFF7E00


mem[X,0x80003A58] -> 0x2273
mem[X,0x80003A5A] -> 0x0030
[3739] [M]: 0x80003A58 (0x00302273) csrrs tp, fcsr, zero
CSR fcsr -> 0x00000000
x4 <- 0x00000000


mem[X,0x80003A5C] -> 0xA027
mem[X,0x80003A5E] -> 0x33F0
[3740] [M]: 0x80003A5C (0x33F0A027) fsw ft11, 800(ra)
mem[0x80009F34] <- 0xFFFF7E00


mem[X,0x80003A60] -> 0xA223
mem[X,0x80003A62] -> 0x3240
[3741] [M]: 0x80003A60 (0x3240A223) sw tp, 804(ra)
mem[0x80009F38] <- 0x00000000


mem[X,0x80003A64] -> 0x1137
mem[X,0x80003A66] -> 0x0000
[3742] [M]: 0x80003A64 (0x00001137) lui sp, 1
x2 <- 0x00001000


mem[X,0x80003A68] -> 0x0113
mem[X,0x80003A6A] -> 0x8001
[3743] [M]: 0x80003A68 (0x80010113) addi sp, sp, 2048
x2 <- 0x00000800


mem[X,0x80003A6C] -> 0x81B3
mem[X,0x80003A6E] -> 0x0021
[3744] [M]: 0x80003A6C (0x002181B3) add gp, gp, sp
x3 <- 0x80008810


mem[X,0x80003A70] -> 0xAF07
mem[X,0x80003A72] -> 0x3281
[3745] [M]: 0x80003A70 (0x3281AF07) flw ft10, 808(gp)
mem[R,0x80008B38] -> 0x00007C00
f30 <- 0xFFFFFFFF00007C00


mem[X,0x80003A74] -> 0x81B3
mem[X,0x80003A76] -> 0x4021
[3746] [M]: 0x80003A74 (0x402181B3) sub gp, gp, sp
x3 <- 0x80008010


mem[X,0x80003A78] -> 0x1137
mem[X,0x80003A7A] -> 0x0000
[3747] [M]: 0x80003A78 (0x00001137) lui sp, 1
x2 <- 0x00001000


mem[X,0x80003A7C] -> 0x0113
mem[X,0x80003A7E] -> 0x8001
[3748] [M]: 0x80003A7C (0x80010113) addi sp, sp, 2048
x2 <- 0x00000800


mem[X,0x80003A80] -> 0x81B3
mem[X,0x80003A82] -> 0x0021
[3749] [M]: 0x80003A80 (0x002181B3) add gp, gp, sp
x3 <- 0x80008810


mem[X,0x80003A84] -> 0xAE87
mem[X,0x80003A86] -> 0x32C1
[3750] [M]: 0x80003A84 (0x32C1AE87) flw ft9, 812(gp)
mem[R,0x80008B3C] -> 0x0000FD55
f29 <- 0xFFFFFFFF0000FD55


mem[X,0x80003A88] -> 0x81B3
mem[X,0x80003A8A] -> 0x4021
[3751] [M]: 0x80003A88 (0x402181B3) sub gp, gp, sp
x3 <- 0x80008010


mem[X,0x80003A8C] -> 0x0113
mem[X,0x80003A8E] -> 0x0000
[3752] [M]: 0x80003A8C (0x00000113) addi sp, zero, 0
x2 <- 0x00000000


mem[X,0x80003A90] -> 0x1073
mem[X,0x80003A92] -> 0x0031
[3753] [M]: 0x80003A90 (0x00311073) csrrw zero, fcsr, sp
CSR fcsr -> 0x00000000
CSR fcsr <- 0x00000000 (input: 0x00000000)


mem[X,0x80003A94] -> 0x7FD3
mem[X,0x80003A96] -> 0x05DF
[3754] [M]: 0x80003A94 (0x05DF7FD3) fadd.h ft11, ft10, ft9, dyn
f31 <- 0xFFFFFFFFFFFF7E00


mem[X,0x80003A98] -> 0x2273
mem[X,0x80003A9A] -> 0x0030
[3755] [M]: 0x80003A98 (0x00302273) csrrs tp, fcsr, zero
CSR fcsr -> 0x00000000
x4 <- 0x00000000


mem[X,0x80003A9C] -> 0xA427
mem[X,0x80003A9E] -> 0x33F0
[3756] [M]: 0x80003A9C (0x33F0A427) fsw ft11, 808(ra)
mem[0x80009F3C] <- 0xFFFF7E00


mem[X,0x80003AA0] -> 0xA623
mem[X,0x80003AA2] -> 0x3240
[3757] [M]: 0x80003AA0 (0x3240A623) sw tp, 812(ra)
mem[0x80009F40] <- 0x00000000


mem[X,0x80003AA4] -> 0x1137
mem[X,0x80003AA6] -> 0x0000
[3758] [M]: 0x80003AA4 (0x00001137) lui sp, 1
x2 <- 0x00001000


mem[X,0x80003AA8] -> 0x0113
mem[X,0x80003AAA] -> 0x8001
[3759] [M]: 0x80003AA8 (0x80010113) addi sp, sp, 2048
x2 <- 0x00000800


mem[X,0x80003AAC] -> 0x81B3
mem[X,0x80003AAE] -> 0x0021
[3760] [M]: 0x80003AAC (0x002181B3) add gp, gp, sp
x3 <- 0x80008810


mem[X,0x80003AB0] -> 0xAF07
mem[X,0x80003AB2] -> 0x3301
[3761] [M]: 0x80003AB0 (0x3301AF07) flw ft10, 816(gp)
mem[R,0x80008B40] -> 0x00007C00
f30 <- 0xFFFFFFFF00007C00


mem[X,0x80003AB4] -> 0x81B3
mem[X,0x80003AB6] -> 0x4021
[3762] [M]: 0x80003AB4 (0x402181B3) sub gp, gp, sp
x3 <- 0x80008010


mem[X,0x80003AB8] -> 0x1137
mem[X,0x80003ABA] -> 0x0000
[3763] [M]: 0x80003AB8 (0x00001137) lui sp, 1
x2 <- 0x00001000


mem[X,0x80003ABC] -> 0x0113
mem[X,0x80003ABE] -> 0x8001
[3764] [M]: 0x80003ABC (0x80010113) addi sp, sp, 2048
x2 <- 0x00000800


mem[X,0x80003AC0] -> 0x81B3
mem[X,0x80003AC2] -> 0x0021
[3765] [M]: 0x80003AC0 (0x002181B3) add gp, gp, sp
x3 <- 0x80008810


mem[X,0x80003AC4] -> 0xAE87
mem[X,0x80003AC6] -> 0x3341
[3766] [M]: 0x80003AC4 (0x3341AE87) flw ft9, 820(gp)
mem[R,0x80008B44] -> 0x00003C00
f29 <- 0xFFFFFFFF00003C00


mem[X,0x80003AC8] -> 0x81B3
mem[X,0x80003ACA] -> 0x4021
[3767] [M]: 0x80003AC8 (0x402181B3) sub gp, gp, sp
x3 <- 0x80008010


mem[X,0x80003ACC] -> 0x0113
mem[X,0x80003ACE] -> 0x0000
[3768] [M]: 0x80003ACC (0x00000113) addi sp, zero, 0
x2 <- 0x00000000


mem[X,0x80003AD0] -> 0x1073
mem[X,0x80003AD2] -> 0x0031
[3769] [M]: 0x80003AD0 (0x00311073) csrrw zero, fcsr, sp
CSR fcsr -> 0x00000000
CSR fcsr <- 0x00000000 (input: 0x00000000)


mem[X,0x80003AD4] -> 0x7FD3
mem[X,0x80003AD6] -> 0x05DF
[3770] [M]: 0x80003AD4 (0x05DF7FD3) fadd.h ft11, ft10, ft9, dyn
f31 <- 0xFFFFFFFFFFFF7E00


mem[X,0x80003AD8] -> 0x2273
mem[X,0x80003ADA] -> 0x0030
[3771] [M]: 0x80003AD8 (0x00302273) csrrs tp, fcsr, zero
CSR fcsr -> 0x00000000
x4 <- 0x00000000


mem[X,0x80003ADC] -> 0xA827
mem[X,0x80003ADE] -> 0x33F0
[3772] [M]: 0x80003ADC (0x33F0A827) fsw ft11, 816(ra)
mem[0x80009F44] <- 0xFFFF7E00


mem[X,0x80003AE0] -> 0xAA23
mem[X,0x80003AE2] -> 0x3240
[3773] [M]: 0x80003AE0 (0x3240AA23) sw tp, 820(ra)
mem[0x80009F48] <- 0x00000000


mem[X,0x80003AE4] -> 0x1137
mem[X,0x80003AE6] -> 0x0000
[3774] [M]: 0x80003AE4 (0x00001137) lui sp, 1
x2 <- 0x00001000


mem[X,0x80003AE8] -> 0x0113
mem[X,0x80003AEA] -> 0x8001
[3775] [M]: 0x80003AE8 (0x80010113) addi sp, sp, 2048
x2 <- 0x00000800


mem[X,0x80003AEC] -> 0x81B3
mem[X,0x80003AEE] -> 0x0021
[3776] [M]: 0x80003AEC (0x002181B3) add gp, gp, sp
x3 <- 0x80008810


mem[X,0x80003AF0] -> 0xAF07
mem[X,0x80003AF2] -> 0x3381
[3777] [M]: 0x80003AF0 (0x3381AF07) flw ft10, 824(gp)
mem[R,0x80008B48] -> 0x00007C00
f30 <- 0xFFFFFFFF00007C00


mem[X,0x80003AF4] -> 0x81B3
mem[X,0x80003AF6] -> 0x4021
[3778] [M]: 0x80003AF4 (0x402181B3) sub gp, gp, sp
x3 <- 0x80008010


mem[X,0x80003AF8] -> 0x1137
mem[X,0x80003AFA] -> 0x0000
[3779] [M]: 0x80003AF8 (0x00001137) lui sp, 1
x2 <- 0x00001000


mem[X,0x80003AFC] -> 0x0113
mem[X,0x80003AFE] -> 0x8001
[3780] [M]: 0x80003AFC (0x80010113) addi sp, sp, 2048
x2 <- 0x00000800


mem[X,0x80003B00] -> 0x81B3
mem[X,0x80003B02] -> 0x0021
[3781] [M]: 0x80003B00 (0x002181B3) add gp, gp, sp
x3 <- 0x80008810


mem[X,0x80003B04] -> 0xAE87
mem[X,0x80003B06] -> 0x33C1
[3782] [M]: 0x80003B04 (0x33C1AE87) flw ft9, 828(gp)
mem[R,0x80008B4C] -> 0x0000BC00
f29 <- 0xFFFFFFFF0000BC00


mem[X,0x80003B08] -> 0x81B3
mem[X,0x80003B0A] -> 0x4021
[3783] [M]: 0x80003B08 (0x402181B3) sub gp, gp, sp
x3 <- 0x80008010


mem[X,0x80003B0C] -> 0x0113
mem[X,0x80003B0E] -> 0x0000
[3784] [M]: 0x80003B0C (0x00000113) addi sp, zero, 0
x2 <- 0x00000000


mem[X,0x80003B10] -> 0x1073
mem[X,0x80003B12] -> 0x0031
[3785] [M]: 0x80003B10 (0x00311073) csrrw zero, fcsr, sp
CSR fcsr -> 0x00000000
CSR fcsr <- 0x00000000 (input: 0x00000000)


mem[X,0x80003B14] -> 0x7FD3
mem[X,0x80003B16] -> 0x05DF
[3786] [M]: 0x80003B14 (0x05DF7FD3) fadd.h ft11, ft10, ft9, dyn
f31 <- 0xFFFFFFFFFFFF7E00


mem[X,0x80003B18] -> 0x2273
mem[X,0x80003B1A] -> 0x0030
[3787] [M]: 0x80003B18 (0x00302273) csrrs tp, fcsr, zero
CSR fcsr -> 0x00000000
x4 <- 0x00000000


mem[X,0x80003B1C] -> 0xAC27
mem[X,0x80003B1E] -> 0x33F0
[3788] [M]: 0x80003B1C (0x33F0AC27) fsw ft11, 824(ra)
mem[0x80009F4C] <- 0xFFFF7E00


mem[X,0x80003B20] -> 0xAE23
mem[X,0x80003B22] -> 0x3240
[3789] [M]: 0x80003B20 (0x3240AE23) sw tp, 828(ra)
mem[0x80009F50] <- 0x00000000


mem[X,0x80003B24] -> 0x1137
mem[X,0x80003B26] -> 0x0000
[3790] [M]: 0x80003B24 (0x00001137) lui sp, 1
x2 <- 0x00001000


mem[X,0x80003B28] -> 0x0113
mem[X,0x80003B2A] -> 0x8001
[3791] [M]: 0x80003B28 (0x80010113) addi sp, sp, 2048
x2 <- 0x00000800


mem[X,0x80003B2C] -> 0x81B3
mem[X,0x80003B2E] -> 0x0021
[3792] [M]: 0x80003B2C (0x002181B3) add gp, gp, sp
x3 <- 0x80008810


mem[X,0x80003B30] -> 0xAF07
mem[X,0x80003B32] -> 0x3401
[3793] [M]: 0x80003B30 (0x3401AF07) flw ft10, 832(gp)
mem[R,0x80008B50] -> 0x0000FC00
f30 <- 0xFFFFFFFF0000FC00


mem[X,0x80003B34] -> 0x81B3
mem[X,0x80003B36] -> 0x4021
[3794] [M]: 0x80003B34 (0x402181B3) sub gp, gp, sp
x3 <- 0x80008010


mem[X,0x80003B38] -> 0x1137
mem[X,0x80003B3A] -> 0x0000
[3795] [M]: 0x80003B38 (0x00001137) lui sp, 1
x2 <- 0x00001000


mem[X,0x80003B3C] -> 0x0113
mem[X,0x80003B3E] -> 0x8001
[3796] [M]: 0x80003B3C (0x80010113) addi sp, sp, 2048
x2 <- 0x00000800


mem[X,0x80003B40] -> 0x81B3
mem[X,0x80003B42] -> 0x0021
[3797] [M]: 0x80003B40 (0x002181B3) add gp, gp, sp
x3 <- 0x80008810


mem[X,0x80003B44] -> 0xAE87
mem[X,0x80003B46] -> 0x3441
[3798] [M]: 0x80003B44 (0x3441AE87) flw ft9, 836(gp)
mem[R,0x80008B54] -> 0x00000000
f29 <- 0xFFFFFFFF00000000


mem[X,0x80003B48] -> 0x81B3
mem[X,0x80003B4A] -> 0x4021
[3799] [M]: 0x80003B48 (0x402181B3) sub gp, gp, sp
x3 <- 0x80008010


clint::tick mtime <- 0x0000000000000026
 clint timer pending at mtime 0x0000000000000026
htif::tick 0x0000000000000000
mem[X,0x80003B4C] -> 0x0113
mem[X,0x80003B4E] -> 0x0000
[3800] [M]: 0x80003B4C (0x00000113) addi sp, zero, 0
x2 <- 0x00000000


mem[X,0x80003B50] -> 0x1073
mem[X,0x80003B52] -> 0x0031
[3801] [M]: 0x80003B50 (0x00311073) csrrw zero, fcsr, sp
CSR fcsr -> 0x00000000
CSR fcsr <- 0x00000000 (input: 0x00000000)


mem[X,0x80003B54] -> 0x7FD3
mem[X,0x80003B56] -> 0x05DF
[3802] [M]: 0x80003B54 (0x05DF7FD3) fadd.h ft11, ft10, ft9, dyn
f31 <- 0xFFFFFFFFFFFF7E00


mem[X,0x80003B58] -> 0x2273
mem[X,0x80003B5A] -> 0x0030
[3803] [M]: 0x80003B58 (0x00302273) csrrs tp, fcsr, zero
CSR fcsr -> 0x00000000
x4 <- 0x00000000


mem[X,0x80003B5C] -> 0xA027
mem[X,0x80003B5E] -> 0x35F0
[3804] [M]: 0x80003B5C (0x35F0A027) fsw ft11, 832(ra)
mem[0x80009F54] <- 0xFFFF7E00


mem[X,0x80003B60] -> 0xA223
mem[X,0x80003B62] -> 0x3440
[3805] [M]: 0x80003B60 (0x3440A223) sw tp, 836(ra)
mem[0x80009F58] <- 0x00000000


mem[X,0x80003B64] -> 0x1137
mem[X,0x80003B66] -> 0x0000
[3806] [M]: 0x80003B64 (0x00001137) lui sp, 1
x2 <- 0x00001000


mem[X,0x80003B68] -> 0x0113
mem[X,0x80003B6A] -> 0x8001
[3807] [M]: 0x80003B68 (0x80010113) addi sp, sp, 2048
x2 <- 0x00000800


mem[X,0x80003B6C] -> 0x81B3
mem[X,0x80003B6E] -> 0x0021
[3808] [M]: 0x80003B6C (0x002181B3) add gp, gp, sp
x3 <- 0x80008810


mem[X,0x80003B70] -> 0xAF07
mem[X,0x80003B72] -> 0x3481
[3809] [M]: 0x80003B70 (0x3481AF07) flw ft10, 840(gp)
mem[R,0x80008B58] -> 0x0000FC00
f30 <- 0xFFFFFFFF0000FC00


mem[X,0x80003B74] -> 0x81B3
mem[X,0x80003B76] -> 0x4021
[3810] [M]: 0x80003B74 (0x402181B3) sub gp, gp, sp
x3 <- 0x80008010


mem[X,0x80003B78] -> 0x1137
mem[X,0x80003B7A] -> 0x0000
[3811] [M]: 0x80003B78 (0x00001137) lui sp, 1
x2 <- 0x00001000


mem[X,0x80003B7C] -> 0x0113
mem[X,0x80003B7E] -> 0x8001
[3812] [M]: 0x80003B7C (0x80010113) addi sp, sp, 2048
x2 <- 0x00000800


mem[X,0x80003B80] -> 0x81B3
mem[X,0x80003B82] -> 0x0021
[3813] [M]: 0x80003B80 (0x002181B3) add gp, gp, sp
x3 <- 0x80008810


mem[X,0x80003B84] -> 0xAE87
mem[X,0x80003B86] -> 0x34C1
[3814] [M]: 0x80003B84 (0x34C1AE87) flw ft9, 844(gp)
mem[R,0x80008B5C] -> 0x00008000
f29 <- 0xFFFFFFFF00008000


mem[X,0x80003B88] -> 0x81B3
mem[X,0x80003B8A] -> 0x4021
[3815] [M]: 0x80003B88 (0x402181B3) sub gp, gp, sp
x3 <- 0x80008010


mem[X,0x80003B8C] -> 0x0113
mem[X,0x80003B8E] -> 0x0000
[3816] [M]: 0x80003B8C (0x00000113) addi sp, zero, 0
x2 <- 0x00000000


mem[X,0x80003B90] -> 0x1073
mem[X,0x80003B92] -> 0x0031
[3817] [M]: 0x80003B90 (0x00311073) csrrw zero, fcsr, sp
CSR fcsr -> 0x00000000
CSR fcsr <- 0x00000000 (input: 0x00000000)


mem[X,0x80003B94] -> 0x7FD3
mem[X,0x80003B96] -> 0x05DF
[3818] [M]: 0x80003B94 (0x05DF7FD3) fadd.h ft11, ft10, ft9, dyn
f31 <- 0xFFFFFFFFFFFF7E00


mem[X,0x80003B98] -> 0x2273
mem[X,0x80003B9A] -> 0x0030
[3819] [M]: 0x80003B98 (0x00302273) csrrs tp, fcsr, zero
CSR fcsr -> 0x00000000
x4 <- 0x00000000


mem[X,0x80003B9C] -> 0xA427
mem[X,0x80003B9E] -> 0x35F0
[3820] [M]: 0x80003B9C (0x35F0A427) fsw ft11, 840(ra)
mem[0x80009F5C] <- 0xFFFF7E00


mem[X,0x80003BA0] -> 0xA623
mem[X,0x80003BA2] -> 0x3440
[3821] [M]: 0x80003BA0 (0x3440A623) sw tp, 844(ra)
mem[0x80009F60] <- 0x00000000


mem[X,0x80003BA4] -> 0x1137
mem[X,0x80003BA6] -> 0x0000
[3822] [M]: 0x80003BA4 (0x00001137) lui sp, 1
x2 <- 0x00001000


mem[X,0x80003BA8] -> 0x0113
mem[X,0x80003BAA] -> 0x8001
[3823] [M]: 0x80003BA8 (0x80010113) addi sp, sp, 2048
x2 <- 0x00000800


mem[X,0x80003BAC] -> 0x81B3
mem[X,0x80003BAE] -> 0x0021
[3824] [M]: 0x80003BAC (0x002181B3) add gp, gp, sp
x3 <- 0x80008810


mem[X,0x80003BB0] -> 0xAF07
mem[X,0x80003BB2] -> 0x3501
[3825] [M]: 0x80003BB0 (0x3501AF07) flw ft10, 848(gp)
mem[R,0x80008B60] -> 0x0000FC00
f30 <- 0xFFFFFFFF0000FC00


mem[X,0x80003BB4] -> 0x81B3
mem[X,0x80003BB6] -> 0x4021
[3826] [M]: 0x80003BB4 (0x402181B3) sub gp, gp, sp
x3 <- 0x80008010


mem[X,0x80003BB8] -> 0x1137
mem[X,0x80003BBA] -> 0x0000
[3827] [M]: 0x80003BB8 (0x00001137) lui sp, 1
x2 <- 0x00001000


mem[X,0x80003BBC] -> 0x0113
mem[X,0x80003BBE] -> 0x8001
[3828] [M]: 0x80003BBC (0x80010113) addi sp, sp, 2048
x2 <- 0x00000800


mem[X,0x80003BC0] -> 0x81B3
mem[X,0x80003BC2] -> 0x0021
[3829] [M]: 0x80003BC0 (0x002181B3) add gp, gp, sp
x3 <- 0x80008810


mem[X,0x80003BC4] -> 0xAE87
mem[X,0x80003BC6] -> 0x3541
[3830] [M]: 0x80003BC4 (0x3541AE87) flw ft9, 852(gp)
mem[R,0x80008B64] -> 0x00000001
f29 <- 0xFFFFFFFF00000001


mem[X,0x80003BC8] -> 0x81B3
mem[X,0x80003BCA] -> 0x4021
[3831] [M]: 0x80003BC8 (0x402181B3) sub gp, gp, sp
x3 <- 0x80008010


mem[X,0x80003BCC] -> 0x0113
mem[X,0x80003BCE] -> 0x0000
[3832] [M]: 0x80003BCC (0x00000113) addi sp, zero, 0
x2 <- 0x00000000


mem[X,0x80003BD0] -> 0x1073
mem[X,0x80003BD2] -> 0x0031
[3833] [M]: 0x80003BD0 (0x00311073) csrrw zero, fcsr, sp
CSR fcsr -> 0x00000000
CSR fcsr <- 0x00000000 (input: 0x00000000)


mem[X,0x80003BD4] -> 0x7FD3
mem[X,0x80003BD6] -> 0x05DF
[3834] [M]: 0x80003BD4 (0x05DF7FD3) fadd.h ft11, ft10, ft9, dyn
f31 <- 0xFFFFFFFFFFFF7E00


mem[X,0x80003BD8] -> 0x2273
mem[X,0x80003BDA] -> 0x0030
[3835] [M]: 0x80003BD8 (0x00302273) csrrs tp, fcsr, zero
CSR fcsr -> 0x00000000
x4 <- 0x00000000


mem[X,0x80003BDC] -> 0xA827
mem[X,0x80003BDE] -> 0x35F0
[3836] [M]: 0x80003BDC (0x35F0A827) fsw ft11, 848(ra)
mem[0x80009F64] <- 0xFFFF7E00


mem[X,0x80003BE0] -> 0xAA23
mem[X,0x80003BE2] -> 0x3440
[3837] [M]: 0x80003BE0 (0x3440AA23) sw tp, 852(ra)
mem[0x80009F68] <- 0x00000000


mem[X,0x80003BE4] -> 0x1137
mem[X,0x80003BE6] -> 0x0000
[3838] [M]: 0x80003BE4 (0x00001137) lui sp, 1
x2 <- 0x00001000


mem[X,0x80003BE8] -> 0x0113
mem[X,0x80003BEA] -> 0x8001
[3839] [M]: 0x80003BE8 (0x80010113) addi sp, sp, 2048
x2 <- 0x00000800


mem[X,0x80003BEC] -> 0x81B3
mem[X,0x80003BEE] -> 0x0021
[3840] [M]: 0x80003BEC (0x002181B3) add gp, gp, sp
x3 <- 0x80008810


mem[X,0x80003BF0] -> 0xAF07
mem[X,0x80003BF2] -> 0x3581
[3841] [M]: 0x80003BF0 (0x3581AF07) flw ft10, 856(gp)
mem[R,0x80008B68] -> 0x0000FC00
f30 <- 0xFFFFFFFF0000FC00


mem[X,0x80003BF4] -> 0x81B3
mem[X,0x80003BF6] -> 0x4021
[3842] [M]: 0x80003BF4 (0x402181B3) sub gp, gp, sp
x3 <- 0x80008010


mem[X,0x80003BF8] -> 0x1137
mem[X,0x80003BFA] -> 0x0000
[3843] [M]: 0x80003BF8 (0x00001137) lui sp, 1
x2 <- 0x00001000


mem[X,0x80003BFC] -> 0x0113
mem[X,0x80003BFE] -> 0x8001
[3844] [M]: 0x80003BFC (0x80010113) addi sp, sp, 2048
x2 <- 0x00000800


mem[X,0x80003C00] -> 0x81B3
mem[X,0x80003C02] -> 0x0021
[3845] [M]: 0x80003C00 (0x002181B3) add gp, gp, sp
x3 <- 0x80008810


mem[X,0x80003C04] -> 0xAE87
mem[X,0x80003C06] -> 0x35C1
[3846] [M]: 0x80003C04 (0x35C1AE87) flw ft9, 860(gp)
mem[R,0x80008B6C] -> 0x00008001
f29 <- 0xFFFFFFFF00008001


mem[X,0x80003C08] -> 0x81B3
mem[X,0x80003C0A] -> 0x4021
[3847] [M]: 0x80003C08 (0x402181B3) sub gp, gp, sp
x3 <- 0x80008010


mem[X,0x80003C0C] -> 0x0113
mem[X,0x80003C0E] -> 0x0000
[3848] [M]: 0x80003C0C (0x00000113) addi sp, zero, 0
x2 <- 0x00000000


mem[X,0x80003C10] -> 0x1073
mem[X,0x80003C12] -> 0x0031
[3849] [M]: 0x80003C10 (0x00311073) csrrw zero, fcsr, sp
CSR fcsr -> 0x00000000
CSR fcsr <- 0x00000000 (input: 0x00000000)


mem[X,0x80003C14] -> 0x7FD3
mem[X,0x80003C16] -> 0x05DF
[3850] [M]: 0x80003C14 (0x05DF7FD3) fadd.h ft11, ft10, ft9, dyn
f31 <- 0xFFFFFFFFFFFF7E00


mem[X,0x80003C18] -> 0x2273
mem[X,0x80003C1A] -> 0x0030
[3851] [M]: 0x80003C18 (0x00302273) csrrs tp, fcsr, zero
CSR fcsr -> 0x00000000
x4 <- 0x00000000


mem[X,0x80003C1C] -> 0xAC27
mem[X,0x80003C1E] -> 0x35F0
[3852] [M]: 0x80003C1C (0x35F0AC27) fsw ft11, 856(ra)
mem[0x80009F6C] <- 0xFFFF7E00


mem[X,0x80003C20] -> 0xAE23
mem[X,0x80003C22] -> 0x3440
[3853] [M]: 0x80003C20 (0x3440AE23) sw tp, 860(ra)
mem[0x80009F70] <- 0x00000000


mem[X,0x80003C24] -> 0x1137
mem[X,0x80003C26] -> 0x0000
[3854] [M]: 0x80003C24 (0x00001137) lui sp, 1
x2 <- 0x00001000


mem[X,0x80003C28] -> 0x0113
mem[X,0x80003C2A] -> 0x8001
[3855] [M]: 0x80003C28 (0x80010113) addi sp, sp, 2048
x2 <- 0x00000800


mem[X,0x80003C2C] -> 0x81B3
mem[X,0x80003C2E] -> 0x0021
[3856] [M]: 0x80003C2C (0x002181B3) add gp, gp, sp
x3 <- 0x80008810


mem[X,0x80003C30] -> 0xAF07
mem[X,0x80003C32] -> 0x3601
[3857] [M]: 0x80003C30 (0x3601AF07) flw ft10, 864(gp)
mem[R,0x80008B70] -> 0x0000FC00
f30 <- 0xFFFFFFFF0000FC00


mem[X,0x80003C34] -> 0x81B3
mem[X,0x80003C36] -> 0x4021
[3858] [M]: 0x80003C34 (0x402181B3) sub gp, gp, sp
x3 <- 0x80008010


mem[X,0x80003C38] -> 0x1137
mem[X,0x80003C3A] -> 0x0000
[3859] [M]: 0x80003C38 (0x00001137) lui sp, 1
x2 <- 0x00001000


mem[X,0x80003C3C] -> 0x0113
mem[X,0x80003C3E] -> 0x8001
[3860] [M]: 0x80003C3C (0x80010113) addi sp, sp, 2048
x2 <- 0x00000800


mem[X,0x80003C40] -> 0x81B3
mem[X,0x80003C42] -> 0x0021
[3861] [M]: 0x80003C40 (0x002181B3) add gp, gp, sp
x3 <- 0x80008810


mem[X,0x80003C44] -> 0xAE87
mem[X,0x80003C46] -> 0x3641
[3862] [M]: 0x80003C44 (0x3641AE87) flw ft9, 868(gp)
mem[R,0x80008B74] -> 0x00000002
f29 <- 0xFFFFFFFF00000002


mem[X,0x80003C48] -> 0x81B3
mem[X,0x80003C4A] -> 0x4021
[3863] [M]: 0x80003C48 (0x402181B3) sub gp, gp, sp
x3 <- 0x80008010


mem[X,0x80003C4C] -> 0x0113
mem[X,0x80003C4E] -> 0x0000
[3864] [M]: 0x80003C4C (0x00000113) addi sp, zero, 0
x2 <- 0x00000000


mem[X,0x80003C50] -> 0x1073
mem[X,0x80003C52] -> 0x0031
[3865] [M]: 0x80003C50 (0x00311073) csrrw zero, fcsr, sp
CSR fcsr -> 0x00000000
CSR fcsr <- 0x00000000 (input: 0x00000000)


mem[X,0x80003C54] -> 0x7FD3
mem[X,0x80003C56] -> 0x05DF
[3866] [M]: 0x80003C54 (0x05DF7FD3) fadd.h ft11, ft10, ft9, dyn
f31 <- 0xFFFFFFFFFFFF7E00


mem[X,0x80003C58] -> 0x2273
mem[X,0x80003C5A] -> 0x0030
[3867] [M]: 0x80003C58 (0x00302273) csrrs tp, fcsr, zero
CSR fcsr -> 0x00000000
x4 <- 0x00000000


mem[X,0x80003C5C] -> 0xA027
mem[X,0x80003C5E] -> 0x37F0
[3868] [M]: 0x80003C5C (0x37F0A027) fsw ft11, 864(ra)
mem[0x80009F74] <- 0xFFFF7E00


mem[X,0x80003C60] -> 0xA223
mem[X,0x80003C62] -> 0x3640
[3869] [M]: 0x80003C60 (0x3640A223) sw tp, 868(ra)
mem[0x80009F78] <- 0x00000000


mem[X,0x80003C64] -> 0x1137
mem[X,0x80003C66] -> 0x0000
[3870] [M]: 0x80003C64 (0x00001137) lui sp, 1
x2 <- 0x00001000


mem[X,0x80003C68] -> 0x0113
mem[X,0x80003C6A] -> 0x8001
[3871] [M]: 0x80003C68 (0x80010113) addi sp, sp, 2048
x2 <- 0x00000800


mem[X,0x80003C6C] -> 0x81B3
mem[X,0x80003C6E] -> 0x0021
[3872] [M]: 0x80003C6C (0x002181B3) add gp, gp, sp
x3 <- 0x80008810


mem[X,0x80003C70] -> 0xAF07
mem[X,0x80003C72] -> 0x3681
[3873] [M]: 0x80003C70 (0x3681AF07) flw ft10, 872(gp)
mem[R,0x80008B78] -> 0x0000FC00
f30 <- 0xFFFFFFFF0000FC00


mem[X,0x80003C74] -> 0x81B3
mem[X,0x80003C76] -> 0x4021
[3874] [M]: 0x80003C74 (0x402181B3) sub gp, gp, sp
x3 <- 0x80008010


mem[X,0x80003C78] -> 0x1137
mem[X,0x80003C7A] -> 0x0000
[3875] [M]: 0x80003C78 (0x00001137) lui sp, 1
x2 <- 0x00001000


mem[X,0x80003C7C] -> 0x0113
mem[X,0x80003C7E] -> 0x8001
[3876] [M]: 0x80003C7C (0x80010113) addi sp, sp, 2048
x2 <- 0x00000800


mem[X,0x80003C80] -> 0x81B3
mem[X,0x80003C82] -> 0x0021
[3877] [M]: 0x80003C80 (0x002181B3) add gp, gp, sp
x3 <- 0x80008810


mem[X,0x80003C84] -> 0xAE87
mem[X,0x80003C86] -> 0x36C1
[3878] [M]: 0x80003C84 (0x36C1AE87) flw ft9, 876(gp)
mem[R,0x80008B7C] -> 0x000083FE
f29 <- 0xFFFFFFFF000083FE


mem[X,0x80003C88] -> 0x81B3
mem[X,0x80003C8A] -> 0x4021
[3879] [M]: 0x80003C88 (0x402181B3) sub gp, gp, sp
x3 <- 0x80008010


mem[X,0x80003C8C] -> 0x0113
mem[X,0x80003C8E] -> 0x0000
[3880] [M]: 0x80003C8C (0x00000113) addi sp, zero, 0
x2 <- 0x00000000


mem[X,0x80003C90] -> 0x1073
mem[X,0x80003C92] -> 0x0031
[3881] [M]: 0x80003C90 (0x00311073) csrrw zero, fcsr, sp
CSR fcsr -> 0x00000000
CSR fcsr <- 0x00000000 (input: 0x00000000)


mem[X,0x80003C94] -> 0x7FD3
mem[X,0x80003C96] -> 0x05DF
[3882] [M]: 0x80003C94 (0x05DF7FD3) fadd.h ft11, ft10, ft9, dyn
f31 <- 0xFFFFFFFFFFFF7E00


mem[X,0x80003C98] -> 0x2273
mem[X,0x80003C9A] -> 0x0030
[3883] [M]: 0x80003C98 (0x00302273) csrrs tp, fcsr, zero
CSR fcsr -> 0x00000000
x4 <- 0x00000000


mem[X,0x80003C9C] -> 0xA427
mem[X,0x80003C9E] -> 0x37F0
[3884] [M]: 0x80003C9C (0x37F0A427) fsw ft11, 872(ra)
mem[0x80009F7C] <- 0xFFFF7E00


mem[X,0x80003CA0] -> 0xA623
mem[X,0x80003CA2] -> 0x3640
[3885] [M]: 0x80003CA0 (0x3640A623) sw tp, 876(ra)
mem[0x80009F80] <- 0x00000000


mem[X,0x80003CA4] -> 0x1137
mem[X,0x80003CA6] -> 0x0000
[3886] [M]: 0x80003CA4 (0x00001137) lui sp, 1
x2 <- 0x00001000


mem[X,0x80003CA8] -> 0x0113
mem[X,0x80003CAA] -> 0x8001
[3887] [M]: 0x80003CA8 (0x80010113) addi sp, sp, 2048
x2 <- 0x00000800


mem[X,0x80003CAC] -> 0x81B3
mem[X,0x80003CAE] -> 0x0021
[3888] [M]: 0x80003CAC (0x002181B3) add gp, gp, sp
x3 <- 0x80008810


mem[X,0x80003CB0] -> 0xAF07
mem[X,0x80003CB2] -> 0x3701
[3889] [M]: 0x80003CB0 (0x3701AF07) flw ft10, 880(gp)
mem[R,0x80008B80] -> 0x0000FC00
f30 <- 0xFFFFFFFF0000FC00


mem[X,0x80003CB4] -> 0x81B3
mem[X,0x80003CB6] -> 0x4021
[3890] [M]: 0x80003CB4 (0x402181B3) sub gp, gp, sp
x3 <- 0x80008010


mem[X,0x80003CB8] -> 0x1137
mem[X,0x80003CBA] -> 0x0000
[3891] [M]: 0x80003CB8 (0x00001137) lui sp, 1
x2 <- 0x00001000


mem[X,0x80003CBC] -> 0x0113
mem[X,0x80003CBE] -> 0x8001
[3892] [M]: 0x80003CBC (0x80010113) addi sp, sp, 2048
x2 <- 0x00000800


mem[X,0x80003CC0] -> 0x81B3
mem[X,0x80003CC2] -> 0x0021
[3893] [M]: 0x80003CC0 (0x002181B3) add gp, gp, sp
x3 <- 0x80008810


mem[X,0x80003CC4] -> 0xAE87
mem[X,0x80003CC6] -> 0x3741
[3894] [M]: 0x80003CC4 (0x3741AE87) flw ft9, 884(gp)
mem[R,0x80008B84] -> 0x000003FF
f29 <- 0xFFFFFFFF000003FF


mem[X,0x80003CC8] -> 0x81B3
mem[X,0x80003CCA] -> 0x4021
[3895] [M]: 0x80003CC8 (0x402181B3) sub gp, gp, sp
x3 <- 0x80008010


mem[X,0x80003CCC] -> 0x0113
mem[X,0x80003CCE] -> 0x0000
[3896] [M]: 0x80003CCC (0x00000113) addi sp, zero, 0
x2 <- 0x00000000


mem[X,0x80003CD0] -> 0x1073
mem[X,0x80003CD2] -> 0x0031
[3897] [M]: 0x80003CD0 (0x00311073) csrrw zero, fcsr, sp
CSR fcsr -> 0x00000000
CSR fcsr <- 0x00000000 (input: 0x00000000)


mem[X,0x80003CD4] -> 0x7FD3
mem[X,0x80003CD6] -> 0x05DF
[3898] [M]: 0x80003CD4 (0x05DF7FD3) fadd.h ft11, ft10, ft9, dyn
f31 <- 0xFFFFFFFFFFFF7E00


mem[X,0x80003CD8] -> 0x2273
mem[X,0x80003CDA] -> 0x0030
[3899] [M]: 0x80003CD8 (0x00302273) csrrs tp, fcsr, zero
CSR fcsr -> 0x00000000
x4 <- 0x00000000


clint::tick mtime <- 0x0000000000000027
 clint timer pending at mtime 0x0000000000000027
htif::tick 0x0000000000000000
mem[X,0x80003CDC] -> 0xA827
mem[X,0x80003CDE] -> 0x37F0
[3900] [M]: 0x80003CDC (0x37F0A827) fsw ft11, 880(ra)
mem[0x80009F84] <- 0xFFFF7E00


mem[X,0x80003CE0] -> 0xAA23
mem[X,0x80003CE2] -> 0x3640
[3901] [M]: 0x80003CE0 (0x3640AA23) sw tp, 884(ra)
mem[0x80009F88] <- 0x00000000


mem[X,0x80003CE4] -> 0x1137
mem[X,0x80003CE6] -> 0x0000
[3902] [M]: 0x80003CE4 (0x00001137) lui sp, 1
x2 <- 0x00001000


mem[X,0x80003CE8] -> 0x0113
mem[X,0x80003CEA] -> 0x8001
[3903] [M]: 0x80003CE8 (0x80010113) addi sp, sp, 2048
x2 <- 0x00000800


mem[X,0x80003CEC] -> 0x81B3
mem[X,0x80003CEE] -> 0x0021
[3904] [M]: 0x80003CEC (0x002181B3) add gp, gp, sp
x3 <- 0x80008810


mem[X,0x80003CF0] -> 0xAF07
mem[X,0x80003CF2] -> 0x3781
[3905] [M]: 0x80003CF0 (0x3781AF07) flw ft10, 888(gp)
mem[R,0x80008B88] -> 0x0000FC00
f30 <- 0xFFFFFFFF0000FC00


mem[X,0x80003CF4] -> 0x81B3
mem[X,0x80003CF6] -> 0x4021
[3906] [M]: 0x80003CF4 (0x402181B3) sub gp, gp, sp
x3 <- 0x80008010


mem[X,0x80003CF8] -> 0x1137
mem[X,0x80003CFA] -> 0x0000
[3907] [M]: 0x80003CF8 (0x00001137) lui sp, 1
x2 <- 0x00001000


mem[X,0x80003CFC] -> 0x0113
mem[X,0x80003CFE] -> 0x8001
[3908] [M]: 0x80003CFC (0x80010113) addi sp, sp, 2048
x2 <- 0x00000800


mem[X,0x80003D00] -> 0x81B3
mem[X,0x80003D02] -> 0x0021
[3909] [M]: 0x80003D00 (0x002181B3) add gp, gp, sp
x3 <- 0x80008810


mem[X,0x80003D04] -> 0xAE87
mem[X,0x80003D06] -> 0x37C1
[3910] [M]: 0x80003D04 (0x37C1AE87) flw ft9, 892(gp)
mem[R,0x80008B8C] -> 0x000083FF
f29 <- 0xFFFFFFFF000083FF


mem[X,0x80003D08] -> 0x81B3
mem[X,0x80003D0A] -> 0x4021
[3911] [M]: 0x80003D08 (0x402181B3) sub gp, gp, sp
x3 <- 0x80008010


mem[X,0x80003D0C] -> 0x0113
mem[X,0x80003D0E] -> 0x0000
[3912] [M]: 0x80003D0C (0x00000113) addi sp, zero, 0
x2 <- 0x00000000


mem[X,0x80003D10] -> 0x1073
mem[X,0x80003D12] -> 0x0031
[3913] [M]: 0x80003D10 (0x00311073) csrrw zero, fcsr, sp
CSR fcsr -> 0x00000000
CSR fcsr <- 0x00000000 (input: 0x00000000)


mem[X,0x80003D14] -> 0x7FD3
mem[X,0x80003D16] -> 0x05DF
[3914] [M]: 0x80003D14 (0x05DF7FD3) fadd.h ft11, ft10, ft9, dyn
f31 <- 0xFFFFFFFFFFFF7E00


mem[X,0x80003D18] -> 0x2273
mem[X,0x80003D1A] -> 0x0030
[3915] [M]: 0x80003D18 (0x00302273) csrrs tp, fcsr, zero
CSR fcsr -> 0x00000000
x4 <- 0x00000000


mem[X,0x80003D1C] -> 0xAC27
mem[X,0x80003D1E] -> 0x37F0
[3916] [M]: 0x80003D1C (0x37F0AC27) fsw ft11, 888(ra)
mem[0x80009F8C] <- 0xFFFF7E00


mem[X,0x80003D20] -> 0xAE23
mem[X,0x80003D22] -> 0x3640
[3917] [M]: 0x80003D20 (0x3640AE23) sw tp, 892(ra)
mem[0x80009F90] <- 0x00000000


mem[X,0x80003D24] -> 0x1137
mem[X,0x80003D26] -> 0x0000
[3918] [M]: 0x80003D24 (0x00001137) lui sp, 1
x2 <- 0x00001000


mem[X,0x80003D28] -> 0x0113
mem[X,0x80003D2A] -> 0x8001
[3919] [M]: 0x80003D28 (0x80010113) addi sp, sp, 2048
x2 <- 0x00000800


mem[X,0x80003D2C] -> 0x81B3
mem[X,0x80003D2E] -> 0x0021
[3920] [M]: 0x80003D2C (0x002181B3) add gp, gp, sp
x3 <- 0x80008810


mem[X,0x80003D30] -> 0xAF07
mem[X,0x80003D32] -> 0x3801
[3921] [M]: 0x80003D30 (0x3801AF07) flw ft10, 896(gp)
mem[R,0x80008B90] -> 0x0000FC00
f30 <- 0xFFFFFFFF0000FC00


mem[X,0x80003D34] -> 0x81B3
mem[X,0x80003D36] -> 0x4021
[3922] [M]: 0x80003D34 (0x402181B3) sub gp, gp, sp
x3 <- 0x80008010


mem[X,0x80003D38] -> 0x1137
mem[X,0x80003D3A] -> 0x0000
[3923] [M]: 0x80003D38 (0x00001137) lui sp, 1
x2 <- 0x00001000


mem[X,0x80003D3C] -> 0x0113
mem[X,0x80003D3E] -> 0x8001
[3924] [M]: 0x80003D3C (0x80010113) addi sp, sp, 2048
x2 <- 0x00000800


mem[X,0x80003D40] -> 0x81B3
mem[X,0x80003D42] -> 0x0021
[3925] [M]: 0x80003D40 (0x002181B3) add gp, gp, sp
x3 <- 0x80008810


mem[X,0x80003D44] -> 0xAE87
mem[X,0x80003D46] -> 0x3841
[3926] [M]: 0x80003D44 (0x3841AE87) flw ft9, 900(gp)
mem[R,0x80008B94] -> 0x00000400
f29 <- 0xFFFFFFFF00000400


mem[X,0x80003D48] -> 0x81B3
mem[X,0x80003D4A] -> 0x4021
[3927] [M]: 0x80003D48 (0x402181B3) sub gp, gp, sp
x3 <- 0x80008010


mem[X,0x80003D4C] -> 0x0113
mem[X,0x80003D4E] -> 0x0000
[3928] [M]: 0x80003D4C (0x00000113) addi sp, zero, 0
x2 <- 0x00000000


mem[X,0x80003D50] -> 0x1073
mem[X,0x80003D52] -> 0x0031
[3929] [M]: 0x80003D50 (0x00311073) csrrw zero, fcsr, sp
CSR fcsr -> 0x00000000
CSR fcsr <- 0x00000000 (input: 0x00000000)


mem[X,0x80003D54] -> 0x7FD3
mem[X,0x80003D56] -> 0x05DF
[3930] [M]: 0x80003D54 (0x05DF7FD3) fadd.h ft11, ft10, ft9, dyn
f31 <- 0xFFFFFFFFFFFF7E00


mem[X,0x80003D58] -> 0x2273
mem[X,0x80003D5A] -> 0x0030
[3931] [M]: 0x80003D58 (0x00302273) csrrs tp, fcsr, zero
CSR fcsr -> 0x00000000
x4 <- 0x00000000


mem[X,0x80003D5C] -> 0xA027
mem[X,0x80003D5E] -> 0x39F0
[3932] [M]: 0x80003D5C (0x39F0A027) fsw ft11, 896(ra)
mem[0x80009F94] <- 0xFFFF7E00


mem[X,0x80003D60] -> 0xA223
mem[X,0x80003D62] -> 0x3840
[3933] [M]: 0x80003D60 (0x3840A223) sw tp, 900(ra)
mem[0x80009F98] <- 0x00000000


mem[X,0x80003D64] -> 0x1137
mem[X,0x80003D66] -> 0x0000
[3934] [M]: 0x80003D64 (0x00001137) lui sp, 1
x2 <- 0x00001000


mem[X,0x80003D68] -> 0x0113
mem[X,0x80003D6A] -> 0x8001
[3935] [M]: 0x80003D68 (0x80010113) addi sp, sp, 2048
x2 <- 0x00000800


mem[X,0x80003D6C] -> 0x81B3
mem[X,0x80003D6E] -> 0x0021
[3936] [M]: 0x80003D6C (0x002181B3) add gp, gp, sp
x3 <- 0x80008810


mem[X,0x80003D70] -> 0xAF07
mem[X,0x80003D72] -> 0x3881
[3937] [M]: 0x80003D70 (0x3881AF07) flw ft10, 904(gp)
mem[R,0x80008B98] -> 0x0000FC00
f30 <- 0xFFFFFFFF0000FC00


mem[X,0x80003D74] -> 0x81B3
mem[X,0x80003D76] -> 0x4021
[3938] [M]: 0x80003D74 (0x402181B3) sub gp, gp, sp
x3 <- 0x80008010


mem[X,0x80003D78] -> 0x1137
mem[X,0x80003D7A] -> 0x0000
[3939] [M]: 0x80003D78 (0x00001137) lui sp, 1
x2 <- 0x00001000


mem[X,0x80003D7C] -> 0x0113
mem[X,0x80003D7E] -> 0x8001
[3940] [M]: 0x80003D7C (0x80010113) addi sp, sp, 2048
x2 <- 0x00000800


mem[X,0x80003D80] -> 0x81B3
mem[X,0x80003D82] -> 0x0021
[3941] [M]: 0x80003D80 (0x002181B3) add gp, gp, sp
x3 <- 0x80008810


mem[X,0x80003D84] -> 0xAE87
mem[X,0x80003D86] -> 0x38C1
[3942] [M]: 0x80003D84 (0x38C1AE87) flw ft9, 908(gp)
mem[R,0x80008B9C] -> 0x00008400
f29 <- 0xFFFFFFFF00008400


mem[X,0x80003D88] -> 0x81B3
mem[X,0x80003D8A] -> 0x4021
[3943] [M]: 0x80003D88 (0x402181B3) sub gp, gp, sp
x3 <- 0x80008010


mem[X,0x80003D8C] -> 0x0113
mem[X,0x80003D8E] -> 0x0000
[3944] [M]: 0x80003D8C (0x00000113) addi sp, zero, 0
x2 <- 0x00000000


mem[X,0x80003D90] -> 0x1073
mem[X,0x80003D92] -> 0x0031
[3945] [M]: 0x80003D90 (0x00311073) csrrw zero, fcsr, sp
CSR fcsr -> 0x00000000
CSR fcsr <- 0x00000000 (input: 0x00000000)


mem[X,0x80003D94] -> 0x7FD3
mem[X,0x80003D96] -> 0x05DF
[3946] [M]: 0x80003D94 (0x05DF7FD3) fadd.h ft11, ft10, ft9, dyn
f31 <- 0xFFFFFFFFFFFF7E00


mem[X,0x80003D98] -> 0x2273
mem[X,0x80003D9A] -> 0x0030
[3947] [M]: 0x80003D98 (0x00302273) csrrs tp, fcsr, zero
CSR fcsr -> 0x00000000
x4 <- 0x00000000


mem[X,0x80003D9C] -> 0xA427
mem[X,0x80003D9E] -> 0x39F0
[3948] [M]: 0x80003D9C (0x39F0A427) fsw ft11, 904(ra)
mem[0x80009F9C] <- 0xFFFF7E00


mem[X,0x80003DA0] -> 0xA623
mem[X,0x80003DA2] -> 0x3840
[3949] [M]: 0x80003DA0 (0x3840A623) sw tp, 908(ra)
mem[0x80009FA0] <- 0x00000000


mem[X,0x80003DA4] -> 0x1137
mem[X,0x80003DA6] -> 0x0000
[3950] [M]: 0x80003DA4 (0x00001137) lui sp, 1
x2 <- 0x00001000


mem[X,0x80003DA8] -> 0x0113
mem[X,0x80003DAA] -> 0x8001
[3951] [M]: 0x80003DA8 (0x80010113) addi sp, sp, 2048
x2 <- 0x00000800


mem[X,0x80003DAC] -> 0x81B3
mem[X,0x80003DAE] -> 0x0021
[3952] [M]: 0x80003DAC (0x002181B3) add gp, gp, sp
x3 <- 0x80008810


mem[X,0x80003DB0] -> 0xAF07
mem[X,0x80003DB2] -> 0x3901
[3953] [M]: 0x80003DB0 (0x3901AF07) flw ft10, 912(gp)
mem[R,0x80008BA0] -> 0x0000FC00
f30 <- 0xFFFFFFFF0000FC00


mem[X,0x80003DB4] -> 0x81B3
mem[X,0x80003DB6] -> 0x4021
[3954] [M]: 0x80003DB4 (0x402181B3) sub gp, gp, sp
x3 <- 0x80008010


mem[X,0x80003DB8] -> 0x1137
mem[X,0x80003DBA] -> 0x0000
[3955] [M]: 0x80003DB8 (0x00001137) lui sp, 1
x2 <- 0x00001000


mem[X,0x80003DBC] -> 0x0113
mem[X,0x80003DBE] -> 0x8001
[3956] [M]: 0x80003DBC (0x80010113) addi sp, sp, 2048
x2 <- 0x00000800


mem[X,0x80003DC0] -> 0x81B3
mem[X,0x80003DC2] -> 0x0021
[3957] [M]: 0x80003DC0 (0x002181B3) add gp, gp, sp
x3 <- 0x80008810


mem[X,0x80003DC4] -> 0xAE87
mem[X,0x80003DC6] -> 0x3941
[3958] [M]: 0x80003DC4 (0x3941AE87) flw ft9, 916(gp)
mem[R,0x80008BA4] -> 0x00000401
f29 <- 0xFFFFFFFF00000401


mem[X,0x80003DC8] -> 0x81B3
mem[X,0x80003DCA] -> 0x4021
[3959] [M]: 0x80003DC8 (0x402181B3) sub gp, gp, sp
x3 <- 0x80008010


mem[X,0x80003DCC] -> 0x0113
mem[X,0x80003DCE] -> 0x0000
[3960] [M]: 0x80003DCC (0x00000113) addi sp, zero, 0
x2 <- 0x00000000


mem[X,0x80003DD0] -> 0x1073
mem[X,0x80003DD2] -> 0x0031
[3961] [M]: 0x80003DD0 (0x00311073) csrrw zero, fcsr, sp
CSR fcsr -> 0x00000000
CSR fcsr <- 0x00000000 (input: 0x00000000)


mem[X,0x80003DD4] -> 0x7FD3
mem[X,0x80003DD6] -> 0x05DF
[3962] [M]: 0x80003DD4 (0x05DF7FD3) fadd.h ft11, ft10, ft9, dyn
f31 <- 0xFFFFFFFFFFFF7E00


mem[X,0x80003DD8] -> 0x2273
mem[X,0x80003DDA] -> 0x0030
[3963] [M]: 0x80003DD8 (0x00302273) csrrs tp, fcsr, zero
CSR fcsr -> 0x00000000
x4 <- 0x00000000


mem[X,0x80003DDC] -> 0xA827
mem[X,0x80003DDE] -> 0x39F0
[3964] [M]: 0x80003DDC (0x39F0A827) fsw ft11, 912(ra)
mem[0x80009FA4] <- 0xFFFF7E00


mem[X,0x80003DE0] -> 0xAA23
mem[X,0x80003DE2] -> 0x3840
[3965] [M]: 0x80003DE0 (0x3840AA23) sw tp, 916(ra)
mem[0x80009FA8] <- 0x00000000


mem[X,0x80003DE4] -> 0x1137
mem[X,0x80003DE6] -> 0x0000
[3966] [M]: 0x80003DE4 (0x00001137) lui sp, 1
x2 <- 0x00001000


mem[X,0x80003DE8] -> 0x0113
mem[X,0x80003DEA] -> 0x8001
[3967] [M]: 0x80003DE8 (0x80010113) addi sp, sp, 2048
x2 <- 0x00000800


mem[X,0x80003DEC] -> 0x81B3
mem[X,0x80003DEE] -> 0x0021
[3968] [M]: 0x80003DEC (0x002181B3) add gp, gp, sp
x3 <- 0x80008810


mem[X,0x80003DF0] -> 0xAF07
mem[X,0x80003DF2] -> 0x3981
[3969] [M]: 0x80003DF0 (0x3981AF07) flw ft10, 920(gp)
mem[R,0x80008BA8] -> 0x0000FC00
f30 <- 0xFFFFFFFF0000FC00


mem[X,0x80003DF4] -> 0x81B3
mem[X,0x80003DF6] -> 0x4021
[3970] [M]: 0x80003DF4 (0x402181B3) sub gp, gp, sp
x3 <- 0x80008010


mem[X,0x80003DF8] -> 0x1137
mem[X,0x80003DFA] -> 0x0000
[3971] [M]: 0x80003DF8 (0x00001137) lui sp, 1
x2 <- 0x00001000


mem[X,0x80003DFC] -> 0x0113
mem[X,0x80003DFE] -> 0x8001
[3972] [M]: 0x80003DFC (0x80010113) addi sp, sp, 2048
x2 <- 0x00000800


mem[X,0x80003E00] -> 0x81B3
mem[X,0x80003E02] -> 0x0021
[3973] [M]: 0x80003E00 (0x002181B3) add gp, gp, sp
x3 <- 0x80008810


mem[X,0x80003E04] -> 0xAE87
mem[X,0x80003E06] -> 0x39C1
[3974] [M]: 0x80003E04 (0x39C1AE87) flw ft9, 924(gp)
mem[R,0x80008BAC] -> 0x00008455
f29 <- 0xFFFFFFFF00008455


mem[X,0x80003E08] -> 0x81B3
mem[X,0x80003E0A] -> 0x4021
[3975] [M]: 0x80003E08 (0x402181B3) sub gp, gp, sp
x3 <- 0x80008010


mem[X,0x80003E0C] -> 0x0113
mem[X,0x80003E0E] -> 0x0000
[3976] [M]: 0x80003E0C (0x00000113) addi sp, zero, 0
x2 <- 0x00000000


mem[X,0x80003E10] -> 0x1073
mem[X,0x80003E12] -> 0x0031
[3977] [M]: 0x80003E10 (0x00311073) csrrw zero, fcsr, sp
CSR fcsr -> 0x00000000
CSR fcsr <- 0x00000000 (input: 0x00000000)


mem[X,0x80003E14] -> 0x7FD3
mem[X,0x80003E16] -> 0x05DF
[3978] [M]: 0x80003E14 (0x05DF7FD3) fadd.h ft11, ft10, ft9, dyn
f31 <- 0xFFFFFFFFFFFF7E00


mem[X,0x80003E18] -> 0x2273
mem[X,0x80003E1A] -> 0x0030
[3979] [M]: 0x80003E18 (0x00302273) csrrs tp, fcsr, zero
CSR fcsr -> 0x00000000
x4 <- 0x00000000


mem[X,0x80003E1C] -> 0xAC27
mem[X,0x80003E1E] -> 0x39F0
[3980] [M]: 0x80003E1C (0x39F0AC27) fsw ft11, 920(ra)
mem[0x80009FAC] <- 0xFFFF7E00


mem[X,0x80003E20] -> 0xAE23
mem[X,0x80003E22] -> 0x3840
[3981] [M]: 0x80003E20 (0x3840AE23) sw tp, 924(ra)
mem[0x80009FB0] <- 0x00000000


mem[X,0x80003E24] -> 0x1137
mem[X,0x80003E26] -> 0x0000
[3982] [M]: 0x80003E24 (0x00001137) lui sp, 1
x2 <- 0x00001000


mem[X,0x80003E28] -> 0x0113
mem[X,0x80003E2A] -> 0x8001
[3983] [M]: 0x80003E28 (0x80010113) addi sp, sp, 2048
x2 <- 0x00000800


mem[X,0x80003E2C] -> 0x81B3
mem[X,0x80003E2E] -> 0x0021
[3984] [M]: 0x80003E2C (0x002181B3) add gp, gp, sp
x3 <- 0x80008810


mem[X,0x80003E30] -> 0xAF07
mem[X,0x80003E32] -> 0x3A01
[3985] [M]: 0x80003E30 (0x3A01AF07) flw ft10, 928(gp)
mem[R,0x80008BB0] -> 0x0000FC00
f30 <- 0xFFFFFFFF0000FC00


mem[X,0x80003E34] -> 0x81B3
mem[X,0x80003E36] -> 0x4021
[3986] [M]: 0x80003E34 (0x402181B3) sub gp, gp, sp
x3 <- 0x80008010


mem[X,0x80003E38] -> 0x1137
mem[X,0x80003E3A] -> 0x0000
[3987] [M]: 0x80003E38 (0x00001137) lui sp, 1
x2 <- 0x00001000


mem[X,0x80003E3C] -> 0x0113
mem[X,0x80003E3E] -> 0x8001
[3988] [M]: 0x80003E3C (0x80010113) addi sp, sp, 2048
x2 <- 0x00000800


mem[X,0x80003E40] -> 0x81B3
mem[X,0x80003E42] -> 0x0021
[3989] [M]: 0x80003E40 (0x002181B3) add gp, gp, sp
x3 <- 0x80008810


mem[X,0x80003E44] -> 0xAE87
mem[X,0x80003E46] -> 0x3A41
[3990] [M]: 0x80003E44 (0x3A41AE87) flw ft9, 932(gp)
mem[R,0x80008BB4] -> 0x00007BFF
f29 <- 0xFFFFFFFF00007BFF


mem[X,0x80003E48] -> 0x81B3
mem[X,0x80003E4A] -> 0x4021
[3991] [M]: 0x80003E48 (0x402181B3) sub gp, gp, sp
x3 <- 0x80008010


mem[X,0x80003E4C] -> 0x0113
mem[X,0x80003E4E] -> 0x0000
[3992] [M]: 0x80003E4C (0x00000113) addi sp, zero, 0
x2 <- 0x00000000


mem[X,0x80003E50] -> 0x1073
mem[X,0x80003E52] -> 0x0031
[3993] [M]: 0x80003E50 (0x00311073) csrrw zero, fcsr, sp
CSR fcsr -> 0x00000000
CSR fcsr <- 0x00000000 (input: 0x00000000)


mem[X,0x80003E54] -> 0x7FD3
mem[X,0x80003E56] -> 0x05DF
[3994] [M]: 0x80003E54 (0x05DF7FD3) fadd.h ft11, ft10, ft9, dyn
f31 <- 0xFFFFFFFFFFFF7E00


mem[X,0x80003E58] -> 0x2273
mem[X,0x80003E5A] -> 0x0030
[3995] [M]: 0x80003E58 (0x00302273) csrrs tp, fcsr, zero
CSR fcsr -> 0x00000000
x4 <- 0x00000000


mem[X,0x80003E5C] -> 0xA027
mem[X,0x80003E5E] -> 0x3BF0
[3996] [M]: 0x80003E5C (0x3BF0A027) fsw ft11, 928(ra)
mem[0x80009FB4] <- 0xFFFF7E00


mem[X,0x80003E60] -> 0xA223
mem[X,0x80003E62] -> 0x3A40
[3997] [M]: 0x80003E60 (0x3A40A223) sw tp, 932(ra)
mem[0x80009FB8] <- 0x00000000


mem[X,0x80003E64] -> 0x1137
mem[X,0x80003E66] -> 0x0000
[3998] [M]: 0x80003E64 (0x00001137) lui sp, 1
x2 <- 0x00001000


mem[X,0x80003E68] -> 0x0113
mem[X,0x80003E6A] -> 0x8001
[3999] [M]: 0x80003E68 (0x80010113) addi sp, sp, 2048
x2 <- 0x00000800


clint::tick mtime <- 0x0000000000000028
 clint timer pending at mtime 0x0000000000000028
htif::tick 0x0000000000000000
mem[X,0x80003E6C] -> 0x81B3
mem[X,0x80003E6E] -> 0x0021
[4000] [M]: 0x80003E6C (0x002181B3) add gp, gp, sp
x3 <- 0x80008810


mem[X,0x80003E70] -> 0xAF07
mem[X,0x80003E72] -> 0x3A81
[4001] [M]: 0x80003E70 (0x3A81AF07) flw ft10, 936(gp)
mem[R,0x80008BB8] -> 0x0000FC00
f30 <- 0xFFFFFFFF0000FC00


mem[X,0x80003E74] -> 0x81B3
mem[X,0x80003E76] -> 0x4021
[4002] [M]: 0x80003E74 (0x402181B3) sub gp, gp, sp
x3 <- 0x80008010


mem[X,0x80003E78] -> 0x1137
mem[X,0x80003E7A] -> 0x0000
[4003] [M]: 0x80003E78 (0x00001137) lui sp, 1
x2 <- 0x00001000


mem[X,0x80003E7C] -> 0x0113
mem[X,0x80003E7E] -> 0x8001
[4004] [M]: 0x80003E7C (0x80010113) addi sp, sp, 2048
x2 <- 0x00000800


mem[X,0x80003E80] -> 0x81B3
mem[X,0x80003E82] -> 0x0021
[4005] [M]: 0x80003E80 (0x002181B3) add gp, gp, sp
x3 <- 0x80008810


mem[X,0x80003E84] -> 0xAE87
mem[X,0x80003E86] -> 0x3AC1
[4006] [M]: 0x80003E84 (0x3AC1AE87) flw ft9, 940(gp)
mem[R,0x80008BBC] -> 0x0000FBFF
f29 <- 0xFFFFFFFF0000FBFF


mem[X,0x80003E88] -> 0x81B3
mem[X,0x80003E8A] -> 0x4021
[4007] [M]: 0x80003E88 (0x402181B3) sub gp, gp, sp
x3 <- 0x80008010


mem[X,0x80003E8C] -> 0x0113
mem[X,0x80003E8E] -> 0x0000
[4008] [M]: 0x80003E8C (0x00000113) addi sp, zero, 0
x2 <- 0x00000000


mem[X,0x80003E90] -> 0x1073
mem[X,0x80003E92] -> 0x0031
[4009] [M]: 0x80003E90 (0x00311073) csrrw zero, fcsr, sp
CSR fcsr -> 0x00000000
CSR fcsr <- 0x00000000 (input: 0x00000000)


mem[X,0x80003E94] -> 0x7FD3
mem[X,0x80003E96] -> 0x05DF
[4010] [M]: 0x80003E94 (0x05DF7FD3) fadd.h ft11, ft10, ft9, dyn
f31 <- 0xFFFFFFFFFFFF7E00


mem[X,0x80003E98] -> 0x2273
mem[X,0x80003E9A] -> 0x0030
[4011] [M]: 0x80003E98 (0x00302273) csrrs tp, fcsr, zero
CSR fcsr -> 0x00000000
x4 <- 0x00000000


mem[X,0x80003E9C] -> 0xA427
mem[X,0x80003E9E] -> 0x3BF0
[4012] [M]: 0x80003E9C (0x3BF0A427) fsw ft11, 936(ra)
mem[0x80009FBC] <- 0xFFFF7E00


mem[X,0x80003EA0] -> 0xA623
mem[X,0x80003EA2] -> 0x3A40
[4013] [M]: 0x80003EA0 (0x3A40A623) sw tp, 940(ra)
mem[0x80009FC0] <- 0x00000000


mem[X,0x80003EA4] -> 0x1137
mem[X,0x80003EA6] -> 0x0000
[4014] [M]: 0x80003EA4 (0x00001137) lui sp, 1
x2 <- 0x00001000


mem[X,0x80003EA8] -> 0x0113
mem[X,0x80003EAA] -> 0x8001
[4015] [M]: 0x80003EA8 (0x80010113) addi sp, sp, 2048
x2 <- 0x00000800


mem[X,0x80003EAC] -> 0x81B3
mem[X,0x80003EAE] -> 0x0021
[4016] [M]: 0x80003EAC (0x002181B3) add gp, gp, sp
x3 <- 0x80008810


mem[X,0x80003EB0] -> 0xAF07
mem[X,0x80003EB2] -> 0x3B01
[4017] [M]: 0x80003EB0 (0x3B01AF07) flw ft10, 944(gp)
mem[R,0x80008BC0] -> 0x0000FC00
f30 <- 0xFFFFFFFF0000FC00


mem[X,0x80003EB4] -> 0x81B3
mem[X,0x80003EB6] -> 0x4021
[4018] [M]: 0x80003EB4 (0x402181B3) sub gp, gp, sp
x3 <- 0x80008010


mem[X,0x80003EB8] -> 0x1137
mem[X,0x80003EBA] -> 0x0000
[4019] [M]: 0x80003EB8 (0x00001137) lui sp, 1
x2 <- 0x00001000


mem[X,0x80003EBC] -> 0x0113
mem[X,0x80003EBE] -> 0x8001
[4020] [M]: 0x80003EBC (0x80010113) addi sp, sp, 2048
x2 <- 0x00000800


mem[X,0x80003EC0] -> 0x81B3
mem[X,0x80003EC2] -> 0x0021
[4021] [M]: 0x80003EC0 (0x002181B3) add gp, gp, sp
x3 <- 0x80008810


mem[X,0x80003EC4] -> 0xAE87
mem[X,0x80003EC6] -> 0x3B41
[4022] [M]: 0x80003EC4 (0x3B41AE87) flw ft9, 948(gp)
mem[R,0x80008BC4] -> 0x00007C00
f29 <- 0xFFFFFFFF00007C00


mem[X,0x80003EC8] -> 0x81B3
mem[X,0x80003ECA] -> 0x4021
[4023] [M]: 0x80003EC8 (0x402181B3) sub gp, gp, sp
x3 <- 0x80008010


mem[X,0x80003ECC] -> 0x0113
mem[X,0x80003ECE] -> 0x0000
[4024] [M]: 0x80003ECC (0x00000113) addi sp, zero, 0
x2 <- 0x00000000


mem[X,0x80003ED0] -> 0x1073
mem[X,0x80003ED2] -> 0x0031
[4025] [M]: 0x80003ED0 (0x00311073) csrrw zero, fcsr, sp
CSR fcsr -> 0x00000000
CSR fcsr <- 0x00000000 (input: 0x00000000)


mem[X,0x80003ED4] -> 0x7FD3
mem[X,0x80003ED6] -> 0x05DF
[4026] [M]: 0x80003ED4 (0x05DF7FD3) fadd.h ft11, ft10, ft9, dyn
f31 <- 0xFFFFFFFFFFFF7E00


mem[X,0x80003ED8] -> 0x2273
mem[X,0x80003EDA] -> 0x0030
[4027] [M]: 0x80003ED8 (0x00302273) csrrs tp, fcsr, zero
CSR fcsr -> 0x00000000
x4 <- 0x00000000


mem[X,0x80003EDC] -> 0xA827
mem[X,0x80003EDE] -> 0x3BF0
[4028] [M]: 0x80003EDC (0x3BF0A827) fsw ft11, 944(ra)
mem[0x80009FC4] <- 0xFFFF7E00


mem[X,0x80003EE0] -> 0xAA23
mem[X,0x80003EE2] -> 0x3A40
[4029] [M]: 0x80003EE0 (0x3A40AA23) sw tp, 948(ra)
mem[0x80009FC8] <- 0x00000000


mem[X,0x80003EE4] -> 0x1137
mem[X,0x80003EE6] -> 0x0000
[4030] [M]: 0x80003EE4 (0x00001137) lui sp, 1
x2 <- 0x00001000


mem[X,0x80003EE8] -> 0x0113
mem[X,0x80003EEA] -> 0x8001
[4031] [M]: 0x80003EE8 (0x80010113) addi sp, sp, 2048
x2 <- 0x00000800


mem[X,0x80003EEC] -> 0x81B3
mem[X,0x80003EEE] -> 0x0021
[4032] [M]: 0x80003EEC (0x002181B3) add gp, gp, sp
x3 <- 0x80008810


mem[X,0x80003EF0] -> 0xAF07
mem[X,0x80003EF2] -> 0x3B81
[4033] [M]: 0x80003EF0 (0x3B81AF07) flw ft10, 952(gp)
mem[R,0x80008BC8] -> 0x0000FC00
f30 <- 0xFFFFFFFF0000FC00


mem[X,0x80003EF4] -> 0x81B3
mem[X,0x80003EF6] -> 0x4021
[4034] [M]: 0x80003EF4 (0x402181B3) sub gp, gp, sp
x3 <- 0x80008010


mem[X,0x80003EF8] -> 0x1137
mem[X,0x80003EFA] -> 0x0000
[4035] [M]: 0x80003EF8 (0x00001137) lui sp, 1
x2 <- 0x00001000


mem[X,0x80003EFC] -> 0x0113
mem[X,0x80003EFE] -> 0x8001
[4036] [M]: 0x80003EFC (0x80010113) addi sp, sp, 2048
x2 <- 0x00000800


mem[X,0x80003F00] -> 0x81B3
mem[X,0x80003F02] -> 0x0021
[4037] [M]: 0x80003F00 (0x002181B3) add gp, gp, sp
x3 <- 0x80008810


mem[X,0x80003F04] -> 0xAE87
mem[X,0x80003F06] -> 0x3BC1
[4038] [M]: 0x80003F04 (0x3BC1AE87) flw ft9, 956(gp)
mem[R,0x80008BCC] -> 0x0000FC00
f29 <- 0xFFFFFFFF0000FC00


mem[X,0x80003F08] -> 0x81B3
mem[X,0x80003F0A] -> 0x4021
[4039] [M]: 0x80003F08 (0x402181B3) sub gp, gp, sp
x3 <- 0x80008010


mem[X,0x80003F0C] -> 0x0113
mem[X,0x80003F0E] -> 0x0000
[4040] [M]: 0x80003F0C (0x00000113) addi sp, zero, 0
x2 <- 0x00000000


mem[X,0x80003F10] -> 0x1073
mem[X,0x80003F12] -> 0x0031
[4041] [M]: 0x80003F10 (0x00311073) csrrw zero, fcsr, sp
CSR fcsr -> 0x00000000
CSR fcsr <- 0x00000000 (input: 0x00000000)


mem[X,0x80003F14] -> 0x7FD3
mem[X,0x80003F16] -> 0x05DF
[4042] [M]: 0x80003F14 (0x05DF7FD3) fadd.h ft11, ft10, ft9, dyn
f31 <- 0xFFFFFFFFFFFF7E00


mem[X,0x80003F18] -> 0x2273
mem[X,0x80003F1A] -> 0x0030
[4043] [M]: 0x80003F18 (0x00302273) csrrs tp, fcsr, zero
CSR fcsr -> 0x00000000
x4 <- 0x00000000


mem[X,0x80003F1C] -> 0xAC27
mem[X,0x80003F1E] -> 0x3BF0
[4044] [M]: 0x80003F1C (0x3BF0AC27) fsw ft11, 952(ra)
mem[0x80009FCC] <- 0xFFFF7E00


mem[X,0x80003F20] -> 0xAE23
mem[X,0x80003F22] -> 0x3A40
[4045] [M]: 0x80003F20 (0x3A40AE23) sw tp, 956(ra)
mem[0x80009FD0] <- 0x00000000


mem[X,0x80003F24] -> 0x1137
mem[X,0x80003F26] -> 0x0000
[4046] [M]: 0x80003F24 (0x00001137) lui sp, 1
x2 <- 0x00001000


mem[X,0x80003F28] -> 0x0113
mem[X,0x80003F2A] -> 0x8001
[4047] [M]: 0x80003F28 (0x80010113) addi sp, sp, 2048
x2 <- 0x00000800


mem[X,0x80003F2C] -> 0x81B3
mem[X,0x80003F2E] -> 0x0021
[4048] [M]: 0x80003F2C (0x002181B3) add gp, gp, sp
x3 <- 0x80008810


mem[X,0x80003F30] -> 0xAF07
mem[X,0x80003F32] -> 0x3C01
[4049] [M]: 0x80003F30 (0x3C01AF07) flw ft10, 960(gp)
mem[R,0x80008BD0] -> 0x0000FC00
f30 <- 0xFFFFFFFF0000FC00


mem[X,0x80003F34] -> 0x81B3
mem[X,0x80003F36] -> 0x4021
[4050] [M]: 0x80003F34 (0x402181B3) sub gp, gp, sp
x3 <- 0x80008010


mem[X,0x80003F38] -> 0x1137
mem[X,0x80003F3A] -> 0x0000
[4051] [M]: 0x80003F38 (0x00001137) lui sp, 1
x2 <- 0x00001000


mem[X,0x80003F3C] -> 0x0113
mem[X,0x80003F3E] -> 0x8001
[4052] [M]: 0x80003F3C (0x80010113) addi sp, sp, 2048
x2 <- 0x00000800


mem[X,0x80003F40] -> 0x81B3
mem[X,0x80003F42] -> 0x0021
[4053] [M]: 0x80003F40 (0x002181B3) add gp, gp, sp
x3 <- 0x80008810


mem[X,0x80003F44] -> 0xAE87
mem[X,0x80003F46] -> 0x3C41
[4054] [M]: 0x80003F44 (0x3C41AE87) flw ft9, 964(gp)
mem[R,0x80008BD4] -> 0x00007E00
f29 <- 0xFFFFFFFF00007E00


mem[X,0x80003F48] -> 0x81B3
mem[X,0x80003F4A] -> 0x4021
[4055] [M]: 0x80003F48 (0x402181B3) sub gp, gp, sp
x3 <- 0x80008010


mem[X,0x80003F4C] -> 0x0113
mem[X,0x80003F4E] -> 0x0000
[4056] [M]: 0x80003F4C (0x00000113) addi sp, zero, 0
x2 <- 0x00000000


mem[X,0x80003F50] -> 0x1073
mem[X,0x80003F52] -> 0x0031
[4057] [M]: 0x80003F50 (0x00311073) csrrw zero, fcsr, sp
CSR fcsr -> 0x00000000
CSR fcsr <- 0x00000000 (input: 0x00000000)


mem[X,0x80003F54] -> 0x7FD3
mem[X,0x80003F56] -> 0x05DF
[4058] [M]: 0x80003F54 (0x05DF7FD3) fadd.h ft11, ft10, ft9, dyn
f31 <- 0xFFFFFFFFFFFF7E00


mem[X,0x80003F58] -> 0x2273
mem[X,0x80003F5A] -> 0x0030
[4059] [M]: 0x80003F58 (0x00302273) csrrs tp, fcsr, zero
CSR fcsr -> 0x00000000
x4 <- 0x00000000


mem[X,0x80003F5C] -> 0xA027
mem[X,0x80003F5E] -> 0x3DF0
[4060] [M]: 0x80003F5C (0x3DF0A027) fsw ft11, 960(ra)
mem[0x80009FD4] <- 0xFFFF7E00


mem[X,0x80003F60] -> 0xA223
mem[X,0x80003F62] -> 0x3C40
[4061] [M]: 0x80003F60 (0x3C40A223) sw tp, 964(ra)
mem[0x80009FD8] <- 0x00000000


mem[X,0x80003F64] -> 0x1137
mem[X,0x80003F66] -> 0x0000
[4062] [M]: 0x80003F64 (0x00001137) lui sp, 1
x2 <- 0x00001000


mem[X,0x80003F68] -> 0x0113
mem[X,0x80003F6A] -> 0x8001
[4063] [M]: 0x80003F68 (0x80010113) addi sp, sp, 2048
x2 <- 0x00000800


mem[X,0x80003F6C] -> 0x81B3
mem[X,0x80003F6E] -> 0x0021
[4064] [M]: 0x80003F6C (0x002181B3) add gp, gp, sp
x3 <- 0x80008810


mem[X,0x80003F70] -> 0xAF07
mem[X,0x80003F72] -> 0x3C81
[4065] [M]: 0x80003F70 (0x3C81AF07) flw ft10, 968(gp)
mem[R,0x80008BD8] -> 0x0000FC00
f30 <- 0xFFFFFFFF0000FC00


mem[X,0x80003F74] -> 0x81B3
mem[X,0x80003F76] -> 0x4021
[4066] [M]: 0x80003F74 (0x402181B3) sub gp, gp, sp
x3 <- 0x80008010


mem[X,0x80003F78] -> 0x1137
mem[X,0x80003F7A] -> 0x0000
[4067] [M]: 0x80003F78 (0x00001137) lui sp, 1
x2 <- 0x00001000


mem[X,0x80003F7C] -> 0x0113
mem[X,0x80003F7E] -> 0x8001
[4068] [M]: 0x80003F7C (0x80010113) addi sp, sp, 2048
x2 <- 0x00000800


mem[X,0x80003F80] -> 0x81B3
mem[X,0x80003F82] -> 0x0021
[4069] [M]: 0x80003F80 (0x002181B3) add gp, gp, sp
x3 <- 0x80008810


mem[X,0x80003F84] -> 0xAE87
mem[X,0x80003F86] -> 0x3CC1
[4070] [M]: 0x80003F84 (0x3CC1AE87) flw ft9, 972(gp)
mem[R,0x80008BDC] -> 0x0000FE00
f29 <- 0xFFFFFFFF0000FE00


mem[X,0x80003F88] -> 0x81B3
mem[X,0x80003F8A] -> 0x4021
[4071] [M]: 0x80003F88 (0x402181B3) sub gp, gp, sp
x3 <- 0x80008010


mem[X,0x80003F8C] -> 0x0113
mem[X,0x80003F8E] -> 0x0000
[4072] [M]: 0x80003F8C (0x00000113) addi sp, zero, 0
x2 <- 0x00000000


mem[X,0x80003F90] -> 0x1073
mem[X,0x80003F92] -> 0x0031
[4073] [M]: 0x80003F90 (0x00311073) csrrw zero, fcsr, sp
CSR fcsr -> 0x00000000
CSR fcsr <- 0x00000000 (input: 0x00000000)


mem[X,0x80003F94] -> 0x7FD3
mem[X,0x80003F96] -> 0x05DF
[4074] [M]: 0x80003F94 (0x05DF7FD3) fadd.h ft11, ft10, ft9, dyn
f31 <- 0xFFFFFFFFFFFF7E00


mem[X,0x80003F98] -> 0x2273
mem[X,0x80003F9A] -> 0x0030
[4075] [M]: 0x80003F98 (0x00302273) csrrs tp, fcsr, zero
CSR fcsr -> 0x00000000
x4 <- 0x00000000


mem[X,0x80003F9C] -> 0xA427
mem[X,0x80003F9E] -> 0x3DF0
[4076] [M]: 0x80003F9C (0x3DF0A427) fsw ft11, 968(ra)
mem[0x80009FDC] <- 0xFFFF7E00


mem[X,0x80003FA0] -> 0xA623
mem[X,0x80003FA2] -> 0x3C40
[4077] [M]: 0x80003FA0 (0x3C40A623) sw tp, 972(ra)
mem[0x80009FE0] <- 0x00000000


mem[X,0x80003FA4] -> 0x1137
mem[X,0x80003FA6] -> 0x0000
[4078] [M]: 0x80003FA4 (0x00001137) lui sp, 1
x2 <- 0x00001000


mem[X,0x80003FA8] -> 0x0113
mem[X,0x80003FAA] -> 0x8001
[4079] [M]: 0x80003FA8 (0x80010113) addi sp, sp, 2048
x2 <- 0x00000800


mem[X,0x80003FAC] -> 0x81B3
mem[X,0x80003FAE] -> 0x0021
[4080] [M]: 0x80003FAC (0x002181B3) add gp, gp, sp
x3 <- 0x80008810


mem[X,0x80003FB0] -> 0xAF07
mem[X,0x80003FB2] -> 0x3D01
[4081] [M]: 0x80003FB0 (0x3D01AF07) flw ft10, 976(gp)
mem[R,0x80008BE0] -> 0x0000FC00
f30 <- 0xFFFFFFFF0000FC00


mem[X,0x80003FB4] -> 0x81B3
mem[X,0x80003FB6] -> 0x4021
[4082] [M]: 0x80003FB4 (0x402181B3) sub gp, gp, sp
x3 <- 0x80008010


mem[X,0x80003FB8] -> 0x1137
mem[X,0x80003FBA] -> 0x0000
[4083] [M]: 0x80003FB8 (0x00001137) lui sp, 1
x2 <- 0x00001000


mem[X,0x80003FBC] -> 0x0113
mem[X,0x80003FBE] -> 0x8001
[4084] [M]: 0x80003FBC (0x80010113) addi sp, sp, 2048
x2 <- 0x00000800


mem[X,0x80003FC0] -> 0x81B3
mem[X,0x80003FC2] -> 0x0021
[4085] [M]: 0x80003FC0 (0x002181B3) add gp, gp, sp
x3 <- 0x80008810


mem[X,0x80003FC4] -> 0xAE87
mem[X,0x80003FC6] -> 0x3D41
[4086] [M]: 0x80003FC4 (0x3D41AE87) flw ft9, 980(gp)
mem[R,0x80008BE4] -> 0x00007E01
f29 <- 0xFFFFFFFF00007E01


mem[X,0x80003FC8] -> 0x81B3
mem[X,0x80003FCA] -> 0x4021
[4087] [M]: 0x80003FC8 (0x402181B3) sub gp, gp, sp
x3 <- 0x80008010


mem[X,0x80003FCC] -> 0x0113
mem[X,0x80003FCE] -> 0x0000
[4088] [M]: 0x80003FCC (0x00000113) addi sp, zero, 0
x2 <- 0x00000000


mem[X,0x80003FD0] -> 0x1073
mem[X,0x80003FD2] -> 0x0031
[4089] [M]: 0x80003FD0 (0x00311073) csrrw zero, fcsr, sp
CSR fcsr -> 0x00000000
CSR fcsr <- 0x00000000 (input: 0x00000000)


mem[X,0x80003FD4] -> 0x7FD3
mem[X,0x80003FD6] -> 0x05DF
[4090] [M]: 0x80003FD4 (0x05DF7FD3) fadd.h ft11, ft10, ft9, dyn
f31 <- 0xFFFFFFFFFFFF7E00


mem[X,0x80003FD8] -> 0x2273
mem[X,0x80003FDA] -> 0x0030
[4091] [M]: 0x80003FD8 (0x00302273) csrrs tp, fcsr, zero
CSR fcsr -> 0x00000000
x4 <- 0x00000000


mem[X,0x80003FDC] -> 0xA827
mem[X,0x80003FDE] -> 0x3DF0
[4092] [M]: 0x80003FDC (0x3DF0A827) fsw ft11, 976(ra)
mem[0x80009FE4] <- 0xFFFF7E00


mem[X,0x80003FE0] -> 0xAA23
mem[X,0x80003FE2] -> 0x3C40
[4093] [M]: 0x80003FE0 (0x3C40AA23) sw tp, 980(ra)
mem[0x80009FE8] <- 0x00000000


mem[X,0x80003FE4] -> 0x1137
mem[X,0x80003FE6] -> 0x0000
[4094] [M]: 0x80003FE4 (0x00001137) lui sp, 1
x2 <- 0x00001000


mem[X,0x80003FE8] -> 0x0113
mem[X,0x80003FEA] -> 0x8001
[4095] [M]: 0x80003FE8 (0x80010113) addi sp, sp, 2048
x2 <- 0x00000800


mem[X,0x80003FEC] -> 0x81B3
mem[X,0x80003FEE] -> 0x0021
[4096] [M]: 0x80003FEC (0x002181B3) add gp, gp, sp
x3 <- 0x80008810


mem[X,0x80003FF0] -> 0xAF07
mem[X,0x80003FF2] -> 0x3D81
[4097] [M]: 0x80003FF0 (0x3D81AF07) flw ft10, 984(gp)
mem[R,0x80008BE8] -> 0x0000FC00
f30 <- 0xFFFFFFFF0000FC00


mem[X,0x80003FF4] -> 0x81B3
mem[X,0x80003FF6] -> 0x4021
[4098] [M]: 0x80003FF4 (0x402181B3) sub gp, gp, sp
x3 <- 0x80008010


mem[X,0x80003FF8] -> 0x1137
mem[X,0x80003FFA] -> 0x0000
[4099] [M]: 0x80003FF8 (0x00001137) lui sp, 1
x2 <- 0x00001000


clint::tick mtime <- 0x0000000000000029
 clint timer pending at mtime 0x0000000000000029
htif::tick 0x0000000000000000
mem[X,0x80003FFC] -> 0x0113
mem[X,0x80003FFE] -> 0x8001
[4100] [M]: 0x80003FFC (0x80010113) addi sp, sp, 2048
x2 <- 0x00000800


mem[X,0x80004000] -> 0x81B3
mem[X,0x80004002] -> 0x0021
[4101] [M]: 0x80004000 (0x002181B3) add gp, gp, sp
x3 <- 0x80008810


mem[X,0x80004004] -> 0xAE87
mem[X,0x80004006] -> 0x3DC1
[4102] [M]: 0x80004004 (0x3DC1AE87) flw ft9, 988(gp)
mem[R,0x80008BEC] -> 0x0000FE55
f29 <- 0xFFFFFFFF0000FE55


mem[X,0x80004008] -> 0x81B3
mem[X,0x8000400A] -> 0x4021
[4103] [M]: 0x80004008 (0x402181B3) sub gp, gp, sp
x3 <- 0x80008010


mem[X,0x8000400C] -> 0x0113
mem[X,0x8000400E] -> 0x0000
[4104] [M]: 0x8000400C (0x00000113) addi sp, zero, 0
x2 <- 0x00000000


mem[X,0x80004010] -> 0x1073
mem[X,0x80004012] -> 0x0031
[4105] [M]: 0x80004010 (0x00311073) csrrw zero, fcsr, sp
CSR fcsr -> 0x00000000
CSR fcsr <- 0x00000000 (input: 0x00000000)


mem[X,0x80004014] -> 0x7FD3
mem[X,0x80004016] -> 0x05DF
[4106] [M]: 0x80004014 (0x05DF7FD3) fadd.h ft11, ft10, ft9, dyn
f31 <- 0xFFFFFFFFFFFF7E00


mem[X,0x80004018] -> 0x2273
mem[X,0x8000401A] -> 0x0030
[4107] [M]: 0x80004018 (0x00302273) csrrs tp, fcsr, zero
CSR fcsr -> 0x00000000
x4 <- 0x00000000


mem[X,0x8000401C] -> 0xAC27
mem[X,0x8000401E] -> 0x3DF0
[4108] [M]: 0x8000401C (0x3DF0AC27) fsw ft11, 984(ra)
mem[0x80009FEC] <- 0xFFFF7E00


mem[X,0x80004020] -> 0xAE23
mem[X,0x80004022] -> 0x3C40
[4109] [M]: 0x80004020 (0x3C40AE23) sw tp, 988(ra)
mem[0x80009FF0] <- 0x00000000


mem[X,0x80004024] -> 0x1137
mem[X,0x80004026] -> 0x0000
[4110] [M]: 0x80004024 (0x00001137) lui sp, 1
x2 <- 0x00001000


mem[X,0x80004028] -> 0x0113
mem[X,0x8000402A] -> 0x8001
[4111] [M]: 0x80004028 (0x80010113) addi sp, sp, 2048
x2 <- 0x00000800


mem[X,0x8000402C] -> 0x81B3
mem[X,0x8000402E] -> 0x0021
[4112] [M]: 0x8000402C (0x002181B3) add gp, gp, sp
x3 <- 0x80008810


mem[X,0x80004030] -> 0xAF07
mem[X,0x80004032] -> 0x3E01
[4113] [M]: 0x80004030 (0x3E01AF07) flw ft10, 992(gp)
mem[R,0x80008BF0] -> 0x0000FC00
f30 <- 0xFFFFFFFF0000FC00


mem[X,0x80004034] -> 0x81B3
mem[X,0x80004036] -> 0x4021
[4114] [M]: 0x80004034 (0x402181B3) sub gp, gp, sp
x3 <- 0x80008010


mem[X,0x80004038] -> 0x1137
mem[X,0x8000403A] -> 0x0000
[4115] [M]: 0x80004038 (0x00001137) lui sp, 1
x2 <- 0x00001000


mem[X,0x8000403C] -> 0x0113
mem[X,0x8000403E] -> 0x8001
[4116] [M]: 0x8000403C (0x80010113) addi sp, sp, 2048
x2 <- 0x00000800


mem[X,0x80004040] -> 0x81B3
mem[X,0x80004042] -> 0x0021
[4117] [M]: 0x80004040 (0x002181B3) add gp, gp, sp
x3 <- 0x80008810


mem[X,0x80004044] -> 0xAE87
mem[X,0x80004046] -> 0x3E41
[4118] [M]: 0x80004044 (0x3E41AE87) flw ft9, 996(gp)
mem[R,0x80008BF4] -> 0x00007C01
f29 <- 0xFFFFFFFF00007C01


mem[X,0x80004048] -> 0x81B3
mem[X,0x8000404A] -> 0x4021
[4119] [M]: 0x80004048 (0x402181B3) sub gp, gp, sp
x3 <- 0x80008010


mem[X,0x8000404C] -> 0x0113
mem[X,0x8000404E] -> 0x0000
[4120] [M]: 0x8000404C (0x00000113) addi sp, zero, 0
x2 <- 0x00000000


mem[X,0x80004050] -> 0x1073
mem[X,0x80004052] -> 0x0031
[4121] [M]: 0x80004050 (0x00311073) csrrw zero, fcsr, sp
CSR fcsr -> 0x00000000
CSR fcsr <- 0x00000000 (input: 0x00000000)


mem[X,0x80004054] -> 0x7FD3
mem[X,0x80004056] -> 0x05DF
[4122] [M]: 0x80004054 (0x05DF7FD3) fadd.h ft11, ft10, ft9, dyn
f31 <- 0xFFFFFFFFFFFF7E00


mem[X,0x80004058] -> 0x2273
mem[X,0x8000405A] -> 0x0030
[4123] [M]: 0x80004058 (0x00302273) csrrs tp, fcsr, zero
CSR fcsr -> 0x00000000
x4 <- 0x00000000


mem[X,0x8000405C] -> 0xA027
mem[X,0x8000405E] -> 0x3FF0
[4124] [M]: 0x8000405C (0x3FF0A027) fsw ft11, 992(ra)
mem[0x80009FF4] <- 0xFFFF7E00


mem[X,0x80004060] -> 0xA223
mem[X,0x80004062] -> 0x3E40
[4125] [M]: 0x80004060 (0x3E40A223) sw tp, 996(ra)
mem[0x80009FF8] <- 0x00000000


mem[X,0x80004064] -> 0x1137
mem[X,0x80004066] -> 0x0000
[4126] [M]: 0x80004064 (0x00001137) lui sp, 1
x2 <- 0x00001000


mem[X,0x80004068] -> 0x0113
mem[X,0x8000406A] -> 0x8001
[4127] [M]: 0x80004068 (0x80010113) addi sp, sp, 2048
x2 <- 0x00000800


mem[X,0x8000406C] -> 0x81B3
mem[X,0x8000406E] -> 0x0021
[4128] [M]: 0x8000406C (0x002181B3) add gp, gp, sp
x3 <- 0x80008810


mem[X,0x80004070] -> 0xAF07
mem[X,0x80004072] -> 0x3E81
[4129] [M]: 0x80004070 (0x3E81AF07) flw ft10, 1000(gp)
mem[R,0x80008BF8] -> 0x0000FC00
f30 <- 0xFFFFFFFF0000FC00


mem[X,0x80004074] -> 0x81B3
mem[X,0x80004076] -> 0x4021
[4130] [M]: 0x80004074 (0x402181B3) sub gp, gp, sp
x3 <- 0x80008010


mem[X,0x80004078] -> 0x1137
mem[X,0x8000407A] -> 0x0000
[4131] [M]: 0x80004078 (0x00001137) lui sp, 1
x2 <- 0x00001000


mem[X,0x8000407C] -> 0x0113
mem[X,0x8000407E] -> 0x8001
[4132] [M]: 0x8000407C (0x80010113) addi sp, sp, 2048
x2 <- 0x00000800


mem[X,0x80004080] -> 0x81B3
mem[X,0x80004082] -> 0x0021
[4133] [M]: 0x80004080 (0x002181B3) add gp, gp, sp
x3 <- 0x80008810


mem[X,0x80004084] -> 0xAE87
mem[X,0x80004086] -> 0x3EC1
[4134] [M]: 0x80004084 (0x3EC1AE87) flw ft9, 1004(gp)
mem[R,0x80008BFC] -> 0x0000FD55
f29 <- 0xFFFFFFFF0000FD55


mem[X,0x80004088] -> 0x81B3
mem[X,0x8000408A] -> 0x4021
[4135] [M]: 0x80004088 (0x402181B3) sub gp, gp, sp
x3 <- 0x80008010


mem[X,0x8000408C] -> 0x0113
mem[X,0x8000408E] -> 0x0000
[4136] [M]: 0x8000408C (0x00000113) addi sp, zero, 0
x2 <- 0x00000000


mem[X,0x80004090] -> 0x1073
mem[X,0x80004092] -> 0x0031
[4137] [M]: 0x80004090 (0x00311073) csrrw zero, fcsr, sp
CSR fcsr -> 0x00000000
CSR fcsr <- 0x00000000 (input: 0x00000000)


mem[X,0x80004094] -> 0x7FD3
mem[X,0x80004096] -> 0x05DF
[4138] [M]: 0x80004094 (0x05DF7FD3) fadd.h ft11, ft10, ft9, dyn
f31 <- 0xFFFFFFFFFFFF7E00


mem[X,0x80004098] -> 0x2273
mem[X,0x8000409A] -> 0x0030
[4139] [M]: 0x80004098 (0x00302273) csrrs tp, fcsr, zero
CSR fcsr -> 0x00000000
x4 <- 0x00000000


mem[X,0x8000409C] -> 0xA427
mem[X,0x8000409E] -> 0x3FF0
[4140] [M]: 0x8000409C (0x3FF0A427) fsw ft11, 1000(ra)
mem[0x80009FFC] <- 0xFFFF7E00


mem[X,0x800040A0] -> 0xA623
mem[X,0x800040A2] -> 0x3E40
[4141] [M]: 0x800040A0 (0x3E40A623) sw tp, 1004(ra)
mem[0x8000A000] <- 0x00000000


mem[X,0x800040A4] -> 0x1137
mem[X,0x800040A6] -> 0x0000
[4142] [M]: 0x800040A4 (0x00001137) lui sp, 1
x2 <- 0x00001000


mem[X,0x800040A8] -> 0x0113
mem[X,0x800040AA] -> 0x8001
[4143] [M]: 0x800040A8 (0x80010113) addi sp, sp, 2048
x2 <- 0x00000800


mem[X,0x800040AC] -> 0x81B3
mem[X,0x800040AE] -> 0x0021
[4144] [M]: 0x800040AC (0x002181B3) add gp, gp, sp
x3 <- 0x80008810


mem[X,0x800040B0] -> 0xAF07
mem[X,0x800040B2] -> 0x3F01
[4145] [M]: 0x800040B0 (0x3F01AF07) flw ft10, 1008(gp)
mem[R,0x80008C00] -> 0x0000FC00
f30 <- 0xFFFFFFFF0000FC00


mem[X,0x800040B4] -> 0x81B3
mem[X,0x800040B6] -> 0x4021
[4146] [M]: 0x800040B4 (0x402181B3) sub gp, gp, sp
x3 <- 0x80008010


mem[X,0x800040B8] -> 0x1137
mem[X,0x800040BA] -> 0x0000
[4147] [M]: 0x800040B8 (0x00001137) lui sp, 1
x2 <- 0x00001000


mem[X,0x800040BC] -> 0x0113
mem[X,0x800040BE] -> 0x8001
[4148] [M]: 0x800040BC (0x80010113) addi sp, sp, 2048
x2 <- 0x00000800


mem[X,0x800040C0] -> 0x81B3
mem[X,0x800040C2] -> 0x0021
[4149] [M]: 0x800040C0 (0x002181B3) add gp, gp, sp
x3 <- 0x80008810


mem[X,0x800040C4] -> 0xAE87
mem[X,0x800040C6] -> 0x3F41
[4150] [M]: 0x800040C4 (0x3F41AE87) flw ft9, 1012(gp)
mem[R,0x80008C04] -> 0x00003C00
f29 <- 0xFFFFFFFF00003C00


mem[X,0x800040C8] -> 0x81B3
mem[X,0x800040CA] -> 0x4021
[4151] [M]: 0x800040C8 (0x402181B3) sub gp, gp, sp
x3 <- 0x80008010


mem[X,0x800040CC] -> 0x0113
mem[X,0x800040CE] -> 0x0000
[4152] [M]: 0x800040CC (0x00000113) addi sp, zero, 0
x2 <- 0x00000000


mem[X,0x800040D0] -> 0x1073
mem[X,0x800040D2] -> 0x0031
[4153] [M]: 0x800040D0 (0x00311073) csrrw zero, fcsr, sp
CSR fcsr -> 0x00000000
CSR fcsr <- 0x00000000 (input: 0x00000000)


mem[X,0x800040D4] -> 0x7FD3
mem[X,0x800040D6] -> 0x05DF
[4154] [M]: 0x800040D4 (0x05DF7FD3) fadd.h ft11, ft10, ft9, dyn
f31 <- 0xFFFFFFFFFFFF7E00


mem[X,0x800040D8] -> 0x2273
mem[X,0x800040DA] -> 0x0030
[4155] [M]: 0x800040D8 (0x00302273) csrrs tp, fcsr, zero
CSR fcsr -> 0x00000000
x4 <- 0x00000000


mem[X,0x800040DC] -> 0xA827
mem[X,0x800040DE] -> 0x3FF0
[4156] [M]: 0x800040DC (0x3FF0A827) fsw ft11, 1008(ra)
mem[0x8000A004] <- 0xFFFF7E00


mem[X,0x800040E0] -> 0xAA23
mem[X,0x800040E2] -> 0x3E40
[4157] [M]: 0x800040E0 (0x3E40AA23) sw tp, 1012(ra)
mem[0x8000A008] <- 0x00000000


mem[X,0x800040E4] -> 0x1137
mem[X,0x800040E6] -> 0x0000
[4158] [M]: 0x800040E4 (0x00001137) lui sp, 1
x2 <- 0x00001000


mem[X,0x800040E8] -> 0x0113
mem[X,0x800040EA] -> 0x8001
[4159] [M]: 0x800040E8 (0x80010113) addi sp, sp, 2048
x2 <- 0x00000800


mem[X,0x800040EC] -> 0x81B3
mem[X,0x800040EE] -> 0x0021
[4160] [M]: 0x800040EC (0x002181B3) add gp, gp, sp
x3 <- 0x80008810


mem[X,0x800040F0] -> 0xAF07
mem[X,0x800040F2] -> 0x3F81
[4161] [M]: 0x800040F0 (0x3F81AF07) flw ft10, 1016(gp)
mem[R,0x80008C08] -> 0x0000FC00
f30 <- 0xFFFFFFFF0000FC00


mem[X,0x800040F4] -> 0x81B3
mem[X,0x800040F6] -> 0x4021
[4162] [M]: 0x800040F4 (0x402181B3) sub gp, gp, sp
x3 <- 0x80008010


mem[X,0x800040F8] -> 0x1137
mem[X,0x800040FA] -> 0x0000
[4163] [M]: 0x800040F8 (0x00001137) lui sp, 1
x2 <- 0x00001000


mem[X,0x800040FC] -> 0x0113
mem[X,0x800040FE] -> 0x8001
[4164] [M]: 0x800040FC (0x80010113) addi sp, sp, 2048
x2 <- 0x00000800


mem[X,0x80004100] -> 0x81B3
mem[X,0x80004102] -> 0x0021
[4165] [M]: 0x80004100 (0x002181B3) add gp, gp, sp
x3 <- 0x80008810


mem[X,0x80004104] -> 0xAE87
mem[X,0x80004106] -> 0x3FC1
[4166] [M]: 0x80004104 (0x3FC1AE87) flw ft9, 1020(gp)
mem[R,0x80008C0C] -> 0x0000BC00
f29 <- 0xFFFFFFFF0000BC00


mem[X,0x80004108] -> 0x81B3
mem[X,0x8000410A] -> 0x4021
[4167] [M]: 0x80004108 (0x402181B3) sub gp, gp, sp
x3 <- 0x80008010


mem[X,0x8000410C] -> 0x0113
mem[X,0x8000410E] -> 0x0000
[4168] [M]: 0x8000410C (0x00000113) addi sp, zero, 0
x2 <- 0x00000000


mem[X,0x80004110] -> 0x1073
mem[X,0x80004112] -> 0x0031
[4169] [M]: 0x80004110 (0x00311073) csrrw zero, fcsr, sp
CSR fcsr -> 0x00000000
CSR fcsr <- 0x00000000 (input: 0x00000000)


mem[X,0x80004114] -> 0x7FD3
mem[X,0x80004116] -> 0x05DF
[4170] [M]: 0x80004114 (0x05DF7FD3) fadd.h ft11, ft10, ft9, dyn
f31 <- 0xFFFFFFFFFFFF7E00


mem[X,0x80004118] -> 0x2273
mem[X,0x8000411A] -> 0x0030
[4171] [M]: 0x80004118 (0x00302273) csrrs tp, fcsr, zero
CSR fcsr -> 0x00000000
x4 <- 0x00000000


mem[X,0x8000411C] -> 0xAC27
mem[X,0x8000411E] -> 0x3FF0
[4172] [M]: 0x8000411C (0x3FF0AC27) fsw ft11, 1016(ra)
mem[0x8000A00C] <- 0xFFFF7E00


mem[X,0x80004120] -> 0xAE23
mem[X,0x80004122] -> 0x3E40
[4173] [M]: 0x80004120 (0x3E40AE23) sw tp, 1020(ra)
mem[0x8000A010] <- 0x00000000


mem[X,0x80004124] -> 0x6097
mem[X,0x80004126] -> 0x0000
[4174] [M]: 0x80004124 (0x00006097) auipc ra, 6
x1 <- 0x8000A124


mem[X,0x80004128] -> 0x8093
mem[X,0x8000412A] -> 0xEF00
[4175] [M]: 0x80004128 (0xEF008093) addi ra, ra, 3824
x1 <- 0x8000A014


mem[X,0x8000412C] -> 0x1137
mem[X,0x8000412E] -> 0x0000
[4176] [M]: 0x8000412C (0x00001137) lui sp, 1
x2 <- 0x00001000


mem[X,0x80004130] -> 0x0113
mem[X,0x80004132] -> 0x8001
[4177] [M]: 0x80004130 (0x80010113) addi sp, sp, 2048
x2 <- 0x00000800


mem[X,0x80004134] -> 0x81B3
mem[X,0x80004136] -> 0x0021
[4178] [M]: 0x80004134 (0x002181B3) add gp, gp, sp
x3 <- 0x80008810


mem[X,0x80004138] -> 0xAF07
mem[X,0x8000413A] -> 0x4001
[4179] [M]: 0x80004138 (0x4001AF07) flw ft10, 1024(gp)
mem[R,0x80008C10] -> 0x00007E00
f30 <- 0xFFFFFFFF00007E00


mem[X,0x8000413C] -> 0x81B3
mem[X,0x8000413E] -> 0x4021
[4180] [M]: 0x8000413C (0x402181B3) sub gp, gp, sp
x3 <- 0x80008010


mem[X,0x80004140] -> 0x1137
mem[X,0x80004142] -> 0x0000
[4181] [M]: 0x80004140 (0x00001137) lui sp, 1
x2 <- 0x00001000


mem[X,0x80004144] -> 0x0113
mem[X,0x80004146] -> 0x8001
[4182] [M]: 0x80004144 (0x80010113) addi sp, sp, 2048
x2 <- 0x00000800


mem[X,0x80004148] -> 0x81B3
mem[X,0x8000414A] -> 0x0021
[4183] [M]: 0x80004148 (0x002181B3) add gp, gp, sp
x3 <- 0x80008810


mem[X,0x8000414C] -> 0xAE87
mem[X,0x8000414E] -> 0x4041
[4184] [M]: 0x8000414C (0x4041AE87) flw ft9, 1028(gp)
mem[R,0x80008C14] -> 0x00000000
f29 <- 0xFFFFFFFF00000000


mem[X,0x80004150] -> 0x81B3
mem[X,0x80004152] -> 0x4021
[4185] [M]: 0x80004150 (0x402181B3) sub gp, gp, sp
x3 <- 0x80008010


mem[X,0x80004154] -> 0x0113
mem[X,0x80004156] -> 0x0000
[4186] [M]: 0x80004154 (0x00000113) addi sp, zero, 0
x2 <- 0x00000000


mem[X,0x80004158] -> 0x1073
mem[X,0x8000415A] -> 0x0031
[4187] [M]: 0x80004158 (0x00311073) csrrw zero, fcsr, sp
CSR fcsr -> 0x00000000
CSR fcsr <- 0x00000000 (input: 0x00000000)


mem[X,0x8000415C] -> 0x7FD3
mem[X,0x8000415E] -> 0x05DF
[4188] [M]: 0x8000415C (0x05DF7FD3) fadd.h ft11, ft10, ft9, dyn
f31 <- 0xFFFFFFFFFFFF7E00


mem[X,0x80004160] -> 0x2273
mem[X,0x80004162] -> 0x0030
[4189] [M]: 0x80004160 (0x00302273) csrrs tp, fcsr, zero
CSR fcsr -> 0x00000000
x4 <- 0x00000000


mem[X,0x80004164] -> 0xA027
mem[X,0x80004166] -> 0x01F0
[4190] [M]: 0x80004164 (0x01F0A027) fsw ft11, 0(ra)
mem[0x8000A014] <- 0xFFFF7E00


mem[X,0x80004168] -> 0xA223
mem[X,0x8000416A] -> 0x0040
[4191] [M]: 0x80004168 (0x0040A223) sw tp, 4(ra)
mem[0x8000A018] <- 0x00000000


mem[X,0x8000416C] -> 0x1137
mem[X,0x8000416E] -> 0x0000
[4192] [M]: 0x8000416C (0x00001137) lui sp, 1
x2 <- 0x00001000


mem[X,0x80004170] -> 0x0113
mem[X,0x80004172] -> 0x8001
[4193] [M]: 0x80004170 (0x80010113) addi sp, sp, 2048
x2 <- 0x00000800


mem[X,0x80004174] -> 0x81B3
mem[X,0x80004176] -> 0x0021
[4194] [M]: 0x80004174 (0x002181B3) add gp, gp, sp
x3 <- 0x80008810


mem[X,0x80004178] -> 0xAF07
mem[X,0x8000417A] -> 0x4081
[4195] [M]: 0x80004178 (0x4081AF07) flw ft10, 1032(gp)
mem[R,0x80008C18] -> 0x00007E00
f30 <- 0xFFFFFFFF00007E00


mem[X,0x8000417C] -> 0x81B3
mem[X,0x8000417E] -> 0x4021
[4196] [M]: 0x8000417C (0x402181B3) sub gp, gp, sp
x3 <- 0x80008010


mem[X,0x80004180] -> 0x1137
mem[X,0x80004182] -> 0x0000
[4197] [M]: 0x80004180 (0x00001137) lui sp, 1
x2 <- 0x00001000


mem[X,0x80004184] -> 0x0113
mem[X,0x80004186] -> 0x8001
[4198] [M]: 0x80004184 (0x80010113) addi sp, sp, 2048
x2 <- 0x00000800


mem[X,0x80004188] -> 0x81B3
mem[X,0x8000418A] -> 0x0021
[4199] [M]: 0x80004188 (0x002181B3) add gp, gp, sp
x3 <- 0x80008810


clint::tick mtime <- 0x000000000000002A
 clint timer pending at mtime 0x000000000000002A
htif::tick 0x0000000000000000
mem[X,0x8000418C] -> 0xAE87
mem[X,0x8000418E] -> 0x40C1
[4200] [M]: 0x8000418C (0x40C1AE87) flw ft9, 1036(gp)
mem[R,0x80008C1C] -> 0x00008000
f29 <- 0xFFFFFFFF00008000


mem[X,0x80004190] -> 0x81B3
mem[X,0x80004192] -> 0x4021
[4201] [M]: 0x80004190 (0x402181B3) sub gp, gp, sp
x3 <- 0x80008010


mem[X,0x80004194] -> 0x0113
mem[X,0x80004196] -> 0x0000
[4202] [M]: 0x80004194 (0x00000113) addi sp, zero, 0
x2 <- 0x00000000


mem[X,0x80004198] -> 0x1073
mem[X,0x8000419A] -> 0x0031
[4203] [M]: 0x80004198 (0x00311073) csrrw zero, fcsr, sp
CSR fcsr -> 0x00000000
CSR fcsr <- 0x00000000 (input: 0x00000000)


mem[X,0x8000419C] -> 0x7FD3
mem[X,0x8000419E] -> 0x05DF
[4204] [M]: 0x8000419C (0x05DF7FD3) fadd.h ft11, ft10, ft9, dyn
f31 <- 0xFFFFFFFFFFFF7E00


mem[X,0x800041A0] -> 0x2273
mem[X,0x800041A2] -> 0x0030
[4205] [M]: 0x800041A0 (0x00302273) csrrs tp, fcsr, zero
CSR fcsr -> 0x00000000
x4 <- 0x00000000


mem[X,0x800041A4] -> 0xA427
mem[X,0x800041A6] -> 0x01F0
[4206] [M]: 0x800041A4 (0x01F0A427) fsw ft11, 8(ra)
mem[0x8000A01C] <- 0xFFFF7E00


mem[X,0x800041A8] -> 0xA623
mem[X,0x800041AA] -> 0x0040
[4207] [M]: 0x800041A8 (0x0040A623) sw tp, 12(ra)
mem[0x8000A020] <- 0x00000000


mem[X,0x800041AC] -> 0x1137
mem[X,0x800041AE] -> 0x0000
[4208] [M]: 0x800041AC (0x00001137) lui sp, 1
x2 <- 0x00001000


mem[X,0x800041B0] -> 0x0113
mem[X,0x800041B2] -> 0x8001
[4209] [M]: 0x800041B0 (0x80010113) addi sp, sp, 2048
x2 <- 0x00000800


mem[X,0x800041B4] -> 0x81B3
mem[X,0x800041B6] -> 0x0021
[4210] [M]: 0x800041B4 (0x002181B3) add gp, gp, sp
x3 <- 0x80008810


mem[X,0x800041B8] -> 0xAF07
mem[X,0x800041BA] -> 0x4101
[4211] [M]: 0x800041B8 (0x4101AF07) flw ft10, 1040(gp)
mem[R,0x80008C20] -> 0x00007E00
f30 <- 0xFFFFFFFF00007E00


mem[X,0x800041BC] -> 0x81B3
mem[X,0x800041BE] -> 0x4021
[4212] [M]: 0x800041BC (0x402181B3) sub gp, gp, sp
x3 <- 0x80008010


mem[X,0x800041C0] -> 0x1137
mem[X,0x800041C2] -> 0x0000
[4213] [M]: 0x800041C0 (0x00001137) lui sp, 1
x2 <- 0x00001000


mem[X,0x800041C4] -> 0x0113
mem[X,0x800041C6] -> 0x8001
[4214] [M]: 0x800041C4 (0x80010113) addi sp, sp, 2048
x2 <- 0x00000800


mem[X,0x800041C8] -> 0x81B3
mem[X,0x800041CA] -> 0x0021
[4215] [M]: 0x800041C8 (0x002181B3) add gp, gp, sp
x3 <- 0x80008810


mem[X,0x800041CC] -> 0xAE87
mem[X,0x800041CE] -> 0x4141
[4216] [M]: 0x800041CC (0x4141AE87) flw ft9, 1044(gp)
mem[R,0x80008C24] -> 0x00000001
f29 <- 0xFFFFFFFF00000001


mem[X,0x800041D0] -> 0x81B3
mem[X,0x800041D2] -> 0x4021
[4217] [M]: 0x800041D0 (0x402181B3) sub gp, gp, sp
x3 <- 0x80008010


mem[X,0x800041D4] -> 0x0113
mem[X,0x800041D6] -> 0x0000
[4218] [M]: 0x800041D4 (0x00000113) addi sp, zero, 0
x2 <- 0x00000000


mem[X,0x800041D8] -> 0x1073
mem[X,0x800041DA] -> 0x0031
[4219] [M]: 0x800041D8 (0x00311073) csrrw zero, fcsr, sp
CSR fcsr -> 0x00000000
CSR fcsr <- 0x00000000 (input: 0x00000000)


mem[X,0x800041DC] -> 0x7FD3
mem[X,0x800041DE] -> 0x05DF
[4220] [M]: 0x800041DC (0x05DF7FD3) fadd.h ft11, ft10, ft9, dyn
f31 <- 0xFFFFFFFFFFFF7E00


mem[X,0x800041E0] -> 0x2273
mem[X,0x800041E2] -> 0x0030
[4221] [M]: 0x800041E0 (0x00302273) csrrs tp, fcsr, zero
CSR fcsr -> 0x00000000
x4 <- 0x00000000


mem[X,0x800041E4] -> 0xA827
mem[X,0x800041E6] -> 0x01F0
[4222] [M]: 0x800041E4 (0x01F0A827) fsw ft11, 16(ra)
mem[0x8000A024] <- 0xFFFF7E00


mem[X,0x800041E8] -> 0xAA23
mem[X,0x800041EA] -> 0x0040
[4223] [M]: 0x800041E8 (0x0040AA23) sw tp, 20(ra)
mem[0x8000A028] <- 0x00000000


mem[X,0x800041EC] -> 0x1137
mem[X,0x800041EE] -> 0x0000
[4224] [M]: 0x800041EC (0x00001137) lui sp, 1
x2 <- 0x00001000


mem[X,0x800041F0] -> 0x0113
mem[X,0x800041F2] -> 0x8001
[4225] [M]: 0x800041F0 (0x80010113) addi sp, sp, 2048
x2 <- 0x00000800


mem[X,0x800041F4] -> 0x81B3
mem[X,0x800041F6] -> 0x0021
[4226] [M]: 0x800041F4 (0x002181B3) add gp, gp, sp
x3 <- 0x80008810


mem[X,0x800041F8] -> 0xAF07
mem[X,0x800041FA] -> 0x4181
[4227] [M]: 0x800041F8 (0x4181AF07) flw ft10, 1048(gp)
mem[R,0x80008C28] -> 0x00007E00
f30 <- 0xFFFFFFFF00007E00


mem[X,0x800041FC] -> 0x81B3
mem[X,0x800041FE] -> 0x4021
[4228] [M]: 0x800041FC (0x402181B3) sub gp, gp, sp
x3 <- 0x80008010


mem[X,0x80004200] -> 0x1137
mem[X,0x80004202] -> 0x0000
[4229] [M]: 0x80004200 (0x00001137) lui sp, 1
x2 <- 0x00001000


mem[X,0x80004204] -> 0x0113
mem[X,0x80004206] -> 0x8001
[4230] [M]: 0x80004204 (0x80010113) addi sp, sp, 2048
x2 <- 0x00000800


mem[X,0x80004208] -> 0x81B3
mem[X,0x8000420A] -> 0x0021
[4231] [M]: 0x80004208 (0x002181B3) add gp, gp, sp
x3 <- 0x80008810


mem[X,0x8000420C] -> 0xAE87
mem[X,0x8000420E] -> 0x41C1
[4232] [M]: 0x8000420C (0x41C1AE87) flw ft9, 1052(gp)
mem[R,0x80008C2C] -> 0x00008001
f29 <- 0xFFFFFFFF00008001


mem[X,0x80004210] -> 0x81B3
mem[X,0x80004212] -> 0x4021
[4233] [M]: 0x80004210 (0x402181B3) sub gp, gp, sp
x3 <- 0x80008010


mem[X,0x80004214] -> 0x0113
mem[X,0x80004216] -> 0x0000
[4234] [M]: 0x80004214 (0x00000113) addi sp, zero, 0
x2 <- 0x00000000


mem[X,0x80004218] -> 0x1073
mem[X,0x8000421A] -> 0x0031
[4235] [M]: 0x80004218 (0x00311073) csrrw zero, fcsr, sp
CSR fcsr -> 0x00000000
CSR fcsr <- 0x00000000 (input: 0x00000000)


mem[X,0x8000421C] -> 0x7FD3
mem[X,0x8000421E] -> 0x05DF
[4236] [M]: 0x8000421C (0x05DF7FD3) fadd.h ft11, ft10, ft9, dyn
f31 <- 0xFFFFFFFFFFFF7E00


mem[X,0x80004220] -> 0x2273
mem[X,0x80004222] -> 0x0030
[4237] [M]: 0x80004220 (0x00302273) csrrs tp, fcsr, zero
CSR fcsr -> 0x00000000
x4 <- 0x00000000


mem[X,0x80004224] -> 0xAC27
mem[X,0x80004226] -> 0x01F0
[4238] [M]: 0x80004224 (0x01F0AC27) fsw ft11, 24(ra)
mem[0x8000A02C] <- 0xFFFF7E00


mem[X,0x80004228] -> 0xAE23
mem[X,0x8000422A] -> 0x0040
[4239] [M]: 0x80004228 (0x0040AE23) sw tp, 28(ra)
mem[0x8000A030] <- 0x00000000


mem[X,0x8000422C] -> 0x1137
mem[X,0x8000422E] -> 0x0000
[4240] [M]: 0x8000422C (0x00001137) lui sp, 1
x2 <- 0x00001000


mem[X,0x80004230] -> 0x0113
mem[X,0x80004232] -> 0x8001
[4241] [M]: 0x80004230 (0x80010113) addi sp, sp, 2048
x2 <- 0x00000800


mem[X,0x80004234] -> 0x81B3
mem[X,0x80004236] -> 0x0021
[4242] [M]: 0x80004234 (0x002181B3) add gp, gp, sp
x3 <- 0x80008810


mem[X,0x80004238] -> 0xAF07
mem[X,0x8000423A] -> 0x4201
[4243] [M]: 0x80004238 (0x4201AF07) flw ft10, 1056(gp)
mem[R,0x80008C30] -> 0x00007E00
f30 <- 0xFFFFFFFF00007E00


mem[X,0x8000423C] -> 0x81B3
mem[X,0x8000423E] -> 0x4021
[4244] [M]: 0x8000423C (0x402181B3) sub gp, gp, sp
x3 <- 0x80008010


mem[X,0x80004240] -> 0x1137
mem[X,0x80004242] -> 0x0000
[4245] [M]: 0x80004240 (0x00001137) lui sp, 1
x2 <- 0x00001000


mem[X,0x80004244] -> 0x0113
mem[X,0x80004246] -> 0x8001
[4246] [M]: 0x80004244 (0x80010113) addi sp, sp, 2048
x2 <- 0x00000800


mem[X,0x80004248] -> 0x81B3
mem[X,0x8000424A] -> 0x0021
[4247] [M]: 0x80004248 (0x002181B3) add gp, gp, sp
x3 <- 0x80008810


mem[X,0x8000424C] -> 0xAE87
mem[X,0x8000424E] -> 0x4241
[4248] [M]: 0x8000424C (0x4241AE87) flw ft9, 1060(gp)
mem[R,0x80008C34] -> 0x00000002
f29 <- 0xFFFFFFFF00000002


mem[X,0x80004250] -> 0x81B3
mem[X,0x80004252] -> 0x4021
[4249] [M]: 0x80004250 (0x402181B3) sub gp, gp, sp
x3 <- 0x80008010


mem[X,0x80004254] -> 0x0113
mem[X,0x80004256] -> 0x0000
[4250] [M]: 0x80004254 (0x00000113) addi sp, zero, 0
x2 <- 0x00000000


mem[X,0x80004258] -> 0x1073
mem[X,0x8000425A] -> 0x0031
[4251] [M]: 0x80004258 (0x00311073) csrrw zero, fcsr, sp
CSR fcsr -> 0x00000000
CSR fcsr <- 0x00000000 (input: 0x00000000)


mem[X,0x8000425C] -> 0x7FD3
mem[X,0x8000425E] -> 0x05DF
[4252] [M]: 0x8000425C (0x05DF7FD3) fadd.h ft11, ft10, ft9, dyn
f31 <- 0xFFFFFFFFFFFF7E00


mem[X,0x80004260] -> 0x2273
mem[X,0x80004262] -> 0x0030
[4253] [M]: 0x80004260 (0x00302273) csrrs tp, fcsr, zero
CSR fcsr -> 0x00000000
x4 <- 0x00000000


mem[X,0x80004264] -> 0xA027
mem[X,0x80004266] -> 0x03F0
[4254] [M]: 0x80004264 (0x03F0A027) fsw ft11, 32(ra)
mem[0x8000A034] <- 0xFFFF7E00


mem[X,0x80004268] -> 0xA223
mem[X,0x8000426A] -> 0x0240
[4255] [M]: 0x80004268 (0x0240A223) sw tp, 36(ra)
mem[0x8000A038] <- 0x00000000


mem[X,0x8000426C] -> 0x1137
mem[X,0x8000426E] -> 0x0000
[4256] [M]: 0x8000426C (0x00001137) lui sp, 1
x2 <- 0x00001000


mem[X,0x80004270] -> 0x0113
mem[X,0x80004272] -> 0x8001
[4257] [M]: 0x80004270 (0x80010113) addi sp, sp, 2048
x2 <- 0x00000800


mem[X,0x80004274] -> 0x81B3
mem[X,0x80004276] -> 0x0021
[4258] [M]: 0x80004274 (0x002181B3) add gp, gp, sp
x3 <- 0x80008810


mem[X,0x80004278] -> 0xAF07
mem[X,0x8000427A] -> 0x4281
[4259] [M]: 0x80004278 (0x4281AF07) flw ft10, 1064(gp)
mem[R,0x80008C38] -> 0x00007E00
f30 <- 0xFFFFFFFF00007E00


mem[X,0x8000427C] -> 0x81B3
mem[X,0x8000427E] -> 0x4021
[4260] [M]: 0x8000427C (0x402181B3) sub gp, gp, sp
x3 <- 0x80008010


mem[X,0x80004280] -> 0x1137
mem[X,0x80004282] -> 0x0000
[4261] [M]: 0x80004280 (0x00001137) lui sp, 1
x2 <- 0x00001000


mem[X,0x80004284] -> 0x0113
mem[X,0x80004286] -> 0x8001
[4262] [M]: 0x80004284 (0x80010113) addi sp, sp, 2048
x2 <- 0x00000800


mem[X,0x80004288] -> 0x81B3
mem[X,0x8000428A] -> 0x0021
[4263] [M]: 0x80004288 (0x002181B3) add gp, gp, sp
x3 <- 0x80008810


mem[X,0x8000428C] -> 0xAE87
mem[X,0x8000428E] -> 0x42C1
[4264] [M]: 0x8000428C (0x42C1AE87) flw ft9, 1068(gp)
mem[R,0x80008C3C] -> 0x000083FE
f29 <- 0xFFFFFFFF000083FE


mem[X,0x80004290] -> 0x81B3
mem[X,0x80004292] -> 0x4021
[4265] [M]: 0x80004290 (0x402181B3) sub gp, gp, sp
x3 <- 0x80008010


mem[X,0x80004294] -> 0x0113
mem[X,0x80004296] -> 0x0000
[4266] [M]: 0x80004294 (0x00000113) addi sp, zero, 0
x2 <- 0x00000000


mem[X,0x80004298] -> 0x1073
mem[X,0x8000429A] -> 0x0031
[4267] [M]: 0x80004298 (0x00311073) csrrw zero, fcsr, sp
CSR fcsr -> 0x00000000
CSR fcsr <- 0x00000000 (input: 0x00000000)


mem[X,0x8000429C] -> 0x7FD3
mem[X,0x8000429E] -> 0x05DF
[4268] [M]: 0x8000429C (0x05DF7FD3) fadd.h ft11, ft10, ft9, dyn
f31 <- 0xFFFFFFFFFFFF7E00


mem[X,0x800042A0] -> 0x2273
mem[X,0x800042A2] -> 0x0030
[4269] [M]: 0x800042A0 (0x00302273) csrrs tp, fcsr, zero
CSR fcsr -> 0x00000000
x4 <- 0x00000000


mem[X,0x800042A4] -> 0xA427
mem[X,0x800042A6] -> 0x03F0
[4270] [M]: 0x800042A4 (0x03F0A427) fsw ft11, 40(ra)
mem[0x8000A03C] <- 0xFFFF7E00


mem[X,0x800042A8] -> 0xA623
mem[X,0x800042AA] -> 0x0240
[4271] [M]: 0x800042A8 (0x0240A623) sw tp, 44(ra)
mem[0x8000A040] <- 0x00000000


mem[X,0x800042AC] -> 0x1137
mem[X,0x800042AE] -> 0x0000
[4272] [M]: 0x800042AC (0x00001137) lui sp, 1
x2 <- 0x00001000


mem[X,0x800042B0] -> 0x0113
mem[X,0x800042B2] -> 0x8001
[4273] [M]: 0x800042B0 (0x80010113) addi sp, sp, 2048
x2 <- 0x00000800


mem[X,0x800042B4] -> 0x81B3
mem[X,0x800042B6] -> 0x0021
[4274] [M]: 0x800042B4 (0x002181B3) add gp, gp, sp
x3 <- 0x80008810


mem[X,0x800042B8] -> 0xAF07
mem[X,0x800042BA] -> 0x4301
[4275] [M]: 0x800042B8 (0x4301AF07) flw ft10, 1072(gp)
mem[R,0x80008C40] -> 0x00007E00
f30 <- 0xFFFFFFFF00007E00


mem[X,0x800042BC] -> 0x81B3
mem[X,0x800042BE] -> 0x4021
[4276] [M]: 0x800042BC (0x402181B3) sub gp, gp, sp
x3 <- 0x80008010


mem[X,0x800042C0] -> 0x1137
mem[X,0x800042C2] -> 0x0000
[4277] [M]: 0x800042C0 (0x00001137) lui sp, 1
x2 <- 0x00001000


mem[X,0x800042C4] -> 0x0113
mem[X,0x800042C6] -> 0x8001
[4278] [M]: 0x800042C4 (0x80010113) addi sp, sp, 2048
x2 <- 0x00000800


mem[X,0x800042C8] -> 0x81B3
mem[X,0x800042CA] -> 0x0021
[4279] [M]: 0x800042C8 (0x002181B3) add gp, gp, sp
x3 <- 0x80008810


mem[X,0x800042CC] -> 0xAE87
mem[X,0x800042CE] -> 0x4341
[4280] [M]: 0x800042CC (0x4341AE87) flw ft9, 1076(gp)
mem[R,0x80008C44] -> 0x000003FF
f29 <- 0xFFFFFFFF000003FF


mem[X,0x800042D0] -> 0x81B3
mem[X,0x800042D2] -> 0x4021
[4281] [M]: 0x800042D0 (0x402181B3) sub gp, gp, sp
x3 <- 0x80008010


mem[X,0x800042D4] -> 0x0113
mem[X,0x800042D6] -> 0x0000
[4282] [M]: 0x800042D4 (0x00000113) addi sp, zero, 0
x2 <- 0x00000000


mem[X,0x800042D8] -> 0x1073
mem[X,0x800042DA] -> 0x0031
[4283] [M]: 0x800042D8 (0x00311073) csrrw zero, fcsr, sp
CSR fcsr -> 0x00000000
CSR fcsr <- 0x00000000 (input: 0x00000000)


mem[X,0x800042DC] -> 0x7FD3
mem[X,0x800042DE] -> 0x05DF
[4284] [M]: 0x800042DC (0x05DF7FD3) fadd.h ft11, ft10, ft9, dyn
f31 <- 0xFFFFFFFFFFFF7E00


mem[X,0x800042E0] -> 0x2273
mem[X,0x800042E2] -> 0x0030
[4285] [M]: 0x800042E0 (0x00302273) csrrs tp, fcsr, zero
CSR fcsr -> 0x00000000
x4 <- 0x00000000


mem[X,0x800042E4] -> 0xA827
mem[X,0x800042E6] -> 0x03F0
[4286] [M]: 0x800042E4 (0x03F0A827) fsw ft11, 48(ra)
mem[0x8000A044] <- 0xFFFF7E00


mem[X,0x800042E8] -> 0xAA23
mem[X,0x800042EA] -> 0x0240
[4287] [M]: 0x800042E8 (0x0240AA23) sw tp, 52(ra)
mem[0x8000A048] <- 0x00000000


mem[X,0x800042EC] -> 0x1137
mem[X,0x800042EE] -> 0x0000
[4288] [M]: 0x800042EC (0x00001137) lui sp, 1
x2 <- 0x00001000


mem[X,0x800042F0] -> 0x0113
mem[X,0x800042F2] -> 0x8001
[4289] [M]: 0x800042F0 (0x80010113) addi sp, sp, 2048
x2 <- 0x00000800


mem[X,0x800042F4] -> 0x81B3
mem[X,0x800042F6] -> 0x0021
[4290] [M]: 0x800042F4 (0x002181B3) add gp, gp, sp
x3 <- 0x80008810


mem[X,0x800042F8] -> 0xAF07
mem[X,0x800042FA] -> 0x4381
[4291] [M]: 0x800042F8 (0x4381AF07) flw ft10, 1080(gp)
mem[R,0x80008C48] -> 0x00007E00
f30 <- 0xFFFFFFFF00007E00


mem[X,0x800042FC] -> 0x81B3
mem[X,0x800042FE] -> 0x4021
[4292] [M]: 0x800042FC (0x402181B3) sub gp, gp, sp
x3 <- 0x80008010


mem[X,0x80004300] -> 0x1137
mem[X,0x80004302] -> 0x0000
[4293] [M]: 0x80004300 (0x00001137) lui sp, 1
x2 <- 0x00001000


mem[X,0x80004304] -> 0x0113
mem[X,0x80004306] -> 0x8001
[4294] [M]: 0x80004304 (0x80010113) addi sp, sp, 2048
x2 <- 0x00000800


mem[X,0x80004308] -> 0x81B3
mem[X,0x8000430A] -> 0x0021
[4295] [M]: 0x80004308 (0x002181B3) add gp, gp, sp
x3 <- 0x80008810


mem[X,0x8000430C] -> 0xAE87
mem[X,0x8000430E] -> 0x43C1
[4296] [M]: 0x8000430C (0x43C1AE87) flw ft9, 1084(gp)
mem[R,0x80008C4C] -> 0x000083FF
f29 <- 0xFFFFFFFF000083FF


mem[X,0x80004310] -> 0x81B3
mem[X,0x80004312] -> 0x4021
[4297] [M]: 0x80004310 (0x402181B3) sub gp, gp, sp
x3 <- 0x80008010


mem[X,0x80004314] -> 0x0113
mem[X,0x80004316] -> 0x0000
[4298] [M]: 0x80004314 (0x00000113) addi sp, zero, 0
x2 <- 0x00000000


mem[X,0x80004318] -> 0x1073
mem[X,0x8000431A] -> 0x0031
[4299] [M]: 0x80004318 (0x00311073) csrrw zero, fcsr, sp
CSR fcsr -> 0x00000000
CSR fcsr <- 0x00000000 (input: 0x00000000)


clint::tick mtime <- 0x000000000000002B
 clint timer pending at mtime 0x000000000000002B
htif::tick 0x0000000000000000
mem[X,0x8000431C] -> 0x7FD3
mem[X,0x8000431E] -> 0x05DF
[4300] [M]: 0x8000431C (0x05DF7FD3) fadd.h ft11, ft10, ft9, dyn
f31 <- 0xFFFFFFFFFFFF7E00


mem[X,0x80004320] -> 0x2273
mem[X,0x80004322] -> 0x0030
[4301] [M]: 0x80004320 (0x00302273) csrrs tp, fcsr, zero
CSR fcsr -> 0x00000000
x4 <- 0x00000000


mem[X,0x80004324] -> 0xAC27
mem[X,0x80004326] -> 0x03F0
[4302] [M]: 0x80004324 (0x03F0AC27) fsw ft11, 56(ra)
mem[0x8000A04C] <- 0xFFFF7E00


mem[X,0x80004328] -> 0xAE23
mem[X,0x8000432A] -> 0x0240
[4303] [M]: 0x80004328 (0x0240AE23) sw tp, 60(ra)
mem[0x8000A050] <- 0x00000000


mem[X,0x8000432C] -> 0x1137
mem[X,0x8000432E] -> 0x0000
[4304] [M]: 0x8000432C (0x00001137) lui sp, 1
x2 <- 0x00001000


mem[X,0x80004330] -> 0x0113
mem[X,0x80004332] -> 0x8001
[4305] [M]: 0x80004330 (0x80010113) addi sp, sp, 2048
x2 <- 0x00000800


mem[X,0x80004334] -> 0x81B3
mem[X,0x80004336] -> 0x0021
[4306] [M]: 0x80004334 (0x002181B3) add gp, gp, sp
x3 <- 0x80008810


mem[X,0x80004338] -> 0xAF07
mem[X,0x8000433A] -> 0x4401
[4307] [M]: 0x80004338 (0x4401AF07) flw ft10, 1088(gp)
mem[R,0x80008C50] -> 0x00007E00
f30 <- 0xFFFFFFFF00007E00


mem[X,0x8000433C] -> 0x81B3
mem[X,0x8000433E] -> 0x4021
[4308] [M]: 0x8000433C (0x402181B3) sub gp, gp, sp
x3 <- 0x80008010


mem[X,0x80004340] -> 0x1137
mem[X,0x80004342] -> 0x0000
[4309] [M]: 0x80004340 (0x00001137) lui sp, 1
x2 <- 0x00001000


mem[X,0x80004344] -> 0x0113
mem[X,0x80004346] -> 0x8001
[4310] [M]: 0x80004344 (0x80010113) addi sp, sp, 2048
x2 <- 0x00000800


mem[X,0x80004348] -> 0x81B3
mem[X,0x8000434A] -> 0x0021
[4311] [M]: 0x80004348 (0x002181B3) add gp, gp, sp
x3 <- 0x80008810


mem[X,0x8000434C] -> 0xAE87
mem[X,0x8000434E] -> 0x4441
[4312] [M]: 0x8000434C (0x4441AE87) flw ft9, 1092(gp)
mem[R,0x80008C54] -> 0x00000400
f29 <- 0xFFFFFFFF00000400


mem[X,0x80004350] -> 0x81B3
mem[X,0x80004352] -> 0x4021
[4313] [M]: 0x80004350 (0x402181B3) sub gp, gp, sp
x3 <- 0x80008010


mem[X,0x80004354] -> 0x0113
mem[X,0x80004356] -> 0x0000
[4314] [M]: 0x80004354 (0x00000113) addi sp, zero, 0
x2 <- 0x00000000


mem[X,0x80004358] -> 0x1073
mem[X,0x8000435A] -> 0x0031
[4315] [M]: 0x80004358 (0x00311073) csrrw zero, fcsr, sp
CSR fcsr -> 0x00000000
CSR fcsr <- 0x00000000 (input: 0x00000000)


mem[X,0x8000435C] -> 0x7FD3
mem[X,0x8000435E] -> 0x05DF
[4316] [M]: 0x8000435C (0x05DF7FD3) fadd.h ft11, ft10, ft9, dyn
f31 <- 0xFFFFFFFFFFFF7E00


mem[X,0x80004360] -> 0x2273
mem[X,0x80004362] -> 0x0030
[4317] [M]: 0x80004360 (0x00302273) csrrs tp, fcsr, zero
CSR fcsr -> 0x00000000
x4 <- 0x00000000


mem[X,0x80004364] -> 0xA027
mem[X,0x80004366] -> 0x05F0
[4318] [M]: 0x80004364 (0x05F0A027) fsw ft11, 64(ra)
mem[0x8000A054] <- 0xFFFF7E00


mem[X,0x80004368] -> 0xA223
mem[X,0x8000436A] -> 0x0440
[4319] [M]: 0x80004368 (0x0440A223) sw tp, 68(ra)
mem[0x8000A058] <- 0x00000000


mem[X,0x8000436C] -> 0x1137
mem[X,0x8000436E] -> 0x0000
[4320] [M]: 0x8000436C (0x00001137) lui sp, 1
x2 <- 0x00001000


mem[X,0x80004370] -> 0x0113
mem[X,0x80004372] -> 0x8001
[4321] [M]: 0x80004370 (0x80010113) addi sp, sp, 2048
x2 <- 0x00000800


mem[X,0x80004374] -> 0x81B3
mem[X,0x80004376] -> 0x0021
[4322] [M]: 0x80004374 (0x002181B3) add gp, gp, sp
x3 <- 0x80008810


mem[X,0x80004378] -> 0xAF07
mem[X,0x8000437A] -> 0x4481
[4323] [M]: 0x80004378 (0x4481AF07) flw ft10, 1096(gp)
mem[R,0x80008C58] -> 0x00007E00
f30 <- 0xFFFFFFFF00007E00


mem[X,0x8000437C] -> 0x81B3
mem[X,0x8000437E] -> 0x4021
[4324] [M]: 0x8000437C (0x402181B3) sub gp, gp, sp
x3 <- 0x80008010


mem[X,0x80004380] -> 0x1137
mem[X,0x80004382] -> 0x0000
[4325] [M]: 0x80004380 (0x00001137) lui sp, 1
x2 <- 0x00001000


mem[X,0x80004384] -> 0x0113
mem[X,0x80004386] -> 0x8001
[4326] [M]: 0x80004384 (0x80010113) addi sp, sp, 2048
x2 <- 0x00000800


mem[X,0x80004388] -> 0x81B3
mem[X,0x8000438A] -> 0x0021
[4327] [M]: 0x80004388 (0x002181B3) add gp, gp, sp
x3 <- 0x80008810


mem[X,0x8000438C] -> 0xAE87
mem[X,0x8000438E] -> 0x44C1
[4328] [M]: 0x8000438C (0x44C1AE87) flw ft9, 1100(gp)
mem[R,0x80008C5C] -> 0x00008400
f29 <- 0xFFFFFFFF00008400


mem[X,0x80004390] -> 0x81B3
mem[X,0x80004392] -> 0x4021
[4329] [M]: 0x80004390 (0x402181B3) sub gp, gp, sp
x3 <- 0x80008010


mem[X,0x80004394] -> 0x0113
mem[X,0x80004396] -> 0x0000
[4330] [M]: 0x80004394 (0x00000113) addi sp, zero, 0
x2 <- 0x00000000


mem[X,0x80004398] -> 0x1073
mem[X,0x8000439A] -> 0x0031
[4331] [M]: 0x80004398 (0x00311073) csrrw zero, fcsr, sp
CSR fcsr -> 0x00000000
CSR fcsr <- 0x00000000 (input: 0x00000000)


mem[X,0x8000439C] -> 0x7FD3
mem[X,0x8000439E] -> 0x05DF
[4332] [M]: 0x8000439C (0x05DF7FD3) fadd.h ft11, ft10, ft9, dyn
f31 <- 0xFFFFFFFFFFFF7E00


mem[X,0x800043A0] -> 0x2273
mem[X,0x800043A2] -> 0x0030
[4333] [M]: 0x800043A0 (0x00302273) csrrs tp, fcsr, zero
CSR fcsr -> 0x00000000
x4 <- 0x00000000


mem[X,0x800043A4] -> 0xA427
mem[X,0x800043A6] -> 0x05F0
[4334] [M]: 0x800043A4 (0x05F0A427) fsw ft11, 72(ra)
mem[0x8000A05C] <- 0xFFFF7E00


mem[X,0x800043A8] -> 0xA623
mem[X,0x800043AA] -> 0x0440
[4335] [M]: 0x800043A8 (0x0440A623) sw tp, 76(ra)
mem[0x8000A060] <- 0x00000000


mem[X,0x800043AC] -> 0x1137
mem[X,0x800043AE] -> 0x0000
[4336] [M]: 0x800043AC (0x00001137) lui sp, 1
x2 <- 0x00001000


mem[X,0x800043B0] -> 0x0113
mem[X,0x800043B2] -> 0x8001
[4337] [M]: 0x800043B0 (0x80010113) addi sp, sp, 2048
x2 <- 0x00000800


mem[X,0x800043B4] -> 0x81B3
mem[X,0x800043B6] -> 0x0021
[4338] [M]: 0x800043B4 (0x002181B3) add gp, gp, sp
x3 <- 0x80008810


mem[X,0x800043B8] -> 0xAF07
mem[X,0x800043BA] -> 0x4501
[4339] [M]: 0x800043B8 (0x4501AF07) flw ft10, 1104(gp)
mem[R,0x80008C60] -> 0x00007E00
f30 <- 0xFFFFFFFF00007E00


mem[X,0x800043BC] -> 0x81B3
mem[X,0x800043BE] -> 0x4021
[4340] [M]: 0x800043BC (0x402181B3) sub gp, gp, sp
x3 <- 0x80008010


mem[X,0x800043C0] -> 0x1137
mem[X,0x800043C2] -> 0x0000
[4341] [M]: 0x800043C0 (0x00001137) lui sp, 1
x2 <- 0x00001000


mem[X,0x800043C4] -> 0x0113
mem[X,0x800043C6] -> 0x8001
[4342] [M]: 0x800043C4 (0x80010113) addi sp, sp, 2048
x2 <- 0x00000800


mem[X,0x800043C8] -> 0x81B3
mem[X,0x800043CA] -> 0x0021
[4343] [M]: 0x800043C8 (0x002181B3) add gp, gp, sp
x3 <- 0x80008810


mem[X,0x800043CC] -> 0xAE87
mem[X,0x800043CE] -> 0x4541
[4344] [M]: 0x800043CC (0x4541AE87) flw ft9, 1108(gp)
mem[R,0x80008C64] -> 0x00000401
f29 <- 0xFFFFFFFF00000401


mem[X,0x800043D0] -> 0x81B3
mem[X,0x800043D2] -> 0x4021
[4345] [M]: 0x800043D0 (0x402181B3) sub gp, gp, sp
x3 <- 0x80008010


mem[X,0x800043D4] -> 0x0113
mem[X,0x800043D6] -> 0x0000
[4346] [M]: 0x800043D4 (0x00000113) addi sp, zero, 0
x2 <- 0x00000000


mem[X,0x800043D8] -> 0x1073
mem[X,0x800043DA] -> 0x0031
[4347] [M]: 0x800043D8 (0x00311073) csrrw zero, fcsr, sp
CSR fcsr -> 0x00000000
CSR fcsr <- 0x00000000 (input: 0x00000000)


mem[X,0x800043DC] -> 0x7FD3
mem[X,0x800043DE] -> 0x05DF
[4348] [M]: 0x800043DC (0x05DF7FD3) fadd.h ft11, ft10, ft9, dyn
f31 <- 0xFFFFFFFFFFFF7E00


mem[X,0x800043E0] -> 0x2273
mem[X,0x800043E2] -> 0x0030
[4349] [M]: 0x800043E0 (0x00302273) csrrs tp, fcsr, zero
CSR fcsr -> 0x00000000
x4 <- 0x00000000


mem[X,0x800043E4] -> 0xA827
mem[X,0x800043E6] -> 0x05F0
[4350] [M]: 0x800043E4 (0x05F0A827) fsw ft11, 80(ra)
mem[0x8000A064] <- 0xFFFF7E00


mem[X,0x800043E8] -> 0xAA23
mem[X,0x800043EA] -> 0x0440
[4351] [M]: 0x800043E8 (0x0440AA23) sw tp, 84(ra)
mem[0x8000A068] <- 0x00000000


mem[X,0x800043EC] -> 0x1137
mem[X,0x800043EE] -> 0x0000
[4352] [M]: 0x800043EC (0x00001137) lui sp, 1
x2 <- 0x00001000


mem[X,0x800043F0] -> 0x0113
mem[X,0x800043F2] -> 0x8001
[4353] [M]: 0x800043F0 (0x80010113) addi sp, sp, 2048
x2 <- 0x00000800


mem[X,0x800043F4] -> 0x81B3
mem[X,0x800043F6] -> 0x0021
[4354] [M]: 0x800043F4 (0x002181B3) add gp, gp, sp
x3 <- 0x80008810


mem[X,0x800043F8] -> 0xAF07
mem[X,0x800043FA] -> 0x4581
[4355] [M]: 0x800043F8 (0x4581AF07) flw ft10, 1112(gp)
mem[R,0x80008C68] -> 0x00007E00
f30 <- 0xFFFFFFFF00007E00


mem[X,0x800043FC] -> 0x81B3
mem[X,0x800043FE] -> 0x4021
[4356] [M]: 0x800043FC (0x402181B3) sub gp, gp, sp
x3 <- 0x80008010


mem[X,0x80004400] -> 0x1137
mem[X,0x80004402] -> 0x0000
[4357] [M]: 0x80004400 (0x00001137) lui sp, 1
x2 <- 0x00001000


mem[X,0x80004404] -> 0x0113
mem[X,0x80004406] -> 0x8001
[4358] [M]: 0x80004404 (0x80010113) addi sp, sp, 2048
x2 <- 0x00000800


mem[X,0x80004408] -> 0x81B3
mem[X,0x8000440A] -> 0x0021
[4359] [M]: 0x80004408 (0x002181B3) add gp, gp, sp
x3 <- 0x80008810


mem[X,0x8000440C] -> 0xAE87
mem[X,0x8000440E] -> 0x45C1
[4360] [M]: 0x8000440C (0x45C1AE87) flw ft9, 1116(gp)
mem[R,0x80008C6C] -> 0x00008455
f29 <- 0xFFFFFFFF00008455


mem[X,0x80004410] -> 0x81B3
mem[X,0x80004412] -> 0x4021
[4361] [M]: 0x80004410 (0x402181B3) sub gp, gp, sp
x3 <- 0x80008010


mem[X,0x80004414] -> 0x0113
mem[X,0x80004416] -> 0x0000
[4362] [M]: 0x80004414 (0x00000113) addi sp, zero, 0
x2 <- 0x00000000


mem[X,0x80004418] -> 0x1073
mem[X,0x8000441A] -> 0x0031
[4363] [M]: 0x80004418 (0x00311073) csrrw zero, fcsr, sp
CSR fcsr -> 0x00000000
CSR fcsr <- 0x00000000 (input: 0x00000000)


mem[X,0x8000441C] -> 0x7FD3
mem[X,0x8000441E] -> 0x05DF
[4364] [M]: 0x8000441C (0x05DF7FD3) fadd.h ft11, ft10, ft9, dyn
f31 <- 0xFFFFFFFFFFFF7E00


mem[X,0x80004420] -> 0x2273
mem[X,0x80004422] -> 0x0030
[4365] [M]: 0x80004420 (0x00302273) csrrs tp, fcsr, zero
CSR fcsr -> 0x00000000
x4 <- 0x00000000


mem[X,0x80004424] -> 0xAC27
mem[X,0x80004426] -> 0x05F0
[4366] [M]: 0x80004424 (0x05F0AC27) fsw ft11, 88(ra)
mem[0x8000A06C] <- 0xFFFF7E00


mem[X,0x80004428] -> 0xAE23
mem[X,0x8000442A] -> 0x0440
[4367] [M]: 0x80004428 (0x0440AE23) sw tp, 92(ra)
mem[0x8000A070] <- 0x00000000


mem[X,0x8000442C] -> 0x1137
mem[X,0x8000442E] -> 0x0000
[4368] [M]: 0x8000442C (0x00001137) lui sp, 1
x2 <- 0x00001000


mem[X,0x80004430] -> 0x0113
mem[X,0x80004432] -> 0x8001
[4369] [M]: 0x80004430 (0x80010113) addi sp, sp, 2048
x2 <- 0x00000800


mem[X,0x80004434] -> 0x81B3
mem[X,0x80004436] -> 0x0021
[4370] [M]: 0x80004434 (0x002181B3) add gp, gp, sp
x3 <- 0x80008810


mem[X,0x80004438] -> 0xAF07
mem[X,0x8000443A] -> 0x4601
[4371] [M]: 0x80004438 (0x4601AF07) flw ft10, 1120(gp)
mem[R,0x80008C70] -> 0x00007E00
f30 <- 0xFFFFFFFF00007E00


mem[X,0x8000443C] -> 0x81B3
mem[X,0x8000443E] -> 0x4021
[4372] [M]: 0x8000443C (0x402181B3) sub gp, gp, sp
x3 <- 0x80008010


mem[X,0x80004440] -> 0x1137
mem[X,0x80004442] -> 0x0000
[4373] [M]: 0x80004440 (0x00001137) lui sp, 1
x2 <- 0x00001000


mem[X,0x80004444] -> 0x0113
mem[X,0x80004446] -> 0x8001
[4374] [M]: 0x80004444 (0x80010113) addi sp, sp, 2048
x2 <- 0x00000800


mem[X,0x80004448] -> 0x81B3
mem[X,0x8000444A] -> 0x0021
[4375] [M]: 0x80004448 (0x002181B3) add gp, gp, sp
x3 <- 0x80008810


mem[X,0x8000444C] -> 0xAE87
mem[X,0x8000444E] -> 0x4641
[4376] [M]: 0x8000444C (0x4641AE87) flw ft9, 1124(gp)
mem[R,0x80008C74] -> 0x00007BFF
f29 <- 0xFFFFFFFF00007BFF


mem[X,0x80004450] -> 0x81B3
mem[X,0x80004452] -> 0x4021
[4377] [M]: 0x80004450 (0x402181B3) sub gp, gp, sp
x3 <- 0x80008010


mem[X,0x80004454] -> 0x0113
mem[X,0x80004456] -> 0x0000
[4378] [M]: 0x80004454 (0x00000113) addi sp, zero, 0
x2 <- 0x00000000


mem[X,0x80004458] -> 0x1073
mem[X,0x8000445A] -> 0x0031
[4379] [M]: 0x80004458 (0x00311073) csrrw zero, fcsr, sp
CSR fcsr -> 0x00000000
CSR fcsr <- 0x00000000 (input: 0x00000000)


mem[X,0x8000445C] -> 0x7FD3
mem[X,0x8000445E] -> 0x05DF
[4380] [M]: 0x8000445C (0x05DF7FD3) fadd.h ft11, ft10, ft9, dyn
f31 <- 0xFFFFFFFFFFFF7E00


mem[X,0x80004460] -> 0x2273
mem[X,0x80004462] -> 0x0030
[4381] [M]: 0x80004460 (0x00302273) csrrs tp, fcsr, zero
CSR fcsr -> 0x00000000
x4 <- 0x00000000


mem[X,0x80004464] -> 0xA027
mem[X,0x80004466] -> 0x07F0
[4382] [M]: 0x80004464 (0x07F0A027) fsw ft11, 96(ra)
mem[0x8000A074] <- 0xFFFF7E00


mem[X,0x80004468] -> 0xA223
mem[X,0x8000446A] -> 0x0640
[4383] [M]: 0x80004468 (0x0640A223) sw tp, 100(ra)
mem[0x8000A078] <- 0x00000000


mem[X,0x8000446C] -> 0x1137
mem[X,0x8000446E] -> 0x0000
[4384] [M]: 0x8000446C (0x00001137) lui sp, 1
x2 <- 0x00001000


mem[X,0x80004470] -> 0x0113
mem[X,0x80004472] -> 0x8001
[4385] [M]: 0x80004470 (0x80010113) addi sp, sp, 2048
x2 <- 0x00000800


mem[X,0x80004474] -> 0x81B3
mem[X,0x80004476] -> 0x0021
[4386] [M]: 0x80004474 (0x002181B3) add gp, gp, sp
x3 <- 0x80008810


mem[X,0x80004478] -> 0xAF07
mem[X,0x8000447A] -> 0x4681
[4387] [M]: 0x80004478 (0x4681AF07) flw ft10, 1128(gp)
mem[R,0x80008C78] -> 0x00007E00
f30 <- 0xFFFFFFFF00007E00


mem[X,0x8000447C] -> 0x81B3
mem[X,0x8000447E] -> 0x4021
[4388] [M]: 0x8000447C (0x402181B3) sub gp, gp, sp
x3 <- 0x80008010


mem[X,0x80004480] -> 0x1137
mem[X,0x80004482] -> 0x0000
[4389] [M]: 0x80004480 (0x00001137) lui sp, 1
x2 <- 0x00001000


mem[X,0x80004484] -> 0x0113
mem[X,0x80004486] -> 0x8001
[4390] [M]: 0x80004484 (0x80010113) addi sp, sp, 2048
x2 <- 0x00000800


mem[X,0x80004488] -> 0x81B3
mem[X,0x8000448A] -> 0x0021
[4391] [M]: 0x80004488 (0x002181B3) add gp, gp, sp
x3 <- 0x80008810


mem[X,0x8000448C] -> 0xAE87
mem[X,0x8000448E] -> 0x46C1
[4392] [M]: 0x8000448C (0x46C1AE87) flw ft9, 1132(gp)
mem[R,0x80008C7C] -> 0x0000FBFF
f29 <- 0xFFFFFFFF0000FBFF


mem[X,0x80004490] -> 0x81B3
mem[X,0x80004492] -> 0x4021
[4393] [M]: 0x80004490 (0x402181B3) sub gp, gp, sp
x3 <- 0x80008010


mem[X,0x80004494] -> 0x0113
mem[X,0x80004496] -> 0x0000
[4394] [M]: 0x80004494 (0x00000113) addi sp, zero, 0
x2 <- 0x00000000


mem[X,0x80004498] -> 0x1073
mem[X,0x8000449A] -> 0x0031
[4395] [M]: 0x80004498 (0x00311073) csrrw zero, fcsr, sp
CSR fcsr -> 0x00000000
CSR fcsr <- 0x00000000 (input: 0x00000000)


mem[X,0x8000449C] -> 0x7FD3
mem[X,0x8000449E] -> 0x05DF
[4396] [M]: 0x8000449C (0x05DF7FD3) fadd.h ft11, ft10, ft9, dyn
f31 <- 0xFFFFFFFFFFFF7E00


mem[X,0x800044A0] -> 0x2273
mem[X,0x800044A2] -> 0x0030
[4397] [M]: 0x800044A0 (0x00302273) csrrs tp, fcsr, zero
CSR fcsr -> 0x00000000
x4 <- 0x00000000


mem[X,0x800044A4] -> 0xA427
mem[X,0x800044A6] -> 0x07F0
[4398] [M]: 0x800044A4 (0x07F0A427) fsw ft11, 104(ra)
mem[0x8000A07C] <- 0xFFFF7E00


mem[X,0x800044A8] -> 0xA623
mem[X,0x800044AA] -> 0x0640
[4399] [M]: 0x800044A8 (0x0640A623) sw tp, 108(ra)
mem[0x8000A080] <- 0x00000000


clint::tick mtime <- 0x000000000000002C
 clint timer pending at mtime 0x000000000000002C
htif::tick 0x0000000000000000
mem[X,0x800044AC] -> 0x1137
mem[X,0x800044AE] -> 0x0000
[4400] [M]: 0x800044AC (0x00001137) lui sp, 1
x2 <- 0x00001000


mem[X,0x800044B0] -> 0x0113
mem[X,0x800044B2] -> 0x8001
[4401] [M]: 0x800044B0 (0x80010113) addi sp, sp, 2048
x2 <- 0x00000800


mem[X,0x800044B4] -> 0x81B3
mem[X,0x800044B6] -> 0x0021
[4402] [M]: 0x800044B4 (0x002181B3) add gp, gp, sp
x3 <- 0x80008810


mem[X,0x800044B8] -> 0xAF07
mem[X,0x800044BA] -> 0x4701
[4403] [M]: 0x800044B8 (0x4701AF07) flw ft10, 1136(gp)
mem[R,0x80008C80] -> 0x00007E00
f30 <- 0xFFFFFFFF00007E00


mem[X,0x800044BC] -> 0x81B3
mem[X,0x800044BE] -> 0x4021
[4404] [M]: 0x800044BC (0x402181B3) sub gp, gp, sp
x3 <- 0x80008010


mem[X,0x800044C0] -> 0x1137
mem[X,0x800044C2] -> 0x0000
[4405] [M]: 0x800044C0 (0x00001137) lui sp, 1
x2 <- 0x00001000


mem[X,0x800044C4] -> 0x0113
mem[X,0x800044C6] -> 0x8001
[4406] [M]: 0x800044C4 (0x80010113) addi sp, sp, 2048
x2 <- 0x00000800


mem[X,0x800044C8] -> 0x81B3
mem[X,0x800044CA] -> 0x0021
[4407] [M]: 0x800044C8 (0x002181B3) add gp, gp, sp
x3 <- 0x80008810


mem[X,0x800044CC] -> 0xAE87
mem[X,0x800044CE] -> 0x4741
[4408] [M]: 0x800044CC (0x4741AE87) flw ft9, 1140(gp)
mem[R,0x80008C84] -> 0x00007C00
f29 <- 0xFFFFFFFF00007C00


mem[X,0x800044D0] -> 0x81B3
mem[X,0x800044D2] -> 0x4021
[4409] [M]: 0x800044D0 (0x402181B3) sub gp, gp, sp
x3 <- 0x80008010


mem[X,0x800044D4] -> 0x0113
mem[X,0x800044D6] -> 0x0000
[4410] [M]: 0x800044D4 (0x00000113) addi sp, zero, 0
x2 <- 0x00000000


mem[X,0x800044D8] -> 0x1073
mem[X,0x800044DA] -> 0x0031
[4411] [M]: 0x800044D8 (0x00311073) csrrw zero, fcsr, sp
CSR fcsr -> 0x00000000
CSR fcsr <- 0x00000000 (input: 0x00000000)


mem[X,0x800044DC] -> 0x7FD3
mem[X,0x800044DE] -> 0x05DF
[4412] [M]: 0x800044DC (0x05DF7FD3) fadd.h ft11, ft10, ft9, dyn
f31 <- 0xFFFFFFFFFFFF7E00


mem[X,0x800044E0] -> 0x2273
mem[X,0x800044E2] -> 0x0030
[4413] [M]: 0x800044E0 (0x00302273) csrrs tp, fcsr, zero
CSR fcsr -> 0x00000000
x4 <- 0x00000000


mem[X,0x800044E4] -> 0xA827
mem[X,0x800044E6] -> 0x07F0
[4414] [M]: 0x800044E4 (0x07F0A827) fsw ft11, 112(ra)
mem[0x8000A084] <- 0xFFFF7E00


mem[X,0x800044E8] -> 0xAA23
mem[X,0x800044EA] -> 0x0640
[4415] [M]: 0x800044E8 (0x0640AA23) sw tp, 116(ra)
mem[0x8000A088] <- 0x00000000


mem[X,0x800044EC] -> 0x1137
mem[X,0x800044EE] -> 0x0000
[4416] [M]: 0x800044EC (0x00001137) lui sp, 1
x2 <- 0x00001000


mem[X,0x800044F0] -> 0x0113
mem[X,0x800044F2] -> 0x8001
[4417] [M]: 0x800044F0 (0x80010113) addi sp, sp, 2048
x2 <- 0x00000800


mem[X,0x800044F4] -> 0x81B3
mem[X,0x800044F6] -> 0x0021
[4418] [M]: 0x800044F4 (0x002181B3) add gp, gp, sp
x3 <- 0x80008810


mem[X,0x800044F8] -> 0xAF07
mem[X,0x800044FA] -> 0x4781
[4419] [M]: 0x800044F8 (0x4781AF07) flw ft10, 1144(gp)
mem[R,0x80008C88] -> 0x00007E00
f30 <- 0xFFFFFFFF00007E00


mem[X,0x800044FC] -> 0x81B3
mem[X,0x800044FE] -> 0x4021
[4420] [M]: 0x800044FC (0x402181B3) sub gp, gp, sp
x3 <- 0x80008010


mem[X,0x80004500] -> 0x1137
mem[X,0x80004502] -> 0x0000
[4421] [M]: 0x80004500 (0x00001137) lui sp, 1
x2 <- 0x00001000


mem[X,0x80004504] -> 0x0113
mem[X,0x80004506] -> 0x8001
[4422] [M]: 0x80004504 (0x80010113) addi sp, sp, 2048
x2 <- 0x00000800


mem[X,0x80004508] -> 0x81B3
mem[X,0x8000450A] -> 0x0021
[4423] [M]: 0x80004508 (0x002181B3) add gp, gp, sp
x3 <- 0x80008810


mem[X,0x8000450C] -> 0xAE87
mem[X,0x8000450E] -> 0x47C1
[4424] [M]: 0x8000450C (0x47C1AE87) flw ft9, 1148(gp)
mem[R,0x80008C8C] -> 0x0000FC00
f29 <- 0xFFFFFFFF0000FC00


mem[X,0x80004510] -> 0x81B3
mem[X,0x80004512] -> 0x4021
[4425] [M]: 0x80004510 (0x402181B3) sub gp, gp, sp
x3 <- 0x80008010


mem[X,0x80004514] -> 0x0113
mem[X,0x80004516] -> 0x0000
[4426] [M]: 0x80004514 (0x00000113) addi sp, zero, 0
x2 <- 0x00000000


mem[X,0x80004518] -> 0x1073
mem[X,0x8000451A] -> 0x0031
[4427] [M]: 0x80004518 (0x00311073) csrrw zero, fcsr, sp
CSR fcsr -> 0x00000000
CSR fcsr <- 0x00000000 (input: 0x00000000)


mem[X,0x8000451C] -> 0x7FD3
mem[X,0x8000451E] -> 0x05DF
[4428] [M]: 0x8000451C (0x05DF7FD3) fadd.h ft11, ft10, ft9, dyn
f31 <- 0xFFFFFFFFFFFF7E00


mem[X,0x80004520] -> 0x2273
mem[X,0x80004522] -> 0x0030
[4429] [M]: 0x80004520 (0x00302273) csrrs tp, fcsr, zero
CSR fcsr -> 0x00000000
x4 <- 0x00000000


mem[X,0x80004524] -> 0xAC27
mem[X,0x80004526] -> 0x07F0
[4430] [M]: 0x80004524 (0x07F0AC27) fsw ft11, 120(ra)
mem[0x8000A08C] <- 0xFFFF7E00


mem[X,0x80004528] -> 0xAE23
mem[X,0x8000452A] -> 0x0640
[4431] [M]: 0x80004528 (0x0640AE23) sw tp, 124(ra)
mem[0x8000A090] <- 0x00000000


mem[X,0x8000452C] -> 0x1137
mem[X,0x8000452E] -> 0x0000
[4432] [M]: 0x8000452C (0x00001137) lui sp, 1
x2 <- 0x00001000


mem[X,0x80004530] -> 0x0113
mem[X,0x80004532] -> 0x8001
[4433] [M]: 0x80004530 (0x80010113) addi sp, sp, 2048
x2 <- 0x00000800


mem[X,0x80004534] -> 0x81B3
mem[X,0x80004536] -> 0x0021
[4434] [M]: 0x80004534 (0x002181B3) add gp, gp, sp
x3 <- 0x80008810


mem[X,0x80004538] -> 0xAF07
mem[X,0x8000453A] -> 0x4801
[4435] [M]: 0x80004538 (0x4801AF07) flw ft10, 1152(gp)
mem[R,0x80008C90] -> 0x00007E00
f30 <- 0xFFFFFFFF00007E00


mem[X,0x8000453C] -> 0x81B3
mem[X,0x8000453E] -> 0x4021
[4436] [M]: 0x8000453C (0x402181B3) sub gp, gp, sp
x3 <- 0x80008010


mem[X,0x80004540] -> 0x1137
mem[X,0x80004542] -> 0x0000
[4437] [M]: 0x80004540 (0x00001137) lui sp, 1
x2 <- 0x00001000


mem[X,0x80004544] -> 0x0113
mem[X,0x80004546] -> 0x8001
[4438] [M]: 0x80004544 (0x80010113) addi sp, sp, 2048
x2 <- 0x00000800


mem[X,0x80004548] -> 0x81B3
mem[X,0x8000454A] -> 0x0021
[4439] [M]: 0x80004548 (0x002181B3) add gp, gp, sp
x3 <- 0x80008810


mem[X,0x8000454C] -> 0xAE87
mem[X,0x8000454E] -> 0x4841
[4440] [M]: 0x8000454C (0x4841AE87) flw ft9, 1156(gp)
mem[R,0x80008C94] -> 0x00007E00
f29 <- 0xFFFFFFFF00007E00


mem[X,0x80004550] -> 0x81B3
mem[X,0x80004552] -> 0x4021
[4441] [M]: 0x80004550 (0x402181B3) sub gp, gp, sp
x3 <- 0x80008010


mem[X,0x80004554] -> 0x0113
mem[X,0x80004556] -> 0x0000
[4442] [M]: 0x80004554 (0x00000113) addi sp, zero, 0
x2 <- 0x00000000


mem[X,0x80004558] -> 0x1073
mem[X,0x8000455A] -> 0x0031
[4443] [M]: 0x80004558 (0x00311073) csrrw zero, fcsr, sp
CSR fcsr -> 0x00000000
CSR fcsr <- 0x00000000 (input: 0x00000000)


mem[X,0x8000455C] -> 0x7FD3
mem[X,0x8000455E] -> 0x05DF
[4444] [M]: 0x8000455C (0x05DF7FD3) fadd.h ft11, ft10, ft9, dyn
f31 <- 0xFFFFFFFFFFFF7E00


mem[X,0x80004560] -> 0x2273
mem[X,0x80004562] -> 0x0030
[4445] [M]: 0x80004560 (0x00302273) csrrs tp, fcsr, zero
CSR fcsr -> 0x00000000
x4 <- 0x00000000


mem[X,0x80004564] -> 0xA027
mem[X,0x80004566] -> 0x09F0
[4446] [M]: 0x80004564 (0x09F0A027) fsw ft11, 128(ra)
mem[0x8000A094] <- 0xFFFF7E00


mem[X,0x80004568] -> 0xA223
mem[X,0x8000456A] -> 0x0840
[4447] [M]: 0x80004568 (0x0840A223) sw tp, 132(ra)
mem[0x8000A098] <- 0x00000000


mem[X,0x8000456C] -> 0x1137
mem[X,0x8000456E] -> 0x0000
[4448] [M]: 0x8000456C (0x00001137) lui sp, 1
x2 <- 0x00001000


mem[X,0x80004570] -> 0x0113
mem[X,0x80004572] -> 0x8001
[4449] [M]: 0x80004570 (0x80010113) addi sp, sp, 2048
x2 <- 0x00000800


mem[X,0x80004574] -> 0x81B3
mem[X,0x80004576] -> 0x0021
[4450] [M]: 0x80004574 (0x002181B3) add gp, gp, sp
x3 <- 0x80008810


mem[X,0x80004578] -> 0xAF07
mem[X,0x8000457A] -> 0x4881
[4451] [M]: 0x80004578 (0x4881AF07) flw ft10, 1160(gp)
mem[R,0x80008C98] -> 0x00007E00
f30 <- 0xFFFFFFFF00007E00


mem[X,0x8000457C] -> 0x81B3
mem[X,0x8000457E] -> 0x4021
[4452] [M]: 0x8000457C (0x402181B3) sub gp, gp, sp
x3 <- 0x80008010


mem[X,0x80004580] -> 0x1137
mem[X,0x80004582] -> 0x0000
[4453] [M]: 0x80004580 (0x00001137) lui sp, 1
x2 <- 0x00001000


mem[X,0x80004584] -> 0x0113
mem[X,0x80004586] -> 0x8001
[4454] [M]: 0x80004584 (0x80010113) addi sp, sp, 2048
x2 <- 0x00000800


mem[X,0x80004588] -> 0x81B3
mem[X,0x8000458A] -> 0x0021
[4455] [M]: 0x80004588 (0x002181B3) add gp, gp, sp
x3 <- 0x80008810


mem[X,0x8000458C] -> 0xAE87
mem[X,0x8000458E] -> 0x48C1
[4456] [M]: 0x8000458C (0x48C1AE87) flw ft9, 1164(gp)
mem[R,0x80008C9C] -> 0x0000FE00
f29 <- 0xFFFFFFFF0000FE00


mem[X,0x80004590] -> 0x81B3
mem[X,0x80004592] -> 0x4021
[4457] [M]: 0x80004590 (0x402181B3) sub gp, gp, sp
x3 <- 0x80008010


mem[X,0x80004594] -> 0x0113
mem[X,0x80004596] -> 0x0000
[4458] [M]: 0x80004594 (0x00000113) addi sp, zero, 0
x2 <- 0x00000000


mem[X,0x80004598] -> 0x1073
mem[X,0x8000459A] -> 0x0031
[4459] [M]: 0x80004598 (0x00311073) csrrw zero, fcsr, sp
CSR fcsr -> 0x00000000
CSR fcsr <- 0x00000000 (input: 0x00000000)


mem[X,0x8000459C] -> 0x7FD3
mem[X,0x8000459E] -> 0x05DF
[4460] [M]: 0x8000459C (0x05DF7FD3) fadd.h ft11, ft10, ft9, dyn
f31 <- 0xFFFFFFFFFFFF7E00


mem[X,0x800045A0] -> 0x2273
mem[X,0x800045A2] -> 0x0030
[4461] [M]: 0x800045A0 (0x00302273) csrrs tp, fcsr, zero
CSR fcsr -> 0x00000000
x4 <- 0x00000000


mem[X,0x800045A4] -> 0xA427
mem[X,0x800045A6] -> 0x09F0
[4462] [M]: 0x800045A4 (0x09F0A427) fsw ft11, 136(ra)
mem[0x8000A09C] <- 0xFFFF7E00


mem[X,0x800045A8] -> 0xA623
mem[X,0x800045AA] -> 0x0840
[4463] [M]: 0x800045A8 (0x0840A623) sw tp, 140(ra)
mem[0x8000A0A0] <- 0x00000000


mem[X,0x800045AC] -> 0x1137
mem[X,0x800045AE] -> 0x0000
[4464] [M]: 0x800045AC (0x00001137) lui sp, 1
x2 <- 0x00001000


mem[X,0x800045B0] -> 0x0113
mem[X,0x800045B2] -> 0x8001
[4465] [M]: 0x800045B0 (0x80010113) addi sp, sp, 2048
x2 <- 0x00000800


mem[X,0x800045B4] -> 0x81B3
mem[X,0x800045B6] -> 0x0021
[4466] [M]: 0x800045B4 (0x002181B3) add gp, gp, sp
x3 <- 0x80008810


mem[X,0x800045B8] -> 0xAF07
mem[X,0x800045BA] -> 0x4901
[4467] [M]: 0x800045B8 (0x4901AF07) flw ft10, 1168(gp)
mem[R,0x80008CA0] -> 0x00007E00
f30 <- 0xFFFFFFFF00007E00


mem[X,0x800045BC] -> 0x81B3
mem[X,0x800045BE] -> 0x4021
[4468] [M]: 0x800045BC (0x402181B3) sub gp, gp, sp
x3 <- 0x80008010


mem[X,0x800045C0] -> 0x1137
mem[X,0x800045C2] -> 0x0000
[4469] [M]: 0x800045C0 (0x00001137) lui sp, 1
x2 <- 0x00001000


mem[X,0x800045C4] -> 0x0113
mem[X,0x800045C6] -> 0x8001
[4470] [M]: 0x800045C4 (0x80010113) addi sp, sp, 2048
x2 <- 0x00000800


mem[X,0x800045C8] -> 0x81B3
mem[X,0x800045CA] -> 0x0021
[4471] [M]: 0x800045C8 (0x002181B3) add gp, gp, sp
x3 <- 0x80008810


mem[X,0x800045CC] -> 0xAE87
mem[X,0x800045CE] -> 0x4941
[4472] [M]: 0x800045CC (0x4941AE87) flw ft9, 1172(gp)
mem[R,0x80008CA4] -> 0x00007E01
f29 <- 0xFFFFFFFF00007E01


mem[X,0x800045D0] -> 0x81B3
mem[X,0x800045D2] -> 0x4021
[4473] [M]: 0x800045D0 (0x402181B3) sub gp, gp, sp
x3 <- 0x80008010


mem[X,0x800045D4] -> 0x0113
mem[X,0x800045D6] -> 0x0000
[4474] [M]: 0x800045D4 (0x00000113) addi sp, zero, 0
x2 <- 0x00000000


mem[X,0x800045D8] -> 0x1073
mem[X,0x800045DA] -> 0x0031
[4475] [M]: 0x800045D8 (0x00311073) csrrw zero, fcsr, sp
CSR fcsr -> 0x00000000
CSR fcsr <- 0x00000000 (input: 0x00000000)


mem[X,0x800045DC] -> 0x7FD3
mem[X,0x800045DE] -> 0x05DF
[4476] [M]: 0x800045DC (0x05DF7FD3) fadd.h ft11, ft10, ft9, dyn
f31 <- 0xFFFFFFFFFFFF7E00


mem[X,0x800045E0] -> 0x2273
mem[X,0x800045E2] -> 0x0030
[4477] [M]: 0x800045E0 (0x00302273) csrrs tp, fcsr, zero
CSR fcsr -> 0x00000000
x4 <- 0x00000000


mem[X,0x800045E4] -> 0xA827
mem[X,0x800045E6] -> 0x09F0
[4478] [M]: 0x800045E4 (0x09F0A827) fsw ft11, 144(ra)
mem[0x8000A0A4] <- 0xFFFF7E00


mem[X,0x800045E8] -> 0xAA23
mem[X,0x800045EA] -> 0x0840
[4479] [M]: 0x800045E8 (0x0840AA23) sw tp, 148(ra)
mem[0x8000A0A8] <- 0x00000000


mem[X,0x800045EC] -> 0x1137
mem[X,0x800045EE] -> 0x0000
[4480] [M]: 0x800045EC (0x00001137) lui sp, 1
x2 <- 0x00001000


mem[X,0x800045F0] -> 0x0113
mem[X,0x800045F2] -> 0x8001
[4481] [M]: 0x800045F0 (0x80010113) addi sp, sp, 2048
x2 <- 0x00000800


mem[X,0x800045F4] -> 0x81B3
mem[X,0x800045F6] -> 0x0021
[4482] [M]: 0x800045F4 (0x002181B3) add gp, gp, sp
x3 <- 0x80008810


mem[X,0x800045F8] -> 0xAF07
mem[X,0x800045FA] -> 0x4981
[4483] [M]: 0x800045F8 (0x4981AF07) flw ft10, 1176(gp)
mem[R,0x80008CA8] -> 0x00007E00
f30 <- 0xFFFFFFFF00007E00


mem[X,0x800045FC] -> 0x81B3
mem[X,0x800045FE] -> 0x4021
[4484] [M]: 0x800045FC (0x402181B3) sub gp, gp, sp
x3 <- 0x80008010


mem[X,0x80004600] -> 0x1137
mem[X,0x80004602] -> 0x0000
[4485] [M]: 0x80004600 (0x00001137) lui sp, 1
x2 <- 0x00001000


mem[X,0x80004604] -> 0x0113
mem[X,0x80004606] -> 0x8001
[4486] [M]: 0x80004604 (0x80010113) addi sp, sp, 2048
x2 <- 0x00000800


mem[X,0x80004608] -> 0x81B3
mem[X,0x8000460A] -> 0x0021
[4487] [M]: 0x80004608 (0x002181B3) add gp, gp, sp
x3 <- 0x80008810


mem[X,0x8000460C] -> 0xAE87
mem[X,0x8000460E] -> 0x49C1
[4488] [M]: 0x8000460C (0x49C1AE87) flw ft9, 1180(gp)
mem[R,0x80008CAC] -> 0x0000FE55
f29 <- 0xFFFFFFFF0000FE55


mem[X,0x80004610] -> 0x81B3
mem[X,0x80004612] -> 0x4021
[4489] [M]: 0x80004610 (0x402181B3) sub gp, gp, sp
x3 <- 0x80008010


mem[X,0x80004614] -> 0x0113
mem[X,0x80004616] -> 0x0000
[4490] [M]: 0x80004614 (0x00000113) addi sp, zero, 0
x2 <- 0x00000000


mem[X,0x80004618] -> 0x1073
mem[X,0x8000461A] -> 0x0031
[4491] [M]: 0x80004618 (0x00311073) csrrw zero, fcsr, sp
CSR fcsr -> 0x00000000
CSR fcsr <- 0x00000000 (input: 0x00000000)


mem[X,0x8000461C] -> 0x7FD3
mem[X,0x8000461E] -> 0x05DF
[4492] [M]: 0x8000461C (0x05DF7FD3) fadd.h ft11, ft10, ft9, dyn
f31 <- 0xFFFFFFFFFFFF7E00


mem[X,0x80004620] -> 0x2273
mem[X,0x80004622] -> 0x0030
[4493] [M]: 0x80004620 (0x00302273) csrrs tp, fcsr, zero
CSR fcsr -> 0x00000000
x4 <- 0x00000000


mem[X,0x80004624] -> 0xAC27
mem[X,0x80004626] -> 0x09F0
[4494] [M]: 0x80004624 (0x09F0AC27) fsw ft11, 152(ra)
mem[0x8000A0AC] <- 0xFFFF7E00


mem[X,0x80004628] -> 0xAE23
mem[X,0x8000462A] -> 0x0840
[4495] [M]: 0x80004628 (0x0840AE23) sw tp, 156(ra)
mem[0x8000A0B0] <- 0x00000000


mem[X,0x8000462C] -> 0x1137
mem[X,0x8000462E] -> 0x0000
[4496] [M]: 0x8000462C (0x00001137) lui sp, 1
x2 <- 0x00001000


mem[X,0x80004630] -> 0x0113
mem[X,0x80004632] -> 0x8001
[4497] [M]: 0x80004630 (0x80010113) addi sp, sp, 2048
x2 <- 0x00000800


mem[X,0x80004634] -> 0x81B3
mem[X,0x80004636] -> 0x0021
[4498] [M]: 0x80004634 (0x002181B3) add gp, gp, sp
x3 <- 0x80008810


mem[X,0x80004638] -> 0xAF07
mem[X,0x8000463A] -> 0x4A01
[4499] [M]: 0x80004638 (0x4A01AF07) flw ft10, 1184(gp)
mem[R,0x80008CB0] -> 0x00007E00
f30 <- 0xFFFFFFFF00007E00


clint::tick mtime <- 0x000000000000002D
 clint timer pending at mtime 0x000000000000002D
htif::tick 0x0000000000000000
mem[X,0x8000463C] -> 0x81B3
mem[X,0x8000463E] -> 0x4021
[4500] [M]: 0x8000463C (0x402181B3) sub gp, gp, sp
x3 <- 0x80008010


mem[X,0x80004640] -> 0x1137
mem[X,0x80004642] -> 0x0000
[4501] [M]: 0x80004640 (0x00001137) lui sp, 1
x2 <- 0x00001000


mem[X,0x80004644] -> 0x0113
mem[X,0x80004646] -> 0x8001
[4502] [M]: 0x80004644 (0x80010113) addi sp, sp, 2048
x2 <- 0x00000800


mem[X,0x80004648] -> 0x81B3
mem[X,0x8000464A] -> 0x0021
[4503] [M]: 0x80004648 (0x002181B3) add gp, gp, sp
x3 <- 0x80008810


mem[X,0x8000464C] -> 0xAE87
mem[X,0x8000464E] -> 0x4A41
[4504] [M]: 0x8000464C (0x4A41AE87) flw ft9, 1188(gp)
mem[R,0x80008CB4] -> 0x00007C01
f29 <- 0xFFFFFFFF00007C01


mem[X,0x80004650] -> 0x81B3
mem[X,0x80004652] -> 0x4021
[4505] [M]: 0x80004650 (0x402181B3) sub gp, gp, sp
x3 <- 0x80008010


mem[X,0x80004654] -> 0x0113
mem[X,0x80004656] -> 0x0000
[4506] [M]: 0x80004654 (0x00000113) addi sp, zero, 0
x2 <- 0x00000000


mem[X,0x80004658] -> 0x1073
mem[X,0x8000465A] -> 0x0031
[4507] [M]: 0x80004658 (0x00311073) csrrw zero, fcsr, sp
CSR fcsr -> 0x00000000
CSR fcsr <- 0x00000000 (input: 0x00000000)


mem[X,0x8000465C] -> 0x7FD3
mem[X,0x8000465E] -> 0x05DF
[4508] [M]: 0x8000465C (0x05DF7FD3) fadd.h ft11, ft10, ft9, dyn
f31 <- 0xFFFFFFFFFFFF7E00


mem[X,0x80004660] -> 0x2273
mem[X,0x80004662] -> 0x0030
[4509] [M]: 0x80004660 (0x00302273) csrrs tp, fcsr, zero
CSR fcsr -> 0x00000000
x4 <- 0x00000000


mem[X,0x80004664] -> 0xA027
mem[X,0x80004666] -> 0x0BF0
[4510] [M]: 0x80004664 (0x0BF0A027) fsw ft11, 160(ra)
mem[0x8000A0B4] <- 0xFFFF7E00


mem[X,0x80004668] -> 0xA223
mem[X,0x8000466A] -> 0x0A40
[4511] [M]: 0x80004668 (0x0A40A223) sw tp, 164(ra)
mem[0x8000A0B8] <- 0x00000000


mem[X,0x8000466C] -> 0x1137
mem[X,0x8000466E] -> 0x0000
[4512] [M]: 0x8000466C (0x00001137) lui sp, 1
x2 <- 0x00001000


mem[X,0x80004670] -> 0x0113
mem[X,0x80004672] -> 0x8001
[4513] [M]: 0x80004670 (0x80010113) addi sp, sp, 2048
x2 <- 0x00000800


mem[X,0x80004674] -> 0x81B3
mem[X,0x80004676] -> 0x0021
[4514] [M]: 0x80004674 (0x002181B3) add gp, gp, sp
x3 <- 0x80008810


mem[X,0x80004678] -> 0xAF07
mem[X,0x8000467A] -> 0x4A81
[4515] [M]: 0x80004678 (0x4A81AF07) flw ft10, 1192(gp)
mem[R,0x80008CB8] -> 0x00007E00
f30 <- 0xFFFFFFFF00007E00


mem[X,0x8000467C] -> 0x81B3
mem[X,0x8000467E] -> 0x4021
[4516] [M]: 0x8000467C (0x402181B3) sub gp, gp, sp
x3 <- 0x80008010


mem[X,0x80004680] -> 0x1137
mem[X,0x80004682] -> 0x0000
[4517] [M]: 0x80004680 (0x00001137) lui sp, 1
x2 <- 0x00001000


mem[X,0x80004684] -> 0x0113
mem[X,0x80004686] -> 0x8001
[4518] [M]: 0x80004684 (0x80010113) addi sp, sp, 2048
x2 <- 0x00000800


mem[X,0x80004688] -> 0x81B3
mem[X,0x8000468A] -> 0x0021
[4519] [M]: 0x80004688 (0x002181B3) add gp, gp, sp
x3 <- 0x80008810


mem[X,0x8000468C] -> 0xAE87
mem[X,0x8000468E] -> 0x4AC1
[4520] [M]: 0x8000468C (0x4AC1AE87) flw ft9, 1196(gp)
mem[R,0x80008CBC] -> 0x0000FD55
f29 <- 0xFFFFFFFF0000FD55


mem[X,0x80004690] -> 0x81B3
mem[X,0x80004692] -> 0x4021
[4521] [M]: 0x80004690 (0x402181B3) sub gp, gp, sp
x3 <- 0x80008010


mem[X,0x80004694] -> 0x0113
mem[X,0x80004696] -> 0x0000
[4522] [M]: 0x80004694 (0x00000113) addi sp, zero, 0
x2 <- 0x00000000


mem[X,0x80004698] -> 0x1073
mem[X,0x8000469A] -> 0x0031
[4523] [M]: 0x80004698 (0x00311073) csrrw zero, fcsr, sp
CSR fcsr -> 0x00000000
CSR fcsr <- 0x00000000 (input: 0x00000000)


mem[X,0x8000469C] -> 0x7FD3
mem[X,0x8000469E] -> 0x05DF
[4524] [M]: 0x8000469C (0x05DF7FD3) fadd.h ft11, ft10, ft9, dyn
f31 <- 0xFFFFFFFFFFFF7E00


mem[X,0x800046A0] -> 0x2273
mem[X,0x800046A2] -> 0x0030
[4525] [M]: 0x800046A0 (0x00302273) csrrs tp, fcsr, zero
CSR fcsr -> 0x00000000
x4 <- 0x00000000


mem[X,0x800046A4] -> 0xA427
mem[X,0x800046A6] -> 0x0BF0
[4526] [M]: 0x800046A4 (0x0BF0A427) fsw ft11, 168(ra)
mem[0x8000A0BC] <- 0xFFFF7E00


mem[X,0x800046A8] -> 0xA623
mem[X,0x800046AA] -> 0x0A40
[4527] [M]: 0x800046A8 (0x0A40A623) sw tp, 172(ra)
mem[0x8000A0C0] <- 0x00000000


mem[X,0x800046AC] -> 0x1137
mem[X,0x800046AE] -> 0x0000
[4528] [M]: 0x800046AC (0x00001137) lui sp, 1
x2 <- 0x00001000


mem[X,0x800046B0] -> 0x0113
mem[X,0x800046B2] -> 0x8001
[4529] [M]: 0x800046B0 (0x80010113) addi sp, sp, 2048
x2 <- 0x00000800


mem[X,0x800046B4] -> 0x81B3
mem[X,0x800046B6] -> 0x0021
[4530] [M]: 0x800046B4 (0x002181B3) add gp, gp, sp
x3 <- 0x80008810


mem[X,0x800046B8] -> 0xAF07
mem[X,0x800046BA] -> 0x4B01
[4531] [M]: 0x800046B8 (0x4B01AF07) flw ft10, 1200(gp)
mem[R,0x80008CC0] -> 0x00007E00
f30 <- 0xFFFFFFFF00007E00


mem[X,0x800046BC] -> 0x81B3
mem[X,0x800046BE] -> 0x4021
[4532] [M]: 0x800046BC (0x402181B3) sub gp, gp, sp
x3 <- 0x80008010


mem[X,0x800046C0] -> 0x1137
mem[X,0x800046C2] -> 0x0000
[4533] [M]: 0x800046C0 (0x00001137) lui sp, 1
x2 <- 0x00001000


mem[X,0x800046C4] -> 0x0113
mem[X,0x800046C6] -> 0x8001
[4534] [M]: 0x800046C4 (0x80010113) addi sp, sp, 2048
x2 <- 0x00000800


mem[X,0x800046C8] -> 0x81B3
mem[X,0x800046CA] -> 0x0021
[4535] [M]: 0x800046C8 (0x002181B3) add gp, gp, sp
x3 <- 0x80008810


mem[X,0x800046CC] -> 0xAE87
mem[X,0x800046CE] -> 0x4B41
[4536] [M]: 0x800046CC (0x4B41AE87) flw ft9, 1204(gp)
mem[R,0x80008CC4] -> 0x00003C00
f29 <- 0xFFFFFFFF00003C00


mem[X,0x800046D0] -> 0x81B3
mem[X,0x800046D2] -> 0x4021
[4537] [M]: 0x800046D0 (0x402181B3) sub gp, gp, sp
x3 <- 0x80008010


mem[X,0x800046D4] -> 0x0113
mem[X,0x800046D6] -> 0x0000
[4538] [M]: 0x800046D4 (0x00000113) addi sp, zero, 0
x2 <- 0x00000000


mem[X,0x800046D8] -> 0x1073
mem[X,0x800046DA] -> 0x0031
[4539] [M]: 0x800046D8 (0x00311073) csrrw zero, fcsr, sp
CSR fcsr -> 0x00000000
CSR fcsr <- 0x00000000 (input: 0x00000000)


mem[X,0x800046DC] -> 0x7FD3
mem[X,0x800046DE] -> 0x05DF
[4540] [M]: 0x800046DC (0x05DF7FD3) fadd.h ft11, ft10, ft9, dyn
f31 <- 0xFFFFFFFFFFFF7E00


mem[X,0x800046E0] -> 0x2273
mem[X,0x800046E2] -> 0x0030
[4541] [M]: 0x800046E0 (0x00302273) csrrs tp, fcsr, zero
CSR fcsr -> 0x00000000
x4 <- 0x00000000


mem[X,0x800046E4] -> 0xA827
mem[X,0x800046E6] -> 0x0BF0
[4542] [M]: 0x800046E4 (0x0BF0A827) fsw ft11, 176(ra)
mem[0x8000A0C4] <- 0xFFFF7E00


mem[X,0x800046E8] -> 0xAA23
mem[X,0x800046EA] -> 0x0A40
[4543] [M]: 0x800046E8 (0x0A40AA23) sw tp, 180(ra)
mem[0x8000A0C8] <- 0x00000000


mem[X,0x800046EC] -> 0x1137
mem[X,0x800046EE] -> 0x0000
[4544] [M]: 0x800046EC (0x00001137) lui sp, 1
x2 <- 0x00001000


mem[X,0x800046F0] -> 0x0113
mem[X,0x800046F2] -> 0x8001
[4545] [M]: 0x800046F0 (0x80010113) addi sp, sp, 2048
x2 <- 0x00000800


mem[X,0x800046F4] -> 0x81B3
mem[X,0x800046F6] -> 0x0021
[4546] [M]: 0x800046F4 (0x002181B3) add gp, gp, sp
x3 <- 0x80008810


mem[X,0x800046F8] -> 0xAF07
mem[X,0x800046FA] -> 0x4B81
[4547] [M]: 0x800046F8 (0x4B81AF07) flw ft10, 1208(gp)
mem[R,0x80008CC8] -> 0x00007E00
f30 <- 0xFFFFFFFF00007E00


mem[X,0x800046FC] -> 0x81B3
mem[X,0x800046FE] -> 0x4021
[4548] [M]: 0x800046FC (0x402181B3) sub gp, gp, sp
x3 <- 0x80008010


mem[X,0x80004700] -> 0x1137
mem[X,0x80004702] -> 0x0000
[4549] [M]: 0x80004700 (0x00001137) lui sp, 1
x2 <- 0x00001000


mem[X,0x80004704] -> 0x0113
mem[X,0x80004706] -> 0x8001
[4550] [M]: 0x80004704 (0x80010113) addi sp, sp, 2048
x2 <- 0x00000800


mem[X,0x80004708] -> 0x81B3
mem[X,0x8000470A] -> 0x0021
[4551] [M]: 0x80004708 (0x002181B3) add gp, gp, sp
x3 <- 0x80008810


mem[X,0x8000470C] -> 0xAE87
mem[X,0x8000470E] -> 0x4BC1
[4552] [M]: 0x8000470C (0x4BC1AE87) flw ft9, 1212(gp)
mem[R,0x80008CCC] -> 0x0000BC00
f29 <- 0xFFFFFFFF0000BC00


mem[X,0x80004710] -> 0x81B3
mem[X,0x80004712] -> 0x4021
[4553] [M]: 0x80004710 (0x402181B3) sub gp, gp, sp
x3 <- 0x80008010


mem[X,0x80004714] -> 0x0113
mem[X,0x80004716] -> 0x0000
[4554] [M]: 0x80004714 (0x00000113) addi sp, zero, 0
x2 <- 0x00000000


mem[X,0x80004718] -> 0x1073
mem[X,0x8000471A] -> 0x0031
[4555] [M]: 0x80004718 (0x00311073) csrrw zero, fcsr, sp
CSR fcsr -> 0x00000000
CSR fcsr <- 0x00000000 (input: 0x00000000)


mem[X,0x8000471C] -> 0x7FD3
mem[X,0x8000471E] -> 0x05DF
[4556] [M]: 0x8000471C (0x05DF7FD3) fadd.h ft11, ft10, ft9, dyn
f31 <- 0xFFFFFFFFFFFF7E00


mem[X,0x80004720] -> 0x2273
mem[X,0x80004722] -> 0x0030
[4557] [M]: 0x80004720 (0x00302273) csrrs tp, fcsr, zero
CSR fcsr -> 0x00000000
x4 <- 0x00000000


mem[X,0x80004724] -> 0xAC27
mem[X,0x80004726] -> 0x0BF0
[4558] [M]: 0x80004724 (0x0BF0AC27) fsw ft11, 184(ra)
mem[0x8000A0CC] <- 0xFFFF7E00


mem[X,0x80004728] -> 0xAE23
mem[X,0x8000472A] -> 0x0A40
[4559] [M]: 0x80004728 (0x0A40AE23) sw tp, 188(ra)
mem[0x8000A0D0] <- 0x00000000


mem[X,0x8000472C] -> 0x1137
mem[X,0x8000472E] -> 0x0000
[4560] [M]: 0x8000472C (0x00001137) lui sp, 1
x2 <- 0x00001000


mem[X,0x80004730] -> 0x0113
mem[X,0x80004732] -> 0x8001
[4561] [M]: 0x80004730 (0x80010113) addi sp, sp, 2048
x2 <- 0x00000800


mem[X,0x80004734] -> 0x81B3
mem[X,0x80004736] -> 0x0021
[4562] [M]: 0x80004734 (0x002181B3) add gp, gp, sp
x3 <- 0x80008810


mem[X,0x80004738] -> 0xAF07
mem[X,0x8000473A] -> 0x4C01
[4563] [M]: 0x80004738 (0x4C01AF07) flw ft10, 1216(gp)
mem[R,0x80008CD0] -> 0x0000FE00
f30 <- 0xFFFFFFFF0000FE00


mem[X,0x8000473C] -> 0x81B3
mem[X,0x8000473E] -> 0x4021
[4564] [M]: 0x8000473C (0x402181B3) sub gp, gp, sp
x3 <- 0x80008010


mem[X,0x80004740] -> 0x1137
mem[X,0x80004742] -> 0x0000
[4565] [M]: 0x80004740 (0x00001137) lui sp, 1
x2 <- 0x00001000


mem[X,0x80004744] -> 0x0113
mem[X,0x80004746] -> 0x8001
[4566] [M]: 0x80004744 (0x80010113) addi sp, sp, 2048
x2 <- 0x00000800


mem[X,0x80004748] -> 0x81B3
mem[X,0x8000474A] -> 0x0021
[4567] [M]: 0x80004748 (0x002181B3) add gp, gp, sp
x3 <- 0x80008810


mem[X,0x8000474C] -> 0xAE87
mem[X,0x8000474E] -> 0x4C41
[4568] [M]: 0x8000474C (0x4C41AE87) flw ft9, 1220(gp)
mem[R,0x80008CD4] -> 0x00000000
f29 <- 0xFFFFFFFF00000000


mem[X,0x80004750] -> 0x81B3
mem[X,0x80004752] -> 0x4021
[4569] [M]: 0x80004750 (0x402181B3) sub gp, gp, sp
x3 <- 0x80008010


mem[X,0x80004754] -> 0x0113
mem[X,0x80004756] -> 0x0000
[4570] [M]: 0x80004754 (0x00000113) addi sp, zero, 0
x2 <- 0x00000000


mem[X,0x80004758] -> 0x1073
mem[X,0x8000475A] -> 0x0031
[4571] [M]: 0x80004758 (0x00311073) csrrw zero, fcsr, sp
CSR fcsr -> 0x00000000
CSR fcsr <- 0x00000000 (input: 0x00000000)


mem[X,0x8000475C] -> 0x7FD3
mem[X,0x8000475E] -> 0x05DF
[4572] [M]: 0x8000475C (0x05DF7FD3) fadd.h ft11, ft10, ft9, dyn
f31 <- 0xFFFFFFFFFFFF7E00


mem[X,0x80004760] -> 0x2273
mem[X,0x80004762] -> 0x0030
[4573] [M]: 0x80004760 (0x00302273) csrrs tp, fcsr, zero
CSR fcsr -> 0x00000000
x4 <- 0x00000000


mem[X,0x80004764] -> 0xA027
mem[X,0x80004766] -> 0x0DF0
[4574] [M]: 0x80004764 (0x0DF0A027) fsw ft11, 192(ra)
mem[0x8000A0D4] <- 0xFFFF7E00


mem[X,0x80004768] -> 0xA223
mem[X,0x8000476A] -> 0x0C40
[4575] [M]: 0x80004768 (0x0C40A223) sw tp, 196(ra)
mem[0x8000A0D8] <- 0x00000000


mem[X,0x8000476C] -> 0x1137
mem[X,0x8000476E] -> 0x0000
[4576] [M]: 0x8000476C (0x00001137) lui sp, 1
x2 <- 0x00001000


mem[X,0x80004770] -> 0x0113
mem[X,0x80004772] -> 0x8001
[4577] [M]: 0x80004770 (0x80010113) addi sp, sp, 2048
x2 <- 0x00000800


mem[X,0x80004774] -> 0x81B3
mem[X,0x80004776] -> 0x0021
[4578] [M]: 0x80004774 (0x002181B3) add gp, gp, sp
x3 <- 0x80008810


mem[X,0x80004778] -> 0xAF07
mem[X,0x8000477A] -> 0x4C81
[4579] [M]: 0x80004778 (0x4C81AF07) flw ft10, 1224(gp)
mem[R,0x80008CD8] -> 0x0000FE00
f30 <- 0xFFFFFFFF0000FE00


mem[X,0x8000477C] -> 0x81B3
mem[X,0x8000477E] -> 0x4021
[4580] [M]: 0x8000477C (0x402181B3) sub gp, gp, sp
x3 <- 0x80008010


mem[X,0x80004780] -> 0x1137
mem[X,0x80004782] -> 0x0000
[4581] [M]: 0x80004780 (0x00001137) lui sp, 1
x2 <- 0x00001000


mem[X,0x80004784] -> 0x0113
mem[X,0x80004786] -> 0x8001
[4582] [M]: 0x80004784 (0x80010113) addi sp, sp, 2048
x2 <- 0x00000800


mem[X,0x80004788] -> 0x81B3
mem[X,0x8000478A] -> 0x0021
[4583] [M]: 0x80004788 (0x002181B3) add gp, gp, sp
x3 <- 0x80008810


mem[X,0x8000478C] -> 0xAE87
mem[X,0x8000478E] -> 0x4CC1
[4584] [M]: 0x8000478C (0x4CC1AE87) flw ft9, 1228(gp)
mem[R,0x80008CDC] -> 0x00008000
f29 <- 0xFFFFFFFF00008000


mem[X,0x80004790] -> 0x81B3
mem[X,0x80004792] -> 0x4021
[4585] [M]: 0x80004790 (0x402181B3) sub gp, gp, sp
x3 <- 0x80008010


mem[X,0x80004794] -> 0x0113
mem[X,0x80004796] -> 0x0000
[4586] [M]: 0x80004794 (0x00000113) addi sp, zero, 0
x2 <- 0x00000000


mem[X,0x80004798] -> 0x1073
mem[X,0x8000479A] -> 0x0031
[4587] [M]: 0x80004798 (0x00311073) csrrw zero, fcsr, sp
CSR fcsr -> 0x00000000
CSR fcsr <- 0x00000000 (input: 0x00000000)


mem[X,0x8000479C] -> 0x7FD3
mem[X,0x8000479E] -> 0x05DF
[4588] [M]: 0x8000479C (0x05DF7FD3) fadd.h ft11, ft10, ft9, dyn
f31 <- 0xFFFFFFFFFFFF7E00


mem[X,0x800047A0] -> 0x2273
mem[X,0x800047A2] -> 0x0030
[4589] [M]: 0x800047A0 (0x00302273) csrrs tp, fcsr, zero
CSR fcsr -> 0x00000000
x4 <- 0x00000000


mem[X,0x800047A4] -> 0xA427
mem[X,0x800047A6] -> 0x0DF0
[4590] [M]: 0x800047A4 (0x0DF0A427) fsw ft11, 200(ra)
mem[0x8000A0DC] <- 0xFFFF7E00


mem[X,0x800047A8] -> 0xA623
mem[X,0x800047AA] -> 0x0C40
[4591] [M]: 0x800047A8 (0x0C40A623) sw tp, 204(ra)
mem[0x8000A0E0] <- 0x00000000


mem[X,0x800047AC] -> 0x1137
mem[X,0x800047AE] -> 0x0000
[4592] [M]: 0x800047AC (0x00001137) lui sp, 1
x2 <- 0x00001000


mem[X,0x800047B0] -> 0x0113
mem[X,0x800047B2] -> 0x8001
[4593] [M]: 0x800047B0 (0x80010113) addi sp, sp, 2048
x2 <- 0x00000800


mem[X,0x800047B4] -> 0x81B3
mem[X,0x800047B6] -> 0x0021
[4594] [M]: 0x800047B4 (0x002181B3) add gp, gp, sp
x3 <- 0x80008810


mem[X,0x800047B8] -> 0xAF07
mem[X,0x800047BA] -> 0x4D01
[4595] [M]: 0x800047B8 (0x4D01AF07) flw ft10, 1232(gp)
mem[R,0x80008CE0] -> 0x0000FE00
f30 <- 0xFFFFFFFF0000FE00


mem[X,0x800047BC] -> 0x81B3
mem[X,0x800047BE] -> 0x4021
[4596] [M]: 0x800047BC (0x402181B3) sub gp, gp, sp
x3 <- 0x80008010


mem[X,0x800047C0] -> 0x1137
mem[X,0x800047C2] -> 0x0000
[4597] [M]: 0x800047C0 (0x00001137) lui sp, 1
x2 <- 0x00001000


mem[X,0x800047C4] -> 0x0113
mem[X,0x800047C6] -> 0x8001
[4598] [M]: 0x800047C4 (0x80010113) addi sp, sp, 2048
x2 <- 0x00000800


mem[X,0x800047C8] -> 0x81B3
mem[X,0x800047CA] -> 0x0021
[4599] [M]: 0x800047C8 (0x002181B3) add gp, gp, sp
x3 <- 0x80008810


clint::tick mtime <- 0x000000000000002E
 clint timer pending at mtime 0x000000000000002E
htif::tick 0x0000000000000000
mem[X,0x800047CC] -> 0xAE87
mem[X,0x800047CE] -> 0x4D41
[4600] [M]: 0x800047CC (0x4D41AE87) flw ft9, 1236(gp)
mem[R,0x80008CE4] -> 0x00000001
f29 <- 0xFFFFFFFF00000001


mem[X,0x800047D0] -> 0x81B3
mem[X,0x800047D2] -> 0x4021
[4601] [M]: 0x800047D0 (0x402181B3) sub gp, gp, sp
x3 <- 0x80008010


mem[X,0x800047D4] -> 0x0113
mem[X,0x800047D6] -> 0x0000
[4602] [M]: 0x800047D4 (0x00000113) addi sp, zero, 0
x2 <- 0x00000000


mem[X,0x800047D8] -> 0x1073
mem[X,0x800047DA] -> 0x0031
[4603] [M]: 0x800047D8 (0x00311073) csrrw zero, fcsr, sp
CSR fcsr -> 0x00000000
CSR fcsr <- 0x00000000 (input: 0x00000000)


mem[X,0x800047DC] -> 0x7FD3
mem[X,0x800047DE] -> 0x05DF
[4604] [M]: 0x800047DC (0x05DF7FD3) fadd.h ft11, ft10, ft9, dyn
f31 <- 0xFFFFFFFFFFFF7E00


mem[X,0x800047E0] -> 0x2273
mem[X,0x800047E2] -> 0x0030
[4605] [M]: 0x800047E0 (0x00302273) csrrs tp, fcsr, zero
CSR fcsr -> 0x00000000
x4 <- 0x00000000


mem[X,0x800047E4] -> 0xA827
mem[X,0x800047E6] -> 0x0DF0
[4606] [M]: 0x800047E4 (0x0DF0A827) fsw ft11, 208(ra)
mem[0x8000A0E4] <- 0xFFFF7E00


mem[X,0x800047E8] -> 0xAA23
mem[X,0x800047EA] -> 0x0C40
[4607] [M]: 0x800047E8 (0x0C40AA23) sw tp, 212(ra)
mem[0x8000A0E8] <- 0x00000000


mem[X,0x800047EC] -> 0x1137
mem[X,0x800047EE] -> 0x0000
[4608] [M]: 0x800047EC (0x00001137) lui sp, 1
x2 <- 0x00001000


mem[X,0x800047F0] -> 0x0113
mem[X,0x800047F2] -> 0x8001
[4609] [M]: 0x800047F0 (0x80010113) addi sp, sp, 2048
x2 <- 0x00000800


mem[X,0x800047F4] -> 0x81B3
mem[X,0x800047F6] -> 0x0021
[4610] [M]: 0x800047F4 (0x002181B3) add gp, gp, sp
x3 <- 0x80008810


mem[X,0x800047F8] -> 0xAF07
mem[X,0x800047FA] -> 0x4D81
[4611] [M]: 0x800047F8 (0x4D81AF07) flw ft10, 1240(gp)
mem[R,0x80008CE8] -> 0x0000FE00
f30 <- 0xFFFFFFFF0000FE00


mem[X,0x800047FC] -> 0x81B3
mem[X,0x800047FE] -> 0x4021
[4612] [M]: 0x800047FC (0x402181B3) sub gp, gp, sp
x3 <- 0x80008010


mem[X,0x80004800] -> 0x1137
mem[X,0x80004802] -> 0x0000
[4613] [M]: 0x80004800 (0x00001137) lui sp, 1
x2 <- 0x00001000


mem[X,0x80004804] -> 0x0113
mem[X,0x80004806] -> 0x8001
[4614] [M]: 0x80004804 (0x80010113) addi sp, sp, 2048
x2 <- 0x00000800


mem[X,0x80004808] -> 0x81B3
mem[X,0x8000480A] -> 0x0021
[4615] [M]: 0x80004808 (0x002181B3) add gp, gp, sp
x3 <- 0x80008810


mem[X,0x8000480C] -> 0xAE87
mem[X,0x8000480E] -> 0x4DC1
[4616] [M]: 0x8000480C (0x4DC1AE87) flw ft9, 1244(gp)
mem[R,0x80008CEC] -> 0x00008001
f29 <- 0xFFFFFFFF00008001


mem[X,0x80004810] -> 0x81B3
mem[X,0x80004812] -> 0x4021
[4617] [M]: 0x80004810 (0x402181B3) sub gp, gp, sp
x3 <- 0x80008010


mem[X,0x80004814] -> 0x0113
mem[X,0x80004816] -> 0x0000
[4618] [M]: 0x80004814 (0x00000113) addi sp, zero, 0
x2 <- 0x00000000


mem[X,0x80004818] -> 0x1073
mem[X,0x8000481A] -> 0x0031
[4619] [M]: 0x80004818 (0x00311073) csrrw zero, fcsr, sp
CSR fcsr -> 0x00000000
CSR fcsr <- 0x00000000 (input: 0x00000000)


mem[X,0x8000481C] -> 0x7FD3
mem[X,0x8000481E] -> 0x05DF
[4620] [M]: 0x8000481C (0x05DF7FD3) fadd.h ft11, ft10, ft9, dyn
f31 <- 0xFFFFFFFFFFFF7E00


mem[X,0x80004820] -> 0x2273
mem[X,0x80004822] -> 0x0030
[4621] [M]: 0x80004820 (0x00302273) csrrs tp, fcsr, zero
CSR fcsr -> 0x00000000
x4 <- 0x00000000


mem[X,0x80004824] -> 0xAC27
mem[X,0x80004826] -> 0x0DF0
[4622] [M]: 0x80004824 (0x0DF0AC27) fsw ft11, 216(ra)
mem[0x8000A0EC] <- 0xFFFF7E00


mem[X,0x80004828] -> 0xAE23
mem[X,0x8000482A] -> 0x0C40
[4623] [M]: 0x80004828 (0x0C40AE23) sw tp, 220(ra)
mem[0x8000A0F0] <- 0x00000000


mem[X,0x8000482C] -> 0x1137
mem[X,0x8000482E] -> 0x0000
[4624] [M]: 0x8000482C (0x00001137) lui sp, 1
x2 <- 0x00001000


mem[X,0x80004830] -> 0x0113
mem[X,0x80004832] -> 0x8001
[4625] [M]: 0x80004830 (0x80010113) addi sp, sp, 2048
x2 <- 0x00000800


mem[X,0x80004834] -> 0x81B3
mem[X,0x80004836] -> 0x0021
[4626] [M]: 0x80004834 (0x002181B3) add gp, gp, sp
x3 <- 0x80008810


mem[X,0x80004838] -> 0xAF07
mem[X,0x8000483A] -> 0x4E01
[4627] [M]: 0x80004838 (0x4E01AF07) flw ft10, 1248(gp)
mem[R,0x80008CF0] -> 0x0000FE00
f30 <- 0xFFFFFFFF0000FE00


mem[X,0x8000483C] -> 0x81B3
mem[X,0x8000483E] -> 0x4021
[4628] [M]: 0x8000483C (0x402181B3) sub gp, gp, sp
x3 <- 0x80008010


mem[X,0x80004840] -> 0x1137
mem[X,0x80004842] -> 0x0000
[4629] [M]: 0x80004840 (0x00001137) lui sp, 1
x2 <- 0x00001000


mem[X,0x80004844] -> 0x0113
mem[X,0x80004846] -> 0x8001
[4630] [M]: 0x80004844 (0x80010113) addi sp, sp, 2048
x2 <- 0x00000800


mem[X,0x80004848] -> 0x81B3
mem[X,0x8000484A] -> 0x0021
[4631] [M]: 0x80004848 (0x002181B3) add gp, gp, sp
x3 <- 0x80008810


mem[X,0x8000484C] -> 0xAE87
mem[X,0x8000484E] -> 0x4E41
[4632] [M]: 0x8000484C (0x4E41AE87) flw ft9, 1252(gp)
mem[R,0x80008CF4] -> 0x00000002
f29 <- 0xFFFFFFFF00000002


mem[X,0x80004850] -> 0x81B3
mem[X,0x80004852] -> 0x4021
[4633] [M]: 0x80004850 (0x402181B3) sub gp, gp, sp
x3 <- 0x80008010


mem[X,0x80004854] -> 0x0113
mem[X,0x80004856] -> 0x0000
[4634] [M]: 0x80004854 (0x00000113) addi sp, zero, 0
x2 <- 0x00000000


mem[X,0x80004858] -> 0x1073
mem[X,0x8000485A] -> 0x0031
[4635] [M]: 0x80004858 (0x00311073) csrrw zero, fcsr, sp
CSR fcsr -> 0x00000000
CSR fcsr <- 0x00000000 (input: 0x00000000)


mem[X,0x8000485C] -> 0x7FD3
mem[X,0x8000485E] -> 0x05DF
[4636] [M]: 0x8000485C (0x05DF7FD3) fadd.h ft11, ft10, ft9, dyn
f31 <- 0xFFFFFFFFFFFF7E00


mem[X,0x80004860] -> 0x2273
mem[X,0x80004862] -> 0x0030
[4637] [M]: 0x80004860 (0x00302273) csrrs tp, fcsr, zero
CSR fcsr -> 0x00000000
x4 <- 0x00000000


mem[X,0x80004864] -> 0xA027
mem[X,0x80004866] -> 0x0FF0
[4638] [M]: 0x80004864 (0x0FF0A027) fsw ft11, 224(ra)
mem[0x8000A0F4] <- 0xFFFF7E00


mem[X,0x80004868] -> 0xA223
mem[X,0x8000486A] -> 0x0E40
[4639] [M]: 0x80004868 (0x0E40A223) sw tp, 228(ra)
mem[0x8000A0F8] <- 0x00000000


mem[X,0x8000486C] -> 0x1137
mem[X,0x8000486E] -> 0x0000
[4640] [M]: 0x8000486C (0x00001137) lui sp, 1
x2 <- 0x00001000


mem[X,0x80004870] -> 0x0113
mem[X,0x80004872] -> 0x8001
[4641] [M]: 0x80004870 (0x80010113) addi sp, sp, 2048
x2 <- 0x00000800


mem[X,0x80004874] -> 0x81B3
mem[X,0x80004876] -> 0x0021
[4642] [M]: 0x80004874 (0x002181B3) add gp, gp, sp
x3 <- 0x80008810


mem[X,0x80004878] -> 0xAF07
mem[X,0x8000487A] -> 0x4E81
[4643] [M]: 0x80004878 (0x4E81AF07) flw ft10, 1256(gp)
mem[R,0x80008CF8] -> 0x0000FE00
f30 <- 0xFFFFFFFF0000FE00


mem[X,0x8000487C] -> 0x81B3
mem[X,0x8000487E] -> 0x4021
[4644] [M]: 0x8000487C (0x402181B3) sub gp, gp, sp
x3 <- 0x80008010


mem[X,0x80004880] -> 0x1137
mem[X,0x80004882] -> 0x0000
[4645] [M]: 0x80004880 (0x00001137) lui sp, 1
x2 <- 0x00001000


mem[X,0x80004884] -> 0x0113
mem[X,0x80004886] -> 0x8001
[4646] [M]: 0x80004884 (0x80010113) addi sp, sp, 2048
x2 <- 0x00000800


mem[X,0x80004888] -> 0x81B3
mem[X,0x8000488A] -> 0x0021
[4647] [M]: 0x80004888 (0x002181B3) add gp, gp, sp
x3 <- 0x80008810


mem[X,0x8000488C] -> 0xAE87
mem[X,0x8000488E] -> 0x4EC1
[4648] [M]: 0x8000488C (0x4EC1AE87) flw ft9, 1260(gp)
mem[R,0x80008CFC] -> 0x000083FE
f29 <- 0xFFFFFFFF000083FE


mem[X,0x80004890] -> 0x81B3
mem[X,0x80004892] -> 0x4021
[4649] [M]: 0x80004890 (0x402181B3) sub gp, gp, sp
x3 <- 0x80008010


mem[X,0x80004894] -> 0x0113
mem[X,0x80004896] -> 0x0000
[4650] [M]: 0x80004894 (0x00000113) addi sp, zero, 0
x2 <- 0x00000000


mem[X,0x80004898] -> 0x1073
mem[X,0x8000489A] -> 0x0031
[4651] [M]: 0x80004898 (0x00311073) csrrw zero, fcsr, sp
CSR fcsr -> 0x00000000
CSR fcsr <- 0x00000000 (input: 0x00000000)


mem[X,0x8000489C] -> 0x7FD3
mem[X,0x8000489E] -> 0x05DF
[4652] [M]: 0x8000489C (0x05DF7FD3) fadd.h ft11, ft10, ft9, dyn
f31 <- 0xFFFFFFFFFFFF7E00


mem[X,0x800048A0] -> 0x2273
mem[X,0x800048A2] -> 0x0030
[4653] [M]: 0x800048A0 (0x00302273) csrrs tp, fcsr, zero
CSR fcsr -> 0x00000000
x4 <- 0x00000000


mem[X,0x800048A4] -> 0xA427
mem[X,0x800048A6] -> 0x0FF0
[4654] [M]: 0x800048A4 (0x0FF0A427) fsw ft11, 232(ra)
mem[0x8000A0FC] <- 0xFFFF7E00


mem[X,0x800048A8] -> 0xA623
mem[X,0x800048AA] -> 0x0E40
[4655] [M]: 0x800048A8 (0x0E40A623) sw tp, 236(ra)
mem[0x8000A100] <- 0x00000000


mem[X,0x800048AC] -> 0x1137
mem[X,0x800048AE] -> 0x0000
[4656] [M]: 0x800048AC (0x00001137) lui sp, 1
x2 <- 0x00001000


mem[X,0x800048B0] -> 0x0113
mem[X,0x800048B2] -> 0x8001
[4657] [M]: 0x800048B0 (0x80010113) addi sp, sp, 2048
x2 <- 0x00000800


mem[X,0x800048B4] -> 0x81B3
mem[X,0x800048B6] -> 0x0021
[4658] [M]: 0x800048B4 (0x002181B3) add gp, gp, sp
x3 <- 0x80008810


mem[X,0x800048B8] -> 0xAF07
mem[X,0x800048BA] -> 0x4F01
[4659] [M]: 0x800048B8 (0x4F01AF07) flw ft10, 1264(gp)
mem[R,0x80008D00] -> 0x0000FE00
f30 <- 0xFFFFFFFF0000FE00


mem[X,0x800048BC] -> 0x81B3
mem[X,0x800048BE] -> 0x4021
[4660] [M]: 0x800048BC (0x402181B3) sub gp, gp, sp
x3 <- 0x80008010


mem[X,0x800048C0] -> 0x1137
mem[X,0x800048C2] -> 0x0000
[4661] [M]: 0x800048C0 (0x00001137) lui sp, 1
x2 <- 0x00001000


mem[X,0x800048C4] -> 0x0113
mem[X,0x800048C6] -> 0x8001
[4662] [M]: 0x800048C4 (0x80010113) addi sp, sp, 2048
x2 <- 0x00000800


mem[X,0x800048C8] -> 0x81B3
mem[X,0x800048CA] -> 0x0021
[4663] [M]: 0x800048C8 (0x002181B3) add gp, gp, sp
x3 <- 0x80008810


mem[X,0x800048CC] -> 0xAE87
mem[X,0x800048CE] -> 0x4F41
[4664] [M]: 0x800048CC (0x4F41AE87) flw ft9, 1268(gp)
mem[R,0x80008D04] -> 0x000003FF
f29 <- 0xFFFFFFFF000003FF


mem[X,0x800048D0] -> 0x81B3
mem[X,0x800048D2] -> 0x4021
[4665] [M]: 0x800048D0 (0x402181B3) sub gp, gp, sp
x3 <- 0x80008010


mem[X,0x800048D4] -> 0x0113
mem[X,0x800048D6] -> 0x0000
[4666] [M]: 0x800048D4 (0x00000113) addi sp, zero, 0
x2 <- 0x00000000


mem[X,0x800048D8] -> 0x1073
mem[X,0x800048DA] -> 0x0031
[4667] [M]: 0x800048D8 (0x00311073) csrrw zero, fcsr, sp
CSR fcsr -> 0x00000000
CSR fcsr <- 0x00000000 (input: 0x00000000)


mem[X,0x800048DC] -> 0x7FD3
mem[X,0x800048DE] -> 0x05DF
[4668] [M]: 0x800048DC (0x05DF7FD3) fadd.h ft11, ft10, ft9, dyn
f31 <- 0xFFFFFFFFFFFF7E00


mem[X,0x800048E0] -> 0x2273
mem[X,0x800048E2] -> 0x0030
[4669] [M]: 0x800048E0 (0x00302273) csrrs tp, fcsr, zero
CSR fcsr -> 0x00000000
x4 <- 0x00000000


mem[X,0x800048E4] -> 0xA827
mem[X,0x800048E6] -> 0x0FF0
[4670] [M]: 0x800048E4 (0x0FF0A827) fsw ft11, 240(ra)
mem[0x8000A104] <- 0xFFFF7E00


mem[X,0x800048E8] -> 0xAA23
mem[X,0x800048EA] -> 0x0E40
[4671] [M]: 0x800048E8 (0x0E40AA23) sw tp, 244(ra)
mem[0x8000A108] <- 0x00000000


mem[X,0x800048EC] -> 0x1137
mem[X,0x800048EE] -> 0x0000
[4672] [M]: 0x800048EC (0x00001137) lui sp, 1
x2 <- 0x00001000


mem[X,0x800048F0] -> 0x0113
mem[X,0x800048F2] -> 0x8001
[4673] [M]: 0x800048F0 (0x80010113) addi sp, sp, 2048
x2 <- 0x00000800


mem[X,0x800048F4] -> 0x81B3
mem[X,0x800048F6] -> 0x0021
[4674] [M]: 0x800048F4 (0x002181B3) add gp, gp, sp
x3 <- 0x80008810


mem[X,0x800048F8] -> 0xAF07
mem[X,0x800048FA] -> 0x4F81
[4675] [M]: 0x800048F8 (0x4F81AF07) flw ft10, 1272(gp)
mem[R,0x80008D08] -> 0x0000FE00
f30 <- 0xFFFFFFFF0000FE00


mem[X,0x800048FC] -> 0x81B3
mem[X,0x800048FE] -> 0x4021
[4676] [M]: 0x800048FC (0x402181B3) sub gp, gp, sp
x3 <- 0x80008010


mem[X,0x80004900] -> 0x1137
mem[X,0x80004902] -> 0x0000
[4677] [M]: 0x80004900 (0x00001137) lui sp, 1
x2 <- 0x00001000


mem[X,0x80004904] -> 0x0113
mem[X,0x80004906] -> 0x8001
[4678] [M]: 0x80004904 (0x80010113) addi sp, sp, 2048
x2 <- 0x00000800


mem[X,0x80004908] -> 0x81B3
mem[X,0x8000490A] -> 0x0021
[4679] [M]: 0x80004908 (0x002181B3) add gp, gp, sp
x3 <- 0x80008810


mem[X,0x8000490C] -> 0xAE87
mem[X,0x8000490E] -> 0x4FC1
[4680] [M]: 0x8000490C (0x4FC1AE87) flw ft9, 1276(gp)
mem[R,0x80008D0C] -> 0x000083FF
f29 <- 0xFFFFFFFF000083FF


mem[X,0x80004910] -> 0x81B3
mem[X,0x80004912] -> 0x4021
[4681] [M]: 0x80004910 (0x402181B3) sub gp, gp, sp
x3 <- 0x80008010


mem[X,0x80004914] -> 0x0113
mem[X,0x80004916] -> 0x0000
[4682] [M]: 0x80004914 (0x00000113) addi sp, zero, 0
x2 <- 0x00000000


mem[X,0x80004918] -> 0x1073
mem[X,0x8000491A] -> 0x0031
[4683] [M]: 0x80004918 (0x00311073) csrrw zero, fcsr, sp
CSR fcsr -> 0x00000000
CSR fcsr <- 0x00000000 (input: 0x00000000)


mem[X,0x8000491C] -> 0x7FD3
mem[X,0x8000491E] -> 0x05DF
[4684] [M]: 0x8000491C (0x05DF7FD3) fadd.h ft11, ft10, ft9, dyn
f31 <- 0xFFFFFFFFFFFF7E00


mem[X,0x80004920] -> 0x2273
mem[X,0x80004922] -> 0x0030
[4685] [M]: 0x80004920 (0x00302273) csrrs tp, fcsr, zero
CSR fcsr -> 0x00000000
x4 <- 0x00000000


mem[X,0x80004924] -> 0xAC27
mem[X,0x80004926] -> 0x0FF0
[4686] [M]: 0x80004924 (0x0FF0AC27) fsw ft11, 248(ra)
mem[0x8000A10C] <- 0xFFFF7E00


mem[X,0x80004928] -> 0xAE23
mem[X,0x8000492A] -> 0x0E40
[4687] [M]: 0x80004928 (0x0E40AE23) sw tp, 252(ra)
mem[0x8000A110] <- 0x00000000


mem[X,0x8000492C] -> 0x1137
mem[X,0x8000492E] -> 0x0000
[4688] [M]: 0x8000492C (0x00001137) lui sp, 1
x2 <- 0x00001000


mem[X,0x80004930] -> 0x0113
mem[X,0x80004932] -> 0x8001
[4689] [M]: 0x80004930 (0x80010113) addi sp, sp, 2048
x2 <- 0x00000800


mem[X,0x80004934] -> 0x81B3
mem[X,0x80004936] -> 0x0021
[4690] [M]: 0x80004934 (0x002181B3) add gp, gp, sp
x3 <- 0x80008810


mem[X,0x80004938] -> 0xAF07
mem[X,0x8000493A] -> 0x5001
[4691] [M]: 0x80004938 (0x5001AF07) flw ft10, 1280(gp)
mem[R,0x80008D10] -> 0x0000FE00
f30 <- 0xFFFFFFFF0000FE00


mem[X,0x8000493C] -> 0x81B3
mem[X,0x8000493E] -> 0x4021
[4692] [M]: 0x8000493C (0x402181B3) sub gp, gp, sp
x3 <- 0x80008010


mem[X,0x80004940] -> 0x1137
mem[X,0x80004942] -> 0x0000
[4693] [M]: 0x80004940 (0x00001137) lui sp, 1
x2 <- 0x00001000


mem[X,0x80004944] -> 0x0113
mem[X,0x80004946] -> 0x8001
[4694] [M]: 0x80004944 (0x80010113) addi sp, sp, 2048
x2 <- 0x00000800


mem[X,0x80004948] -> 0x81B3
mem[X,0x8000494A] -> 0x0021
[4695] [M]: 0x80004948 (0x002181B3) add gp, gp, sp
x3 <- 0x80008810


mem[X,0x8000494C] -> 0xAE87
mem[X,0x8000494E] -> 0x5041
[4696] [M]: 0x8000494C (0x5041AE87) flw ft9, 1284(gp)
mem[R,0x80008D14] -> 0x00000400
f29 <- 0xFFFFFFFF00000400


mem[X,0x80004950] -> 0x81B3
mem[X,0x80004952] -> 0x4021
[4697] [M]: 0x80004950 (0x402181B3) sub gp, gp, sp
x3 <- 0x80008010


mem[X,0x80004954] -> 0x0113
mem[X,0x80004956] -> 0x0000
[4698] [M]: 0x80004954 (0x00000113) addi sp, zero, 0
x2 <- 0x00000000


mem[X,0x80004958] -> 0x1073
mem[X,0x8000495A] -> 0x0031
[4699] [M]: 0x80004958 (0x00311073) csrrw zero, fcsr, sp
CSR fcsr -> 0x00000000
CSR fcsr <- 0x00000000 (input: 0x00000000)


clint::tick mtime <- 0x000000000000002F
 clint timer pending at mtime 0x000000000000002F
htif::tick 0x0000000000000000
mem[X,0x8000495C] -> 0x7FD3
mem[X,0x8000495E] -> 0x05DF
[4700] [M]: 0x8000495C (0x05DF7FD3) fadd.h ft11, ft10, ft9, dyn
f31 <- 0xFFFFFFFFFFFF7E00


mem[X,0x80004960] -> 0x2273
mem[X,0x80004962] -> 0x0030
[4701] [M]: 0x80004960 (0x00302273) csrrs tp, fcsr, zero
CSR fcsr -> 0x00000000
x4 <- 0x00000000


mem[X,0x80004964] -> 0xA027
mem[X,0x80004966] -> 0x11F0
[4702] [M]: 0x80004964 (0x11F0A027) fsw ft11, 256(ra)
mem[0x8000A114] <- 0xFFFF7E00


mem[X,0x80004968] -> 0xA223
mem[X,0x8000496A] -> 0x1040
[4703] [M]: 0x80004968 (0x1040A223) sw tp, 260(ra)
mem[0x8000A118] <- 0x00000000


mem[X,0x8000496C] -> 0x1137
mem[X,0x8000496E] -> 0x0000
[4704] [M]: 0x8000496C (0x00001137) lui sp, 1
x2 <- 0x00001000


mem[X,0x80004970] -> 0x0113
mem[X,0x80004972] -> 0x8001
[4705] [M]: 0x80004970 (0x80010113) addi sp, sp, 2048
x2 <- 0x00000800


mem[X,0x80004974] -> 0x81B3
mem[X,0x80004976] -> 0x0021
[4706] [M]: 0x80004974 (0x002181B3) add gp, gp, sp
x3 <- 0x80008810


mem[X,0x80004978] -> 0xAF07
mem[X,0x8000497A] -> 0x5081
[4707] [M]: 0x80004978 (0x5081AF07) flw ft10, 1288(gp)
mem[R,0x80008D18] -> 0x0000FE00
f30 <- 0xFFFFFFFF0000FE00


mem[X,0x8000497C] -> 0x81B3
mem[X,0x8000497E] -> 0x4021
[4708] [M]: 0x8000497C (0x402181B3) sub gp, gp, sp
x3 <- 0x80008010


mem[X,0x80004980] -> 0x1137
mem[X,0x80004982] -> 0x0000
[4709] [M]: 0x80004980 (0x00001137) lui sp, 1
x2 <- 0x00001000


mem[X,0x80004984] -> 0x0113
mem[X,0x80004986] -> 0x8001
[4710] [M]: 0x80004984 (0x80010113) addi sp, sp, 2048
x2 <- 0x00000800


mem[X,0x80004988] -> 0x81B3
mem[X,0x8000498A] -> 0x0021
[4711] [M]: 0x80004988 (0x002181B3) add gp, gp, sp
x3 <- 0x80008810


mem[X,0x8000498C] -> 0xAE87
mem[X,0x8000498E] -> 0x50C1
[4712] [M]: 0x8000498C (0x50C1AE87) flw ft9, 1292(gp)
mem[R,0x80008D1C] -> 0x00008400
f29 <- 0xFFFFFFFF00008400


mem[X,0x80004990] -> 0x81B3
mem[X,0x80004992] -> 0x4021
[4713] [M]: 0x80004990 (0x402181B3) sub gp, gp, sp
x3 <- 0x80008010


mem[X,0x80004994] -> 0x0113
mem[X,0x80004996] -> 0x0000
[4714] [M]: 0x80004994 (0x00000113) addi sp, zero, 0
x2 <- 0x00000000


mem[X,0x80004998] -> 0x1073
mem[X,0x8000499A] -> 0x0031
[4715] [M]: 0x80004998 (0x00311073) csrrw zero, fcsr, sp
CSR fcsr -> 0x00000000
CSR fcsr <- 0x00000000 (input: 0x00000000)


mem[X,0x8000499C] -> 0x7FD3
mem[X,0x8000499E] -> 0x05DF
[4716] [M]: 0x8000499C (0x05DF7FD3) fadd.h ft11, ft10, ft9, dyn
f31 <- 0xFFFFFFFFFFFF7E00


mem[X,0x800049A0] -> 0x2273
mem[X,0x800049A2] -> 0x0030
[4717] [M]: 0x800049A0 (0x00302273) csrrs tp, fcsr, zero
CSR fcsr -> 0x00000000
x4 <- 0x00000000


mem[X,0x800049A4] -> 0xA427
mem[X,0x800049A6] -> 0x11F0
[4718] [M]: 0x800049A4 (0x11F0A427) fsw ft11, 264(ra)
mem[0x8000A11C] <- 0xFFFF7E00


mem[X,0x800049A8] -> 0xA623
mem[X,0x800049AA] -> 0x1040
[4719] [M]: 0x800049A8 (0x1040A623) sw tp, 268(ra)
mem[0x8000A120] <- 0x00000000


mem[X,0x800049AC] -> 0x1137
mem[X,0x800049AE] -> 0x0000
[4720] [M]: 0x800049AC (0x00001137) lui sp, 1
x2 <- 0x00001000


mem[X,0x800049B0] -> 0x0113
mem[X,0x800049B2] -> 0x8001
[4721] [M]: 0x800049B0 (0x80010113) addi sp, sp, 2048
x2 <- 0x00000800


mem[X,0x800049B4] -> 0x81B3
mem[X,0x800049B6] -> 0x0021
[4722] [M]: 0x800049B4 (0x002181B3) add gp, gp, sp
x3 <- 0x80008810


mem[X,0x800049B8] -> 0xAF07
mem[X,0x800049BA] -> 0x5101
[4723] [M]: 0x800049B8 (0x5101AF07) flw ft10, 1296(gp)
mem[R,0x80008D20] -> 0x0000FE00
f30 <- 0xFFFFFFFF0000FE00


mem[X,0x800049BC] -> 0x81B3
mem[X,0x800049BE] -> 0x4021
[4724] [M]: 0x800049BC (0x402181B3) sub gp, gp, sp
x3 <- 0x80008010


mem[X,0x800049C0] -> 0x1137
mem[X,0x800049C2] -> 0x0000
[4725] [M]: 0x800049C0 (0x00001137) lui sp, 1
x2 <- 0x00001000


mem[X,0x800049C4] -> 0x0113
mem[X,0x800049C6] -> 0x8001
[4726] [M]: 0x800049C4 (0x80010113) addi sp, sp, 2048
x2 <- 0x00000800


mem[X,0x800049C8] -> 0x81B3
mem[X,0x800049CA] -> 0x0021
[4727] [M]: 0x800049C8 (0x002181B3) add gp, gp, sp
x3 <- 0x80008810


mem[X,0x800049CC] -> 0xAE87
mem[X,0x800049CE] -> 0x5141
[4728] [M]: 0x800049CC (0x5141AE87) flw ft9, 1300(gp)
mem[R,0x80008D24] -> 0x00000401
f29 <- 0xFFFFFFFF00000401


mem[X,0x800049D0] -> 0x81B3
mem[X,0x800049D2] -> 0x4021
[4729] [M]: 0x800049D0 (0x402181B3) sub gp, gp, sp
x3 <- 0x80008010


mem[X,0x800049D4] -> 0x0113
mem[X,0x800049D6] -> 0x0000
[4730] [M]: 0x800049D4 (0x00000113) addi sp, zero, 0
x2 <- 0x00000000


mem[X,0x800049D8] -> 0x1073
mem[X,0x800049DA] -> 0x0031
[4731] [M]: 0x800049D8 (0x00311073) csrrw zero, fcsr, sp
CSR fcsr -> 0x00000000
CSR fcsr <- 0x00000000 (input: 0x00000000)


mem[X,0x800049DC] -> 0x7FD3
mem[X,0x800049DE] -> 0x05DF
[4732] [M]: 0x800049DC (0x05DF7FD3) fadd.h ft11, ft10, ft9, dyn
f31 <- 0xFFFFFFFFFFFF7E00


mem[X,0x800049E0] -> 0x2273
mem[X,0x800049E2] -> 0x0030
[4733] [M]: 0x800049E0 (0x00302273) csrrs tp, fcsr, zero
CSR fcsr -> 0x00000000
x4 <- 0x00000000


mem[X,0x800049E4] -> 0xA827
mem[X,0x800049E6] -> 0x11F0
[4734] [M]: 0x800049E4 (0x11F0A827) fsw ft11, 272(ra)
mem[0x8000A124] <- 0xFFFF7E00


mem[X,0x800049E8] -> 0xAA23
mem[X,0x800049EA] -> 0x1040
[4735] [M]: 0x800049E8 (0x1040AA23) sw tp, 276(ra)
mem[0x8000A128] <- 0x00000000


mem[X,0x800049EC] -> 0x1137
mem[X,0x800049EE] -> 0x0000
[4736] [M]: 0x800049EC (0x00001137) lui sp, 1
x2 <- 0x00001000


mem[X,0x800049F0] -> 0x0113
mem[X,0x800049F2] -> 0x8001
[4737] [M]: 0x800049F0 (0x80010113) addi sp, sp, 2048
x2 <- 0x00000800


mem[X,0x800049F4] -> 0x81B3
mem[X,0x800049F6] -> 0x0021
[4738] [M]: 0x800049F4 (0x002181B3) add gp, gp, sp
x3 <- 0x80008810


mem[X,0x800049F8] -> 0xAF07
mem[X,0x800049FA] -> 0x5181
[4739] [M]: 0x800049F8 (0x5181AF07) flw ft10, 1304(gp)
mem[R,0x80008D28] -> 0x0000FE00
f30 <- 0xFFFFFFFF0000FE00


mem[X,0x800049FC] -> 0x81B3
mem[X,0x800049FE] -> 0x4021
[4740] [M]: 0x800049FC (0x402181B3) sub gp, gp, sp
x3 <- 0x80008010


mem[X,0x80004A00] -> 0x1137
mem[X,0x80004A02] -> 0x0000
[4741] [M]: 0x80004A00 (0x00001137) lui sp, 1
x2 <- 0x00001000


mem[X,0x80004A04] -> 0x0113
mem[X,0x80004A06] -> 0x8001
[4742] [M]: 0x80004A04 (0x80010113) addi sp, sp, 2048
x2 <- 0x00000800


mem[X,0x80004A08] -> 0x81B3
mem[X,0x80004A0A] -> 0x0021
[4743] [M]: 0x80004A08 (0x002181B3) add gp, gp, sp
x3 <- 0x80008810


mem[X,0x80004A0C] -> 0xAE87
mem[X,0x80004A0E] -> 0x51C1
[4744] [M]: 0x80004A0C (0x51C1AE87) flw ft9, 1308(gp)
mem[R,0x80008D2C] -> 0x00008455
f29 <- 0xFFFFFFFF00008455


mem[X,0x80004A10] -> 0x81B3
mem[X,0x80004A12] -> 0x4021
[4745] [M]: 0x80004A10 (0x402181B3) sub gp, gp, sp
x3 <- 0x80008010


mem[X,0x80004A14] -> 0x0113
mem[X,0x80004A16] -> 0x0000
[4746] [M]: 0x80004A14 (0x00000113) addi sp, zero, 0
x2 <- 0x00000000


mem[X,0x80004A18] -> 0x1073
mem[X,0x80004A1A] -> 0x0031
[4747] [M]: 0x80004A18 (0x00311073) csrrw zero, fcsr, sp
CSR fcsr -> 0x00000000
CSR fcsr <- 0x00000000 (input: 0x00000000)


mem[X,0x80004A1C] -> 0x7FD3
mem[X,0x80004A1E] -> 0x05DF
[4748] [M]: 0x80004A1C (0x05DF7FD3) fadd.h ft11, ft10, ft9, dyn
f31 <- 0xFFFFFFFFFFFF7E00


mem[X,0x80004A20] -> 0x2273
mem[X,0x80004A22] -> 0x0030
[4749] [M]: 0x80004A20 (0x00302273) csrrs tp, fcsr, zero
CSR fcsr -> 0x00000000
x4 <- 0x00000000


mem[X,0x80004A24] -> 0xAC27
mem[X,0x80004A26] -> 0x11F0
[4750] [M]: 0x80004A24 (0x11F0AC27) fsw ft11, 280(ra)
mem[0x8000A12C] <- 0xFFFF7E00


mem[X,0x80004A28] -> 0xAE23
mem[X,0x80004A2A] -> 0x1040
[4751] [M]: 0x80004A28 (0x1040AE23) sw tp, 284(ra)
mem[0x8000A130] <- 0x00000000


mem[X,0x80004A2C] -> 0x1137
mem[X,0x80004A2E] -> 0x0000
[4752] [M]: 0x80004A2C (0x00001137) lui sp, 1
x2 <- 0x00001000


mem[X,0x80004A30] -> 0x0113
mem[X,0x80004A32] -> 0x8001
[4753] [M]: 0x80004A30 (0x80010113) addi sp, sp, 2048
x2 <- 0x00000800


mem[X,0x80004A34] -> 0x81B3
mem[X,0x80004A36] -> 0x0021
[4754] [M]: 0x80004A34 (0x002181B3) add gp, gp, sp
x3 <- 0x80008810


mem[X,0x80004A38] -> 0xAF07
mem[X,0x80004A3A] -> 0x5201
[4755] [M]: 0x80004A38 (0x5201AF07) flw ft10, 1312(gp)
mem[R,0x80008D30] -> 0x0000FE00
f30 <- 0xFFFFFFFF0000FE00


mem[X,0x80004A3C] -> 0x81B3
mem[X,0x80004A3E] -> 0x4021
[4756] [M]: 0x80004A3C (0x402181B3) sub gp, gp, sp
x3 <- 0x80008010


mem[X,0x80004A40] -> 0x1137
mem[X,0x80004A42] -> 0x0000
[4757] [M]: 0x80004A40 (0x00001137) lui sp, 1
x2 <- 0x00001000


mem[X,0x80004A44] -> 0x0113
mem[X,0x80004A46] -> 0x8001
[4758] [M]: 0x80004A44 (0x80010113) addi sp, sp, 2048
x2 <- 0x00000800


mem[X,0x80004A48] -> 0x81B3
mem[X,0x80004A4A] -> 0x0021
[4759] [M]: 0x80004A48 (0x002181B3) add gp, gp, sp
x3 <- 0x80008810


mem[X,0x80004A4C] -> 0xAE87
mem[X,0x80004A4E] -> 0x5241
[4760] [M]: 0x80004A4C (0x5241AE87) flw ft9, 1316(gp)
mem[R,0x80008D34] -> 0x00007BFF
f29 <- 0xFFFFFFFF00007BFF


mem[X,0x80004A50] -> 0x81B3
mem[X,0x80004A52] -> 0x4021
[4761] [M]: 0x80004A50 (0x402181B3) sub gp, gp, sp
x3 <- 0x80008010


mem[X,0x80004A54] -> 0x0113
mem[X,0x80004A56] -> 0x0000
[4762] [M]: 0x80004A54 (0x00000113) addi sp, zero, 0
x2 <- 0x00000000


mem[X,0x80004A58] -> 0x1073
mem[X,0x80004A5A] -> 0x0031
[4763] [M]: 0x80004A58 (0x00311073) csrrw zero, fcsr, sp
CSR fcsr -> 0x00000000
CSR fcsr <- 0x00000000 (input: 0x00000000)


mem[X,0x80004A5C] -> 0x7FD3
mem[X,0x80004A5E] -> 0x05DF
[4764] [M]: 0x80004A5C (0x05DF7FD3) fadd.h ft11, ft10, ft9, dyn
f31 <- 0xFFFFFFFFFFFF7E00


mem[X,0x80004A60] -> 0x2273
mem[X,0x80004A62] -> 0x0030
[4765] [M]: 0x80004A60 (0x00302273) csrrs tp, fcsr, zero
CSR fcsr -> 0x00000000
x4 <- 0x00000000


mem[X,0x80004A64] -> 0xA027
mem[X,0x80004A66] -> 0x13F0
[4766] [M]: 0x80004A64 (0x13F0A027) fsw ft11, 288(ra)
mem[0x8000A134] <- 0xFFFF7E00


mem[X,0x80004A68] -> 0xA223
mem[X,0x80004A6A] -> 0x1240
[4767] [M]: 0x80004A68 (0x1240A223) sw tp, 292(ra)
mem[0x8000A138] <- 0x00000000


mem[X,0x80004A6C] -> 0x1137
mem[X,0x80004A6E] -> 0x0000
[4768] [M]: 0x80004A6C (0x00001137) lui sp, 1
x2 <- 0x00001000


mem[X,0x80004A70] -> 0x0113
mem[X,0x80004A72] -> 0x8001
[4769] [M]: 0x80004A70 (0x80010113) addi sp, sp, 2048
x2 <- 0x00000800


mem[X,0x80004A74] -> 0x81B3
mem[X,0x80004A76] -> 0x0021
[4770] [M]: 0x80004A74 (0x002181B3) add gp, gp, sp
x3 <- 0x80008810


mem[X,0x80004A78] -> 0xAF07
mem[X,0x80004A7A] -> 0x5281
[4771] [M]: 0x80004A78 (0x5281AF07) flw ft10, 1320(gp)
mem[R,0x80008D38] -> 0x0000FE00
f30 <- 0xFFFFFFFF0000FE00


mem[X,0x80004A7C] -> 0x81B3
mem[X,0x80004A7E] -> 0x4021
[4772] [M]: 0x80004A7C (0x402181B3) sub gp, gp, sp
x3 <- 0x80008010


mem[X,0x80004A80] -> 0x1137
mem[X,0x80004A82] -> 0x0000
[4773] [M]: 0x80004A80 (0x00001137) lui sp, 1
x2 <- 0x00001000


mem[X,0x80004A84] -> 0x0113
mem[X,0x80004A86] -> 0x8001
[4774] [M]: 0x80004A84 (0x80010113) addi sp, sp, 2048
x2 <- 0x00000800


mem[X,0x80004A88] -> 0x81B3
mem[X,0x80004A8A] -> 0x0021
[4775] [M]: 0x80004A88 (0x002181B3) add gp, gp, sp
x3 <- 0x80008810


mem[X,0x80004A8C] -> 0xAE87
mem[X,0x80004A8E] -> 0x52C1
[4776] [M]: 0x80004A8C (0x52C1AE87) flw ft9, 1324(gp)
mem[R,0x80008D3C] -> 0x0000FBFF
f29 <- 0xFFFFFFFF0000FBFF


mem[X,0x80004A90] -> 0x81B3
mem[X,0x80004A92] -> 0x4021
[4777] [M]: 0x80004A90 (0x402181B3) sub gp, gp, sp
x3 <- 0x80008010


mem[X,0x80004A94] -> 0x0113
mem[X,0x80004A96] -> 0x0000
[4778] [M]: 0x80004A94 (0x00000113) addi sp, zero, 0
x2 <- 0x00000000


mem[X,0x80004A98] -> 0x1073
mem[X,0x80004A9A] -> 0x0031
[4779] [M]: 0x80004A98 (0x00311073) csrrw zero, fcsr, sp
CSR fcsr -> 0x00000000
CSR fcsr <- 0x00000000 (input: 0x00000000)


mem[X,0x80004A9C] -> 0x7FD3
mem[X,0x80004A9E] -> 0x05DF
[4780] [M]: 0x80004A9C (0x05DF7FD3) fadd.h ft11, ft10, ft9, dyn
f31 <- 0xFFFFFFFFFFFF7E00


mem[X,0x80004AA0] -> 0x2273
mem[X,0x80004AA2] -> 0x0030
[4781] [M]: 0x80004AA0 (0x00302273) csrrs tp, fcsr, zero
CSR fcsr -> 0x00000000
x4 <- 0x00000000


mem[X,0x80004AA4] -> 0xA427
mem[X,0x80004AA6] -> 0x13F0
[4782] [M]: 0x80004AA4 (0x13F0A427) fsw ft11, 296(ra)
mem[0x8000A13C] <- 0xFFFF7E00


mem[X,0x80004AA8] -> 0xA623
mem[X,0x80004AAA] -> 0x1240
[4783] [M]: 0x80004AA8 (0x1240A623) sw tp, 300(ra)
mem[0x8000A140] <- 0x00000000


mem[X,0x80004AAC] -> 0x1137
mem[X,0x80004AAE] -> 0x0000
[4784] [M]: 0x80004AAC (0x00001137) lui sp, 1
x2 <- 0x00001000


mem[X,0x80004AB0] -> 0x0113
mem[X,0x80004AB2] -> 0x8001
[4785] [M]: 0x80004AB0 (0x80010113) addi sp, sp, 2048
x2 <- 0x00000800


mem[X,0x80004AB4] -> 0x81B3
mem[X,0x80004AB6] -> 0x0021
[4786] [M]: 0x80004AB4 (0x002181B3) add gp, gp, sp
x3 <- 0x80008810


mem[X,0x80004AB8] -> 0xAF07
mem[X,0x80004ABA] -> 0x5301
[4787] [M]: 0x80004AB8 (0x5301AF07) flw ft10, 1328(gp)
mem[R,0x80008D40] -> 0x0000FE00
f30 <- 0xFFFFFFFF0000FE00


mem[X,0x80004ABC] -> 0x81B3
mem[X,0x80004ABE] -> 0x4021
[4788] [M]: 0x80004ABC (0x402181B3) sub gp, gp, sp
x3 <- 0x80008010


mem[X,0x80004AC0] -> 0x1137
mem[X,0x80004AC2] -> 0x0000
[4789] [M]: 0x80004AC0 (0x00001137) lui sp, 1
x2 <- 0x00001000


mem[X,0x80004AC4] -> 0x0113
mem[X,0x80004AC6] -> 0x8001
[4790] [M]: 0x80004AC4 (0x80010113) addi sp, sp, 2048
x2 <- 0x00000800


mem[X,0x80004AC8] -> 0x81B3
mem[X,0x80004ACA] -> 0x0021
[4791] [M]: 0x80004AC8 (0x002181B3) add gp, gp, sp
x3 <- 0x80008810


mem[X,0x80004ACC] -> 0xAE87
mem[X,0x80004ACE] -> 0x5341
[4792] [M]: 0x80004ACC (0x5341AE87) flw ft9, 1332(gp)
mem[R,0x80008D44] -> 0x00007C00
f29 <- 0xFFFFFFFF00007C00


mem[X,0x80004AD0] -> 0x81B3
mem[X,0x80004AD2] -> 0x4021
[4793] [M]: 0x80004AD0 (0x402181B3) sub gp, gp, sp
x3 <- 0x80008010


mem[X,0x80004AD4] -> 0x0113
mem[X,0x80004AD6] -> 0x0000
[4794] [M]: 0x80004AD4 (0x00000113) addi sp, zero, 0
x2 <- 0x00000000


mem[X,0x80004AD8] -> 0x1073
mem[X,0x80004ADA] -> 0x0031
[4795] [M]: 0x80004AD8 (0x00311073) csrrw zero, fcsr, sp
CSR fcsr -> 0x00000000
CSR fcsr <- 0x00000000 (input: 0x00000000)


mem[X,0x80004ADC] -> 0x7FD3
mem[X,0x80004ADE] -> 0x05DF
[4796] [M]: 0x80004ADC (0x05DF7FD3) fadd.h ft11, ft10, ft9, dyn
f31 <- 0xFFFFFFFFFFFF7E00


mem[X,0x80004AE0] -> 0x2273
mem[X,0x80004AE2] -> 0x0030
[4797] [M]: 0x80004AE0 (0x00302273) csrrs tp, fcsr, zero
CSR fcsr -> 0x00000000
x4 <- 0x00000000


mem[X,0x80004AE4] -> 0xA827
mem[X,0x80004AE6] -> 0x13F0
[4798] [M]: 0x80004AE4 (0x13F0A827) fsw ft11, 304(ra)
mem[0x8000A144] <- 0xFFFF7E00


mem[X,0x80004AE8] -> 0xAA23
mem[X,0x80004AEA] -> 0x1240
[4799] [M]: 0x80004AE8 (0x1240AA23) sw tp, 308(ra)
mem[0x8000A148] <- 0x00000000


clint::tick mtime <- 0x0000000000000030
 clint timer pending at mtime 0x0000000000000030
htif::tick 0x0000000000000000
mem[X,0x80004AEC] -> 0x1137
mem[X,0x80004AEE] -> 0x0000
[4800] [M]: 0x80004AEC (0x00001137) lui sp, 1
x2 <- 0x00001000


mem[X,0x80004AF0] -> 0x0113
mem[X,0x80004AF2] -> 0x8001
[4801] [M]: 0x80004AF0 (0x80010113) addi sp, sp, 2048
x2 <- 0x00000800


mem[X,0x80004AF4] -> 0x81B3
mem[X,0x80004AF6] -> 0x0021
[4802] [M]: 0x80004AF4 (0x002181B3) add gp, gp, sp
x3 <- 0x80008810


mem[X,0x80004AF8] -> 0xAF07
mem[X,0x80004AFA] -> 0x5381
[4803] [M]: 0x80004AF8 (0x5381AF07) flw ft10, 1336(gp)
mem[R,0x80008D48] -> 0x0000FE00
f30 <- 0xFFFFFFFF0000FE00


mem[X,0x80004AFC] -> 0x81B3
mem[X,0x80004AFE] -> 0x4021
[4804] [M]: 0x80004AFC (0x402181B3) sub gp, gp, sp
x3 <- 0x80008010


mem[X,0x80004B00] -> 0x1137
mem[X,0x80004B02] -> 0x0000
[4805] [M]: 0x80004B00 (0x00001137) lui sp, 1
x2 <- 0x00001000


mem[X,0x80004B04] -> 0x0113
mem[X,0x80004B06] -> 0x8001
[4806] [M]: 0x80004B04 (0x80010113) addi sp, sp, 2048
x2 <- 0x00000800


mem[X,0x80004B08] -> 0x81B3
mem[X,0x80004B0A] -> 0x0021
[4807] [M]: 0x80004B08 (0x002181B3) add gp, gp, sp
x3 <- 0x80008810


mem[X,0x80004B0C] -> 0xAE87
mem[X,0x80004B0E] -> 0x53C1
[4808] [M]: 0x80004B0C (0x53C1AE87) flw ft9, 1340(gp)
mem[R,0x80008D4C] -> 0x0000FC00
f29 <- 0xFFFFFFFF0000FC00


mem[X,0x80004B10] -> 0x81B3
mem[X,0x80004B12] -> 0x4021
[4809] [M]: 0x80004B10 (0x402181B3) sub gp, gp, sp
x3 <- 0x80008010


mem[X,0x80004B14] -> 0x0113
mem[X,0x80004B16] -> 0x0000
[4810] [M]: 0x80004B14 (0x00000113) addi sp, zero, 0
x2 <- 0x00000000


mem[X,0x80004B18] -> 0x1073
mem[X,0x80004B1A] -> 0x0031
[4811] [M]: 0x80004B18 (0x00311073) csrrw zero, fcsr, sp
CSR fcsr -> 0x00000000
CSR fcsr <- 0x00000000 (input: 0x00000000)


mem[X,0x80004B1C] -> 0x7FD3
mem[X,0x80004B1E] -> 0x05DF
[4812] [M]: 0x80004B1C (0x05DF7FD3) fadd.h ft11, ft10, ft9, dyn
f31 <- 0xFFFFFFFFFFFF7E00


mem[X,0x80004B20] -> 0x2273
mem[X,0x80004B22] -> 0x0030
[4813] [M]: 0x80004B20 (0x00302273) csrrs tp, fcsr, zero
CSR fcsr -> 0x00000000
x4 <- 0x00000000


mem[X,0x80004B24] -> 0xAC27
mem[X,0x80004B26] -> 0x13F0
[4814] [M]: 0x80004B24 (0x13F0AC27) fsw ft11, 312(ra)
mem[0x8000A14C] <- 0xFFFF7E00


mem[X,0x80004B28] -> 0xAE23
mem[X,0x80004B2A] -> 0x1240
[4815] [M]: 0x80004B28 (0x1240AE23) sw tp, 316(ra)
mem[0x8000A150] <- 0x00000000


mem[X,0x80004B2C] -> 0x1137
mem[X,0x80004B2E] -> 0x0000
[4816] [M]: 0x80004B2C (0x00001137) lui sp, 1
x2 <- 0x00001000


mem[X,0x80004B30] -> 0x0113
mem[X,0x80004B32] -> 0x8001
[4817] [M]: 0x80004B30 (0x80010113) addi sp, sp, 2048
x2 <- 0x00000800


mem[X,0x80004B34] -> 0x81B3
mem[X,0x80004B36] -> 0x0021
[4818] [M]: 0x80004B34 (0x002181B3) add gp, gp, sp
x3 <- 0x80008810


mem[X,0x80004B38] -> 0xAF07
mem[X,0x80004B3A] -> 0x5401
[4819] [M]: 0x80004B38 (0x5401AF07) flw ft10, 1344(gp)
mem[R,0x80008D50] -> 0x0000FE00
f30 <- 0xFFFFFFFF0000FE00


mem[X,0x80004B3C] -> 0x81B3
mem[X,0x80004B3E] -> 0x4021
[4820] [M]: 0x80004B3C (0x402181B3) sub gp, gp, sp
x3 <- 0x80008010


mem[X,0x80004B40] -> 0x1137
mem[X,0x80004B42] -> 0x0000
[4821] [M]: 0x80004B40 (0x00001137) lui sp, 1
x2 <- 0x00001000


mem[X,0x80004B44] -> 0x0113
mem[X,0x80004B46] -> 0x8001
[4822] [M]: 0x80004B44 (0x80010113) addi sp, sp, 2048
x2 <- 0x00000800


mem[X,0x80004B48] -> 0x81B3
mem[X,0x80004B4A] -> 0x0021
[4823] [M]: 0x80004B48 (0x002181B3) add gp, gp, sp
x3 <- 0x80008810


mem[X,0x80004B4C] -> 0xAE87
mem[X,0x80004B4E] -> 0x5441
[4824] [M]: 0x80004B4C (0x5441AE87) flw ft9, 1348(gp)
mem[R,0x80008D54] -> 0x00007E00
f29 <- 0xFFFFFFFF00007E00


mem[X,0x80004B50] -> 0x81B3
mem[X,0x80004B52] -> 0x4021
[4825] [M]: 0x80004B50 (0x402181B3) sub gp, gp, sp
x3 <- 0x80008010


mem[X,0x80004B54] -> 0x0113
mem[X,0x80004B56] -> 0x0000
[4826] [M]: 0x80004B54 (0x00000113) addi sp, zero, 0
x2 <- 0x00000000


mem[X,0x80004B58] -> 0x1073
mem[X,0x80004B5A] -> 0x0031
[4827] [M]: 0x80004B58 (0x00311073) csrrw zero, fcsr, sp
CSR fcsr -> 0x00000000
CSR fcsr <- 0x00000000 (input: 0x00000000)


mem[X,0x80004B5C] -> 0x7FD3
mem[X,0x80004B5E] -> 0x05DF
[4828] [M]: 0x80004B5C (0x05DF7FD3) fadd.h ft11, ft10, ft9, dyn
f31 <- 0xFFFFFFFFFFFF7E00


mem[X,0x80004B60] -> 0x2273
mem[X,0x80004B62] -> 0x0030
[4829] [M]: 0x80004B60 (0x00302273) csrrs tp, fcsr, zero
CSR fcsr -> 0x00000000
x4 <- 0x00000000


mem[X,0x80004B64] -> 0xA027
mem[X,0x80004B66] -> 0x15F0
[4830] [M]: 0x80004B64 (0x15F0A027) fsw ft11, 320(ra)
mem[0x8000A154] <- 0xFFFF7E00


mem[X,0x80004B68] -> 0xA223
mem[X,0x80004B6A] -> 0x1440
[4831] [M]: 0x80004B68 (0x1440A223) sw tp, 324(ra)
mem[0x8000A158] <- 0x00000000


mem[X,0x80004B6C] -> 0x1137
mem[X,0x80004B6E] -> 0x0000
[4832] [M]: 0x80004B6C (0x00001137) lui sp, 1
x2 <- 0x00001000


mem[X,0x80004B70] -> 0x0113
mem[X,0x80004B72] -> 0x8001
[4833] [M]: 0x80004B70 (0x80010113) addi sp, sp, 2048
x2 <- 0x00000800


mem[X,0x80004B74] -> 0x81B3
mem[X,0x80004B76] -> 0x0021
[4834] [M]: 0x80004B74 (0x002181B3) add gp, gp, sp
x3 <- 0x80008810


mem[X,0x80004B78] -> 0xAF07
mem[X,0x80004B7A] -> 0x5481
[4835] [M]: 0x80004B78 (0x5481AF07) flw ft10, 1352(gp)
mem[R,0x80008D58] -> 0x0000FE00
f30 <- 0xFFFFFFFF0000FE00


mem[X,0x80004B7C] -> 0x81B3
mem[X,0x80004B7E] -> 0x4021
[4836] [M]: 0x80004B7C (0x402181B3) sub gp, gp, sp
x3 <- 0x80008010


mem[X,0x80004B80] -> 0x1137
mem[X,0x80004B82] -> 0x0000
[4837] [M]: 0x80004B80 (0x00001137) lui sp, 1
x2 <- 0x00001000


mem[X,0x80004B84] -> 0x0113
mem[X,0x80004B86] -> 0x8001
[4838] [M]: 0x80004B84 (0x80010113) addi sp, sp, 2048
x2 <- 0x00000800


mem[X,0x80004B88] -> 0x81B3
mem[X,0x80004B8A] -> 0x0021
[4839] [M]: 0x80004B88 (0x002181B3) add gp, gp, sp
x3 <- 0x80008810


mem[X,0x80004B8C] -> 0xAE87
mem[X,0x80004B8E] -> 0x54C1
[4840] [M]: 0x80004B8C (0x54C1AE87) flw ft9, 1356(gp)
mem[R,0x80008D5C] -> 0x0000FE00
f29 <- 0xFFFFFFFF0000FE00


mem[X,0x80004B90] -> 0x81B3
mem[X,0x80004B92] -> 0x4021
[4841] [M]: 0x80004B90 (0x402181B3) sub gp, gp, sp
x3 <- 0x80008010


mem[X,0x80004B94] -> 0x0113
mem[X,0x80004B96] -> 0x0000
[4842] [M]: 0x80004B94 (0x00000113) addi sp, zero, 0
x2 <- 0x00000000


mem[X,0x80004B98] -> 0x1073
mem[X,0x80004B9A] -> 0x0031
[4843] [M]: 0x80004B98 (0x00311073) csrrw zero, fcsr, sp
CSR fcsr -> 0x00000000
CSR fcsr <- 0x00000000 (input: 0x00000000)


mem[X,0x80004B9C] -> 0x7FD3
mem[X,0x80004B9E] -> 0x05DF
[4844] [M]: 0x80004B9C (0x05DF7FD3) fadd.h ft11, ft10, ft9, dyn
f31 <- 0xFFFFFFFFFFFF7E00


mem[X,0x80004BA0] -> 0x2273
mem[X,0x80004BA2] -> 0x0030
[4845] [M]: 0x80004BA0 (0x00302273) csrrs tp, fcsr, zero
CSR fcsr -> 0x00000000
x4 <- 0x00000000


mem[X,0x80004BA4] -> 0xA427
mem[X,0x80004BA6] -> 0x15F0
[4846] [M]: 0x80004BA4 (0x15F0A427) fsw ft11, 328(ra)
mem[0x8000A15C] <- 0xFFFF7E00


mem[X,0x80004BA8] -> 0xA623
mem[X,0x80004BAA] -> 0x1440
[4847] [M]: 0x80004BA8 (0x1440A623) sw tp, 332(ra)
mem[0x8000A160] <- 0x00000000


mem[X,0x80004BAC] -> 0x1137
mem[X,0x80004BAE] -> 0x0000
[4848] [M]: 0x80004BAC (0x00001137) lui sp, 1
x2 <- 0x00001000


mem[X,0x80004BB0] -> 0x0113
mem[X,0x80004BB2] -> 0x8001
[4849] [M]: 0x80004BB0 (0x80010113) addi sp, sp, 2048
x2 <- 0x00000800


mem[X,0x80004BB4] -> 0x81B3
mem[X,0x80004BB6] -> 0x0021
[4850] [M]: 0x80004BB4 (0x002181B3) add gp, gp, sp
x3 <- 0x80008810


mem[X,0x80004BB8] -> 0xAF07
mem[X,0x80004BBA] -> 0x5501
[4851] [M]: 0x80004BB8 (0x5501AF07) flw ft10, 1360(gp)
mem[R,0x80008D60] -> 0x0000FE00
f30 <- 0xFFFFFFFF0000FE00


mem[X,0x80004BBC] -> 0x81B3
mem[X,0x80004BBE] -> 0x4021
[4852] [M]: 0x80004BBC (0x402181B3) sub gp, gp, sp
x3 <- 0x80008010


mem[X,0x80004BC0] -> 0x1137
mem[X,0x80004BC2] -> 0x0000
[4853] [M]: 0x80004BC0 (0x00001137) lui sp, 1
x2 <- 0x00001000


mem[X,0x80004BC4] -> 0x0113
mem[X,0x80004BC6] -> 0x8001
[4854] [M]: 0x80004BC4 (0x80010113) addi sp, sp, 2048
x2 <- 0x00000800


mem[X,0x80004BC8] -> 0x81B3
mem[X,0x80004BCA] -> 0x0021
[4855] [M]: 0x80004BC8 (0x002181B3) add gp, gp, sp
x3 <- 0x80008810


mem[X,0x80004BCC] -> 0xAE87
mem[X,0x80004BCE] -> 0x5541
[4856] [M]: 0x80004BCC (0x5541AE87) flw ft9, 1364(gp)
mem[R,0x80008D64] -> 0x00007E01
f29 <- 0xFFFFFFFF00007E01


mem[X,0x80004BD0] -> 0x81B3
mem[X,0x80004BD2] -> 0x4021
[4857] [M]: 0x80004BD0 (0x402181B3) sub gp, gp, sp
x3 <- 0x80008010


mem[X,0x80004BD4] -> 0x0113
mem[X,0x80004BD6] -> 0x0000
[4858] [M]: 0x80004BD4 (0x00000113) addi sp, zero, 0
x2 <- 0x00000000


mem[X,0x80004BD8] -> 0x1073
mem[X,0x80004BDA] -> 0x0031
[4859] [M]: 0x80004BD8 (0x00311073) csrrw zero, fcsr, sp
CSR fcsr -> 0x00000000
CSR fcsr <- 0x00000000 (input: 0x00000000)


mem[X,0x80004BDC] -> 0x7FD3
mem[X,0x80004BDE] -> 0x05DF
[4860] [M]: 0x80004BDC (0x05DF7FD3) fadd.h ft11, ft10, ft9, dyn
f31 <- 0xFFFFFFFFFFFF7E00


mem[X,0x80004BE0] -> 0x2273
mem[X,0x80004BE2] -> 0x0030
[4861] [M]: 0x80004BE0 (0x00302273) csrrs tp, fcsr, zero
CSR fcsr -> 0x00000000
x4 <- 0x00000000


mem[X,0x80004BE4] -> 0xA827
mem[X,0x80004BE6] -> 0x15F0
[4862] [M]: 0x80004BE4 (0x15F0A827) fsw ft11, 336(ra)
mem[0x8000A164] <- 0xFFFF7E00


mem[X,0x80004BE8] -> 0xAA23
mem[X,0x80004BEA] -> 0x1440
[4863] [M]: 0x80004BE8 (0x1440AA23) sw tp, 340(ra)
mem[0x8000A168] <- 0x00000000


mem[X,0x80004BEC] -> 0x1137
mem[X,0x80004BEE] -> 0x0000
[4864] [M]: 0x80004BEC (0x00001137) lui sp, 1
x2 <- 0x00001000


mem[X,0x80004BF0] -> 0x0113
mem[X,0x80004BF2] -> 0x8001
[4865] [M]: 0x80004BF0 (0x80010113) addi sp, sp, 2048
x2 <- 0x00000800


mem[X,0x80004BF4] -> 0x81B3
mem[X,0x80004BF6] -> 0x0021
[4866] [M]: 0x80004BF4 (0x002181B3) add gp, gp, sp
x3 <- 0x80008810


mem[X,0x80004BF8] -> 0xAF07
mem[X,0x80004BFA] -> 0x5581
[4867] [M]: 0x80004BF8 (0x5581AF07) flw ft10, 1368(gp)
mem[R,0x80008D68] -> 0x0000FE00
f30 <- 0xFFFFFFFF0000FE00


mem[X,0x80004BFC] -> 0x81B3
mem[X,0x80004BFE] -> 0x4021
[4868] [M]: 0x80004BFC (0x402181B3) sub gp, gp, sp
x3 <- 0x80008010


mem[X,0x80004C00] -> 0x1137
mem[X,0x80004C02] -> 0x0000
[4869] [M]: 0x80004C00 (0x00001137) lui sp, 1
x2 <- 0x00001000


mem[X,0x80004C04] -> 0x0113
mem[X,0x80004C06] -> 0x8001
[4870] [M]: 0x80004C04 (0x80010113) addi sp, sp, 2048
x2 <- 0x00000800


mem[X,0x80004C08] -> 0x81B3
mem[X,0x80004C0A] -> 0x0021
[4871] [M]: 0x80004C08 (0x002181B3) add gp, gp, sp
x3 <- 0x80008810


mem[X,0x80004C0C] -> 0xAE87
mem[X,0x80004C0E] -> 0x55C1
[4872] [M]: 0x80004C0C (0x55C1AE87) flw ft9, 1372(gp)
mem[R,0x80008D6C] -> 0x0000FE55
f29 <- 0xFFFFFFFF0000FE55


mem[X,0x80004C10] -> 0x81B3
mem[X,0x80004C12] -> 0x4021
[4873] [M]: 0x80004C10 (0x402181B3) sub gp, gp, sp
x3 <- 0x80008010


mem[X,0x80004C14] -> 0x0113
mem[X,0x80004C16] -> 0x0000
[4874] [M]: 0x80004C14 (0x00000113) addi sp, zero, 0
x2 <- 0x00000000


mem[X,0x80004C18] -> 0x1073
mem[X,0x80004C1A] -> 0x0031
[4875] [M]: 0x80004C18 (0x00311073) csrrw zero, fcsr, sp
CSR fcsr -> 0x00000000
CSR fcsr <- 0x00000000 (input: 0x00000000)


mem[X,0x80004C1C] -> 0x7FD3
mem[X,0x80004C1E] -> 0x05DF
[4876] [M]: 0x80004C1C (0x05DF7FD3) fadd.h ft11, ft10, ft9, dyn
f31 <- 0xFFFFFFFFFFFF7E00


mem[X,0x80004C20] -> 0x2273
mem[X,0x80004C22] -> 0x0030
[4877] [M]: 0x80004C20 (0x00302273) csrrs tp, fcsr, zero
CSR fcsr -> 0x00000000
x4 <- 0x00000000


mem[X,0x80004C24] -> 0xAC27
mem[X,0x80004C26] -> 0x15F0
[4878] [M]: 0x80004C24 (0x15F0AC27) fsw ft11, 344(ra)
mem[0x8000A16C] <- 0xFFFF7E00


mem[X,0x80004C28] -> 0xAE23
mem[X,0x80004C2A] -> 0x1440
[4879] [M]: 0x80004C28 (0x1440AE23) sw tp, 348(ra)
mem[0x8000A170] <- 0x00000000


mem[X,0x80004C2C] -> 0x1137
mem[X,0x80004C2E] -> 0x0000
[4880] [M]: 0x80004C2C (0x00001137) lui sp, 1
x2 <- 0x00001000


mem[X,0x80004C30] -> 0x0113
mem[X,0x80004C32] -> 0x8001
[4881] [M]: 0x80004C30 (0x80010113) addi sp, sp, 2048
x2 <- 0x00000800


mem[X,0x80004C34] -> 0x81B3
mem[X,0x80004C36] -> 0x0021
[4882] [M]: 0x80004C34 (0x002181B3) add gp, gp, sp
x3 <- 0x80008810


mem[X,0x80004C38] -> 0xAF07
mem[X,0x80004C3A] -> 0x5601
[4883] [M]: 0x80004C38 (0x5601AF07) flw ft10, 1376(gp)
mem[R,0x80008D70] -> 0x0000FE00
f30 <- 0xFFFFFFFF0000FE00


mem[X,0x80004C3C] -> 0x81B3
mem[X,0x80004C3E] -> 0x4021
[4884] [M]: 0x80004C3C (0x402181B3) sub gp, gp, sp
x3 <- 0x80008010


mem[X,0x80004C40] -> 0x1137
mem[X,0x80004C42] -> 0x0000
[4885] [M]: 0x80004C40 (0x00001137) lui sp, 1
x2 <- 0x00001000


mem[X,0x80004C44] -> 0x0113
mem[X,0x80004C46] -> 0x8001
[4886] [M]: 0x80004C44 (0x80010113) addi sp, sp, 2048
x2 <- 0x00000800


mem[X,0x80004C48] -> 0x81B3
mem[X,0x80004C4A] -> 0x0021
[4887] [M]: 0x80004C48 (0x002181B3) add gp, gp, sp
x3 <- 0x80008810


mem[X,0x80004C4C] -> 0xAE87
mem[X,0x80004C4E] -> 0x5641
[4888] [M]: 0x80004C4C (0x5641AE87) flw ft9, 1380(gp)
mem[R,0x80008D74] -> 0x00007C01
f29 <- 0xFFFFFFFF00007C01


mem[X,0x80004C50] -> 0x81B3
mem[X,0x80004C52] -> 0x4021
[4889] [M]: 0x80004C50 (0x402181B3) sub gp, gp, sp
x3 <- 0x80008010


mem[X,0x80004C54] -> 0x0113
mem[X,0x80004C56] -> 0x0000
[4890] [M]: 0x80004C54 (0x00000113) addi sp, zero, 0
x2 <- 0x00000000


mem[X,0x80004C58] -> 0x1073
mem[X,0x80004C5A] -> 0x0031
[4891] [M]: 0x80004C58 (0x00311073) csrrw zero, fcsr, sp
CSR fcsr -> 0x00000000
CSR fcsr <- 0x00000000 (input: 0x00000000)


mem[X,0x80004C5C] -> 0x7FD3
mem[X,0x80004C5E] -> 0x05DF
[4892] [M]: 0x80004C5C (0x05DF7FD3) fadd.h ft11, ft10, ft9, dyn
f31 <- 0xFFFFFFFFFFFF7E00


mem[X,0x80004C60] -> 0x2273
mem[X,0x80004C62] -> 0x0030
[4893] [M]: 0x80004C60 (0x00302273) csrrs tp, fcsr, zero
CSR fcsr -> 0x00000000
x4 <- 0x00000000


mem[X,0x80004C64] -> 0xA027
mem[X,0x80004C66] -> 0x17F0
[4894] [M]: 0x80004C64 (0x17F0A027) fsw ft11, 352(ra)
mem[0x8000A174] <- 0xFFFF7E00


mem[X,0x80004C68] -> 0xA223
mem[X,0x80004C6A] -> 0x1640
[4895] [M]: 0x80004C68 (0x1640A223) sw tp, 356(ra)
mem[0x8000A178] <- 0x00000000


mem[X,0x80004C6C] -> 0x1137
mem[X,0x80004C6E] -> 0x0000
[4896] [M]: 0x80004C6C (0x00001137) lui sp, 1
x2 <- 0x00001000


mem[X,0x80004C70] -> 0x0113
mem[X,0x80004C72] -> 0x8001
[4897] [M]: 0x80004C70 (0x80010113) addi sp, sp, 2048
x2 <- 0x00000800


mem[X,0x80004C74] -> 0x81B3
mem[X,0x80004C76] -> 0x0021
[4898] [M]: 0x80004C74 (0x002181B3) add gp, gp, sp
x3 <- 0x80008810


mem[X,0x80004C78] -> 0xAF07
mem[X,0x80004C7A] -> 0x5681
[4899] [M]: 0x80004C78 (0x5681AF07) flw ft10, 1384(gp)
mem[R,0x80008D78] -> 0x0000FE00
f30 <- 0xFFFFFFFF0000FE00


clint::tick mtime <- 0x0000000000000031
 clint timer pending at mtime 0x0000000000000031
htif::tick 0x0000000000000000
mem[X,0x80004C7C] -> 0x81B3
mem[X,0x80004C7E] -> 0x4021
[4900] [M]: 0x80004C7C (0x402181B3) sub gp, gp, sp
x3 <- 0x80008010


mem[X,0x80004C80] -> 0x1137
mem[X,0x80004C82] -> 0x0000
[4901] [M]: 0x80004C80 (0x00001137) lui sp, 1
x2 <- 0x00001000


mem[X,0x80004C84] -> 0x0113
mem[X,0x80004C86] -> 0x8001
[4902] [M]: 0x80004C84 (0x80010113) addi sp, sp, 2048
x2 <- 0x00000800


mem[X,0x80004C88] -> 0x81B3
mem[X,0x80004C8A] -> 0x0021
[4903] [M]: 0x80004C88 (0x002181B3) add gp, gp, sp
x3 <- 0x80008810


mem[X,0x80004C8C] -> 0xAE87
mem[X,0x80004C8E] -> 0x56C1
[4904] [M]: 0x80004C8C (0x56C1AE87) flw ft9, 1388(gp)
mem[R,0x80008D7C] -> 0x0000FD55
f29 <- 0xFFFFFFFF0000FD55


mem[X,0x80004C90] -> 0x81B3
mem[X,0x80004C92] -> 0x4021
[4905] [M]: 0x80004C90 (0x402181B3) sub gp, gp, sp
x3 <- 0x80008010


mem[X,0x80004C94] -> 0x0113
mem[X,0x80004C96] -> 0x0000
[4906] [M]: 0x80004C94 (0x00000113) addi sp, zero, 0
x2 <- 0x00000000


mem[X,0x80004C98] -> 0x1073
mem[X,0x80004C9A] -> 0x0031
[4907] [M]: 0x80004C98 (0x00311073) csrrw zero, fcsr, sp
CSR fcsr -> 0x00000000
CSR fcsr <- 0x00000000 (input: 0x00000000)


mem[X,0x80004C9C] -> 0x7FD3
mem[X,0x80004C9E] -> 0x05DF
[4908] [M]: 0x80004C9C (0x05DF7FD3) fadd.h ft11, ft10, ft9, dyn
f31 <- 0xFFFFFFFFFFFF7E00


mem[X,0x80004CA0] -> 0x2273
mem[X,0x80004CA2] -> 0x0030
[4909] [M]: 0x80004CA0 (0x00302273) csrrs tp, fcsr, zero
CSR fcsr -> 0x00000000
x4 <- 0x00000000


mem[X,0x80004CA4] -> 0xA427
mem[X,0x80004CA6] -> 0x17F0
[4910] [M]: 0x80004CA4 (0x17F0A427) fsw ft11, 360(ra)
mem[0x8000A17C] <- 0xFFFF7E00


mem[X,0x80004CA8] -> 0xA623
mem[X,0x80004CAA] -> 0x1640
[4911] [M]: 0x80004CA8 (0x1640A623) sw tp, 364(ra)
mem[0x8000A180] <- 0x00000000


mem[X,0x80004CAC] -> 0x1137
mem[X,0x80004CAE] -> 0x0000
[4912] [M]: 0x80004CAC (0x00001137) lui sp, 1
x2 <- 0x00001000


mem[X,0x80004CB0] -> 0x0113
mem[X,0x80004CB2] -> 0x8001
[4913] [M]: 0x80004CB0 (0x80010113) addi sp, sp, 2048
x2 <- 0x00000800


mem[X,0x80004CB4] -> 0x81B3
mem[X,0x80004CB6] -> 0x0021
[4914] [M]: 0x80004CB4 (0x002181B3) add gp, gp, sp
x3 <- 0x80008810


mem[X,0x80004CB8] -> 0xAF07
mem[X,0x80004CBA] -> 0x5701
[4915] [M]: 0x80004CB8 (0x5701AF07) flw ft10, 1392(gp)
mem[R,0x80008D80] -> 0x0000FE00
f30 <- 0xFFFFFFFF0000FE00


mem[X,0x80004CBC] -> 0x81B3
mem[X,0x80004CBE] -> 0x4021
[4916] [M]: 0x80004CBC (0x402181B3) sub gp, gp, sp
x3 <- 0x80008010


mem[X,0x80004CC0] -> 0x1137
mem[X,0x80004CC2] -> 0x0000
[4917] [M]: 0x80004CC0 (0x00001137) lui sp, 1
x2 <- 0x00001000


mem[X,0x80004CC4] -> 0x0113
mem[X,0x80004CC6] -> 0x8001
[4918] [M]: 0x80004CC4 (0x80010113) addi sp, sp, 2048
x2 <- 0x00000800


mem[X,0x80004CC8] -> 0x81B3
mem[X,0x80004CCA] -> 0x0021
[4919] [M]: 0x80004CC8 (0x002181B3) add gp, gp, sp
x3 <- 0x80008810


mem[X,0x80004CCC] -> 0xAE87
mem[X,0x80004CCE] -> 0x5741
[4920] [M]: 0x80004CCC (0x5741AE87) flw ft9, 1396(gp)
mem[R,0x80008D84] -> 0x00003C00
f29 <- 0xFFFFFFFF00003C00


mem[X,0x80004CD0] -> 0x81B3
mem[X,0x80004CD2] -> 0x4021
[4921] [M]: 0x80004CD0 (0x402181B3) sub gp, gp, sp
x3 <- 0x80008010


mem[X,0x80004CD4] -> 0x0113
mem[X,0x80004CD6] -> 0x0000
[4922] [M]: 0x80004CD4 (0x00000113) addi sp, zero, 0
x2 <- 0x00000000


mem[X,0x80004CD8] -> 0x1073
mem[X,0x80004CDA] -> 0x0031
[4923] [M]: 0x80004CD8 (0x00311073) csrrw zero, fcsr, sp
CSR fcsr -> 0x00000000
CSR fcsr <- 0x00000000 (input: 0x00000000)


mem[X,0x80004CDC] -> 0x7FD3
mem[X,0x80004CDE] -> 0x05DF
[4924] [M]: 0x80004CDC (0x05DF7FD3) fadd.h ft11, ft10, ft9, dyn
f31 <- 0xFFFFFFFFFFFF7E00


mem[X,0x80004CE0] -> 0x2273
mem[X,0x80004CE2] -> 0x0030
[4925] [M]: 0x80004CE0 (0x00302273) csrrs tp, fcsr, zero
CSR fcsr -> 0x00000000
x4 <- 0x00000000


mem[X,0x80004CE4] -> 0xA827
mem[X,0x80004CE6] -> 0x17F0
[4926] [M]: 0x80004CE4 (0x17F0A827) fsw ft11, 368(ra)
mem[0x8000A184] <- 0xFFFF7E00


mem[X,0x80004CE8] -> 0xAA23
mem[X,0x80004CEA] -> 0x1640
[4927] [M]: 0x80004CE8 (0x1640AA23) sw tp, 372(ra)
mem[0x8000A188] <- 0x00000000


mem[X,0x80004CEC] -> 0x1137
mem[X,0x80004CEE] -> 0x0000
[4928] [M]: 0x80004CEC (0x00001137) lui sp, 1
x2 <- 0x00001000


mem[X,0x80004CF0] -> 0x0113
mem[X,0x80004CF2] -> 0x8001
[4929] [M]: 0x80004CF0 (0x80010113) addi sp, sp, 2048
x2 <- 0x00000800


mem[X,0x80004CF4] -> 0x81B3
mem[X,0x80004CF6] -> 0x0021
[4930] [M]: 0x80004CF4 (0x002181B3) add gp, gp, sp
x3 <- 0x80008810


mem[X,0x80004CF8] -> 0xAF07
mem[X,0x80004CFA] -> 0x5781
[4931] [M]: 0x80004CF8 (0x5781AF07) flw ft10, 1400(gp)
mem[R,0x80008D88] -> 0x0000FE00
f30 <- 0xFFFFFFFF0000FE00


mem[X,0x80004CFC] -> 0x81B3
mem[X,0x80004CFE] -> 0x4021
[4932] [M]: 0x80004CFC (0x402181B3) sub gp, gp, sp
x3 <- 0x80008010


mem[X,0x80004D00] -> 0x1137
mem[X,0x80004D02] -> 0x0000
[4933] [M]: 0x80004D00 (0x00001137) lui sp, 1
x2 <- 0x00001000


mem[X,0x80004D04] -> 0x0113
mem[X,0x80004D06] -> 0x8001
[4934] [M]: 0x80004D04 (0x80010113) addi sp, sp, 2048
x2 <- 0x00000800


mem[X,0x80004D08] -> 0x81B3
mem[X,0x80004D0A] -> 0x0021
[4935] [M]: 0x80004D08 (0x002181B3) add gp, gp, sp
x3 <- 0x80008810


mem[X,0x80004D0C] -> 0xAE87
mem[X,0x80004D0E] -> 0x57C1
[4936] [M]: 0x80004D0C (0x57C1AE87) flw ft9, 1404(gp)
mem[R,0x80008D8C] -> 0x0000BC00
f29 <- 0xFFFFFFFF0000BC00


mem[X,0x80004D10] -> 0x81B3
mem[X,0x80004D12] -> 0x4021
[4937] [M]: 0x80004D10 (0x402181B3) sub gp, gp, sp
x3 <- 0x80008010


mem[X,0x80004D14] -> 0x0113
mem[X,0x80004D16] -> 0x0000
[4938] [M]: 0x80004D14 (0x00000113) addi sp, zero, 0
x2 <- 0x00000000


mem[X,0x80004D18] -> 0x1073
mem[X,0x80004D1A] -> 0x0031
[4939] [M]: 0x80004D18 (0x00311073) csrrw zero, fcsr, sp
CSR fcsr -> 0x00000000
CSR fcsr <- 0x00000000 (input: 0x00000000)


mem[X,0x80004D1C] -> 0x7FD3
mem[X,0x80004D1E] -> 0x05DF
[4940] [M]: 0x80004D1C (0x05DF7FD3) fadd.h ft11, ft10, ft9, dyn
f31 <- 0xFFFFFFFFFFFF7E00


mem[X,0x80004D20] -> 0x2273
mem[X,0x80004D22] -> 0x0030
[4941] [M]: 0x80004D20 (0x00302273) csrrs tp, fcsr, zero
CSR fcsr -> 0x00000000
x4 <- 0x00000000


mem[X,0x80004D24] -> 0xAC27
mem[X,0x80004D26] -> 0x17F0
[4942] [M]: 0x80004D24 (0x17F0AC27) fsw ft11, 376(ra)
mem[0x8000A18C] <- 0xFFFF7E00


mem[X,0x80004D28] -> 0xAE23
mem[X,0x80004D2A] -> 0x1640
[4943] [M]: 0x80004D28 (0x1640AE23) sw tp, 380(ra)
mem[0x8000A190] <- 0x00000000


mem[X,0x80004D2C] -> 0x1137
mem[X,0x80004D2E] -> 0x0000
[4944] [M]: 0x80004D2C (0x00001137) lui sp, 1
x2 <- 0x00001000


mem[X,0x80004D30] -> 0x0113
mem[X,0x80004D32] -> 0x8001
[4945] [M]: 0x80004D30 (0x80010113) addi sp, sp, 2048
x2 <- 0x00000800


mem[X,0x80004D34] -> 0x81B3
mem[X,0x80004D36] -> 0x0021
[4946] [M]: 0x80004D34 (0x002181B3) add gp, gp, sp
x3 <- 0x80008810


mem[X,0x80004D38] -> 0xAF07
mem[X,0x80004D3A] -> 0x5801
[4947] [M]: 0x80004D38 (0x5801AF07) flw ft10, 1408(gp)
mem[R,0x80008D90] -> 0x00007E01
f30 <- 0xFFFFFFFF00007E01


mem[X,0x80004D3C] -> 0x81B3
mem[X,0x80004D3E] -> 0x4021
[4948] [M]: 0x80004D3C (0x402181B3) sub gp, gp, sp
x3 <- 0x80008010


mem[X,0x80004D40] -> 0x1137
mem[X,0x80004D42] -> 0x0000
[4949] [M]: 0x80004D40 (0x00001137) lui sp, 1
x2 <- 0x00001000


mem[X,0x80004D44] -> 0x0113
mem[X,0x80004D46] -> 0x8001
[4950] [M]: 0x80004D44 (0x80010113) addi sp, sp, 2048
x2 <- 0x00000800


mem[X,0x80004D48] -> 0x81B3
mem[X,0x80004D4A] -> 0x0021
[4951] [M]: 0x80004D48 (0x002181B3) add gp, gp, sp
x3 <- 0x80008810


mem[X,0x80004D4C] -> 0xAE87
mem[X,0x80004D4E] -> 0x5841
[4952] [M]: 0x80004D4C (0x5841AE87) flw ft9, 1412(gp)
mem[R,0x80008D94] -> 0x00000000
f29 <- 0xFFFFFFFF00000000


mem[X,0x80004D50] -> 0x81B3
mem[X,0x80004D52] -> 0x4021
[4953] [M]: 0x80004D50 (0x402181B3) sub gp, gp, sp
x3 <- 0x80008010


mem[X,0x80004D54] -> 0x0113
mem[X,0x80004D56] -> 0x0000
[4954] [M]: 0x80004D54 (0x00000113) addi sp, zero, 0
x2 <- 0x00000000


mem[X,0x80004D58] -> 0x1073
mem[X,0x80004D5A] -> 0x0031
[4955] [M]: 0x80004D58 (0x00311073) csrrw zero, fcsr, sp
CSR fcsr -> 0x00000000
CSR fcsr <- 0x00000000 (input: 0x00000000)


mem[X,0x80004D5C] -> 0x7FD3
mem[X,0x80004D5E] -> 0x05DF
[4956] [M]: 0x80004D5C (0x05DF7FD3) fadd.h ft11, ft10, ft9, dyn
f31 <- 0xFFFFFFFFFFFF7E00


mem[X,0x80004D60] -> 0x2273
mem[X,0x80004D62] -> 0x0030
[4957] [M]: 0x80004D60 (0x00302273) csrrs tp, fcsr, zero
CSR fcsr -> 0x00000000
x4 <- 0x00000000


mem[X,0x80004D64] -> 0xA027
mem[X,0x80004D66] -> 0x19F0
[4958] [M]: 0x80004D64 (0x19F0A027) fsw ft11, 384(ra)
mem[0x8000A194] <- 0xFFFF7E00


mem[X,0x80004D68] -> 0xA223
mem[X,0x80004D6A] -> 0x1840
[4959] [M]: 0x80004D68 (0x1840A223) sw tp, 388(ra)
mem[0x8000A198] <- 0x00000000


mem[X,0x80004D6C] -> 0x1137
mem[X,0x80004D6E] -> 0x0000
[4960] [M]: 0x80004D6C (0x00001137) lui sp, 1
x2 <- 0x00001000


mem[X,0x80004D70] -> 0x0113
mem[X,0x80004D72] -> 0x8001
[4961] [M]: 0x80004D70 (0x80010113) addi sp, sp, 2048
x2 <- 0x00000800


mem[X,0x80004D74] -> 0x81B3
mem[X,0x80004D76] -> 0x0021
[4962] [M]: 0x80004D74 (0x002181B3) add gp, gp, sp
x3 <- 0x80008810


mem[X,0x80004D78] -> 0xAF07
mem[X,0x80004D7A] -> 0x5881
[4963] [M]: 0x80004D78 (0x5881AF07) flw ft10, 1416(gp)
mem[R,0x80008D98] -> 0x00007E01
f30 <- 0xFFFFFFFF00007E01


mem[X,0x80004D7C] -> 0x81B3
mem[X,0x80004D7E] -> 0x4021
[4964] [M]: 0x80004D7C (0x402181B3) sub gp, gp, sp
x3 <- 0x80008010


mem[X,0x80004D80] -> 0x1137
mem[X,0x80004D82] -> 0x0000
[4965] [M]: 0x80004D80 (0x00001137) lui sp, 1
x2 <- 0x00001000


mem[X,0x80004D84] -> 0x0113
mem[X,0x80004D86] -> 0x8001
[4966] [M]: 0x80004D84 (0x80010113) addi sp, sp, 2048
x2 <- 0x00000800


mem[X,0x80004D88] -> 0x81B3
mem[X,0x80004D8A] -> 0x0021
[4967] [M]: 0x80004D88 (0x002181B3) add gp, gp, sp
x3 <- 0x80008810


mem[X,0x80004D8C] -> 0xAE87
mem[X,0x80004D8E] -> 0x58C1
[4968] [M]: 0x80004D8C (0x58C1AE87) flw ft9, 1420(gp)
mem[R,0x80008D9C] -> 0x00008000
f29 <- 0xFFFFFFFF00008000


mem[X,0x80004D90] -> 0x81B3
mem[X,0x80004D92] -> 0x4021
[4969] [M]: 0x80004D90 (0x402181B3) sub gp, gp, sp
x3 <- 0x80008010


mem[X,0x80004D94] -> 0x0113
mem[X,0x80004D96] -> 0x0000
[4970] [M]: 0x80004D94 (0x00000113) addi sp, zero, 0
x2 <- 0x00000000


mem[X,0x80004D98] -> 0x1073
mem[X,0x80004D9A] -> 0x0031
[4971] [M]: 0x80004D98 (0x00311073) csrrw zero, fcsr, sp
CSR fcsr -> 0x00000000
CSR fcsr <- 0x00000000 (input: 0x00000000)


mem[X,0x80004D9C] -> 0x7FD3
mem[X,0x80004D9E] -> 0x05DF
[4972] [M]: 0x80004D9C (0x05DF7FD3) fadd.h ft11, ft10, ft9, dyn
f31 <- 0xFFFFFFFFFFFF7E00


mem[X,0x80004DA0] -> 0x2273
mem[X,0x80004DA2] -> 0x0030
[4973] [M]: 0x80004DA0 (0x00302273) csrrs tp, fcsr, zero
CSR fcsr -> 0x00000000
x4 <- 0x00000000


mem[X,0x80004DA4] -> 0xA427
mem[X,0x80004DA6] -> 0x19F0
[4974] [M]: 0x80004DA4 (0x19F0A427) fsw ft11, 392(ra)
mem[0x8000A19C] <- 0xFFFF7E00


mem[X,0x80004DA8] -> 0xA623
mem[X,0x80004DAA] -> 0x1840
[4975] [M]: 0x80004DA8 (0x1840A623) sw tp, 396(ra)
mem[0x8000A1A0] <- 0x00000000


mem[X,0x80004DAC] -> 0x1137
mem[X,0x80004DAE] -> 0x0000
[4976] [M]: 0x80004DAC (0x00001137) lui sp, 1
x2 <- 0x00001000


mem[X,0x80004DB0] -> 0x0113
mem[X,0x80004DB2] -> 0x8001
[4977] [M]: 0x80004DB0 (0x80010113) addi sp, sp, 2048
x2 <- 0x00000800


mem[X,0x80004DB4] -> 0x81B3
mem[X,0x80004DB6] -> 0x0021
[4978] [M]: 0x80004DB4 (0x002181B3) add gp, gp, sp
x3 <- 0x80008810


mem[X,0x80004DB8] -> 0xAF07
mem[X,0x80004DBA] -> 0x5901
[4979] [M]: 0x80004DB8 (0x5901AF07) flw ft10, 1424(gp)
mem[R,0x80008DA0] -> 0x00007E01
f30 <- 0xFFFFFFFF00007E01


mem[X,0x80004DBC] -> 0x81B3
mem[X,0x80004DBE] -> 0x4021
[4980] [M]: 0x80004DBC (0x402181B3) sub gp, gp, sp
x3 <- 0x80008010


mem[X,0x80004DC0] -> 0x1137
mem[X,0x80004DC2] -> 0x0000
[4981] [M]: 0x80004DC0 (0x00001137) lui sp, 1
x2 <- 0x00001000


mem[X,0x80004DC4] -> 0x0113
mem[X,0x80004DC6] -> 0x8001
[4982] [M]: 0x80004DC4 (0x80010113) addi sp, sp, 2048
x2 <- 0x00000800


mem[X,0x80004DC8] -> 0x81B3
mem[X,0x80004DCA] -> 0x0021
[4983] [M]: 0x80004DC8 (0x002181B3) add gp, gp, sp
x3 <- 0x80008810


mem[X,0x80004DCC] -> 0xAE87
mem[X,0x80004DCE] -> 0x5941
[4984] [M]: 0x80004DCC (0x5941AE87) flw ft9, 1428(gp)
mem[R,0x80008DA4] -> 0x00000001
f29 <- 0xFFFFFFFF00000001


mem[X,0x80004DD0] -> 0x81B3
mem[X,0x80004DD2] -> 0x4021
[4985] [M]: 0x80004DD0 (0x402181B3) sub gp, gp, sp
x3 <- 0x80008010


mem[X,0x80004DD4] -> 0x0113
mem[X,0x80004DD6] -> 0x0000
[4986] [M]: 0x80004DD4 (0x00000113) addi sp, zero, 0
x2 <- 0x00000000


mem[X,0x80004DD8] -> 0x1073
mem[X,0x80004DDA] -> 0x0031
[4987] [M]: 0x80004DD8 (0x00311073) csrrw zero, fcsr, sp
CSR fcsr -> 0x00000000
CSR fcsr <- 0x00000000 (input: 0x00000000)


mem[X,0x80004DDC] -> 0x7FD3
mem[X,0x80004DDE] -> 0x05DF
[4988] [M]: 0x80004DDC (0x05DF7FD3) fadd.h ft11, ft10, ft9, dyn
f31 <- 0xFFFFFFFFFFFF7E00


mem[X,0x80004DE0] -> 0x2273
mem[X,0x80004DE2] -> 0x0030
[4989] [M]: 0x80004DE0 (0x00302273) csrrs tp, fcsr, zero
CSR fcsr -> 0x00000000
x4 <- 0x00000000


mem[X,0x80004DE4] -> 0xA827
mem[X,0x80004DE6] -> 0x19F0
[4990] [M]: 0x80004DE4 (0x19F0A827) fsw ft11, 400(ra)
mem[0x8000A1A4] <- 0xFFFF7E00


mem[X,0x80004DE8] -> 0xAA23
mem[X,0x80004DEA] -> 0x1840
[4991] [M]: 0x80004DE8 (0x1840AA23) sw tp, 404(ra)
mem[0x8000A1A8] <- 0x00000000


mem[X,0x80004DEC] -> 0x1137
mem[X,0x80004DEE] -> 0x0000
[4992] [M]: 0x80004DEC (0x00001137) lui sp, 1
x2 <- 0x00001000


mem[X,0x80004DF0] -> 0x0113
mem[X,0x80004DF2] -> 0x8001
[4993] [M]: 0x80004DF0 (0x80010113) addi sp, sp, 2048
x2 <- 0x00000800


mem[X,0x80004DF4] -> 0x81B3
mem[X,0x80004DF6] -> 0x0021
[4994] [M]: 0x80004DF4 (0x002181B3) add gp, gp, sp
x3 <- 0x80008810


mem[X,0x80004DF8] -> 0xAF07
mem[X,0x80004DFA] -> 0x5981
[4995] [M]: 0x80004DF8 (0x5981AF07) flw ft10, 1432(gp)
mem[R,0x80008DA8] -> 0x00007E01
f30 <- 0xFFFFFFFF00007E01


mem[X,0x80004DFC] -> 0x81B3
mem[X,0x80004DFE] -> 0x4021
[4996] [M]: 0x80004DFC (0x402181B3) sub gp, gp, sp
x3 <- 0x80008010


mem[X,0x80004E00] -> 0x1137
mem[X,0x80004E02] -> 0x0000
[4997] [M]: 0x80004E00 (0x00001137) lui sp, 1
x2 <- 0x00001000


mem[X,0x80004E04] -> 0x0113
mem[X,0x80004E06] -> 0x8001
[4998] [M]: 0x80004E04 (0x80010113) addi sp, sp, 2048
x2 <- 0x00000800


mem[X,0x80004E08] -> 0x81B3
mem[X,0x80004E0A] -> 0x0021
[4999] [M]: 0x80004E08 (0x002181B3) add gp, gp, sp
x3 <- 0x80008810


clint::tick mtime <- 0x0000000000000032
 clint timer pending at mtime 0x0000000000000032
htif::tick 0x0000000000000000
mem[X,0x80004E0C] -> 0xAE87
mem[X,0x80004E0E] -> 0x59C1
[5000] [M]: 0x80004E0C (0x59C1AE87) flw ft9, 1436(gp)
mem[R,0x80008DAC] -> 0x00008001
f29 <- 0xFFFFFFFF00008001


mem[X,0x80004E10] -> 0x81B3
mem[X,0x80004E12] -> 0x4021
[5001] [M]: 0x80004E10 (0x402181B3) sub gp, gp, sp
x3 <- 0x80008010


mem[X,0x80004E14] -> 0x0113
mem[X,0x80004E16] -> 0x0000
[5002] [M]: 0x80004E14 (0x00000113) addi sp, zero, 0
x2 <- 0x00000000


mem[X,0x80004E18] -> 0x1073
mem[X,0x80004E1A] -> 0x0031
[5003] [M]: 0x80004E18 (0x00311073) csrrw zero, fcsr, sp
CSR fcsr -> 0x00000000
CSR fcsr <- 0x00000000 (input: 0x00000000)


mem[X,0x80004E1C] -> 0x7FD3
mem[X,0x80004E1E] -> 0x05DF
[5004] [M]: 0x80004E1C (0x05DF7FD3) fadd.h ft11, ft10, ft9, dyn
f31 <- 0xFFFFFFFFFFFF7E00


mem[X,0x80004E20] -> 0x2273
mem[X,0x80004E22] -> 0x0030
[5005] [M]: 0x80004E20 (0x00302273) csrrs tp, fcsr, zero
CSR fcsr -> 0x00000000
x4 <- 0x00000000


mem[X,0x80004E24] -> 0xAC27
mem[X,0x80004E26] -> 0x19F0
[5006] [M]: 0x80004E24 (0x19F0AC27) fsw ft11, 408(ra)
mem[0x8000A1AC] <- 0xFFFF7E00


mem[X,0x80004E28] -> 0xAE23
mem[X,0x80004E2A] -> 0x1840
[5007] [M]: 0x80004E28 (0x1840AE23) sw tp, 412(ra)
mem[0x8000A1B0] <- 0x00000000


mem[X,0x80004E2C] -> 0x1137
mem[X,0x80004E2E] -> 0x0000
[5008] [M]: 0x80004E2C (0x00001137) lui sp, 1
x2 <- 0x00001000


mem[X,0x80004E30] -> 0x0113
mem[X,0x80004E32] -> 0x8001
[5009] [M]: 0x80004E30 (0x80010113) addi sp, sp, 2048
x2 <- 0x00000800


mem[X,0x80004E34] -> 0x81B3
mem[X,0x80004E36] -> 0x0021
[5010] [M]: 0x80004E34 (0x002181B3) add gp, gp, sp
x3 <- 0x80008810


mem[X,0x80004E38] -> 0xAF07
mem[X,0x80004E3A] -> 0x5A01
[5011] [M]: 0x80004E38 (0x5A01AF07) flw ft10, 1440(gp)
mem[R,0x80008DB0] -> 0x00007E01
f30 <- 0xFFFFFFFF00007E01


mem[X,0x80004E3C] -> 0x81B3
mem[X,0x80004E3E] -> 0x4021
[5012] [M]: 0x80004E3C (0x402181B3) sub gp, gp, sp
x3 <- 0x80008010


mem[X,0x80004E40] -> 0x1137
mem[X,0x80004E42] -> 0x0000
[5013] [M]: 0x80004E40 (0x00001137) lui sp, 1
x2 <- 0x00001000


mem[X,0x80004E44] -> 0x0113
mem[X,0x80004E46] -> 0x8001
[5014] [M]: 0x80004E44 (0x80010113) addi sp, sp, 2048
x2 <- 0x00000800


mem[X,0x80004E48] -> 0x81B3
mem[X,0x80004E4A] -> 0x0021
[5015] [M]: 0x80004E48 (0x002181B3) add gp, gp, sp
x3 <- 0x80008810


mem[X,0x80004E4C] -> 0xAE87
mem[X,0x80004E4E] -> 0x5A41
[5016] [M]: 0x80004E4C (0x5A41AE87) flw ft9, 1444(gp)
mem[R,0x80008DB4] -> 0x00000002
f29 <- 0xFFFFFFFF00000002


mem[X,0x80004E50] -> 0x81B3
mem[X,0x80004E52] -> 0x4021
[5017] [M]: 0x80004E50 (0x402181B3) sub gp, gp, sp
x3 <- 0x80008010


mem[X,0x80004E54] -> 0x0113
mem[X,0x80004E56] -> 0x0000
[5018] [M]: 0x80004E54 (0x00000113) addi sp, zero, 0
x2 <- 0x00000000


mem[X,0x80004E58] -> 0x1073
mem[X,0x80004E5A] -> 0x0031
[5019] [M]: 0x80004E58 (0x00311073) csrrw zero, fcsr, sp
CSR fcsr -> 0x00000000
CSR fcsr <- 0x00000000 (input: 0x00000000)


mem[X,0x80004E5C] -> 0x7FD3
mem[X,0x80004E5E] -> 0x05DF
[5020] [M]: 0x80004E5C (0x05DF7FD3) fadd.h ft11, ft10, ft9, dyn
f31 <- 0xFFFFFFFFFFFF7E00


mem[X,0x80004E60] -> 0x2273
mem[X,0x80004E62] -> 0x0030
[5021] [M]: 0x80004E60 (0x00302273) csrrs tp, fcsr, zero
CSR fcsr -> 0x00000000
x4 <- 0x00000000


mem[X,0x80004E64] -> 0xA027
mem[X,0x80004E66] -> 0x1BF0
[5022] [M]: 0x80004E64 (0x1BF0A027) fsw ft11, 416(ra)
mem[0x8000A1B4] <- 0xFFFF7E00


mem[X,0x80004E68] -> 0xA223
mem[X,0x80004E6A] -> 0x1A40
[5023] [M]: 0x80004E68 (0x1A40A223) sw tp, 420(ra)
mem[0x8000A1B8] <- 0x00000000


mem[X,0x80004E6C] -> 0x1137
mem[X,0x80004E6E] -> 0x0000
[5024] [M]: 0x80004E6C (0x00001137) lui sp, 1
x2 <- 0x00001000


mem[X,0x80004E70] -> 0x0113
mem[X,0x80004E72] -> 0x8001
[5025] [M]: 0x80004E70 (0x80010113) addi sp, sp, 2048
x2 <- 0x00000800


mem[X,0x80004E74] -> 0x81B3
mem[X,0x80004E76] -> 0x0021
[5026] [M]: 0x80004E74 (0x002181B3) add gp, gp, sp
x3 <- 0x80008810


mem[X,0x80004E78] -> 0xAF07
mem[X,0x80004E7A] -> 0x5A81
[5027] [M]: 0x80004E78 (0x5A81AF07) flw ft10, 1448(gp)
mem[R,0x80008DB8] -> 0x00007E01
f30 <- 0xFFFFFFFF00007E01


mem[X,0x80004E7C] -> 0x81B3
mem[X,0x80004E7E] -> 0x4021
[5028] [M]: 0x80004E7C (0x402181B3) sub gp, gp, sp
x3 <- 0x80008010


mem[X,0x80004E80] -> 0x1137
mem[X,0x80004E82] -> 0x0000
[5029] [M]: 0x80004E80 (0x00001137) lui sp, 1
x2 <- 0x00001000


mem[X,0x80004E84] -> 0x0113
mem[X,0x80004E86] -> 0x8001
[5030] [M]: 0x80004E84 (0x80010113) addi sp, sp, 2048
x2 <- 0x00000800


mem[X,0x80004E88] -> 0x81B3
mem[X,0x80004E8A] -> 0x0021
[5031] [M]: 0x80004E88 (0x002181B3) add gp, gp, sp
x3 <- 0x80008810


mem[X,0x80004E8C] -> 0xAE87
mem[X,0x80004E8E] -> 0x5AC1
[5032] [M]: 0x80004E8C (0x5AC1AE87) flw ft9, 1452(gp)
mem[R,0x80008DBC] -> 0x000083FE
f29 <- 0xFFFFFFFF000083FE


mem[X,0x80004E90] -> 0x81B3
mem[X,0x80004E92] -> 0x4021
[5033] [M]: 0x80004E90 (0x402181B3) sub gp, gp, sp
x3 <- 0x80008010


mem[X,0x80004E94] -> 0x0113
mem[X,0x80004E96] -> 0x0000
[5034] [M]: 0x80004E94 (0x00000113) addi sp, zero, 0
x2 <- 0x00000000


mem[X,0x80004E98] -> 0x1073
mem[X,0x80004E9A] -> 0x0031
[5035] [M]: 0x80004E98 (0x00311073) csrrw zero, fcsr, sp
CSR fcsr -> 0x00000000
CSR fcsr <- 0x00000000 (input: 0x00000000)


mem[X,0x80004E9C] -> 0x7FD3
mem[X,0x80004E9E] -> 0x05DF
[5036] [M]: 0x80004E9C (0x05DF7FD3) fadd.h ft11, ft10, ft9, dyn
f31 <- 0xFFFFFFFFFFFF7E00


mem[X,0x80004EA0] -> 0x2273
mem[X,0x80004EA2] -> 0x0030
[5037] [M]: 0x80004EA0 (0x00302273) csrrs tp, fcsr, zero
CSR fcsr -> 0x00000000
x4 <- 0x00000000


mem[X,0x80004EA4] -> 0xA427
mem[X,0x80004EA6] -> 0x1BF0
[5038] [M]: 0x80004EA4 (0x1BF0A427) fsw ft11, 424(ra)
mem[0x8000A1BC] <- 0xFFFF7E00


mem[X,0x80004EA8] -> 0xA623
mem[X,0x80004EAA] -> 0x1A40
[5039] [M]: 0x80004EA8 (0x1A40A623) sw tp, 428(ra)
mem[0x8000A1C0] <- 0x00000000


mem[X,0x80004EAC] -> 0x1137
mem[X,0x80004EAE] -> 0x0000
[5040] [M]: 0x80004EAC (0x00001137) lui sp, 1
x2 <- 0x00001000


mem[X,0x80004EB0] -> 0x0113
mem[X,0x80004EB2] -> 0x8001
[5041] [M]: 0x80004EB0 (0x80010113) addi sp, sp, 2048
x2 <- 0x00000800


mem[X,0x80004EB4] -> 0x81B3
mem[X,0x80004EB6] -> 0x0021
[5042] [M]: 0x80004EB4 (0x002181B3) add gp, gp, sp
x3 <- 0x80008810


mem[X,0x80004EB8] -> 0xAF07
mem[X,0x80004EBA] -> 0x5B01
[5043] [M]: 0x80004EB8 (0x5B01AF07) flw ft10, 1456(gp)
mem[R,0x80008DC0] -> 0x00007E01
f30 <- 0xFFFFFFFF00007E01


mem[X,0x80004EBC] -> 0x81B3
mem[X,0x80004EBE] -> 0x4021
[5044] [M]: 0x80004EBC (0x402181B3) sub gp, gp, sp
x3 <- 0x80008010


mem[X,0x80004EC0] -> 0x1137
mem[X,0x80004EC2] -> 0x0000
[5045] [M]: 0x80004EC0 (0x00001137) lui sp, 1
x2 <- 0x00001000


mem[X,0x80004EC4] -> 0x0113
mem[X,0x80004EC6] -> 0x8001
[5046] [M]: 0x80004EC4 (0x80010113) addi sp, sp, 2048
x2 <- 0x00000800


mem[X,0x80004EC8] -> 0x81B3
mem[X,0x80004ECA] -> 0x0021
[5047] [M]: 0x80004EC8 (0x002181B3) add gp, gp, sp
x3 <- 0x80008810


mem[X,0x80004ECC] -> 0xAE87
mem[X,0x80004ECE] -> 0x5B41
[5048] [M]: 0x80004ECC (0x5B41AE87) flw ft9, 1460(gp)
mem[R,0x80008DC4] -> 0x000003FF
f29 <- 0xFFFFFFFF000003FF


mem[X,0x80004ED0] -> 0x81B3
mem[X,0x80004ED2] -> 0x4021
[5049] [M]: 0x80004ED0 (0x402181B3) sub gp, gp, sp
x3 <- 0x80008010


mem[X,0x80004ED4] -> 0x0113
mem[X,0x80004ED6] -> 0x0000
[5050] [M]: 0x80004ED4 (0x00000113) addi sp, zero, 0
x2 <- 0x00000000


mem[X,0x80004ED8] -> 0x1073
mem[X,0x80004EDA] -> 0x0031
[5051] [M]: 0x80004ED8 (0x00311073) csrrw zero, fcsr, sp
CSR fcsr -> 0x00000000
CSR fcsr <- 0x00000000 (input: 0x00000000)


mem[X,0x80004EDC] -> 0x7FD3
mem[X,0x80004EDE] -> 0x05DF
[5052] [M]: 0x80004EDC (0x05DF7FD3) fadd.h ft11, ft10, ft9, dyn
f31 <- 0xFFFFFFFFFFFF7E00


mem[X,0x80004EE0] -> 0x2273
mem[X,0x80004EE2] -> 0x0030
[5053] [M]: 0x80004EE0 (0x00302273) csrrs tp, fcsr, zero
CSR fcsr -> 0x00000000
x4 <- 0x00000000


mem[X,0x80004EE4] -> 0xA827
mem[X,0x80004EE6] -> 0x1BF0
[5054] [M]: 0x80004EE4 (0x1BF0A827) fsw ft11, 432(ra)
mem[0x8000A1C4] <- 0xFFFF7E00


mem[X,0x80004EE8] -> 0xAA23
mem[X,0x80004EEA] -> 0x1A40
[5055] [M]: 0x80004EE8 (0x1A40AA23) sw tp, 436(ra)
mem[0x8000A1C8] <- 0x00000000


mem[X,0x80004EEC] -> 0x1137
mem[X,0x80004EEE] -> 0x0000
[5056] [M]: 0x80004EEC (0x00001137) lui sp, 1
x2 <- 0x00001000


mem[X,0x80004EF0] -> 0x0113
mem[X,0x80004EF2] -> 0x8001
[5057] [M]: 0x80004EF0 (0x80010113) addi sp, sp, 2048
x2 <- 0x00000800


mem[X,0x80004EF4] -> 0x81B3
mem[X,0x80004EF6] -> 0x0021
[5058] [M]: 0x80004EF4 (0x002181B3) add gp, gp, sp
x3 <- 0x80008810


mem[X,0x80004EF8] -> 0xAF07
mem[X,0x80004EFA] -> 0x5B81
[5059] [M]: 0x80004EF8 (0x5B81AF07) flw ft10, 1464(gp)
mem[R,0x80008DC8] -> 0x00007E01
f30 <- 0xFFFFFFFF00007E01


mem[X,0x80004EFC] -> 0x81B3
mem[X,0x80004EFE] -> 0x4021
[5060] [M]: 0x80004EFC (0x402181B3) sub gp, gp, sp
x3 <- 0x80008010


mem[X,0x80004F00] -> 0x1137
mem[X,0x80004F02] -> 0x0000
[5061] [M]: 0x80004F00 (0x00001137) lui sp, 1
x2 <- 0x00001000


mem[X,0x80004F04] -> 0x0113
mem[X,0x80004F06] -> 0x8001
[5062] [M]: 0x80004F04 (0x80010113) addi sp, sp, 2048
x2 <- 0x00000800


mem[X,0x80004F08] -> 0x81B3
mem[X,0x80004F0A] -> 0x0021
[5063] [M]: 0x80004F08 (0x002181B3) add gp, gp, sp
x3 <- 0x80008810


mem[X,0x80004F0C] -> 0xAE87
mem[X,0x80004F0E] -> 0x5BC1
[5064] [M]: 0x80004F0C (0x5BC1AE87) flw ft9, 1468(gp)
mem[R,0x80008DCC] -> 0x000083FF
f29 <- 0xFFFFFFFF000083FF


mem[X,0x80004F10] -> 0x81B3
mem[X,0x80004F12] -> 0x4021
[5065] [M]: 0x80004F10 (0x402181B3) sub gp, gp, sp
x3 <- 0x80008010


mem[X,0x80004F14] -> 0x0113
mem[X,0x80004F16] -> 0x0000
[5066] [M]: 0x80004F14 (0x00000113) addi sp, zero, 0
x2 <- 0x00000000


mem[X,0x80004F18] -> 0x1073
mem[X,0x80004F1A] -> 0x0031
[5067] [M]: 0x80004F18 (0x00311073) csrrw zero, fcsr, sp
CSR fcsr -> 0x00000000
CSR fcsr <- 0x00000000 (input: 0x00000000)


mem[X,0x80004F1C] -> 0x7FD3
mem[X,0x80004F1E] -> 0x05DF
[5068] [M]: 0x80004F1C (0x05DF7FD3) fadd.h ft11, ft10, ft9, dyn
f31 <- 0xFFFFFFFFFFFF7E00


mem[X,0x80004F20] -> 0x2273
mem[X,0x80004F22] -> 0x0030
[5069] [M]: 0x80004F20 (0x00302273) csrrs tp, fcsr, zero
CSR fcsr -> 0x00000000
x4 <- 0x00000000


mem[X,0x80004F24] -> 0xAC27
mem[X,0x80004F26] -> 0x1BF0
[5070] [M]: 0x80004F24 (0x1BF0AC27) fsw ft11, 440(ra)
mem[0x8000A1CC] <- 0xFFFF7E00


mem[X,0x80004F28] -> 0xAE23
mem[X,0x80004F2A] -> 0x1A40
[5071] [M]: 0x80004F28 (0x1A40AE23) sw tp, 444(ra)
mem[0x8000A1D0] <- 0x00000000


mem[X,0x80004F2C] -> 0x1137
mem[X,0x80004F2E] -> 0x0000
[5072] [M]: 0x80004F2C (0x00001137) lui sp, 1
x2 <- 0x00001000


mem[X,0x80004F30] -> 0x0113
mem[X,0x80004F32] -> 0x8001
[5073] [M]: 0x80004F30 (0x80010113) addi sp, sp, 2048
x2 <- 0x00000800


mem[X,0x80004F34] -> 0x81B3
mem[X,0x80004F36] -> 0x0021
[5074] [M]: 0x80004F34 (0x002181B3) add gp, gp, sp
x3 <- 0x80008810


mem[X,0x80004F38] -> 0xAF07
mem[X,0x80004F3A] -> 0x5C01
[5075] [M]: 0x80004F38 (0x5C01AF07) flw ft10, 1472(gp)
mem[R,0x80008DD0] -> 0x00007E01
f30 <- 0xFFFFFFFF00007E01


mem[X,0x80004F3C] -> 0x81B3
mem[X,0x80004F3E] -> 0x4021
[5076] [M]: 0x80004F3C (0x402181B3) sub gp, gp, sp
x3 <- 0x80008010


mem[X,0x80004F40] -> 0x1137
mem[X,0x80004F42] -> 0x0000
[5077] [M]: 0x80004F40 (0x00001137) lui sp, 1
x2 <- 0x00001000


mem[X,0x80004F44] -> 0x0113
mem[X,0x80004F46] -> 0x8001
[5078] [M]: 0x80004F44 (0x80010113) addi sp, sp, 2048
x2 <- 0x00000800


mem[X,0x80004F48] -> 0x81B3
mem[X,0x80004F4A] -> 0x0021
[5079] [M]: 0x80004F48 (0x002181B3) add gp, gp, sp
x3 <- 0x80008810


mem[X,0x80004F4C] -> 0xAE87
mem[X,0x80004F4E] -> 0x5C41
[5080] [M]: 0x80004F4C (0x5C41AE87) flw ft9, 1476(gp)
mem[R,0x80008DD4] -> 0x00000400
f29 <- 0xFFFFFFFF00000400


mem[X,0x80004F50] -> 0x81B3
mem[X,0x80004F52] -> 0x4021
[5081] [M]: 0x80004F50 (0x402181B3) sub gp, gp, sp
x3 <- 0x80008010


mem[X,0x80004F54] -> 0x0113
mem[X,0x80004F56] -> 0x0000
[5082] [M]: 0x80004F54 (0x00000113) addi sp, zero, 0
x2 <- 0x00000000


mem[X,0x80004F58] -> 0x1073
mem[X,0x80004F5A] -> 0x0031
[5083] [M]: 0x80004F58 (0x00311073) csrrw zero, fcsr, sp
CSR fcsr -> 0x00000000
CSR fcsr <- 0x00000000 (input: 0x00000000)


mem[X,0x80004F5C] -> 0x7FD3
mem[X,0x80004F5E] -> 0x05DF
[5084] [M]: 0x80004F5C (0x05DF7FD3) fadd.h ft11, ft10, ft9, dyn
f31 <- 0xFFFFFFFFFFFF7E00


mem[X,0x80004F60] -> 0x2273
mem[X,0x80004F62] -> 0x0030
[5085] [M]: 0x80004F60 (0x00302273) csrrs tp, fcsr, zero
CSR fcsr -> 0x00000000
x4 <- 0x00000000


mem[X,0x80004F64] -> 0xA027
mem[X,0x80004F66] -> 0x1DF0
[5086] [M]: 0x80004F64 (0x1DF0A027) fsw ft11, 448(ra)
mem[0x8000A1D4] <- 0xFFFF7E00


mem[X,0x80004F68] -> 0xA223
mem[X,0x80004F6A] -> 0x1C40
[5087] [M]: 0x80004F68 (0x1C40A223) sw tp, 452(ra)
mem[0x8000A1D8] <- 0x00000000


mem[X,0x80004F6C] -> 0x1137
mem[X,0x80004F6E] -> 0x0000
[5088] [M]: 0x80004F6C (0x00001137) lui sp, 1
x2 <- 0x00001000


mem[X,0x80004F70] -> 0x0113
mem[X,0x80004F72] -> 0x8001
[5089] [M]: 0x80004F70 (0x80010113) addi sp, sp, 2048
x2 <- 0x00000800


mem[X,0x80004F74] -> 0x81B3
mem[X,0x80004F76] -> 0x0021
[5090] [M]: 0x80004F74 (0x002181B3) add gp, gp, sp
x3 <- 0x80008810


mem[X,0x80004F78] -> 0xAF07
mem[X,0x80004F7A] -> 0x5C81
[5091] [M]: 0x80004F78 (0x5C81AF07) flw ft10, 1480(gp)
mem[R,0x80008DD8] -> 0x00007E01
f30 <- 0xFFFFFFFF00007E01


mem[X,0x80004F7C] -> 0x81B3
mem[X,0x80004F7E] -> 0x4021
[5092] [M]: 0x80004F7C (0x402181B3) sub gp, gp, sp
x3 <- 0x80008010


mem[X,0x80004F80] -> 0x1137
mem[X,0x80004F82] -> 0x0000
[5093] [M]: 0x80004F80 (0x00001137) lui sp, 1
x2 <- 0x00001000


mem[X,0x80004F84] -> 0x0113
mem[X,0x80004F86] -> 0x8001
[5094] [M]: 0x80004F84 (0x80010113) addi sp, sp, 2048
x2 <- 0x00000800


mem[X,0x80004F88] -> 0x81B3
mem[X,0x80004F8A] -> 0x0021
[5095] [M]: 0x80004F88 (0x002181B3) add gp, gp, sp
x3 <- 0x80008810


mem[X,0x80004F8C] -> 0xAE87
mem[X,0x80004F8E] -> 0x5CC1
[5096] [M]: 0x80004F8C (0x5CC1AE87) flw ft9, 1484(gp)
mem[R,0x80008DDC] -> 0x00008400
f29 <- 0xFFFFFFFF00008400


mem[X,0x80004F90] -> 0x81B3
mem[X,0x80004F92] -> 0x4021
[5097] [M]: 0x80004F90 (0x402181B3) sub gp, gp, sp
x3 <- 0x80008010


mem[X,0x80004F94] -> 0x0113
mem[X,0x80004F96] -> 0x0000
[5098] [M]: 0x80004F94 (0x00000113) addi sp, zero, 0
x2 <- 0x00000000


mem[X,0x80004F98] -> 0x1073
mem[X,0x80004F9A] -> 0x0031
[5099] [M]: 0x80004F98 (0x00311073) csrrw zero, fcsr, sp
CSR fcsr -> 0x00000000
CSR fcsr <- 0x00000000 (input: 0x00000000)


clint::tick mtime <- 0x0000000000000033
 clint timer pending at mtime 0x0000000000000033
htif::tick 0x0000000000000000
mem[X,0x80004F9C] -> 0x7FD3
mem[X,0x80004F9E] -> 0x05DF
[5100] [M]: 0x80004F9C (0x05DF7FD3) fadd.h ft11, ft10, ft9, dyn
f31 <- 0xFFFFFFFFFFFF7E00


mem[X,0x80004FA0] -> 0x2273
mem[X,0x80004FA2] -> 0x0030
[5101] [M]: 0x80004FA0 (0x00302273) csrrs tp, fcsr, zero
CSR fcsr -> 0x00000000
x4 <- 0x00000000


mem[X,0x80004FA4] -> 0xA427
mem[X,0x80004FA6] -> 0x1DF0
[5102] [M]: 0x80004FA4 (0x1DF0A427) fsw ft11, 456(ra)
mem[0x8000A1DC] <- 0xFFFF7E00


mem[X,0x80004FA8] -> 0xA623
mem[X,0x80004FAA] -> 0x1C40
[5103] [M]: 0x80004FA8 (0x1C40A623) sw tp, 460(ra)
mem[0x8000A1E0] <- 0x00000000


mem[X,0x80004FAC] -> 0x1137
mem[X,0x80004FAE] -> 0x0000
[5104] [M]: 0x80004FAC (0x00001137) lui sp, 1
x2 <- 0x00001000


mem[X,0x80004FB0] -> 0x0113
mem[X,0x80004FB2] -> 0x8001
[5105] [M]: 0x80004FB0 (0x80010113) addi sp, sp, 2048
x2 <- 0x00000800


mem[X,0x80004FB4] -> 0x81B3
mem[X,0x80004FB6] -> 0x0021
[5106] [M]: 0x80004FB4 (0x002181B3) add gp, gp, sp
x3 <- 0x80008810


mem[X,0x80004FB8] -> 0xAF07
mem[X,0x80004FBA] -> 0x5D01
[5107] [M]: 0x80004FB8 (0x5D01AF07) flw ft10, 1488(gp)
mem[R,0x80008DE0] -> 0x00007E01
f30 <- 0xFFFFFFFF00007E01


mem[X,0x80004FBC] -> 0x81B3
mem[X,0x80004FBE] -> 0x4021
[5108] [M]: 0x80004FBC (0x402181B3) sub gp, gp, sp
x3 <- 0x80008010


mem[X,0x80004FC0] -> 0x1137
mem[X,0x80004FC2] -> 0x0000
[5109] [M]: 0x80004FC0 (0x00001137) lui sp, 1
x2 <- 0x00001000


mem[X,0x80004FC4] -> 0x0113
mem[X,0x80004FC6] -> 0x8001
[5110] [M]: 0x80004FC4 (0x80010113) addi sp, sp, 2048
x2 <- 0x00000800


mem[X,0x80004FC8] -> 0x81B3
mem[X,0x80004FCA] -> 0x0021
[5111] [M]: 0x80004FC8 (0x002181B3) add gp, gp, sp
x3 <- 0x80008810


mem[X,0x80004FCC] -> 0xAE87
mem[X,0x80004FCE] -> 0x5D41
[5112] [M]: 0x80004FCC (0x5D41AE87) flw ft9, 1492(gp)
mem[R,0x80008DE4] -> 0x00000401
f29 <- 0xFFFFFFFF00000401


mem[X,0x80004FD0] -> 0x81B3
mem[X,0x80004FD2] -> 0x4021
[5113] [M]: 0x80004FD0 (0x402181B3) sub gp, gp, sp
x3 <- 0x80008010


mem[X,0x80004FD4] -> 0x0113
mem[X,0x80004FD6] -> 0x0000
[5114] [M]: 0x80004FD4 (0x00000113) addi sp, zero, 0
x2 <- 0x00000000


mem[X,0x80004FD8] -> 0x1073
mem[X,0x80004FDA] -> 0x0031
[5115] [M]: 0x80004FD8 (0x00311073) csrrw zero, fcsr, sp
CSR fcsr -> 0x00000000
CSR fcsr <- 0x00000000 (input: 0x00000000)


mem[X,0x80004FDC] -> 0x7FD3
mem[X,0x80004FDE] -> 0x05DF
[5116] [M]: 0x80004FDC (0x05DF7FD3) fadd.h ft11, ft10, ft9, dyn
f31 <- 0xFFFFFFFFFFFF7E00


mem[X,0x80004FE0] -> 0x2273
mem[X,0x80004FE2] -> 0x0030
[5117] [M]: 0x80004FE0 (0x00302273) csrrs tp, fcsr, zero
CSR fcsr -> 0x00000000
x4 <- 0x00000000


mem[X,0x80004FE4] -> 0xA827
mem[X,0x80004FE6] -> 0x1DF0
[5118] [M]: 0x80004FE4 (0x1DF0A827) fsw ft11, 464(ra)
mem[0x8000A1E4] <- 0xFFFF7E00


mem[X,0x80004FE8] -> 0xAA23
mem[X,0x80004FEA] -> 0x1C40
[5119] [M]: 0x80004FE8 (0x1C40AA23) sw tp, 468(ra)
mem[0x8000A1E8] <- 0x00000000


mem[X,0x80004FEC] -> 0x1137
mem[X,0x80004FEE] -> 0x0000
[5120] [M]: 0x80004FEC (0x00001137) lui sp, 1
x2 <- 0x00001000


mem[X,0x80004FF0] -> 0x0113
mem[X,0x80004FF2] -> 0x8001
[5121] [M]: 0x80004FF0 (0x80010113) addi sp, sp, 2048
x2 <- 0x00000800


mem[X,0x80004FF4] -> 0x81B3
mem[X,0x80004FF6] -> 0x0021
[5122] [M]: 0x80004FF4 (0x002181B3) add gp, gp, sp
x3 <- 0x80008810


mem[X,0x80004FF8] -> 0xAF07
mem[X,0x80004FFA] -> 0x5D81
[5123] [M]: 0x80004FF8 (0x5D81AF07) flw ft10, 1496(gp)
mem[R,0x80008DE8] -> 0x00007E01
f30 <- 0xFFFFFFFF00007E01


mem[X,0x80004FFC] -> 0x81B3
mem[X,0x80004FFE] -> 0x4021
[5124] [M]: 0x80004FFC (0x402181B3) sub gp, gp, sp
x3 <- 0x80008010


mem[X,0x80005000] -> 0x1137
mem[X,0x80005002] -> 0x0000
[5125] [M]: 0x80005000 (0x00001137) lui sp, 1
x2 <- 0x00001000


mem[X,0x80005004] -> 0x0113
mem[X,0x80005006] -> 0x8001
[5126] [M]: 0x80005004 (0x80010113) addi sp, sp, 2048
x2 <- 0x00000800


mem[X,0x80005008] -> 0x81B3
mem[X,0x8000500A] -> 0x0021
[5127] [M]: 0x80005008 (0x002181B3) add gp, gp, sp
x3 <- 0x80008810


mem[X,0x8000500C] -> 0xAE87
mem[X,0x8000500E] -> 0x5DC1
[5128] [M]: 0x8000500C (0x5DC1AE87) flw ft9, 1500(gp)
mem[R,0x80008DEC] -> 0x00008455
f29 <- 0xFFFFFFFF00008455


mem[X,0x80005010] -> 0x81B3
mem[X,0x80005012] -> 0x4021
[5129] [M]: 0x80005010 (0x402181B3) sub gp, gp, sp
x3 <- 0x80008010


mem[X,0x80005014] -> 0x0113
mem[X,0x80005016] -> 0x0000
[5130] [M]: 0x80005014 (0x00000113) addi sp, zero, 0
x2 <- 0x00000000


mem[X,0x80005018] -> 0x1073
mem[X,0x8000501A] -> 0x0031
[5131] [M]: 0x80005018 (0x00311073) csrrw zero, fcsr, sp
CSR fcsr -> 0x00000000
CSR fcsr <- 0x00000000 (input: 0x00000000)


mem[X,0x8000501C] -> 0x7FD3
mem[X,0x8000501E] -> 0x05DF
[5132] [M]: 0x8000501C (0x05DF7FD3) fadd.h ft11, ft10, ft9, dyn
f31 <- 0xFFFFFFFFFFFF7E00


mem[X,0x80005020] -> 0x2273
mem[X,0x80005022] -> 0x0030
[5133] [M]: 0x80005020 (0x00302273) csrrs tp, fcsr, zero
CSR fcsr -> 0x00000000
x4 <- 0x00000000


mem[X,0x80005024] -> 0xAC27
mem[X,0x80005026] -> 0x1DF0
[5134] [M]: 0x80005024 (0x1DF0AC27) fsw ft11, 472(ra)
mem[0x8000A1EC] <- 0xFFFF7E00


mem[X,0x80005028] -> 0xAE23
mem[X,0x8000502A] -> 0x1C40
[5135] [M]: 0x80005028 (0x1C40AE23) sw tp, 476(ra)
mem[0x8000A1F0] <- 0x00000000


mem[X,0x8000502C] -> 0x1137
mem[X,0x8000502E] -> 0x0000
[5136] [M]: 0x8000502C (0x00001137) lui sp, 1
x2 <- 0x00001000


mem[X,0x80005030] -> 0x0113
mem[X,0x80005032] -> 0x8001
[5137] [M]: 0x80005030 (0x80010113) addi sp, sp, 2048
x2 <- 0x00000800


mem[X,0x80005034] -> 0x81B3
mem[X,0x80005036] -> 0x0021
[5138] [M]: 0x80005034 (0x002181B3) add gp, gp, sp
x3 <- 0x80008810


mem[X,0x80005038] -> 0xAF07
mem[X,0x8000503A] -> 0x5E01
[5139] [M]: 0x80005038 (0x5E01AF07) flw ft10, 1504(gp)
mem[R,0x80008DF0] -> 0x00007E01
f30 <- 0xFFFFFFFF00007E01


mem[X,0x8000503C] -> 0x81B3
mem[X,0x8000503E] -> 0x4021
[5140] [M]: 0x8000503C (0x402181B3) sub gp, gp, sp
x3 <- 0x80008010


mem[X,0x80005040] -> 0x1137
mem[X,0x80005042] -> 0x0000
[5141] [M]: 0x80005040 (0x00001137) lui sp, 1
x2 <- 0x00001000


mem[X,0x80005044] -> 0x0113
mem[X,0x80005046] -> 0x8001
[5142] [M]: 0x80005044 (0x80010113) addi sp, sp, 2048
x2 <- 0x00000800


mem[X,0x80005048] -> 0x81B3
mem[X,0x8000504A] -> 0x0021
[5143] [M]: 0x80005048 (0x002181B3) add gp, gp, sp
x3 <- 0x80008810


mem[X,0x8000504C] -> 0xAE87
mem[X,0x8000504E] -> 0x5E41
[5144] [M]: 0x8000504C (0x5E41AE87) flw ft9, 1508(gp)
mem[R,0x80008DF4] -> 0x00007BFF
f29 <- 0xFFFFFFFF00007BFF


mem[X,0x80005050] -> 0x81B3
mem[X,0x80005052] -> 0x4021
[5145] [M]: 0x80005050 (0x402181B3) sub gp, gp, sp
x3 <- 0x80008010


mem[X,0x80005054] -> 0x0113
mem[X,0x80005056] -> 0x0000
[5146] [M]: 0x80005054 (0x00000113) addi sp, zero, 0
x2 <- 0x00000000


mem[X,0x80005058] -> 0x1073
mem[X,0x8000505A] -> 0x0031
[5147] [M]: 0x80005058 (0x00311073) csrrw zero, fcsr, sp
CSR fcsr -> 0x00000000
CSR fcsr <- 0x00000000 (input: 0x00000000)


mem[X,0x8000505C] -> 0x7FD3
mem[X,0x8000505E] -> 0x05DF
[5148] [M]: 0x8000505C (0x05DF7FD3) fadd.h ft11, ft10, ft9, dyn
f31 <- 0xFFFFFFFFFFFF7E00


mem[X,0x80005060] -> 0x2273
mem[X,0x80005062] -> 0x0030
[5149] [M]: 0x80005060 (0x00302273) csrrs tp, fcsr, zero
CSR fcsr -> 0x00000000
x4 <- 0x00000000


mem[X,0x80005064] -> 0xA027
mem[X,0x80005066] -> 0x1FF0
[5150] [M]: 0x80005064 (0x1FF0A027) fsw ft11, 480(ra)
mem[0x8000A1F4] <- 0xFFFF7E00


mem[X,0x80005068] -> 0xA223
mem[X,0x8000506A] -> 0x1E40
[5151] [M]: 0x80005068 (0x1E40A223) sw tp, 484(ra)
mem[0x8000A1F8] <- 0x00000000


mem[X,0x8000506C] -> 0x1137
mem[X,0x8000506E] -> 0x0000
[5152] [M]: 0x8000506C (0x00001137) lui sp, 1
x2 <- 0x00001000


mem[X,0x80005070] -> 0x0113
mem[X,0x80005072] -> 0x8001
[5153] [M]: 0x80005070 (0x80010113) addi sp, sp, 2048
x2 <- 0x00000800


mem[X,0x80005074] -> 0x81B3
mem[X,0x80005076] -> 0x0021
[5154] [M]: 0x80005074 (0x002181B3) add gp, gp, sp
x3 <- 0x80008810


mem[X,0x80005078] -> 0xAF07
mem[X,0x8000507A] -> 0x5E81
[5155] [M]: 0x80005078 (0x5E81AF07) flw ft10, 1512(gp)
mem[R,0x80008DF8] -> 0x00007E01
f30 <- 0xFFFFFFFF00007E01


mem[X,0x8000507C] -> 0x81B3
mem[X,0x8000507E] -> 0x4021
[5156] [M]: 0x8000507C (0x402181B3) sub gp, gp, sp
x3 <- 0x80008010


mem[X,0x80005080] -> 0x1137
mem[X,0x80005082] -> 0x0000
[5157] [M]: 0x80005080 (0x00001137) lui sp, 1
x2 <- 0x00001000


mem[X,0x80005084] -> 0x0113
mem[X,0x80005086] -> 0x8001
[5158] [M]: 0x80005084 (0x80010113) addi sp, sp, 2048
x2 <- 0x00000800


mem[X,0x80005088] -> 0x81B3
mem[X,0x8000508A] -> 0x0021
[5159] [M]: 0x80005088 (0x002181B3) add gp, gp, sp
x3 <- 0x80008810


mem[X,0x8000508C] -> 0xAE87
mem[X,0x8000508E] -> 0x5EC1
[5160] [M]: 0x8000508C (0x5EC1AE87) flw ft9, 1516(gp)
mem[R,0x80008DFC] -> 0x0000FBFF
f29 <- 0xFFFFFFFF0000FBFF


mem[X,0x80005090] -> 0x81B3
mem[X,0x80005092] -> 0x4021
[5161] [M]: 0x80005090 (0x402181B3) sub gp, gp, sp
x3 <- 0x80008010


mem[X,0x80005094] -> 0x0113
mem[X,0x80005096] -> 0x0000
[5162] [M]: 0x80005094 (0x00000113) addi sp, zero, 0
x2 <- 0x00000000


mem[X,0x80005098] -> 0x1073
mem[X,0x8000509A] -> 0x0031
[5163] [M]: 0x80005098 (0x00311073) csrrw zero, fcsr, sp
CSR fcsr -> 0x00000000
CSR fcsr <- 0x00000000 (input: 0x00000000)


mem[X,0x8000509C] -> 0x7FD3
mem[X,0x8000509E] -> 0x05DF
[5164] [M]: 0x8000509C (0x05DF7FD3) fadd.h ft11, ft10, ft9, dyn
f31 <- 0xFFFFFFFFFFFF7E00


mem[X,0x800050A0] -> 0x2273
mem[X,0x800050A2] -> 0x0030
[5165] [M]: 0x800050A0 (0x00302273) csrrs tp, fcsr, zero
CSR fcsr -> 0x00000000
x4 <- 0x00000000


mem[X,0x800050A4] -> 0xA427
mem[X,0x800050A6] -> 0x1FF0
[5166] [M]: 0x800050A4 (0x1FF0A427) fsw ft11, 488(ra)
mem[0x8000A1FC] <- 0xFFFF7E00


mem[X,0x800050A8] -> 0xA623
mem[X,0x800050AA] -> 0x1E40
[5167] [M]: 0x800050A8 (0x1E40A623) sw tp, 492(ra)
mem[0x8000A200] <- 0x00000000


mem[X,0x800050AC] -> 0x1137
mem[X,0x800050AE] -> 0x0000
[5168] [M]: 0x800050AC (0x00001137) lui sp, 1
x2 <- 0x00001000


mem[X,0x800050B0] -> 0x0113
mem[X,0x800050B2] -> 0x8001
[5169] [M]: 0x800050B0 (0x80010113) addi sp, sp, 2048
x2 <- 0x00000800


mem[X,0x800050B4] -> 0x81B3
mem[X,0x800050B6] -> 0x0021
[5170] [M]: 0x800050B4 (0x002181B3) add gp, gp, sp
x3 <- 0x80008810


mem[X,0x800050B8] -> 0xAF07
mem[X,0x800050BA] -> 0x5F01
[5171] [M]: 0x800050B8 (0x5F01AF07) flw ft10, 1520(gp)
mem[R,0x80008E00] -> 0x00007E01
f30 <- 0xFFFFFFFF00007E01


mem[X,0x800050BC] -> 0x81B3
mem[X,0x800050BE] -> 0x4021
[5172] [M]: 0x800050BC (0x402181B3) sub gp, gp, sp
x3 <- 0x80008010


mem[X,0x800050C0] -> 0x1137
mem[X,0x800050C2] -> 0x0000
[5173] [M]: 0x800050C0 (0x00001137) lui sp, 1
x2 <- 0x00001000


mem[X,0x800050C4] -> 0x0113
mem[X,0x800050C6] -> 0x8001
[5174] [M]: 0x800050C4 (0x80010113) addi sp, sp, 2048
x2 <- 0x00000800


mem[X,0x800050C8] -> 0x81B3
mem[X,0x800050CA] -> 0x0021
[5175] [M]: 0x800050C8 (0x002181B3) add gp, gp, sp
x3 <- 0x80008810


mem[X,0x800050CC] -> 0xAE87
mem[X,0x800050CE] -> 0x5F41
[5176] [M]: 0x800050CC (0x5F41AE87) flw ft9, 1524(gp)
mem[R,0x80008E04] -> 0x00007C00
f29 <- 0xFFFFFFFF00007C00


mem[X,0x800050D0] -> 0x81B3
mem[X,0x800050D2] -> 0x4021
[5177] [M]: 0x800050D0 (0x402181B3) sub gp, gp, sp
x3 <- 0x80008010


mem[X,0x800050D4] -> 0x0113
mem[X,0x800050D6] -> 0x0000
[5178] [M]: 0x800050D4 (0x00000113) addi sp, zero, 0
x2 <- 0x00000000


mem[X,0x800050D8] -> 0x1073
mem[X,0x800050DA] -> 0x0031
[5179] [M]: 0x800050D8 (0x00311073) csrrw zero, fcsr, sp
CSR fcsr -> 0x00000000
CSR fcsr <- 0x00000000 (input: 0x00000000)


mem[X,0x800050DC] -> 0x7FD3
mem[X,0x800050DE] -> 0x05DF
[5180] [M]: 0x800050DC (0x05DF7FD3) fadd.h ft11, ft10, ft9, dyn
f31 <- 0xFFFFFFFFFFFF7E00


mem[X,0x800050E0] -> 0x2273
mem[X,0x800050E2] -> 0x0030
[5181] [M]: 0x800050E0 (0x00302273) csrrs tp, fcsr, zero
CSR fcsr -> 0x00000000
x4 <- 0x00000000


mem[X,0x800050E4] -> 0xA827
mem[X,0x800050E6] -> 0x1FF0
[5182] [M]: 0x800050E4 (0x1FF0A827) fsw ft11, 496(ra)
mem[0x8000A204] <- 0xFFFF7E00


mem[X,0x800050E8] -> 0xAA23
mem[X,0x800050EA] -> 0x1E40
[5183] [M]: 0x800050E8 (0x1E40AA23) sw tp, 500(ra)
mem[0x8000A208] <- 0x00000000


mem[X,0x800050EC] -> 0x1137
mem[X,0x800050EE] -> 0x0000
[5184] [M]: 0x800050EC (0x00001137) lui sp, 1
x2 <- 0x00001000


mem[X,0x800050F0] -> 0x0113
mem[X,0x800050F2] -> 0x8001
[5185] [M]: 0x800050F0 (0x80010113) addi sp, sp, 2048
x2 <- 0x00000800


mem[X,0x800050F4] -> 0x81B3
mem[X,0x800050F6] -> 0x0021
[5186] [M]: 0x800050F4 (0x002181B3) add gp, gp, sp
x3 <- 0x80008810


mem[X,0x800050F8] -> 0xAF07
mem[X,0x800050FA] -> 0x5F81
[5187] [M]: 0x800050F8 (0x5F81AF07) flw ft10, 1528(gp)
mem[R,0x80008E08] -> 0x00007E01
f30 <- 0xFFFFFFFF00007E01


mem[X,0x800050FC] -> 0x81B3
mem[X,0x800050FE] -> 0x4021
[5188] [M]: 0x800050FC (0x402181B3) sub gp, gp, sp
x3 <- 0x80008010


mem[X,0x80005100] -> 0x1137
mem[X,0x80005102] -> 0x0000
[5189] [M]: 0x80005100 (0x00001137) lui sp, 1
x2 <- 0x00001000


mem[X,0x80005104] -> 0x0113
mem[X,0x80005106] -> 0x8001
[5190] [M]: 0x80005104 (0x80010113) addi sp, sp, 2048
x2 <- 0x00000800


mem[X,0x80005108] -> 0x81B3
mem[X,0x8000510A] -> 0x0021
[5191] [M]: 0x80005108 (0x002181B3) add gp, gp, sp
x3 <- 0x80008810


mem[X,0x8000510C] -> 0xAE87
mem[X,0x8000510E] -> 0x5FC1
[5192] [M]: 0x8000510C (0x5FC1AE87) flw ft9, 1532(gp)
mem[R,0x80008E0C] -> 0x0000FC00
f29 <- 0xFFFFFFFF0000FC00


mem[X,0x80005110] -> 0x81B3
mem[X,0x80005112] -> 0x4021
[5193] [M]: 0x80005110 (0x402181B3) sub gp, gp, sp
x3 <- 0x80008010


mem[X,0x80005114] -> 0x0113
mem[X,0x80005116] -> 0x0000
[5194] [M]: 0x80005114 (0x00000113) addi sp, zero, 0
x2 <- 0x00000000


mem[X,0x80005118] -> 0x1073
mem[X,0x8000511A] -> 0x0031
[5195] [M]: 0x80005118 (0x00311073) csrrw zero, fcsr, sp
CSR fcsr -> 0x00000000
CSR fcsr <- 0x00000000 (input: 0x00000000)


mem[X,0x8000511C] -> 0x7FD3
mem[X,0x8000511E] -> 0x05DF
[5196] [M]: 0x8000511C (0x05DF7FD3) fadd.h ft11, ft10, ft9, dyn
f31 <- 0xFFFFFFFFFFFF7E00


mem[X,0x80005120] -> 0x2273
mem[X,0x80005122] -> 0x0030
[5197] [M]: 0x80005120 (0x00302273) csrrs tp, fcsr, zero
CSR fcsr -> 0x00000000
x4 <- 0x00000000


mem[X,0x80005124] -> 0xAC27
mem[X,0x80005126] -> 0x1FF0
[5198] [M]: 0x80005124 (0x1FF0AC27) fsw ft11, 504(ra)
mem[0x8000A20C] <- 0xFFFF7E00


mem[X,0x80005128] -> 0xAE23
mem[X,0x8000512A] -> 0x1E40
[5199] [M]: 0x80005128 (0x1E40AE23) sw tp, 508(ra)
mem[0x8000A210] <- 0x00000000


clint::tick mtime <- 0x0000000000000034
 clint timer pending at mtime 0x0000000000000034
htif::tick 0x0000000000000000
mem[X,0x8000512C] -> 0x1137
mem[X,0x8000512E] -> 0x0000
[5200] [M]: 0x8000512C (0x00001137) lui sp, 1
x2 <- 0x00001000


mem[X,0x80005130] -> 0x0113
mem[X,0x80005132] -> 0x8001
[5201] [M]: 0x80005130 (0x80010113) addi sp, sp, 2048
x2 <- 0x00000800


mem[X,0x80005134] -> 0x81B3
mem[X,0x80005136] -> 0x0021
[5202] [M]: 0x80005134 (0x002181B3) add gp, gp, sp
x3 <- 0x80008810


mem[X,0x80005138] -> 0xAF07
mem[X,0x8000513A] -> 0x6001
[5203] [M]: 0x80005138 (0x6001AF07) flw ft10, 1536(gp)
mem[R,0x80008E10] -> 0x00007E01
f30 <- 0xFFFFFFFF00007E01


mem[X,0x8000513C] -> 0x81B3
mem[X,0x8000513E] -> 0x4021
[5204] [M]: 0x8000513C (0x402181B3) sub gp, gp, sp
x3 <- 0x80008010


mem[X,0x80005140] -> 0x1137
mem[X,0x80005142] -> 0x0000
[5205] [M]: 0x80005140 (0x00001137) lui sp, 1
x2 <- 0x00001000


mem[X,0x80005144] -> 0x0113
mem[X,0x80005146] -> 0x8001
[5206] [M]: 0x80005144 (0x80010113) addi sp, sp, 2048
x2 <- 0x00000800


mem[X,0x80005148] -> 0x81B3
mem[X,0x8000514A] -> 0x0021
[5207] [M]: 0x80005148 (0x002181B3) add gp, gp, sp
x3 <- 0x80008810


mem[X,0x8000514C] -> 0xAE87
mem[X,0x8000514E] -> 0x6041
[5208] [M]: 0x8000514C (0x6041AE87) flw ft9, 1540(gp)
mem[R,0x80008E14] -> 0x00007E00
f29 <- 0xFFFFFFFF00007E00


mem[X,0x80005150] -> 0x81B3
mem[X,0x80005152] -> 0x4021
[5209] [M]: 0x80005150 (0x402181B3) sub gp, gp, sp
x3 <- 0x80008010


mem[X,0x80005154] -> 0x0113
mem[X,0x80005156] -> 0x0000
[5210] [M]: 0x80005154 (0x00000113) addi sp, zero, 0
x2 <- 0x00000000


mem[X,0x80005158] -> 0x1073
mem[X,0x8000515A] -> 0x0031
[5211] [M]: 0x80005158 (0x00311073) csrrw zero, fcsr, sp
CSR fcsr -> 0x00000000
CSR fcsr <- 0x00000000 (input: 0x00000000)


mem[X,0x8000515C] -> 0x7FD3
mem[X,0x8000515E] -> 0x05DF
[5212] [M]: 0x8000515C (0x05DF7FD3) fadd.h ft11, ft10, ft9, dyn
f31 <- 0xFFFFFFFFFFFF7E00


mem[X,0x80005160] -> 0x2273
mem[X,0x80005162] -> 0x0030
[5213] [M]: 0x80005160 (0x00302273) csrrs tp, fcsr, zero
CSR fcsr -> 0x00000000
x4 <- 0x00000000


mem[X,0x80005164] -> 0xA027
mem[X,0x80005166] -> 0x21F0
[5214] [M]: 0x80005164 (0x21F0A027) fsw ft11, 512(ra)
mem[0x8000A214] <- 0xFFFF7E00


mem[X,0x80005168] -> 0xA223
mem[X,0x8000516A] -> 0x2040
[5215] [M]: 0x80005168 (0x2040A223) sw tp, 516(ra)
mem[0x8000A218] <- 0x00000000


mem[X,0x8000516C] -> 0x1137
mem[X,0x8000516E] -> 0x0000
[5216] [M]: 0x8000516C (0x00001137) lui sp, 1
x2 <- 0x00001000


mem[X,0x80005170] -> 0x0113
mem[X,0x80005172] -> 0x8001
[5217] [M]: 0x80005170 (0x80010113) addi sp, sp, 2048
x2 <- 0x00000800


mem[X,0x80005174] -> 0x81B3
mem[X,0x80005176] -> 0x0021
[5218] [M]: 0x80005174 (0x002181B3) add gp, gp, sp
x3 <- 0x80008810


mem[X,0x80005178] -> 0xAF07
mem[X,0x8000517A] -> 0x6081
[5219] [M]: 0x80005178 (0x6081AF07) flw ft10, 1544(gp)
mem[R,0x80008E18] -> 0x00007E01
f30 <- 0xFFFFFFFF00007E01


mem[X,0x8000517C] -> 0x81B3
mem[X,0x8000517E] -> 0x4021
[5220] [M]: 0x8000517C (0x402181B3) sub gp, gp, sp
x3 <- 0x80008010


mem[X,0x80005180] -> 0x1137
mem[X,0x80005182] -> 0x0000
[5221] [M]: 0x80005180 (0x00001137) lui sp, 1
x2 <- 0x00001000


mem[X,0x80005184] -> 0x0113
mem[X,0x80005186] -> 0x8001
[5222] [M]: 0x80005184 (0x80010113) addi sp, sp, 2048
x2 <- 0x00000800


mem[X,0x80005188] -> 0x81B3
mem[X,0x8000518A] -> 0x0021
[5223] [M]: 0x80005188 (0x002181B3) add gp, gp, sp
x3 <- 0x80008810


mem[X,0x8000518C] -> 0xAE87
mem[X,0x8000518E] -> 0x60C1
[5224] [M]: 0x8000518C (0x60C1AE87) flw ft9, 1548(gp)
mem[R,0x80008E1C] -> 0x0000FE00
f29 <- 0xFFFFFFFF0000FE00


mem[X,0x80005190] -> 0x81B3
mem[X,0x80005192] -> 0x4021
[5225] [M]: 0x80005190 (0x402181B3) sub gp, gp, sp
x3 <- 0x80008010


mem[X,0x80005194] -> 0x0113
mem[X,0x80005196] -> 0x0000
[5226] [M]: 0x80005194 (0x00000113) addi sp, zero, 0
x2 <- 0x00000000


mem[X,0x80005198] -> 0x1073
mem[X,0x8000519A] -> 0x0031
[5227] [M]: 0x80005198 (0x00311073) csrrw zero, fcsr, sp
CSR fcsr -> 0x00000000
CSR fcsr <- 0x00000000 (input: 0x00000000)


mem[X,0x8000519C] -> 0x7FD3
mem[X,0x8000519E] -> 0x05DF
[5228] [M]: 0x8000519C (0x05DF7FD3) fadd.h ft11, ft10, ft9, dyn
f31 <- 0xFFFFFFFFFFFF7E00


mem[X,0x800051A0] -> 0x2273
mem[X,0x800051A2] -> 0x0030
[5229] [M]: 0x800051A0 (0x00302273) csrrs tp, fcsr, zero
CSR fcsr -> 0x00000000
x4 <- 0x00000000


mem[X,0x800051A4] -> 0xA427
mem[X,0x800051A6] -> 0x21F0
[5230] [M]: 0x800051A4 (0x21F0A427) fsw ft11, 520(ra)
mem[0x8000A21C] <- 0xFFFF7E00


mem[X,0x800051A8] -> 0xA623
mem[X,0x800051AA] -> 0x2040
[5231] [M]: 0x800051A8 (0x2040A623) sw tp, 524(ra)
mem[0x8000A220] <- 0x00000000


mem[X,0x800051AC] -> 0x1137
mem[X,0x800051AE] -> 0x0000
[5232] [M]: 0x800051AC (0x00001137) lui sp, 1
x2 <- 0x00001000


mem[X,0x800051B0] -> 0x0113
mem[X,0x800051B2] -> 0x8001
[5233] [M]: 0x800051B0 (0x80010113) addi sp, sp, 2048
x2 <- 0x00000800


mem[X,0x800051B4] -> 0x81B3
mem[X,0x800051B6] -> 0x0021
[5234] [M]: 0x800051B4 (0x002181B3) add gp, gp, sp
x3 <- 0x80008810


mem[X,0x800051B8] -> 0xAF07
mem[X,0x800051BA] -> 0x6101
[5235] [M]: 0x800051B8 (0x6101AF07) flw ft10, 1552(gp)
mem[R,0x80008E20] -> 0x00007E01
f30 <- 0xFFFFFFFF00007E01


mem[X,0x800051BC] -> 0x81B3
mem[X,0x800051BE] -> 0x4021
[5236] [M]: 0x800051BC (0x402181B3) sub gp, gp, sp
x3 <- 0x80008010


mem[X,0x800051C0] -> 0x1137
mem[X,0x800051C2] -> 0x0000
[5237] [M]: 0x800051C0 (0x00001137) lui sp, 1
x2 <- 0x00001000


mem[X,0x800051C4] -> 0x0113
mem[X,0x800051C6] -> 0x8001
[5238] [M]: 0x800051C4 (0x80010113) addi sp, sp, 2048
x2 <- 0x00000800


mem[X,0x800051C8] -> 0x81B3
mem[X,0x800051CA] -> 0x0021
[5239] [M]: 0x800051C8 (0x002181B3) add gp, gp, sp
x3 <- 0x80008810


mem[X,0x800051CC] -> 0xAE87
mem[X,0x800051CE] -> 0x6141
[5240] [M]: 0x800051CC (0x6141AE87) flw ft9, 1556(gp)
mem[R,0x80008E24] -> 0x00007E01
f29 <- 0xFFFFFFFF00007E01


mem[X,0x800051D0] -> 0x81B3
mem[X,0x800051D2] -> 0x4021
[5241] [M]: 0x800051D0 (0x402181B3) sub gp, gp, sp
x3 <- 0x80008010


mem[X,0x800051D4] -> 0x0113
mem[X,0x800051D6] -> 0x0000
[5242] [M]: 0x800051D4 (0x00000113) addi sp, zero, 0
x2 <- 0x00000000


mem[X,0x800051D8] -> 0x1073
mem[X,0x800051DA] -> 0x0031
[5243] [M]: 0x800051D8 (0x00311073) csrrw zero, fcsr, sp
CSR fcsr -> 0x00000000
CSR fcsr <- 0x00000000 (input: 0x00000000)


mem[X,0x800051DC] -> 0x7FD3
mem[X,0x800051DE] -> 0x05DF
[5244] [M]: 0x800051DC (0x05DF7FD3) fadd.h ft11, ft10, ft9, dyn
f31 <- 0xFFFFFFFFFFFF7E00


mem[X,0x800051E0] -> 0x2273
mem[X,0x800051E2] -> 0x0030
[5245] [M]: 0x800051E0 (0x00302273) csrrs tp, fcsr, zero
CSR fcsr -> 0x00000000
x4 <- 0x00000000


mem[X,0x800051E4] -> 0xA827
mem[X,0x800051E6] -> 0x21F0
[5246] [M]: 0x800051E4 (0x21F0A827) fsw ft11, 528(ra)
mem[0x8000A224] <- 0xFFFF7E00


mem[X,0x800051E8] -> 0xAA23
mem[X,0x800051EA] -> 0x2040
[5247] [M]: 0x800051E8 (0x2040AA23) sw tp, 532(ra)
mem[0x8000A228] <- 0x00000000


mem[X,0x800051EC] -> 0x1137
mem[X,0x800051EE] -> 0x0000
[5248] [M]: 0x800051EC (0x00001137) lui sp, 1
x2 <- 0x00001000


mem[X,0x800051F0] -> 0x0113
mem[X,0x800051F2] -> 0x8001
[5249] [M]: 0x800051F0 (0x80010113) addi sp, sp, 2048
x2 <- 0x00000800


mem[X,0x800051F4] -> 0x81B3
mem[X,0x800051F6] -> 0x0021
[5250] [M]: 0x800051F4 (0x002181B3) add gp, gp, sp
x3 <- 0x80008810


mem[X,0x800051F8] -> 0xAF07
mem[X,0x800051FA] -> 0x6181
[5251] [M]: 0x800051F8 (0x6181AF07) flw ft10, 1560(gp)
mem[R,0x80008E28] -> 0x00007E01
f30 <- 0xFFFFFFFF00007E01


mem[X,0x800051FC] -> 0x81B3
mem[X,0x800051FE] -> 0x4021
[5252] [M]: 0x800051FC (0x402181B3) sub gp, gp, sp
x3 <- 0x80008010


mem[X,0x80005200] -> 0x1137
mem[X,0x80005202] -> 0x0000
[5253] [M]: 0x80005200 (0x00001137) lui sp, 1
x2 <- 0x00001000


mem[X,0x80005204] -> 0x0113
mem[X,0x80005206] -> 0x8001
[5254] [M]: 0x80005204 (0x80010113) addi sp, sp, 2048
x2 <- 0x00000800


mem[X,0x80005208] -> 0x81B3
mem[X,0x8000520A] -> 0x0021
[5255] [M]: 0x80005208 (0x002181B3) add gp, gp, sp
x3 <- 0x80008810


mem[X,0x8000520C] -> 0xAE87
mem[X,0x8000520E] -> 0x61C1
[5256] [M]: 0x8000520C (0x61C1AE87) flw ft9, 1564(gp)
mem[R,0x80008E2C] -> 0x0000FE55
f29 <- 0xFFFFFFFF0000FE55


mem[X,0x80005210] -> 0x81B3
mem[X,0x80005212] -> 0x4021
[5257] [M]: 0x80005210 (0x402181B3) sub gp, gp, sp
x3 <- 0x80008010


mem[X,0x80005214] -> 0x0113
mem[X,0x80005216] -> 0x0000
[5258] [M]: 0x80005214 (0x00000113) addi sp, zero, 0
x2 <- 0x00000000


mem[X,0x80005218] -> 0x1073
mem[X,0x8000521A] -> 0x0031
[5259] [M]: 0x80005218 (0x00311073) csrrw zero, fcsr, sp
CSR fcsr -> 0x00000000
CSR fcsr <- 0x00000000 (input: 0x00000000)


mem[X,0x8000521C] -> 0x7FD3
mem[X,0x8000521E] -> 0x05DF
[5260] [M]: 0x8000521C (0x05DF7FD3) fadd.h ft11, ft10, ft9, dyn
f31 <- 0xFFFFFFFFFFFF7E00


mem[X,0x80005220] -> 0x2273
mem[X,0x80005222] -> 0x0030
[5261] [M]: 0x80005220 (0x00302273) csrrs tp, fcsr, zero
CSR fcsr -> 0x00000000
x4 <- 0x00000000


mem[X,0x80005224] -> 0xAC27
mem[X,0x80005226] -> 0x21F0
[5262] [M]: 0x80005224 (0x21F0AC27) fsw ft11, 536(ra)
mem[0x8000A22C] <- 0xFFFF7E00


mem[X,0x80005228] -> 0xAE23
mem[X,0x8000522A] -> 0x2040
[5263] [M]: 0x80005228 (0x2040AE23) sw tp, 540(ra)
mem[0x8000A230] <- 0x00000000


mem[X,0x8000522C] -> 0x1137
mem[X,0x8000522E] -> 0x0000
[5264] [M]: 0x8000522C (0x00001137) lui sp, 1
x2 <- 0x00001000


mem[X,0x80005230] -> 0x0113
mem[X,0x80005232] -> 0x8001
[5265] [M]: 0x80005230 (0x80010113) addi sp, sp, 2048
x2 <- 0x00000800


mem[X,0x80005234] -> 0x81B3
mem[X,0x80005236] -> 0x0021
[5266] [M]: 0x80005234 (0x002181B3) add gp, gp, sp
x3 <- 0x80008810


mem[X,0x80005238] -> 0xAF07
mem[X,0x8000523A] -> 0x6201
[5267] [M]: 0x80005238 (0x6201AF07) flw ft10, 1568(gp)
mem[R,0x80008E30] -> 0x00007E01
f30 <- 0xFFFFFFFF00007E01


mem[X,0x8000523C] -> 0x81B3
mem[X,0x8000523E] -> 0x4021
[5268] [M]: 0x8000523C (0x402181B3) sub gp, gp, sp
x3 <- 0x80008010


mem[X,0x80005240] -> 0x1137
mem[X,0x80005242] -> 0x0000
[5269] [M]: 0x80005240 (0x00001137) lui sp, 1
x2 <- 0x00001000


mem[X,0x80005244] -> 0x0113
mem[X,0x80005246] -> 0x8001
[5270] [M]: 0x80005244 (0x80010113) addi sp, sp, 2048
x2 <- 0x00000800


mem[X,0x80005248] -> 0x81B3
mem[X,0x8000524A] -> 0x0021
[5271] [M]: 0x80005248 (0x002181B3) add gp, gp, sp
x3 <- 0x80008810


mem[X,0x8000524C] -> 0xAE87
mem[X,0x8000524E] -> 0x6241
[5272] [M]: 0x8000524C (0x6241AE87) flw ft9, 1572(gp)
mem[R,0x80008E34] -> 0x00007C01
f29 <- 0xFFFFFFFF00007C01


mem[X,0x80005250] -> 0x81B3
mem[X,0x80005252] -> 0x4021
[5273] [M]: 0x80005250 (0x402181B3) sub gp, gp, sp
x3 <- 0x80008010


mem[X,0x80005254] -> 0x0113
mem[X,0x80005256] -> 0x0000
[5274] [M]: 0x80005254 (0x00000113) addi sp, zero, 0
x2 <- 0x00000000


mem[X,0x80005258] -> 0x1073
mem[X,0x8000525A] -> 0x0031
[5275] [M]: 0x80005258 (0x00311073) csrrw zero, fcsr, sp
CSR fcsr -> 0x00000000
CSR fcsr <- 0x00000000 (input: 0x00000000)


mem[X,0x8000525C] -> 0x7FD3
mem[X,0x8000525E] -> 0x05DF
[5276] [M]: 0x8000525C (0x05DF7FD3) fadd.h ft11, ft10, ft9, dyn
f31 <- 0xFFFFFFFFFFFF7E00


mem[X,0x80005260] -> 0x2273
mem[X,0x80005262] -> 0x0030
[5277] [M]: 0x80005260 (0x00302273) csrrs tp, fcsr, zero
CSR fcsr -> 0x00000000
x4 <- 0x00000000


mem[X,0x80005264] -> 0xA027
mem[X,0x80005266] -> 0x23F0
[5278] [M]: 0x80005264 (0x23F0A027) fsw ft11, 544(ra)
mem[0x8000A234] <- 0xFFFF7E00


mem[X,0x80005268] -> 0xA223
mem[X,0x8000526A] -> 0x2240
[5279] [M]: 0x80005268 (0x2240A223) sw tp, 548(ra)
mem[0x8000A238] <- 0x00000000


mem[X,0x8000526C] -> 0x1137
mem[X,0x8000526E] -> 0x0000
[5280] [M]: 0x8000526C (0x00001137) lui sp, 1
x2 <- 0x00001000


mem[X,0x80005270] -> 0x0113
mem[X,0x80005272] -> 0x8001
[5281] [M]: 0x80005270 (0x80010113) addi sp, sp, 2048
x2 <- 0x00000800


mem[X,0x80005274] -> 0x81B3
mem[X,0x80005276] -> 0x0021
[5282] [M]: 0x80005274 (0x002181B3) add gp, gp, sp
x3 <- 0x80008810


mem[X,0x80005278] -> 0xAF07
mem[X,0x8000527A] -> 0x6281
[5283] [M]: 0x80005278 (0x6281AF07) flw ft10, 1576(gp)
mem[R,0x80008E38] -> 0x00007E01
f30 <- 0xFFFFFFFF00007E01


mem[X,0x8000527C] -> 0x81B3
mem[X,0x8000527E] -> 0x4021
[5284] [M]: 0x8000527C (0x402181B3) sub gp, gp, sp
x3 <- 0x80008010


mem[X,0x80005280] -> 0x1137
mem[X,0x80005282] -> 0x0000
[5285] [M]: 0x80005280 (0x00001137) lui sp, 1
x2 <- 0x00001000


mem[X,0x80005284] -> 0x0113
mem[X,0x80005286] -> 0x8001
[5286] [M]: 0x80005284 (0x80010113) addi sp, sp, 2048
x2 <- 0x00000800


mem[X,0x80005288] -> 0x81B3
mem[X,0x8000528A] -> 0x0021
[5287] [M]: 0x80005288 (0x002181B3) add gp, gp, sp
x3 <- 0x80008810


mem[X,0x8000528C] -> 0xAE87
mem[X,0x8000528E] -> 0x62C1
[5288] [M]: 0x8000528C (0x62C1AE87) flw ft9, 1580(gp)
mem[R,0x80008E3C] -> 0x0000FD55
f29 <- 0xFFFFFFFF0000FD55


mem[X,0x80005290] -> 0x81B3
mem[X,0x80005292] -> 0x4021
[5289] [M]: 0x80005290 (0x402181B3) sub gp, gp, sp
x3 <- 0x80008010


mem[X,0x80005294] -> 0x0113
mem[X,0x80005296] -> 0x0000
[5290] [M]: 0x80005294 (0x00000113) addi sp, zero, 0
x2 <- 0x00000000


mem[X,0x80005298] -> 0x1073
mem[X,0x8000529A] -> 0x0031
[5291] [M]: 0x80005298 (0x00311073) csrrw zero, fcsr, sp
CSR fcsr -> 0x00000000
CSR fcsr <- 0x00000000 (input: 0x00000000)


mem[X,0x8000529C] -> 0x7FD3
mem[X,0x8000529E] -> 0x05DF
[5292] [M]: 0x8000529C (0x05DF7FD3) fadd.h ft11, ft10, ft9, dyn
f31 <- 0xFFFFFFFFFFFF7E00


mem[X,0x800052A0] -> 0x2273
mem[X,0x800052A2] -> 0x0030
[5293] [M]: 0x800052A0 (0x00302273) csrrs tp, fcsr, zero
CSR fcsr -> 0x00000000
x4 <- 0x00000000


mem[X,0x800052A4] -> 0xA427
mem[X,0x800052A6] -> 0x23F0
[5294] [M]: 0x800052A4 (0x23F0A427) fsw ft11, 552(ra)
mem[0x8000A23C] <- 0xFFFF7E00


mem[X,0x800052A8] -> 0xA623
mem[X,0x800052AA] -> 0x2240
[5295] [M]: 0x800052A8 (0x2240A623) sw tp, 556(ra)
mem[0x8000A240] <- 0x00000000


mem[X,0x800052AC] -> 0x1137
mem[X,0x800052AE] -> 0x0000
[5296] [M]: 0x800052AC (0x00001137) lui sp, 1
x2 <- 0x00001000


mem[X,0x800052B0] -> 0x0113
mem[X,0x800052B2] -> 0x8001
[5297] [M]: 0x800052B0 (0x80010113) addi sp, sp, 2048
x2 <- 0x00000800


mem[X,0x800052B4] -> 0x81B3
mem[X,0x800052B6] -> 0x0021
[5298] [M]: 0x800052B4 (0x002181B3) add gp, gp, sp
x3 <- 0x80008810


mem[X,0x800052B8] -> 0xAF07
mem[X,0x800052BA] -> 0x6301
[5299] [M]: 0x800052B8 (0x6301AF07) flw ft10, 1584(gp)
mem[R,0x80008E40] -> 0x00007E01
f30 <- 0xFFFFFFFF00007E01


clint::tick mtime <- 0x0000000000000035
 clint timer pending at mtime 0x0000000000000035
htif::tick 0x0000000000000000
mem[X,0x800052BC] -> 0x81B3
mem[X,0x800052BE] -> 0x4021
[5300] [M]: 0x800052BC (0x402181B3) sub gp, gp, sp
x3 <- 0x80008010


mem[X,0x800052C0] -> 0x1137
mem[X,0x800052C2] -> 0x0000
[5301] [M]: 0x800052C0 (0x00001137) lui sp, 1
x2 <- 0x00001000


mem[X,0x800052C4] -> 0x0113
mem[X,0x800052C6] -> 0x8001
[5302] [M]: 0x800052C4 (0x80010113) addi sp, sp, 2048
x2 <- 0x00000800


mem[X,0x800052C8] -> 0x81B3
mem[X,0x800052CA] -> 0x0021
[5303] [M]: 0x800052C8 (0x002181B3) add gp, gp, sp
x3 <- 0x80008810


mem[X,0x800052CC] -> 0xAE87
mem[X,0x800052CE] -> 0x6341
[5304] [M]: 0x800052CC (0x6341AE87) flw ft9, 1588(gp)
mem[R,0x80008E44] -> 0x00003C00
f29 <- 0xFFFFFFFF00003C00


mem[X,0x800052D0] -> 0x81B3
mem[X,0x800052D2] -> 0x4021
[5305] [M]: 0x800052D0 (0x402181B3) sub gp, gp, sp
x3 <- 0x80008010


mem[X,0x800052D4] -> 0x0113
mem[X,0x800052D6] -> 0x0000
[5306] [M]: 0x800052D4 (0x00000113) addi sp, zero, 0
x2 <- 0x00000000


mem[X,0x800052D8] -> 0x1073
mem[X,0x800052DA] -> 0x0031
[5307] [M]: 0x800052D8 (0x00311073) csrrw zero, fcsr, sp
CSR fcsr -> 0x00000000
CSR fcsr <- 0x00000000 (input: 0x00000000)


mem[X,0x800052DC] -> 0x7FD3
mem[X,0x800052DE] -> 0x05DF
[5308] [M]: 0x800052DC (0x05DF7FD3) fadd.h ft11, ft10, ft9, dyn
f31 <- 0xFFFFFFFFFFFF7E00


mem[X,0x800052E0] -> 0x2273
mem[X,0x800052E2] -> 0x0030
[5309] [M]: 0x800052E0 (0x00302273) csrrs tp, fcsr, zero
CSR fcsr -> 0x00000000
x4 <- 0x00000000


mem[X,0x800052E4] -> 0xA827
mem[X,0x800052E6] -> 0x23F0
[5310] [M]: 0x800052E4 (0x23F0A827) fsw ft11, 560(ra)
mem[0x8000A244] <- 0xFFFF7E00


mem[X,0x800052E8] -> 0xAA23
mem[X,0x800052EA] -> 0x2240
[5311] [M]: 0x800052E8 (0x2240AA23) sw tp, 564(ra)
mem[0x8000A248] <- 0x00000000


mem[X,0x800052EC] -> 0x1137
mem[X,0x800052EE] -> 0x0000
[5312] [M]: 0x800052EC (0x00001137) lui sp, 1
x2 <- 0x00001000


mem[X,0x800052F0] -> 0x0113
mem[X,0x800052F2] -> 0x8001
[5313] [M]: 0x800052F0 (0x80010113) addi sp, sp, 2048
x2 <- 0x00000800


mem[X,0x800052F4] -> 0x81B3
mem[X,0x800052F6] -> 0x0021
[5314] [M]: 0x800052F4 (0x002181B3) add gp, gp, sp
x3 <- 0x80008810


mem[X,0x800052F8] -> 0xAF07
mem[X,0x800052FA] -> 0x6381
[5315] [M]: 0x800052F8 (0x6381AF07) flw ft10, 1592(gp)
mem[R,0x80008E48] -> 0x00007E01
f30 <- 0xFFFFFFFF00007E01


mem[X,0x800052FC] -> 0x81B3
mem[X,0x800052FE] -> 0x4021
[5316] [M]: 0x800052FC (0x402181B3) sub gp, gp, sp
x3 <- 0x80008010


mem[X,0x80005300] -> 0x1137
mem[X,0x80005302] -> 0x0000
[5317] [M]: 0x80005300 (0x00001137) lui sp, 1
x2 <- 0x00001000


mem[X,0x80005304] -> 0x0113
mem[X,0x80005306] -> 0x8001
[5318] [M]: 0x80005304 (0x80010113) addi sp, sp, 2048
x2 <- 0x00000800


mem[X,0x80005308] -> 0x81B3
mem[X,0x8000530A] -> 0x0021
[5319] [M]: 0x80005308 (0x002181B3) add gp, gp, sp
x3 <- 0x80008810


mem[X,0x8000530C] -> 0xAE87
mem[X,0x8000530E] -> 0x63C1
[5320] [M]: 0x8000530C (0x63C1AE87) flw ft9, 1596(gp)
mem[R,0x80008E4C] -> 0x0000BC00
f29 <- 0xFFFFFFFF0000BC00


mem[X,0x80005310] -> 0x81B3
mem[X,0x80005312] -> 0x4021
[5321] [M]: 0x80005310 (0x402181B3) sub gp, gp, sp
x3 <- 0x80008010


mem[X,0x80005314] -> 0x0113
mem[X,0x80005316] -> 0x0000
[5322] [M]: 0x80005314 (0x00000113) addi sp, zero, 0
x2 <- 0x00000000


mem[X,0x80005318] -> 0x1073
mem[X,0x8000531A] -> 0x0031
[5323] [M]: 0x80005318 (0x00311073) csrrw zero, fcsr, sp
CSR fcsr -> 0x00000000
CSR fcsr <- 0x00000000 (input: 0x00000000)


mem[X,0x8000531C] -> 0x7FD3
mem[X,0x8000531E] -> 0x05DF
[5324] [M]: 0x8000531C (0x05DF7FD3) fadd.h ft11, ft10, ft9, dyn
f31 <- 0xFFFFFFFFFFFF7E00


mem[X,0x80005320] -> 0x2273
mem[X,0x80005322] -> 0x0030
[5325] [M]: 0x80005320 (0x00302273) csrrs tp, fcsr, zero
CSR fcsr -> 0x00000000
x4 <- 0x00000000


mem[X,0x80005324] -> 0xAC27
mem[X,0x80005326] -> 0x23F0
[5326] [M]: 0x80005324 (0x23F0AC27) fsw ft11, 568(ra)
mem[0x8000A24C] <- 0xFFFF7E00


mem[X,0x80005328] -> 0xAE23
mem[X,0x8000532A] -> 0x2240
[5327] [M]: 0x80005328 (0x2240AE23) sw tp, 572(ra)
mem[0x8000A250] <- 0x00000000


mem[X,0x8000532C] -> 0x1137
mem[X,0x8000532E] -> 0x0000
[5328] [M]: 0x8000532C (0x00001137) lui sp, 1
x2 <- 0x00001000


mem[X,0x80005330] -> 0x0113
mem[X,0x80005332] -> 0x8001
[5329] [M]: 0x80005330 (0x80010113) addi sp, sp, 2048
x2 <- 0x00000800


mem[X,0x80005334] -> 0x81B3
mem[X,0x80005336] -> 0x0021
[5330] [M]: 0x80005334 (0x002181B3) add gp, gp, sp
x3 <- 0x80008810


mem[X,0x80005338] -> 0xAF07
mem[X,0x8000533A] -> 0x6401
[5331] [M]: 0x80005338 (0x6401AF07) flw ft10, 1600(gp)
mem[R,0x80008E50] -> 0x0000FE55
f30 <- 0xFFFFFFFF0000FE55


mem[X,0x8000533C] -> 0x81B3
mem[X,0x8000533E] -> 0x4021
[5332] [M]: 0x8000533C (0x402181B3) sub gp, gp, sp
x3 <- 0x80008010


mem[X,0x80005340] -> 0x1137
mem[X,0x80005342] -> 0x0000
[5333] [M]: 0x80005340 (0x00001137) lui sp, 1
x2 <- 0x00001000


mem[X,0x80005344] -> 0x0113
mem[X,0x80005346] -> 0x8001
[5334] [M]: 0x80005344 (0x80010113) addi sp, sp, 2048
x2 <- 0x00000800


mem[X,0x80005348] -> 0x81B3
mem[X,0x8000534A] -> 0x0021
[5335] [M]: 0x80005348 (0x002181B3) add gp, gp, sp
x3 <- 0x80008810


mem[X,0x8000534C] -> 0xAE87
mem[X,0x8000534E] -> 0x6441
[5336] [M]: 0x8000534C (0x6441AE87) flw ft9, 1604(gp)
mem[R,0x80008E54] -> 0x00000000
f29 <- 0xFFFFFFFF00000000


mem[X,0x80005350] -> 0x81B3
mem[X,0x80005352] -> 0x4021
[5337] [M]: 0x80005350 (0x402181B3) sub gp, gp, sp
x3 <- 0x80008010


mem[X,0x80005354] -> 0x0113
mem[X,0x80005356] -> 0x0000
[5338] [M]: 0x80005354 (0x00000113) addi sp, zero, 0
x2 <- 0x00000000


mem[X,0x80005358] -> 0x1073
mem[X,0x8000535A] -> 0x0031
[5339] [M]: 0x80005358 (0x00311073) csrrw zero, fcsr, sp
CSR fcsr -> 0x00000000
CSR fcsr <- 0x00000000 (input: 0x00000000)


mem[X,0x8000535C] -> 0x7FD3
mem[X,0x8000535E] -> 0x05DF
[5340] [M]: 0x8000535C (0x05DF7FD3) fadd.h ft11, ft10, ft9, dyn
f31 <- 0xFFFFFFFFFFFF7E00


mem[X,0x80005360] -> 0x2273
mem[X,0x80005362] -> 0x0030
[5341] [M]: 0x80005360 (0x00302273) csrrs tp, fcsr, zero
CSR fcsr -> 0x00000000
x4 <- 0x00000000


mem[X,0x80005364] -> 0xA027
mem[X,0x80005366] -> 0x25F0
[5342] [M]: 0x80005364 (0x25F0A027) fsw ft11, 576(ra)
mem[0x8000A254] <- 0xFFFF7E00


mem[X,0x80005368] -> 0xA223
mem[X,0x8000536A] -> 0x2440
[5343] [M]: 0x80005368 (0x2440A223) sw tp, 580(ra)
mem[0x8000A258] <- 0x00000000


mem[X,0x8000536C] -> 0x1137
mem[X,0x8000536E] -> 0x0000
[5344] [M]: 0x8000536C (0x00001137) lui sp, 1
x2 <- 0x00001000


mem[X,0x80005370] -> 0x0113
mem[X,0x80005372] -> 0x8001
[5345] [M]: 0x80005370 (0x80010113) addi sp, sp, 2048
x2 <- 0x00000800


mem[X,0x80005374] -> 0x81B3
mem[X,0x80005376] -> 0x0021
[5346] [M]: 0x80005374 (0x002181B3) add gp, gp, sp
x3 <- 0x80008810


mem[X,0x80005378] -> 0xAF07
mem[X,0x8000537A] -> 0x6481
[5347] [M]: 0x80005378 (0x6481AF07) flw ft10, 1608(gp)
mem[R,0x80008E58] -> 0x0000FE55
f30 <- 0xFFFFFFFF0000FE55


mem[X,0x8000537C] -> 0x81B3
mem[X,0x8000537E] -> 0x4021
[5348] [M]: 0x8000537C (0x402181B3) sub gp, gp, sp
x3 <- 0x80008010


mem[X,0x80005380] -> 0x1137
mem[X,0x80005382] -> 0x0000
[5349] [M]: 0x80005380 (0x00001137) lui sp, 1
x2 <- 0x00001000


mem[X,0x80005384] -> 0x0113
mem[X,0x80005386] -> 0x8001
[5350] [M]: 0x80005384 (0x80010113) addi sp, sp, 2048
x2 <- 0x00000800


mem[X,0x80005388] -> 0x81B3
mem[X,0x8000538A] -> 0x0021
[5351] [M]: 0x80005388 (0x002181B3) add gp, gp, sp
x3 <- 0x80008810


mem[X,0x8000538C] -> 0xAE87
mem[X,0x8000538E] -> 0x64C1
[5352] [M]: 0x8000538C (0x64C1AE87) flw ft9, 1612(gp)
mem[R,0x80008E5C] -> 0x00008000
f29 <- 0xFFFFFFFF00008000


mem[X,0x80005390] -> 0x81B3
mem[X,0x80005392] -> 0x4021
[5353] [M]: 0x80005390 (0x402181B3) sub gp, gp, sp
x3 <- 0x80008010


mem[X,0x80005394] -> 0x0113
mem[X,0x80005396] -> 0x0000
[5354] [M]: 0x80005394 (0x00000113) addi sp, zero, 0
x2 <- 0x00000000


mem[X,0x80005398] -> 0x1073
mem[X,0x8000539A] -> 0x0031
[5355] [M]: 0x80005398 (0x00311073) csrrw zero, fcsr, sp
CSR fcsr -> 0x00000000
CSR fcsr <- 0x00000000 (input: 0x00000000)


mem[X,0x8000539C] -> 0x7FD3
mem[X,0x8000539E] -> 0x05DF
[5356] [M]: 0x8000539C (0x05DF7FD3) fadd.h ft11, ft10, ft9, dyn
f31 <- 0xFFFFFFFFFFFF7E00


mem[X,0x800053A0] -> 0x2273
mem[X,0x800053A2] -> 0x0030
[5357] [M]: 0x800053A0 (0x00302273) csrrs tp, fcsr, zero
CSR fcsr -> 0x00000000
x4 <- 0x00000000


mem[X,0x800053A4] -> 0xA427
mem[X,0x800053A6] -> 0x25F0
[5358] [M]: 0x800053A4 (0x25F0A427) fsw ft11, 584(ra)
mem[0x8000A25C] <- 0xFFFF7E00


mem[X,0x800053A8] -> 0xA623
mem[X,0x800053AA] -> 0x2440
[5359] [M]: 0x800053A8 (0x2440A623) sw tp, 588(ra)
mem[0x8000A260] <- 0x00000000


mem[X,0x800053AC] -> 0x1137
mem[X,0x800053AE] -> 0x0000
[5360] [M]: 0x800053AC (0x00001137) lui sp, 1
x2 <- 0x00001000


mem[X,0x800053B0] -> 0x0113
mem[X,0x800053B2] -> 0x8001
[5361] [M]: 0x800053B0 (0x80010113) addi sp, sp, 2048
x2 <- 0x00000800


mem[X,0x800053B4] -> 0x81B3
mem[X,0x800053B6] -> 0x0021
[5362] [M]: 0x800053B4 (0x002181B3) add gp, gp, sp
x3 <- 0x80008810


mem[X,0x800053B8] -> 0xAF07
mem[X,0x800053BA] -> 0x6501
[5363] [M]: 0x800053B8 (0x6501AF07) flw ft10, 1616(gp)
mem[R,0x80008E60] -> 0x0000FE55
f30 <- 0xFFFFFFFF0000FE55


mem[X,0x800053BC] -> 0x81B3
mem[X,0x800053BE] -> 0x4021
[5364] [M]: 0x800053BC (0x402181B3) sub gp, gp, sp
x3 <- 0x80008010


mem[X,0x800053C0] -> 0x1137
mem[X,0x800053C2] -> 0x0000
[5365] [M]: 0x800053C0 (0x00001137) lui sp, 1
x2 <- 0x00001000


mem[X,0x800053C4] -> 0x0113
mem[X,0x800053C6] -> 0x8001
[5366] [M]: 0x800053C4 (0x80010113) addi sp, sp, 2048
x2 <- 0x00000800


mem[X,0x800053C8] -> 0x81B3
mem[X,0x800053CA] -> 0x0021
[5367] [M]: 0x800053C8 (0x002181B3) add gp, gp, sp
x3 <- 0x80008810


mem[X,0x800053CC] -> 0xAE87
mem[X,0x800053CE] -> 0x6541
[5368] [M]: 0x800053CC (0x6541AE87) flw ft9, 1620(gp)
mem[R,0x80008E64] -> 0x00000001
f29 <- 0xFFFFFFFF00000001


mem[X,0x800053D0] -> 0x81B3
mem[X,0x800053D2] -> 0x4021
[5369] [M]: 0x800053D0 (0x402181B3) sub gp, gp, sp
x3 <- 0x80008010


mem[X,0x800053D4] -> 0x0113
mem[X,0x800053D6] -> 0x0000
[5370] [M]: 0x800053D4 (0x00000113) addi sp, zero, 0
x2 <- 0x00000000


mem[X,0x800053D8] -> 0x1073
mem[X,0x800053DA] -> 0x0031
[5371] [M]: 0x800053D8 (0x00311073) csrrw zero, fcsr, sp
CSR fcsr -> 0x00000000
CSR fcsr <- 0x00000000 (input: 0x00000000)


mem[X,0x800053DC] -> 0x7FD3
mem[X,0x800053DE] -> 0x05DF
[5372] [M]: 0x800053DC (0x05DF7FD3) fadd.h ft11, ft10, ft9, dyn
f31 <- 0xFFFFFFFFFFFF7E00


mem[X,0x800053E0] -> 0x2273
mem[X,0x800053E2] -> 0x0030
[5373] [M]: 0x800053E0 (0x00302273) csrrs tp, fcsr, zero
CSR fcsr -> 0x00000000
x4 <- 0x00000000


mem[X,0x800053E4] -> 0xA827
mem[X,0x800053E6] -> 0x25F0
[5374] [M]: 0x800053E4 (0x25F0A827) fsw ft11, 592(ra)
mem[0x8000A264] <- 0xFFFF7E00


mem[X,0x800053E8] -> 0xAA23
mem[X,0x800053EA] -> 0x2440
[5375] [M]: 0x800053E8 (0x2440AA23) sw tp, 596(ra)
mem[0x8000A268] <- 0x00000000


mem[X,0x800053EC] -> 0x1137
mem[X,0x800053EE] -> 0x0000
[5376] [M]: 0x800053EC (0x00001137) lui sp, 1
x2 <- 0x00001000


mem[X,0x800053F0] -> 0x0113
mem[X,0x800053F2] -> 0x8001
[5377] [M]: 0x800053F0 (0x80010113) addi sp, sp, 2048
x2 <- 0x00000800


mem[X,0x800053F4] -> 0x81B3
mem[X,0x800053F6] -> 0x0021
[5378] [M]: 0x800053F4 (0x002181B3) add gp, gp, sp
x3 <- 0x80008810


mem[X,0x800053F8] -> 0xAF07
mem[X,0x800053FA] -> 0x6581
[5379] [M]: 0x800053F8 (0x6581AF07) flw ft10, 1624(gp)
mem[R,0x80008E68] -> 0x0000FE55
f30 <- 0xFFFFFFFF0000FE55


mem[X,0x800053FC] -> 0x81B3
mem[X,0x800053FE] -> 0x4021
[5380] [M]: 0x800053FC (0x402181B3) sub gp, gp, sp
x3 <- 0x80008010


mem[X,0x80005400] -> 0x1137
mem[X,0x80005402] -> 0x0000
[5381] [M]: 0x80005400 (0x00001137) lui sp, 1
x2 <- 0x00001000


mem[X,0x80005404] -> 0x0113
mem[X,0x80005406] -> 0x8001
[5382] [M]: 0x80005404 (0x80010113) addi sp, sp, 2048
x2 <- 0x00000800


mem[X,0x80005408] -> 0x81B3
mem[X,0x8000540A] -> 0x0021
[5383] [M]: 0x80005408 (0x002181B3) add gp, gp, sp
x3 <- 0x80008810


mem[X,0x8000540C] -> 0xAE87
mem[X,0x8000540E] -> 0x65C1
[5384] [M]: 0x8000540C (0x65C1AE87) flw ft9, 1628(gp)
mem[R,0x80008E6C] -> 0x00008001
f29 <- 0xFFFFFFFF00008001


mem[X,0x80005410] -> 0x81B3
mem[X,0x80005412] -> 0x4021
[5385] [M]: 0x80005410 (0x402181B3) sub gp, gp, sp
x3 <- 0x80008010


mem[X,0x80005414] -> 0x0113
mem[X,0x80005416] -> 0x0000
[5386] [M]: 0x80005414 (0x00000113) addi sp, zero, 0
x2 <- 0x00000000


mem[X,0x80005418] -> 0x1073
mem[X,0x8000541A] -> 0x0031
[5387] [M]: 0x80005418 (0x00311073) csrrw zero, fcsr, sp
CSR fcsr -> 0x00000000
CSR fcsr <- 0x00000000 (input: 0x00000000)


mem[X,0x8000541C] -> 0x7FD3
mem[X,0x8000541E] -> 0x05DF
[5388] [M]: 0x8000541C (0x05DF7FD3) fadd.h ft11, ft10, ft9, dyn
f31 <- 0xFFFFFFFFFFFF7E00


mem[X,0x80005420] -> 0x2273
mem[X,0x80005422] -> 0x0030
[5389] [M]: 0x80005420 (0x00302273) csrrs tp, fcsr, zero
CSR fcsr -> 0x00000000
x4 <- 0x00000000


mem[X,0x80005424] -> 0xAC27
mem[X,0x80005426] -> 0x25F0
[5390] [M]: 0x80005424 (0x25F0AC27) fsw ft11, 600(ra)
mem[0x8000A26C] <- 0xFFFF7E00


mem[X,0x80005428] -> 0xAE23
mem[X,0x8000542A] -> 0x2440
[5391] [M]: 0x80005428 (0x2440AE23) sw tp, 604(ra)
mem[0x8000A270] <- 0x00000000


mem[X,0x8000542C] -> 0x1137
mem[X,0x8000542E] -> 0x0000
[5392] [M]: 0x8000542C (0x00001137) lui sp, 1
x2 <- 0x00001000


mem[X,0x80005430] -> 0x0113
mem[X,0x80005432] -> 0x8001
[5393] [M]: 0x80005430 (0x80010113) addi sp, sp, 2048
x2 <- 0x00000800


mem[X,0x80005434] -> 0x81B3
mem[X,0x80005436] -> 0x0021
[5394] [M]: 0x80005434 (0x002181B3) add gp, gp, sp
x3 <- 0x80008810


mem[X,0x80005438] -> 0xAF07
mem[X,0x8000543A] -> 0x6601
[5395] [M]: 0x80005438 (0x6601AF07) flw ft10, 1632(gp)
mem[R,0x80008E70] -> 0x0000FE55
f30 <- 0xFFFFFFFF0000FE55


mem[X,0x8000543C] -> 0x81B3
mem[X,0x8000543E] -> 0x4021
[5396] [M]: 0x8000543C (0x402181B3) sub gp, gp, sp
x3 <- 0x80008010


mem[X,0x80005440] -> 0x1137
mem[X,0x80005442] -> 0x0000
[5397] [M]: 0x80005440 (0x00001137) lui sp, 1
x2 <- 0x00001000


mem[X,0x80005444] -> 0x0113
mem[X,0x80005446] -> 0x8001
[5398] [M]: 0x80005444 (0x80010113) addi sp, sp, 2048
x2 <- 0x00000800


mem[X,0x80005448] -> 0x81B3
mem[X,0x8000544A] -> 0x0021
[5399] [M]: 0x80005448 (0x002181B3) add gp, gp, sp
x3 <- 0x80008810


clint::tick mtime <- 0x0000000000000036
 clint timer pending at mtime 0x0000000000000036
htif::tick 0x0000000000000000
mem[X,0x8000544C] -> 0xAE87
mem[X,0x8000544E] -> 0x6641
[5400] [M]: 0x8000544C (0x6641AE87) flw ft9, 1636(gp)
mem[R,0x80008E74] -> 0x00000002
f29 <- 0xFFFFFFFF00000002


mem[X,0x80005450] -> 0x81B3
mem[X,0x80005452] -> 0x4021
[5401] [M]: 0x80005450 (0x402181B3) sub gp, gp, sp
x3 <- 0x80008010


mem[X,0x80005454] -> 0x0113
mem[X,0x80005456] -> 0x0000
[5402] [M]: 0x80005454 (0x00000113) addi sp, zero, 0
x2 <- 0x00000000


mem[X,0x80005458] -> 0x1073
mem[X,0x8000545A] -> 0x0031
[5403] [M]: 0x80005458 (0x00311073) csrrw zero, fcsr, sp
CSR fcsr -> 0x00000000
CSR fcsr <- 0x00000000 (input: 0x00000000)


mem[X,0x8000545C] -> 0x7FD3
mem[X,0x8000545E] -> 0x05DF
[5404] [M]: 0x8000545C (0x05DF7FD3) fadd.h ft11, ft10, ft9, dyn
f31 <- 0xFFFFFFFFFFFF7E00


mem[X,0x80005460] -> 0x2273
mem[X,0x80005462] -> 0x0030
[5405] [M]: 0x80005460 (0x00302273) csrrs tp, fcsr, zero
CSR fcsr -> 0x00000000
x4 <- 0x00000000


mem[X,0x80005464] -> 0xA027
mem[X,0x80005466] -> 0x27F0
[5406] [M]: 0x80005464 (0x27F0A027) fsw ft11, 608(ra)
mem[0x8000A274] <- 0xFFFF7E00


mem[X,0x80005468] -> 0xA223
mem[X,0x8000546A] -> 0x2640
[5407] [M]: 0x80005468 (0x2640A223) sw tp, 612(ra)
mem[0x8000A278] <- 0x00000000


mem[X,0x8000546C] -> 0x1137
mem[X,0x8000546E] -> 0x0000
[5408] [M]: 0x8000546C (0x00001137) lui sp, 1
x2 <- 0x00001000


mem[X,0x80005470] -> 0x0113
mem[X,0x80005472] -> 0x8001
[5409] [M]: 0x80005470 (0x80010113) addi sp, sp, 2048
x2 <- 0x00000800


mem[X,0x80005474] -> 0x81B3
mem[X,0x80005476] -> 0x0021
[5410] [M]: 0x80005474 (0x002181B3) add gp, gp, sp
x3 <- 0x80008810


mem[X,0x80005478] -> 0xAF07
mem[X,0x8000547A] -> 0x6681
[5411] [M]: 0x80005478 (0x6681AF07) flw ft10, 1640(gp)
mem[R,0x80008E78] -> 0x0000FE55
f30 <- 0xFFFFFFFF0000FE55


mem[X,0x8000547C] -> 0x81B3
mem[X,0x8000547E] -> 0x4021
[5412] [M]: 0x8000547C (0x402181B3) sub gp, gp, sp
x3 <- 0x80008010


mem[X,0x80005480] -> 0x1137
mem[X,0x80005482] -> 0x0000
[5413] [M]: 0x80005480 (0x00001137) lui sp, 1
x2 <- 0x00001000


mem[X,0x80005484] -> 0x0113
mem[X,0x80005486] -> 0x8001
[5414] [M]: 0x80005484 (0x80010113) addi sp, sp, 2048
x2 <- 0x00000800


mem[X,0x80005488] -> 0x81B3
mem[X,0x8000548A] -> 0x0021
[5415] [M]: 0x80005488 (0x002181B3) add gp, gp, sp
x3 <- 0x80008810


mem[X,0x8000548C] -> 0xAE87
mem[X,0x8000548E] -> 0x66C1
[5416] [M]: 0x8000548C (0x66C1AE87) flw ft9, 1644(gp)
mem[R,0x80008E7C] -> 0x000083FE
f29 <- 0xFFFFFFFF000083FE


mem[X,0x80005490] -> 0x81B3
mem[X,0x80005492] -> 0x4021
[5417] [M]: 0x80005490 (0x402181B3) sub gp, gp, sp
x3 <- 0x80008010


mem[X,0x80005494] -> 0x0113
mem[X,0x80005496] -> 0x0000
[5418] [M]: 0x80005494 (0x00000113) addi sp, zero, 0
x2 <- 0x00000000


mem[X,0x80005498] -> 0x1073
mem[X,0x8000549A] -> 0x0031
[5419] [M]: 0x80005498 (0x00311073) csrrw zero, fcsr, sp
CSR fcsr -> 0x00000000
CSR fcsr <- 0x00000000 (input: 0x00000000)


mem[X,0x8000549C] -> 0x7FD3
mem[X,0x8000549E] -> 0x05DF
[5420] [M]: 0x8000549C (0x05DF7FD3) fadd.h ft11, ft10, ft9, dyn
f31 <- 0xFFFFFFFFFFFF7E00


mem[X,0x800054A0] -> 0x2273
mem[X,0x800054A2] -> 0x0030
[5421] [M]: 0x800054A0 (0x00302273) csrrs tp, fcsr, zero
CSR fcsr -> 0x00000000
x4 <- 0x00000000


mem[X,0x800054A4] -> 0xA427
mem[X,0x800054A6] -> 0x27F0
[5422] [M]: 0x800054A4 (0x27F0A427) fsw ft11, 616(ra)
mem[0x8000A27C] <- 0xFFFF7E00


mem[X,0x800054A8] -> 0xA623
mem[X,0x800054AA] -> 0x2640
[5423] [M]: 0x800054A8 (0x2640A623) sw tp, 620(ra)
mem[0x8000A280] <- 0x00000000


mem[X,0x800054AC] -> 0x1137
mem[X,0x800054AE] -> 0x0000
[5424] [M]: 0x800054AC (0x00001137) lui sp, 1
x2 <- 0x00001000


mem[X,0x800054B0] -> 0x0113
mem[X,0x800054B2] -> 0x8001
[5425] [M]: 0x800054B0 (0x80010113) addi sp, sp, 2048
x2 <- 0x00000800


mem[X,0x800054B4] -> 0x81B3
mem[X,0x800054B6] -> 0x0021
[5426] [M]: 0x800054B4 (0x002181B3) add gp, gp, sp
x3 <- 0x80008810


mem[X,0x800054B8] -> 0xAF07
mem[X,0x800054BA] -> 0x6701
[5427] [M]: 0x800054B8 (0x6701AF07) flw ft10, 1648(gp)
mem[R,0x80008E80] -> 0x0000FE55
f30 <- 0xFFFFFFFF0000FE55


mem[X,0x800054BC] -> 0x81B3
mem[X,0x800054BE] -> 0x4021
[5428] [M]: 0x800054BC (0x402181B3) sub gp, gp, sp
x3 <- 0x80008010


mem[X,0x800054C0] -> 0x1137
mem[X,0x800054C2] -> 0x0000
[5429] [M]: 0x800054C0 (0x00001137) lui sp, 1
x2 <- 0x00001000


mem[X,0x800054C4] -> 0x0113
mem[X,0x800054C6] -> 0x8001
[5430] [M]: 0x800054C4 (0x80010113) addi sp, sp, 2048
x2 <- 0x00000800


mem[X,0x800054C8] -> 0x81B3
mem[X,0x800054CA] -> 0x0021
[5431] [M]: 0x800054C8 (0x002181B3) add gp, gp, sp
x3 <- 0x80008810


mem[X,0x800054CC] -> 0xAE87
mem[X,0x800054CE] -> 0x6741
[5432] [M]: 0x800054CC (0x6741AE87) flw ft9, 1652(gp)
mem[R,0x80008E84] -> 0x000003FF
f29 <- 0xFFFFFFFF000003FF


mem[X,0x800054D0] -> 0x81B3
mem[X,0x800054D2] -> 0x4021
[5433] [M]: 0x800054D0 (0x402181B3) sub gp, gp, sp
x3 <- 0x80008010


mem[X,0x800054D4] -> 0x0113
mem[X,0x800054D6] -> 0x0000
[5434] [M]: 0x800054D4 (0x00000113) addi sp, zero, 0
x2 <- 0x00000000


mem[X,0x800054D8] -> 0x1073
mem[X,0x800054DA] -> 0x0031
[5435] [M]: 0x800054D8 (0x00311073) csrrw zero, fcsr, sp
CSR fcsr -> 0x00000000
CSR fcsr <- 0x00000000 (input: 0x00000000)


mem[X,0x800054DC] -> 0x7FD3
mem[X,0x800054DE] -> 0x05DF
[5436] [M]: 0x800054DC (0x05DF7FD3) fadd.h ft11, ft10, ft9, dyn
f31 <- 0xFFFFFFFFFFFF7E00


mem[X,0x800054E0] -> 0x2273
mem[X,0x800054E2] -> 0x0030
[5437] [M]: 0x800054E0 (0x00302273) csrrs tp, fcsr, zero
CSR fcsr -> 0x00000000
x4 <- 0x00000000


mem[X,0x800054E4] -> 0xA827
mem[X,0x800054E6] -> 0x27F0
[5438] [M]: 0x800054E4 (0x27F0A827) fsw ft11, 624(ra)
mem[0x8000A284] <- 0xFFFF7E00


mem[X,0x800054E8] -> 0xAA23
mem[X,0x800054EA] -> 0x2640
[5439] [M]: 0x800054E8 (0x2640AA23) sw tp, 628(ra)
mem[0x8000A288] <- 0x00000000


mem[X,0x800054EC] -> 0x1137
mem[X,0x800054EE] -> 0x0000
[5440] [M]: 0x800054EC (0x00001137) lui sp, 1
x2 <- 0x00001000


mem[X,0x800054F0] -> 0x0113
mem[X,0x800054F2] -> 0x8001
[5441] [M]: 0x800054F0 (0x80010113) addi sp, sp, 2048
x2 <- 0x00000800


mem[X,0x800054F4] -> 0x81B3
mem[X,0x800054F6] -> 0x0021
[5442] [M]: 0x800054F4 (0x002181B3) add gp, gp, sp
x3 <- 0x80008810


mem[X,0x800054F8] -> 0xAF07
mem[X,0x800054FA] -> 0x6781
[5443] [M]: 0x800054F8 (0x6781AF07) flw ft10, 1656(gp)
mem[R,0x80008E88] -> 0x0000FE55
f30 <- 0xFFFFFFFF0000FE55


mem[X,0x800054FC] -> 0x81B3
mem[X,0x800054FE] -> 0x4021
[5444] [M]: 0x800054FC (0x402181B3) sub gp, gp, sp
x3 <- 0x80008010


mem[X,0x80005500] -> 0x1137
mem[X,0x80005502] -> 0x0000
[5445] [M]: 0x80005500 (0x00001137) lui sp, 1
x2 <- 0x00001000


mem[X,0x80005504] -> 0x0113
mem[X,0x80005506] -> 0x8001
[5446] [M]: 0x80005504 (0x80010113) addi sp, sp, 2048
x2 <- 0x00000800


mem[X,0x80005508] -> 0x81B3
mem[X,0x8000550A] -> 0x0021
[5447] [M]: 0x80005508 (0x002181B3) add gp, gp, sp
x3 <- 0x80008810


mem[X,0x8000550C] -> 0xAE87
mem[X,0x8000550E] -> 0x67C1
[5448] [M]: 0x8000550C (0x67C1AE87) flw ft9, 1660(gp)
mem[R,0x80008E8C] -> 0x000083FF
f29 <- 0xFFFFFFFF000083FF


mem[X,0x80005510] -> 0x81B3
mem[X,0x80005512] -> 0x4021
[5449] [M]: 0x80005510 (0x402181B3) sub gp, gp, sp
x3 <- 0x80008010


mem[X,0x80005514] -> 0x0113
mem[X,0x80005516] -> 0x0000
[5450] [M]: 0x80005514 (0x00000113) addi sp, zero, 0
x2 <- 0x00000000


mem[X,0x80005518] -> 0x1073
mem[X,0x8000551A] -> 0x0031
[5451] [M]: 0x80005518 (0x00311073) csrrw zero, fcsr, sp
CSR fcsr -> 0x00000000
CSR fcsr <- 0x00000000 (input: 0x00000000)


mem[X,0x8000551C] -> 0x7FD3
mem[X,0x8000551E] -> 0x05DF
[5452] [M]: 0x8000551C (0x05DF7FD3) fadd.h ft11, ft10, ft9, dyn
f31 <- 0xFFFFFFFFFFFF7E00


mem[X,0x80005520] -> 0x2273
mem[X,0x80005522] -> 0x0030
[5453] [M]: 0x80005520 (0x00302273) csrrs tp, fcsr, zero
CSR fcsr -> 0x00000000
x4 <- 0x00000000


mem[X,0x80005524] -> 0xAC27
mem[X,0x80005526] -> 0x27F0
[5454] [M]: 0x80005524 (0x27F0AC27) fsw ft11, 632(ra)
mem[0x8000A28C] <- 0xFFFF7E00


mem[X,0x80005528] -> 0xAE23
mem[X,0x8000552A] -> 0x2640
[5455] [M]: 0x80005528 (0x2640AE23) sw tp, 636(ra)
mem[0x8000A290] <- 0x00000000


mem[X,0x8000552C] -> 0x1137
mem[X,0x8000552E] -> 0x0000
[5456] [M]: 0x8000552C (0x00001137) lui sp, 1
x2 <- 0x00001000


mem[X,0x80005530] -> 0x0113
mem[X,0x80005532] -> 0x8001
[5457] [M]: 0x80005530 (0x80010113) addi sp, sp, 2048
x2 <- 0x00000800


mem[X,0x80005534] -> 0x81B3
mem[X,0x80005536] -> 0x0021
[5458] [M]: 0x80005534 (0x002181B3) add gp, gp, sp
x3 <- 0x80008810


mem[X,0x80005538] -> 0xAF07
mem[X,0x8000553A] -> 0x6801
[5459] [M]: 0x80005538 (0x6801AF07) flw ft10, 1664(gp)
mem[R,0x80008E90] -> 0x0000FE55
f30 <- 0xFFFFFFFF0000FE55


mem[X,0x8000553C] -> 0x81B3
mem[X,0x8000553E] -> 0x4021
[5460] [M]: 0x8000553C (0x402181B3) sub gp, gp, sp
x3 <- 0x80008010


mem[X,0x80005540] -> 0x1137
mem[X,0x80005542] -> 0x0000
[5461] [M]: 0x80005540 (0x00001137) lui sp, 1
x2 <- 0x00001000


mem[X,0x80005544] -> 0x0113
mem[X,0x80005546] -> 0x8001
[5462] [M]: 0x80005544 (0x80010113) addi sp, sp, 2048
x2 <- 0x00000800


mem[X,0x80005548] -> 0x81B3
mem[X,0x8000554A] -> 0x0021
[5463] [M]: 0x80005548 (0x002181B3) add gp, gp, sp
x3 <- 0x80008810


mem[X,0x8000554C] -> 0xAE87
mem[X,0x8000554E] -> 0x6841
[5464] [M]: 0x8000554C (0x6841AE87) flw ft9, 1668(gp)
mem[R,0x80008E94] -> 0x00000400
f29 <- 0xFFFFFFFF00000400


mem[X,0x80005550] -> 0x81B3
mem[X,0x80005552] -> 0x4021
[5465] [M]: 0x80005550 (0x402181B3) sub gp, gp, sp
x3 <- 0x80008010


mem[X,0x80005554] -> 0x0113
mem[X,0x80005556] -> 0x0000
[5466] [M]: 0x80005554 (0x00000113) addi sp, zero, 0
x2 <- 0x00000000


mem[X,0x80005558] -> 0x1073
mem[X,0x8000555A] -> 0x0031
[5467] [M]: 0x80005558 (0x00311073) csrrw zero, fcsr, sp
CSR fcsr -> 0x00000000
CSR fcsr <- 0x00000000 (input: 0x00000000)


mem[X,0x8000555C] -> 0x7FD3
mem[X,0x8000555E] -> 0x05DF
[5468] [M]: 0x8000555C (0x05DF7FD3) fadd.h ft11, ft10, ft9, dyn
f31 <- 0xFFFFFFFFFFFF7E00


mem[X,0x80005560] -> 0x2273
mem[X,0x80005562] -> 0x0030
[5469] [M]: 0x80005560 (0x00302273) csrrs tp, fcsr, zero
CSR fcsr -> 0x00000000
x4 <- 0x00000000


mem[X,0x80005564] -> 0xA027
mem[X,0x80005566] -> 0x29F0
[5470] [M]: 0x80005564 (0x29F0A027) fsw ft11, 640(ra)
mem[0x8000A294] <- 0xFFFF7E00


mem[X,0x80005568] -> 0xA223
mem[X,0x8000556A] -> 0x2840
[5471] [M]: 0x80005568 (0x2840A223) sw tp, 644(ra)
mem[0x8000A298] <- 0x00000000


mem[X,0x8000556C] -> 0x1137
mem[X,0x8000556E] -> 0x0000
[5472] [M]: 0x8000556C (0x00001137) lui sp, 1
x2 <- 0x00001000


mem[X,0x80005570] -> 0x0113
mem[X,0x80005572] -> 0x8001
[5473] [M]: 0x80005570 (0x80010113) addi sp, sp, 2048
x2 <- 0x00000800


mem[X,0x80005574] -> 0x81B3
mem[X,0x80005576] -> 0x0021
[5474] [M]: 0x80005574 (0x002181B3) add gp, gp, sp
x3 <- 0x80008810


mem[X,0x80005578] -> 0xAF07
mem[X,0x8000557A] -> 0x6881
[5475] [M]: 0x80005578 (0x6881AF07) flw ft10, 1672(gp)
mem[R,0x80008E98] -> 0x0000FE55
f30 <- 0xFFFFFFFF0000FE55


mem[X,0x8000557C] -> 0x81B3
mem[X,0x8000557E] -> 0x4021
[5476] [M]: 0x8000557C (0x402181B3) sub gp, gp, sp
x3 <- 0x80008010


mem[X,0x80005580] -> 0x1137
mem[X,0x80005582] -> 0x0000
[5477] [M]: 0x80005580 (0x00001137) lui sp, 1
x2 <- 0x00001000


mem[X,0x80005584] -> 0x0113
mem[X,0x80005586] -> 0x8001
[5478] [M]: 0x80005584 (0x80010113) addi sp, sp, 2048
x2 <- 0x00000800


mem[X,0x80005588] -> 0x81B3
mem[X,0x8000558A] -> 0x0021
[5479] [M]: 0x80005588 (0x002181B3) add gp, gp, sp
x3 <- 0x80008810


mem[X,0x8000558C] -> 0xAE87
mem[X,0x8000558E] -> 0x68C1
[5480] [M]: 0x8000558C (0x68C1AE87) flw ft9, 1676(gp)
mem[R,0x80008E9C] -> 0x00008400
f29 <- 0xFFFFFFFF00008400


mem[X,0x80005590] -> 0x81B3
mem[X,0x80005592] -> 0x4021
[5481] [M]: 0x80005590 (0x402181B3) sub gp, gp, sp
x3 <- 0x80008010


mem[X,0x80005594] -> 0x0113
mem[X,0x80005596] -> 0x0000
[5482] [M]: 0x80005594 (0x00000113) addi sp, zero, 0
x2 <- 0x00000000


mem[X,0x80005598] -> 0x1073
mem[X,0x8000559A] -> 0x0031
[5483] [M]: 0x80005598 (0x00311073) csrrw zero, fcsr, sp
CSR fcsr -> 0x00000000
CSR fcsr <- 0x00000000 (input: 0x00000000)


mem[X,0x8000559C] -> 0x7FD3
mem[X,0x8000559E] -> 0x05DF
[5484] [M]: 0x8000559C (0x05DF7FD3) fadd.h ft11, ft10, ft9, dyn
f31 <- 0xFFFFFFFFFFFF7E00


mem[X,0x800055A0] -> 0x2273
mem[X,0x800055A2] -> 0x0030
[5485] [M]: 0x800055A0 (0x00302273) csrrs tp, fcsr, zero
CSR fcsr -> 0x00000000
x4 <- 0x00000000


mem[X,0x800055A4] -> 0xA427
mem[X,0x800055A6] -> 0x29F0
[5486] [M]: 0x800055A4 (0x29F0A427) fsw ft11, 648(ra)
mem[0x8000A29C] <- 0xFFFF7E00


mem[X,0x800055A8] -> 0xA623
mem[X,0x800055AA] -> 0x2840
[5487] [M]: 0x800055A8 (0x2840A623) sw tp, 652(ra)
mem[0x8000A2A0] <- 0x00000000


mem[X,0x800055AC] -> 0x1137
mem[X,0x800055AE] -> 0x0000
[5488] [M]: 0x800055AC (0x00001137) lui sp, 1
x2 <- 0x00001000


mem[X,0x800055B0] -> 0x0113
mem[X,0x800055B2] -> 0x8001
[5489] [M]: 0x800055B0 (0x80010113) addi sp, sp, 2048
x2 <- 0x00000800


mem[X,0x800055B4] -> 0x81B3
mem[X,0x800055B6] -> 0x0021
[5490] [M]: 0x800055B4 (0x002181B3) add gp, gp, sp
x3 <- 0x80008810


mem[X,0x800055B8] -> 0xAF07
mem[X,0x800055BA] -> 0x6901
[5491] [M]: 0x800055B8 (0x6901AF07) flw ft10, 1680(gp)
mem[R,0x80008EA0] -> 0x0000FE55
f30 <- 0xFFFFFFFF0000FE55


mem[X,0x800055BC] -> 0x81B3
mem[X,0x800055BE] -> 0x4021
[5492] [M]: 0x800055BC (0x402181B3) sub gp, gp, sp
x3 <- 0x80008010


mem[X,0x800055C0] -> 0x1137
mem[X,0x800055C2] -> 0x0000
[5493] [M]: 0x800055C0 (0x00001137) lui sp, 1
x2 <- 0x00001000


mem[X,0x800055C4] -> 0x0113
mem[X,0x800055C6] -> 0x8001
[5494] [M]: 0x800055C4 (0x80010113) addi sp, sp, 2048
x2 <- 0x00000800


mem[X,0x800055C8] -> 0x81B3
mem[X,0x800055CA] -> 0x0021
[5495] [M]: 0x800055C8 (0x002181B3) add gp, gp, sp
x3 <- 0x80008810


mem[X,0x800055CC] -> 0xAE87
mem[X,0x800055CE] -> 0x6941
[5496] [M]: 0x800055CC (0x6941AE87) flw ft9, 1684(gp)
mem[R,0x80008EA4] -> 0x00000401
f29 <- 0xFFFFFFFF00000401


mem[X,0x800055D0] -> 0x81B3
mem[X,0x800055D2] -> 0x4021
[5497] [M]: 0x800055D0 (0x402181B3) sub gp, gp, sp
x3 <- 0x80008010


mem[X,0x800055D4] -> 0x0113
mem[X,0x800055D6] -> 0x0000
[5498] [M]: 0x800055D4 (0x00000113) addi sp, zero, 0
x2 <- 0x00000000


mem[X,0x800055D8] -> 0x1073
mem[X,0x800055DA] -> 0x0031
[5499] [M]: 0x800055D8 (0x00311073) csrrw zero, fcsr, sp
CSR fcsr -> 0x00000000
CSR fcsr <- 0x00000000 (input: 0x00000000)


clint::tick mtime <- 0x0000000000000037
 clint timer pending at mtime 0x0000000000000037
htif::tick 0x0000000000000000
mem[X,0x800055DC] -> 0x7FD3
mem[X,0x800055DE] -> 0x05DF
[5500] [M]: 0x800055DC (0x05DF7FD3) fadd.h ft11, ft10, ft9, dyn
f31 <- 0xFFFFFFFFFFFF7E00


mem[X,0x800055E0] -> 0x2273
mem[X,0x800055E2] -> 0x0030
[5501] [M]: 0x800055E0 (0x00302273) csrrs tp, fcsr, zero
CSR fcsr -> 0x00000000
x4 <- 0x00000000


mem[X,0x800055E4] -> 0xA827
mem[X,0x800055E6] -> 0x29F0
[5502] [M]: 0x800055E4 (0x29F0A827) fsw ft11, 656(ra)
mem[0x8000A2A4] <- 0xFFFF7E00


mem[X,0x800055E8] -> 0xAA23
mem[X,0x800055EA] -> 0x2840
[5503] [M]: 0x800055E8 (0x2840AA23) sw tp, 660(ra)
mem[0x8000A2A8] <- 0x00000000


mem[X,0x800055EC] -> 0x1137
mem[X,0x800055EE] -> 0x0000
[5504] [M]: 0x800055EC (0x00001137) lui sp, 1
x2 <- 0x00001000


mem[X,0x800055F0] -> 0x0113
mem[X,0x800055F2] -> 0x8001
[5505] [M]: 0x800055F0 (0x80010113) addi sp, sp, 2048
x2 <- 0x00000800


mem[X,0x800055F4] -> 0x81B3
mem[X,0x800055F6] -> 0x0021
[5506] [M]: 0x800055F4 (0x002181B3) add gp, gp, sp
x3 <- 0x80008810


mem[X,0x800055F8] -> 0xAF07
mem[X,0x800055FA] -> 0x6981
[5507] [M]: 0x800055F8 (0x6981AF07) flw ft10, 1688(gp)
mem[R,0x80008EA8] -> 0x0000FE55
f30 <- 0xFFFFFFFF0000FE55


mem[X,0x800055FC] -> 0x81B3
mem[X,0x800055FE] -> 0x4021
[5508] [M]: 0x800055FC (0x402181B3) sub gp, gp, sp
x3 <- 0x80008010


mem[X,0x80005600] -> 0x1137
mem[X,0x80005602] -> 0x0000
[5509] [M]: 0x80005600 (0x00001137) lui sp, 1
x2 <- 0x00001000


mem[X,0x80005604] -> 0x0113
mem[X,0x80005606] -> 0x8001
[5510] [M]: 0x80005604 (0x80010113) addi sp, sp, 2048
x2 <- 0x00000800


mem[X,0x80005608] -> 0x81B3
mem[X,0x8000560A] -> 0x0021
[5511] [M]: 0x80005608 (0x002181B3) add gp, gp, sp
x3 <- 0x80008810


mem[X,0x8000560C] -> 0xAE87
mem[X,0x8000560E] -> 0x69C1
[5512] [M]: 0x8000560C (0x69C1AE87) flw ft9, 1692(gp)
mem[R,0x80008EAC] -> 0x00008455
f29 <- 0xFFFFFFFF00008455


mem[X,0x80005610] -> 0x81B3
mem[X,0x80005612] -> 0x4021
[5513] [M]: 0x80005610 (0x402181B3) sub gp, gp, sp
x3 <- 0x80008010


mem[X,0x80005614] -> 0x0113
mem[X,0x80005616] -> 0x0000
[5514] [M]: 0x80005614 (0x00000113) addi sp, zero, 0
x2 <- 0x00000000


mem[X,0x80005618] -> 0x1073
mem[X,0x8000561A] -> 0x0031
[5515] [M]: 0x80005618 (0x00311073) csrrw zero, fcsr, sp
CSR fcsr -> 0x00000000
CSR fcsr <- 0x00000000 (input: 0x00000000)


mem[X,0x8000561C] -> 0x7FD3
mem[X,0x8000561E] -> 0x05DF
[5516] [M]: 0x8000561C (0x05DF7FD3) fadd.h ft11, ft10, ft9, dyn
f31 <- 0xFFFFFFFFFFFF7E00


mem[X,0x80005620] -> 0x2273
mem[X,0x80005622] -> 0x0030
[5517] [M]: 0x80005620 (0x00302273) csrrs tp, fcsr, zero
CSR fcsr -> 0x00000000
x4 <- 0x00000000


mem[X,0x80005624] -> 0xAC27
mem[X,0x80005626] -> 0x29F0
[5518] [M]: 0x80005624 (0x29F0AC27) fsw ft11, 664(ra)
mem[0x8000A2AC] <- 0xFFFF7E00


mem[X,0x80005628] -> 0xAE23
mem[X,0x8000562A] -> 0x2840
[5519] [M]: 0x80005628 (0x2840AE23) sw tp, 668(ra)
mem[0x8000A2B0] <- 0x00000000


mem[X,0x8000562C] -> 0x1137
mem[X,0x8000562E] -> 0x0000
[5520] [M]: 0x8000562C (0x00001137) lui sp, 1
x2 <- 0x00001000


mem[X,0x80005630] -> 0x0113
mem[X,0x80005632] -> 0x8001
[5521] [M]: 0x80005630 (0x80010113) addi sp, sp, 2048
x2 <- 0x00000800


mem[X,0x80005634] -> 0x81B3
mem[X,0x80005636] -> 0x0021
[5522] [M]: 0x80005634 (0x002181B3) add gp, gp, sp
x3 <- 0x80008810


mem[X,0x80005638] -> 0xAF07
mem[X,0x8000563A] -> 0x6A01
[5523] [M]: 0x80005638 (0x6A01AF07) flw ft10, 1696(gp)
mem[R,0x80008EB0] -> 0x0000FE55
f30 <- 0xFFFFFFFF0000FE55


mem[X,0x8000563C] -> 0x81B3
mem[X,0x8000563E] -> 0x4021
[5524] [M]: 0x8000563C (0x402181B3) sub gp, gp, sp
x3 <- 0x80008010


mem[X,0x80005640] -> 0x1137
mem[X,0x80005642] -> 0x0000
[5525] [M]: 0x80005640 (0x00001137) lui sp, 1
x2 <- 0x00001000


mem[X,0x80005644] -> 0x0113
mem[X,0x80005646] -> 0x8001
[5526] [M]: 0x80005644 (0x80010113) addi sp, sp, 2048
x2 <- 0x00000800


mem[X,0x80005648] -> 0x81B3
mem[X,0x8000564A] -> 0x0021
[5527] [M]: 0x80005648 (0x002181B3) add gp, gp, sp
x3 <- 0x80008810


mem[X,0x8000564C] -> 0xAE87
mem[X,0x8000564E] -> 0x6A41
[5528] [M]: 0x8000564C (0x6A41AE87) flw ft9, 1700(gp)
mem[R,0x80008EB4] -> 0x00007BFF
f29 <- 0xFFFFFFFF00007BFF


mem[X,0x80005650] -> 0x81B3
mem[X,0x80005652] -> 0x4021
[5529] [M]: 0x80005650 (0x402181B3) sub gp, gp, sp
x3 <- 0x80008010


mem[X,0x80005654] -> 0x0113
mem[X,0x80005656] -> 0x0000
[5530] [M]: 0x80005654 (0x00000113) addi sp, zero, 0
x2 <- 0x00000000


mem[X,0x80005658] -> 0x1073
mem[X,0x8000565A] -> 0x0031
[5531] [M]: 0x80005658 (0x00311073) csrrw zero, fcsr, sp
CSR fcsr -> 0x00000000
CSR fcsr <- 0x00000000 (input: 0x00000000)


mem[X,0x8000565C] -> 0x7FD3
mem[X,0x8000565E] -> 0x05DF
[5532] [M]: 0x8000565C (0x05DF7FD3) fadd.h ft11, ft10, ft9, dyn
f31 <- 0xFFFFFFFFFFFF7E00


mem[X,0x80005660] -> 0x2273
mem[X,0x80005662] -> 0x0030
[5533] [M]: 0x80005660 (0x00302273) csrrs tp, fcsr, zero
CSR fcsr -> 0x00000000
x4 <- 0x00000000


mem[X,0x80005664] -> 0xA027
mem[X,0x80005666] -> 0x2BF0
[5534] [M]: 0x80005664 (0x2BF0A027) fsw ft11, 672(ra)
mem[0x8000A2B4] <- 0xFFFF7E00


mem[X,0x80005668] -> 0xA223
mem[X,0x8000566A] -> 0x2A40
[5535] [M]: 0x80005668 (0x2A40A223) sw tp, 676(ra)
mem[0x8000A2B8] <- 0x00000000


mem[X,0x8000566C] -> 0x1137
mem[X,0x8000566E] -> 0x0000
[5536] [M]: 0x8000566C (0x00001137) lui sp, 1
x2 <- 0x00001000


mem[X,0x80005670] -> 0x0113
mem[X,0x80005672] -> 0x8001
[5537] [M]: 0x80005670 (0x80010113) addi sp, sp, 2048
x2 <- 0x00000800


mem[X,0x80005674] -> 0x81B3
mem[X,0x80005676] -> 0x0021
[5538] [M]: 0x80005674 (0x002181B3) add gp, gp, sp
x3 <- 0x80008810


mem[X,0x80005678] -> 0xAF07
mem[X,0x8000567A] -> 0x6A81
[5539] [M]: 0x80005678 (0x6A81AF07) flw ft10, 1704(gp)
mem[R,0x80008EB8] -> 0x0000FE55
f30 <- 0xFFFFFFFF0000FE55


mem[X,0x8000567C] -> 0x81B3
mem[X,0x8000567E] -> 0x4021
[5540] [M]: 0x8000567C (0x402181B3) sub gp, gp, sp
x3 <- 0x80008010


mem[X,0x80005680] -> 0x1137
mem[X,0x80005682] -> 0x0000
[5541] [M]: 0x80005680 (0x00001137) lui sp, 1
x2 <- 0x00001000


mem[X,0x80005684] -> 0x0113
mem[X,0x80005686] -> 0x8001
[5542] [M]: 0x80005684 (0x80010113) addi sp, sp, 2048
x2 <- 0x00000800


mem[X,0x80005688] -> 0x81B3
mem[X,0x8000568A] -> 0x0021
[5543] [M]: 0x80005688 (0x002181B3) add gp, gp, sp
x3 <- 0x80008810


mem[X,0x8000568C] -> 0xAE87
mem[X,0x8000568E] -> 0x6AC1
[5544] [M]: 0x8000568C (0x6AC1AE87) flw ft9, 1708(gp)
mem[R,0x80008EBC] -> 0x0000FBFF
f29 <- 0xFFFFFFFF0000FBFF


mem[X,0x80005690] -> 0x81B3
mem[X,0x80005692] -> 0x4021
[5545] [M]: 0x80005690 (0x402181B3) sub gp, gp, sp
x3 <- 0x80008010


mem[X,0x80005694] -> 0x0113
mem[X,0x80005696] -> 0x0000
[5546] [M]: 0x80005694 (0x00000113) addi sp, zero, 0
x2 <- 0x00000000


mem[X,0x80005698] -> 0x1073
mem[X,0x8000569A] -> 0x0031
[5547] [M]: 0x80005698 (0x00311073) csrrw zero, fcsr, sp
CSR fcsr -> 0x00000000
CSR fcsr <- 0x00000000 (input: 0x00000000)


mem[X,0x8000569C] -> 0x7FD3
mem[X,0x8000569E] -> 0x05DF
[5548] [M]: 0x8000569C (0x05DF7FD3) fadd.h ft11, ft10, ft9, dyn
f31 <- 0xFFFFFFFFFFFF7E00


mem[X,0x800056A0] -> 0x2273
mem[X,0x800056A2] -> 0x0030
[5549] [M]: 0x800056A0 (0x00302273) csrrs tp, fcsr, zero
CSR fcsr -> 0x00000000
x4 <- 0x00000000


mem[X,0x800056A4] -> 0xA427
mem[X,0x800056A6] -> 0x2BF0
[5550] [M]: 0x800056A4 (0x2BF0A427) fsw ft11, 680(ra)
mem[0x8000A2BC] <- 0xFFFF7E00


mem[X,0x800056A8] -> 0xA623
mem[X,0x800056AA] -> 0x2A40
[5551] [M]: 0x800056A8 (0x2A40A623) sw tp, 684(ra)
mem[0x8000A2C0] <- 0x00000000


mem[X,0x800056AC] -> 0x1137
mem[X,0x800056AE] -> 0x0000
[5552] [M]: 0x800056AC (0x00001137) lui sp, 1
x2 <- 0x00001000


mem[X,0x800056B0] -> 0x0113
mem[X,0x800056B2] -> 0x8001
[5553] [M]: 0x800056B0 (0x80010113) addi sp, sp, 2048
x2 <- 0x00000800


mem[X,0x800056B4] -> 0x81B3
mem[X,0x800056B6] -> 0x0021
[5554] [M]: 0x800056B4 (0x002181B3) add gp, gp, sp
x3 <- 0x80008810


mem[X,0x800056B8] -> 0xAF07
mem[X,0x800056BA] -> 0x6B01
[5555] [M]: 0x800056B8 (0x6B01AF07) flw ft10, 1712(gp)
mem[R,0x80008EC0] -> 0x0000FE55
f30 <- 0xFFFFFFFF0000FE55


mem[X,0x800056BC] -> 0x81B3
mem[X,0x800056BE] -> 0x4021
[5556] [M]: 0x800056BC (0x402181B3) sub gp, gp, sp
x3 <- 0x80008010


mem[X,0x800056C0] -> 0x1137
mem[X,0x800056C2] -> 0x0000
[5557] [M]: 0x800056C0 (0x00001137) lui sp, 1
x2 <- 0x00001000


mem[X,0x800056C4] -> 0x0113
mem[X,0x800056C6] -> 0x8001
[5558] [M]: 0x800056C4 (0x80010113) addi sp, sp, 2048
x2 <- 0x00000800


mem[X,0x800056C8] -> 0x81B3
mem[X,0x800056CA] -> 0x0021
[5559] [M]: 0x800056C8 (0x002181B3) add gp, gp, sp
x3 <- 0x80008810


mem[X,0x800056CC] -> 0xAE87
mem[X,0x800056CE] -> 0x6B41
[5560] [M]: 0x800056CC (0x6B41AE87) flw ft9, 1716(gp)
mem[R,0x80008EC4] -> 0x00007C00
f29 <- 0xFFFFFFFF00007C00


mem[X,0x800056D0] -> 0x81B3
mem[X,0x800056D2] -> 0x4021
[5561] [M]: 0x800056D0 (0x402181B3) sub gp, gp, sp
x3 <- 0x80008010


mem[X,0x800056D4] -> 0x0113
mem[X,0x800056D6] -> 0x0000
[5562] [M]: 0x800056D4 (0x00000113) addi sp, zero, 0
x2 <- 0x00000000


mem[X,0x800056D8] -> 0x1073
mem[X,0x800056DA] -> 0x0031
[5563] [M]: 0x800056D8 (0x00311073) csrrw zero, fcsr, sp
CSR fcsr -> 0x00000000
CSR fcsr <- 0x00000000 (input: 0x00000000)


mem[X,0x800056DC] -> 0x7FD3
mem[X,0x800056DE] -> 0x05DF
[5564] [M]: 0x800056DC (0x05DF7FD3) fadd.h ft11, ft10, ft9, dyn
f31 <- 0xFFFFFFFFFFFF7E00


mem[X,0x800056E0] -> 0x2273
mem[X,0x800056E2] -> 0x0030
[5565] [M]: 0x800056E0 (0x00302273) csrrs tp, fcsr, zero
CSR fcsr -> 0x00000000
x4 <- 0x00000000


mem[X,0x800056E4] -> 0xA827
mem[X,0x800056E6] -> 0x2BF0
[5566] [M]: 0x800056E4 (0x2BF0A827) fsw ft11, 688(ra)
mem[0x8000A2C4] <- 0xFFFF7E00


mem[X,0x800056E8] -> 0xAA23
mem[X,0x800056EA] -> 0x2A40
[5567] [M]: 0x800056E8 (0x2A40AA23) sw tp, 692(ra)
mem[0x8000A2C8] <- 0x00000000


mem[X,0x800056EC] -> 0x1137
mem[X,0x800056EE] -> 0x0000
[5568] [M]: 0x800056EC (0x00001137) lui sp, 1
x2 <- 0x00001000


mem[X,0x800056F0] -> 0x0113
mem[X,0x800056F2] -> 0x8001
[5569] [M]: 0x800056F0 (0x80010113) addi sp, sp, 2048
x2 <- 0x00000800


mem[X,0x800056F4] -> 0x81B3
mem[X,0x800056F6] -> 0x0021
[5570] [M]: 0x800056F4 (0x002181B3) add gp, gp, sp
x3 <- 0x80008810


mem[X,0x800056F8] -> 0xAF07
mem[X,0x800056FA] -> 0x6B81
[5571] [M]: 0x800056F8 (0x6B81AF07) flw ft10, 1720(gp)
mem[R,0x80008EC8] -> 0x0000FE55
f30 <- 0xFFFFFFFF0000FE55


mem[X,0x800056FC] -> 0x81B3
mem[X,0x800056FE] -> 0x4021
[5572] [M]: 0x800056FC (0x402181B3) sub gp, gp, sp
x3 <- 0x80008010


mem[X,0x80005700] -> 0x1137
mem[X,0x80005702] -> 0x0000
[5573] [M]: 0x80005700 (0x00001137) lui sp, 1
x2 <- 0x00001000


mem[X,0x80005704] -> 0x0113
mem[X,0x80005706] -> 0x8001
[5574] [M]: 0x80005704 (0x80010113) addi sp, sp, 2048
x2 <- 0x00000800


mem[X,0x80005708] -> 0x81B3
mem[X,0x8000570A] -> 0x0021
[5575] [M]: 0x80005708 (0x002181B3) add gp, gp, sp
x3 <- 0x80008810


mem[X,0x8000570C] -> 0xAE87
mem[X,0x8000570E] -> 0x6BC1
[5576] [M]: 0x8000570C (0x6BC1AE87) flw ft9, 1724(gp)
mem[R,0x80008ECC] -> 0x0000FC00
f29 <- 0xFFFFFFFF0000FC00


mem[X,0x80005710] -> 0x81B3
mem[X,0x80005712] -> 0x4021
[5577] [M]: 0x80005710 (0x402181B3) sub gp, gp, sp
x3 <- 0x80008010


mem[X,0x80005714] -> 0x0113
mem[X,0x80005716] -> 0x0000
[5578] [M]: 0x80005714 (0x00000113) addi sp, zero, 0
x2 <- 0x00000000


mem[X,0x80005718] -> 0x1073
mem[X,0x8000571A] -> 0x0031
[5579] [M]: 0x80005718 (0x00311073) csrrw zero, fcsr, sp
CSR fcsr -> 0x00000000
CSR fcsr <- 0x00000000 (input: 0x00000000)


mem[X,0x8000571C] -> 0x7FD3
mem[X,0x8000571E] -> 0x05DF
[5580] [M]: 0x8000571C (0x05DF7FD3) fadd.h ft11, ft10, ft9, dyn
f31 <- 0xFFFFFFFFFFFF7E00


mem[X,0x80005720] -> 0x2273
mem[X,0x80005722] -> 0x0030
[5581] [M]: 0x80005720 (0x00302273) csrrs tp, fcsr, zero
CSR fcsr -> 0x00000000
x4 <- 0x00000000


mem[X,0x80005724] -> 0xAC27
mem[X,0x80005726] -> 0x2BF0
[5582] [M]: 0x80005724 (0x2BF0AC27) fsw ft11, 696(ra)
mem[0x8000A2CC] <- 0xFFFF7E00


mem[X,0x80005728] -> 0xAE23
mem[X,0x8000572A] -> 0x2A40
[5583] [M]: 0x80005728 (0x2A40AE23) sw tp, 700(ra)
mem[0x8000A2D0] <- 0x00000000


mem[X,0x8000572C] -> 0x1137
mem[X,0x8000572E] -> 0x0000
[5584] [M]: 0x8000572C (0x00001137) lui sp, 1
x2 <- 0x00001000


mem[X,0x80005730] -> 0x0113
mem[X,0x80005732] -> 0x8001
[5585] [M]: 0x80005730 (0x80010113) addi sp, sp, 2048
x2 <- 0x00000800


mem[X,0x80005734] -> 0x81B3
mem[X,0x80005736] -> 0x0021
[5586] [M]: 0x80005734 (0x002181B3) add gp, gp, sp
x3 <- 0x80008810


mem[X,0x80005738] -> 0xAF07
mem[X,0x8000573A] -> 0x6C01
[5587] [M]: 0x80005738 (0x6C01AF07) flw ft10, 1728(gp)
mem[R,0x80008ED0] -> 0x0000FE55
f30 <- 0xFFFFFFFF0000FE55


mem[X,0x8000573C] -> 0x81B3
mem[X,0x8000573E] -> 0x4021
[5588] [M]: 0x8000573C (0x402181B3) sub gp, gp, sp
x3 <- 0x80008010


mem[X,0x80005740] -> 0x1137
mem[X,0x80005742] -> 0x0000
[5589] [M]: 0x80005740 (0x00001137) lui sp, 1
x2 <- 0x00001000


mem[X,0x80005744] -> 0x0113
mem[X,0x80005746] -> 0x8001
[5590] [M]: 0x80005744 (0x80010113) addi sp, sp, 2048
x2 <- 0x00000800


mem[X,0x80005748] -> 0x81B3
mem[X,0x8000574A] -> 0x0021
[5591] [M]: 0x80005748 (0x002181B3) add gp, gp, sp
x3 <- 0x80008810


mem[X,0x8000574C] -> 0xAE87
mem[X,0x8000574E] -> 0x6C41
[5592] [M]: 0x8000574C (0x6C41AE87) flw ft9, 1732(gp)
mem[R,0x80008ED4] -> 0x00007E00
f29 <- 0xFFFFFFFF00007E00


mem[X,0x80005750] -> 0x81B3
mem[X,0x80005752] -> 0x4021
[5593] [M]: 0x80005750 (0x402181B3) sub gp, gp, sp
x3 <- 0x80008010


mem[X,0x80005754] -> 0x0113
mem[X,0x80005756] -> 0x0000
[5594] [M]: 0x80005754 (0x00000113) addi sp, zero, 0
x2 <- 0x00000000


mem[X,0x80005758] -> 0x1073
mem[X,0x8000575A] -> 0x0031
[5595] [M]: 0x80005758 (0x00311073) csrrw zero, fcsr, sp
CSR fcsr -> 0x00000000
CSR fcsr <- 0x00000000 (input: 0x00000000)


mem[X,0x8000575C] -> 0x7FD3
mem[X,0x8000575E] -> 0x05DF
[5596] [M]: 0x8000575C (0x05DF7FD3) fadd.h ft11, ft10, ft9, dyn
f31 <- 0xFFFFFFFFFFFF7E00


mem[X,0x80005760] -> 0x2273
mem[X,0x80005762] -> 0x0030
[5597] [M]: 0x80005760 (0x00302273) csrrs tp, fcsr, zero
CSR fcsr -> 0x00000000
x4 <- 0x00000000


mem[X,0x80005764] -> 0xA027
mem[X,0x80005766] -> 0x2DF0
[5598] [M]: 0x80005764 (0x2DF0A027) fsw ft11, 704(ra)
mem[0x8000A2D4] <- 0xFFFF7E00


mem[X,0x80005768] -> 0xA223
mem[X,0x8000576A] -> 0x2C40
[5599] [M]: 0x80005768 (0x2C40A223) sw tp, 708(ra)
mem[0x8000A2D8] <- 0x00000000


clint::tick mtime <- 0x0000000000000038
 clint timer pending at mtime 0x0000000000000038
htif::tick 0x0000000000000000
mem[X,0x8000576C] -> 0x1137
mem[X,0x8000576E] -> 0x0000
[5600] [M]: 0x8000576C (0x00001137) lui sp, 1
x2 <- 0x00001000


mem[X,0x80005770] -> 0x0113
mem[X,0x80005772] -> 0x8001
[5601] [M]: 0x80005770 (0x80010113) addi sp, sp, 2048
x2 <- 0x00000800


mem[X,0x80005774] -> 0x81B3
mem[X,0x80005776] -> 0x0021
[5602] [M]: 0x80005774 (0x002181B3) add gp, gp, sp
x3 <- 0x80008810


mem[X,0x80005778] -> 0xAF07
mem[X,0x8000577A] -> 0x6C81
[5603] [M]: 0x80005778 (0x6C81AF07) flw ft10, 1736(gp)
mem[R,0x80008ED8] -> 0x0000FE55
f30 <- 0xFFFFFFFF0000FE55


mem[X,0x8000577C] -> 0x81B3
mem[X,0x8000577E] -> 0x4021
[5604] [M]: 0x8000577C (0x402181B3) sub gp, gp, sp
x3 <- 0x80008010


mem[X,0x80005780] -> 0x1137
mem[X,0x80005782] -> 0x0000
[5605] [M]: 0x80005780 (0x00001137) lui sp, 1
x2 <- 0x00001000


mem[X,0x80005784] -> 0x0113
mem[X,0x80005786] -> 0x8001
[5606] [M]: 0x80005784 (0x80010113) addi sp, sp, 2048
x2 <- 0x00000800


mem[X,0x80005788] -> 0x81B3
mem[X,0x8000578A] -> 0x0021
[5607] [M]: 0x80005788 (0x002181B3) add gp, gp, sp
x3 <- 0x80008810


mem[X,0x8000578C] -> 0xAE87
mem[X,0x8000578E] -> 0x6CC1
[5608] [M]: 0x8000578C (0x6CC1AE87) flw ft9, 1740(gp)
mem[R,0x80008EDC] -> 0x0000FE00
f29 <- 0xFFFFFFFF0000FE00


mem[X,0x80005790] -> 0x81B3
mem[X,0x80005792] -> 0x4021
[5609] [M]: 0x80005790 (0x402181B3) sub gp, gp, sp
x3 <- 0x80008010


mem[X,0x80005794] -> 0x0113
mem[X,0x80005796] -> 0x0000
[5610] [M]: 0x80005794 (0x00000113) addi sp, zero, 0
x2 <- 0x00000000


mem[X,0x80005798] -> 0x1073
mem[X,0x8000579A] -> 0x0031
[5611] [M]: 0x80005798 (0x00311073) csrrw zero, fcsr, sp
CSR fcsr -> 0x00000000
CSR fcsr <- 0x00000000 (input: 0x00000000)


mem[X,0x8000579C] -> 0x7FD3
mem[X,0x8000579E] -> 0x05DF
[5612] [M]: 0x8000579C (0x05DF7FD3) fadd.h ft11, ft10, ft9, dyn
f31 <- 0xFFFFFFFFFFFF7E00


mem[X,0x800057A0] -> 0x2273
mem[X,0x800057A2] -> 0x0030
[5613] [M]: 0x800057A0 (0x00302273) csrrs tp, fcsr, zero
CSR fcsr -> 0x00000000
x4 <- 0x00000000


mem[X,0x800057A4] -> 0xA427
mem[X,0x800057A6] -> 0x2DF0
[5614] [M]: 0x800057A4 (0x2DF0A427) fsw ft11, 712(ra)
mem[0x8000A2DC] <- 0xFFFF7E00


mem[X,0x800057A8] -> 0xA623
mem[X,0x800057AA] -> 0x2C40
[5615] [M]: 0x800057A8 (0x2C40A623) sw tp, 716(ra)
mem[0x8000A2E0] <- 0x00000000


mem[X,0x800057AC] -> 0x1137
mem[X,0x800057AE] -> 0x0000
[5616] [M]: 0x800057AC (0x00001137) lui sp, 1
x2 <- 0x00001000


mem[X,0x800057B0] -> 0x0113
mem[X,0x800057B2] -> 0x8001
[5617] [M]: 0x800057B0 (0x80010113) addi sp, sp, 2048
x2 <- 0x00000800


mem[X,0x800057B4] -> 0x81B3
mem[X,0x800057B6] -> 0x0021
[5618] [M]: 0x800057B4 (0x002181B3) add gp, gp, sp
x3 <- 0x80008810


mem[X,0x800057B8] -> 0xAF07
mem[X,0x800057BA] -> 0x6D01
[5619] [M]: 0x800057B8 (0x6D01AF07) flw ft10, 1744(gp)
mem[R,0x80008EE0] -> 0x0000FE55
f30 <- 0xFFFFFFFF0000FE55


mem[X,0x800057BC] -> 0x81B3
mem[X,0x800057BE] -> 0x4021
[5620] [M]: 0x800057BC (0x402181B3) sub gp, gp, sp
x3 <- 0x80008010


mem[X,0x800057C0] -> 0x1137
mem[X,0x800057C2] -> 0x0000
[5621] [M]: 0x800057C0 (0x00001137) lui sp, 1
x2 <- 0x00001000


mem[X,0x800057C4] -> 0x0113
mem[X,0x800057C6] -> 0x8001
[5622] [M]: 0x800057C4 (0x80010113) addi sp, sp, 2048
x2 <- 0x00000800


mem[X,0x800057C8] -> 0x81B3
mem[X,0x800057CA] -> 0x0021
[5623] [M]: 0x800057C8 (0x002181B3) add gp, gp, sp
x3 <- 0x80008810


mem[X,0x800057CC] -> 0xAE87
mem[X,0x800057CE] -> 0x6D41
[5624] [M]: 0x800057CC (0x6D41AE87) flw ft9, 1748(gp)
mem[R,0x80008EE4] -> 0x00007E01
f29 <- 0xFFFFFFFF00007E01


mem[X,0x800057D0] -> 0x81B3
mem[X,0x800057D2] -> 0x4021
[5625] [M]: 0x800057D0 (0x402181B3) sub gp, gp, sp
x3 <- 0x80008010


mem[X,0x800057D4] -> 0x0113
mem[X,0x800057D6] -> 0x0000
[5626] [M]: 0x800057D4 (0x00000113) addi sp, zero, 0
x2 <- 0x00000000


mem[X,0x800057D8] -> 0x1073
mem[X,0x800057DA] -> 0x0031
[5627] [M]: 0x800057D8 (0x00311073) csrrw zero, fcsr, sp
CSR fcsr -> 0x00000000
CSR fcsr <- 0x00000000 (input: 0x00000000)


mem[X,0x800057DC] -> 0x7FD3
mem[X,0x800057DE] -> 0x05DF
[5628] [M]: 0x800057DC (0x05DF7FD3) fadd.h ft11, ft10, ft9, dyn
f31 <- 0xFFFFFFFFFFFF7E00


mem[X,0x800057E0] -> 0x2273
mem[X,0x800057E2] -> 0x0030
[5629] [M]: 0x800057E0 (0x00302273) csrrs tp, fcsr, zero
CSR fcsr -> 0x00000000
x4 <- 0x00000000


mem[X,0x800057E4] -> 0xA827
mem[X,0x800057E6] -> 0x2DF0
[5630] [M]: 0x800057E4 (0x2DF0A827) fsw ft11, 720(ra)
mem[0x8000A2E4] <- 0xFFFF7E00


mem[X,0x800057E8] -> 0xAA23
mem[X,0x800057EA] -> 0x2C40
[5631] [M]: 0x800057E8 (0x2C40AA23) sw tp, 724(ra)
mem[0x8000A2E8] <- 0x00000000


mem[X,0x800057EC] -> 0x1137
mem[X,0x800057EE] -> 0x0000
[5632] [M]: 0x800057EC (0x00001137) lui sp, 1
x2 <- 0x00001000


mem[X,0x800057F0] -> 0x0113
mem[X,0x800057F2] -> 0x8001
[5633] [M]: 0x800057F0 (0x80010113) addi sp, sp, 2048
x2 <- 0x00000800


mem[X,0x800057F4] -> 0x81B3
mem[X,0x800057F6] -> 0x0021
[5634] [M]: 0x800057F4 (0x002181B3) add gp, gp, sp
x3 <- 0x80008810


mem[X,0x800057F8] -> 0xAF07
mem[X,0x800057FA] -> 0x6D81
[5635] [M]: 0x800057F8 (0x6D81AF07) flw ft10, 1752(gp)
mem[R,0x80008EE8] -> 0x0000FE55
f30 <- 0xFFFFFFFF0000FE55


mem[X,0x800057FC] -> 0x81B3
mem[X,0x800057FE] -> 0x4021
[5636] [M]: 0x800057FC (0x402181B3) sub gp, gp, sp
x3 <- 0x80008010


mem[X,0x80005800] -> 0x1137
mem[X,0x80005802] -> 0x0000
[5637] [M]: 0x80005800 (0x00001137) lui sp, 1
x2 <- 0x00001000


mem[X,0x80005804] -> 0x0113
mem[X,0x80005806] -> 0x8001
[5638] [M]: 0x80005804 (0x80010113) addi sp, sp, 2048
x2 <- 0x00000800


mem[X,0x80005808] -> 0x81B3
mem[X,0x8000580A] -> 0x0021
[5639] [M]: 0x80005808 (0x002181B3) add gp, gp, sp
x3 <- 0x80008810


mem[X,0x8000580C] -> 0xAE87
mem[X,0x8000580E] -> 0x6DC1
[5640] [M]: 0x8000580C (0x6DC1AE87) flw ft9, 1756(gp)
mem[R,0x80008EEC] -> 0x0000FE55
f29 <- 0xFFFFFFFF0000FE55


mem[X,0x80005810] -> 0x81B3
mem[X,0x80005812] -> 0x4021
[5641] [M]: 0x80005810 (0x402181B3) sub gp, gp, sp
x3 <- 0x80008010


mem[X,0x80005814] -> 0x0113
mem[X,0x80005816] -> 0x0000
[5642] [M]: 0x80005814 (0x00000113) addi sp, zero, 0
x2 <- 0x00000000


mem[X,0x80005818] -> 0x1073
mem[X,0x8000581A] -> 0x0031
[5643] [M]: 0x80005818 (0x00311073) csrrw zero, fcsr, sp
CSR fcsr -> 0x00000000
CSR fcsr <- 0x00000000 (input: 0x00000000)


mem[X,0x8000581C] -> 0x7FD3
mem[X,0x8000581E] -> 0x05DF
[5644] [M]: 0x8000581C (0x05DF7FD3) fadd.h ft11, ft10, ft9, dyn
f31 <- 0xFFFFFFFFFFFF7E00


mem[X,0x80005820] -> 0x2273
mem[X,0x80005822] -> 0x0030
[5645] [M]: 0x80005820 (0x00302273) csrrs tp, fcsr, zero
CSR fcsr -> 0x00000000
x4 <- 0x00000000


mem[X,0x80005824] -> 0xAC27
mem[X,0x80005826] -> 0x2DF0
[5646] [M]: 0x80005824 (0x2DF0AC27) fsw ft11, 728(ra)
mem[0x8000A2EC] <- 0xFFFF7E00


mem[X,0x80005828] -> 0xAE23
mem[X,0x8000582A] -> 0x2C40
[5647] [M]: 0x80005828 (0x2C40AE23) sw tp, 732(ra)
mem[0x8000A2F0] <- 0x00000000


mem[X,0x8000582C] -> 0x1137
mem[X,0x8000582E] -> 0x0000
[5648] [M]: 0x8000582C (0x00001137) lui sp, 1
x2 <- 0x00001000


mem[X,0x80005830] -> 0x0113
mem[X,0x80005832] -> 0x8001
[5649] [M]: 0x80005830 (0x80010113) addi sp, sp, 2048
x2 <- 0x00000800


mem[X,0x80005834] -> 0x81B3
mem[X,0x80005836] -> 0x0021
[5650] [M]: 0x80005834 (0x002181B3) add gp, gp, sp
x3 <- 0x80008810


mem[X,0x80005838] -> 0xAF07
mem[X,0x8000583A] -> 0x6E01
[5651] [M]: 0x80005838 (0x6E01AF07) flw ft10, 1760(gp)
mem[R,0x80008EF0] -> 0x0000FE55
f30 <- 0xFFFFFFFF0000FE55


mem[X,0x8000583C] -> 0x81B3
mem[X,0x8000583E] -> 0x4021
[5652] [M]: 0x8000583C (0x402181B3) sub gp, gp, sp
x3 <- 0x80008010


mem[X,0x80005840] -> 0x1137
mem[X,0x80005842] -> 0x0000
[5653] [M]: 0x80005840 (0x00001137) lui sp, 1
x2 <- 0x00001000


mem[X,0x80005844] -> 0x0113
mem[X,0x80005846] -> 0x8001
[5654] [M]: 0x80005844 (0x80010113) addi sp, sp, 2048
x2 <- 0x00000800


mem[X,0x80005848] -> 0x81B3
mem[X,0x8000584A] -> 0x0021
[5655] [M]: 0x80005848 (0x002181B3) add gp, gp, sp
x3 <- 0x80008810


mem[X,0x8000584C] -> 0xAE87
mem[X,0x8000584E] -> 0x6E41
[5656] [M]: 0x8000584C (0x6E41AE87) flw ft9, 1764(gp)
mem[R,0x80008EF4] -> 0x00007C01
f29 <- 0xFFFFFFFF00007C01


mem[X,0x80005850] -> 0x81B3
mem[X,0x80005852] -> 0x4021
[5657] [M]: 0x80005850 (0x402181B3) sub gp, gp, sp
x3 <- 0x80008010


mem[X,0x80005854] -> 0x0113
mem[X,0x80005856] -> 0x0000
[5658] [M]: 0x80005854 (0x00000113) addi sp, zero, 0
x2 <- 0x00000000


mem[X,0x80005858] -> 0x1073
mem[X,0x8000585A] -> 0x0031
[5659] [M]: 0x80005858 (0x00311073) csrrw zero, fcsr, sp
CSR fcsr -> 0x00000000
CSR fcsr <- 0x00000000 (input: 0x00000000)


mem[X,0x8000585C] -> 0x7FD3
mem[X,0x8000585E] -> 0x05DF
[5660] [M]: 0x8000585C (0x05DF7FD3) fadd.h ft11, ft10, ft9, dyn
f31 <- 0xFFFFFFFFFFFF7E00


mem[X,0x80005860] -> 0x2273
mem[X,0x80005862] -> 0x0030
[5661] [M]: 0x80005860 (0x00302273) csrrs tp, fcsr, zero
CSR fcsr -> 0x00000000
x4 <- 0x00000000


mem[X,0x80005864] -> 0xA027
mem[X,0x80005866] -> 0x2FF0
[5662] [M]: 0x80005864 (0x2FF0A027) fsw ft11, 736(ra)
mem[0x8000A2F4] <- 0xFFFF7E00


mem[X,0x80005868] -> 0xA223
mem[X,0x8000586A] -> 0x2E40
[5663] [M]: 0x80005868 (0x2E40A223) sw tp, 740(ra)
mem[0x8000A2F8] <- 0x00000000


mem[X,0x8000586C] -> 0x1137
mem[X,0x8000586E] -> 0x0000
[5664] [M]: 0x8000586C (0x00001137) lui sp, 1
x2 <- 0x00001000


mem[X,0x80005870] -> 0x0113
mem[X,0x80005872] -> 0x8001
[5665] [M]: 0x80005870 (0x80010113) addi sp, sp, 2048
x2 <- 0x00000800


mem[X,0x80005874] -> 0x81B3
mem[X,0x80005876] -> 0x0021
[5666] [M]: 0x80005874 (0x002181B3) add gp, gp, sp
x3 <- 0x80008810


mem[X,0x80005878] -> 0xAF07
mem[X,0x8000587A] -> 0x6E81
[5667] [M]: 0x80005878 (0x6E81AF07) flw ft10, 1768(gp)
mem[R,0x80008EF8] -> 0x0000FE55
f30 <- 0xFFFFFFFF0000FE55


mem[X,0x8000587C] -> 0x81B3
mem[X,0x8000587E] -> 0x4021
[5668] [M]: 0x8000587C (0x402181B3) sub gp, gp, sp
x3 <- 0x80008010


mem[X,0x80005880] -> 0x1137
mem[X,0x80005882] -> 0x0000
[5669] [M]: 0x80005880 (0x00001137) lui sp, 1
x2 <- 0x00001000


mem[X,0x80005884] -> 0x0113
mem[X,0x80005886] -> 0x8001
[5670] [M]: 0x80005884 (0x80010113) addi sp, sp, 2048
x2 <- 0x00000800


mem[X,0x80005888] -> 0x81B3
mem[X,0x8000588A] -> 0x0021
[5671] [M]: 0x80005888 (0x002181B3) add gp, gp, sp
x3 <- 0x80008810


mem[X,0x8000588C] -> 0xAE87
mem[X,0x8000588E] -> 0x6EC1
[5672] [M]: 0x8000588C (0x6EC1AE87) flw ft9, 1772(gp)
mem[R,0x80008EFC] -> 0x0000FD55
f29 <- 0xFFFFFFFF0000FD55


mem[X,0x80005890] -> 0x81B3
mem[X,0x80005892] -> 0x4021
[5673] [M]: 0x80005890 (0x402181B3) sub gp, gp, sp
x3 <- 0x80008010


mem[X,0x80005894] -> 0x0113
mem[X,0x80005896] -> 0x0000
[5674] [M]: 0x80005894 (0x00000113) addi sp, zero, 0
x2 <- 0x00000000


mem[X,0x80005898] -> 0x1073
mem[X,0x8000589A] -> 0x0031
[5675] [M]: 0x80005898 (0x00311073) csrrw zero, fcsr, sp
CSR fcsr -> 0x00000000
CSR fcsr <- 0x00000000 (input: 0x00000000)


mem[X,0x8000589C] -> 0x7FD3
mem[X,0x8000589E] -> 0x05DF
[5676] [M]: 0x8000589C (0x05DF7FD3) fadd.h ft11, ft10, ft9, dyn
f31 <- 0xFFFFFFFFFFFF7E00


mem[X,0x800058A0] -> 0x2273
mem[X,0x800058A2] -> 0x0030
[5677] [M]: 0x800058A0 (0x00302273) csrrs tp, fcsr, zero
CSR fcsr -> 0x00000000
x4 <- 0x00000000


mem[X,0x800058A4] -> 0xA427
mem[X,0x800058A6] -> 0x2FF0
[5678] [M]: 0x800058A4 (0x2FF0A427) fsw ft11, 744(ra)
mem[0x8000A2FC] <- 0xFFFF7E00


mem[X,0x800058A8] -> 0xA623
mem[X,0x800058AA] -> 0x2E40
[5679] [M]: 0x800058A8 (0x2E40A623) sw tp, 748(ra)
mem[0x8000A300] <- 0x00000000


mem[X,0x800058AC] -> 0x1137
mem[X,0x800058AE] -> 0x0000
[5680] [M]: 0x800058AC (0x00001137) lui sp, 1
x2 <- 0x00001000


mem[X,0x800058B0] -> 0x0113
mem[X,0x800058B2] -> 0x8001
[5681] [M]: 0x800058B0 (0x80010113) addi sp, sp, 2048
x2 <- 0x00000800


mem[X,0x800058B4] -> 0x81B3
mem[X,0x800058B6] -> 0x0021
[5682] [M]: 0x800058B4 (0x002181B3) add gp, gp, sp
x3 <- 0x80008810


mem[X,0x800058B8] -> 0xAF07
mem[X,0x800058BA] -> 0x6F01
[5683] [M]: 0x800058B8 (0x6F01AF07) flw ft10, 1776(gp)
mem[R,0x80008F00] -> 0x0000FE55
f30 <- 0xFFFFFFFF0000FE55


mem[X,0x800058BC] -> 0x81B3
mem[X,0x800058BE] -> 0x4021
[5684] [M]: 0x800058BC (0x402181B3) sub gp, gp, sp
x3 <- 0x80008010


mem[X,0x800058C0] -> 0x1137
mem[X,0x800058C2] -> 0x0000
[5685] [M]: 0x800058C0 (0x00001137) lui sp, 1
x2 <- 0x00001000


mem[X,0x800058C4] -> 0x0113
mem[X,0x800058C6] -> 0x8001
[5686] [M]: 0x800058C4 (0x80010113) addi sp, sp, 2048
x2 <- 0x00000800


mem[X,0x800058C8] -> 0x81B3
mem[X,0x800058CA] -> 0x0021
[5687] [M]: 0x800058C8 (0x002181B3) add gp, gp, sp
x3 <- 0x80008810


mem[X,0x800058CC] -> 0xAE87
mem[X,0x800058CE] -> 0x6F41
[5688] [M]: 0x800058CC (0x6F41AE87) flw ft9, 1780(gp)
mem[R,0x80008F04] -> 0x00003C00
f29 <- 0xFFFFFFFF00003C00


mem[X,0x800058D0] -> 0x81B3
mem[X,0x800058D2] -> 0x4021
[5689] [M]: 0x800058D0 (0x402181B3) sub gp, gp, sp
x3 <- 0x80008010


mem[X,0x800058D4] -> 0x0113
mem[X,0x800058D6] -> 0x0000
[5690] [M]: 0x800058D4 (0x00000113) addi sp, zero, 0
x2 <- 0x00000000


mem[X,0x800058D8] -> 0x1073
mem[X,0x800058DA] -> 0x0031
[5691] [M]: 0x800058D8 (0x00311073) csrrw zero, fcsr, sp
CSR fcsr -> 0x00000000
CSR fcsr <- 0x00000000 (input: 0x00000000)


mem[X,0x800058DC] -> 0x7FD3
mem[X,0x800058DE] -> 0x05DF
[5692] [M]: 0x800058DC (0x05DF7FD3) fadd.h ft11, ft10, ft9, dyn
f31 <- 0xFFFFFFFFFFFF7E00


mem[X,0x800058E0] -> 0x2273
mem[X,0x800058E2] -> 0x0030
[5693] [M]: 0x800058E0 (0x00302273) csrrs tp, fcsr, zero
CSR fcsr -> 0x00000000
x4 <- 0x00000000


mem[X,0x800058E4] -> 0xA827
mem[X,0x800058E6] -> 0x2FF0
[5694] [M]: 0x800058E4 (0x2FF0A827) fsw ft11, 752(ra)
mem[0x8000A304] <- 0xFFFF7E00


mem[X,0x800058E8] -> 0xAA23
mem[X,0x800058EA] -> 0x2E40
[5695] [M]: 0x800058E8 (0x2E40AA23) sw tp, 756(ra)
mem[0x8000A308] <- 0x00000000


mem[X,0x800058EC] -> 0x1137
mem[X,0x800058EE] -> 0x0000
[5696] [M]: 0x800058EC (0x00001137) lui sp, 1
x2 <- 0x00001000


mem[X,0x800058F0] -> 0x0113
mem[X,0x800058F2] -> 0x8001
[5697] [M]: 0x800058F0 (0x80010113) addi sp, sp, 2048
x2 <- 0x00000800


mem[X,0x800058F4] -> 0x81B3
mem[X,0x800058F6] -> 0x0021
[5698] [M]: 0x800058F4 (0x002181B3) add gp, gp, sp
x3 <- 0x80008810


mem[X,0x800058F8] -> 0xAF07
mem[X,0x800058FA] -> 0x6F81
[5699] [M]: 0x800058F8 (0x6F81AF07) flw ft10, 1784(gp)
mem[R,0x80008F08] -> 0x0000FE55
f30 <- 0xFFFFFFFF0000FE55


clint::tick mtime <- 0x0000000000000039
 clint timer pending at mtime 0x0000000000000039
htif::tick 0x0000000000000000
mem[X,0x800058FC] -> 0x81B3
mem[X,0x800058FE] -> 0x4021
[5700] [M]: 0x800058FC (0x402181B3) sub gp, gp, sp
x3 <- 0x80008010


mem[X,0x80005900] -> 0x1137
mem[X,0x80005902] -> 0x0000
[5701] [M]: 0x80005900 (0x00001137) lui sp, 1
x2 <- 0x00001000


mem[X,0x80005904] -> 0x0113
mem[X,0x80005906] -> 0x8001
[5702] [M]: 0x80005904 (0x80010113) addi sp, sp, 2048
x2 <- 0x00000800


mem[X,0x80005908] -> 0x81B3
mem[X,0x8000590A] -> 0x0021
[5703] [M]: 0x80005908 (0x002181B3) add gp, gp, sp
x3 <- 0x80008810


mem[X,0x8000590C] -> 0xAE87
mem[X,0x8000590E] -> 0x6FC1
[5704] [M]: 0x8000590C (0x6FC1AE87) flw ft9, 1788(gp)
mem[R,0x80008F0C] -> 0x0000BC00
f29 <- 0xFFFFFFFF0000BC00


mem[X,0x80005910] -> 0x81B3
mem[X,0x80005912] -> 0x4021
[5705] [M]: 0x80005910 (0x402181B3) sub gp, gp, sp
x3 <- 0x80008010


mem[X,0x80005914] -> 0x0113
mem[X,0x80005916] -> 0x0000
[5706] [M]: 0x80005914 (0x00000113) addi sp, zero, 0
x2 <- 0x00000000


mem[X,0x80005918] -> 0x1073
mem[X,0x8000591A] -> 0x0031
[5707] [M]: 0x80005918 (0x00311073) csrrw zero, fcsr, sp
CSR fcsr -> 0x00000000
CSR fcsr <- 0x00000000 (input: 0x00000000)


mem[X,0x8000591C] -> 0x7FD3
mem[X,0x8000591E] -> 0x05DF
[5708] [M]: 0x8000591C (0x05DF7FD3) fadd.h ft11, ft10, ft9, dyn
f31 <- 0xFFFFFFFFFFFF7E00


mem[X,0x80005920] -> 0x2273
mem[X,0x80005922] -> 0x0030
[5709] [M]: 0x80005920 (0x00302273) csrrs tp, fcsr, zero
CSR fcsr -> 0x00000000
x4 <- 0x00000000


mem[X,0x80005924] -> 0xAC27
mem[X,0x80005926] -> 0x2FF0
[5710] [M]: 0x80005924 (0x2FF0AC27) fsw ft11, 760(ra)
mem[0x8000A30C] <- 0xFFFF7E00


mem[X,0x80005928] -> 0xAE23
mem[X,0x8000592A] -> 0x2E40
[5711] [M]: 0x80005928 (0x2E40AE23) sw tp, 764(ra)
mem[0x8000A310] <- 0x00000000


mem[X,0x8000592C] -> 0x1137
mem[X,0x8000592E] -> 0x0000
[5712] [M]: 0x8000592C (0x00001137) lui sp, 1
x2 <- 0x00001000


mem[X,0x80005930] -> 0x0113
mem[X,0x80005932] -> 0x8001
[5713] [M]: 0x80005930 (0x80010113) addi sp, sp, 2048
x2 <- 0x00000800


mem[X,0x80005934] -> 0x81B3
mem[X,0x80005936] -> 0x0021
[5714] [M]: 0x80005934 (0x002181B3) add gp, gp, sp
x3 <- 0x80008810


mem[X,0x80005938] -> 0xAF07
mem[X,0x8000593A] -> 0x7001
[5715] [M]: 0x80005938 (0x7001AF07) flw ft10, 1792(gp)
mem[R,0x80008F10] -> 0x00007C01
f30 <- 0xFFFFFFFF00007C01


mem[X,0x8000593C] -> 0x81B3
mem[X,0x8000593E] -> 0x4021
[5716] [M]: 0x8000593C (0x402181B3) sub gp, gp, sp
x3 <- 0x80008010


mem[X,0x80005940] -> 0x1137
mem[X,0x80005942] -> 0x0000
[5717] [M]: 0x80005940 (0x00001137) lui sp, 1
x2 <- 0x00001000


mem[X,0x80005944] -> 0x0113
mem[X,0x80005946] -> 0x8001
[5718] [M]: 0x80005944 (0x80010113) addi sp, sp, 2048
x2 <- 0x00000800


mem[X,0x80005948] -> 0x81B3
mem[X,0x8000594A] -> 0x0021
[5719] [M]: 0x80005948 (0x002181B3) add gp, gp, sp
x3 <- 0x80008810


mem[X,0x8000594C] -> 0xAE87
mem[X,0x8000594E] -> 0x7041
[5720] [M]: 0x8000594C (0x7041AE87) flw ft9, 1796(gp)
mem[R,0x80008F14] -> 0x00000000
f29 <- 0xFFFFFFFF00000000


mem[X,0x80005950] -> 0x81B3
mem[X,0x80005952] -> 0x4021
[5721] [M]: 0x80005950 (0x402181B3) sub gp, gp, sp
x3 <- 0x80008010


mem[X,0x80005954] -> 0x0113
mem[X,0x80005956] -> 0x0000
[5722] [M]: 0x80005954 (0x00000113) addi sp, zero, 0
x2 <- 0x00000000


mem[X,0x80005958] -> 0x1073
mem[X,0x8000595A] -> 0x0031
[5723] [M]: 0x80005958 (0x00311073) csrrw zero, fcsr, sp
CSR fcsr -> 0x00000000
CSR fcsr <- 0x00000000 (input: 0x00000000)


mem[X,0x8000595C] -> 0x7FD3
mem[X,0x8000595E] -> 0x05DF
[5724] [M]: 0x8000595C (0x05DF7FD3) fadd.h ft11, ft10, ft9, dyn
f31 <- 0xFFFFFFFFFFFF7E00


mem[X,0x80005960] -> 0x2273
mem[X,0x80005962] -> 0x0030
[5725] [M]: 0x80005960 (0x00302273) csrrs tp, fcsr, zero
CSR fcsr -> 0x00000000
x4 <- 0x00000000


mem[X,0x80005964] -> 0xA027
mem[X,0x80005966] -> 0x31F0
[5726] [M]: 0x80005964 (0x31F0A027) fsw ft11, 768(ra)
mem[0x8000A314] <- 0xFFFF7E00


mem[X,0x80005968] -> 0xA223
mem[X,0x8000596A] -> 0x3040
[5727] [M]: 0x80005968 (0x3040A223) sw tp, 772(ra)
mem[0x8000A318] <- 0x00000000


mem[X,0x8000596C] -> 0x1137
mem[X,0x8000596E] -> 0x0000
[5728] [M]: 0x8000596C (0x00001137) lui sp, 1
x2 <- 0x00001000


mem[X,0x80005970] -> 0x0113
mem[X,0x80005972] -> 0x8001
[5729] [M]: 0x80005970 (0x80010113) addi sp, sp, 2048
x2 <- 0x00000800


mem[X,0x80005974] -> 0x81B3
mem[X,0x80005976] -> 0x0021
[5730] [M]: 0x80005974 (0x002181B3) add gp, gp, sp
x3 <- 0x80008810


mem[X,0x80005978] -> 0xAF07
mem[X,0x8000597A] -> 0x7081
[5731] [M]: 0x80005978 (0x7081AF07) flw ft10, 1800(gp)
mem[R,0x80008F18] -> 0x00007C01
f30 <- 0xFFFFFFFF00007C01


mem[X,0x8000597C] -> 0x81B3
mem[X,0x8000597E] -> 0x4021
[5732] [M]: 0x8000597C (0x402181B3) sub gp, gp, sp
x3 <- 0x80008010


mem[X,0x80005980] -> 0x1137
mem[X,0x80005982] -> 0x0000
[5733] [M]: 0x80005980 (0x00001137) lui sp, 1
x2 <- 0x00001000


mem[X,0x80005984] -> 0x0113
mem[X,0x80005986] -> 0x8001
[5734] [M]: 0x80005984 (0x80010113) addi sp, sp, 2048
x2 <- 0x00000800


mem[X,0x80005988] -> 0x81B3
mem[X,0x8000598A] -> 0x0021
[5735] [M]: 0x80005988 (0x002181B3) add gp, gp, sp
x3 <- 0x80008810


mem[X,0x8000598C] -> 0xAE87
mem[X,0x8000598E] -> 0x70C1
[5736] [M]: 0x8000598C (0x70C1AE87) flw ft9, 1804(gp)
mem[R,0x80008F1C] -> 0x00008000
f29 <- 0xFFFFFFFF00008000


mem[X,0x80005990] -> 0x81B3
mem[X,0x80005992] -> 0x4021
[5737] [M]: 0x80005990 (0x402181B3) sub gp, gp, sp
x3 <- 0x80008010


mem[X,0x80005994] -> 0x0113
mem[X,0x80005996] -> 0x0000
[5738] [M]: 0x80005994 (0x00000113) addi sp, zero, 0
x2 <- 0x00000000


mem[X,0x80005998] -> 0x1073
mem[X,0x8000599A] -> 0x0031
[5739] [M]: 0x80005998 (0x00311073) csrrw zero, fcsr, sp
CSR fcsr -> 0x00000000
CSR fcsr <- 0x00000000 (input: 0x00000000)


mem[X,0x8000599C] -> 0x7FD3
mem[X,0x8000599E] -> 0x05DF
[5740] [M]: 0x8000599C (0x05DF7FD3) fadd.h ft11, ft10, ft9, dyn
f31 <- 0xFFFFFFFFFFFF7E00


mem[X,0x800059A0] -> 0x2273
mem[X,0x800059A2] -> 0x0030
[5741] [M]: 0x800059A0 (0x00302273) csrrs tp, fcsr, zero
CSR fcsr -> 0x00000000
x4 <- 0x00000000


mem[X,0x800059A4] -> 0xA427
mem[X,0x800059A6] -> 0x31F0
[5742] [M]: 0x800059A4 (0x31F0A427) fsw ft11, 776(ra)
mem[0x8000A31C] <- 0xFFFF7E00


mem[X,0x800059A8] -> 0xA623
mem[X,0x800059AA] -> 0x3040
[5743] [M]: 0x800059A8 (0x3040A623) sw tp, 780(ra)
mem[0x8000A320] <- 0x00000000


mem[X,0x800059AC] -> 0x1137
mem[X,0x800059AE] -> 0x0000
[5744] [M]: 0x800059AC (0x00001137) lui sp, 1
x2 <- 0x00001000


mem[X,0x800059B0] -> 0x0113
mem[X,0x800059B2] -> 0x8001
[5745] [M]: 0x800059B0 (0x80010113) addi sp, sp, 2048
x2 <- 0x00000800


mem[X,0x800059B4] -> 0x81B3
mem[X,0x800059B6] -> 0x0021
[5746] [M]: 0x800059B4 (0x002181B3) add gp, gp, sp
x3 <- 0x80008810


mem[X,0x800059B8] -> 0xAF07
mem[X,0x800059BA] -> 0x7101
[5747] [M]: 0x800059B8 (0x7101AF07) flw ft10, 1808(gp)
mem[R,0x80008F20] -> 0x00007C01
f30 <- 0xFFFFFFFF00007C01


mem[X,0x800059BC] -> 0x81B3
mem[X,0x800059BE] -> 0x4021
[5748] [M]: 0x800059BC (0x402181B3) sub gp, gp, sp
x3 <- 0x80008010


mem[X,0x800059C0] -> 0x1137
mem[X,0x800059C2] -> 0x0000
[5749] [M]: 0x800059C0 (0x00001137) lui sp, 1
x2 <- 0x00001000


mem[X,0x800059C4] -> 0x0113
mem[X,0x800059C6] -> 0x8001
[5750] [M]: 0x800059C4 (0x80010113) addi sp, sp, 2048
x2 <- 0x00000800


mem[X,0x800059C8] -> 0x81B3
mem[X,0x800059CA] -> 0x0021
[5751] [M]: 0x800059C8 (0x002181B3) add gp, gp, sp
x3 <- 0x80008810


mem[X,0x800059CC] -> 0xAE87
mem[X,0x800059CE] -> 0x7141
[5752] [M]: 0x800059CC (0x7141AE87) flw ft9, 1812(gp)
mem[R,0x80008F24] -> 0x00000001
f29 <- 0xFFFFFFFF00000001


mem[X,0x800059D0] -> 0x81B3
mem[X,0x800059D2] -> 0x4021
[5753] [M]: 0x800059D0 (0x402181B3) sub gp, gp, sp
x3 <- 0x80008010


mem[X,0x800059D4] -> 0x0113
mem[X,0x800059D6] -> 0x0000
[5754] [M]: 0x800059D4 (0x00000113) addi sp, zero, 0
x2 <- 0x00000000


mem[X,0x800059D8] -> 0x1073
mem[X,0x800059DA] -> 0x0031
[5755] [M]: 0x800059D8 (0x00311073) csrrw zero, fcsr, sp
CSR fcsr -> 0x00000000
CSR fcsr <- 0x00000000 (input: 0x00000000)


mem[X,0x800059DC] -> 0x7FD3
mem[X,0x800059DE] -> 0x05DF
[5756] [M]: 0x800059DC (0x05DF7FD3) fadd.h ft11, ft10, ft9, dyn
f31 <- 0xFFFFFFFFFFFF7E00


mem[X,0x800059E0] -> 0x2273
mem[X,0x800059E2] -> 0x0030
[5757] [M]: 0x800059E0 (0x00302273) csrrs tp, fcsr, zero
CSR fcsr -> 0x00000000
x4 <- 0x00000000


mem[X,0x800059E4] -> 0xA827
mem[X,0x800059E6] -> 0x31F0
[5758] [M]: 0x800059E4 (0x31F0A827) fsw ft11, 784(ra)
mem[0x8000A324] <- 0xFFFF7E00


mem[X,0x800059E8] -> 0xAA23
mem[X,0x800059EA] -> 0x3040
[5759] [M]: 0x800059E8 (0x3040AA23) sw tp, 788(ra)
mem[0x8000A328] <- 0x00000000


mem[X,0x800059EC] -> 0x1137
mem[X,0x800059EE] -> 0x0000
[5760] [M]: 0x800059EC (0x00001137) lui sp, 1
x2 <- 0x00001000


mem[X,0x800059F0] -> 0x0113
mem[X,0x800059F2] -> 0x8001
[5761] [M]: 0x800059F0 (0x80010113) addi sp, sp, 2048
x2 <- 0x00000800


mem[X,0x800059F4] -> 0x81B3
mem[X,0x800059F6] -> 0x0021
[5762] [M]: 0x800059F4 (0x002181B3) add gp, gp, sp
x3 <- 0x80008810


mem[X,0x800059F8] -> 0xAF07
mem[X,0x800059FA] -> 0x7181
[5763] [M]: 0x800059F8 (0x7181AF07) flw ft10, 1816(gp)
mem[R,0x80008F28] -> 0x00007C01
f30 <- 0xFFFFFFFF00007C01


mem[X,0x800059FC] -> 0x81B3
mem[X,0x800059FE] -> 0x4021
[5764] [M]: 0x800059FC (0x402181B3) sub gp, gp, sp
x3 <- 0x80008010


mem[X,0x80005A00] -> 0x1137
mem[X,0x80005A02] -> 0x0000
[5765] [M]: 0x80005A00 (0x00001137) lui sp, 1
x2 <- 0x00001000


mem[X,0x80005A04] -> 0x0113
mem[X,0x80005A06] -> 0x8001
[5766] [M]: 0x80005A04 (0x80010113) addi sp, sp, 2048
x2 <- 0x00000800


mem[X,0x80005A08] -> 0x81B3
mem[X,0x80005A0A] -> 0x0021
[5767] [M]: 0x80005A08 (0x002181B3) add gp, gp, sp
x3 <- 0x80008810


mem[X,0x80005A0C] -> 0xAE87
mem[X,0x80005A0E] -> 0x71C1
[5768] [M]: 0x80005A0C (0x71C1AE87) flw ft9, 1820(gp)
mem[R,0x80008F2C] -> 0x00008001
f29 <- 0xFFFFFFFF00008001


mem[X,0x80005A10] -> 0x81B3
mem[X,0x80005A12] -> 0x4021
[5769] [M]: 0x80005A10 (0x402181B3) sub gp, gp, sp
x3 <- 0x80008010


mem[X,0x80005A14] -> 0x0113
mem[X,0x80005A16] -> 0x0000
[5770] [M]: 0x80005A14 (0x00000113) addi sp, zero, 0
x2 <- 0x00000000


mem[X,0x80005A18] -> 0x1073
mem[X,0x80005A1A] -> 0x0031
[5771] [M]: 0x80005A18 (0x00311073) csrrw zero, fcsr, sp
CSR fcsr -> 0x00000000
CSR fcsr <- 0x00000000 (input: 0x00000000)


mem[X,0x80005A1C] -> 0x7FD3
mem[X,0x80005A1E] -> 0x05DF
[5772] [M]: 0x80005A1C (0x05DF7FD3) fadd.h ft11, ft10, ft9, dyn
f31 <- 0xFFFFFFFFFFFF7E00


mem[X,0x80005A20] -> 0x2273
mem[X,0x80005A22] -> 0x0030
[5773] [M]: 0x80005A20 (0x00302273) csrrs tp, fcsr, zero
CSR fcsr -> 0x00000000
x4 <- 0x00000000


mem[X,0x80005A24] -> 0xAC27
mem[X,0x80005A26] -> 0x31F0
[5774] [M]: 0x80005A24 (0x31F0AC27) fsw ft11, 792(ra)
mem[0x8000A32C] <- 0xFFFF7E00


mem[X,0x80005A28] -> 0xAE23
mem[X,0x80005A2A] -> 0x3040
[5775] [M]: 0x80005A28 (0x3040AE23) sw tp, 796(ra)
mem[0x8000A330] <- 0x00000000


mem[X,0x80005A2C] -> 0x1137
mem[X,0x80005A2E] -> 0x0000
[5776] [M]: 0x80005A2C (0x00001137) lui sp, 1
x2 <- 0x00001000


mem[X,0x80005A30] -> 0x0113
mem[X,0x80005A32] -> 0x8001
[5777] [M]: 0x80005A30 (0x80010113) addi sp, sp, 2048
x2 <- 0x00000800


mem[X,0x80005A34] -> 0x81B3
mem[X,0x80005A36] -> 0x0021
[5778] [M]: 0x80005A34 (0x002181B3) add gp, gp, sp
x3 <- 0x80008810


mem[X,0x80005A38] -> 0xAF07
mem[X,0x80005A3A] -> 0x7201
[5779] [M]: 0x80005A38 (0x7201AF07) flw ft10, 1824(gp)
mem[R,0x80008F30] -> 0x00007C01
f30 <- 0xFFFFFFFF00007C01


mem[X,0x80005A3C] -> 0x81B3
mem[X,0x80005A3E] -> 0x4021
[5780] [M]: 0x80005A3C (0x402181B3) sub gp, gp, sp
x3 <- 0x80008010


mem[X,0x80005A40] -> 0x1137
mem[X,0x80005A42] -> 0x0000
[5781] [M]: 0x80005A40 (0x00001137) lui sp, 1
x2 <- 0x00001000


mem[X,0x80005A44] -> 0x0113
mem[X,0x80005A46] -> 0x8001
[5782] [M]: 0x80005A44 (0x80010113) addi sp, sp, 2048
x2 <- 0x00000800


mem[X,0x80005A48] -> 0x81B3
mem[X,0x80005A4A] -> 0x0021
[5783] [M]: 0x80005A48 (0x002181B3) add gp, gp, sp
x3 <- 0x80008810


mem[X,0x80005A4C] -> 0xAE87
mem[X,0x80005A4E] -> 0x7241
[5784] [M]: 0x80005A4C (0x7241AE87) flw ft9, 1828(gp)
mem[R,0x80008F34] -> 0x00000002
f29 <- 0xFFFFFFFF00000002


mem[X,0x80005A50] -> 0x81B3
mem[X,0x80005A52] -> 0x4021
[5785] [M]: 0x80005A50 (0x402181B3) sub gp, gp, sp
x3 <- 0x80008010


mem[X,0x80005A54] -> 0x0113
mem[X,0x80005A56] -> 0x0000
[5786] [M]: 0x80005A54 (0x00000113) addi sp, zero, 0
x2 <- 0x00000000


mem[X,0x80005A58] -> 0x1073
mem[X,0x80005A5A] -> 0x0031
[5787] [M]: 0x80005A58 (0x00311073) csrrw zero, fcsr, sp
CSR fcsr -> 0x00000000
CSR fcsr <- 0x00000000 (input: 0x00000000)


mem[X,0x80005A5C] -> 0x7FD3
mem[X,0x80005A5E] -> 0x05DF
[5788] [M]: 0x80005A5C (0x05DF7FD3) fadd.h ft11, ft10, ft9, dyn
f31 <- 0xFFFFFFFFFFFF7E00


mem[X,0x80005A60] -> 0x2273
mem[X,0x80005A62] -> 0x0030
[5789] [M]: 0x80005A60 (0x00302273) csrrs tp, fcsr, zero
CSR fcsr -> 0x00000000
x4 <- 0x00000000


mem[X,0x80005A64] -> 0xA027
mem[X,0x80005A66] -> 0x33F0
[5790] [M]: 0x80005A64 (0x33F0A027) fsw ft11, 800(ra)
mem[0x8000A334] <- 0xFFFF7E00


mem[X,0x80005A68] -> 0xA223
mem[X,0x80005A6A] -> 0x3240
[5791] [M]: 0x80005A68 (0x3240A223) sw tp, 804(ra)
mem[0x8000A338] <- 0x00000000


mem[X,0x80005A6C] -> 0x1137
mem[X,0x80005A6E] -> 0x0000
[5792] [M]: 0x80005A6C (0x00001137) lui sp, 1
x2 <- 0x00001000


mem[X,0x80005A70] -> 0x0113
mem[X,0x80005A72] -> 0x8001
[5793] [M]: 0x80005A70 (0x80010113) addi sp, sp, 2048
x2 <- 0x00000800


mem[X,0x80005A74] -> 0x81B3
mem[X,0x80005A76] -> 0x0021
[5794] [M]: 0x80005A74 (0x002181B3) add gp, gp, sp
x3 <- 0x80008810


mem[X,0x80005A78] -> 0xAF07
mem[X,0x80005A7A] -> 0x7281
[5795] [M]: 0x80005A78 (0x7281AF07) flw ft10, 1832(gp)
mem[R,0x80008F38] -> 0x00007C01
f30 <- 0xFFFFFFFF00007C01


mem[X,0x80005A7C] -> 0x81B3
mem[X,0x80005A7E] -> 0x4021
[5796] [M]: 0x80005A7C (0x402181B3) sub gp, gp, sp
x3 <- 0x80008010


mem[X,0x80005A80] -> 0x1137
mem[X,0x80005A82] -> 0x0000
[5797] [M]: 0x80005A80 (0x00001137) lui sp, 1
x2 <- 0x00001000


mem[X,0x80005A84] -> 0x0113
mem[X,0x80005A86] -> 0x8001
[5798] [M]: 0x80005A84 (0x80010113) addi sp, sp, 2048
x2 <- 0x00000800


mem[X,0x80005A88] -> 0x81B3
mem[X,0x80005A8A] -> 0x0021
[5799] [M]: 0x80005A88 (0x002181B3) add gp, gp, sp
x3 <- 0x80008810


clint::tick mtime <- 0x000000000000003A
 clint timer pending at mtime 0x000000000000003A
htif::tick 0x0000000000000000
mem[X,0x80005A8C] -> 0xAE87
mem[X,0x80005A8E] -> 0x72C1
[5800] [M]: 0x80005A8C (0x72C1AE87) flw ft9, 1836(gp)
mem[R,0x80008F3C] -> 0x000083FE
f29 <- 0xFFFFFFFF000083FE


mem[X,0x80005A90] -> 0x81B3
mem[X,0x80005A92] -> 0x4021
[5801] [M]: 0x80005A90 (0x402181B3) sub gp, gp, sp
x3 <- 0x80008010


mem[X,0x80005A94] -> 0x0113
mem[X,0x80005A96] -> 0x0000
[5802] [M]: 0x80005A94 (0x00000113) addi sp, zero, 0
x2 <- 0x00000000


mem[X,0x80005A98] -> 0x1073
mem[X,0x80005A9A] -> 0x0031
[5803] [M]: 0x80005A98 (0x00311073) csrrw zero, fcsr, sp
CSR fcsr -> 0x00000000
CSR fcsr <- 0x00000000 (input: 0x00000000)


mem[X,0x80005A9C] -> 0x7FD3
mem[X,0x80005A9E] -> 0x05DF
[5804] [M]: 0x80005A9C (0x05DF7FD3) fadd.h ft11, ft10, ft9, dyn
f31 <- 0xFFFFFFFFFFFF7E00


mem[X,0x80005AA0] -> 0x2273
mem[X,0x80005AA2] -> 0x0030
[5805] [M]: 0x80005AA0 (0x00302273) csrrs tp, fcsr, zero
CSR fcsr -> 0x00000000
x4 <- 0x00000000


mem[X,0x80005AA4] -> 0xA427
mem[X,0x80005AA6] -> 0x33F0
[5806] [M]: 0x80005AA4 (0x33F0A427) fsw ft11, 808(ra)
mem[0x8000A33C] <- 0xFFFF7E00


mem[X,0x80005AA8] -> 0xA623
mem[X,0x80005AAA] -> 0x3240
[5807] [M]: 0x80005AA8 (0x3240A623) sw tp, 812(ra)
mem[0x8000A340] <- 0x00000000


mem[X,0x80005AAC] -> 0x1137
mem[X,0x80005AAE] -> 0x0000
[5808] [M]: 0x80005AAC (0x00001137) lui sp, 1
x2 <- 0x00001000


mem[X,0x80005AB0] -> 0x0113
mem[X,0x80005AB2] -> 0x8001
[5809] [M]: 0x80005AB0 (0x80010113) addi sp, sp, 2048
x2 <- 0x00000800


mem[X,0x80005AB4] -> 0x81B3
mem[X,0x80005AB6] -> 0x0021
[5810] [M]: 0x80005AB4 (0x002181B3) add gp, gp, sp
x3 <- 0x80008810


mem[X,0x80005AB8] -> 0xAF07
mem[X,0x80005ABA] -> 0x7301
[5811] [M]: 0x80005AB8 (0x7301AF07) flw ft10, 1840(gp)
mem[R,0x80008F40] -> 0x00007C01
f30 <- 0xFFFFFFFF00007C01


mem[X,0x80005ABC] -> 0x81B3
mem[X,0x80005ABE] -> 0x4021
[5812] [M]: 0x80005ABC (0x402181B3) sub gp, gp, sp
x3 <- 0x80008010


mem[X,0x80005AC0] -> 0x1137
mem[X,0x80005AC2] -> 0x0000
[5813] [M]: 0x80005AC0 (0x00001137) lui sp, 1
x2 <- 0x00001000


mem[X,0x80005AC4] -> 0x0113
mem[X,0x80005AC6] -> 0x8001
[5814] [M]: 0x80005AC4 (0x80010113) addi sp, sp, 2048
x2 <- 0x00000800


mem[X,0x80005AC8] -> 0x81B3
mem[X,0x80005ACA] -> 0x0021
[5815] [M]: 0x80005AC8 (0x002181B3) add gp, gp, sp
x3 <- 0x80008810


mem[X,0x80005ACC] -> 0xAE87
mem[X,0x80005ACE] -> 0x7341
[5816] [M]: 0x80005ACC (0x7341AE87) flw ft9, 1844(gp)
mem[R,0x80008F44] -> 0x000003FF
f29 <- 0xFFFFFFFF000003FF


mem[X,0x80005AD0] -> 0x81B3
mem[X,0x80005AD2] -> 0x4021
[5817] [M]: 0x80005AD0 (0x402181B3) sub gp, gp, sp
x3 <- 0x80008010


mem[X,0x80005AD4] -> 0x0113
mem[X,0x80005AD6] -> 0x0000
[5818] [M]: 0x80005AD4 (0x00000113) addi sp, zero, 0
x2 <- 0x00000000


mem[X,0x80005AD8] -> 0x1073
mem[X,0x80005ADA] -> 0x0031
[5819] [M]: 0x80005AD8 (0x00311073) csrrw zero, fcsr, sp
CSR fcsr -> 0x00000000
CSR fcsr <- 0x00000000 (input: 0x00000000)


mem[X,0x80005ADC] -> 0x7FD3
mem[X,0x80005ADE] -> 0x05DF
[5820] [M]: 0x80005ADC (0x05DF7FD3) fadd.h ft11, ft10, ft9, dyn
f31 <- 0xFFFFFFFFFFFF7E00


mem[X,0x80005AE0] -> 0x2273
mem[X,0x80005AE2] -> 0x0030
[5821] [M]: 0x80005AE0 (0x00302273) csrrs tp, fcsr, zero
CSR fcsr -> 0x00000000
x4 <- 0x00000000


mem[X,0x80005AE4] -> 0xA827
mem[X,0x80005AE6] -> 0x33F0
[5822] [M]: 0x80005AE4 (0x33F0A827) fsw ft11, 816(ra)
mem[0x8000A344] <- 0xFFFF7E00


mem[X,0x80005AE8] -> 0xAA23
mem[X,0x80005AEA] -> 0x3240
[5823] [M]: 0x80005AE8 (0x3240AA23) sw tp, 820(ra)
mem[0x8000A348] <- 0x00000000


mem[X,0x80005AEC] -> 0x1137
mem[X,0x80005AEE] -> 0x0000
[5824] [M]: 0x80005AEC (0x00001137) lui sp, 1
x2 <- 0x00001000


mem[X,0x80005AF0] -> 0x0113
mem[X,0x80005AF2] -> 0x8001
[5825] [M]: 0x80005AF0 (0x80010113) addi sp, sp, 2048
x2 <- 0x00000800


mem[X,0x80005AF4] -> 0x81B3
mem[X,0x80005AF6] -> 0x0021
[5826] [M]: 0x80005AF4 (0x002181B3) add gp, gp, sp
x3 <- 0x80008810


mem[X,0x80005AF8] -> 0xAF07
mem[X,0x80005AFA] -> 0x7381
[5827] [M]: 0x80005AF8 (0x7381AF07) flw ft10, 1848(gp)
mem[R,0x80008F48] -> 0x00007C01
f30 <- 0xFFFFFFFF00007C01


mem[X,0x80005AFC] -> 0x81B3
mem[X,0x80005AFE] -> 0x4021
[5828] [M]: 0x80005AFC (0x402181B3) sub gp, gp, sp
x3 <- 0x80008010


mem[X,0x80005B00] -> 0x1137
mem[X,0x80005B02] -> 0x0000
[5829] [M]: 0x80005B00 (0x00001137) lui sp, 1
x2 <- 0x00001000


mem[X,0x80005B04] -> 0x0113
mem[X,0x80005B06] -> 0x8001
[5830] [M]: 0x80005B04 (0x80010113) addi sp, sp, 2048
x2 <- 0x00000800


mem[X,0x80005B08] -> 0x81B3
mem[X,0x80005B0A] -> 0x0021
[5831] [M]: 0x80005B08 (0x002181B3) add gp, gp, sp
x3 <- 0x80008810


mem[X,0x80005B0C] -> 0xAE87
mem[X,0x80005B0E] -> 0x73C1
[5832] [M]: 0x80005B0C (0x73C1AE87) flw ft9, 1852(gp)
mem[R,0x80008F4C] -> 0x000083FF
f29 <- 0xFFFFFFFF000083FF


mem[X,0x80005B10] -> 0x81B3
mem[X,0x80005B12] -> 0x4021
[5833] [M]: 0x80005B10 (0x402181B3) sub gp, gp, sp
x3 <- 0x80008010


mem[X,0x80005B14] -> 0x0113
mem[X,0x80005B16] -> 0x0000
[5834] [M]: 0x80005B14 (0x00000113) addi sp, zero, 0
x2 <- 0x00000000


mem[X,0x80005B18] -> 0x1073
mem[X,0x80005B1A] -> 0x0031
[5835] [M]: 0x80005B18 (0x00311073) csrrw zero, fcsr, sp
CSR fcsr -> 0x00000000
CSR fcsr <- 0x00000000 (input: 0x00000000)


mem[X,0x80005B1C] -> 0x7FD3
mem[X,0x80005B1E] -> 0x05DF
[5836] [M]: 0x80005B1C (0x05DF7FD3) fadd.h ft11, ft10, ft9, dyn
f31 <- 0xFFFFFFFFFFFF7E00


mem[X,0x80005B20] -> 0x2273
mem[X,0x80005B22] -> 0x0030
[5837] [M]: 0x80005B20 (0x00302273) csrrs tp, fcsr, zero
CSR fcsr -> 0x00000000
x4 <- 0x00000000


mem[X,0x80005B24] -> 0xAC27
mem[X,0x80005B26] -> 0x33F0
[5838] [M]: 0x80005B24 (0x33F0AC27) fsw ft11, 824(ra)
mem[0x8000A34C] <- 0xFFFF7E00


mem[X,0x80005B28] -> 0xAE23
mem[X,0x80005B2A] -> 0x3240
[5839] [M]: 0x80005B28 (0x3240AE23) sw tp, 828(ra)
mem[0x8000A350] <- 0x00000000


mem[X,0x80005B2C] -> 0x1137
mem[X,0x80005B2E] -> 0x0000
[5840] [M]: 0x80005B2C (0x00001137) lui sp, 1
x2 <- 0x00001000


mem[X,0x80005B30] -> 0x0113
mem[X,0x80005B32] -> 0x8001
[5841] [M]: 0x80005B30 (0x80010113) addi sp, sp, 2048
x2 <- 0x00000800


mem[X,0x80005B34] -> 0x81B3
mem[X,0x80005B36] -> 0x0021
[5842] [M]: 0x80005B34 (0x002181B3) add gp, gp, sp
x3 <- 0x80008810


mem[X,0x80005B38] -> 0xAF07
mem[X,0x80005B3A] -> 0x7401
[5843] [M]: 0x80005B38 (0x7401AF07) flw ft10, 1856(gp)
mem[R,0x80008F50] -> 0x00007C01
f30 <- 0xFFFFFFFF00007C01


mem[X,0x80005B3C] -> 0x81B3
mem[X,0x80005B3E] -> 0x4021
[5844] [M]: 0x80005B3C (0x402181B3) sub gp, gp, sp
x3 <- 0x80008010


mem[X,0x80005B40] -> 0x1137
mem[X,0x80005B42] -> 0x0000
[5845] [M]: 0x80005B40 (0x00001137) lui sp, 1
x2 <- 0x00001000


mem[X,0x80005B44] -> 0x0113
mem[X,0x80005B46] -> 0x8001
[5846] [M]: 0x80005B44 (0x80010113) addi sp, sp, 2048
x2 <- 0x00000800


mem[X,0x80005B48] -> 0x81B3
mem[X,0x80005B4A] -> 0x0021
[5847] [M]: 0x80005B48 (0x002181B3) add gp, gp, sp
x3 <- 0x80008810


mem[X,0x80005B4C] -> 0xAE87
mem[X,0x80005B4E] -> 0x7441
[5848] [M]: 0x80005B4C (0x7441AE87) flw ft9, 1860(gp)
mem[R,0x80008F54] -> 0x00000400
f29 <- 0xFFFFFFFF00000400


mem[X,0x80005B50] -> 0x81B3
mem[X,0x80005B52] -> 0x4021
[5849] [M]: 0x80005B50 (0x402181B3) sub gp, gp, sp
x3 <- 0x80008010


mem[X,0x80005B54] -> 0x0113
mem[X,0x80005B56] -> 0x0000
[5850] [M]: 0x80005B54 (0x00000113) addi sp, zero, 0
x2 <- 0x00000000


mem[X,0x80005B58] -> 0x1073
mem[X,0x80005B5A] -> 0x0031
[5851] [M]: 0x80005B58 (0x00311073) csrrw zero, fcsr, sp
CSR fcsr -> 0x00000000
CSR fcsr <- 0x00000000 (input: 0x00000000)


mem[X,0x80005B5C] -> 0x7FD3
mem[X,0x80005B5E] -> 0x05DF
[5852] [M]: 0x80005B5C (0x05DF7FD3) fadd.h ft11, ft10, ft9, dyn
f31 <- 0xFFFFFFFFFFFF7E00


mem[X,0x80005B60] -> 0x2273
mem[X,0x80005B62] -> 0x0030
[5853] [M]: 0x80005B60 (0x00302273) csrrs tp, fcsr, zero
CSR fcsr -> 0x00000000
x4 <- 0x00000000


mem[X,0x80005B64] -> 0xA027
mem[X,0x80005B66] -> 0x35F0
[5854] [M]: 0x80005B64 (0x35F0A027) fsw ft11, 832(ra)
mem[0x8000A354] <- 0xFFFF7E00


mem[X,0x80005B68] -> 0xA223
mem[X,0x80005B6A] -> 0x3440
[5855] [M]: 0x80005B68 (0x3440A223) sw tp, 836(ra)
mem[0x8000A358] <- 0x00000000


mem[X,0x80005B6C] -> 0x1137
mem[X,0x80005B6E] -> 0x0000
[5856] [M]: 0x80005B6C (0x00001137) lui sp, 1
x2 <- 0x00001000


mem[X,0x80005B70] -> 0x0113
mem[X,0x80005B72] -> 0x8001
[5857] [M]: 0x80005B70 (0x80010113) addi sp, sp, 2048
x2 <- 0x00000800


mem[X,0x80005B74] -> 0x81B3
mem[X,0x80005B76] -> 0x0021
[5858] [M]: 0x80005B74 (0x002181B3) add gp, gp, sp
x3 <- 0x80008810


mem[X,0x80005B78] -> 0xAF07
mem[X,0x80005B7A] -> 0x7481
[5859] [M]: 0x80005B78 (0x7481AF07) flw ft10, 1864(gp)
mem[R,0x80008F58] -> 0x00007C01
f30 <- 0xFFFFFFFF00007C01


mem[X,0x80005B7C] -> 0x81B3
mem[X,0x80005B7E] -> 0x4021
[5860] [M]: 0x80005B7C (0x402181B3) sub gp, gp, sp
x3 <- 0x80008010


mem[X,0x80005B80] -> 0x1137
mem[X,0x80005B82] -> 0x0000
[5861] [M]: 0x80005B80 (0x00001137) lui sp, 1
x2 <- 0x00001000


mem[X,0x80005B84] -> 0x0113
mem[X,0x80005B86] -> 0x8001
[5862] [M]: 0x80005B84 (0x80010113) addi sp, sp, 2048
x2 <- 0x00000800


mem[X,0x80005B88] -> 0x81B3
mem[X,0x80005B8A] -> 0x0021
[5863] [M]: 0x80005B88 (0x002181B3) add gp, gp, sp
x3 <- 0x80008810


mem[X,0x80005B8C] -> 0xAE87
mem[X,0x80005B8E] -> 0x74C1
[5864] [M]: 0x80005B8C (0x74C1AE87) flw ft9, 1868(gp)
mem[R,0x80008F5C] -> 0x00008400
f29 <- 0xFFFFFFFF00008400


mem[X,0x80005B90] -> 0x81B3
mem[X,0x80005B92] -> 0x4021
[5865] [M]: 0x80005B90 (0x402181B3) sub gp, gp, sp
x3 <- 0x80008010


mem[X,0x80005B94] -> 0x0113
mem[X,0x80005B96] -> 0x0000
[5866] [M]: 0x80005B94 (0x00000113) addi sp, zero, 0
x2 <- 0x00000000


mem[X,0x80005B98] -> 0x1073
mem[X,0x80005B9A] -> 0x0031
[5867] [M]: 0x80005B98 (0x00311073) csrrw zero, fcsr, sp
CSR fcsr -> 0x00000000
CSR fcsr <- 0x00000000 (input: 0x00000000)


mem[X,0x80005B9C] -> 0x7FD3
mem[X,0x80005B9E] -> 0x05DF
[5868] [M]: 0x80005B9C (0x05DF7FD3) fadd.h ft11, ft10, ft9, dyn
f31 <- 0xFFFFFFFFFFFF7E00


mem[X,0x80005BA0] -> 0x2273
mem[X,0x80005BA2] -> 0x0030
[5869] [M]: 0x80005BA0 (0x00302273) csrrs tp, fcsr, zero
CSR fcsr -> 0x00000000
x4 <- 0x00000000


mem[X,0x80005BA4] -> 0xA427
mem[X,0x80005BA6] -> 0x35F0
[5870] [M]: 0x80005BA4 (0x35F0A427) fsw ft11, 840(ra)
mem[0x8000A35C] <- 0xFFFF7E00


mem[X,0x80005BA8] -> 0xA623
mem[X,0x80005BAA] -> 0x3440
[5871] [M]: 0x80005BA8 (0x3440A623) sw tp, 844(ra)
mem[0x8000A360] <- 0x00000000


mem[X,0x80005BAC] -> 0x1137
mem[X,0x80005BAE] -> 0x0000
[5872] [M]: 0x80005BAC (0x00001137) lui sp, 1
x2 <- 0x00001000


mem[X,0x80005BB0] -> 0x0113
mem[X,0x80005BB2] -> 0x8001
[5873] [M]: 0x80005BB0 (0x80010113) addi sp, sp, 2048
x2 <- 0x00000800


mem[X,0x80005BB4] -> 0x81B3
mem[X,0x80005BB6] -> 0x0021
[5874] [M]: 0x80005BB4 (0x002181B3) add gp, gp, sp
x3 <- 0x80008810


mem[X,0x80005BB8] -> 0xAF07
mem[X,0x80005BBA] -> 0x7501
[5875] [M]: 0x80005BB8 (0x7501AF07) flw ft10, 1872(gp)
mem[R,0x80008F60] -> 0x00007C01
f30 <- 0xFFFFFFFF00007C01


mem[X,0x80005BBC] -> 0x81B3
mem[X,0x80005BBE] -> 0x4021
[5876] [M]: 0x80005BBC (0x402181B3) sub gp, gp, sp
x3 <- 0x80008010


mem[X,0x80005BC0] -> 0x1137
mem[X,0x80005BC2] -> 0x0000
[5877] [M]: 0x80005BC0 (0x00001137) lui sp, 1
x2 <- 0x00001000


mem[X,0x80005BC4] -> 0x0113
mem[X,0x80005BC6] -> 0x8001
[5878] [M]: 0x80005BC4 (0x80010113) addi sp, sp, 2048
x2 <- 0x00000800


mem[X,0x80005BC8] -> 0x81B3
mem[X,0x80005BCA] -> 0x0021
[5879] [M]: 0x80005BC8 (0x002181B3) add gp, gp, sp
x3 <- 0x80008810


mem[X,0x80005BCC] -> 0xAE87
mem[X,0x80005BCE] -> 0x7541
[5880] [M]: 0x80005BCC (0x7541AE87) flw ft9, 1876(gp)
mem[R,0x80008F64] -> 0x00000401
f29 <- 0xFFFFFFFF00000401


mem[X,0x80005BD0] -> 0x81B3
mem[X,0x80005BD2] -> 0x4021
[5881] [M]: 0x80005BD0 (0x402181B3) sub gp, gp, sp
x3 <- 0x80008010


mem[X,0x80005BD4] -> 0x0113
mem[X,0x80005BD6] -> 0x0000
[5882] [M]: 0x80005BD4 (0x00000113) addi sp, zero, 0
x2 <- 0x00000000


mem[X,0x80005BD8] -> 0x1073
mem[X,0x80005BDA] -> 0x0031
[5883] [M]: 0x80005BD8 (0x00311073) csrrw zero, fcsr, sp
CSR fcsr -> 0x00000000
CSR fcsr <- 0x00000000 (input: 0x00000000)


mem[X,0x80005BDC] -> 0x7FD3
mem[X,0x80005BDE] -> 0x05DF
[5884] [M]: 0x80005BDC (0x05DF7FD3) fadd.h ft11, ft10, ft9, dyn
f31 <- 0xFFFFFFFFFFFF7E00


mem[X,0x80005BE0] -> 0x2273
mem[X,0x80005BE2] -> 0x0030
[5885] [M]: 0x80005BE0 (0x00302273) csrrs tp, fcsr, zero
CSR fcsr -> 0x00000000
x4 <- 0x00000000


mem[X,0x80005BE4] -> 0xA827
mem[X,0x80005BE6] -> 0x35F0
[5886] [M]: 0x80005BE4 (0x35F0A827) fsw ft11, 848(ra)
mem[0x8000A364] <- 0xFFFF7E00


mem[X,0x80005BE8] -> 0xAA23
mem[X,0x80005BEA] -> 0x3440
[5887] [M]: 0x80005BE8 (0x3440AA23) sw tp, 852(ra)
mem[0x8000A368] <- 0x00000000


mem[X,0x80005BEC] -> 0x1137
mem[X,0x80005BEE] -> 0x0000
[5888] [M]: 0x80005BEC (0x00001137) lui sp, 1
x2 <- 0x00001000


mem[X,0x80005BF0] -> 0x0113
mem[X,0x80005BF2] -> 0x8001
[5889] [M]: 0x80005BF0 (0x80010113) addi sp, sp, 2048
x2 <- 0x00000800


mem[X,0x80005BF4] -> 0x81B3
mem[X,0x80005BF6] -> 0x0021
[5890] [M]: 0x80005BF4 (0x002181B3) add gp, gp, sp
x3 <- 0x80008810


mem[X,0x80005BF8] -> 0xAF07
mem[X,0x80005BFA] -> 0x7581
[5891] [M]: 0x80005BF8 (0x7581AF07) flw ft10, 1880(gp)
mem[R,0x80008F68] -> 0x00007C01
f30 <- 0xFFFFFFFF00007C01


mem[X,0x80005BFC] -> 0x81B3
mem[X,0x80005BFE] -> 0x4021
[5892] [M]: 0x80005BFC (0x402181B3) sub gp, gp, sp
x3 <- 0x80008010


mem[X,0x80005C00] -> 0x1137
mem[X,0x80005C02] -> 0x0000
[5893] [M]: 0x80005C00 (0x00001137) lui sp, 1
x2 <- 0x00001000


mem[X,0x80005C04] -> 0x0113
mem[X,0x80005C06] -> 0x8001
[5894] [M]: 0x80005C04 (0x80010113) addi sp, sp, 2048
x2 <- 0x00000800


mem[X,0x80005C08] -> 0x81B3
mem[X,0x80005C0A] -> 0x0021
[5895] [M]: 0x80005C08 (0x002181B3) add gp, gp, sp
x3 <- 0x80008810


mem[X,0x80005C0C] -> 0xAE87
mem[X,0x80005C0E] -> 0x75C1
[5896] [M]: 0x80005C0C (0x75C1AE87) flw ft9, 1884(gp)
mem[R,0x80008F6C] -> 0x00008455
f29 <- 0xFFFFFFFF00008455


mem[X,0x80005C10] -> 0x81B3
mem[X,0x80005C12] -> 0x4021
[5897] [M]: 0x80005C10 (0x402181B3) sub gp, gp, sp
x3 <- 0x80008010


mem[X,0x80005C14] -> 0x0113
mem[X,0x80005C16] -> 0x0000
[5898] [M]: 0x80005C14 (0x00000113) addi sp, zero, 0
x2 <- 0x00000000


mem[X,0x80005C18] -> 0x1073
mem[X,0x80005C1A] -> 0x0031
[5899] [M]: 0x80005C18 (0x00311073) csrrw zero, fcsr, sp
CSR fcsr -> 0x00000000
CSR fcsr <- 0x00000000 (input: 0x00000000)


clint::tick mtime <- 0x000000000000003B
 clint timer pending at mtime 0x000000000000003B
htif::tick 0x0000000000000000
mem[X,0x80005C1C] -> 0x7FD3
mem[X,0x80005C1E] -> 0x05DF
[5900] [M]: 0x80005C1C (0x05DF7FD3) fadd.h ft11, ft10, ft9, dyn
f31 <- 0xFFFFFFFFFFFF7E00


mem[X,0x80005C20] -> 0x2273
mem[X,0x80005C22] -> 0x0030
[5901] [M]: 0x80005C20 (0x00302273) csrrs tp, fcsr, zero
CSR fcsr -> 0x00000000
x4 <- 0x00000000


mem[X,0x80005C24] -> 0xAC27
mem[X,0x80005C26] -> 0x35F0
[5902] [M]: 0x80005C24 (0x35F0AC27) fsw ft11, 856(ra)
mem[0x8000A36C] <- 0xFFFF7E00


mem[X,0x80005C28] -> 0xAE23
mem[X,0x80005C2A] -> 0x3440
[5903] [M]: 0x80005C28 (0x3440AE23) sw tp, 860(ra)
mem[0x8000A370] <- 0x00000000


mem[X,0x80005C2C] -> 0x1137
mem[X,0x80005C2E] -> 0x0000
[5904] [M]: 0x80005C2C (0x00001137) lui sp, 1
x2 <- 0x00001000


mem[X,0x80005C30] -> 0x0113
mem[X,0x80005C32] -> 0x8001
[5905] [M]: 0x80005C30 (0x80010113) addi sp, sp, 2048
x2 <- 0x00000800


mem[X,0x80005C34] -> 0x81B3
mem[X,0x80005C36] -> 0x0021
[5906] [M]: 0x80005C34 (0x002181B3) add gp, gp, sp
x3 <- 0x80008810


mem[X,0x80005C38] -> 0xAF07
mem[X,0x80005C3A] -> 0x7601
[5907] [M]: 0x80005C38 (0x7601AF07) flw ft10, 1888(gp)
mem[R,0x80008F70] -> 0x00007C01
f30 <- 0xFFFFFFFF00007C01


mem[X,0x80005C3C] -> 0x81B3
mem[X,0x80005C3E] -> 0x4021
[5908] [M]: 0x80005C3C (0x402181B3) sub gp, gp, sp
x3 <- 0x80008010


mem[X,0x80005C40] -> 0x1137
mem[X,0x80005C42] -> 0x0000
[5909] [M]: 0x80005C40 (0x00001137) lui sp, 1
x2 <- 0x00001000


mem[X,0x80005C44] -> 0x0113
mem[X,0x80005C46] -> 0x8001
[5910] [M]: 0x80005C44 (0x80010113) addi sp, sp, 2048
x2 <- 0x00000800


mem[X,0x80005C48] -> 0x81B3
mem[X,0x80005C4A] -> 0x0021
[5911] [M]: 0x80005C48 (0x002181B3) add gp, gp, sp
x3 <- 0x80008810


mem[X,0x80005C4C] -> 0xAE87
mem[X,0x80005C4E] -> 0x7641
[5912] [M]: 0x80005C4C (0x7641AE87) flw ft9, 1892(gp)
mem[R,0x80008F74] -> 0x00007BFF
f29 <- 0xFFFFFFFF00007BFF


mem[X,0x80005C50] -> 0x81B3
mem[X,0x80005C52] -> 0x4021
[5913] [M]: 0x80005C50 (0x402181B3) sub gp, gp, sp
x3 <- 0x80008010


mem[X,0x80005C54] -> 0x0113
mem[X,0x80005C56] -> 0x0000
[5914] [M]: 0x80005C54 (0x00000113) addi sp, zero, 0
x2 <- 0x00000000


mem[X,0x80005C58] -> 0x1073
mem[X,0x80005C5A] -> 0x0031
[5915] [M]: 0x80005C58 (0x00311073) csrrw zero, fcsr, sp
CSR fcsr -> 0x00000000
CSR fcsr <- 0x00000000 (input: 0x00000000)


mem[X,0x80005C5C] -> 0x7FD3
mem[X,0x80005C5E] -> 0x05DF
[5916] [M]: 0x80005C5C (0x05DF7FD3) fadd.h ft11, ft10, ft9, dyn
f31 <- 0xFFFFFFFFFFFF7E00


mem[X,0x80005C60] -> 0x2273
mem[X,0x80005C62] -> 0x0030
[5917] [M]: 0x80005C60 (0x00302273) csrrs tp, fcsr, zero
CSR fcsr -> 0x00000000
x4 <- 0x00000000


mem[X,0x80005C64] -> 0xA027
mem[X,0x80005C66] -> 0x37F0
[5918] [M]: 0x80005C64 (0x37F0A027) fsw ft11, 864(ra)
mem[0x8000A374] <- 0xFFFF7E00


mem[X,0x80005C68] -> 0xA223
mem[X,0x80005C6A] -> 0x3640
[5919] [M]: 0x80005C68 (0x3640A223) sw tp, 868(ra)
mem[0x8000A378] <- 0x00000000


mem[X,0x80005C6C] -> 0x1137
mem[X,0x80005C6E] -> 0x0000
[5920] [M]: 0x80005C6C (0x00001137) lui sp, 1
x2 <- 0x00001000


mem[X,0x80005C70] -> 0x0113
mem[X,0x80005C72] -> 0x8001
[5921] [M]: 0x80005C70 (0x80010113) addi sp, sp, 2048
x2 <- 0x00000800


mem[X,0x80005C74] -> 0x81B3
mem[X,0x80005C76] -> 0x0021
[5922] [M]: 0x80005C74 (0x002181B3) add gp, gp, sp
x3 <- 0x80008810


mem[X,0x80005C78] -> 0xAF07
mem[X,0x80005C7A] -> 0x7681
[5923] [M]: 0x80005C78 (0x7681AF07) flw ft10, 1896(gp)
mem[R,0x80008F78] -> 0x00007C01
f30 <- 0xFFFFFFFF00007C01


mem[X,0x80005C7C] -> 0x81B3
mem[X,0x80005C7E] -> 0x4021
[5924] [M]: 0x80005C7C (0x402181B3) sub gp, gp, sp
x3 <- 0x80008010


mem[X,0x80005C80] -> 0x1137
mem[X,0x80005C82] -> 0x0000
[5925] [M]: 0x80005C80 (0x00001137) lui sp, 1
x2 <- 0x00001000


mem[X,0x80005C84] -> 0x0113
mem[X,0x80005C86] -> 0x8001
[5926] [M]: 0x80005C84 (0x80010113) addi sp, sp, 2048
x2 <- 0x00000800


mem[X,0x80005C88] -> 0x81B3
mem[X,0x80005C8A] -> 0x0021
[5927] [M]: 0x80005C88 (0x002181B3) add gp, gp, sp
x3 <- 0x80008810


mem[X,0x80005C8C] -> 0xAE87
mem[X,0x80005C8E] -> 0x76C1
[5928] [M]: 0x80005C8C (0x76C1AE87) flw ft9, 1900(gp)
mem[R,0x80008F7C] -> 0x0000FBFF
f29 <- 0xFFFFFFFF0000FBFF


mem[X,0x80005C90] -> 0x81B3
mem[X,0x80005C92] -> 0x4021
[5929] [M]: 0x80005C90 (0x402181B3) sub gp, gp, sp
x3 <- 0x80008010


mem[X,0x80005C94] -> 0x0113
mem[X,0x80005C96] -> 0x0000
[5930] [M]: 0x80005C94 (0x00000113) addi sp, zero, 0
x2 <- 0x00000000


mem[X,0x80005C98] -> 0x1073
mem[X,0x80005C9A] -> 0x0031
[5931] [M]: 0x80005C98 (0x00311073) csrrw zero, fcsr, sp
CSR fcsr -> 0x00000000
CSR fcsr <- 0x00000000 (input: 0x00000000)


mem[X,0x80005C9C] -> 0x7FD3
mem[X,0x80005C9E] -> 0x05DF
[5932] [M]: 0x80005C9C (0x05DF7FD3) fadd.h ft11, ft10, ft9, dyn
f31 <- 0xFFFFFFFFFFFF7E00


mem[X,0x80005CA0] -> 0x2273
mem[X,0x80005CA2] -> 0x0030
[5933] [M]: 0x80005CA0 (0x00302273) csrrs tp, fcsr, zero
CSR fcsr -> 0x00000000
x4 <- 0x00000000


mem[X,0x80005CA4] -> 0xA427
mem[X,0x80005CA6] -> 0x37F0
[5934] [M]: 0x80005CA4 (0x37F0A427) fsw ft11, 872(ra)
mem[0x8000A37C] <- 0xFFFF7E00


mem[X,0x80005CA8] -> 0xA623
mem[X,0x80005CAA] -> 0x3640
[5935] [M]: 0x80005CA8 (0x3640A623) sw tp, 876(ra)
mem[0x8000A380] <- 0x00000000


mem[X,0x80005CAC] -> 0x1137
mem[X,0x80005CAE] -> 0x0000
[5936] [M]: 0x80005CAC (0x00001137) lui sp, 1
x2 <- 0x00001000


mem[X,0x80005CB0] -> 0x0113
mem[X,0x80005CB2] -> 0x8001
[5937] [M]: 0x80005CB0 (0x80010113) addi sp, sp, 2048
x2 <- 0x00000800


mem[X,0x80005CB4] -> 0x81B3
mem[X,0x80005CB6] -> 0x0021
[5938] [M]: 0x80005CB4 (0x002181B3) add gp, gp, sp
x3 <- 0x80008810


mem[X,0x80005CB8] -> 0xAF07
mem[X,0x80005CBA] -> 0x7701
[5939] [M]: 0x80005CB8 (0x7701AF07) flw ft10, 1904(gp)
mem[R,0x80008F80] -> 0x00007C01
f30 <- 0xFFFFFFFF00007C01


mem[X,0x80005CBC] -> 0x81B3
mem[X,0x80005CBE] -> 0x4021
[5940] [M]: 0x80005CBC (0x402181B3) sub gp, gp, sp
x3 <- 0x80008010


mem[X,0x80005CC0] -> 0x1137
mem[X,0x80005CC2] -> 0x0000
[5941] [M]: 0x80005CC0 (0x00001137) lui sp, 1
x2 <- 0x00001000


mem[X,0x80005CC4] -> 0x0113
mem[X,0x80005CC6] -> 0x8001
[5942] [M]: 0x80005CC4 (0x80010113) addi sp, sp, 2048
x2 <- 0x00000800


mem[X,0x80005CC8] -> 0x81B3
mem[X,0x80005CCA] -> 0x0021
[5943] [M]: 0x80005CC8 (0x002181B3) add gp, gp, sp
x3 <- 0x80008810


mem[X,0x80005CCC] -> 0xAE87
mem[X,0x80005CCE] -> 0x7741
[5944] [M]: 0x80005CCC (0x7741AE87) flw ft9, 1908(gp)
mem[R,0x80008F84] -> 0x00007C00
f29 <- 0xFFFFFFFF00007C00


mem[X,0x80005CD0] -> 0x81B3
mem[X,0x80005CD2] -> 0x4021
[5945] [M]: 0x80005CD0 (0x402181B3) sub gp, gp, sp
x3 <- 0x80008010


mem[X,0x80005CD4] -> 0x0113
mem[X,0x80005CD6] -> 0x0000
[5946] [M]: 0x80005CD4 (0x00000113) addi sp, zero, 0
x2 <- 0x00000000


mem[X,0x80005CD8] -> 0x1073
mem[X,0x80005CDA] -> 0x0031
[5947] [M]: 0x80005CD8 (0x00311073) csrrw zero, fcsr, sp
CSR fcsr -> 0x00000000
CSR fcsr <- 0x00000000 (input: 0x00000000)


mem[X,0x80005CDC] -> 0x7FD3
mem[X,0x80005CDE] -> 0x05DF
[5948] [M]: 0x80005CDC (0x05DF7FD3) fadd.h ft11, ft10, ft9, dyn
f31 <- 0xFFFFFFFFFFFF7E00


mem[X,0x80005CE0] -> 0x2273
mem[X,0x80005CE2] -> 0x0030
[5949] [M]: 0x80005CE0 (0x00302273) csrrs tp, fcsr, zero
CSR fcsr -> 0x00000000
x4 <- 0x00000000


mem[X,0x80005CE4] -> 0xA827
mem[X,0x80005CE6] -> 0x37F0
[5950] [M]: 0x80005CE4 (0x37F0A827) fsw ft11, 880(ra)
mem[0x8000A384] <- 0xFFFF7E00


mem[X,0x80005CE8] -> 0xAA23
mem[X,0x80005CEA] -> 0x3640
[5951] [M]: 0x80005CE8 (0x3640AA23) sw tp, 884(ra)
mem[0x8000A388] <- 0x00000000


mem[X,0x80005CEC] -> 0x1137
mem[X,0x80005CEE] -> 0x0000
[5952] [M]: 0x80005CEC (0x00001137) lui sp, 1
x2 <- 0x00001000


mem[X,0x80005CF0] -> 0x0113
mem[X,0x80005CF2] -> 0x8001
[5953] [M]: 0x80005CF0 (0x80010113) addi sp, sp, 2048
x2 <- 0x00000800


mem[X,0x80005CF4] -> 0x81B3
mem[X,0x80005CF6] -> 0x0021
[5954] [M]: 0x80005CF4 (0x002181B3) add gp, gp, sp
x3 <- 0x80008810


mem[X,0x80005CF8] -> 0xAF07
mem[X,0x80005CFA] -> 0x7781
[5955] [M]: 0x80005CF8 (0x7781AF07) flw ft10, 1912(gp)
mem[R,0x80008F88] -> 0x00007C01
f30 <- 0xFFFFFFFF00007C01


mem[X,0x80005CFC] -> 0x81B3
mem[X,0x80005CFE] -> 0x4021
[5956] [M]: 0x80005CFC (0x402181B3) sub gp, gp, sp
x3 <- 0x80008010


mem[X,0x80005D00] -> 0x1137
mem[X,0x80005D02] -> 0x0000
[5957] [M]: 0x80005D00 (0x00001137) lui sp, 1
x2 <- 0x00001000


mem[X,0x80005D04] -> 0x0113
mem[X,0x80005D06] -> 0x8001
[5958] [M]: 0x80005D04 (0x80010113) addi sp, sp, 2048
x2 <- 0x00000800


mem[X,0x80005D08] -> 0x81B3
mem[X,0x80005D0A] -> 0x0021
[5959] [M]: 0x80005D08 (0x002181B3) add gp, gp, sp
x3 <- 0x80008810


mem[X,0x80005D0C] -> 0xAE87
mem[X,0x80005D0E] -> 0x77C1
[5960] [M]: 0x80005D0C (0x77C1AE87) flw ft9, 1916(gp)
mem[R,0x80008F8C] -> 0x0000FC00
f29 <- 0xFFFFFFFF0000FC00


mem[X,0x80005D10] -> 0x81B3
mem[X,0x80005D12] -> 0x4021
[5961] [M]: 0x80005D10 (0x402181B3) sub gp, gp, sp
x3 <- 0x80008010


mem[X,0x80005D14] -> 0x0113
mem[X,0x80005D16] -> 0x0000
[5962] [M]: 0x80005D14 (0x00000113) addi sp, zero, 0
x2 <- 0x00000000


mem[X,0x80005D18] -> 0x1073
mem[X,0x80005D1A] -> 0x0031
[5963] [M]: 0x80005D18 (0x00311073) csrrw zero, fcsr, sp
CSR fcsr -> 0x00000000
CSR fcsr <- 0x00000000 (input: 0x00000000)


mem[X,0x80005D1C] -> 0x7FD3
mem[X,0x80005D1E] -> 0x05DF
[5964] [M]: 0x80005D1C (0x05DF7FD3) fadd.h ft11, ft10, ft9, dyn
f31 <- 0xFFFFFFFFFFFF7E00


mem[X,0x80005D20] -> 0x2273
mem[X,0x80005D22] -> 0x0030
[5965] [M]: 0x80005D20 (0x00302273) csrrs tp, fcsr, zero
CSR fcsr -> 0x00000000
x4 <- 0x00000000


mem[X,0x80005D24] -> 0xAC27
mem[X,0x80005D26] -> 0x37F0
[5966] [M]: 0x80005D24 (0x37F0AC27) fsw ft11, 888(ra)
mem[0x8000A38C] <- 0xFFFF7E00


mem[X,0x80005D28] -> 0xAE23
mem[X,0x80005D2A] -> 0x3640
[5967] [M]: 0x80005D28 (0x3640AE23) sw tp, 892(ra)
mem[0x8000A390] <- 0x00000000


mem[X,0x80005D2C] -> 0x1137
mem[X,0x80005D2E] -> 0x0000
[5968] [M]: 0x80005D2C (0x00001137) lui sp, 1
x2 <- 0x00001000


mem[X,0x80005D30] -> 0x0113
mem[X,0x80005D32] -> 0x8001
[5969] [M]: 0x80005D30 (0x80010113) addi sp, sp, 2048
x2 <- 0x00000800


mem[X,0x80005D34] -> 0x81B3
mem[X,0x80005D36] -> 0x0021
[5970] [M]: 0x80005D34 (0x002181B3) add gp, gp, sp
x3 <- 0x80008810


mem[X,0x80005D38] -> 0xAF07
mem[X,0x80005D3A] -> 0x7801
[5971] [M]: 0x80005D38 (0x7801AF07) flw ft10, 1920(gp)
mem[R,0x80008F90] -> 0x00007C01
f30 <- 0xFFFFFFFF00007C01


mem[X,0x80005D3C] -> 0x81B3
mem[X,0x80005D3E] -> 0x4021
[5972] [M]: 0x80005D3C (0x402181B3) sub gp, gp, sp
x3 <- 0x80008010


mem[X,0x80005D40] -> 0x1137
mem[X,0x80005D42] -> 0x0000
[5973] [M]: 0x80005D40 (0x00001137) lui sp, 1
x2 <- 0x00001000


mem[X,0x80005D44] -> 0x0113
mem[X,0x80005D46] -> 0x8001
[5974] [M]: 0x80005D44 (0x80010113) addi sp, sp, 2048
x2 <- 0x00000800


mem[X,0x80005D48] -> 0x81B3
mem[X,0x80005D4A] -> 0x0021
[5975] [M]: 0x80005D48 (0x002181B3) add gp, gp, sp
x3 <- 0x80008810


mem[X,0x80005D4C] -> 0xAE87
mem[X,0x80005D4E] -> 0x7841
[5976] [M]: 0x80005D4C (0x7841AE87) flw ft9, 1924(gp)
mem[R,0x80008F94] -> 0x00007E00
f29 <- 0xFFFFFFFF00007E00


mem[X,0x80005D50] -> 0x81B3
mem[X,0x80005D52] -> 0x4021
[5977] [M]: 0x80005D50 (0x402181B3) sub gp, gp, sp
x3 <- 0x80008010


mem[X,0x80005D54] -> 0x0113
mem[X,0x80005D56] -> 0x0000
[5978] [M]: 0x80005D54 (0x00000113) addi sp, zero, 0
x2 <- 0x00000000


mem[X,0x80005D58] -> 0x1073
mem[X,0x80005D5A] -> 0x0031
[5979] [M]: 0x80005D58 (0x00311073) csrrw zero, fcsr, sp
CSR fcsr -> 0x00000000
CSR fcsr <- 0x00000000 (input: 0x00000000)


mem[X,0x80005D5C] -> 0x7FD3
mem[X,0x80005D5E] -> 0x05DF
[5980] [M]: 0x80005D5C (0x05DF7FD3) fadd.h ft11, ft10, ft9, dyn
f31 <- 0xFFFFFFFFFFFF7E00


mem[X,0x80005D60] -> 0x2273
mem[X,0x80005D62] -> 0x0030
[5981] [M]: 0x80005D60 (0x00302273) csrrs tp, fcsr, zero
CSR fcsr -> 0x00000000
x4 <- 0x00000000


mem[X,0x80005D64] -> 0xA027
mem[X,0x80005D66] -> 0x39F0
[5982] [M]: 0x80005D64 (0x39F0A027) fsw ft11, 896(ra)
mem[0x8000A394] <- 0xFFFF7E00


mem[X,0x80005D68] -> 0xA223
mem[X,0x80005D6A] -> 0x3840
[5983] [M]: 0x80005D68 (0x3840A223) sw tp, 900(ra)
mem[0x8000A398] <- 0x00000000


mem[X,0x80005D6C] -> 0x1137
mem[X,0x80005D6E] -> 0x0000
[5984] [M]: 0x80005D6C (0x00001137) lui sp, 1
x2 <- 0x00001000


mem[X,0x80005D70] -> 0x0113
mem[X,0x80005D72] -> 0x8001
[5985] [M]: 0x80005D70 (0x80010113) addi sp, sp, 2048
x2 <- 0x00000800


mem[X,0x80005D74] -> 0x81B3
mem[X,0x80005D76] -> 0x0021
[5986] [M]: 0x80005D74 (0x002181B3) add gp, gp, sp
x3 <- 0x80008810


mem[X,0x80005D78] -> 0xAF07
mem[X,0x80005D7A] -> 0x7881
[5987] [M]: 0x80005D78 (0x7881AF07) flw ft10, 1928(gp)
mem[R,0x80008F98] -> 0x00007C01
f30 <- 0xFFFFFFFF00007C01


mem[X,0x80005D7C] -> 0x81B3
mem[X,0x80005D7E] -> 0x4021
[5988] [M]: 0x80005D7C (0x402181B3) sub gp, gp, sp
x3 <- 0x80008010


mem[X,0x80005D80] -> 0x1137
mem[X,0x80005D82] -> 0x0000
[5989] [M]: 0x80005D80 (0x00001137) lui sp, 1
x2 <- 0x00001000


mem[X,0x80005D84] -> 0x0113
mem[X,0x80005D86] -> 0x8001
[5990] [M]: 0x80005D84 (0x80010113) addi sp, sp, 2048
x2 <- 0x00000800


mem[X,0x80005D88] -> 0x81B3
mem[X,0x80005D8A] -> 0x0021
[5991] [M]: 0x80005D88 (0x002181B3) add gp, gp, sp
x3 <- 0x80008810


mem[X,0x80005D8C] -> 0xAE87
mem[X,0x80005D8E] -> 0x78C1
[5992] [M]: 0x80005D8C (0x78C1AE87) flw ft9, 1932(gp)
mem[R,0x80008F9C] -> 0x0000FE00
f29 <- 0xFFFFFFFF0000FE00


mem[X,0x80005D90] -> 0x81B3
mem[X,0x80005D92] -> 0x4021
[5993] [M]: 0x80005D90 (0x402181B3) sub gp, gp, sp
x3 <- 0x80008010


mem[X,0x80005D94] -> 0x0113
mem[X,0x80005D96] -> 0x0000
[5994] [M]: 0x80005D94 (0x00000113) addi sp, zero, 0
x2 <- 0x00000000


mem[X,0x80005D98] -> 0x1073
mem[X,0x80005D9A] -> 0x0031
[5995] [M]: 0x80005D98 (0x00311073) csrrw zero, fcsr, sp
CSR fcsr -> 0x00000000
CSR fcsr <- 0x00000000 (input: 0x00000000)


mem[X,0x80005D9C] -> 0x7FD3
mem[X,0x80005D9E] -> 0x05DF
[5996] [M]: 0x80005D9C (0x05DF7FD3) fadd.h ft11, ft10, ft9, dyn
f31 <- 0xFFFFFFFFFFFF7E00


mem[X,0x80005DA0] -> 0x2273
mem[X,0x80005DA2] -> 0x0030
[5997] [M]: 0x80005DA0 (0x00302273) csrrs tp, fcsr, zero
CSR fcsr -> 0x00000000
x4 <- 0x00000000


mem[X,0x80005DA4] -> 0xA427
mem[X,0x80005DA6] -> 0x39F0
[5998] [M]: 0x80005DA4 (0x39F0A427) fsw ft11, 904(ra)
mem[0x8000A39C] <- 0xFFFF7E00


mem[X,0x80005DA8] -> 0xA623
mem[X,0x80005DAA] -> 0x3840
[5999] [M]: 0x80005DA8 (0x3840A623) sw tp, 908(ra)
mem[0x8000A3A0] <- 0x00000000


clint::tick mtime <- 0x000000000000003C
 clint timer pending at mtime 0x000000000000003C
htif::tick 0x0000000000000000
mem[X,0x80005DAC] -> 0x1137
mem[X,0x80005DAE] -> 0x0000
[6000] [M]: 0x80005DAC (0x00001137) lui sp, 1
x2 <- 0x00001000


mem[X,0x80005DB0] -> 0x0113
mem[X,0x80005DB2] -> 0x8001
[6001] [M]: 0x80005DB0 (0x80010113) addi sp, sp, 2048
x2 <- 0x00000800


mem[X,0x80005DB4] -> 0x81B3
mem[X,0x80005DB6] -> 0x0021
[6002] [M]: 0x80005DB4 (0x002181B3) add gp, gp, sp
x3 <- 0x80008810


mem[X,0x80005DB8] -> 0xAF07
mem[X,0x80005DBA] -> 0x7901
[6003] [M]: 0x80005DB8 (0x7901AF07) flw ft10, 1936(gp)
mem[R,0x80008FA0] -> 0x00007C01
f30 <- 0xFFFFFFFF00007C01


mem[X,0x80005DBC] -> 0x81B3
mem[X,0x80005DBE] -> 0x4021
[6004] [M]: 0x80005DBC (0x402181B3) sub gp, gp, sp
x3 <- 0x80008010


mem[X,0x80005DC0] -> 0x1137
mem[X,0x80005DC2] -> 0x0000
[6005] [M]: 0x80005DC0 (0x00001137) lui sp, 1
x2 <- 0x00001000


mem[X,0x80005DC4] -> 0x0113
mem[X,0x80005DC6] -> 0x8001
[6006] [M]: 0x80005DC4 (0x80010113) addi sp, sp, 2048
x2 <- 0x00000800


mem[X,0x80005DC8] -> 0x81B3
mem[X,0x80005DCA] -> 0x0021
[6007] [M]: 0x80005DC8 (0x002181B3) add gp, gp, sp
x3 <- 0x80008810


mem[X,0x80005DCC] -> 0xAE87
mem[X,0x80005DCE] -> 0x7941
[6008] [M]: 0x80005DCC (0x7941AE87) flw ft9, 1940(gp)
mem[R,0x80008FA4] -> 0x00007E01
f29 <- 0xFFFFFFFF00007E01


mem[X,0x80005DD0] -> 0x81B3
mem[X,0x80005DD2] -> 0x4021
[6009] [M]: 0x80005DD0 (0x402181B3) sub gp, gp, sp
x3 <- 0x80008010


mem[X,0x80005DD4] -> 0x0113
mem[X,0x80005DD6] -> 0x0000
[6010] [M]: 0x80005DD4 (0x00000113) addi sp, zero, 0
x2 <- 0x00000000


mem[X,0x80005DD8] -> 0x1073
mem[X,0x80005DDA] -> 0x0031
[6011] [M]: 0x80005DD8 (0x00311073) csrrw zero, fcsr, sp
CSR fcsr -> 0x00000000
CSR fcsr <- 0x00000000 (input: 0x00000000)


mem[X,0x80005DDC] -> 0x7FD3
mem[X,0x80005DDE] -> 0x05DF
[6012] [M]: 0x80005DDC (0x05DF7FD3) fadd.h ft11, ft10, ft9, dyn
f31 <- 0xFFFFFFFFFFFF7E00


mem[X,0x80005DE0] -> 0x2273
mem[X,0x80005DE2] -> 0x0030
[6013] [M]: 0x80005DE0 (0x00302273) csrrs tp, fcsr, zero
CSR fcsr -> 0x00000000
x4 <- 0x00000000


mem[X,0x80005DE4] -> 0xA827
mem[X,0x80005DE6] -> 0x39F0
[6014] [M]: 0x80005DE4 (0x39F0A827) fsw ft11, 912(ra)
mem[0x8000A3A4] <- 0xFFFF7E00


mem[X,0x80005DE8] -> 0xAA23
mem[X,0x80005DEA] -> 0x3840
[6015] [M]: 0x80005DE8 (0x3840AA23) sw tp, 916(ra)
mem[0x8000A3A8] <- 0x00000000


mem[X,0x80005DEC] -> 0x1137
mem[X,0x80005DEE] -> 0x0000
[6016] [M]: 0x80005DEC (0x00001137) lui sp, 1
x2 <- 0x00001000


mem[X,0x80005DF0] -> 0x0113
mem[X,0x80005DF2] -> 0x8001
[6017] [M]: 0x80005DF0 (0x80010113) addi sp, sp, 2048
x2 <- 0x00000800


mem[X,0x80005DF4] -> 0x81B3
mem[X,0x80005DF6] -> 0x0021
[6018] [M]: 0x80005DF4 (0x002181B3) add gp, gp, sp
x3 <- 0x80008810


mem[X,0x80005DF8] -> 0xAF07
mem[X,0x80005DFA] -> 0x7981
[6019] [M]: 0x80005DF8 (0x7981AF07) flw ft10, 1944(gp)
mem[R,0x80008FA8] -> 0x00007C01
f30 <- 0xFFFFFFFF00007C01


mem[X,0x80005DFC] -> 0x81B3
mem[X,0x80005DFE] -> 0x4021
[6020] [M]: 0x80005DFC (0x402181B3) sub gp, gp, sp
x3 <- 0x80008010


mem[X,0x80005E00] -> 0x1137
mem[X,0x80005E02] -> 0x0000
[6021] [M]: 0x80005E00 (0x00001137) lui sp, 1
x2 <- 0x00001000


mem[X,0x80005E04] -> 0x0113
mem[X,0x80005E06] -> 0x8001
[6022] [M]: 0x80005E04 (0x80010113) addi sp, sp, 2048
x2 <- 0x00000800


mem[X,0x80005E08] -> 0x81B3
mem[X,0x80005E0A] -> 0x0021
[6023] [M]: 0x80005E08 (0x002181B3) add gp, gp, sp
x3 <- 0x80008810


mem[X,0x80005E0C] -> 0xAE87
mem[X,0x80005E0E] -> 0x79C1
[6024] [M]: 0x80005E0C (0x79C1AE87) flw ft9, 1948(gp)
mem[R,0x80008FAC] -> 0x0000FE55
f29 <- 0xFFFFFFFF0000FE55


mem[X,0x80005E10] -> 0x81B3
mem[X,0x80005E12] -> 0x4021
[6025] [M]: 0x80005E10 (0x402181B3) sub gp, gp, sp
x3 <- 0x80008010


mem[X,0x80005E14] -> 0x0113
mem[X,0x80005E16] -> 0x0000
[6026] [M]: 0x80005E14 (0x00000113) addi sp, zero, 0
x2 <- 0x00000000


mem[X,0x80005E18] -> 0x1073
mem[X,0x80005E1A] -> 0x0031
[6027] [M]: 0x80005E18 (0x00311073) csrrw zero, fcsr, sp
CSR fcsr -> 0x00000000
CSR fcsr <- 0x00000000 (input: 0x00000000)


mem[X,0x80005E1C] -> 0x7FD3
mem[X,0x80005E1E] -> 0x05DF
[6028] [M]: 0x80005E1C (0x05DF7FD3) fadd.h ft11, ft10, ft9, dyn
f31 <- 0xFFFFFFFFFFFF7E00


mem[X,0x80005E20] -> 0x2273
mem[X,0x80005E22] -> 0x0030
[6029] [M]: 0x80005E20 (0x00302273) csrrs tp, fcsr, zero
CSR fcsr -> 0x00000000
x4 <- 0x00000000


mem[X,0x80005E24] -> 0xAC27
mem[X,0x80005E26] -> 0x39F0
[6030] [M]: 0x80005E24 (0x39F0AC27) fsw ft11, 920(ra)
mem[0x8000A3AC] <- 0xFFFF7E00


mem[X,0x80005E28] -> 0xAE23
mem[X,0x80005E2A] -> 0x3840
[6031] [M]: 0x80005E28 (0x3840AE23) sw tp, 924(ra)
mem[0x8000A3B0] <- 0x00000000


mem[X,0x80005E2C] -> 0x1137
mem[X,0x80005E2E] -> 0x0000
[6032] [M]: 0x80005E2C (0x00001137) lui sp, 1
x2 <- 0x00001000


mem[X,0x80005E30] -> 0x0113
mem[X,0x80005E32] -> 0x8001
[6033] [M]: 0x80005E30 (0x80010113) addi sp, sp, 2048
x2 <- 0x00000800


mem[X,0x80005E34] -> 0x81B3
mem[X,0x80005E36] -> 0x0021
[6034] [M]: 0x80005E34 (0x002181B3) add gp, gp, sp
x3 <- 0x80008810


mem[X,0x80005E38] -> 0xAF07
mem[X,0x80005E3A] -> 0x7A01
[6035] [M]: 0x80005E38 (0x7A01AF07) flw ft10, 1952(gp)
mem[R,0x80008FB0] -> 0x00007C01
f30 <- 0xFFFFFFFF00007C01


mem[X,0x80005E3C] -> 0x81B3
mem[X,0x80005E3E] -> 0x4021
[6036] [M]: 0x80005E3C (0x402181B3) sub gp, gp, sp
x3 <- 0x80008010


mem[X,0x80005E40] -> 0x1137
mem[X,0x80005E42] -> 0x0000
[6037] [M]: 0x80005E40 (0x00001137) lui sp, 1
x2 <- 0x00001000


mem[X,0x80005E44] -> 0x0113
mem[X,0x80005E46] -> 0x8001
[6038] [M]: 0x80005E44 (0x80010113) addi sp, sp, 2048
x2 <- 0x00000800


mem[X,0x80005E48] -> 0x81B3
mem[X,0x80005E4A] -> 0x0021
[6039] [M]: 0x80005E48 (0x002181B3) add gp, gp, sp
x3 <- 0x80008810


mem[X,0x80005E4C] -> 0xAE87
mem[X,0x80005E4E] -> 0x7A41
[6040] [M]: 0x80005E4C (0x7A41AE87) flw ft9, 1956(gp)
mem[R,0x80008FB4] -> 0x00007C01
f29 <- 0xFFFFFFFF00007C01


mem[X,0x80005E50] -> 0x81B3
mem[X,0x80005E52] -> 0x4021
[6041] [M]: 0x80005E50 (0x402181B3) sub gp, gp, sp
x3 <- 0x80008010


mem[X,0x80005E54] -> 0x0113
mem[X,0x80005E56] -> 0x0000
[6042] [M]: 0x80005E54 (0x00000113) addi sp, zero, 0
x2 <- 0x00000000


mem[X,0x80005E58] -> 0x1073
mem[X,0x80005E5A] -> 0x0031
[6043] [M]: 0x80005E58 (0x00311073) csrrw zero, fcsr, sp
CSR fcsr -> 0x00000000
CSR fcsr <- 0x00000000 (input: 0x00000000)


mem[X,0x80005E5C] -> 0x7FD3
mem[X,0x80005E5E] -> 0x05DF
[6044] [M]: 0x80005E5C (0x05DF7FD3) fadd.h ft11, ft10, ft9, dyn
f31 <- 0xFFFFFFFFFFFF7E00


mem[X,0x80005E60] -> 0x2273
mem[X,0x80005E62] -> 0x0030
[6045] [M]: 0x80005E60 (0x00302273) csrrs tp, fcsr, zero
CSR fcsr -> 0x00000000
x4 <- 0x00000000


mem[X,0x80005E64] -> 0xA027
mem[X,0x80005E66] -> 0x3BF0
[6046] [M]: 0x80005E64 (0x3BF0A027) fsw ft11, 928(ra)
mem[0x8000A3B4] <- 0xFFFF7E00


mem[X,0x80005E68] -> 0xA223
mem[X,0x80005E6A] -> 0x3A40
[6047] [M]: 0x80005E68 (0x3A40A223) sw tp, 932(ra)
mem[0x8000A3B8] <- 0x00000000


mem[X,0x80005E6C] -> 0x1137
mem[X,0x80005E6E] -> 0x0000
[6048] [M]: 0x80005E6C (0x00001137) lui sp, 1
x2 <- 0x00001000


mem[X,0x80005E70] -> 0x0113
mem[X,0x80005E72] -> 0x8001
[6049] [M]: 0x80005E70 (0x80010113) addi sp, sp, 2048
x2 <- 0x00000800


mem[X,0x80005E74] -> 0x81B3
mem[X,0x80005E76] -> 0x0021
[6050] [M]: 0x80005E74 (0x002181B3) add gp, gp, sp
x3 <- 0x80008810


mem[X,0x80005E78] -> 0xAF07
mem[X,0x80005E7A] -> 0x7A81
[6051] [M]: 0x80005E78 (0x7A81AF07) flw ft10, 1960(gp)
mem[R,0x80008FB8] -> 0x00007C01
f30 <- 0xFFFFFFFF00007C01


mem[X,0x80005E7C] -> 0x81B3
mem[X,0x80005E7E] -> 0x4021
[6052] [M]: 0x80005E7C (0x402181B3) sub gp, gp, sp
x3 <- 0x80008010


mem[X,0x80005E80] -> 0x1137
mem[X,0x80005E82] -> 0x0000
[6053] [M]: 0x80005E80 (0x00001137) lui sp, 1
x2 <- 0x00001000


mem[X,0x80005E84] -> 0x0113
mem[X,0x80005E86] -> 0x8001
[6054] [M]: 0x80005E84 (0x80010113) addi sp, sp, 2048
x2 <- 0x00000800


mem[X,0x80005E88] -> 0x81B3
mem[X,0x80005E8A] -> 0x0021
[6055] [M]: 0x80005E88 (0x002181B3) add gp, gp, sp
x3 <- 0x80008810


mem[X,0x80005E8C] -> 0xAE87
mem[X,0x80005E8E] -> 0x7AC1
[6056] [M]: 0x80005E8C (0x7AC1AE87) flw ft9, 1964(gp)
mem[R,0x80008FBC] -> 0x0000FD55
f29 <- 0xFFFFFFFF0000FD55


mem[X,0x80005E90] -> 0x81B3
mem[X,0x80005E92] -> 0x4021
[6057] [M]: 0x80005E90 (0x402181B3) sub gp, gp, sp
x3 <- 0x80008010


mem[X,0x80005E94] -> 0x0113
mem[X,0x80005E96] -> 0x0000
[6058] [M]: 0x80005E94 (0x00000113) addi sp, zero, 0
x2 <- 0x00000000


mem[X,0x80005E98] -> 0x1073
mem[X,0x80005E9A] -> 0x0031
[6059] [M]: 0x80005E98 (0x00311073) csrrw zero, fcsr, sp
CSR fcsr -> 0x00000000
CSR fcsr <- 0x00000000 (input: 0x00000000)


mem[X,0x80005E9C] -> 0x7FD3
mem[X,0x80005E9E] -> 0x05DF
[6060] [M]: 0x80005E9C (0x05DF7FD3) fadd.h ft11, ft10, ft9, dyn
f31 <- 0xFFFFFFFFFFFF7E00


mem[X,0x80005EA0] -> 0x2273
mem[X,0x80005EA2] -> 0x0030
[6061] [M]: 0x80005EA0 (0x00302273) csrrs tp, fcsr, zero
CSR fcsr -> 0x00000000
x4 <- 0x00000000


mem[X,0x80005EA4] -> 0xA427
mem[X,0x80005EA6] -> 0x3BF0
[6062] [M]: 0x80005EA4 (0x3BF0A427) fsw ft11, 936(ra)
mem[0x8000A3BC] <- 0xFFFF7E00


mem[X,0x80005EA8] -> 0xA623
mem[X,0x80005EAA] -> 0x3A40
[6063] [M]: 0x80005EA8 (0x3A40A623) sw tp, 940(ra)
mem[0x8000A3C0] <- 0x00000000


mem[X,0x80005EAC] -> 0x1137
mem[X,0x80005EAE] -> 0x0000
[6064] [M]: 0x80005EAC (0x00001137) lui sp, 1
x2 <- 0x00001000


mem[X,0x80005EB0] -> 0x0113
mem[X,0x80005EB2] -> 0x8001
[6065] [M]: 0x80005EB0 (0x80010113) addi sp, sp, 2048
x2 <- 0x00000800


mem[X,0x80005EB4] -> 0x81B3
mem[X,0x80005EB6] -> 0x0021
[6066] [M]: 0x80005EB4 (0x002181B3) add gp, gp, sp
x3 <- 0x80008810


mem[X,0x80005EB8] -> 0xAF07
mem[X,0x80005EBA] -> 0x7B01
[6067] [M]: 0x80005EB8 (0x7B01AF07) flw ft10, 1968(gp)
mem[R,0x80008FC0] -> 0x00007C01
f30 <- 0xFFFFFFFF00007C01


mem[X,0x80005EBC] -> 0x81B3
mem[X,0x80005EBE] -> 0x4021
[6068] [M]: 0x80005EBC (0x402181B3) sub gp, gp, sp
x3 <- 0x80008010


mem[X,0x80005EC0] -> 0x1137
mem[X,0x80005EC2] -> 0x0000
[6069] [M]: 0x80005EC0 (0x00001137) lui sp, 1
x2 <- 0x00001000


mem[X,0x80005EC4] -> 0x0113
mem[X,0x80005EC6] -> 0x8001
[6070] [M]: 0x80005EC4 (0x80010113) addi sp, sp, 2048
x2 <- 0x00000800


mem[X,0x80005EC8] -> 0x81B3
mem[X,0x80005ECA] -> 0x0021
[6071] [M]: 0x80005EC8 (0x002181B3) add gp, gp, sp
x3 <- 0x80008810


mem[X,0x80005ECC] -> 0xAE87
mem[X,0x80005ECE] -> 0x7B41
[6072] [M]: 0x80005ECC (0x7B41AE87) flw ft9, 1972(gp)
mem[R,0x80008FC4] -> 0x00003C00
f29 <- 0xFFFFFFFF00003C00


mem[X,0x80005ED0] -> 0x81B3
mem[X,0x80005ED2] -> 0x4021
[6073] [M]: 0x80005ED0 (0x402181B3) sub gp, gp, sp
x3 <- 0x80008010


mem[X,0x80005ED4] -> 0x0113
mem[X,0x80005ED6] -> 0x0000
[6074] [M]: 0x80005ED4 (0x00000113) addi sp, zero, 0
x2 <- 0x00000000


mem[X,0x80005ED8] -> 0x1073
mem[X,0x80005EDA] -> 0x0031
[6075] [M]: 0x80005ED8 (0x00311073) csrrw zero, fcsr, sp
CSR fcsr -> 0x00000000
CSR fcsr <- 0x00000000 (input: 0x00000000)


mem[X,0x80005EDC] -> 0x7FD3
mem[X,0x80005EDE] -> 0x05DF
[6076] [M]: 0x80005EDC (0x05DF7FD3) fadd.h ft11, ft10, ft9, dyn
f31 <- 0xFFFFFFFFFFFF7E00


mem[X,0x80005EE0] -> 0x2273
mem[X,0x80005EE2] -> 0x0030
[6077] [M]: 0x80005EE0 (0x00302273) csrrs tp, fcsr, zero
CSR fcsr -> 0x00000000
x4 <- 0x00000000


mem[X,0x80005EE4] -> 0xA827
mem[X,0x80005EE6] -> 0x3BF0
[6078] [M]: 0x80005EE4 (0x3BF0A827) fsw ft11, 944(ra)
mem[0x8000A3C4] <- 0xFFFF7E00


mem[X,0x80005EE8] -> 0xAA23
mem[X,0x80005EEA] -> 0x3A40
[6079] [M]: 0x80005EE8 (0x3A40AA23) sw tp, 948(ra)
mem[0x8000A3C8] <- 0x00000000


mem[X,0x80005EEC] -> 0x1137
mem[X,0x80005EEE] -> 0x0000
[6080] [M]: 0x80005EEC (0x00001137) lui sp, 1
x2 <- 0x00001000


mem[X,0x80005EF0] -> 0x0113
mem[X,0x80005EF2] -> 0x8001
[6081] [M]: 0x80005EF0 (0x80010113) addi sp, sp, 2048
x2 <- 0x00000800


mem[X,0x80005EF4] -> 0x81B3
mem[X,0x80005EF6] -> 0x0021
[6082] [M]: 0x80005EF4 (0x002181B3) add gp, gp, sp
x3 <- 0x80008810


mem[X,0x80005EF8] -> 0xAF07
mem[X,0x80005EFA] -> 0x7B81
[6083] [M]: 0x80005EF8 (0x7B81AF07) flw ft10, 1976(gp)
mem[R,0x80008FC8] -> 0x00007C01
f30 <- 0xFFFFFFFF00007C01


mem[X,0x80005EFC] -> 0x81B3
mem[X,0x80005EFE] -> 0x4021
[6084] [M]: 0x80005EFC (0x402181B3) sub gp, gp, sp
x3 <- 0x80008010


mem[X,0x80005F00] -> 0x1137
mem[X,0x80005F02] -> 0x0000
[6085] [M]: 0x80005F00 (0x00001137) lui sp, 1
x2 <- 0x00001000


mem[X,0x80005F04] -> 0x0113
mem[X,0x80005F06] -> 0x8001
[6086] [M]: 0x80005F04 (0x80010113) addi sp, sp, 2048
x2 <- 0x00000800


mem[X,0x80005F08] -> 0x81B3
mem[X,0x80005F0A] -> 0x0021
[6087] [M]: 0x80005F08 (0x002181B3) add gp, gp, sp
x3 <- 0x80008810


mem[X,0x80005F0C] -> 0xAE87
mem[X,0x80005F0E] -> 0x7BC1
[6088] [M]: 0x80005F0C (0x7BC1AE87) flw ft9, 1980(gp)
mem[R,0x80008FCC] -> 0x0000BC00
f29 <- 0xFFFFFFFF0000BC00


mem[X,0x80005F10] -> 0x81B3
mem[X,0x80005F12] -> 0x4021
[6089] [M]: 0x80005F10 (0x402181B3) sub gp, gp, sp
x3 <- 0x80008010


mem[X,0x80005F14] -> 0x0113
mem[X,0x80005F16] -> 0x0000
[6090] [M]: 0x80005F14 (0x00000113) addi sp, zero, 0
x2 <- 0x00000000


mem[X,0x80005F18] -> 0x1073
mem[X,0x80005F1A] -> 0x0031
[6091] [M]: 0x80005F18 (0x00311073) csrrw zero, fcsr, sp
CSR fcsr -> 0x00000000
CSR fcsr <- 0x00000000 (input: 0x00000000)


mem[X,0x80005F1C] -> 0x7FD3
mem[X,0x80005F1E] -> 0x05DF
[6092] [M]: 0x80005F1C (0x05DF7FD3) fadd.h ft11, ft10, ft9, dyn
f31 <- 0xFFFFFFFFFFFF7E00


mem[X,0x80005F20] -> 0x2273
mem[X,0x80005F22] -> 0x0030
[6093] [M]: 0x80005F20 (0x00302273) csrrs tp, fcsr, zero
CSR fcsr -> 0x00000000
x4 <- 0x00000000


mem[X,0x80005F24] -> 0xAC27
mem[X,0x80005F26] -> 0x3BF0
[6094] [M]: 0x80005F24 (0x3BF0AC27) fsw ft11, 952(ra)
mem[0x8000A3CC] <- 0xFFFF7E00


mem[X,0x80005F28] -> 0xAE23
mem[X,0x80005F2A] -> 0x3A40
[6095] [M]: 0x80005F28 (0x3A40AE23) sw tp, 956(ra)
mem[0x8000A3D0] <- 0x00000000


mem[X,0x80005F2C] -> 0x1137
mem[X,0x80005F2E] -> 0x0000
[6096] [M]: 0x80005F2C (0x00001137) lui sp, 1
x2 <- 0x00001000


mem[X,0x80005F30] -> 0x0113
mem[X,0x80005F32] -> 0x8001
[6097] [M]: 0x80005F30 (0x80010113) addi sp, sp, 2048
x2 <- 0x00000800


mem[X,0x80005F34] -> 0x81B3
mem[X,0x80005F36] -> 0x0021
[6098] [M]: 0x80005F34 (0x002181B3) add gp, gp, sp
x3 <- 0x80008810


mem[X,0x80005F38] -> 0xAF07
mem[X,0x80005F3A] -> 0x7C01
[6099] [M]: 0x80005F38 (0x7C01AF07) flw ft10, 1984(gp)
mem[R,0x80008FD0] -> 0x0000FD55
f30 <- 0xFFFFFFFF0000FD55


clint::tick mtime <- 0x000000000000003D
 clint timer pending at mtime 0x000000000000003D
htif::tick 0x0000000000000000
mem[X,0x80005F3C] -> 0x81B3
mem[X,0x80005F3E] -> 0x4021
[6100] [M]: 0x80005F3C (0x402181B3) sub gp, gp, sp
x3 <- 0x80008010


mem[X,0x80005F40] -> 0x1137
mem[X,0x80005F42] -> 0x0000
[6101] [M]: 0x80005F40 (0x00001137) lui sp, 1
x2 <- 0x00001000


mem[X,0x80005F44] -> 0x0113
mem[X,0x80005F46] -> 0x8001
[6102] [M]: 0x80005F44 (0x80010113) addi sp, sp, 2048
x2 <- 0x00000800


mem[X,0x80005F48] -> 0x81B3
mem[X,0x80005F4A] -> 0x0021
[6103] [M]: 0x80005F48 (0x002181B3) add gp, gp, sp
x3 <- 0x80008810


mem[X,0x80005F4C] -> 0xAE87
mem[X,0x80005F4E] -> 0x7C41
[6104] [M]: 0x80005F4C (0x7C41AE87) flw ft9, 1988(gp)
mem[R,0x80008FD4] -> 0x00000000
f29 <- 0xFFFFFFFF00000000


mem[X,0x80005F50] -> 0x81B3
mem[X,0x80005F52] -> 0x4021
[6105] [M]: 0x80005F50 (0x402181B3) sub gp, gp, sp
x3 <- 0x80008010


mem[X,0x80005F54] -> 0x0113
mem[X,0x80005F56] -> 0x0000
[6106] [M]: 0x80005F54 (0x00000113) addi sp, zero, 0
x2 <- 0x00000000


mem[X,0x80005F58] -> 0x1073
mem[X,0x80005F5A] -> 0x0031
[6107] [M]: 0x80005F58 (0x00311073) csrrw zero, fcsr, sp
CSR fcsr -> 0x00000000
CSR fcsr <- 0x00000000 (input: 0x00000000)


mem[X,0x80005F5C] -> 0x7FD3
mem[X,0x80005F5E] -> 0x05DF
[6108] [M]: 0x80005F5C (0x05DF7FD3) fadd.h ft11, ft10, ft9, dyn
f31 <- 0xFFFFFFFFFFFF7E00


mem[X,0x80005F60] -> 0x2273
mem[X,0x80005F62] -> 0x0030
[6109] [M]: 0x80005F60 (0x00302273) csrrs tp, fcsr, zero
CSR fcsr -> 0x00000000
x4 <- 0x00000000


mem[X,0x80005F64] -> 0xA027
mem[X,0x80005F66] -> 0x3DF0
[6110] [M]: 0x80005F64 (0x3DF0A027) fsw ft11, 960(ra)
mem[0x8000A3D4] <- 0xFFFF7E00


mem[X,0x80005F68] -> 0xA223
mem[X,0x80005F6A] -> 0x3C40
[6111] [M]: 0x80005F68 (0x3C40A223) sw tp, 964(ra)
mem[0x8000A3D8] <- 0x00000000


mem[X,0x80005F6C] -> 0x1137
mem[X,0x80005F6E] -> 0x0000
[6112] [M]: 0x80005F6C (0x00001137) lui sp, 1
x2 <- 0x00001000


mem[X,0x80005F70] -> 0x0113
mem[X,0x80005F72] -> 0x8001
[6113] [M]: 0x80005F70 (0x80010113) addi sp, sp, 2048
x2 <- 0x00000800


mem[X,0x80005F74] -> 0x81B3
mem[X,0x80005F76] -> 0x0021
[6114] [M]: 0x80005F74 (0x002181B3) add gp, gp, sp
x3 <- 0x80008810


mem[X,0x80005F78] -> 0xAF07
mem[X,0x80005F7A] -> 0x7C81
[6115] [M]: 0x80005F78 (0x7C81AF07) flw ft10, 1992(gp)
mem[R,0x80008FD8] -> 0x0000FD55
f30 <- 0xFFFFFFFF0000FD55


mem[X,0x80005F7C] -> 0x81B3
mem[X,0x80005F7E] -> 0x4021
[6116] [M]: 0x80005F7C (0x402181B3) sub gp, gp, sp
x3 <- 0x80008010


mem[X,0x80005F80] -> 0x1137
mem[X,0x80005F82] -> 0x0000
[6117] [M]: 0x80005F80 (0x00001137) lui sp, 1
x2 <- 0x00001000


mem[X,0x80005F84] -> 0x0113
mem[X,0x80005F86] -> 0x8001
[6118] [M]: 0x80005F84 (0x80010113) addi sp, sp, 2048
x2 <- 0x00000800


mem[X,0x80005F88] -> 0x81B3
mem[X,0x80005F8A] -> 0x0021
[6119] [M]: 0x80005F88 (0x002181B3) add gp, gp, sp
x3 <- 0x80008810


mem[X,0x80005F8C] -> 0xAE87
mem[X,0x80005F8E] -> 0x7CC1
[6120] [M]: 0x80005F8C (0x7CC1AE87) flw ft9, 1996(gp)
mem[R,0x80008FDC] -> 0x00008000
f29 <- 0xFFFFFFFF00008000


mem[X,0x80005F90] -> 0x81B3
mem[X,0x80005F92] -> 0x4021
[6121] [M]: 0x80005F90 (0x402181B3) sub gp, gp, sp
x3 <- 0x80008010


mem[X,0x80005F94] -> 0x0113
mem[X,0x80005F96] -> 0x0000
[6122] [M]: 0x80005F94 (0x00000113) addi sp, zero, 0
x2 <- 0x00000000


mem[X,0x80005F98] -> 0x1073
mem[X,0x80005F9A] -> 0x0031
[6123] [M]: 0x80005F98 (0x00311073) csrrw zero, fcsr, sp
CSR fcsr -> 0x00000000
CSR fcsr <- 0x00000000 (input: 0x00000000)


mem[X,0x80005F9C] -> 0x7FD3
mem[X,0x80005F9E] -> 0x05DF
[6124] [M]: 0x80005F9C (0x05DF7FD3) fadd.h ft11, ft10, ft9, dyn
f31 <- 0xFFFFFFFFFFFF7E00


mem[X,0x80005FA0] -> 0x2273
mem[X,0x80005FA2] -> 0x0030
[6125] [M]: 0x80005FA0 (0x00302273) csrrs tp, fcsr, zero
CSR fcsr -> 0x00000000
x4 <- 0x00000000


mem[X,0x80005FA4] -> 0xA427
mem[X,0x80005FA6] -> 0x3DF0
[6126] [M]: 0x80005FA4 (0x3DF0A427) fsw ft11, 968(ra)
mem[0x8000A3DC] <- 0xFFFF7E00


mem[X,0x80005FA8] -> 0xA623
mem[X,0x80005FAA] -> 0x3C40
[6127] [M]: 0x80005FA8 (0x3C40A623) sw tp, 972(ra)
mem[0x8000A3E0] <- 0x00000000


mem[X,0x80005FAC] -> 0x1137
mem[X,0x80005FAE] -> 0x0000
[6128] [M]: 0x80005FAC (0x00001137) lui sp, 1
x2 <- 0x00001000


mem[X,0x80005FB0] -> 0x0113
mem[X,0x80005FB2] -> 0x8001
[6129] [M]: 0x80005FB0 (0x80010113) addi sp, sp, 2048
x2 <- 0x00000800


mem[X,0x80005FB4] -> 0x81B3
mem[X,0x80005FB6] -> 0x0021
[6130] [M]: 0x80005FB4 (0x002181B3) add gp, gp, sp
x3 <- 0x80008810


mem[X,0x80005FB8] -> 0xAF07
mem[X,0x80005FBA] -> 0x7D01
[6131] [M]: 0x80005FB8 (0x7D01AF07) flw ft10, 2000(gp)
mem[R,0x80008FE0] -> 0x0000FD55
f30 <- 0xFFFFFFFF0000FD55


mem[X,0x80005FBC] -> 0x81B3
mem[X,0x80005FBE] -> 0x4021
[6132] [M]: 0x80005FBC (0x402181B3) sub gp, gp, sp
x3 <- 0x80008010


mem[X,0x80005FC0] -> 0x1137
mem[X,0x80005FC2] -> 0x0000
[6133] [M]: 0x80005FC0 (0x00001137) lui sp, 1
x2 <- 0x00001000


mem[X,0x80005FC4] -> 0x0113
mem[X,0x80005FC6] -> 0x8001
[6134] [M]: 0x80005FC4 (0x80010113) addi sp, sp, 2048
x2 <- 0x00000800


mem[X,0x80005FC8] -> 0x81B3
mem[X,0x80005FCA] -> 0x0021
[6135] [M]: 0x80005FC8 (0x002181B3) add gp, gp, sp
x3 <- 0x80008810


mem[X,0x80005FCC] -> 0xAE87
mem[X,0x80005FCE] -> 0x7D41
[6136] [M]: 0x80005FCC (0x7D41AE87) flw ft9, 2004(gp)
mem[R,0x80008FE4] -> 0x00000001
f29 <- 0xFFFFFFFF00000001


mem[X,0x80005FD0] -> 0x81B3
mem[X,0x80005FD2] -> 0x4021
[6137] [M]: 0x80005FD0 (0x402181B3) sub gp, gp, sp
x3 <- 0x80008010


mem[X,0x80005FD4] -> 0x0113
mem[X,0x80005FD6] -> 0x0000
[6138] [M]: 0x80005FD4 (0x00000113) addi sp, zero, 0
x2 <- 0x00000000


mem[X,0x80005FD8] -> 0x1073
mem[X,0x80005FDA] -> 0x0031
[6139] [M]: 0x80005FD8 (0x00311073) csrrw zero, fcsr, sp
CSR fcsr -> 0x00000000
CSR fcsr <- 0x00000000 (input: 0x00000000)


mem[X,0x80005FDC] -> 0x7FD3
mem[X,0x80005FDE] -> 0x05DF
[6140] [M]: 0x80005FDC (0x05DF7FD3) fadd.h ft11, ft10, ft9, dyn
f31 <- 0xFFFFFFFFFFFF7E00


mem[X,0x80005FE0] -> 0x2273
mem[X,0x80005FE2] -> 0x0030
[6141] [M]: 0x80005FE0 (0x00302273) csrrs tp, fcsr, zero
CSR fcsr -> 0x00000000
x4 <- 0x00000000


mem[X,0x80005FE4] -> 0xA827
mem[X,0x80005FE6] -> 0x3DF0
[6142] [M]: 0x80005FE4 (0x3DF0A827) fsw ft11, 976(ra)
mem[0x8000A3E4] <- 0xFFFF7E00


mem[X,0x80005FE8] -> 0xAA23
mem[X,0x80005FEA] -> 0x3C40
[6143] [M]: 0x80005FE8 (0x3C40AA23) sw tp, 980(ra)
mem[0x8000A3E8] <- 0x00000000


mem[X,0x80005FEC] -> 0x1137
mem[X,0x80005FEE] -> 0x0000
[6144] [M]: 0x80005FEC (0x00001137) lui sp, 1
x2 <- 0x00001000


mem[X,0x80005FF0] -> 0x0113
mem[X,0x80005FF2] -> 0x8001
[6145] [M]: 0x80005FF0 (0x80010113) addi sp, sp, 2048
x2 <- 0x00000800


mem[X,0x80005FF4] -> 0x81B3
mem[X,0x80005FF6] -> 0x0021
[6146] [M]: 0x80005FF4 (0x002181B3) add gp, gp, sp
x3 <- 0x80008810


mem[X,0x80005FF8] -> 0xAF07
mem[X,0x80005FFA] -> 0x7D81
[6147] [M]: 0x80005FF8 (0x7D81AF07) flw ft10, 2008(gp)
mem[R,0x80008FE8] -> 0x0000FD55
f30 <- 0xFFFFFFFF0000FD55


mem[X,0x80005FFC] -> 0x81B3
mem[X,0x80005FFE] -> 0x4021
[6148] [M]: 0x80005FFC (0x402181B3) sub gp, gp, sp
x3 <- 0x80008010


mem[X,0x80006000] -> 0x1137
mem[X,0x80006002] -> 0x0000
[6149] [M]: 0x80006000 (0x00001137) lui sp, 1
x2 <- 0x00001000


mem[X,0x80006004] -> 0x0113
mem[X,0x80006006] -> 0x8001
[6150] [M]: 0x80006004 (0x80010113) addi sp, sp, 2048
x2 <- 0x00000800


mem[X,0x80006008] -> 0x81B3
mem[X,0x8000600A] -> 0x0021
[6151] [M]: 0x80006008 (0x002181B3) add gp, gp, sp
x3 <- 0x80008810


mem[X,0x8000600C] -> 0xAE87
mem[X,0x8000600E] -> 0x7DC1
[6152] [M]: 0x8000600C (0x7DC1AE87) flw ft9, 2012(gp)
mem[R,0x80008FEC] -> 0x00008001
f29 <- 0xFFFFFFFF00008001


mem[X,0x80006010] -> 0x81B3
mem[X,0x80006012] -> 0x4021
[6153] [M]: 0x80006010 (0x402181B3) sub gp, gp, sp
x3 <- 0x80008010


mem[X,0x80006014] -> 0x0113
mem[X,0x80006016] -> 0x0000
[6154] [M]: 0x80006014 (0x00000113) addi sp, zero, 0
x2 <- 0x00000000


mem[X,0x80006018] -> 0x1073
mem[X,0x8000601A] -> 0x0031
[6155] [M]: 0x80006018 (0x00311073) csrrw zero, fcsr, sp
CSR fcsr -> 0x00000000
CSR fcsr <- 0x00000000 (input: 0x00000000)


mem[X,0x8000601C] -> 0x7FD3
mem[X,0x8000601E] -> 0x05DF
[6156] [M]: 0x8000601C (0x05DF7FD3) fadd.h ft11, ft10, ft9, dyn
f31 <- 0xFFFFFFFFFFFF7E00


mem[X,0x80006020] -> 0x2273
mem[X,0x80006022] -> 0x0030
[6157] [M]: 0x80006020 (0x00302273) csrrs tp, fcsr, zero
CSR fcsr -> 0x00000000
x4 <- 0x00000000


mem[X,0x80006024] -> 0xAC27
mem[X,0x80006026] -> 0x3DF0
[6158] [M]: 0x80006024 (0x3DF0AC27) fsw ft11, 984(ra)
mem[0x8000A3EC] <- 0xFFFF7E00


mem[X,0x80006028] -> 0xAE23
mem[X,0x8000602A] -> 0x3C40
[6159] [M]: 0x80006028 (0x3C40AE23) sw tp, 988(ra)
mem[0x8000A3F0] <- 0x00000000


mem[X,0x8000602C] -> 0x1137
mem[X,0x8000602E] -> 0x0000
[6160] [M]: 0x8000602C (0x00001137) lui sp, 1
x2 <- 0x00001000


mem[X,0x80006030] -> 0x0113
mem[X,0x80006032] -> 0x8001
[6161] [M]: 0x80006030 (0x80010113) addi sp, sp, 2048
x2 <- 0x00000800


mem[X,0x80006034] -> 0x81B3
mem[X,0x80006036] -> 0x0021
[6162] [M]: 0x80006034 (0x002181B3) add gp, gp, sp
x3 <- 0x80008810


mem[X,0x80006038] -> 0xAF07
mem[X,0x8000603A] -> 0x7E01
[6163] [M]: 0x80006038 (0x7E01AF07) flw ft10, 2016(gp)
mem[R,0x80008FF0] -> 0x0000FD55
f30 <- 0xFFFFFFFF0000FD55


mem[X,0x8000603C] -> 0x81B3
mem[X,0x8000603E] -> 0x4021
[6164] [M]: 0x8000603C (0x402181B3) sub gp, gp, sp
x3 <- 0x80008010


mem[X,0x80006040] -> 0x1137
mem[X,0x80006042] -> 0x0000
[6165] [M]: 0x80006040 (0x00001137) lui sp, 1
x2 <- 0x00001000


mem[X,0x80006044] -> 0x0113
mem[X,0x80006046] -> 0x8001
[6166] [M]: 0x80006044 (0x80010113) addi sp, sp, 2048
x2 <- 0x00000800


mem[X,0x80006048] -> 0x81B3
mem[X,0x8000604A] -> 0x0021
[6167] [M]: 0x80006048 (0x002181B3) add gp, gp, sp
x3 <- 0x80008810


mem[X,0x8000604C] -> 0xAE87
mem[X,0x8000604E] -> 0x7E41
[6168] [M]: 0x8000604C (0x7E41AE87) flw ft9, 2020(gp)
mem[R,0x80008FF4] -> 0x00000002
f29 <- 0xFFFFFFFF00000002


mem[X,0x80006050] -> 0x81B3
mem[X,0x80006052] -> 0x4021
[6169] [M]: 0x80006050 (0x402181B3) sub gp, gp, sp
x3 <- 0x80008010


mem[X,0x80006054] -> 0x0113
mem[X,0x80006056] -> 0x0000
[6170] [M]: 0x80006054 (0x00000113) addi sp, zero, 0
x2 <- 0x00000000


mem[X,0x80006058] -> 0x1073
mem[X,0x8000605A] -> 0x0031
[6171] [M]: 0x80006058 (0x00311073) csrrw zero, fcsr, sp
CSR fcsr -> 0x00000000
CSR fcsr <- 0x00000000 (input: 0x00000000)


mem[X,0x8000605C] -> 0x7FD3
mem[X,0x8000605E] -> 0x05DF
[6172] [M]: 0x8000605C (0x05DF7FD3) fadd.h ft11, ft10, ft9, dyn
f31 <- 0xFFFFFFFFFFFF7E00


mem[X,0x80006060] -> 0x2273
mem[X,0x80006062] -> 0x0030
[6173] [M]: 0x80006060 (0x00302273) csrrs tp, fcsr, zero
CSR fcsr -> 0x00000000
x4 <- 0x00000000


mem[X,0x80006064] -> 0xA027
mem[X,0x80006066] -> 0x3FF0
[6174] [M]: 0x80006064 (0x3FF0A027) fsw ft11, 992(ra)
mem[0x8000A3F4] <- 0xFFFF7E00


mem[X,0x80006068] -> 0xA223
mem[X,0x8000606A] -> 0x3E40
[6175] [M]: 0x80006068 (0x3E40A223) sw tp, 996(ra)
mem[0x8000A3F8] <- 0x00000000


mem[X,0x8000606C] -> 0x1137
mem[X,0x8000606E] -> 0x0000
[6176] [M]: 0x8000606C (0x00001137) lui sp, 1
x2 <- 0x00001000


mem[X,0x80006070] -> 0x0113
mem[X,0x80006072] -> 0x8001
[6177] [M]: 0x80006070 (0x80010113) addi sp, sp, 2048
x2 <- 0x00000800


mem[X,0x80006074] -> 0x81B3
mem[X,0x80006076] -> 0x0021
[6178] [M]: 0x80006074 (0x002181B3) add gp, gp, sp
x3 <- 0x80008810


mem[X,0x80006078] -> 0xAF07
mem[X,0x8000607A] -> 0x7E81
[6179] [M]: 0x80006078 (0x7E81AF07) flw ft10, 2024(gp)
mem[R,0x80008FF8] -> 0x0000FD55
f30 <- 0xFFFFFFFF0000FD55


mem[X,0x8000607C] -> 0x81B3
mem[X,0x8000607E] -> 0x4021
[6180] [M]: 0x8000607C (0x402181B3) sub gp, gp, sp
x3 <- 0x80008010


mem[X,0x80006080] -> 0x1137
mem[X,0x80006082] -> 0x0000
[6181] [M]: 0x80006080 (0x00001137) lui sp, 1
x2 <- 0x00001000


mem[X,0x80006084] -> 0x0113
mem[X,0x80006086] -> 0x8001
[6182] [M]: 0x80006084 (0x80010113) addi sp, sp, 2048
x2 <- 0x00000800


mem[X,0x80006088] -> 0x81B3
mem[X,0x8000608A] -> 0x0021
[6183] [M]: 0x80006088 (0x002181B3) add gp, gp, sp
x3 <- 0x80008810


mem[X,0x8000608C] -> 0xAE87
mem[X,0x8000608E] -> 0x7EC1
[6184] [M]: 0x8000608C (0x7EC1AE87) flw ft9, 2028(gp)
mem[R,0x80008FFC] -> 0x000083FE
f29 <- 0xFFFFFFFF000083FE


mem[X,0x80006090] -> 0x81B3
mem[X,0x80006092] -> 0x4021
[6185] [M]: 0x80006090 (0x402181B3) sub gp, gp, sp
x3 <- 0x80008010


mem[X,0x80006094] -> 0x0113
mem[X,0x80006096] -> 0x0000
[6186] [M]: 0x80006094 (0x00000113) addi sp, zero, 0
x2 <- 0x00000000


mem[X,0x80006098] -> 0x1073
mem[X,0x8000609A] -> 0x0031
[6187] [M]: 0x80006098 (0x00311073) csrrw zero, fcsr, sp
CSR fcsr -> 0x00000000
CSR fcsr <- 0x00000000 (input: 0x00000000)


mem[X,0x8000609C] -> 0x7FD3
mem[X,0x8000609E] -> 0x05DF
[6188] [M]: 0x8000609C (0x05DF7FD3) fadd.h ft11, ft10, ft9, dyn
f31 <- 0xFFFFFFFFFFFF7E00


mem[X,0x800060A0] -> 0x2273
mem[X,0x800060A2] -> 0x0030
[6189] [M]: 0x800060A0 (0x00302273) csrrs tp, fcsr, zero
CSR fcsr -> 0x00000000
x4 <- 0x00000000


mem[X,0x800060A4] -> 0xA427
mem[X,0x800060A6] -> 0x3FF0
[6190] [M]: 0x800060A4 (0x3FF0A427) fsw ft11, 1000(ra)
mem[0x8000A3FC] <- 0xFFFF7E00


mem[X,0x800060A8] -> 0xA623
mem[X,0x800060AA] -> 0x3E40
[6191] [M]: 0x800060A8 (0x3E40A623) sw tp, 1004(ra)
mem[0x8000A400] <- 0x00000000


mem[X,0x800060AC] -> 0x1137
mem[X,0x800060AE] -> 0x0000
[6192] [M]: 0x800060AC (0x00001137) lui sp, 1
x2 <- 0x00001000


mem[X,0x800060B0] -> 0x0113
mem[X,0x800060B2] -> 0x8001
[6193] [M]: 0x800060B0 (0x80010113) addi sp, sp, 2048
x2 <- 0x00000800


mem[X,0x800060B4] -> 0x81B3
mem[X,0x800060B6] -> 0x0021
[6194] [M]: 0x800060B4 (0x002181B3) add gp, gp, sp
x3 <- 0x80008810


mem[X,0x800060B8] -> 0xAF07
mem[X,0x800060BA] -> 0x7F01
[6195] [M]: 0x800060B8 (0x7F01AF07) flw ft10, 2032(gp)
mem[R,0x80009000] -> 0x0000FD55
f30 <- 0xFFFFFFFF0000FD55


mem[X,0x800060BC] -> 0x81B3
mem[X,0x800060BE] -> 0x4021
[6196] [M]: 0x800060BC (0x402181B3) sub gp, gp, sp
x3 <- 0x80008010


mem[X,0x800060C0] -> 0x1137
mem[X,0x800060C2] -> 0x0000
[6197] [M]: 0x800060C0 (0x00001137) lui sp, 1
x2 <- 0x00001000


mem[X,0x800060C4] -> 0x0113
mem[X,0x800060C6] -> 0x8001
[6198] [M]: 0x800060C4 (0x80010113) addi sp, sp, 2048
x2 <- 0x00000800


mem[X,0x800060C8] -> 0x81B3
mem[X,0x800060CA] -> 0x0021
[6199] [M]: 0x800060C8 (0x002181B3) add gp, gp, sp
x3 <- 0x80008810


clint::tick mtime <- 0x000000000000003E
 clint timer pending at mtime 0x000000000000003E
htif::tick 0x0000000000000000
mem[X,0x800060CC] -> 0xAE87
mem[X,0x800060CE] -> 0x7F41
[6200] [M]: 0x800060CC (0x7F41AE87) flw ft9, 2036(gp)
mem[R,0x80009004] -> 0x000003FF
f29 <- 0xFFFFFFFF000003FF


mem[X,0x800060D0] -> 0x81B3
mem[X,0x800060D2] -> 0x4021
[6201] [M]: 0x800060D0 (0x402181B3) sub gp, gp, sp
x3 <- 0x80008010


mem[X,0x800060D4] -> 0x0113
mem[X,0x800060D6] -> 0x0000
[6202] [M]: 0x800060D4 (0x00000113) addi sp, zero, 0
x2 <- 0x00000000


mem[X,0x800060D8] -> 0x1073
mem[X,0x800060DA] -> 0x0031
[6203] [M]: 0x800060D8 (0x00311073) csrrw zero, fcsr, sp
CSR fcsr -> 0x00000000
CSR fcsr <- 0x00000000 (input: 0x00000000)


mem[X,0x800060DC] -> 0x7FD3
mem[X,0x800060DE] -> 0x05DF
[6204] [M]: 0x800060DC (0x05DF7FD3) fadd.h ft11, ft10, ft9, dyn
f31 <- 0xFFFFFFFFFFFF7E00


mem[X,0x800060E0] -> 0x2273
mem[X,0x800060E2] -> 0x0030
[6205] [M]: 0x800060E0 (0x00302273) csrrs tp, fcsr, zero
CSR fcsr -> 0x00000000
x4 <- 0x00000000


mem[X,0x800060E4] -> 0xA827
mem[X,0x800060E6] -> 0x3FF0
[6206] [M]: 0x800060E4 (0x3FF0A827) fsw ft11, 1008(ra)
mem[0x8000A404] <- 0xFFFF7E00


mem[X,0x800060E8] -> 0xAA23
mem[X,0x800060EA] -> 0x3E40
[6207] [M]: 0x800060E8 (0x3E40AA23) sw tp, 1012(ra)
mem[0x8000A408] <- 0x00000000


mem[X,0x800060EC] -> 0x1137
mem[X,0x800060EE] -> 0x0000
[6208] [M]: 0x800060EC (0x00001137) lui sp, 1
x2 <- 0x00001000


mem[X,0x800060F0] -> 0x0113
mem[X,0x800060F2] -> 0x8001
[6209] [M]: 0x800060F0 (0x80010113) addi sp, sp, 2048
x2 <- 0x00000800


mem[X,0x800060F4] -> 0x81B3
mem[X,0x800060F6] -> 0x0021
[6210] [M]: 0x800060F4 (0x002181B3) add gp, gp, sp
x3 <- 0x80008810


mem[X,0x800060F8] -> 0xAF07
mem[X,0x800060FA] -> 0x7F81
[6211] [M]: 0x800060F8 (0x7F81AF07) flw ft10, 2040(gp)
mem[R,0x80009008] -> 0x0000FD55
f30 <- 0xFFFFFFFF0000FD55


mem[X,0x800060FC] -> 0x81B3
mem[X,0x800060FE] -> 0x4021
[6212] [M]: 0x800060FC (0x402181B3) sub gp, gp, sp
x3 <- 0x80008010


mem[X,0x80006100] -> 0x1137
mem[X,0x80006102] -> 0x0000
[6213] [M]: 0x80006100 (0x00001137) lui sp, 1
x2 <- 0x00001000


mem[X,0x80006104] -> 0x0113
mem[X,0x80006106] -> 0x8001
[6214] [M]: 0x80006104 (0x80010113) addi sp, sp, 2048
x2 <- 0x00000800


mem[X,0x80006108] -> 0x81B3
mem[X,0x8000610A] -> 0x0021
[6215] [M]: 0x80006108 (0x002181B3) add gp, gp, sp
x3 <- 0x80008810


mem[X,0x8000610C] -> 0xAE87
mem[X,0x8000610E] -> 0x7FC1
[6216] [M]: 0x8000610C (0x7FC1AE87) flw ft9, 2044(gp)
mem[R,0x8000900C] -> 0x000083FF
f29 <- 0xFFFFFFFF000083FF


mem[X,0x80006110] -> 0x81B3
mem[X,0x80006112] -> 0x4021
[6217] [M]: 0x80006110 (0x402181B3) sub gp, gp, sp
x3 <- 0x80008010


mem[X,0x80006114] -> 0x0113
mem[X,0x80006116] -> 0x0000
[6218] [M]: 0x80006114 (0x00000113) addi sp, zero, 0
x2 <- 0x00000000


mem[X,0x80006118] -> 0x1073
mem[X,0x8000611A] -> 0x0031
[6219] [M]: 0x80006118 (0x00311073) csrrw zero, fcsr, sp
CSR fcsr -> 0x00000000
CSR fcsr <- 0x00000000 (input: 0x00000000)


mem[X,0x8000611C] -> 0x7FD3
mem[X,0x8000611E] -> 0x05DF
[6220] [M]: 0x8000611C (0x05DF7FD3) fadd.h ft11, ft10, ft9, dyn
f31 <- 0xFFFFFFFFFFFF7E00


mem[X,0x80006120] -> 0x2273
mem[X,0x80006122] -> 0x0030
[6221] [M]: 0x80006120 (0x00302273) csrrs tp, fcsr, zero
CSR fcsr -> 0x00000000
x4 <- 0x00000000


mem[X,0x80006124] -> 0xAC27
mem[X,0x80006126] -> 0x3FF0
[6222] [M]: 0x80006124 (0x3FF0AC27) fsw ft11, 1016(ra)
mem[0x8000A40C] <- 0xFFFF7E00


mem[X,0x80006128] -> 0xAE23
mem[X,0x8000612A] -> 0x3E40
[6223] [M]: 0x80006128 (0x3E40AE23) sw tp, 1020(ra)
mem[0x8000A410] <- 0x00000000


mem[X,0x8000612C] -> 0x4097
mem[X,0x8000612E] -> 0x0000
[6224] [M]: 0x8000612C (0x00004097) auipc ra, 4
x1 <- 0x8000A12C


mem[X,0x80006130] -> 0x8093
mem[X,0x80006132] -> 0x2E80
[6225] [M]: 0x80006130 (0x2E808093) addi ra, ra, 744
x1 <- 0x8000A414


mem[X,0x80006134] -> 0x1137
mem[X,0x80006136] -> 0x0000
[6226] [M]: 0x80006134 (0x00001137) lui sp, 1
x2 <- 0x00001000


mem[X,0x80006138] -> 0x81B3
mem[X,0x8000613A] -> 0x0021
[6227] [M]: 0x80006138 (0x002181B3) add gp, gp, sp
x3 <- 0x80009010


mem[X,0x8000613C] -> 0xAF07
mem[X,0x8000613E] -> 0x0001
[6228] [M]: 0x8000613C (0x0001AF07) flw ft10, 0(gp)
mem[R,0x80009010] -> 0x0000FD55
f30 <- 0xFFFFFFFF0000FD55


mem[X,0x80006140] -> 0x81B3
mem[X,0x80006142] -> 0x4021
[6229] [M]: 0x80006140 (0x402181B3) sub gp, gp, sp
x3 <- 0x80008010


mem[X,0x80006144] -> 0x1137
mem[X,0x80006146] -> 0x0000
[6230] [M]: 0x80006144 (0x00001137) lui sp, 1
x2 <- 0x00001000


mem[X,0x80006148] -> 0x81B3
mem[X,0x8000614A] -> 0x0021
[6231] [M]: 0x80006148 (0x002181B3) add gp, gp, sp
x3 <- 0x80009010


mem[X,0x8000614C] -> 0xAE87
mem[X,0x8000614E] -> 0x0041
[6232] [M]: 0x8000614C (0x0041AE87) flw ft9, 4(gp)
mem[R,0x80009014] -> 0x00000400
f29 <- 0xFFFFFFFF00000400


mem[X,0x80006150] -> 0x81B3
mem[X,0x80006152] -> 0x4021
[6233] [M]: 0x80006150 (0x402181B3) sub gp, gp, sp
x3 <- 0x80008010


mem[X,0x80006154] -> 0x0113
mem[X,0x80006156] -> 0x0000
[6234] [M]: 0x80006154 (0x00000113) addi sp, zero, 0
x2 <- 0x00000000


mem[X,0x80006158] -> 0x1073
mem[X,0x8000615A] -> 0x0031
[6235] [M]: 0x80006158 (0x00311073) csrrw zero, fcsr, sp
CSR fcsr -> 0x00000000
CSR fcsr <- 0x00000000 (input: 0x00000000)


mem[X,0x8000615C] -> 0x7FD3
mem[X,0x8000615E] -> 0x05DF
[6236] [M]: 0x8000615C (0x05DF7FD3) fadd.h ft11, ft10, ft9, dyn
f31 <- 0xFFFFFFFFFFFF7E00


mem[X,0x80006160] -> 0x2273
mem[X,0x80006162] -> 0x0030
[6237] [M]: 0x80006160 (0x00302273) csrrs tp, fcsr, zero
CSR fcsr -> 0x00000000
x4 <- 0x00000000


mem[X,0x80006164] -> 0xA027
mem[X,0x80006166] -> 0x01F0
[6238] [M]: 0x80006164 (0x01F0A027) fsw ft11, 0(ra)
mem[0x8000A414] <- 0xFFFF7E00


mem[X,0x80006168] -> 0xA223
mem[X,0x8000616A] -> 0x0040
[6239] [M]: 0x80006168 (0x0040A223) sw tp, 4(ra)
mem[0x8000A418] <- 0x00000000


mem[X,0x8000616C] -> 0x1137
mem[X,0x8000616E] -> 0x0000
[6240] [M]: 0x8000616C (0x00001137) lui sp, 1
x2 <- 0x00001000


mem[X,0x80006170] -> 0x81B3
mem[X,0x80006172] -> 0x0021
[6241] [M]: 0x80006170 (0x002181B3) add gp, gp, sp
x3 <- 0x80009010


mem[X,0x80006174] -> 0xAF07
mem[X,0x80006176] -> 0x0081
[6242] [M]: 0x80006174 (0x0081AF07) flw ft10, 8(gp)
mem[R,0x80009018] -> 0x0000FD55
f30 <- 0xFFFFFFFF0000FD55


mem[X,0x80006178] -> 0x81B3
mem[X,0x8000617A] -> 0x4021
[6243] [M]: 0x80006178 (0x402181B3) sub gp, gp, sp
x3 <- 0x80008010


mem[X,0x8000617C] -> 0x1137
mem[X,0x8000617E] -> 0x0000
[6244] [M]: 0x8000617C (0x00001137) lui sp, 1
x2 <- 0x00001000


mem[X,0x80006180] -> 0x81B3
mem[X,0x80006182] -> 0x0021
[6245] [M]: 0x80006180 (0x002181B3) add gp, gp, sp
x3 <- 0x80009010


mem[X,0x80006184] -> 0xAE87
mem[X,0x80006186] -> 0x00C1
[6246] [M]: 0x80006184 (0x00C1AE87) flw ft9, 12(gp)
mem[R,0x8000901C] -> 0x00008400
f29 <- 0xFFFFFFFF00008400


mem[X,0x80006188] -> 0x81B3
mem[X,0x8000618A] -> 0x4021
[6247] [M]: 0x80006188 (0x402181B3) sub gp, gp, sp
x3 <- 0x80008010


mem[X,0x8000618C] -> 0x0113
mem[X,0x8000618E] -> 0x0000
[6248] [M]: 0x8000618C (0x00000113) addi sp, zero, 0
x2 <- 0x00000000


mem[X,0x80006190] -> 0x1073
mem[X,0x80006192] -> 0x0031
[6249] [M]: 0x80006190 (0x00311073) csrrw zero, fcsr, sp
CSR fcsr -> 0x00000000
CSR fcsr <- 0x00000000 (input: 0x00000000)


mem[X,0x80006194] -> 0x7FD3
mem[X,0x80006196] -> 0x05DF
[6250] [M]: 0x80006194 (0x05DF7FD3) fadd.h ft11, ft10, ft9, dyn
f31 <- 0xFFFFFFFFFFFF7E00


mem[X,0x80006198] -> 0x2273
mem[X,0x8000619A] -> 0x0030
[6251] [M]: 0x80006198 (0x00302273) csrrs tp, fcsr, zero
CSR fcsr -> 0x00000000
x4 <- 0x00000000


mem[X,0x8000619C] -> 0xA427
mem[X,0x8000619E] -> 0x01F0
[6252] [M]: 0x8000619C (0x01F0A427) fsw ft11, 8(ra)
mem[0x8000A41C] <- 0xFFFF7E00


mem[X,0x800061A0] -> 0xA623
mem[X,0x800061A2] -> 0x0040
[6253] [M]: 0x800061A0 (0x0040A623) sw tp, 12(ra)
mem[0x8000A420] <- 0x00000000


mem[X,0x800061A4] -> 0x1137
mem[X,0x800061A6] -> 0x0000
[6254] [M]: 0x800061A4 (0x00001137) lui sp, 1
x2 <- 0x00001000


mem[X,0x800061A8] -> 0x81B3
mem[X,0x800061AA] -> 0x0021
[6255] [M]: 0x800061A8 (0x002181B3) add gp, gp, sp
x3 <- 0x80009010


mem[X,0x800061AC] -> 0xAF07
mem[X,0x800061AE] -> 0x0101
[6256] [M]: 0x800061AC (0x0101AF07) flw ft10, 16(gp)
mem[R,0x80009020] -> 0x0000FD55
f30 <- 0xFFFFFFFF0000FD55


mem[X,0x800061B0] -> 0x81B3
mem[X,0x800061B2] -> 0x4021
[6257] [M]: 0x800061B0 (0x402181B3) sub gp, gp, sp
x3 <- 0x80008010


mem[X,0x800061B4] -> 0x1137
mem[X,0x800061B6] -> 0x0000
[6258] [M]: 0x800061B4 (0x00001137) lui sp, 1
x2 <- 0x00001000


mem[X,0x800061B8] -> 0x81B3
mem[X,0x800061BA] -> 0x0021
[6259] [M]: 0x800061B8 (0x002181B3) add gp, gp, sp
x3 <- 0x80009010


mem[X,0x800061BC] -> 0xAE87
mem[X,0x800061BE] -> 0x0141
[6260] [M]: 0x800061BC (0x0141AE87) flw ft9, 20(gp)
mem[R,0x80009024] -> 0x00000401
f29 <- 0xFFFFFFFF00000401


mem[X,0x800061C0] -> 0x81B3
mem[X,0x800061C2] -> 0x4021
[6261] [M]: 0x800061C0 (0x402181B3) sub gp, gp, sp
x3 <- 0x80008010


mem[X,0x800061C4] -> 0x0113
mem[X,0x800061C6] -> 0x0000
[6262] [M]: 0x800061C4 (0x00000113) addi sp, zero, 0
x2 <- 0x00000000


mem[X,0x800061C8] -> 0x1073
mem[X,0x800061CA] -> 0x0031
[6263] [M]: 0x800061C8 (0x00311073) csrrw zero, fcsr, sp
CSR fcsr -> 0x00000000
CSR fcsr <- 0x00000000 (input: 0x00000000)


mem[X,0x800061CC] -> 0x7FD3
mem[X,0x800061CE] -> 0x05DF
[6264] [M]: 0x800061CC (0x05DF7FD3) fadd.h ft11, ft10, ft9, dyn
f31 <- 0xFFFFFFFFFFFF7E00


mem[X,0x800061D0] -> 0x2273
mem[X,0x800061D2] -> 0x0030
[6265] [M]: 0x800061D0 (0x00302273) csrrs tp, fcsr, zero
CSR fcsr -> 0x00000000
x4 <- 0x00000000


mem[X,0x800061D4] -> 0xA827
mem[X,0x800061D6] -> 0x01F0
[6266] [M]: 0x800061D4 (0x01F0A827) fsw ft11, 16(ra)
mem[0x8000A424] <- 0xFFFF7E00


mem[X,0x800061D8] -> 0xAA23
mem[X,0x800061DA] -> 0x0040
[6267] [M]: 0x800061D8 (0x0040AA23) sw tp, 20(ra)
mem[0x8000A428] <- 0x00000000


mem[X,0x800061DC] -> 0x1137
mem[X,0x800061DE] -> 0x0000
[6268] [M]: 0x800061DC (0x00001137) lui sp, 1
x2 <- 0x00001000


mem[X,0x800061E0] -> 0x81B3
mem[X,0x800061E2] -> 0x0021
[6269] [M]: 0x800061E0 (0x002181B3) add gp, gp, sp
x3 <- 0x80009010


mem[X,0x800061E4] -> 0xAF07
mem[X,0x800061E6] -> 0x0181
[6270] [M]: 0x800061E4 (0x0181AF07) flw ft10, 24(gp)
mem[R,0x80009028] -> 0x0000FD55
f30 <- 0xFFFFFFFF0000FD55


mem[X,0x800061E8] -> 0x81B3
mem[X,0x800061EA] -> 0x4021
[6271] [M]: 0x800061E8 (0x402181B3) sub gp, gp, sp
x3 <- 0x80008010


mem[X,0x800061EC] -> 0x1137
mem[X,0x800061EE] -> 0x0000
[6272] [M]: 0x800061EC (0x00001137) lui sp, 1
x2 <- 0x00001000


mem[X,0x800061F0] -> 0x81B3
mem[X,0x800061F2] -> 0x0021
[6273] [M]: 0x800061F0 (0x002181B3) add gp, gp, sp
x3 <- 0x80009010


mem[X,0x800061F4] -> 0xAE87
mem[X,0x800061F6] -> 0x01C1
[6274] [M]: 0x800061F4 (0x01C1AE87) flw ft9, 28(gp)
mem[R,0x8000902C] -> 0x00008455
f29 <- 0xFFFFFFFF00008455


mem[X,0x800061F8] -> 0x81B3
mem[X,0x800061FA] -> 0x4021
[6275] [M]: 0x800061F8 (0x402181B3) sub gp, gp, sp
x3 <- 0x80008010


mem[X,0x800061FC] -> 0x0113
mem[X,0x800061FE] -> 0x0000
[6276] [M]: 0x800061FC (0x00000113) addi sp, zero, 0
x2 <- 0x00000000


mem[X,0x80006200] -> 0x1073
mem[X,0x80006202] -> 0x0031
[6277] [M]: 0x80006200 (0x00311073) csrrw zero, fcsr, sp
CSR fcsr -> 0x00000000
CSR fcsr <- 0x00000000 (input: 0x00000000)


mem[X,0x80006204] -> 0x7FD3
mem[X,0x80006206] -> 0x05DF
[6278] [M]: 0x80006204 (0x05DF7FD3) fadd.h ft11, ft10, ft9, dyn
f31 <- 0xFFFFFFFFFFFF7E00


mem[X,0x80006208] -> 0x2273
mem[X,0x8000620A] -> 0x0030
[6279] [M]: 0x80006208 (0x00302273) csrrs tp, fcsr, zero
CSR fcsr -> 0x00000000
x4 <- 0x00000000


mem[X,0x8000620C] -> 0xAC27
mem[X,0x8000620E] -> 0x01F0
[6280] [M]: 0x8000620C (0x01F0AC27) fsw ft11, 24(ra)
mem[0x8000A42C] <- 0xFFFF7E00


mem[X,0x80006210] -> 0xAE23
mem[X,0x80006212] -> 0x0040
[6281] [M]: 0x80006210 (0x0040AE23) sw tp, 28(ra)
mem[0x8000A430] <- 0x00000000


mem[X,0x80006214] -> 0x1137
mem[X,0x80006216] -> 0x0000
[6282] [M]: 0x80006214 (0x00001137) lui sp, 1
x2 <- 0x00001000


mem[X,0x80006218] -> 0x81B3
mem[X,0x8000621A] -> 0x0021
[6283] [M]: 0x80006218 (0x002181B3) add gp, gp, sp
x3 <- 0x80009010


mem[X,0x8000621C] -> 0xAF07
mem[X,0x8000621E] -> 0x0201
[6284] [M]: 0x8000621C (0x0201AF07) flw ft10, 32(gp)
mem[R,0x80009030] -> 0x0000FD55
f30 <- 0xFFFFFFFF0000FD55


mem[X,0x80006220] -> 0x81B3
mem[X,0x80006222] -> 0x4021
[6285] [M]: 0x80006220 (0x402181B3) sub gp, gp, sp
x3 <- 0x80008010


mem[X,0x80006224] -> 0x1137
mem[X,0x80006226] -> 0x0000
[6286] [M]: 0x80006224 (0x00001137) lui sp, 1
x2 <- 0x00001000


mem[X,0x80006228] -> 0x81B3
mem[X,0x8000622A] -> 0x0021
[6287] [M]: 0x80006228 (0x002181B3) add gp, gp, sp
x3 <- 0x80009010


mem[X,0x8000622C] -> 0xAE87
mem[X,0x8000622E] -> 0x0241
[6288] [M]: 0x8000622C (0x0241AE87) flw ft9, 36(gp)
mem[R,0x80009034] -> 0x00007BFF
f29 <- 0xFFFFFFFF00007BFF


mem[X,0x80006230] -> 0x81B3
mem[X,0x80006232] -> 0x4021
[6289] [M]: 0x80006230 (0x402181B3) sub gp, gp, sp
x3 <- 0x80008010


mem[X,0x80006234] -> 0x0113
mem[X,0x80006236] -> 0x0000
[6290] [M]: 0x80006234 (0x00000113) addi sp, zero, 0
x2 <- 0x00000000


mem[X,0x80006238] -> 0x1073
mem[X,0x8000623A] -> 0x0031
[6291] [M]: 0x80006238 (0x00311073) csrrw zero, fcsr, sp
CSR fcsr -> 0x00000000
CSR fcsr <- 0x00000000 (input: 0x00000000)


mem[X,0x8000623C] -> 0x7FD3
mem[X,0x8000623E] -> 0x05DF
[6292] [M]: 0x8000623C (0x05DF7FD3) fadd.h ft11, ft10, ft9, dyn
f31 <- 0xFFFFFFFFFFFF7E00


mem[X,0x80006240] -> 0x2273
mem[X,0x80006242] -> 0x0030
[6293] [M]: 0x80006240 (0x00302273) csrrs tp, fcsr, zero
CSR fcsr -> 0x00000000
x4 <- 0x00000000


mem[X,0x80006244] -> 0xA027
mem[X,0x80006246] -> 0x03F0
[6294] [M]: 0x80006244 (0x03F0A027) fsw ft11, 32(ra)
mem[0x8000A434] <- 0xFFFF7E00


mem[X,0x80006248] -> 0xA223
mem[X,0x8000624A] -> 0x0240
[6295] [M]: 0x80006248 (0x0240A223) sw tp, 36(ra)
mem[0x8000A438] <- 0x00000000


mem[X,0x8000624C] -> 0x1137
mem[X,0x8000624E] -> 0x0000
[6296] [M]: 0x8000624C (0x00001137) lui sp, 1
x2 <- 0x00001000


mem[X,0x80006250] -> 0x81B3
mem[X,0x80006252] -> 0x0021
[6297] [M]: 0x80006250 (0x002181B3) add gp, gp, sp
x3 <- 0x80009010


mem[X,0x80006254] -> 0xAF07
mem[X,0x80006256] -> 0x0281
[6298] [M]: 0x80006254 (0x0281AF07) flw ft10, 40(gp)
mem[R,0x80009038] -> 0x0000FD55
f30 <- 0xFFFFFFFF0000FD55


mem[X,0x80006258] -> 0x81B3
mem[X,0x8000625A] -> 0x4021
[6299] [M]: 0x80006258 (0x402181B3) sub gp, gp, sp
x3 <- 0x80008010


clint::tick mtime <- 0x000000000000003F
 clint timer pending at mtime 0x000000000000003F
htif::tick 0x0000000000000000
mem[X,0x8000625C] -> 0x1137
mem[X,0x8000625E] -> 0x0000
[6300] [M]: 0x8000625C (0x00001137) lui sp, 1
x2 <- 0x00001000


mem[X,0x80006260] -> 0x81B3
mem[X,0x80006262] -> 0x0021
[6301] [M]: 0x80006260 (0x002181B3) add gp, gp, sp
x3 <- 0x80009010


mem[X,0x80006264] -> 0xAE87
mem[X,0x80006266] -> 0x02C1
[6302] [M]: 0x80006264 (0x02C1AE87) flw ft9, 44(gp)
mem[R,0x8000903C] -> 0x0000FBFF
f29 <- 0xFFFFFFFF0000FBFF


mem[X,0x80006268] -> 0x81B3
mem[X,0x8000626A] -> 0x4021
[6303] [M]: 0x80006268 (0x402181B3) sub gp, gp, sp
x3 <- 0x80008010


mem[X,0x8000626C] -> 0x0113
mem[X,0x8000626E] -> 0x0000
[6304] [M]: 0x8000626C (0x00000113) addi sp, zero, 0
x2 <- 0x00000000


mem[X,0x80006270] -> 0x1073
mem[X,0x80006272] -> 0x0031
[6305] [M]: 0x80006270 (0x00311073) csrrw zero, fcsr, sp
CSR fcsr -> 0x00000000
CSR fcsr <- 0x00000000 (input: 0x00000000)


mem[X,0x80006274] -> 0x7FD3
mem[X,0x80006276] -> 0x05DF
[6306] [M]: 0x80006274 (0x05DF7FD3) fadd.h ft11, ft10, ft9, dyn
f31 <- 0xFFFFFFFFFFFF7E00


mem[X,0x80006278] -> 0x2273
mem[X,0x8000627A] -> 0x0030
[6307] [M]: 0x80006278 (0x00302273) csrrs tp, fcsr, zero
CSR fcsr -> 0x00000000
x4 <- 0x00000000


mem[X,0x8000627C] -> 0xA427
mem[X,0x8000627E] -> 0x03F0
[6308] [M]: 0x8000627C (0x03F0A427) fsw ft11, 40(ra)
mem[0x8000A43C] <- 0xFFFF7E00


mem[X,0x80006280] -> 0xA623
mem[X,0x80006282] -> 0x0240
[6309] [M]: 0x80006280 (0x0240A623) sw tp, 44(ra)
mem[0x8000A440] <- 0x00000000


mem[X,0x80006284] -> 0x1137
mem[X,0x80006286] -> 0x0000
[6310] [M]: 0x80006284 (0x00001137) lui sp, 1
x2 <- 0x00001000


mem[X,0x80006288] -> 0x81B3
mem[X,0x8000628A] -> 0x0021
[6311] [M]: 0x80006288 (0x002181B3) add gp, gp, sp
x3 <- 0x80009010


mem[X,0x8000628C] -> 0xAF07
mem[X,0x8000628E] -> 0x0301
[6312] [M]: 0x8000628C (0x0301AF07) flw ft10, 48(gp)
mem[R,0x80009040] -> 0x0000FD55
f30 <- 0xFFFFFFFF0000FD55


mem[X,0x80006290] -> 0x81B3
mem[X,0x80006292] -> 0x4021
[6313] [M]: 0x80006290 (0x402181B3) sub gp, gp, sp
x3 <- 0x80008010


mem[X,0x80006294] -> 0x1137
mem[X,0x80006296] -> 0x0000
[6314] [M]: 0x80006294 (0x00001137) lui sp, 1
x2 <- 0x00001000


mem[X,0x80006298] -> 0x81B3
mem[X,0x8000629A] -> 0x0021
[6315] [M]: 0x80006298 (0x002181B3) add gp, gp, sp
x3 <- 0x80009010


mem[X,0x8000629C] -> 0xAE87
mem[X,0x8000629E] -> 0x0341
[6316] [M]: 0x8000629C (0x0341AE87) flw ft9, 52(gp)
mem[R,0x80009044] -> 0x00007C00
f29 <- 0xFFFFFFFF00007C00


mem[X,0x800062A0] -> 0x81B3
mem[X,0x800062A2] -> 0x4021
[6317] [M]: 0x800062A0 (0x402181B3) sub gp, gp, sp
x3 <- 0x80008010


mem[X,0x800062A4] -> 0x0113
mem[X,0x800062A6] -> 0x0000
[6318] [M]: 0x800062A4 (0x00000113) addi sp, zero, 0
x2 <- 0x00000000


mem[X,0x800062A8] -> 0x1073
mem[X,0x800062AA] -> 0x0031
[6319] [M]: 0x800062A8 (0x00311073) csrrw zero, fcsr, sp
CSR fcsr -> 0x00000000
CSR fcsr <- 0x00000000 (input: 0x00000000)


mem[X,0x800062AC] -> 0x7FD3
mem[X,0x800062AE] -> 0x05DF
[6320] [M]: 0x800062AC (0x05DF7FD3) fadd.h ft11, ft10, ft9, dyn
f31 <- 0xFFFFFFFFFFFF7E00


mem[X,0x800062B0] -> 0x2273
mem[X,0x800062B2] -> 0x0030
[6321] [M]: 0x800062B0 (0x00302273) csrrs tp, fcsr, zero
CSR fcsr -> 0x00000000
x4 <- 0x00000000


mem[X,0x800062B4] -> 0xA827
mem[X,0x800062B6] -> 0x03F0
[6322] [M]: 0x800062B4 (0x03F0A827) fsw ft11, 48(ra)
mem[0x8000A444] <- 0xFFFF7E00


mem[X,0x800062B8] -> 0xAA23
mem[X,0x800062BA] -> 0x0240
[6323] [M]: 0x800062B8 (0x0240AA23) sw tp, 52(ra)
mem[0x8000A448] <- 0x00000000


mem[X,0x800062BC] -> 0x1137
mem[X,0x800062BE] -> 0x0000
[6324] [M]: 0x800062BC (0x00001137) lui sp, 1
x2 <- 0x00001000


mem[X,0x800062C0] -> 0x81B3
mem[X,0x800062C2] -> 0x0021
[6325] [M]: 0x800062C0 (0x002181B3) add gp, gp, sp
x3 <- 0x80009010


mem[X,0x800062C4] -> 0xAF07
mem[X,0x800062C6] -> 0x0381
[6326] [M]: 0x800062C4 (0x0381AF07) flw ft10, 56(gp)
mem[R,0x80009048] -> 0x0000FD55
f30 <- 0xFFFFFFFF0000FD55


mem[X,0x800062C8] -> 0x81B3
mem[X,0x800062CA] -> 0x4021
[6327] [M]: 0x800062C8 (0x402181B3) sub gp, gp, sp
x3 <- 0x80008010


mem[X,0x800062CC] -> 0x1137
mem[X,0x800062CE] -> 0x0000
[6328] [M]: 0x800062CC (0x00001137) lui sp, 1
x2 <- 0x00001000


mem[X,0x800062D0] -> 0x81B3
mem[X,0x800062D2] -> 0x0021
[6329] [M]: 0x800062D0 (0x002181B3) add gp, gp, sp
x3 <- 0x80009010


mem[X,0x800062D4] -> 0xAE87
mem[X,0x800062D6] -> 0x03C1
[6330] [M]: 0x800062D4 (0x03C1AE87) flw ft9, 60(gp)
mem[R,0x8000904C] -> 0x0000FC00
f29 <- 0xFFFFFFFF0000FC00


mem[X,0x800062D8] -> 0x81B3
mem[X,0x800062DA] -> 0x4021
[6331] [M]: 0x800062D8 (0x402181B3) sub gp, gp, sp
x3 <- 0x80008010


mem[X,0x800062DC] -> 0x0113
mem[X,0x800062DE] -> 0x0000
[6332] [M]: 0x800062DC (0x00000113) addi sp, zero, 0
x2 <- 0x00000000


mem[X,0x800062E0] -> 0x1073
mem[X,0x800062E2] -> 0x0031
[6333] [M]: 0x800062E0 (0x00311073) csrrw zero, fcsr, sp
CSR fcsr -> 0x00000000
CSR fcsr <- 0x00000000 (input: 0x00000000)


mem[X,0x800062E4] -> 0x7FD3
mem[X,0x800062E6] -> 0x05DF
[6334] [M]: 0x800062E4 (0x05DF7FD3) fadd.h ft11, ft10, ft9, dyn
f31 <- 0xFFFFFFFFFFFF7E00


mem[X,0x800062E8] -> 0x2273
mem[X,0x800062EA] -> 0x0030
[6335] [M]: 0x800062E8 (0x00302273) csrrs tp, fcsr, zero
CSR fcsr -> 0x00000000
x4 <- 0x00000000


mem[X,0x800062EC] -> 0xAC27
mem[X,0x800062EE] -> 0x03F0
[6336] [M]: 0x800062EC (0x03F0AC27) fsw ft11, 56(ra)
mem[0x8000A44C] <- 0xFFFF7E00


mem[X,0x800062F0] -> 0xAE23
mem[X,0x800062F2] -> 0x0240
[6337] [M]: 0x800062F0 (0x0240AE23) sw tp, 60(ra)
mem[0x8000A450] <- 0x00000000


mem[X,0x800062F4] -> 0x1137
mem[X,0x800062F6] -> 0x0000
[6338] [M]: 0x800062F4 (0x00001137) lui sp, 1
x2 <- 0x00001000


mem[X,0x800062F8] -> 0x81B3
mem[X,0x800062FA] -> 0x0021
[6339] [M]: 0x800062F8 (0x002181B3) add gp, gp, sp
x3 <- 0x80009010


mem[X,0x800062FC] -> 0xAF07
mem[X,0x800062FE] -> 0x0401
[6340] [M]: 0x800062FC (0x0401AF07) flw ft10, 64(gp)
mem[R,0x80009050] -> 0x0000FD55
f30 <- 0xFFFFFFFF0000FD55


mem[X,0x80006300] -> 0x81B3
mem[X,0x80006302] -> 0x4021
[6341] [M]: 0x80006300 (0x402181B3) sub gp, gp, sp
x3 <- 0x80008010


mem[X,0x80006304] -> 0x1137
mem[X,0x80006306] -> 0x0000
[6342] [M]: 0x80006304 (0x00001137) lui sp, 1
x2 <- 0x00001000


mem[X,0x80006308] -> 0x81B3
mem[X,0x8000630A] -> 0x0021
[6343] [M]: 0x80006308 (0x002181B3) add gp, gp, sp
x3 <- 0x80009010


mem[X,0x8000630C] -> 0xAE87
mem[X,0x8000630E] -> 0x0441
[6344] [M]: 0x8000630C (0x0441AE87) flw ft9, 68(gp)
mem[R,0x80009054] -> 0x00007E00
f29 <- 0xFFFFFFFF00007E00


mem[X,0x80006310] -> 0x81B3
mem[X,0x80006312] -> 0x4021
[6345] [M]: 0x80006310 (0x402181B3) sub gp, gp, sp
x3 <- 0x80008010


mem[X,0x80006314] -> 0x0113
mem[X,0x80006316] -> 0x0000
[6346] [M]: 0x80006314 (0x00000113) addi sp, zero, 0
x2 <- 0x00000000


mem[X,0x80006318] -> 0x1073
mem[X,0x8000631A] -> 0x0031
[6347] [M]: 0x80006318 (0x00311073) csrrw zero, fcsr, sp
CSR fcsr -> 0x00000000
CSR fcsr <- 0x00000000 (input: 0x00000000)


mem[X,0x8000631C] -> 0x7FD3
mem[X,0x8000631E] -> 0x05DF
[6348] [M]: 0x8000631C (0x05DF7FD3) fadd.h ft11, ft10, ft9, dyn
f31 <- 0xFFFFFFFFFFFF7E00


mem[X,0x80006320] -> 0x2273
mem[X,0x80006322] -> 0x0030
[6349] [M]: 0x80006320 (0x00302273) csrrs tp, fcsr, zero
CSR fcsr -> 0x00000000
x4 <- 0x00000000


mem[X,0x80006324] -> 0xA027
mem[X,0x80006326] -> 0x05F0
[6350] [M]: 0x80006324 (0x05F0A027) fsw ft11, 64(ra)
mem[0x8000A454] <- 0xFFFF7E00


mem[X,0x80006328] -> 0xA223
mem[X,0x8000632A] -> 0x0440
[6351] [M]: 0x80006328 (0x0440A223) sw tp, 68(ra)
mem[0x8000A458] <- 0x00000000


mem[X,0x8000632C] -> 0x1137
mem[X,0x8000632E] -> 0x0000
[6352] [M]: 0x8000632C (0x00001137) lui sp, 1
x2 <- 0x00001000


mem[X,0x80006330] -> 0x81B3
mem[X,0x80006332] -> 0x0021
[6353] [M]: 0x80006330 (0x002181B3) add gp, gp, sp
x3 <- 0x80009010


mem[X,0x80006334] -> 0xAF07
mem[X,0x80006336] -> 0x0481
[6354] [M]: 0x80006334 (0x0481AF07) flw ft10, 72(gp)
mem[R,0x80009058] -> 0x0000FD55
f30 <- 0xFFFFFFFF0000FD55


mem[X,0x80006338] -> 0x81B3
mem[X,0x8000633A] -> 0x4021
[6355] [M]: 0x80006338 (0x402181B3) sub gp, gp, sp
x3 <- 0x80008010


mem[X,0x8000633C] -> 0x1137
mem[X,0x8000633E] -> 0x0000
[6356] [M]: 0x8000633C (0x00001137) lui sp, 1
x2 <- 0x00001000


mem[X,0x80006340] -> 0x81B3
mem[X,0x80006342] -> 0x0021
[6357] [M]: 0x80006340 (0x002181B3) add gp, gp, sp
x3 <- 0x80009010


mem[X,0x80006344] -> 0xAE87
mem[X,0x80006346] -> 0x04C1
[6358] [M]: 0x80006344 (0x04C1AE87) flw ft9, 76(gp)
mem[R,0x8000905C] -> 0x0000FE00
f29 <- 0xFFFFFFFF0000FE00


mem[X,0x80006348] -> 0x81B3
mem[X,0x8000634A] -> 0x4021
[6359] [M]: 0x80006348 (0x402181B3) sub gp, gp, sp
x3 <- 0x80008010


mem[X,0x8000634C] -> 0x0113
mem[X,0x8000634E] -> 0x0000
[6360] [M]: 0x8000634C (0x00000113) addi sp, zero, 0
x2 <- 0x00000000


mem[X,0x80006350] -> 0x1073
mem[X,0x80006352] -> 0x0031
[6361] [M]: 0x80006350 (0x00311073) csrrw zero, fcsr, sp
CSR fcsr -> 0x00000000
CSR fcsr <- 0x00000000 (input: 0x00000000)


mem[X,0x80006354] -> 0x7FD3
mem[X,0x80006356] -> 0x05DF
[6362] [M]: 0x80006354 (0x05DF7FD3) fadd.h ft11, ft10, ft9, dyn
f31 <- 0xFFFFFFFFFFFF7E00


mem[X,0x80006358] -> 0x2273
mem[X,0x8000635A] -> 0x0030
[6363] [M]: 0x80006358 (0x00302273) csrrs tp, fcsr, zero
CSR fcsr -> 0x00000000
x4 <- 0x00000000


mem[X,0x8000635C] -> 0xA427
mem[X,0x8000635E] -> 0x05F0
[6364] [M]: 0x8000635C (0x05F0A427) fsw ft11, 72(ra)
mem[0x8000A45C] <- 0xFFFF7E00


mem[X,0x80006360] -> 0xA623
mem[X,0x80006362] -> 0x0440
[6365] [M]: 0x80006360 (0x0440A623) sw tp, 76(ra)
mem[0x8000A460] <- 0x00000000


mem[X,0x80006364] -> 0x1137
mem[X,0x80006366] -> 0x0000
[6366] [M]: 0x80006364 (0x00001137) lui sp, 1
x2 <- 0x00001000


mem[X,0x80006368] -> 0x81B3
mem[X,0x8000636A] -> 0x0021
[6367] [M]: 0x80006368 (0x002181B3) add gp, gp, sp
x3 <- 0x80009010


mem[X,0x8000636C] -> 0xAF07
mem[X,0x8000636E] -> 0x0501
[6368] [M]: 0x8000636C (0x0501AF07) flw ft10, 80(gp)
mem[R,0x80009060] -> 0x0000FD55
f30 <- 0xFFFFFFFF0000FD55


mem[X,0x80006370] -> 0x81B3
mem[X,0x80006372] -> 0x4021
[6369] [M]: 0x80006370 (0x402181B3) sub gp, gp, sp
x3 <- 0x80008010


mem[X,0x80006374] -> 0x1137
mem[X,0x80006376] -> 0x0000
[6370] [M]: 0x80006374 (0x00001137) lui sp, 1
x2 <- 0x00001000


mem[X,0x80006378] -> 0x81B3
mem[X,0x8000637A] -> 0x0021
[6371] [M]: 0x80006378 (0x002181B3) add gp, gp, sp
x3 <- 0x80009010


mem[X,0x8000637C] -> 0xAE87
mem[X,0x8000637E] -> 0x0541
[6372] [M]: 0x8000637C (0x0541AE87) flw ft9, 84(gp)
mem[R,0x80009064] -> 0x00007E01
f29 <- 0xFFFFFFFF00007E01


mem[X,0x80006380] -> 0x81B3
mem[X,0x80006382] -> 0x4021
[6373] [M]: 0x80006380 (0x402181B3) sub gp, gp, sp
x3 <- 0x80008010


mem[X,0x80006384] -> 0x0113
mem[X,0x80006386] -> 0x0000
[6374] [M]: 0x80006384 (0x00000113) addi sp, zero, 0
x2 <- 0x00000000


mem[X,0x80006388] -> 0x1073
mem[X,0x8000638A] -> 0x0031
[6375] [M]: 0x80006388 (0x00311073) csrrw zero, fcsr, sp
CSR fcsr -> 0x00000000
CSR fcsr <- 0x00000000 (input: 0x00000000)


mem[X,0x8000638C] -> 0x7FD3
mem[X,0x8000638E] -> 0x05DF
[6376] [M]: 0x8000638C (0x05DF7FD3) fadd.h ft11, ft10, ft9, dyn
f31 <- 0xFFFFFFFFFFFF7E00


mem[X,0x80006390] -> 0x2273
mem[X,0x80006392] -> 0x0030
[6377] [M]: 0x80006390 (0x00302273) csrrs tp, fcsr, zero
CSR fcsr -> 0x00000000
x4 <- 0x00000000


mem[X,0x80006394] -> 0xA827
mem[X,0x80006396] -> 0x05F0
[6378] [M]: 0x80006394 (0x05F0A827) fsw ft11, 80(ra)
mem[0x8000A464] <- 0xFFFF7E00


mem[X,0x80006398] -> 0xAA23
mem[X,0x8000639A] -> 0x0440
[6379] [M]: 0x80006398 (0x0440AA23) sw tp, 84(ra)
mem[0x8000A468] <- 0x00000000


mem[X,0x8000639C] -> 0x1137
mem[X,0x8000639E] -> 0x0000
[6380] [M]: 0x8000639C (0x00001137) lui sp, 1
x2 <- 0x00001000


mem[X,0x800063A0] -> 0x81B3
mem[X,0x800063A2] -> 0x0021
[6381] [M]: 0x800063A0 (0x002181B3) add gp, gp, sp
x3 <- 0x80009010


mem[X,0x800063A4] -> 0xAF07
mem[X,0x800063A6] -> 0x0581
[6382] [M]: 0x800063A4 (0x0581AF07) flw ft10, 88(gp)
mem[R,0x80009068] -> 0x0000FD55
f30 <- 0xFFFFFFFF0000FD55


mem[X,0x800063A8] -> 0x81B3
mem[X,0x800063AA] -> 0x4021
[6383] [M]: 0x800063A8 (0x402181B3) sub gp, gp, sp
x3 <- 0x80008010


mem[X,0x800063AC] -> 0x1137
mem[X,0x800063AE] -> 0x0000
[6384] [M]: 0x800063AC (0x00001137) lui sp, 1
x2 <- 0x00001000


mem[X,0x800063B0] -> 0x81B3
mem[X,0x800063B2] -> 0x0021
[6385] [M]: 0x800063B0 (0x002181B3) add gp, gp, sp
x3 <- 0x80009010


mem[X,0x800063B4] -> 0xAE87
mem[X,0x800063B6] -> 0x05C1
[6386] [M]: 0x800063B4 (0x05C1AE87) flw ft9, 92(gp)
mem[R,0x8000906C] -> 0x0000FE55
f29 <- 0xFFFFFFFF0000FE55


mem[X,0x800063B8] -> 0x81B3
mem[X,0x800063BA] -> 0x4021
[6387] [M]: 0x800063B8 (0x402181B3) sub gp, gp, sp
x3 <- 0x80008010


mem[X,0x800063BC] -> 0x0113
mem[X,0x800063BE] -> 0x0000
[6388] [M]: 0x800063BC (0x00000113) addi sp, zero, 0
x2 <- 0x00000000


mem[X,0x800063C0] -> 0x1073
mem[X,0x800063C2] -> 0x0031
[6389] [M]: 0x800063C0 (0x00311073) csrrw zero, fcsr, sp
CSR fcsr -> 0x00000000
CSR fcsr <- 0x00000000 (input: 0x00000000)


mem[X,0x800063C4] -> 0x7FD3
mem[X,0x800063C6] -> 0x05DF
[6390] [M]: 0x800063C4 (0x05DF7FD3) fadd.h ft11, ft10, ft9, dyn
f31 <- 0xFFFFFFFFFFFF7E00


mem[X,0x800063C8] -> 0x2273
mem[X,0x800063CA] -> 0x0030
[6391] [M]: 0x800063C8 (0x00302273) csrrs tp, fcsr, zero
CSR fcsr -> 0x00000000
x4 <- 0x00000000


mem[X,0x800063CC] -> 0xAC27
mem[X,0x800063CE] -> 0x05F0
[6392] [M]: 0x800063CC (0x05F0AC27) fsw ft11, 88(ra)
mem[0x8000A46C] <- 0xFFFF7E00


mem[X,0x800063D0] -> 0xAE23
mem[X,0x800063D2] -> 0x0440
[6393] [M]: 0x800063D0 (0x0440AE23) sw tp, 92(ra)
mem[0x8000A470] <- 0x00000000


mem[X,0x800063D4] -> 0x1137
mem[X,0x800063D6] -> 0x0000
[6394] [M]: 0x800063D4 (0x00001137) lui sp, 1
x2 <- 0x00001000


mem[X,0x800063D8] -> 0x81B3
mem[X,0x800063DA] -> 0x0021
[6395] [M]: 0x800063D8 (0x002181B3) add gp, gp, sp
x3 <- 0x80009010


mem[X,0x800063DC] -> 0xAF07
mem[X,0x800063DE] -> 0x0601
[6396] [M]: 0x800063DC (0x0601AF07) flw ft10, 96(gp)
mem[R,0x80009070] -> 0x0000FD55
f30 <- 0xFFFFFFFF0000FD55


mem[X,0x800063E0] -> 0x81B3
mem[X,0x800063E2] -> 0x4021
[6397] [M]: 0x800063E0 (0x402181B3) sub gp, gp, sp
x3 <- 0x80008010


mem[X,0x800063E4] -> 0x1137
mem[X,0x800063E6] -> 0x0000
[6398] [M]: 0x800063E4 (0x00001137) lui sp, 1
x2 <- 0x00001000


mem[X,0x800063E8] -> 0x81B3
mem[X,0x800063EA] -> 0x0021
[6399] [M]: 0x800063E8 (0x002181B3) add gp, gp, sp
x3 <- 0x80009010


clint::tick mtime <- 0x0000000000000040
 clint timer pending at mtime 0x0000000000000040
htif::tick 0x0000000000000000
mem[X,0x800063EC] -> 0xAE87
mem[X,0x800063EE] -> 0x0641
[6400] [M]: 0x800063EC (0x0641AE87) flw ft9, 100(gp)
mem[R,0x80009074] -> 0x00007C01
f29 <- 0xFFFFFFFF00007C01


mem[X,0x800063F0] -> 0x81B3
mem[X,0x800063F2] -> 0x4021
[6401] [M]: 0x800063F0 (0x402181B3) sub gp, gp, sp
x3 <- 0x80008010


mem[X,0x800063F4] -> 0x0113
mem[X,0x800063F6] -> 0x0000
[6402] [M]: 0x800063F4 (0x00000113) addi sp, zero, 0
x2 <- 0x00000000


mem[X,0x800063F8] -> 0x1073
mem[X,0x800063FA] -> 0x0031
[6403] [M]: 0x800063F8 (0x00311073) csrrw zero, fcsr, sp
CSR fcsr -> 0x00000000
CSR fcsr <- 0x00000000 (input: 0x00000000)


mem[X,0x800063FC] -> 0x7FD3
mem[X,0x800063FE] -> 0x05DF
[6404] [M]: 0x800063FC (0x05DF7FD3) fadd.h ft11, ft10, ft9, dyn
f31 <- 0xFFFFFFFFFFFF7E00


mem[X,0x80006400] -> 0x2273
mem[X,0x80006402] -> 0x0030
[6405] [M]: 0x80006400 (0x00302273) csrrs tp, fcsr, zero
CSR fcsr -> 0x00000000
x4 <- 0x00000000


mem[X,0x80006404] -> 0xA027
mem[X,0x80006406] -> 0x07F0
[6406] [M]: 0x80006404 (0x07F0A027) fsw ft11, 96(ra)
mem[0x8000A474] <- 0xFFFF7E00


mem[X,0x80006408] -> 0xA223
mem[X,0x8000640A] -> 0x0640
[6407] [M]: 0x80006408 (0x0640A223) sw tp, 100(ra)
mem[0x8000A478] <- 0x00000000


mem[X,0x8000640C] -> 0x1137
mem[X,0x8000640E] -> 0x0000
[6408] [M]: 0x8000640C (0x00001137) lui sp, 1
x2 <- 0x00001000


mem[X,0x80006410] -> 0x81B3
mem[X,0x80006412] -> 0x0021
[6409] [M]: 0x80006410 (0x002181B3) add gp, gp, sp
x3 <- 0x80009010


mem[X,0x80006414] -> 0xAF07
mem[X,0x80006416] -> 0x0681
[6410] [M]: 0x80006414 (0x0681AF07) flw ft10, 104(gp)
mem[R,0x80009078] -> 0x0000FD55
f30 <- 0xFFFFFFFF0000FD55


mem[X,0x80006418] -> 0x81B3
mem[X,0x8000641A] -> 0x4021
[6411] [M]: 0x80006418 (0x402181B3) sub gp, gp, sp
x3 <- 0x80008010


mem[X,0x8000641C] -> 0x1137
mem[X,0x8000641E] -> 0x0000
[6412] [M]: 0x8000641C (0x00001137) lui sp, 1
x2 <- 0x00001000


mem[X,0x80006420] -> 0x81B3
mem[X,0x80006422] -> 0x0021
[6413] [M]: 0x80006420 (0x002181B3) add gp, gp, sp
x3 <- 0x80009010


mem[X,0x80006424] -> 0xAE87
mem[X,0x80006426] -> 0x06C1
[6414] [M]: 0x80006424 (0x06C1AE87) flw ft9, 108(gp)
mem[R,0x8000907C] -> 0x0000FD55
f29 <- 0xFFFFFFFF0000FD55


mem[X,0x80006428] -> 0x81B3
mem[X,0x8000642A] -> 0x4021
[6415] [M]: 0x80006428 (0x402181B3) sub gp, gp, sp
x3 <- 0x80008010


mem[X,0x8000642C] -> 0x0113
mem[X,0x8000642E] -> 0x0000
[6416] [M]: 0x8000642C (0x00000113) addi sp, zero, 0
x2 <- 0x00000000


mem[X,0x80006430] -> 0x1073
mem[X,0x80006432] -> 0x0031
[6417] [M]: 0x80006430 (0x00311073) csrrw zero, fcsr, sp
CSR fcsr -> 0x00000000
CSR fcsr <- 0x00000000 (input: 0x00000000)


mem[X,0x80006434] -> 0x7FD3
mem[X,0x80006436] -> 0x05DF
[6418] [M]: 0x80006434 (0x05DF7FD3) fadd.h ft11, ft10, ft9, dyn
f31 <- 0xFFFFFFFFFFFF7E00


mem[X,0x80006438] -> 0x2273
mem[X,0x8000643A] -> 0x0030
[6419] [M]: 0x80006438 (0x00302273) csrrs tp, fcsr, zero
CSR fcsr -> 0x00000000
x4 <- 0x00000000


mem[X,0x8000643C] -> 0xA427
mem[X,0x8000643E] -> 0x07F0
[6420] [M]: 0x8000643C (0x07F0A427) fsw ft11, 104(ra)
mem[0x8000A47C] <- 0xFFFF7E00


mem[X,0x80006440] -> 0xA623
mem[X,0x80006442] -> 0x0640
[6421] [M]: 0x80006440 (0x0640A623) sw tp, 108(ra)
mem[0x8000A480] <- 0x00000000


mem[X,0x80006444] -> 0x1137
mem[X,0x80006446] -> 0x0000
[6422] [M]: 0x80006444 (0x00001137) lui sp, 1
x2 <- 0x00001000


mem[X,0x80006448] -> 0x81B3
mem[X,0x8000644A] -> 0x0021
[6423] [M]: 0x80006448 (0x002181B3) add gp, gp, sp
x3 <- 0x80009010


mem[X,0x8000644C] -> 0xAF07
mem[X,0x8000644E] -> 0x0701
[6424] [M]: 0x8000644C (0x0701AF07) flw ft10, 112(gp)
mem[R,0x80009080] -> 0x0000FD55
f30 <- 0xFFFFFFFF0000FD55


mem[X,0x80006450] -> 0x81B3
mem[X,0x80006452] -> 0x4021
[6425] [M]: 0x80006450 (0x402181B3) sub gp, gp, sp
x3 <- 0x80008010


mem[X,0x80006454] -> 0x1137
mem[X,0x80006456] -> 0x0000
[6426] [M]: 0x80006454 (0x00001137) lui sp, 1
x2 <- 0x00001000


mem[X,0x80006458] -> 0x81B3
mem[X,0x8000645A] -> 0x0021
[6427] [M]: 0x80006458 (0x002181B3) add gp, gp, sp
x3 <- 0x80009010


mem[X,0x8000645C] -> 0xAE87
mem[X,0x8000645E] -> 0x0741
[6428] [M]: 0x8000645C (0x0741AE87) flw ft9, 116(gp)
mem[R,0x80009084] -> 0x00003C00
f29 <- 0xFFFFFFFF00003C00


mem[X,0x80006460] -> 0x81B3
mem[X,0x80006462] -> 0x4021
[6429] [M]: 0x80006460 (0x402181B3) sub gp, gp, sp
x3 <- 0x80008010


mem[X,0x80006464] -> 0x0113
mem[X,0x80006466] -> 0x0000
[6430] [M]: 0x80006464 (0x00000113) addi sp, zero, 0
x2 <- 0x00000000


mem[X,0x80006468] -> 0x1073
mem[X,0x8000646A] -> 0x0031
[6431] [M]: 0x80006468 (0x00311073) csrrw zero, fcsr, sp
CSR fcsr -> 0x00000000
CSR fcsr <- 0x00000000 (input: 0x00000000)


mem[X,0x8000646C] -> 0x7FD3
mem[X,0x8000646E] -> 0x05DF
[6432] [M]: 0x8000646C (0x05DF7FD3) fadd.h ft11, ft10, ft9, dyn
f31 <- 0xFFFFFFFFFFFF7E00


mem[X,0x80006470] -> 0x2273
mem[X,0x80006472] -> 0x0030
[6433] [M]: 0x80006470 (0x00302273) csrrs tp, fcsr, zero
CSR fcsr -> 0x00000000
x4 <- 0x00000000


mem[X,0x80006474] -> 0xA827
mem[X,0x80006476] -> 0x07F0
[6434] [M]: 0x80006474 (0x07F0A827) fsw ft11, 112(ra)
mem[0x8000A484] <- 0xFFFF7E00


mem[X,0x80006478] -> 0xAA23
mem[X,0x8000647A] -> 0x0640
[6435] [M]: 0x80006478 (0x0640AA23) sw tp, 116(ra)
mem[0x8000A488] <- 0x00000000


mem[X,0x8000647C] -> 0x1137
mem[X,0x8000647E] -> 0x0000
[6436] [M]: 0x8000647C (0x00001137) lui sp, 1
x2 <- 0x00001000


mem[X,0x80006480] -> 0x81B3
mem[X,0x80006482] -> 0x0021
[6437] [M]: 0x80006480 (0x002181B3) add gp, gp, sp
x3 <- 0x80009010


mem[X,0x80006484] -> 0xAF07
mem[X,0x80006486] -> 0x0781
[6438] [M]: 0x80006484 (0x0781AF07) flw ft10, 120(gp)
mem[R,0x80009088] -> 0x0000FD55
f30 <- 0xFFFFFFFF0000FD55


mem[X,0x80006488] -> 0x81B3
mem[X,0x8000648A] -> 0x4021
[6439] [M]: 0x80006488 (0x402181B3) sub gp, gp, sp
x3 <- 0x80008010


mem[X,0x8000648C] -> 0x1137
mem[X,0x8000648E] -> 0x0000
[6440] [M]: 0x8000648C (0x00001137) lui sp, 1
x2 <- 0x00001000


mem[X,0x80006490] -> 0x81B3
mem[X,0x80006492] -> 0x0021
[6441] [M]: 0x80006490 (0x002181B3) add gp, gp, sp
x3 <- 0x80009010


mem[X,0x80006494] -> 0xAE87
mem[X,0x80006496] -> 0x07C1
[6442] [M]: 0x80006494 (0x07C1AE87) flw ft9, 124(gp)
mem[R,0x8000908C] -> 0x0000BC00
f29 <- 0xFFFFFFFF0000BC00


mem[X,0x80006498] -> 0x81B3
mem[X,0x8000649A] -> 0x4021
[6443] [M]: 0x80006498 (0x402181B3) sub gp, gp, sp
x3 <- 0x80008010


mem[X,0x8000649C] -> 0x0113
mem[X,0x8000649E] -> 0x0000
[6444] [M]: 0x8000649C (0x00000113) addi sp, zero, 0
x2 <- 0x00000000


mem[X,0x800064A0] -> 0x1073
mem[X,0x800064A2] -> 0x0031
[6445] [M]: 0x800064A0 (0x00311073) csrrw zero, fcsr, sp
CSR fcsr -> 0x00000000
CSR fcsr <- 0x00000000 (input: 0x00000000)


mem[X,0x800064A4] -> 0x7FD3
mem[X,0x800064A6] -> 0x05DF
[6446] [M]: 0x800064A4 (0x05DF7FD3) fadd.h ft11, ft10, ft9, dyn
f31 <- 0xFFFFFFFFFFFF7E00


mem[X,0x800064A8] -> 0x2273
mem[X,0x800064AA] -> 0x0030
[6447] [M]: 0x800064A8 (0x00302273) csrrs tp, fcsr, zero
CSR fcsr -> 0x00000000
x4 <- 0x00000000


mem[X,0x800064AC] -> 0xAC27
mem[X,0x800064AE] -> 0x07F0
[6448] [M]: 0x800064AC (0x07F0AC27) fsw ft11, 120(ra)
mem[0x8000A48C] <- 0xFFFF7E00


mem[X,0x800064B0] -> 0xAE23
mem[X,0x800064B2] -> 0x0640
[6449] [M]: 0x800064B0 (0x0640AE23) sw tp, 124(ra)
mem[0x8000A490] <- 0x00000000


mem[X,0x800064B4] -> 0x1137
mem[X,0x800064B6] -> 0x0000
[6450] [M]: 0x800064B4 (0x00001137) lui sp, 1
x2 <- 0x00001000


mem[X,0x800064B8] -> 0x81B3
mem[X,0x800064BA] -> 0x0021
[6451] [M]: 0x800064B8 (0x002181B3) add gp, gp, sp
x3 <- 0x80009010


mem[X,0x800064BC] -> 0xAF07
mem[X,0x800064BE] -> 0x0801
[6452] [M]: 0x800064BC (0x0801AF07) flw ft10, 128(gp)
mem[R,0x80009090] -> 0x00003C00
f30 <- 0xFFFFFFFF00003C00


mem[X,0x800064C0] -> 0x81B3
mem[X,0x800064C2] -> 0x4021
[6453] [M]: 0x800064C0 (0x402181B3) sub gp, gp, sp
x3 <- 0x80008010


mem[X,0x800064C4] -> 0x1137
mem[X,0x800064C6] -> 0x0000
[6454] [M]: 0x800064C4 (0x00001137) lui sp, 1
x2 <- 0x00001000


mem[X,0x800064C8] -> 0x81B3
mem[X,0x800064CA] -> 0x0021
[6455] [M]: 0x800064C8 (0x002181B3) add gp, gp, sp
x3 <- 0x80009010


mem[X,0x800064CC] -> 0xAE87
mem[X,0x800064CE] -> 0x0841
[6456] [M]: 0x800064CC (0x0841AE87) flw ft9, 132(gp)
mem[R,0x80009094] -> 0x00000000
f29 <- 0xFFFFFFFF00000000


mem[X,0x800064D0] -> 0x81B3
mem[X,0x800064D2] -> 0x4021
[6457] [M]: 0x800064D0 (0x402181B3) sub gp, gp, sp
x3 <- 0x80008010


mem[X,0x800064D4] -> 0x0113
mem[X,0x800064D6] -> 0x0000
[6458] [M]: 0x800064D4 (0x00000113) addi sp, zero, 0
x2 <- 0x00000000


mem[X,0x800064D8] -> 0x1073
mem[X,0x800064DA] -> 0x0031
[6459] [M]: 0x800064D8 (0x00311073) csrrw zero, fcsr, sp
CSR fcsr -> 0x00000000
CSR fcsr <- 0x00000000 (input: 0x00000000)


mem[X,0x800064DC] -> 0x7FD3
mem[X,0x800064DE] -> 0x05DF
[6460] [M]: 0x800064DC (0x05DF7FD3) fadd.h ft11, ft10, ft9, dyn
f31 <- 0xFFFFFFFFFFFF7E00


mem[X,0x800064E0] -> 0x2273
mem[X,0x800064E2] -> 0x0030
[6461] [M]: 0x800064E0 (0x00302273) csrrs tp, fcsr, zero
CSR fcsr -> 0x00000000
x4 <- 0x00000000


mem[X,0x800064E4] -> 0xA027
mem[X,0x800064E6] -> 0x09F0
[6462] [M]: 0x800064E4 (0x09F0A027) fsw ft11, 128(ra)
mem[0x8000A494] <- 0xFFFF7E00


mem[X,0x800064E8] -> 0xA223
mem[X,0x800064EA] -> 0x0840
[6463] [M]: 0x800064E8 (0x0840A223) sw tp, 132(ra)
mem[0x8000A498] <- 0x00000000


mem[X,0x800064EC] -> 0x1137
mem[X,0x800064EE] -> 0x0000
[6464] [M]: 0x800064EC (0x00001137) lui sp, 1
x2 <- 0x00001000


mem[X,0x800064F0] -> 0x81B3
mem[X,0x800064F2] -> 0x0021
[6465] [M]: 0x800064F0 (0x002181B3) add gp, gp, sp
x3 <- 0x80009010


mem[X,0x800064F4] -> 0xAF07
mem[X,0x800064F6] -> 0x0881
[6466] [M]: 0x800064F4 (0x0881AF07) flw ft10, 136(gp)
mem[R,0x80009098] -> 0x00003C00
f30 <- 0xFFFFFFFF00003C00


mem[X,0x800064F8] -> 0x81B3
mem[X,0x800064FA] -> 0x4021
[6467] [M]: 0x800064F8 (0x402181B3) sub gp, gp, sp
x3 <- 0x80008010


mem[X,0x800064FC] -> 0x1137
mem[X,0x800064FE] -> 0x0000
[6468] [M]: 0x800064FC (0x00001137) lui sp, 1
x2 <- 0x00001000


mem[X,0x80006500] -> 0x81B3
mem[X,0x80006502] -> 0x0021
[6469] [M]: 0x80006500 (0x002181B3) add gp, gp, sp
x3 <- 0x80009010


mem[X,0x80006504] -> 0xAE87
mem[X,0x80006506] -> 0x08C1
[6470] [M]: 0x80006504 (0x08C1AE87) flw ft9, 140(gp)
mem[R,0x8000909C] -> 0x00008000
f29 <- 0xFFFFFFFF00008000


mem[X,0x80006508] -> 0x81B3
mem[X,0x8000650A] -> 0x4021
[6471] [M]: 0x80006508 (0x402181B3) sub gp, gp, sp
x3 <- 0x80008010


mem[X,0x8000650C] -> 0x0113
mem[X,0x8000650E] -> 0x0000
[6472] [M]: 0x8000650C (0x00000113) addi sp, zero, 0
x2 <- 0x00000000


mem[X,0x80006510] -> 0x1073
mem[X,0x80006512] -> 0x0031
[6473] [M]: 0x80006510 (0x00311073) csrrw zero, fcsr, sp
CSR fcsr -> 0x00000000
CSR fcsr <- 0x00000000 (input: 0x00000000)


mem[X,0x80006514] -> 0x7FD3
mem[X,0x80006516] -> 0x05DF
[6474] [M]: 0x80006514 (0x05DF7FD3) fadd.h ft11, ft10, ft9, dyn
f31 <- 0xFFFFFFFFFFFF7E00


mem[X,0x80006518] -> 0x2273
mem[X,0x8000651A] -> 0x0030
[6475] [M]: 0x80006518 (0x00302273) csrrs tp, fcsr, zero
CSR fcsr -> 0x00000000
x4 <- 0x00000000


mem[X,0x8000651C] -> 0xA427
mem[X,0x8000651E] -> 0x09F0
[6476] [M]: 0x8000651C (0x09F0A427) fsw ft11, 136(ra)
mem[0x8000A49C] <- 0xFFFF7E00


mem[X,0x80006520] -> 0xA623
mem[X,0x80006522] -> 0x0840
[6477] [M]: 0x80006520 (0x0840A623) sw tp, 140(ra)
mem[0x8000A4A0] <- 0x00000000


mem[X,0x80006524] -> 0x1137
mem[X,0x80006526] -> 0x0000
[6478] [M]: 0x80006524 (0x00001137) lui sp, 1
x2 <- 0x00001000


mem[X,0x80006528] -> 0x81B3
mem[X,0x8000652A] -> 0x0021
[6479] [M]: 0x80006528 (0x002181B3) add gp, gp, sp
x3 <- 0x80009010


mem[X,0x8000652C] -> 0xAF07
mem[X,0x8000652E] -> 0x0901
[6480] [M]: 0x8000652C (0x0901AF07) flw ft10, 144(gp)
mem[R,0x800090A0] -> 0x00003C00
f30 <- 0xFFFFFFFF00003C00


mem[X,0x80006530] -> 0x81B3
mem[X,0x80006532] -> 0x4021
[6481] [M]: 0x80006530 (0x402181B3) sub gp, gp, sp
x3 <- 0x80008010


mem[X,0x80006534] -> 0x1137
mem[X,0x80006536] -> 0x0000
[6482] [M]: 0x80006534 (0x00001137) lui sp, 1
x2 <- 0x00001000


mem[X,0x80006538] -> 0x81B3
mem[X,0x8000653A] -> 0x0021
[6483] [M]: 0x80006538 (0x002181B3) add gp, gp, sp
x3 <- 0x80009010


mem[X,0x8000653C] -> 0xAE87
mem[X,0x8000653E] -> 0x0941
[6484] [M]: 0x8000653C (0x0941AE87) flw ft9, 148(gp)
mem[R,0x800090A4] -> 0x00000001
f29 <- 0xFFFFFFFF00000001


mem[X,0x80006540] -> 0x81B3
mem[X,0x80006542] -> 0x4021
[6485] [M]: 0x80006540 (0x402181B3) sub gp, gp, sp
x3 <- 0x80008010


mem[X,0x80006544] -> 0x0113
mem[X,0x80006546] -> 0x0000
[6486] [M]: 0x80006544 (0x00000113) addi sp, zero, 0
x2 <- 0x00000000


mem[X,0x80006548] -> 0x1073
mem[X,0x8000654A] -> 0x0031
[6487] [M]: 0x80006548 (0x00311073) csrrw zero, fcsr, sp
CSR fcsr -> 0x00000000
CSR fcsr <- 0x00000000 (input: 0x00000000)


mem[X,0x8000654C] -> 0x7FD3
mem[X,0x8000654E] -> 0x05DF
[6488] [M]: 0x8000654C (0x05DF7FD3) fadd.h ft11, ft10, ft9, dyn
f31 <- 0xFFFFFFFFFFFF7E00


mem[X,0x80006550] -> 0x2273
mem[X,0x80006552] -> 0x0030
[6489] [M]: 0x80006550 (0x00302273) csrrs tp, fcsr, zero
CSR fcsr -> 0x00000000
x4 <- 0x00000000


mem[X,0x80006554] -> 0xA827
mem[X,0x80006556] -> 0x09F0
[6490] [M]: 0x80006554 (0x09F0A827) fsw ft11, 144(ra)
mem[0x8000A4A4] <- 0xFFFF7E00


mem[X,0x80006558] -> 0xAA23
mem[X,0x8000655A] -> 0x0840
[6491] [M]: 0x80006558 (0x0840AA23) sw tp, 148(ra)
mem[0x8000A4A8] <- 0x00000000


mem[X,0x8000655C] -> 0x1137
mem[X,0x8000655E] -> 0x0000
[6492] [M]: 0x8000655C (0x00001137) lui sp, 1
x2 <- 0x00001000


mem[X,0x80006560] -> 0x81B3
mem[X,0x80006562] -> 0x0021
[6493] [M]: 0x80006560 (0x002181B3) add gp, gp, sp
x3 <- 0x80009010


mem[X,0x80006564] -> 0xAF07
mem[X,0x80006566] -> 0x0981
[6494] [M]: 0x80006564 (0x0981AF07) flw ft10, 152(gp)
mem[R,0x800090A8] -> 0x00003C00
f30 <- 0xFFFFFFFF00003C00


mem[X,0x80006568] -> 0x81B3
mem[X,0x8000656A] -> 0x4021
[6495] [M]: 0x80006568 (0x402181B3) sub gp, gp, sp
x3 <- 0x80008010


mem[X,0x8000656C] -> 0x1137
mem[X,0x8000656E] -> 0x0000
[6496] [M]: 0x8000656C (0x00001137) lui sp, 1
x2 <- 0x00001000


mem[X,0x80006570] -> 0x81B3
mem[X,0x80006572] -> 0x0021
[6497] [M]: 0x80006570 (0x002181B3) add gp, gp, sp
x3 <- 0x80009010


mem[X,0x80006574] -> 0xAE87
mem[X,0x80006576] -> 0x09C1
[6498] [M]: 0x80006574 (0x09C1AE87) flw ft9, 156(gp)
mem[R,0x800090AC] -> 0x00008001
f29 <- 0xFFFFFFFF00008001


mem[X,0x80006578] -> 0x81B3
mem[X,0x8000657A] -> 0x4021
[6499] [M]: 0x80006578 (0x402181B3) sub gp, gp, sp
x3 <- 0x80008010


clint::tick mtime <- 0x0000000000000041
 clint timer pending at mtime 0x0000000000000041
htif::tick 0x0000000000000000
mem[X,0x8000657C] -> 0x0113
mem[X,0x8000657E] -> 0x0000
[6500] [M]: 0x8000657C (0x00000113) addi sp, zero, 0
x2 <- 0x00000000


mem[X,0x80006580] -> 0x1073
mem[X,0x80006582] -> 0x0031
[6501] [M]: 0x80006580 (0x00311073) csrrw zero, fcsr, sp
CSR fcsr -> 0x00000000
CSR fcsr <- 0x00000000 (input: 0x00000000)


mem[X,0x80006584] -> 0x7FD3
mem[X,0x80006586] -> 0x05DF
[6502] [M]: 0x80006584 (0x05DF7FD3) fadd.h ft11, ft10, ft9, dyn
f31 <- 0xFFFFFFFFFFFF7E00


mem[X,0x80006588] -> 0x2273
mem[X,0x8000658A] -> 0x0030
[6503] [M]: 0x80006588 (0x00302273) csrrs tp, fcsr, zero
CSR fcsr -> 0x00000000
x4 <- 0x00000000


mem[X,0x8000658C] -> 0xAC27
mem[X,0x8000658E] -> 0x09F0
[6504] [M]: 0x8000658C (0x09F0AC27) fsw ft11, 152(ra)
mem[0x8000A4AC] <- 0xFFFF7E00


mem[X,0x80006590] -> 0xAE23
mem[X,0x80006592] -> 0x0840
[6505] [M]: 0x80006590 (0x0840AE23) sw tp, 156(ra)
mem[0x8000A4B0] <- 0x00000000


mem[X,0x80006594] -> 0x1137
mem[X,0x80006596] -> 0x0000
[6506] [M]: 0x80006594 (0x00001137) lui sp, 1
x2 <- 0x00001000


mem[X,0x80006598] -> 0x81B3
mem[X,0x8000659A] -> 0x0021
[6507] [M]: 0x80006598 (0x002181B3) add gp, gp, sp
x3 <- 0x80009010


mem[X,0x8000659C] -> 0xAF07
mem[X,0x8000659E] -> 0x0A01
[6508] [M]: 0x8000659C (0x0A01AF07) flw ft10, 160(gp)
mem[R,0x800090B0] -> 0x00003C00
f30 <- 0xFFFFFFFF00003C00


mem[X,0x800065A0] -> 0x81B3
mem[X,0x800065A2] -> 0x4021
[6509] [M]: 0x800065A0 (0x402181B3) sub gp, gp, sp
x3 <- 0x80008010


mem[X,0x800065A4] -> 0x1137
mem[X,0x800065A6] -> 0x0000
[6510] [M]: 0x800065A4 (0x00001137) lui sp, 1
x2 <- 0x00001000


mem[X,0x800065A8] -> 0x81B3
mem[X,0x800065AA] -> 0x0021
[6511] [M]: 0x800065A8 (0x002181B3) add gp, gp, sp
x3 <- 0x80009010


mem[X,0x800065AC] -> 0xAE87
mem[X,0x800065AE] -> 0x0A41
[6512] [M]: 0x800065AC (0x0A41AE87) flw ft9, 164(gp)
mem[R,0x800090B4] -> 0x00000002
f29 <- 0xFFFFFFFF00000002


mem[X,0x800065B0] -> 0x81B3
mem[X,0x800065B2] -> 0x4021
[6513] [M]: 0x800065B0 (0x402181B3) sub gp, gp, sp
x3 <- 0x80008010


mem[X,0x800065B4] -> 0x0113
mem[X,0x800065B6] -> 0x0000
[6514] [M]: 0x800065B4 (0x00000113) addi sp, zero, 0
x2 <- 0x00000000


mem[X,0x800065B8] -> 0x1073
mem[X,0x800065BA] -> 0x0031
[6515] [M]: 0x800065B8 (0x00311073) csrrw zero, fcsr, sp
CSR fcsr -> 0x00000000
CSR fcsr <- 0x00000000 (input: 0x00000000)


mem[X,0x800065BC] -> 0x7FD3
mem[X,0x800065BE] -> 0x05DF
[6516] [M]: 0x800065BC (0x05DF7FD3) fadd.h ft11, ft10, ft9, dyn
f31 <- 0xFFFFFFFFFFFF7E00


mem[X,0x800065C0] -> 0x2273
mem[X,0x800065C2] -> 0x0030
[6517] [M]: 0x800065C0 (0x00302273) csrrs tp, fcsr, zero
CSR fcsr -> 0x00000000
x4 <- 0x00000000


mem[X,0x800065C4] -> 0xA027
mem[X,0x800065C6] -> 0x0BF0
[6518] [M]: 0x800065C4 (0x0BF0A027) fsw ft11, 160(ra)
mem[0x8000A4B4] <- 0xFFFF7E00


mem[X,0x800065C8] -> 0xA223
mem[X,0x800065CA] -> 0x0A40
[6519] [M]: 0x800065C8 (0x0A40A223) sw tp, 164(ra)
mem[0x8000A4B8] <- 0x00000000


mem[X,0x800065CC] -> 0x1137
mem[X,0x800065CE] -> 0x0000
[6520] [M]: 0x800065CC (0x00001137) lui sp, 1
x2 <- 0x00001000


mem[X,0x800065D0] -> 0x81B3
mem[X,0x800065D2] -> 0x0021
[6521] [M]: 0x800065D0 (0x002181B3) add gp, gp, sp
x3 <- 0x80009010


mem[X,0x800065D4] -> 0xAF07
mem[X,0x800065D6] -> 0x0A81
[6522] [M]: 0x800065D4 (0x0A81AF07) flw ft10, 168(gp)
mem[R,0x800090B8] -> 0x00003C00
f30 <- 0xFFFFFFFF00003C00


mem[X,0x800065D8] -> 0x81B3
mem[X,0x800065DA] -> 0x4021
[6523] [M]: 0x800065D8 (0x402181B3) sub gp, gp, sp
x3 <- 0x80008010


mem[X,0x800065DC] -> 0x1137
mem[X,0x800065DE] -> 0x0000
[6524] [M]: 0x800065DC (0x00001137) lui sp, 1
x2 <- 0x00001000


mem[X,0x800065E0] -> 0x81B3
mem[X,0x800065E2] -> 0x0021
[6525] [M]: 0x800065E0 (0x002181B3) add gp, gp, sp
x3 <- 0x80009010


mem[X,0x800065E4] -> 0xAE87
mem[X,0x800065E6] -> 0x0AC1
[6526] [M]: 0x800065E4 (0x0AC1AE87) flw ft9, 172(gp)
mem[R,0x800090BC] -> 0x000083FE
f29 <- 0xFFFFFFFF000083FE


mem[X,0x800065E8] -> 0x81B3
mem[X,0x800065EA] -> 0x4021
[6527] [M]: 0x800065E8 (0x402181B3) sub gp, gp, sp
x3 <- 0x80008010


mem[X,0x800065EC] -> 0x0113
mem[X,0x800065EE] -> 0x0000
[6528] [M]: 0x800065EC (0x00000113) addi sp, zero, 0
x2 <- 0x00000000


mem[X,0x800065F0] -> 0x1073
mem[X,0x800065F2] -> 0x0031
[6529] [M]: 0x800065F0 (0x00311073) csrrw zero, fcsr, sp
CSR fcsr -> 0x00000000
CSR fcsr <- 0x00000000 (input: 0x00000000)


mem[X,0x800065F4] -> 0x7FD3
mem[X,0x800065F6] -> 0x05DF
[6530] [M]: 0x800065F4 (0x05DF7FD3) fadd.h ft11, ft10, ft9, dyn
f31 <- 0xFFFFFFFFFFFF7E00


mem[X,0x800065F8] -> 0x2273
mem[X,0x800065FA] -> 0x0030
[6531] [M]: 0x800065F8 (0x00302273) csrrs tp, fcsr, zero
CSR fcsr -> 0x00000000
x4 <- 0x00000000


mem[X,0x800065FC] -> 0xA427
mem[X,0x800065FE] -> 0x0BF0
[6532] [M]: 0x800065FC (0x0BF0A427) fsw ft11, 168(ra)
mem[0x8000A4BC] <- 0xFFFF7E00


mem[X,0x80006600] -> 0xA623
mem[X,0x80006602] -> 0x0A40
[6533] [M]: 0x80006600 (0x0A40A623) sw tp, 172(ra)
mem[0x8000A4C0] <- 0x00000000


mem[X,0x80006604] -> 0x1137
mem[X,0x80006606] -> 0x0000
[6534] [M]: 0x80006604 (0x00001137) lui sp, 1
x2 <- 0x00001000


mem[X,0x80006608] -> 0x81B3
mem[X,0x8000660A] -> 0x0021
[6535] [M]: 0x80006608 (0x002181B3) add gp, gp, sp
x3 <- 0x80009010


mem[X,0x8000660C] -> 0xAF07
mem[X,0x8000660E] -> 0x0B01
[6536] [M]: 0x8000660C (0x0B01AF07) flw ft10, 176(gp)
mem[R,0x800090C0] -> 0x00003C00
f30 <- 0xFFFFFFFF00003C00


mem[X,0x80006610] -> 0x81B3
mem[X,0x80006612] -> 0x4021
[6537] [M]: 0x80006610 (0x402181B3) sub gp, gp, sp
x3 <- 0x80008010


mem[X,0x80006614] -> 0x1137
mem[X,0x80006616] -> 0x0000
[6538] [M]: 0x80006614 (0x00001137) lui sp, 1
x2 <- 0x00001000


mem[X,0x80006618] -> 0x81B3
mem[X,0x8000661A] -> 0x0021
[6539] [M]: 0x80006618 (0x002181B3) add gp, gp, sp
x3 <- 0x80009010


mem[X,0x8000661C] -> 0xAE87
mem[X,0x8000661E] -> 0x0B41
[6540] [M]: 0x8000661C (0x0B41AE87) flw ft9, 180(gp)
mem[R,0x800090C4] -> 0x000003FF
f29 <- 0xFFFFFFFF000003FF


mem[X,0x80006620] -> 0x81B3
mem[X,0x80006622] -> 0x4021
[6541] [M]: 0x80006620 (0x402181B3) sub gp, gp, sp
x3 <- 0x80008010


mem[X,0x80006624] -> 0x0113
mem[X,0x80006626] -> 0x0000
[6542] [M]: 0x80006624 (0x00000113) addi sp, zero, 0
x2 <- 0x00000000


mem[X,0x80006628] -> 0x1073
mem[X,0x8000662A] -> 0x0031
[6543] [M]: 0x80006628 (0x00311073) csrrw zero, fcsr, sp
CSR fcsr -> 0x00000000
CSR fcsr <- 0x00000000 (input: 0x00000000)


mem[X,0x8000662C] -> 0x7FD3
mem[X,0x8000662E] -> 0x05DF
[6544] [M]: 0x8000662C (0x05DF7FD3) fadd.h ft11, ft10, ft9, dyn
f31 <- 0xFFFFFFFFFFFF7E00


mem[X,0x80006630] -> 0x2273
mem[X,0x80006632] -> 0x0030
[6545] [M]: 0x80006630 (0x00302273) csrrs tp, fcsr, zero
CSR fcsr -> 0x00000000
x4 <- 0x00000000


mem[X,0x80006634] -> 0xA827
mem[X,0x80006636] -> 0x0BF0
[6546] [M]: 0x80006634 (0x0BF0A827) fsw ft11, 176(ra)
mem[0x8000A4C4] <- 0xFFFF7E00


mem[X,0x80006638] -> 0xAA23
mem[X,0x8000663A] -> 0x0A40
[6547] [M]: 0x80006638 (0x0A40AA23) sw tp, 180(ra)
mem[0x8000A4C8] <- 0x00000000


mem[X,0x8000663C] -> 0x1137
mem[X,0x8000663E] -> 0x0000
[6548] [M]: 0x8000663C (0x00001137) lui sp, 1
x2 <- 0x00001000


mem[X,0x80006640] -> 0x81B3
mem[X,0x80006642] -> 0x0021
[6549] [M]: 0x80006640 (0x002181B3) add gp, gp, sp
x3 <- 0x80009010


mem[X,0x80006644] -> 0xAF07
mem[X,0x80006646] -> 0x0B81
[6550] [M]: 0x80006644 (0x0B81AF07) flw ft10, 184(gp)
mem[R,0x800090C8] -> 0x00003C00
f30 <- 0xFFFFFFFF00003C00


mem[X,0x80006648] -> 0x81B3
mem[X,0x8000664A] -> 0x4021
[6551] [M]: 0x80006648 (0x402181B3) sub gp, gp, sp
x3 <- 0x80008010


mem[X,0x8000664C] -> 0x1137
mem[X,0x8000664E] -> 0x0000
[6552] [M]: 0x8000664C (0x00001137) lui sp, 1
x2 <- 0x00001000


mem[X,0x80006650] -> 0x81B3
mem[X,0x80006652] -> 0x0021
[6553] [M]: 0x80006650 (0x002181B3) add gp, gp, sp
x3 <- 0x80009010


mem[X,0x80006654] -> 0xAE87
mem[X,0x80006656] -> 0x0BC1
[6554] [M]: 0x80006654 (0x0BC1AE87) flw ft9, 188(gp)
mem[R,0x800090CC] -> 0x000083FF
f29 <- 0xFFFFFFFF000083FF


mem[X,0x80006658] -> 0x81B3
mem[X,0x8000665A] -> 0x4021
[6555] [M]: 0x80006658 (0x402181B3) sub gp, gp, sp
x3 <- 0x80008010


mem[X,0x8000665C] -> 0x0113
mem[X,0x8000665E] -> 0x0000
[6556] [M]: 0x8000665C (0x00000113) addi sp, zero, 0
x2 <- 0x00000000


mem[X,0x80006660] -> 0x1073
mem[X,0x80006662] -> 0x0031
[6557] [M]: 0x80006660 (0x00311073) csrrw zero, fcsr, sp
CSR fcsr -> 0x00000000
CSR fcsr <- 0x00000000 (input: 0x00000000)


mem[X,0x80006664] -> 0x7FD3
mem[X,0x80006666] -> 0x05DF
[6558] [M]: 0x80006664 (0x05DF7FD3) fadd.h ft11, ft10, ft9, dyn
f31 <- 0xFFFFFFFFFFFF7E00


mem[X,0x80006668] -> 0x2273
mem[X,0x8000666A] -> 0x0030
[6559] [M]: 0x80006668 (0x00302273) csrrs tp, fcsr, zero
CSR fcsr -> 0x00000000
x4 <- 0x00000000


mem[X,0x8000666C] -> 0xAC27
mem[X,0x8000666E] -> 0x0BF0
[6560] [M]: 0x8000666C (0x0BF0AC27) fsw ft11, 184(ra)
mem[0x8000A4CC] <- 0xFFFF7E00


mem[X,0x80006670] -> 0xAE23
mem[X,0x80006672] -> 0x0A40
[6561] [M]: 0x80006670 (0x0A40AE23) sw tp, 188(ra)
mem[0x8000A4D0] <- 0x00000000


mem[X,0x80006674] -> 0x1137
mem[X,0x80006676] -> 0x0000
[6562] [M]: 0x80006674 (0x00001137) lui sp, 1
x2 <- 0x00001000


mem[X,0x80006678] -> 0x81B3
mem[X,0x8000667A] -> 0x0021
[6563] [M]: 0x80006678 (0x002181B3) add gp, gp, sp
x3 <- 0x80009010


mem[X,0x8000667C] -> 0xAF07
mem[X,0x8000667E] -> 0x0C01
[6564] [M]: 0x8000667C (0x0C01AF07) flw ft10, 192(gp)
mem[R,0x800090D0] -> 0x00003C00
f30 <- 0xFFFFFFFF00003C00


mem[X,0x80006680] -> 0x81B3
mem[X,0x80006682] -> 0x4021
[6565] [M]: 0x80006680 (0x402181B3) sub gp, gp, sp
x3 <- 0x80008010


mem[X,0x80006684] -> 0x1137
mem[X,0x80006686] -> 0x0000
[6566] [M]: 0x80006684 (0x00001137) lui sp, 1
x2 <- 0x00001000


mem[X,0x80006688] -> 0x81B3
mem[X,0x8000668A] -> 0x0021
[6567] [M]: 0x80006688 (0x002181B3) add gp, gp, sp
x3 <- 0x80009010


mem[X,0x8000668C] -> 0xAE87
mem[X,0x8000668E] -> 0x0C41
[6568] [M]: 0x8000668C (0x0C41AE87) flw ft9, 196(gp)
mem[R,0x800090D4] -> 0x00000400
f29 <- 0xFFFFFFFF00000400


mem[X,0x80006690] -> 0x81B3
mem[X,0x80006692] -> 0x4021
[6569] [M]: 0x80006690 (0x402181B3) sub gp, gp, sp
x3 <- 0x80008010


mem[X,0x80006694] -> 0x0113
mem[X,0x80006696] -> 0x0000
[6570] [M]: 0x80006694 (0x00000113) addi sp, zero, 0
x2 <- 0x00000000


mem[X,0x80006698] -> 0x1073
mem[X,0x8000669A] -> 0x0031
[6571] [M]: 0x80006698 (0x00311073) csrrw zero, fcsr, sp
CSR fcsr -> 0x00000000
CSR fcsr <- 0x00000000 (input: 0x00000000)


mem[X,0x8000669C] -> 0x7FD3
mem[X,0x8000669E] -> 0x05DF
[6572] [M]: 0x8000669C (0x05DF7FD3) fadd.h ft11, ft10, ft9, dyn
f31 <- 0xFFFFFFFFFFFF7E00


mem[X,0x800066A0] -> 0x2273
mem[X,0x800066A2] -> 0x0030
[6573] [M]: 0x800066A0 (0x00302273) csrrs tp, fcsr, zero
CSR fcsr -> 0x00000000
x4 <- 0x00000000


mem[X,0x800066A4] -> 0xA027
mem[X,0x800066A6] -> 0x0DF0
[6574] [M]: 0x800066A4 (0x0DF0A027) fsw ft11, 192(ra)
mem[0x8000A4D4] <- 0xFFFF7E00


mem[X,0x800066A8] -> 0xA223
mem[X,0x800066AA] -> 0x0C40
[6575] [M]: 0x800066A8 (0x0C40A223) sw tp, 196(ra)
mem[0x8000A4D8] <- 0x00000000


mem[X,0x800066AC] -> 0x1137
mem[X,0x800066AE] -> 0x0000
[6576] [M]: 0x800066AC (0x00001137) lui sp, 1
x2 <- 0x00001000


mem[X,0x800066B0] -> 0x81B3
mem[X,0x800066B2] -> 0x0021
[6577] [M]: 0x800066B0 (0x002181B3) add gp, gp, sp
x3 <- 0x80009010


mem[X,0x800066B4] -> 0xAF07
mem[X,0x800066B6] -> 0x0C81
[6578] [M]: 0x800066B4 (0x0C81AF07) flw ft10, 200(gp)
mem[R,0x800090D8] -> 0x00003C00
f30 <- 0xFFFFFFFF00003C00


mem[X,0x800066B8] -> 0x81B3
mem[X,0x800066BA] -> 0x4021
[6579] [M]: 0x800066B8 (0x402181B3) sub gp, gp, sp
x3 <- 0x80008010


mem[X,0x800066BC] -> 0x1137
mem[X,0x800066BE] -> 0x0000
[6580] [M]: 0x800066BC (0x00001137) lui sp, 1
x2 <- 0x00001000


mem[X,0x800066C0] -> 0x81B3
mem[X,0x800066C2] -> 0x0021
[6581] [M]: 0x800066C0 (0x002181B3) add gp, gp, sp
x3 <- 0x80009010


mem[X,0x800066C4] -> 0xAE87
mem[X,0x800066C6] -> 0x0CC1
[6582] [M]: 0x800066C4 (0x0CC1AE87) flw ft9, 204(gp)
mem[R,0x800090DC] -> 0x00008400
f29 <- 0xFFFFFFFF00008400


mem[X,0x800066C8] -> 0x81B3
mem[X,0x800066CA] -> 0x4021
[6583] [M]: 0x800066C8 (0x402181B3) sub gp, gp, sp
x3 <- 0x80008010


mem[X,0x800066CC] -> 0x0113
mem[X,0x800066CE] -> 0x0000
[6584] [M]: 0x800066CC (0x00000113) addi sp, zero, 0
x2 <- 0x00000000


mem[X,0x800066D0] -> 0x1073
mem[X,0x800066D2] -> 0x0031
[6585] [M]: 0x800066D0 (0x00311073) csrrw zero, fcsr, sp
CSR fcsr -> 0x00000000
CSR fcsr <- 0x00000000 (input: 0x00000000)


mem[X,0x800066D4] -> 0x7FD3
mem[X,0x800066D6] -> 0x05DF
[6586] [M]: 0x800066D4 (0x05DF7FD3) fadd.h ft11, ft10, ft9, dyn
f31 <- 0xFFFFFFFFFFFF7E00


mem[X,0x800066D8] -> 0x2273
mem[X,0x800066DA] -> 0x0030
[6587] [M]: 0x800066D8 (0x00302273) csrrs tp, fcsr, zero
CSR fcsr -> 0x00000000
x4 <- 0x00000000


mem[X,0x800066DC] -> 0xA427
mem[X,0x800066DE] -> 0x0DF0
[6588] [M]: 0x800066DC (0x0DF0A427) fsw ft11, 200(ra)
mem[0x8000A4DC] <- 0xFFFF7E00


mem[X,0x800066E0] -> 0xA623
mem[X,0x800066E2] -> 0x0C40
[6589] [M]: 0x800066E0 (0x0C40A623) sw tp, 204(ra)
mem[0x8000A4E0] <- 0x00000000


mem[X,0x800066E4] -> 0x1137
mem[X,0x800066E6] -> 0x0000
[6590] [M]: 0x800066E4 (0x00001137) lui sp, 1
x2 <- 0x00001000


mem[X,0x800066E8] -> 0x81B3
mem[X,0x800066EA] -> 0x0021
[6591] [M]: 0x800066E8 (0x002181B3) add gp, gp, sp
x3 <- 0x80009010


mem[X,0x800066EC] -> 0xAF07
mem[X,0x800066EE] -> 0x0D01
[6592] [M]: 0x800066EC (0x0D01AF07) flw ft10, 208(gp)
mem[R,0x800090E0] -> 0x00003C00
f30 <- 0xFFFFFFFF00003C00


mem[X,0x800066F0] -> 0x81B3
mem[X,0x800066F2] -> 0x4021
[6593] [M]: 0x800066F0 (0x402181B3) sub gp, gp, sp
x3 <- 0x80008010


mem[X,0x800066F4] -> 0x1137
mem[X,0x800066F6] -> 0x0000
[6594] [M]: 0x800066F4 (0x00001137) lui sp, 1
x2 <- 0x00001000


mem[X,0x800066F8] -> 0x81B3
mem[X,0x800066FA] -> 0x0021
[6595] [M]: 0x800066F8 (0x002181B3) add gp, gp, sp
x3 <- 0x80009010


mem[X,0x800066FC] -> 0xAE87
mem[X,0x800066FE] -> 0x0D41
[6596] [M]: 0x800066FC (0x0D41AE87) flw ft9, 212(gp)
mem[R,0x800090E4] -> 0x00000401
f29 <- 0xFFFFFFFF00000401


mem[X,0x80006700] -> 0x81B3
mem[X,0x80006702] -> 0x4021
[6597] [M]: 0x80006700 (0x402181B3) sub gp, gp, sp
x3 <- 0x80008010


mem[X,0x80006704] -> 0x0113
mem[X,0x80006706] -> 0x0000
[6598] [M]: 0x80006704 (0x00000113) addi sp, zero, 0
x2 <- 0x00000000


mem[X,0x80006708] -> 0x1073
mem[X,0x8000670A] -> 0x0031
[6599] [M]: 0x80006708 (0x00311073) csrrw zero, fcsr, sp
CSR fcsr -> 0x00000000
CSR fcsr <- 0x00000000 (input: 0x00000000)


clint::tick mtime <- 0x0000000000000042
 clint timer pending at mtime 0x0000000000000042
htif::tick 0x0000000000000000
mem[X,0x8000670C] -> 0x7FD3
mem[X,0x8000670E] -> 0x05DF
[6600] [M]: 0x8000670C (0x05DF7FD3) fadd.h ft11, ft10, ft9, dyn
f31 <- 0xFFFFFFFFFFFF7E00


mem[X,0x80006710] -> 0x2273
mem[X,0x80006712] -> 0x0030
[6601] [M]: 0x80006710 (0x00302273) csrrs tp, fcsr, zero
CSR fcsr -> 0x00000000
x4 <- 0x00000000


mem[X,0x80006714] -> 0xA827
mem[X,0x80006716] -> 0x0DF0
[6602] [M]: 0x80006714 (0x0DF0A827) fsw ft11, 208(ra)
mem[0x8000A4E4] <- 0xFFFF7E00


mem[X,0x80006718] -> 0xAA23
mem[X,0x8000671A] -> 0x0C40
[6603] [M]: 0x80006718 (0x0C40AA23) sw tp, 212(ra)
mem[0x8000A4E8] <- 0x00000000


mem[X,0x8000671C] -> 0x1137
mem[X,0x8000671E] -> 0x0000
[6604] [M]: 0x8000671C (0x00001137) lui sp, 1
x2 <- 0x00001000


mem[X,0x80006720] -> 0x81B3
mem[X,0x80006722] -> 0x0021
[6605] [M]: 0x80006720 (0x002181B3) add gp, gp, sp
x3 <- 0x80009010


mem[X,0x80006724] -> 0xAF07
mem[X,0x80006726] -> 0x0D81
[6606] [M]: 0x80006724 (0x0D81AF07) flw ft10, 216(gp)
mem[R,0x800090E8] -> 0x00003C00
f30 <- 0xFFFFFFFF00003C00


mem[X,0x80006728] -> 0x81B3
mem[X,0x8000672A] -> 0x4021
[6607] [M]: 0x80006728 (0x402181B3) sub gp, gp, sp
x3 <- 0x80008010


mem[X,0x8000672C] -> 0x1137
mem[X,0x8000672E] -> 0x0000
[6608] [M]: 0x8000672C (0x00001137) lui sp, 1
x2 <- 0x00001000


mem[X,0x80006730] -> 0x81B3
mem[X,0x80006732] -> 0x0021
[6609] [M]: 0x80006730 (0x002181B3) add gp, gp, sp
x3 <- 0x80009010


mem[X,0x80006734] -> 0xAE87
mem[X,0x80006736] -> 0x0DC1
[6610] [M]: 0x80006734 (0x0DC1AE87) flw ft9, 220(gp)
mem[R,0x800090EC] -> 0x00008455
f29 <- 0xFFFFFFFF00008455


mem[X,0x80006738] -> 0x81B3
mem[X,0x8000673A] -> 0x4021
[6611] [M]: 0x80006738 (0x402181B3) sub gp, gp, sp
x3 <- 0x80008010


mem[X,0x8000673C] -> 0x0113
mem[X,0x8000673E] -> 0x0000
[6612] [M]: 0x8000673C (0x00000113) addi sp, zero, 0
x2 <- 0x00000000


mem[X,0x80006740] -> 0x1073
mem[X,0x80006742] -> 0x0031
[6613] [M]: 0x80006740 (0x00311073) csrrw zero, fcsr, sp
CSR fcsr -> 0x00000000
CSR fcsr <- 0x00000000 (input: 0x00000000)


mem[X,0x80006744] -> 0x7FD3
mem[X,0x80006746] -> 0x05DF
[6614] [M]: 0x80006744 (0x05DF7FD3) fadd.h ft11, ft10, ft9, dyn
f31 <- 0xFFFFFFFFFFFF7E00


mem[X,0x80006748] -> 0x2273
mem[X,0x8000674A] -> 0x0030
[6615] [M]: 0x80006748 (0x00302273) csrrs tp, fcsr, zero
CSR fcsr -> 0x00000000
x4 <- 0x00000000


mem[X,0x8000674C] -> 0xAC27
mem[X,0x8000674E] -> 0x0DF0
[6616] [M]: 0x8000674C (0x0DF0AC27) fsw ft11, 216(ra)
mem[0x8000A4EC] <- 0xFFFF7E00


mem[X,0x80006750] -> 0xAE23
mem[X,0x80006752] -> 0x0C40
[6617] [M]: 0x80006750 (0x0C40AE23) sw tp, 220(ra)
mem[0x8000A4F0] <- 0x00000000


mem[X,0x80006754] -> 0x1137
mem[X,0x80006756] -> 0x0000
[6618] [M]: 0x80006754 (0x00001137) lui sp, 1
x2 <- 0x00001000


mem[X,0x80006758] -> 0x81B3
mem[X,0x8000675A] -> 0x0021
[6619] [M]: 0x80006758 (0x002181B3) add gp, gp, sp
x3 <- 0x80009010


mem[X,0x8000675C] -> 0xAF07
mem[X,0x8000675E] -> 0x0E01
[6620] [M]: 0x8000675C (0x0E01AF07) flw ft10, 224(gp)
mem[R,0x800090F0] -> 0x00003C00
f30 <- 0xFFFFFFFF00003C00


mem[X,0x80006760] -> 0x81B3
mem[X,0x80006762] -> 0x4021
[6621] [M]: 0x80006760 (0x402181B3) sub gp, gp, sp
x3 <- 0x80008010


mem[X,0x80006764] -> 0x1137
mem[X,0x80006766] -> 0x0000
[6622] [M]: 0x80006764 (0x00001137) lui sp, 1
x2 <- 0x00001000


mem[X,0x80006768] -> 0x81B3
mem[X,0x8000676A] -> 0x0021
[6623] [M]: 0x80006768 (0x002181B3) add gp, gp, sp
x3 <- 0x80009010


mem[X,0x8000676C] -> 0xAE87
mem[X,0x8000676E] -> 0x0E41
[6624] [M]: 0x8000676C (0x0E41AE87) flw ft9, 228(gp)
mem[R,0x800090F4] -> 0x00007BFF
f29 <- 0xFFFFFFFF00007BFF


mem[X,0x80006770] -> 0x81B3
mem[X,0x80006772] -> 0x4021
[6625] [M]: 0x80006770 (0x402181B3) sub gp, gp, sp
x3 <- 0x80008010


mem[X,0x80006774] -> 0x0113
mem[X,0x80006776] -> 0x0000
[6626] [M]: 0x80006774 (0x00000113) addi sp, zero, 0
x2 <- 0x00000000


mem[X,0x80006778] -> 0x1073
mem[X,0x8000677A] -> 0x0031
[6627] [M]: 0x80006778 (0x00311073) csrrw zero, fcsr, sp
CSR fcsr -> 0x00000000
CSR fcsr <- 0x00000000 (input: 0x00000000)


mem[X,0x8000677C] -> 0x7FD3
mem[X,0x8000677E] -> 0x05DF
[6628] [M]: 0x8000677C (0x05DF7FD3) fadd.h ft11, ft10, ft9, dyn
f31 <- 0xFFFFFFFFFFFF7E00


mem[X,0x80006780] -> 0x2273
mem[X,0x80006782] -> 0x0030
[6629] [M]: 0x80006780 (0x00302273) csrrs tp, fcsr, zero
CSR fcsr -> 0x00000000
x4 <- 0x00000000


mem[X,0x80006784] -> 0xA027
mem[X,0x80006786] -> 0x0FF0
[6630] [M]: 0x80006784 (0x0FF0A027) fsw ft11, 224(ra)
mem[0x8000A4F4] <- 0xFFFF7E00


mem[X,0x80006788] -> 0xA223
mem[X,0x8000678A] -> 0x0E40
[6631] [M]: 0x80006788 (0x0E40A223) sw tp, 228(ra)
mem[0x8000A4F8] <- 0x00000000


mem[X,0x8000678C] -> 0x1137
mem[X,0x8000678E] -> 0x0000
[6632] [M]: 0x8000678C (0x00001137) lui sp, 1
x2 <- 0x00001000


mem[X,0x80006790] -> 0x81B3
mem[X,0x80006792] -> 0x0021
[6633] [M]: 0x80006790 (0x002181B3) add gp, gp, sp
x3 <- 0x80009010


mem[X,0x80006794] -> 0xAF07
mem[X,0x80006796] -> 0x0E81
[6634] [M]: 0x80006794 (0x0E81AF07) flw ft10, 232(gp)
mem[R,0x800090F8] -> 0x00003C00
f30 <- 0xFFFFFFFF00003C00


mem[X,0x80006798] -> 0x81B3
mem[X,0x8000679A] -> 0x4021
[6635] [M]: 0x80006798 (0x402181B3) sub gp, gp, sp
x3 <- 0x80008010


mem[X,0x8000679C] -> 0x1137
mem[X,0x8000679E] -> 0x0000
[6636] [M]: 0x8000679C (0x00001137) lui sp, 1
x2 <- 0x00001000


mem[X,0x800067A0] -> 0x81B3
mem[X,0x800067A2] -> 0x0021
[6637] [M]: 0x800067A0 (0x002181B3) add gp, gp, sp
x3 <- 0x80009010


mem[X,0x800067A4] -> 0xAE87
mem[X,0x800067A6] -> 0x0EC1
[6638] [M]: 0x800067A4 (0x0EC1AE87) flw ft9, 236(gp)
mem[R,0x800090FC] -> 0x0000FBFF
f29 <- 0xFFFFFFFF0000FBFF


mem[X,0x800067A8] -> 0x81B3
mem[X,0x800067AA] -> 0x4021
[6639] [M]: 0x800067A8 (0x402181B3) sub gp, gp, sp
x3 <- 0x80008010


mem[X,0x800067AC] -> 0x0113
mem[X,0x800067AE] -> 0x0000
[6640] [M]: 0x800067AC (0x00000113) addi sp, zero, 0
x2 <- 0x00000000


mem[X,0x800067B0] -> 0x1073
mem[X,0x800067B2] -> 0x0031
[6641] [M]: 0x800067B0 (0x00311073) csrrw zero, fcsr, sp
CSR fcsr -> 0x00000000
CSR fcsr <- 0x00000000 (input: 0x00000000)


mem[X,0x800067B4] -> 0x7FD3
mem[X,0x800067B6] -> 0x05DF
[6642] [M]: 0x800067B4 (0x05DF7FD3) fadd.h ft11, ft10, ft9, dyn
f31 <- 0xFFFFFFFFFFFF7E00


mem[X,0x800067B8] -> 0x2273
mem[X,0x800067BA] -> 0x0030
[6643] [M]: 0x800067B8 (0x00302273) csrrs tp, fcsr, zero
CSR fcsr -> 0x00000000
x4 <- 0x00000000


mem[X,0x800067BC] -> 0xA427
mem[X,0x800067BE] -> 0x0FF0
[6644] [M]: 0x800067BC (0x0FF0A427) fsw ft11, 232(ra)
mem[0x8000A4FC] <- 0xFFFF7E00


mem[X,0x800067C0] -> 0xA623
mem[X,0x800067C2] -> 0x0E40
[6645] [M]: 0x800067C0 (0x0E40A623) sw tp, 236(ra)
mem[0x8000A500] <- 0x00000000


mem[X,0x800067C4] -> 0x1137
mem[X,0x800067C6] -> 0x0000
[6646] [M]: 0x800067C4 (0x00001137) lui sp, 1
x2 <- 0x00001000


mem[X,0x800067C8] -> 0x81B3
mem[X,0x800067CA] -> 0x0021
[6647] [M]: 0x800067C8 (0x002181B3) add gp, gp, sp
x3 <- 0x80009010


mem[X,0x800067CC] -> 0xAF07
mem[X,0x800067CE] -> 0x0F01
[6648] [M]: 0x800067CC (0x0F01AF07) flw ft10, 240(gp)
mem[R,0x80009100] -> 0x00003C00
f30 <- 0xFFFFFFFF00003C00


mem[X,0x800067D0] -> 0x81B3
mem[X,0x800067D2] -> 0x4021
[6649] [M]: 0x800067D0 (0x402181B3) sub gp, gp, sp
x3 <- 0x80008010


mem[X,0x800067D4] -> 0x1137
mem[X,0x800067D6] -> 0x0000
[6650] [M]: 0x800067D4 (0x00001137) lui sp, 1
x2 <- 0x00001000


mem[X,0x800067D8] -> 0x81B3
mem[X,0x800067DA] -> 0x0021
[6651] [M]: 0x800067D8 (0x002181B3) add gp, gp, sp
x3 <- 0x80009010


mem[X,0x800067DC] -> 0xAE87
mem[X,0x800067DE] -> 0x0F41
[6652] [M]: 0x800067DC (0x0F41AE87) flw ft9, 244(gp)
mem[R,0x80009104] -> 0x00007C00
f29 <- 0xFFFFFFFF00007C00


mem[X,0x800067E0] -> 0x81B3
mem[X,0x800067E2] -> 0x4021
[6653] [M]: 0x800067E0 (0x402181B3) sub gp, gp, sp
x3 <- 0x80008010


mem[X,0x800067E4] -> 0x0113
mem[X,0x800067E6] -> 0x0000
[6654] [M]: 0x800067E4 (0x00000113) addi sp, zero, 0
x2 <- 0x00000000


mem[X,0x800067E8] -> 0x1073
mem[X,0x800067EA] -> 0x0031
[6655] [M]: 0x800067E8 (0x00311073) csrrw zero, fcsr, sp
CSR fcsr -> 0x00000000
CSR fcsr <- 0x00000000 (input: 0x00000000)


mem[X,0x800067EC] -> 0x7FD3
mem[X,0x800067EE] -> 0x05DF
[6656] [M]: 0x800067EC (0x05DF7FD3) fadd.h ft11, ft10, ft9, dyn
f31 <- 0xFFFFFFFFFFFF7E00


mem[X,0x800067F0] -> 0x2273
mem[X,0x800067F2] -> 0x0030
[6657] [M]: 0x800067F0 (0x00302273) csrrs tp, fcsr, zero
CSR fcsr -> 0x00000000
x4 <- 0x00000000


mem[X,0x800067F4] -> 0xA827
mem[X,0x800067F6] -> 0x0FF0
[6658] [M]: 0x800067F4 (0x0FF0A827) fsw ft11, 240(ra)
mem[0x8000A504] <- 0xFFFF7E00


mem[X,0x800067F8] -> 0xAA23
mem[X,0x800067FA] -> 0x0E40
[6659] [M]: 0x800067F8 (0x0E40AA23) sw tp, 244(ra)
mem[0x8000A508] <- 0x00000000


mem[X,0x800067FC] -> 0x1137
mem[X,0x800067FE] -> 0x0000
[6660] [M]: 0x800067FC (0x00001137) lui sp, 1
x2 <- 0x00001000


mem[X,0x80006800] -> 0x81B3
mem[X,0x80006802] -> 0x0021
[6661] [M]: 0x80006800 (0x002181B3) add gp, gp, sp
x3 <- 0x80009010


mem[X,0x80006804] -> 0xAF07
mem[X,0x80006806] -> 0x0F81
[6662] [M]: 0x80006804 (0x0F81AF07) flw ft10, 248(gp)
mem[R,0x80009108] -> 0x00003C00
f30 <- 0xFFFFFFFF00003C00


mem[X,0x80006808] -> 0x81B3
mem[X,0x8000680A] -> 0x4021
[6663] [M]: 0x80006808 (0x402181B3) sub gp, gp, sp
x3 <- 0x80008010


mem[X,0x8000680C] -> 0x1137
mem[X,0x8000680E] -> 0x0000
[6664] [M]: 0x8000680C (0x00001137) lui sp, 1
x2 <- 0x00001000


mem[X,0x80006810] -> 0x81B3
mem[X,0x80006812] -> 0x0021
[6665] [M]: 0x80006810 (0x002181B3) add gp, gp, sp
x3 <- 0x80009010


mem[X,0x80006814] -> 0xAE87
mem[X,0x80006816] -> 0x0FC1
[6666] [M]: 0x80006814 (0x0FC1AE87) flw ft9, 252(gp)
mem[R,0x8000910C] -> 0x0000FC00
f29 <- 0xFFFFFFFF0000FC00


mem[X,0x80006818] -> 0x81B3
mem[X,0x8000681A] -> 0x4021
[6667] [M]: 0x80006818 (0x402181B3) sub gp, gp, sp
x3 <- 0x80008010


mem[X,0x8000681C] -> 0x0113
mem[X,0x8000681E] -> 0x0000
[6668] [M]: 0x8000681C (0x00000113) addi sp, zero, 0
x2 <- 0x00000000


mem[X,0x80006820] -> 0x1073
mem[X,0x80006822] -> 0x0031
[6669] [M]: 0x80006820 (0x00311073) csrrw zero, fcsr, sp
CSR fcsr -> 0x00000000
CSR fcsr <- 0x00000000 (input: 0x00000000)


mem[X,0x80006824] -> 0x7FD3
mem[X,0x80006826] -> 0x05DF
[6670] [M]: 0x80006824 (0x05DF7FD3) fadd.h ft11, ft10, ft9, dyn
f31 <- 0xFFFFFFFFFFFF7E00


mem[X,0x80006828] -> 0x2273
mem[X,0x8000682A] -> 0x0030
[6671] [M]: 0x80006828 (0x00302273) csrrs tp, fcsr, zero
CSR fcsr -> 0x00000000
x4 <- 0x00000000


mem[X,0x8000682C] -> 0xAC27
mem[X,0x8000682E] -> 0x0FF0
[6672] [M]: 0x8000682C (0x0FF0AC27) fsw ft11, 248(ra)
mem[0x8000A50C] <- 0xFFFF7E00


mem[X,0x80006830] -> 0xAE23
mem[X,0x80006832] -> 0x0E40
[6673] [M]: 0x80006830 (0x0E40AE23) sw tp, 252(ra)
mem[0x8000A510] <- 0x00000000


mem[X,0x80006834] -> 0x1137
mem[X,0x80006836] -> 0x0000
[6674] [M]: 0x80006834 (0x00001137) lui sp, 1
x2 <- 0x00001000


mem[X,0x80006838] -> 0x81B3
mem[X,0x8000683A] -> 0x0021
[6675] [M]: 0x80006838 (0x002181B3) add gp, gp, sp
x3 <- 0x80009010


mem[X,0x8000683C] -> 0xAF07
mem[X,0x8000683E] -> 0x1001
[6676] [M]: 0x8000683C (0x1001AF07) flw ft10, 256(gp)
mem[R,0x80009110] -> 0x00003C00
f30 <- 0xFFFFFFFF00003C00


mem[X,0x80006840] -> 0x81B3
mem[X,0x80006842] -> 0x4021
[6677] [M]: 0x80006840 (0x402181B3) sub gp, gp, sp
x3 <- 0x80008010


mem[X,0x80006844] -> 0x1137
mem[X,0x80006846] -> 0x0000
[6678] [M]: 0x80006844 (0x00001137) lui sp, 1
x2 <- 0x00001000


mem[X,0x80006848] -> 0x81B3
mem[X,0x8000684A] -> 0x0021
[6679] [M]: 0x80006848 (0x002181B3) add gp, gp, sp
x3 <- 0x80009010


mem[X,0x8000684C] -> 0xAE87
mem[X,0x8000684E] -> 0x1041
[6680] [M]: 0x8000684C (0x1041AE87) flw ft9, 260(gp)
mem[R,0x80009114] -> 0x00007E00
f29 <- 0xFFFFFFFF00007E00


mem[X,0x80006850] -> 0x81B3
mem[X,0x80006852] -> 0x4021
[6681] [M]: 0x80006850 (0x402181B3) sub gp, gp, sp
x3 <- 0x80008010


mem[X,0x80006854] -> 0x0113
mem[X,0x80006856] -> 0x0000
[6682] [M]: 0x80006854 (0x00000113) addi sp, zero, 0
x2 <- 0x00000000


mem[X,0x80006858] -> 0x1073
mem[X,0x8000685A] -> 0x0031
[6683] [M]: 0x80006858 (0x00311073) csrrw zero, fcsr, sp
CSR fcsr -> 0x00000000
CSR fcsr <- 0x00000000 (input: 0x00000000)


mem[X,0x8000685C] -> 0x7FD3
mem[X,0x8000685E] -> 0x05DF
[6684] [M]: 0x8000685C (0x05DF7FD3) fadd.h ft11, ft10, ft9, dyn
f31 <- 0xFFFFFFFFFFFF7E00


mem[X,0x80006860] -> 0x2273
mem[X,0x80006862] -> 0x0030
[6685] [M]: 0x80006860 (0x00302273) csrrs tp, fcsr, zero
CSR fcsr -> 0x00000000
x4 <- 0x00000000


mem[X,0x80006864] -> 0xA027
mem[X,0x80006866] -> 0x11F0
[6686] [M]: 0x80006864 (0x11F0A027) fsw ft11, 256(ra)
mem[0x8000A514] <- 0xFFFF7E00


mem[X,0x80006868] -> 0xA223
mem[X,0x8000686A] -> 0x1040
[6687] [M]: 0x80006868 (0x1040A223) sw tp, 260(ra)
mem[0x8000A518] <- 0x00000000


mem[X,0x8000686C] -> 0x1137
mem[X,0x8000686E] -> 0x0000
[6688] [M]: 0x8000686C (0x00001137) lui sp, 1
x2 <- 0x00001000


mem[X,0x80006870] -> 0x81B3
mem[X,0x80006872] -> 0x0021
[6689] [M]: 0x80006870 (0x002181B3) add gp, gp, sp
x3 <- 0x80009010


mem[X,0x80006874] -> 0xAF07
mem[X,0x80006876] -> 0x1081
[6690] [M]: 0x80006874 (0x1081AF07) flw ft10, 264(gp)
mem[R,0x80009118] -> 0x00003C00
f30 <- 0xFFFFFFFF00003C00


mem[X,0x80006878] -> 0x81B3
mem[X,0x8000687A] -> 0x4021
[6691] [M]: 0x80006878 (0x402181B3) sub gp, gp, sp
x3 <- 0x80008010


mem[X,0x8000687C] -> 0x1137
mem[X,0x8000687E] -> 0x0000
[6692] [M]: 0x8000687C (0x00001137) lui sp, 1
x2 <- 0x00001000


mem[X,0x80006880] -> 0x81B3
mem[X,0x80006882] -> 0x0021
[6693] [M]: 0x80006880 (0x002181B3) add gp, gp, sp
x3 <- 0x80009010


mem[X,0x80006884] -> 0xAE87
mem[X,0x80006886] -> 0x10C1
[6694] [M]: 0x80006884 (0x10C1AE87) flw ft9, 268(gp)
mem[R,0x8000911C] -> 0x0000FE00
f29 <- 0xFFFFFFFF0000FE00


mem[X,0x80006888] -> 0x81B3
mem[X,0x8000688A] -> 0x4021
[6695] [M]: 0x80006888 (0x402181B3) sub gp, gp, sp
x3 <- 0x80008010


mem[X,0x8000688C] -> 0x0113
mem[X,0x8000688E] -> 0x0000
[6696] [M]: 0x8000688C (0x00000113) addi sp, zero, 0
x2 <- 0x00000000


mem[X,0x80006890] -> 0x1073
mem[X,0x80006892] -> 0x0031
[6697] [M]: 0x80006890 (0x00311073) csrrw zero, fcsr, sp
CSR fcsr -> 0x00000000
CSR fcsr <- 0x00000000 (input: 0x00000000)


mem[X,0x80006894] -> 0x7FD3
mem[X,0x80006896] -> 0x05DF
[6698] [M]: 0x80006894 (0x05DF7FD3) fadd.h ft11, ft10, ft9, dyn
f31 <- 0xFFFFFFFFFFFF7E00


mem[X,0x80006898] -> 0x2273
mem[X,0x8000689A] -> 0x0030
[6699] [M]: 0x80006898 (0x00302273) csrrs tp, fcsr, zero
CSR fcsr -> 0x00000000
x4 <- 0x00000000


clint::tick mtime <- 0x0000000000000043
 clint timer pending at mtime 0x0000000000000043
htif::tick 0x0000000000000000
mem[X,0x8000689C] -> 0xA427
mem[X,0x8000689E] -> 0x11F0
[6700] [M]: 0x8000689C (0x11F0A427) fsw ft11, 264(ra)
mem[0x8000A51C] <- 0xFFFF7E00


mem[X,0x800068A0] -> 0xA623
mem[X,0x800068A2] -> 0x1040
[6701] [M]: 0x800068A0 (0x1040A623) sw tp, 268(ra)
mem[0x8000A520] <- 0x00000000


mem[X,0x800068A4] -> 0x1137
mem[X,0x800068A6] -> 0x0000
[6702] [M]: 0x800068A4 (0x00001137) lui sp, 1
x2 <- 0x00001000


mem[X,0x800068A8] -> 0x81B3
mem[X,0x800068AA] -> 0x0021
[6703] [M]: 0x800068A8 (0x002181B3) add gp, gp, sp
x3 <- 0x80009010


mem[X,0x800068AC] -> 0xAF07
mem[X,0x800068AE] -> 0x1101
[6704] [M]: 0x800068AC (0x1101AF07) flw ft10, 272(gp)
mem[R,0x80009120] -> 0x00003C00
f30 <- 0xFFFFFFFF00003C00


mem[X,0x800068B0] -> 0x81B3
mem[X,0x800068B2] -> 0x4021
[6705] [M]: 0x800068B0 (0x402181B3) sub gp, gp, sp
x3 <- 0x80008010


mem[X,0x800068B4] -> 0x1137
mem[X,0x800068B6] -> 0x0000
[6706] [M]: 0x800068B4 (0x00001137) lui sp, 1
x2 <- 0x00001000


mem[X,0x800068B8] -> 0x81B3
mem[X,0x800068BA] -> 0x0021
[6707] [M]: 0x800068B8 (0x002181B3) add gp, gp, sp
x3 <- 0x80009010


mem[X,0x800068BC] -> 0xAE87
mem[X,0x800068BE] -> 0x1141
[6708] [M]: 0x800068BC (0x1141AE87) flw ft9, 276(gp)
mem[R,0x80009124] -> 0x00007E01
f29 <- 0xFFFFFFFF00007E01


mem[X,0x800068C0] -> 0x81B3
mem[X,0x800068C2] -> 0x4021
[6709] [M]: 0x800068C0 (0x402181B3) sub gp, gp, sp
x3 <- 0x80008010


mem[X,0x800068C4] -> 0x0113
mem[X,0x800068C6] -> 0x0000
[6710] [M]: 0x800068C4 (0x00000113) addi sp, zero, 0
x2 <- 0x00000000


mem[X,0x800068C8] -> 0x1073
mem[X,0x800068CA] -> 0x0031
[6711] [M]: 0x800068C8 (0x00311073) csrrw zero, fcsr, sp
CSR fcsr -> 0x00000000
CSR fcsr <- 0x00000000 (input: 0x00000000)


mem[X,0x800068CC] -> 0x7FD3
mem[X,0x800068CE] -> 0x05DF
[6712] [M]: 0x800068CC (0x05DF7FD3) fadd.h ft11, ft10, ft9, dyn
f31 <- 0xFFFFFFFFFFFF7E00


mem[X,0x800068D0] -> 0x2273
mem[X,0x800068D2] -> 0x0030
[6713] [M]: 0x800068D0 (0x00302273) csrrs tp, fcsr, zero
CSR fcsr -> 0x00000000
x4 <- 0x00000000


mem[X,0x800068D4] -> 0xA827
mem[X,0x800068D6] -> 0x11F0
[6714] [M]: 0x800068D4 (0x11F0A827) fsw ft11, 272(ra)
mem[0x8000A524] <- 0xFFFF7E00


mem[X,0x800068D8] -> 0xAA23
mem[X,0x800068DA] -> 0x1040
[6715] [M]: 0x800068D8 (0x1040AA23) sw tp, 276(ra)
mem[0x8000A528] <- 0x00000000


mem[X,0x800068DC] -> 0x1137
mem[X,0x800068DE] -> 0x0000
[6716] [M]: 0x800068DC (0x00001137) lui sp, 1
x2 <- 0x00001000


mem[X,0x800068E0] -> 0x81B3
mem[X,0x800068E2] -> 0x0021
[6717] [M]: 0x800068E0 (0x002181B3) add gp, gp, sp
x3 <- 0x80009010


mem[X,0x800068E4] -> 0xAF07
mem[X,0x800068E6] -> 0x1181
[6718] [M]: 0x800068E4 (0x1181AF07) flw ft10, 280(gp)
mem[R,0x80009128] -> 0x00003C00
f30 <- 0xFFFFFFFF00003C00


mem[X,0x800068E8] -> 0x81B3
mem[X,0x800068EA] -> 0x4021
[6719] [M]: 0x800068E8 (0x402181B3) sub gp, gp, sp
x3 <- 0x80008010


mem[X,0x800068EC] -> 0x1137
mem[X,0x800068EE] -> 0x0000
[6720] [M]: 0x800068EC (0x00001137) lui sp, 1
x2 <- 0x00001000


mem[X,0x800068F0] -> 0x81B3
mem[X,0x800068F2] -> 0x0021
[6721] [M]: 0x800068F0 (0x002181B3) add gp, gp, sp
x3 <- 0x80009010


mem[X,0x800068F4] -> 0xAE87
mem[X,0x800068F6] -> 0x11C1
[6722] [M]: 0x800068F4 (0x11C1AE87) flw ft9, 284(gp)
mem[R,0x8000912C] -> 0x0000FE55
f29 <- 0xFFFFFFFF0000FE55


mem[X,0x800068F8] -> 0x81B3
mem[X,0x800068FA] -> 0x4021
[6723] [M]: 0x800068F8 (0x402181B3) sub gp, gp, sp
x3 <- 0x80008010


mem[X,0x800068FC] -> 0x0113
mem[X,0x800068FE] -> 0x0000
[6724] [M]: 0x800068FC (0x00000113) addi sp, zero, 0
x2 <- 0x00000000


mem[X,0x80006900] -> 0x1073
mem[X,0x80006902] -> 0x0031
[6725] [M]: 0x80006900 (0x00311073) csrrw zero, fcsr, sp
CSR fcsr -> 0x00000000
CSR fcsr <- 0x00000000 (input: 0x00000000)


mem[X,0x80006904] -> 0x7FD3
mem[X,0x80006906] -> 0x05DF
[6726] [M]: 0x80006904 (0x05DF7FD3) fadd.h ft11, ft10, ft9, dyn
f31 <- 0xFFFFFFFFFFFF7E00


mem[X,0x80006908] -> 0x2273
mem[X,0x8000690A] -> 0x0030
[6727] [M]: 0x80006908 (0x00302273) csrrs tp, fcsr, zero
CSR fcsr -> 0x00000000
x4 <- 0x00000000


mem[X,0x8000690C] -> 0xAC27
mem[X,0x8000690E] -> 0x11F0
[6728] [M]: 0x8000690C (0x11F0AC27) fsw ft11, 280(ra)
mem[0x8000A52C] <- 0xFFFF7E00


mem[X,0x80006910] -> 0xAE23
mem[X,0x80006912] -> 0x1040
[6729] [M]: 0x80006910 (0x1040AE23) sw tp, 284(ra)
mem[0x8000A530] <- 0x00000000


mem[X,0x80006914] -> 0x1137
mem[X,0x80006916] -> 0x0000
[6730] [M]: 0x80006914 (0x00001137) lui sp, 1
x2 <- 0x00001000


mem[X,0x80006918] -> 0x81B3
mem[X,0x8000691A] -> 0x0021
[6731] [M]: 0x80006918 (0x002181B3) add gp, gp, sp
x3 <- 0x80009010


mem[X,0x8000691C] -> 0xAF07
mem[X,0x8000691E] -> 0x1201
[6732] [M]: 0x8000691C (0x1201AF07) flw ft10, 288(gp)
mem[R,0x80009130] -> 0x00003C00
f30 <- 0xFFFFFFFF00003C00


mem[X,0x80006920] -> 0x81B3
mem[X,0x80006922] -> 0x4021
[6733] [M]: 0x80006920 (0x402181B3) sub gp, gp, sp
x3 <- 0x80008010


mem[X,0x80006924] -> 0x1137
mem[X,0x80006926] -> 0x0000
[6734] [M]: 0x80006924 (0x00001137) lui sp, 1
x2 <- 0x00001000


mem[X,0x80006928] -> 0x81B3
mem[X,0x8000692A] -> 0x0021
[6735] [M]: 0x80006928 (0x002181B3) add gp, gp, sp
x3 <- 0x80009010


mem[X,0x8000692C] -> 0xAE87
mem[X,0x8000692E] -> 0x1241
[6736] [M]: 0x8000692C (0x1241AE87) flw ft9, 292(gp)
mem[R,0x80009134] -> 0x00007C01
f29 <- 0xFFFFFFFF00007C01


mem[X,0x80006930] -> 0x81B3
mem[X,0x80006932] -> 0x4021
[6737] [M]: 0x80006930 (0x402181B3) sub gp, gp, sp
x3 <- 0x80008010


mem[X,0x80006934] -> 0x0113
mem[X,0x80006936] -> 0x0000
[6738] [M]: 0x80006934 (0x00000113) addi sp, zero, 0
x2 <- 0x00000000


mem[X,0x80006938] -> 0x1073
mem[X,0x8000693A] -> 0x0031
[6739] [M]: 0x80006938 (0x00311073) csrrw zero, fcsr, sp
CSR fcsr -> 0x00000000
CSR fcsr <- 0x00000000 (input: 0x00000000)


mem[X,0x8000693C] -> 0x7FD3
mem[X,0x8000693E] -> 0x05DF
[6740] [M]: 0x8000693C (0x05DF7FD3) fadd.h ft11, ft10, ft9, dyn
f31 <- 0xFFFFFFFFFFFF7E00


mem[X,0x80006940] -> 0x2273
mem[X,0x80006942] -> 0x0030
[6741] [M]: 0x80006940 (0x00302273) csrrs tp, fcsr, zero
CSR fcsr -> 0x00000000
x4 <- 0x00000000


mem[X,0x80006944] -> 0xA027
mem[X,0x80006946] -> 0x13F0
[6742] [M]: 0x80006944 (0x13F0A027) fsw ft11, 288(ra)
mem[0x8000A534] <- 0xFFFF7E00


mem[X,0x80006948] -> 0xA223
mem[X,0x8000694A] -> 0x1240
[6743] [M]: 0x80006948 (0x1240A223) sw tp, 292(ra)
mem[0x8000A538] <- 0x00000000


mem[X,0x8000694C] -> 0x1137
mem[X,0x8000694E] -> 0x0000
[6744] [M]: 0x8000694C (0x00001137) lui sp, 1
x2 <- 0x00001000


mem[X,0x80006950] -> 0x81B3
mem[X,0x80006952] -> 0x0021
[6745] [M]: 0x80006950 (0x002181B3) add gp, gp, sp
x3 <- 0x80009010


mem[X,0x80006954] -> 0xAF07
mem[X,0x80006956] -> 0x1281
[6746] [M]: 0x80006954 (0x1281AF07) flw ft10, 296(gp)
mem[R,0x80009138] -> 0x00003C00
f30 <- 0xFFFFFFFF00003C00


mem[X,0x80006958] -> 0x81B3
mem[X,0x8000695A] -> 0x4021
[6747] [M]: 0x80006958 (0x402181B3) sub gp, gp, sp
x3 <- 0x80008010


mem[X,0x8000695C] -> 0x1137
mem[X,0x8000695E] -> 0x0000
[6748] [M]: 0x8000695C (0x00001137) lui sp, 1
x2 <- 0x00001000


mem[X,0x80006960] -> 0x81B3
mem[X,0x80006962] -> 0x0021
[6749] [M]: 0x80006960 (0x002181B3) add gp, gp, sp
x3 <- 0x80009010


mem[X,0x80006964] -> 0xAE87
mem[X,0x80006966] -> 0x12C1
[6750] [M]: 0x80006964 (0x12C1AE87) flw ft9, 300(gp)
mem[R,0x8000913C] -> 0x0000FD55
f29 <- 0xFFFFFFFF0000FD55


mem[X,0x80006968] -> 0x81B3
mem[X,0x8000696A] -> 0x4021
[6751] [M]: 0x80006968 (0x402181B3) sub gp, gp, sp
x3 <- 0x80008010


mem[X,0x8000696C] -> 0x0113
mem[X,0x8000696E] -> 0x0000
[6752] [M]: 0x8000696C (0x00000113) addi sp, zero, 0
x2 <- 0x00000000


mem[X,0x80006970] -> 0x1073
mem[X,0x80006972] -> 0x0031
[6753] [M]: 0x80006970 (0x00311073) csrrw zero, fcsr, sp
CSR fcsr -> 0x00000000
CSR fcsr <- 0x00000000 (input: 0x00000000)


mem[X,0x80006974] -> 0x7FD3
mem[X,0x80006976] -> 0x05DF
[6754] [M]: 0x80006974 (0x05DF7FD3) fadd.h ft11, ft10, ft9, dyn
f31 <- 0xFFFFFFFFFFFF7E00


mem[X,0x80006978] -> 0x2273
mem[X,0x8000697A] -> 0x0030
[6755] [M]: 0x80006978 (0x00302273) csrrs tp, fcsr, zero
CSR fcsr -> 0x00000000
x4 <- 0x00000000


mem[X,0x8000697C] -> 0xA427
mem[X,0x8000697E] -> 0x13F0
[6756] [M]: 0x8000697C (0x13F0A427) fsw ft11, 296(ra)
mem[0x8000A53C] <- 0xFFFF7E00


mem[X,0x80006980] -> 0xA623
mem[X,0x80006982] -> 0x1240
[6757] [M]: 0x80006980 (0x1240A623) sw tp, 300(ra)
mem[0x8000A540] <- 0x00000000


mem[X,0x80006984] -> 0x1137
mem[X,0x80006986] -> 0x0000
[6758] [M]: 0x80006984 (0x00001137) lui sp, 1
x2 <- 0x00001000


mem[X,0x80006988] -> 0x81B3
mem[X,0x8000698A] -> 0x0021
[6759] [M]: 0x80006988 (0x002181B3) add gp, gp, sp
x3 <- 0x80009010


mem[X,0x8000698C] -> 0xAF07
mem[X,0x8000698E] -> 0x1301
[6760] [M]: 0x8000698C (0x1301AF07) flw ft10, 304(gp)
mem[R,0x80009140] -> 0x00003C00
f30 <- 0xFFFFFFFF00003C00


mem[X,0x80006990] -> 0x81B3
mem[X,0x80006992] -> 0x4021
[6761] [M]: 0x80006990 (0x402181B3) sub gp, gp, sp
x3 <- 0x80008010


mem[X,0x80006994] -> 0x1137
mem[X,0x80006996] -> 0x0000
[6762] [M]: 0x80006994 (0x00001137) lui sp, 1
x2 <- 0x00001000


mem[X,0x80006998] -> 0x81B3
mem[X,0x8000699A] -> 0x0021
[6763] [M]: 0x80006998 (0x002181B3) add gp, gp, sp
x3 <- 0x80009010


mem[X,0x8000699C] -> 0xAE87
mem[X,0x8000699E] -> 0x1341
[6764] [M]: 0x8000699C (0x1341AE87) flw ft9, 308(gp)
mem[R,0x80009144] -> 0x00003C00
f29 <- 0xFFFFFFFF00003C00


mem[X,0x800069A0] -> 0x81B3
mem[X,0x800069A2] -> 0x4021
[6765] [M]: 0x800069A0 (0x402181B3) sub gp, gp, sp
x3 <- 0x80008010


mem[X,0x800069A4] -> 0x0113
mem[X,0x800069A6] -> 0x0000
[6766] [M]: 0x800069A4 (0x00000113) addi sp, zero, 0
x2 <- 0x00000000


mem[X,0x800069A8] -> 0x1073
mem[X,0x800069AA] -> 0x0031
[6767] [M]: 0x800069A8 (0x00311073) csrrw zero, fcsr, sp
CSR fcsr -> 0x00000000
CSR fcsr <- 0x00000000 (input: 0x00000000)


mem[X,0x800069AC] -> 0x7FD3
mem[X,0x800069AE] -> 0x05DF
[6768] [M]: 0x800069AC (0x05DF7FD3) fadd.h ft11, ft10, ft9, dyn
f31 <- 0xFFFFFFFFFFFF7E00


mem[X,0x800069B0] -> 0x2273
mem[X,0x800069B2] -> 0x0030
[6769] [M]: 0x800069B0 (0x00302273) csrrs tp, fcsr, zero
CSR fcsr -> 0x00000000
x4 <- 0x00000000


mem[X,0x800069B4] -> 0xA827
mem[X,0x800069B6] -> 0x13F0
[6770] [M]: 0x800069B4 (0x13F0A827) fsw ft11, 304(ra)
mem[0x8000A544] <- 0xFFFF7E00


mem[X,0x800069B8] -> 0xAA23
mem[X,0x800069BA] -> 0x1240
[6771] [M]: 0x800069B8 (0x1240AA23) sw tp, 308(ra)
mem[0x8000A548] <- 0x00000000


mem[X,0x800069BC] -> 0x1137
mem[X,0x800069BE] -> 0x0000
[6772] [M]: 0x800069BC (0x00001137) lui sp, 1
x2 <- 0x00001000


mem[X,0x800069C0] -> 0x81B3
mem[X,0x800069C2] -> 0x0021
[6773] [M]: 0x800069C0 (0x002181B3) add gp, gp, sp
x3 <- 0x80009010


mem[X,0x800069C4] -> 0xAF07
mem[X,0x800069C6] -> 0x1381
[6774] [M]: 0x800069C4 (0x1381AF07) flw ft10, 312(gp)
mem[R,0x80009148] -> 0x00003C00
f30 <- 0xFFFFFFFF00003C00


mem[X,0x800069C8] -> 0x81B3
mem[X,0x800069CA] -> 0x4021
[6775] [M]: 0x800069C8 (0x402181B3) sub gp, gp, sp
x3 <- 0x80008010


mem[X,0x800069CC] -> 0x1137
mem[X,0x800069CE] -> 0x0000
[6776] [M]: 0x800069CC (0x00001137) lui sp, 1
x2 <- 0x00001000


mem[X,0x800069D0] -> 0x81B3
mem[X,0x800069D2] -> 0x0021
[6777] [M]: 0x800069D0 (0x002181B3) add gp, gp, sp
x3 <- 0x80009010


mem[X,0x800069D4] -> 0xAE87
mem[X,0x800069D6] -> 0x13C1
[6778] [M]: 0x800069D4 (0x13C1AE87) flw ft9, 316(gp)
mem[R,0x8000914C] -> 0x0000BC00
f29 <- 0xFFFFFFFF0000BC00


mem[X,0x800069D8] -> 0x81B3
mem[X,0x800069DA] -> 0x4021
[6779] [M]: 0x800069D8 (0x402181B3) sub gp, gp, sp
x3 <- 0x80008010


mem[X,0x800069DC] -> 0x0113
mem[X,0x800069DE] -> 0x0000
[6780] [M]: 0x800069DC (0x00000113) addi sp, zero, 0
x2 <- 0x00000000


mem[X,0x800069E0] -> 0x1073
mem[X,0x800069E2] -> 0x0031
[6781] [M]: 0x800069E0 (0x00311073) csrrw zero, fcsr, sp
CSR fcsr -> 0x00000000
CSR fcsr <- 0x00000000 (input: 0x00000000)


mem[X,0x800069E4] -> 0x7FD3
mem[X,0x800069E6] -> 0x05DF
[6782] [M]: 0x800069E4 (0x05DF7FD3) fadd.h ft11, ft10, ft9, dyn
f31 <- 0xFFFFFFFFFFFF7E00


mem[X,0x800069E8] -> 0x2273
mem[X,0x800069EA] -> 0x0030
[6783] [M]: 0x800069E8 (0x00302273) csrrs tp, fcsr, zero
CSR fcsr -> 0x00000000
x4 <- 0x00000000


mem[X,0x800069EC] -> 0xAC27
mem[X,0x800069EE] -> 0x13F0
[6784] [M]: 0x800069EC (0x13F0AC27) fsw ft11, 312(ra)
mem[0x8000A54C] <- 0xFFFF7E00


mem[X,0x800069F0] -> 0xAE23
mem[X,0x800069F2] -> 0x1240
[6785] [M]: 0x800069F0 (0x1240AE23) sw tp, 316(ra)
mem[0x8000A550] <- 0x00000000


mem[X,0x800069F4] -> 0x1137
mem[X,0x800069F6] -> 0x0000
[6786] [M]: 0x800069F4 (0x00001137) lui sp, 1
x2 <- 0x00001000


mem[X,0x800069F8] -> 0x81B3
mem[X,0x800069FA] -> 0x0021
[6787] [M]: 0x800069F8 (0x002181B3) add gp, gp, sp
x3 <- 0x80009010


mem[X,0x800069FC] -> 0xAF07
mem[X,0x800069FE] -> 0x1401
[6788] [M]: 0x800069FC (0x1401AF07) flw ft10, 320(gp)
mem[R,0x80009150] -> 0x0000BC00
f30 <- 0xFFFFFFFF0000BC00


mem[X,0x80006A00] -> 0x81B3
mem[X,0x80006A02] -> 0x4021
[6789] [M]: 0x80006A00 (0x402181B3) sub gp, gp, sp
x3 <- 0x80008010


mem[X,0x80006A04] -> 0x1137
mem[X,0x80006A06] -> 0x0000
[6790] [M]: 0x80006A04 (0x00001137) lui sp, 1
x2 <- 0x00001000


mem[X,0x80006A08] -> 0x81B3
mem[X,0x80006A0A] -> 0x0021
[6791] [M]: 0x80006A08 (0x002181B3) add gp, gp, sp
x3 <- 0x80009010


mem[X,0x80006A0C] -> 0xAE87
mem[X,0x80006A0E] -> 0x1441
[6792] [M]: 0x80006A0C (0x1441AE87) flw ft9, 324(gp)
mem[R,0x80009154] -> 0x00000000
f29 <- 0xFFFFFFFF00000000


mem[X,0x80006A10] -> 0x81B3
mem[X,0x80006A12] -> 0x4021
[6793] [M]: 0x80006A10 (0x402181B3) sub gp, gp, sp
x3 <- 0x80008010


mem[X,0x80006A14] -> 0x0113
mem[X,0x80006A16] -> 0x0000
[6794] [M]: 0x80006A14 (0x00000113) addi sp, zero, 0
x2 <- 0x00000000


mem[X,0x80006A18] -> 0x1073
mem[X,0x80006A1A] -> 0x0031
[6795] [M]: 0x80006A18 (0x00311073) csrrw zero, fcsr, sp
CSR fcsr -> 0x00000000
CSR fcsr <- 0x00000000 (input: 0x00000000)


mem[X,0x80006A1C] -> 0x7FD3
mem[X,0x80006A1E] -> 0x05DF
[6796] [M]: 0x80006A1C (0x05DF7FD3) fadd.h ft11, ft10, ft9, dyn
f31 <- 0xFFFFFFFFFFFF7E00


mem[X,0x80006A20] -> 0x2273
mem[X,0x80006A22] -> 0x0030
[6797] [M]: 0x80006A20 (0x00302273) csrrs tp, fcsr, zero
CSR fcsr -> 0x00000000
x4 <- 0x00000000


mem[X,0x80006A24] -> 0xA027
mem[X,0x80006A26] -> 0x15F0
[6798] [M]: 0x80006A24 (0x15F0A027) fsw ft11, 320(ra)
mem[0x8000A554] <- 0xFFFF7E00


mem[X,0x80006A28] -> 0xA223
mem[X,0x80006A2A] -> 0x1440
[6799] [M]: 0x80006A28 (0x1440A223) sw tp, 324(ra)
mem[0x8000A558] <- 0x00000000


clint::tick mtime <- 0x0000000000000044
 clint timer pending at mtime 0x0000000000000044
htif::tick 0x0000000000000000
mem[X,0x80006A2C] -> 0x1137
mem[X,0x80006A2E] -> 0x0000
[6800] [M]: 0x80006A2C (0x00001137) lui sp, 1
x2 <- 0x00001000


mem[X,0x80006A30] -> 0x81B3
mem[X,0x80006A32] -> 0x0021
[6801] [M]: 0x80006A30 (0x002181B3) add gp, gp, sp
x3 <- 0x80009010


mem[X,0x80006A34] -> 0xAF07
mem[X,0x80006A36] -> 0x1481
[6802] [M]: 0x80006A34 (0x1481AF07) flw ft10, 328(gp)
mem[R,0x80009158] -> 0x0000BC00
f30 <- 0xFFFFFFFF0000BC00


mem[X,0x80006A38] -> 0x81B3
mem[X,0x80006A3A] -> 0x4021
[6803] [M]: 0x80006A38 (0x402181B3) sub gp, gp, sp
x3 <- 0x80008010


mem[X,0x80006A3C] -> 0x1137
mem[X,0x80006A3E] -> 0x0000
[6804] [M]: 0x80006A3C (0x00001137) lui sp, 1
x2 <- 0x00001000


mem[X,0x80006A40] -> 0x81B3
mem[X,0x80006A42] -> 0x0021
[6805] [M]: 0x80006A40 (0x002181B3) add gp, gp, sp
x3 <- 0x80009010


mem[X,0x80006A44] -> 0xAE87
mem[X,0x80006A46] -> 0x14C1
[6806] [M]: 0x80006A44 (0x14C1AE87) flw ft9, 332(gp)
mem[R,0x8000915C] -> 0x00008000
f29 <- 0xFFFFFFFF00008000


mem[X,0x80006A48] -> 0x81B3
mem[X,0x80006A4A] -> 0x4021
[6807] [M]: 0x80006A48 (0x402181B3) sub gp, gp, sp
x3 <- 0x80008010


mem[X,0x80006A4C] -> 0x0113
mem[X,0x80006A4E] -> 0x0000
[6808] [M]: 0x80006A4C (0x00000113) addi sp, zero, 0
x2 <- 0x00000000


mem[X,0x80006A50] -> 0x1073
mem[X,0x80006A52] -> 0x0031
[6809] [M]: 0x80006A50 (0x00311073) csrrw zero, fcsr, sp
CSR fcsr -> 0x00000000
CSR fcsr <- 0x00000000 (input: 0x00000000)


mem[X,0x80006A54] -> 0x7FD3
mem[X,0x80006A56] -> 0x05DF
[6810] [M]: 0x80006A54 (0x05DF7FD3) fadd.h ft11, ft10, ft9, dyn
f31 <- 0xFFFFFFFFFFFF7E00


mem[X,0x80006A58] -> 0x2273
mem[X,0x80006A5A] -> 0x0030
[6811] [M]: 0x80006A58 (0x00302273) csrrs tp, fcsr, zero
CSR fcsr -> 0x00000000
x4 <- 0x00000000


mem[X,0x80006A5C] -> 0xA427
mem[X,0x80006A5E] -> 0x15F0
[6812] [M]: 0x80006A5C (0x15F0A427) fsw ft11, 328(ra)
mem[0x8000A55C] <- 0xFFFF7E00


mem[X,0x80006A60] -> 0xA623
mem[X,0x80006A62] -> 0x1440
[6813] [M]: 0x80006A60 (0x1440A623) sw tp, 332(ra)
mem[0x8000A560] <- 0x00000000


mem[X,0x80006A64] -> 0x1137
mem[X,0x80006A66] -> 0x0000
[6814] [M]: 0x80006A64 (0x00001137) lui sp, 1
x2 <- 0x00001000


mem[X,0x80006A68] -> 0x81B3
mem[X,0x80006A6A] -> 0x0021
[6815] [M]: 0x80006A68 (0x002181B3) add gp, gp, sp
x3 <- 0x80009010


mem[X,0x80006A6C] -> 0xAF07
mem[X,0x80006A6E] -> 0x1501
[6816] [M]: 0x80006A6C (0x1501AF07) flw ft10, 336(gp)
mem[R,0x80009160] -> 0x0000BC00
f30 <- 0xFFFFFFFF0000BC00


mem[X,0x80006A70] -> 0x81B3
mem[X,0x80006A72] -> 0x4021
[6817] [M]: 0x80006A70 (0x402181B3) sub gp, gp, sp
x3 <- 0x80008010


mem[X,0x80006A74] -> 0x1137
mem[X,0x80006A76] -> 0x0000
[6818] [M]: 0x80006A74 (0x00001137) lui sp, 1
x2 <- 0x00001000


mem[X,0x80006A78] -> 0x81B3
mem[X,0x80006A7A] -> 0x0021
[6819] [M]: 0x80006A78 (0x002181B3) add gp, gp, sp
x3 <- 0x80009010


mem[X,0x80006A7C] -> 0xAE87
mem[X,0x80006A7E] -> 0x1541
[6820] [M]: 0x80006A7C (0x1541AE87) flw ft9, 340(gp)
mem[R,0x80009164] -> 0x00000001
f29 <- 0xFFFFFFFF00000001


mem[X,0x80006A80] -> 0x81B3
mem[X,0x80006A82] -> 0x4021
[6821] [M]: 0x80006A80 (0x402181B3) sub gp, gp, sp
x3 <- 0x80008010


mem[X,0x80006A84] -> 0x0113
mem[X,0x80006A86] -> 0x0000
[6822] [M]: 0x80006A84 (0x00000113) addi sp, zero, 0
x2 <- 0x00000000


mem[X,0x80006A88] -> 0x1073
mem[X,0x80006A8A] -> 0x0031
[6823] [M]: 0x80006A88 (0x00311073) csrrw zero, fcsr, sp
CSR fcsr -> 0x00000000
CSR fcsr <- 0x00000000 (input: 0x00000000)


mem[X,0x80006A8C] -> 0x7FD3
mem[X,0x80006A8E] -> 0x05DF
[6824] [M]: 0x80006A8C (0x05DF7FD3) fadd.h ft11, ft10, ft9, dyn
f31 <- 0xFFFFFFFFFFFF7E00


mem[X,0x80006A90] -> 0x2273
mem[X,0x80006A92] -> 0x0030
[6825] [M]: 0x80006A90 (0x00302273) csrrs tp, fcsr, zero
CSR fcsr -> 0x00000000
x4 <- 0x00000000


mem[X,0x80006A94] -> 0xA827
mem[X,0x80006A96] -> 0x15F0
[6826] [M]: 0x80006A94 (0x15F0A827) fsw ft11, 336(ra)
mem[0x8000A564] <- 0xFFFF7E00


mem[X,0x80006A98] -> 0xAA23
mem[X,0x80006A9A] -> 0x1440
[6827] [M]: 0x80006A98 (0x1440AA23) sw tp, 340(ra)
mem[0x8000A568] <- 0x00000000


mem[X,0x80006A9C] -> 0x1137
mem[X,0x80006A9E] -> 0x0000
[6828] [M]: 0x80006A9C (0x00001137) lui sp, 1
x2 <- 0x00001000


mem[X,0x80006AA0] -> 0x81B3
mem[X,0x80006AA2] -> 0x0021
[6829] [M]: 0x80006AA0 (0x002181B3) add gp, gp, sp
x3 <- 0x80009010


mem[X,0x80006AA4] -> 0xAF07
mem[X,0x80006AA6] -> 0x1581
[6830] [M]: 0x80006AA4 (0x1581AF07) flw ft10, 344(gp)
mem[R,0x80009168] -> 0x0000BC00
f30 <- 0xFFFFFFFF0000BC00


mem[X,0x80006AA8] -> 0x81B3
mem[X,0x80006AAA] -> 0x4021
[6831] [M]: 0x80006AA8 (0x402181B3) sub gp, gp, sp
x3 <- 0x80008010


mem[X,0x80006AAC] -> 0x1137
mem[X,0x80006AAE] -> 0x0000
[6832] [M]: 0x80006AAC (0x00001137) lui sp, 1
x2 <- 0x00001000


mem[X,0x80006AB0] -> 0x81B3
mem[X,0x80006AB2] -> 0x0021
[6833] [M]: 0x80006AB0 (0x002181B3) add gp, gp, sp
x3 <- 0x80009010


mem[X,0x80006AB4] -> 0xAE87
mem[X,0x80006AB6] -> 0x15C1
[6834] [M]: 0x80006AB4 (0x15C1AE87) flw ft9, 348(gp)
mem[R,0x8000916C] -> 0x00008001
f29 <- 0xFFFFFFFF00008001


mem[X,0x80006AB8] -> 0x81B3
mem[X,0x80006ABA] -> 0x4021
[6835] [M]: 0x80006AB8 (0x402181B3) sub gp, gp, sp
x3 <- 0x80008010


mem[X,0x80006ABC] -> 0x0113
mem[X,0x80006ABE] -> 0x0000
[6836] [M]: 0x80006ABC (0x00000113) addi sp, zero, 0
x2 <- 0x00000000


mem[X,0x80006AC0] -> 0x1073
mem[X,0x80006AC2] -> 0x0031
[6837] [M]: 0x80006AC0 (0x00311073) csrrw zero, fcsr, sp
CSR fcsr -> 0x00000000
CSR fcsr <- 0x00000000 (input: 0x00000000)


mem[X,0x80006AC4] -> 0x7FD3
mem[X,0x80006AC6] -> 0x05DF
[6838] [M]: 0x80006AC4 (0x05DF7FD3) fadd.h ft11, ft10, ft9, dyn
f31 <- 0xFFFFFFFFFFFF7E00


mem[X,0x80006AC8] -> 0x2273
mem[X,0x80006ACA] -> 0x0030
[6839] [M]: 0x80006AC8 (0x00302273) csrrs tp, fcsr, zero
CSR fcsr -> 0x00000000
x4 <- 0x00000000


mem[X,0x80006ACC] -> 0xAC27
mem[X,0x80006ACE] -> 0x15F0
[6840] [M]: 0x80006ACC (0x15F0AC27) fsw ft11, 344(ra)
mem[0x8000A56C] <- 0xFFFF7E00


mem[X,0x80006AD0] -> 0xAE23
mem[X,0x80006AD2] -> 0x1440
[6841] [M]: 0x80006AD0 (0x1440AE23) sw tp, 348(ra)
mem[0x8000A570] <- 0x00000000


mem[X,0x80006AD4] -> 0x1137
mem[X,0x80006AD6] -> 0x0000
[6842] [M]: 0x80006AD4 (0x00001137) lui sp, 1
x2 <- 0x00001000


mem[X,0x80006AD8] -> 0x81B3
mem[X,0x80006ADA] -> 0x0021
[6843] [M]: 0x80006AD8 (0x002181B3) add gp, gp, sp
x3 <- 0x80009010


mem[X,0x80006ADC] -> 0xAF07
mem[X,0x80006ADE] -> 0x1601
[6844] [M]: 0x80006ADC (0x1601AF07) flw ft10, 352(gp)
mem[R,0x80009170] -> 0x0000BC00
f30 <- 0xFFFFFFFF0000BC00


mem[X,0x80006AE0] -> 0x81B3
mem[X,0x80006AE2] -> 0x4021
[6845] [M]: 0x80006AE0 (0x402181B3) sub gp, gp, sp
x3 <- 0x80008010


mem[X,0x80006AE4] -> 0x1137
mem[X,0x80006AE6] -> 0x0000
[6846] [M]: 0x80006AE4 (0x00001137) lui sp, 1
x2 <- 0x00001000


mem[X,0x80006AE8] -> 0x81B3
mem[X,0x80006AEA] -> 0x0021
[6847] [M]: 0x80006AE8 (0x002181B3) add gp, gp, sp
x3 <- 0x80009010


mem[X,0x80006AEC] -> 0xAE87
mem[X,0x80006AEE] -> 0x1641
[6848] [M]: 0x80006AEC (0x1641AE87) flw ft9, 356(gp)
mem[R,0x80009174] -> 0x00000002
f29 <- 0xFFFFFFFF00000002


mem[X,0x80006AF0] -> 0x81B3
mem[X,0x80006AF2] -> 0x4021
[6849] [M]: 0x80006AF0 (0x402181B3) sub gp, gp, sp
x3 <- 0x80008010


mem[X,0x80006AF4] -> 0x0113
mem[X,0x80006AF6] -> 0x0000
[6850] [M]: 0x80006AF4 (0x00000113) addi sp, zero, 0
x2 <- 0x00000000


mem[X,0x80006AF8] -> 0x1073
mem[X,0x80006AFA] -> 0x0031
[6851] [M]: 0x80006AF8 (0x00311073) csrrw zero, fcsr, sp
CSR fcsr -> 0x00000000
CSR fcsr <- 0x00000000 (input: 0x00000000)


mem[X,0x80006AFC] -> 0x7FD3
mem[X,0x80006AFE] -> 0x05DF
[6852] [M]: 0x80006AFC (0x05DF7FD3) fadd.h ft11, ft10, ft9, dyn
f31 <- 0xFFFFFFFFFFFF7E00


mem[X,0x80006B00] -> 0x2273
mem[X,0x80006B02] -> 0x0030
[6853] [M]: 0x80006B00 (0x00302273) csrrs tp, fcsr, zero
CSR fcsr -> 0x00000000
x4 <- 0x00000000


mem[X,0x80006B04] -> 0xA027
mem[X,0x80006B06] -> 0x17F0
[6854] [M]: 0x80006B04 (0x17F0A027) fsw ft11, 352(ra)
mem[0x8000A574] <- 0xFFFF7E00


mem[X,0x80006B08] -> 0xA223
mem[X,0x80006B0A] -> 0x1640
[6855] [M]: 0x80006B08 (0x1640A223) sw tp, 356(ra)
mem[0x8000A578] <- 0x00000000


mem[X,0x80006B0C] -> 0x1137
mem[X,0x80006B0E] -> 0x0000
[6856] [M]: 0x80006B0C (0x00001137) lui sp, 1
x2 <- 0x00001000


mem[X,0x80006B10] -> 0x81B3
mem[X,0x80006B12] -> 0x0021
[6857] [M]: 0x80006B10 (0x002181B3) add gp, gp, sp
x3 <- 0x80009010


mem[X,0x80006B14] -> 0xAF07
mem[X,0x80006B16] -> 0x1681
[6858] [M]: 0x80006B14 (0x1681AF07) flw ft10, 360(gp)
mem[R,0x80009178] -> 0x0000BC00
f30 <- 0xFFFFFFFF0000BC00


mem[X,0x80006B18] -> 0x81B3
mem[X,0x80006B1A] -> 0x4021
[6859] [M]: 0x80006B18 (0x402181B3) sub gp, gp, sp
x3 <- 0x80008010


mem[X,0x80006B1C] -> 0x1137
mem[X,0x80006B1E] -> 0x0000
[6860] [M]: 0x80006B1C (0x00001137) lui sp, 1
x2 <- 0x00001000


mem[X,0x80006B20] -> 0x81B3
mem[X,0x80006B22] -> 0x0021
[6861] [M]: 0x80006B20 (0x002181B3) add gp, gp, sp
x3 <- 0x80009010


mem[X,0x80006B24] -> 0xAE87
mem[X,0x80006B26] -> 0x16C1
[6862] [M]: 0x80006B24 (0x16C1AE87) flw ft9, 364(gp)
mem[R,0x8000917C] -> 0x000083FE
f29 <- 0xFFFFFFFF000083FE


mem[X,0x80006B28] -> 0x81B3
mem[X,0x80006B2A] -> 0x4021
[6863] [M]: 0x80006B28 (0x402181B3) sub gp, gp, sp
x3 <- 0x80008010


mem[X,0x80006B2C] -> 0x0113
mem[X,0x80006B2E] -> 0x0000
[6864] [M]: 0x80006B2C (0x00000113) addi sp, zero, 0
x2 <- 0x00000000


mem[X,0x80006B30] -> 0x1073
mem[X,0x80006B32] -> 0x0031
[6865] [M]: 0x80006B30 (0x00311073) csrrw zero, fcsr, sp
CSR fcsr -> 0x00000000
CSR fcsr <- 0x00000000 (input: 0x00000000)


mem[X,0x80006B34] -> 0x7FD3
mem[X,0x80006B36] -> 0x05DF
[6866] [M]: 0x80006B34 (0x05DF7FD3) fadd.h ft11, ft10, ft9, dyn
f31 <- 0xFFFFFFFFFFFF7E00


mem[X,0x80006B38] -> 0x2273
mem[X,0x80006B3A] -> 0x0030
[6867] [M]: 0x80006B38 (0x00302273) csrrs tp, fcsr, zero
CSR fcsr -> 0x00000000
x4 <- 0x00000000


mem[X,0x80006B3C] -> 0xA427
mem[X,0x80006B3E] -> 0x17F0
[6868] [M]: 0x80006B3C (0x17F0A427) fsw ft11, 360(ra)
mem[0x8000A57C] <- 0xFFFF7E00


mem[X,0x80006B40] -> 0xA623
mem[X,0x80006B42] -> 0x1640
[6869] [M]: 0x80006B40 (0x1640A623) sw tp, 364(ra)
mem[0x8000A580] <- 0x00000000


mem[X,0x80006B44] -> 0x1137
mem[X,0x80006B46] -> 0x0000
[6870] [M]: 0x80006B44 (0x00001137) lui sp, 1
x2 <- 0x00001000


mem[X,0x80006B48] -> 0x81B3
mem[X,0x80006B4A] -> 0x0021
[6871] [M]: 0x80006B48 (0x002181B3) add gp, gp, sp
x3 <- 0x80009010


mem[X,0x80006B4C] -> 0xAF07
mem[X,0x80006B4E] -> 0x1701
[6872] [M]: 0x80006B4C (0x1701AF07) flw ft10, 368(gp)
mem[R,0x80009180] -> 0x0000BC00
f30 <- 0xFFFFFFFF0000BC00


mem[X,0x80006B50] -> 0x81B3
mem[X,0x80006B52] -> 0x4021
[6873] [M]: 0x80006B50 (0x402181B3) sub gp, gp, sp
x3 <- 0x80008010


mem[X,0x80006B54] -> 0x1137
mem[X,0x80006B56] -> 0x0000
[6874] [M]: 0x80006B54 (0x00001137) lui sp, 1
x2 <- 0x00001000


mem[X,0x80006B58] -> 0x81B3
mem[X,0x80006B5A] -> 0x0021
[6875] [M]: 0x80006B58 (0x002181B3) add gp, gp, sp
x3 <- 0x80009010


mem[X,0x80006B5C] -> 0xAE87
mem[X,0x80006B5E] -> 0x1741
[6876] [M]: 0x80006B5C (0x1741AE87) flw ft9, 372(gp)
mem[R,0x80009184] -> 0x000003FF
f29 <- 0xFFFFFFFF000003FF


mem[X,0x80006B60] -> 0x81B3
mem[X,0x80006B62] -> 0x4021
[6877] [M]: 0x80006B60 (0x402181B3) sub gp, gp, sp
x3 <- 0x80008010


mem[X,0x80006B64] -> 0x0113
mem[X,0x80006B66] -> 0x0000
[6878] [M]: 0x80006B64 (0x00000113) addi sp, zero, 0
x2 <- 0x00000000


mem[X,0x80006B68] -> 0x1073
mem[X,0x80006B6A] -> 0x0031
[6879] [M]: 0x80006B68 (0x00311073) csrrw zero, fcsr, sp
CSR fcsr -> 0x00000000
CSR fcsr <- 0x00000000 (input: 0x00000000)


mem[X,0x80006B6C] -> 0x7FD3
mem[X,0x80006B6E] -> 0x05DF
[6880] [M]: 0x80006B6C (0x05DF7FD3) fadd.h ft11, ft10, ft9, dyn
f31 <- 0xFFFFFFFFFFFF7E00


mem[X,0x80006B70] -> 0x2273
mem[X,0x80006B72] -> 0x0030
[6881] [M]: 0x80006B70 (0x00302273) csrrs tp, fcsr, zero
CSR fcsr -> 0x00000000
x4 <- 0x00000000


mem[X,0x80006B74] -> 0xA827
mem[X,0x80006B76] -> 0x17F0
[6882] [M]: 0x80006B74 (0x17F0A827) fsw ft11, 368(ra)
mem[0x8000A584] <- 0xFFFF7E00


mem[X,0x80006B78] -> 0xAA23
mem[X,0x80006B7A] -> 0x1640
[6883] [M]: 0x80006B78 (0x1640AA23) sw tp, 372(ra)
mem[0x8000A588] <- 0x00000000


mem[X,0x80006B7C] -> 0x1137
mem[X,0x80006B7E] -> 0x0000
[6884] [M]: 0x80006B7C (0x00001137) lui sp, 1
x2 <- 0x00001000


mem[X,0x80006B80] -> 0x81B3
mem[X,0x80006B82] -> 0x0021
[6885] [M]: 0x80006B80 (0x002181B3) add gp, gp, sp
x3 <- 0x80009010


mem[X,0x80006B84] -> 0xAF07
mem[X,0x80006B86] -> 0x1781
[6886] [M]: 0x80006B84 (0x1781AF07) flw ft10, 376(gp)
mem[R,0x80009188] -> 0x0000BC00
f30 <- 0xFFFFFFFF0000BC00


mem[X,0x80006B88] -> 0x81B3
mem[X,0x80006B8A] -> 0x4021
[6887] [M]: 0x80006B88 (0x402181B3) sub gp, gp, sp
x3 <- 0x80008010


mem[X,0x80006B8C] -> 0x1137
mem[X,0x80006B8E] -> 0x0000
[6888] [M]: 0x80006B8C (0x00001137) lui sp, 1
x2 <- 0x00001000


mem[X,0x80006B90] -> 0x81B3
mem[X,0x80006B92] -> 0x0021
[6889] [M]: 0x80006B90 (0x002181B3) add gp, gp, sp
x3 <- 0x80009010


mem[X,0x80006B94] -> 0xAE87
mem[X,0x80006B96] -> 0x17C1
[6890] [M]: 0x80006B94 (0x17C1AE87) flw ft9, 380(gp)
mem[R,0x8000918C] -> 0x000083FF
f29 <- 0xFFFFFFFF000083FF


mem[X,0x80006B98] -> 0x81B3
mem[X,0x80006B9A] -> 0x4021
[6891] [M]: 0x80006B98 (0x402181B3) sub gp, gp, sp
x3 <- 0x80008010


mem[X,0x80006B9C] -> 0x0113
mem[X,0x80006B9E] -> 0x0000
[6892] [M]: 0x80006B9C (0x00000113) addi sp, zero, 0
x2 <- 0x00000000


mem[X,0x80006BA0] -> 0x1073
mem[X,0x80006BA2] -> 0x0031
[6893] [M]: 0x80006BA0 (0x00311073) csrrw zero, fcsr, sp
CSR fcsr -> 0x00000000
CSR fcsr <- 0x00000000 (input: 0x00000000)


mem[X,0x80006BA4] -> 0x7FD3
mem[X,0x80006BA6] -> 0x05DF
[6894] [M]: 0x80006BA4 (0x05DF7FD3) fadd.h ft11, ft10, ft9, dyn
f31 <- 0xFFFFFFFFFFFF7E00


mem[X,0x80006BA8] -> 0x2273
mem[X,0x80006BAA] -> 0x0030
[6895] [M]: 0x80006BA8 (0x00302273) csrrs tp, fcsr, zero
CSR fcsr -> 0x00000000
x4 <- 0x00000000


mem[X,0x80006BAC] -> 0xAC27
mem[X,0x80006BAE] -> 0x17F0
[6896] [M]: 0x80006BAC (0x17F0AC27) fsw ft11, 376(ra)
mem[0x8000A58C] <- 0xFFFF7E00


mem[X,0x80006BB0] -> 0xAE23
mem[X,0x80006BB2] -> 0x1640
[6897] [M]: 0x80006BB0 (0x1640AE23) sw tp, 380(ra)
mem[0x8000A590] <- 0x00000000


mem[X,0x80006BB4] -> 0x1137
mem[X,0x80006BB6] -> 0x0000
[6898] [M]: 0x80006BB4 (0x00001137) lui sp, 1
x2 <- 0x00001000


mem[X,0x80006BB8] -> 0x81B3
mem[X,0x80006BBA] -> 0x0021
[6899] [M]: 0x80006BB8 (0x002181B3) add gp, gp, sp
x3 <- 0x80009010


clint::tick mtime <- 0x0000000000000045
 clint timer pending at mtime 0x0000000000000045
htif::tick 0x0000000000000000
mem[X,0x80006BBC] -> 0xAF07
mem[X,0x80006BBE] -> 0x1801
[6900] [M]: 0x80006BBC (0x1801AF07) flw ft10, 384(gp)
mem[R,0x80009190] -> 0x0000BC00
f30 <- 0xFFFFFFFF0000BC00


mem[X,0x80006BC0] -> 0x81B3
mem[X,0x80006BC2] -> 0x4021
[6901] [M]: 0x80006BC0 (0x402181B3) sub gp, gp, sp
x3 <- 0x80008010


mem[X,0x80006BC4] -> 0x1137
mem[X,0x80006BC6] -> 0x0000
[6902] [M]: 0x80006BC4 (0x00001137) lui sp, 1
x2 <- 0x00001000


mem[X,0x80006BC8] -> 0x81B3
mem[X,0x80006BCA] -> 0x0021
[6903] [M]: 0x80006BC8 (0x002181B3) add gp, gp, sp
x3 <- 0x80009010


mem[X,0x80006BCC] -> 0xAE87
mem[X,0x80006BCE] -> 0x1841
[6904] [M]: 0x80006BCC (0x1841AE87) flw ft9, 388(gp)
mem[R,0x80009194] -> 0x00000400
f29 <- 0xFFFFFFFF00000400


mem[X,0x80006BD0] -> 0x81B3
mem[X,0x80006BD2] -> 0x4021
[6905] [M]: 0x80006BD0 (0x402181B3) sub gp, gp, sp
x3 <- 0x80008010


mem[X,0x80006BD4] -> 0x0113
mem[X,0x80006BD6] -> 0x0000
[6906] [M]: 0x80006BD4 (0x00000113) addi sp, zero, 0
x2 <- 0x00000000


mem[X,0x80006BD8] -> 0x1073
mem[X,0x80006BDA] -> 0x0031
[6907] [M]: 0x80006BD8 (0x00311073) csrrw zero, fcsr, sp
CSR fcsr -> 0x00000000
CSR fcsr <- 0x00000000 (input: 0x00000000)


mem[X,0x80006BDC] -> 0x7FD3
mem[X,0x80006BDE] -> 0x05DF
[6908] [M]: 0x80006BDC (0x05DF7FD3) fadd.h ft11, ft10, ft9, dyn
f31 <- 0xFFFFFFFFFFFF7E00


mem[X,0x80006BE0] -> 0x2273
mem[X,0x80006BE2] -> 0x0030
[6909] [M]: 0x80006BE0 (0x00302273) csrrs tp, fcsr, zero
CSR fcsr -> 0x00000000
x4 <- 0x00000000


mem[X,0x80006BE4] -> 0xA027
mem[X,0x80006BE6] -> 0x19F0
[6910] [M]: 0x80006BE4 (0x19F0A027) fsw ft11, 384(ra)
mem[0x8000A594] <- 0xFFFF7E00


mem[X,0x80006BE8] -> 0xA223
mem[X,0x80006BEA] -> 0x1840
[6911] [M]: 0x80006BE8 (0x1840A223) sw tp, 388(ra)
mem[0x8000A598] <- 0x00000000


mem[X,0x80006BEC] -> 0x1137
mem[X,0x80006BEE] -> 0x0000
[6912] [M]: 0x80006BEC (0x00001137) lui sp, 1
x2 <- 0x00001000


mem[X,0x80006BF0] -> 0x81B3
mem[X,0x80006BF2] -> 0x0021
[6913] [M]: 0x80006BF0 (0x002181B3) add gp, gp, sp
x3 <- 0x80009010


mem[X,0x80006BF4] -> 0xAF07
mem[X,0x80006BF6] -> 0x1881
[6914] [M]: 0x80006BF4 (0x1881AF07) flw ft10, 392(gp)
mem[R,0x80009198] -> 0x0000BC00
f30 <- 0xFFFFFFFF0000BC00


mem[X,0x80006BF8] -> 0x81B3
mem[X,0x80006BFA] -> 0x4021
[6915] [M]: 0x80006BF8 (0x402181B3) sub gp, gp, sp
x3 <- 0x80008010


mem[X,0x80006BFC] -> 0x1137
mem[X,0x80006BFE] -> 0x0000
[6916] [M]: 0x80006BFC (0x00001137) lui sp, 1
x2 <- 0x00001000


mem[X,0x80006C00] -> 0x81B3
mem[X,0x80006C02] -> 0x0021
[6917] [M]: 0x80006C00 (0x002181B3) add gp, gp, sp
x3 <- 0x80009010


mem[X,0x80006C04] -> 0xAE87
mem[X,0x80006C06] -> 0x18C1
[6918] [M]: 0x80006C04 (0x18C1AE87) flw ft9, 396(gp)
mem[R,0x8000919C] -> 0x00008400
f29 <- 0xFFFFFFFF00008400


mem[X,0x80006C08] -> 0x81B3
mem[X,0x80006C0A] -> 0x4021
[6919] [M]: 0x80006C08 (0x402181B3) sub gp, gp, sp
x3 <- 0x80008010


mem[X,0x80006C0C] -> 0x0113
mem[X,0x80006C0E] -> 0x0000
[6920] [M]: 0x80006C0C (0x00000113) addi sp, zero, 0
x2 <- 0x00000000


mem[X,0x80006C10] -> 0x1073
mem[X,0x80006C12] -> 0x0031
[6921] [M]: 0x80006C10 (0x00311073) csrrw zero, fcsr, sp
CSR fcsr -> 0x00000000
CSR fcsr <- 0x00000000 (input: 0x00000000)


mem[X,0x80006C14] -> 0x7FD3
mem[X,0x80006C16] -> 0x05DF
[6922] [M]: 0x80006C14 (0x05DF7FD3) fadd.h ft11, ft10, ft9, dyn
f31 <- 0xFFFFFFFFFFFF7E00


mem[X,0x80006C18] -> 0x2273
mem[X,0x80006C1A] -> 0x0030
[6923] [M]: 0x80006C18 (0x00302273) csrrs tp, fcsr, zero
CSR fcsr -> 0x00000000
x4 <- 0x00000000


mem[X,0x80006C1C] -> 0xA427
mem[X,0x80006C1E] -> 0x19F0
[6924] [M]: 0x80006C1C (0x19F0A427) fsw ft11, 392(ra)
mem[0x8000A59C] <- 0xFFFF7E00


mem[X,0x80006C20] -> 0xA623
mem[X,0x80006C22] -> 0x1840
[6925] [M]: 0x80006C20 (0x1840A623) sw tp, 396(ra)
mem[0x8000A5A0] <- 0x00000000


mem[X,0x80006C24] -> 0x1137
mem[X,0x80006C26] -> 0x0000
[6926] [M]: 0x80006C24 (0x00001137) lui sp, 1
x2 <- 0x00001000


mem[X,0x80006C28] -> 0x81B3
mem[X,0x80006C2A] -> 0x0021
[6927] [M]: 0x80006C28 (0x002181B3) add gp, gp, sp
x3 <- 0x80009010


mem[X,0x80006C2C] -> 0xAF07
mem[X,0x80006C2E] -> 0x1901
[6928] [M]: 0x80006C2C (0x1901AF07) flw ft10, 400(gp)
mem[R,0x800091A0] -> 0x0000BC00
f30 <- 0xFFFFFFFF0000BC00


mem[X,0x80006C30] -> 0x81B3
mem[X,0x80006C32] -> 0x4021
[6929] [M]: 0x80006C30 (0x402181B3) sub gp, gp, sp
x3 <- 0x80008010


mem[X,0x80006C34] -> 0x1137
mem[X,0x80006C36] -> 0x0000
[6930] [M]: 0x80006C34 (0x00001137) lui sp, 1
x2 <- 0x00001000


mem[X,0x80006C38] -> 0x81B3
mem[X,0x80006C3A] -> 0x0021
[6931] [M]: 0x80006C38 (0x002181B3) add gp, gp, sp
x3 <- 0x80009010


mem[X,0x80006C3C] -> 0xAE87
mem[X,0x80006C3E] -> 0x1941
[6932] [M]: 0x80006C3C (0x1941AE87) flw ft9, 404(gp)
mem[R,0x800091A4] -> 0x00000401
f29 <- 0xFFFFFFFF00000401


mem[X,0x80006C40] -> 0x81B3
mem[X,0x80006C42] -> 0x4021
[6933] [M]: 0x80006C40 (0x402181B3) sub gp, gp, sp
x3 <- 0x80008010


mem[X,0x80006C44] -> 0x0113
mem[X,0x80006C46] -> 0x0000
[6934] [M]: 0x80006C44 (0x00000113) addi sp, zero, 0
x2 <- 0x00000000


mem[X,0x80006C48] -> 0x1073
mem[X,0x80006C4A] -> 0x0031
[6935] [M]: 0x80006C48 (0x00311073) csrrw zero, fcsr, sp
CSR fcsr -> 0x00000000
CSR fcsr <- 0x00000000 (input: 0x00000000)


mem[X,0x80006C4C] -> 0x7FD3
mem[X,0x80006C4E] -> 0x05DF
[6936] [M]: 0x80006C4C (0x05DF7FD3) fadd.h ft11, ft10, ft9, dyn
f31 <- 0xFFFFFFFFFFFF7E00


mem[X,0x80006C50] -> 0x2273
mem[X,0x80006C52] -> 0x0030
[6937] [M]: 0x80006C50 (0x00302273) csrrs tp, fcsr, zero
CSR fcsr -> 0x00000000
x4 <- 0x00000000


mem[X,0x80006C54] -> 0xA827
mem[X,0x80006C56] -> 0x19F0
[6938] [M]: 0x80006C54 (0x19F0A827) fsw ft11, 400(ra)
mem[0x8000A5A4] <- 0xFFFF7E00


mem[X,0x80006C58] -> 0xAA23
mem[X,0x80006C5A] -> 0x1840
[6939] [M]: 0x80006C58 (0x1840AA23) sw tp, 404(ra)
mem[0x8000A5A8] <- 0x00000000


mem[X,0x80006C5C] -> 0x1137
mem[X,0x80006C5E] -> 0x0000
[6940] [M]: 0x80006C5C (0x00001137) lui sp, 1
x2 <- 0x00001000


mem[X,0x80006C60] -> 0x81B3
mem[X,0x80006C62] -> 0x0021
[6941] [M]: 0x80006C60 (0x002181B3) add gp, gp, sp
x3 <- 0x80009010


mem[X,0x80006C64] -> 0xAF07
mem[X,0x80006C66] -> 0x1981
[6942] [M]: 0x80006C64 (0x1981AF07) flw ft10, 408(gp)
mem[R,0x800091A8] -> 0x0000BC00
f30 <- 0xFFFFFFFF0000BC00


mem[X,0x80006C68] -> 0x81B3
mem[X,0x80006C6A] -> 0x4021
[6943] [M]: 0x80006C68 (0x402181B3) sub gp, gp, sp
x3 <- 0x80008010


mem[X,0x80006C6C] -> 0x1137
mem[X,0x80006C6E] -> 0x0000
[6944] [M]: 0x80006C6C (0x00001137) lui sp, 1
x2 <- 0x00001000


mem[X,0x80006C70] -> 0x81B3
mem[X,0x80006C72] -> 0x0021
[6945] [M]: 0x80006C70 (0x002181B3) add gp, gp, sp
x3 <- 0x80009010


mem[X,0x80006C74] -> 0xAE87
mem[X,0x80006C76] -> 0x19C1
[6946] [M]: 0x80006C74 (0x19C1AE87) flw ft9, 412(gp)
mem[R,0x800091AC] -> 0x00008455
f29 <- 0xFFFFFFFF00008455


mem[X,0x80006C78] -> 0x81B3
mem[X,0x80006C7A] -> 0x4021
[6947] [M]: 0x80006C78 (0x402181B3) sub gp, gp, sp
x3 <- 0x80008010


mem[X,0x80006C7C] -> 0x0113
mem[X,0x80006C7E] -> 0x0000
[6948] [M]: 0x80006C7C (0x00000113) addi sp, zero, 0
x2 <- 0x00000000


mem[X,0x80006C80] -> 0x1073
mem[X,0x80006C82] -> 0x0031
[6949] [M]: 0x80006C80 (0x00311073) csrrw zero, fcsr, sp
CSR fcsr -> 0x00000000
CSR fcsr <- 0x00000000 (input: 0x00000000)


mem[X,0x80006C84] -> 0x7FD3
mem[X,0x80006C86] -> 0x05DF
[6950] [M]: 0x80006C84 (0x05DF7FD3) fadd.h ft11, ft10, ft9, dyn
f31 <- 0xFFFFFFFFFFFF7E00


mem[X,0x80006C88] -> 0x2273
mem[X,0x80006C8A] -> 0x0030
[6951] [M]: 0x80006C88 (0x00302273) csrrs tp, fcsr, zero
CSR fcsr -> 0x00000000
x4 <- 0x00000000


mem[X,0x80006C8C] -> 0xAC27
mem[X,0x80006C8E] -> 0x19F0
[6952] [M]: 0x80006C8C (0x19F0AC27) fsw ft11, 408(ra)
mem[0x8000A5AC] <- 0xFFFF7E00


mem[X,0x80006C90] -> 0xAE23
mem[X,0x80006C92] -> 0x1840
[6953] [M]: 0x80006C90 (0x1840AE23) sw tp, 412(ra)
mem[0x8000A5B0] <- 0x00000000


mem[X,0x80006C94] -> 0x1137
mem[X,0x80006C96] -> 0x0000
[6954] [M]: 0x80006C94 (0x00001137) lui sp, 1
x2 <- 0x00001000


mem[X,0x80006C98] -> 0x81B3
mem[X,0x80006C9A] -> 0x0021
[6955] [M]: 0x80006C98 (0x002181B3) add gp, gp, sp
x3 <- 0x80009010


mem[X,0x80006C9C] -> 0xAF07
mem[X,0x80006C9E] -> 0x1A01
[6956] [M]: 0x80006C9C (0x1A01AF07) flw ft10, 416(gp)
mem[R,0x800091B0] -> 0x0000BC00
f30 <- 0xFFFFFFFF0000BC00


mem[X,0x80006CA0] -> 0x81B3
mem[X,0x80006CA2] -> 0x4021
[6957] [M]: 0x80006CA0 (0x402181B3) sub gp, gp, sp
x3 <- 0x80008010


mem[X,0x80006CA4] -> 0x1137
mem[X,0x80006CA6] -> 0x0000
[6958] [M]: 0x80006CA4 (0x00001137) lui sp, 1
x2 <- 0x00001000


mem[X,0x80006CA8] -> 0x81B3
mem[X,0x80006CAA] -> 0x0021
[6959] [M]: 0x80006CA8 (0x002181B3) add gp, gp, sp
x3 <- 0x80009010


mem[X,0x80006CAC] -> 0xAE87
mem[X,0x80006CAE] -> 0x1A41
[6960] [M]: 0x80006CAC (0x1A41AE87) flw ft9, 420(gp)
mem[R,0x800091B4] -> 0x00007BFF
f29 <- 0xFFFFFFFF00007BFF


mem[X,0x80006CB0] -> 0x81B3
mem[X,0x80006CB2] -> 0x4021
[6961] [M]: 0x80006CB0 (0x402181B3) sub gp, gp, sp
x3 <- 0x80008010


mem[X,0x80006CB4] -> 0x0113
mem[X,0x80006CB6] -> 0x0000
[6962] [M]: 0x80006CB4 (0x00000113) addi sp, zero, 0
x2 <- 0x00000000


mem[X,0x80006CB8] -> 0x1073
mem[X,0x80006CBA] -> 0x0031
[6963] [M]: 0x80006CB8 (0x00311073) csrrw zero, fcsr, sp
CSR fcsr -> 0x00000000
CSR fcsr <- 0x00000000 (input: 0x00000000)


mem[X,0x80006CBC] -> 0x7FD3
mem[X,0x80006CBE] -> 0x05DF
[6964] [M]: 0x80006CBC (0x05DF7FD3) fadd.h ft11, ft10, ft9, dyn
f31 <- 0xFFFFFFFFFFFF7E00


mem[X,0x80006CC0] -> 0x2273
mem[X,0x80006CC2] -> 0x0030
[6965] [M]: 0x80006CC0 (0x00302273) csrrs tp, fcsr, zero
CSR fcsr -> 0x00000000
x4 <- 0x00000000


mem[X,0x80006CC4] -> 0xA027
mem[X,0x80006CC6] -> 0x1BF0
[6966] [M]: 0x80006CC4 (0x1BF0A027) fsw ft11, 416(ra)
mem[0x8000A5B4] <- 0xFFFF7E00


mem[X,0x80006CC8] -> 0xA223
mem[X,0x80006CCA] -> 0x1A40
[6967] [M]: 0x80006CC8 (0x1A40A223) sw tp, 420(ra)
mem[0x8000A5B8] <- 0x00000000


mem[X,0x80006CCC] -> 0x1137
mem[X,0x80006CCE] -> 0x0000
[6968] [M]: 0x80006CCC (0x00001137) lui sp, 1
x2 <- 0x00001000


mem[X,0x80006CD0] -> 0x81B3
mem[X,0x80006CD2] -> 0x0021
[6969] [M]: 0x80006CD0 (0x002181B3) add gp, gp, sp
x3 <- 0x80009010


mem[X,0x80006CD4] -> 0xAF07
mem[X,0x80006CD6] -> 0x1A81
[6970] [M]: 0x80006CD4 (0x1A81AF07) flw ft10, 424(gp)
mem[R,0x800091B8] -> 0x0000BC00
f30 <- 0xFFFFFFFF0000BC00


mem[X,0x80006CD8] -> 0x81B3
mem[X,0x80006CDA] -> 0x4021
[6971] [M]: 0x80006CD8 (0x402181B3) sub gp, gp, sp
x3 <- 0x80008010


mem[X,0x80006CDC] -> 0x1137
mem[X,0x80006CDE] -> 0x0000
[6972] [M]: 0x80006CDC (0x00001137) lui sp, 1
x2 <- 0x00001000


mem[X,0x80006CE0] -> 0x81B3
mem[X,0x80006CE2] -> 0x0021
[6973] [M]: 0x80006CE0 (0x002181B3) add gp, gp, sp
x3 <- 0x80009010


mem[X,0x80006CE4] -> 0xAE87
mem[X,0x80006CE6] -> 0x1AC1
[6974] [M]: 0x80006CE4 (0x1AC1AE87) flw ft9, 428(gp)
mem[R,0x800091BC] -> 0x0000FBFF
f29 <- 0xFFFFFFFF0000FBFF


mem[X,0x80006CE8] -> 0x81B3
mem[X,0x80006CEA] -> 0x4021
[6975] [M]: 0x80006CE8 (0x402181B3) sub gp, gp, sp
x3 <- 0x80008010


mem[X,0x80006CEC] -> 0x0113
mem[X,0x80006CEE] -> 0x0000
[6976] [M]: 0x80006CEC (0x00000113) addi sp, zero, 0
x2 <- 0x00000000


mem[X,0x80006CF0] -> 0x1073
mem[X,0x80006CF2] -> 0x0031
[6977] [M]: 0x80006CF0 (0x00311073) csrrw zero, fcsr, sp
CSR fcsr -> 0x00000000
CSR fcsr <- 0x00000000 (input: 0x00000000)


mem[X,0x80006CF4] -> 0x7FD3
mem[X,0x80006CF6] -> 0x05DF
[6978] [M]: 0x80006CF4 (0x05DF7FD3) fadd.h ft11, ft10, ft9, dyn
f31 <- 0xFFFFFFFFFFFF7E00


mem[X,0x80006CF8] -> 0x2273
mem[X,0x80006CFA] -> 0x0030
[6979] [M]: 0x80006CF8 (0x00302273) csrrs tp, fcsr, zero
CSR fcsr -> 0x00000000
x4 <- 0x00000000


mem[X,0x80006CFC] -> 0xA427
mem[X,0x80006CFE] -> 0x1BF0
[6980] [M]: 0x80006CFC (0x1BF0A427) fsw ft11, 424(ra)
mem[0x8000A5BC] <- 0xFFFF7E00


mem[X,0x80006D00] -> 0xA623
mem[X,0x80006D02] -> 0x1A40
[6981] [M]: 0x80006D00 (0x1A40A623) sw tp, 428(ra)
mem[0x8000A5C0] <- 0x00000000


mem[X,0x80006D04] -> 0x1137
mem[X,0x80006D06] -> 0x0000
[6982] [M]: 0x80006D04 (0x00001137) lui sp, 1
x2 <- 0x00001000


mem[X,0x80006D08] -> 0x81B3
mem[X,0x80006D0A] -> 0x0021
[6983] [M]: 0x80006D08 (0x002181B3) add gp, gp, sp
x3 <- 0x80009010


mem[X,0x80006D0C] -> 0xAF07
mem[X,0x80006D0E] -> 0x1B01
[6984] [M]: 0x80006D0C (0x1B01AF07) flw ft10, 432(gp)
mem[R,0x800091C0] -> 0x0000BC00
f30 <- 0xFFFFFFFF0000BC00


mem[X,0x80006D10] -> 0x81B3
mem[X,0x80006D12] -> 0x4021
[6985] [M]: 0x80006D10 (0x402181B3) sub gp, gp, sp
x3 <- 0x80008010


mem[X,0x80006D14] -> 0x1137
mem[X,0x80006D16] -> 0x0000
[6986] [M]: 0x80006D14 (0x00001137) lui sp, 1
x2 <- 0x00001000


mem[X,0x80006D18] -> 0x81B3
mem[X,0x80006D1A] -> 0x0021
[6987] [M]: 0x80006D18 (0x002181B3) add gp, gp, sp
x3 <- 0x80009010


mem[X,0x80006D1C] -> 0xAE87
mem[X,0x80006D1E] -> 0x1B41
[6988] [M]: 0x80006D1C (0x1B41AE87) flw ft9, 436(gp)
mem[R,0x800091C4] -> 0x00007C00
f29 <- 0xFFFFFFFF00007C00


mem[X,0x80006D20] -> 0x81B3
mem[X,0x80006D22] -> 0x4021
[6989] [M]: 0x80006D20 (0x402181B3) sub gp, gp, sp
x3 <- 0x80008010


mem[X,0x80006D24] -> 0x0113
mem[X,0x80006D26] -> 0x0000
[6990] [M]: 0x80006D24 (0x00000113) addi sp, zero, 0
x2 <- 0x00000000


mem[X,0x80006D28] -> 0x1073
mem[X,0x80006D2A] -> 0x0031
[6991] [M]: 0x80006D28 (0x00311073) csrrw zero, fcsr, sp
CSR fcsr -> 0x00000000
CSR fcsr <- 0x00000000 (input: 0x00000000)


mem[X,0x80006D2C] -> 0x7FD3
mem[X,0x80006D2E] -> 0x05DF
[6992] [M]: 0x80006D2C (0x05DF7FD3) fadd.h ft11, ft10, ft9, dyn
f31 <- 0xFFFFFFFFFFFF7E00


mem[X,0x80006D30] -> 0x2273
mem[X,0x80006D32] -> 0x0030
[6993] [M]: 0x80006D30 (0x00302273) csrrs tp, fcsr, zero
CSR fcsr -> 0x00000000
x4 <- 0x00000000


mem[X,0x80006D34] -> 0xA827
mem[X,0x80006D36] -> 0x1BF0
[6994] [M]: 0x80006D34 (0x1BF0A827) fsw ft11, 432(ra)
mem[0x8000A5C4] <- 0xFFFF7E00


mem[X,0x80006D38] -> 0xAA23
mem[X,0x80006D3A] -> 0x1A40
[6995] [M]: 0x80006D38 (0x1A40AA23) sw tp, 436(ra)
mem[0x8000A5C8] <- 0x00000000


mem[X,0x80006D3C] -> 0x1137
mem[X,0x80006D3E] -> 0x0000
[6996] [M]: 0x80006D3C (0x00001137) lui sp, 1
x2 <- 0x00001000


mem[X,0x80006D40] -> 0x81B3
mem[X,0x80006D42] -> 0x0021
[6997] [M]: 0x80006D40 (0x002181B3) add gp, gp, sp
x3 <- 0x80009010


mem[X,0x80006D44] -> 0xAF07
mem[X,0x80006D46] -> 0x1B81
[6998] [M]: 0x80006D44 (0x1B81AF07) flw ft10, 440(gp)
mem[R,0x800091C8] -> 0x0000BC00
f30 <- 0xFFFFFFFF0000BC00


mem[X,0x80006D48] -> 0x81B3
mem[X,0x80006D4A] -> 0x4021
[6999] [M]: 0x80006D48 (0x402181B3) sub gp, gp, sp
x3 <- 0x80008010


clint::tick mtime <- 0x0000000000000046
 clint timer pending at mtime 0x0000000000000046
htif::tick 0x0000000000000000
mem[X,0x80006D4C] -> 0x1137
mem[X,0x80006D4E] -> 0x0000
[7000] [M]: 0x80006D4C (0x00001137) lui sp, 1
x2 <- 0x00001000


mem[X,0x80006D50] -> 0x81B3
mem[X,0x80006D52] -> 0x0021
[7001] [M]: 0x80006D50 (0x002181B3) add gp, gp, sp
x3 <- 0x80009010


mem[X,0x80006D54] -> 0xAE87
mem[X,0x80006D56] -> 0x1BC1
[7002] [M]: 0x80006D54 (0x1BC1AE87) flw ft9, 444(gp)
mem[R,0x800091CC] -> 0x0000FC00
f29 <- 0xFFFFFFFF0000FC00


mem[X,0x80006D58] -> 0x81B3
mem[X,0x80006D5A] -> 0x4021
[7003] [M]: 0x80006D58 (0x402181B3) sub gp, gp, sp
x3 <- 0x80008010


mem[X,0x80006D5C] -> 0x0113
mem[X,0x80006D5E] -> 0x0000
[7004] [M]: 0x80006D5C (0x00000113) addi sp, zero, 0
x2 <- 0x00000000


mem[X,0x80006D60] -> 0x1073
mem[X,0x80006D62] -> 0x0031
[7005] [M]: 0x80006D60 (0x00311073) csrrw zero, fcsr, sp
CSR fcsr -> 0x00000000
CSR fcsr <- 0x00000000 (input: 0x00000000)


mem[X,0x80006D64] -> 0x7FD3
mem[X,0x80006D66] -> 0x05DF
[7006] [M]: 0x80006D64 (0x05DF7FD3) fadd.h ft11, ft10, ft9, dyn
f31 <- 0xFFFFFFFFFFFF7E00


mem[X,0x80006D68] -> 0x2273
mem[X,0x80006D6A] -> 0x0030
[7007] [M]: 0x80006D68 (0x00302273) csrrs tp, fcsr, zero
CSR fcsr -> 0x00000000
x4 <- 0x00000000


mem[X,0x80006D6C] -> 0xAC27
mem[X,0x80006D6E] -> 0x1BF0
[7008] [M]: 0x80006D6C (0x1BF0AC27) fsw ft11, 440(ra)
mem[0x8000A5CC] <- 0xFFFF7E00


mem[X,0x80006D70] -> 0xAE23
mem[X,0x80006D72] -> 0x1A40
[7009] [M]: 0x80006D70 (0x1A40AE23) sw tp, 444(ra)
mem[0x8000A5D0] <- 0x00000000


mem[X,0x80006D74] -> 0x1137
mem[X,0x80006D76] -> 0x0000
[7010] [M]: 0x80006D74 (0x00001137) lui sp, 1
x2 <- 0x00001000


mem[X,0x80006D78] -> 0x81B3
mem[X,0x80006D7A] -> 0x0021
[7011] [M]: 0x80006D78 (0x002181B3) add gp, gp, sp
x3 <- 0x80009010


mem[X,0x80006D7C] -> 0xAF07
mem[X,0x80006D7E] -> 0x1C01
[7012] [M]: 0x80006D7C (0x1C01AF07) flw ft10, 448(gp)
mem[R,0x800091D0] -> 0x0000BC00
f30 <- 0xFFFFFFFF0000BC00


mem[X,0x80006D80] -> 0x81B3
mem[X,0x80006D82] -> 0x4021
[7013] [M]: 0x80006D80 (0x402181B3) sub gp, gp, sp
x3 <- 0x80008010


mem[X,0x80006D84] -> 0x1137
mem[X,0x80006D86] -> 0x0000
[7014] [M]: 0x80006D84 (0x00001137) lui sp, 1
x2 <- 0x00001000


mem[X,0x80006D88] -> 0x81B3
mem[X,0x80006D8A] -> 0x0021
[7015] [M]: 0x80006D88 (0x002181B3) add gp, gp, sp
x3 <- 0x80009010


mem[X,0x80006D8C] -> 0xAE87
mem[X,0x80006D8E] -> 0x1C41
[7016] [M]: 0x80006D8C (0x1C41AE87) flw ft9, 452(gp)
mem[R,0x800091D4] -> 0x00007E00
f29 <- 0xFFFFFFFF00007E00


mem[X,0x80006D90] -> 0x81B3
mem[X,0x80006D92] -> 0x4021
[7017] [M]: 0x80006D90 (0x402181B3) sub gp, gp, sp
x3 <- 0x80008010


mem[X,0x80006D94] -> 0x0113
mem[X,0x80006D96] -> 0x0000
[7018] [M]: 0x80006D94 (0x00000113) addi sp, zero, 0
x2 <- 0x00000000


mem[X,0x80006D98] -> 0x1073
mem[X,0x80006D9A] -> 0x0031
[7019] [M]: 0x80006D98 (0x00311073) csrrw zero, fcsr, sp
CSR fcsr -> 0x00000000
CSR fcsr <- 0x00000000 (input: 0x00000000)


mem[X,0x80006D9C] -> 0x7FD3
mem[X,0x80006D9E] -> 0x05DF
[7020] [M]: 0x80006D9C (0x05DF7FD3) fadd.h ft11, ft10, ft9, dyn
f31 <- 0xFFFFFFFFFFFF7E00


mem[X,0x80006DA0] -> 0x2273
mem[X,0x80006DA2] -> 0x0030
[7021] [M]: 0x80006DA0 (0x00302273) csrrs tp, fcsr, zero
CSR fcsr -> 0x00000000
x4 <- 0x00000000


mem[X,0x80006DA4] -> 0xA027
mem[X,0x80006DA6] -> 0x1DF0
[7022] [M]: 0x80006DA4 (0x1DF0A027) fsw ft11, 448(ra)
mem[0x8000A5D4] <- 0xFFFF7E00


mem[X,0x80006DA8] -> 0xA223
mem[X,0x80006DAA] -> 0x1C40
[7023] [M]: 0x80006DA8 (0x1C40A223) sw tp, 452(ra)
mem[0x8000A5D8] <- 0x00000000


mem[X,0x80006DAC] -> 0x1137
mem[X,0x80006DAE] -> 0x0000
[7024] [M]: 0x80006DAC (0x00001137) lui sp, 1
x2 <- 0x00001000


mem[X,0x80006DB0] -> 0x81B3
mem[X,0x80006DB2] -> 0x0021
[7025] [M]: 0x80006DB0 (0x002181B3) add gp, gp, sp
x3 <- 0x80009010


mem[X,0x80006DB4] -> 0xAF07
mem[X,0x80006DB6] -> 0x1C81
[7026] [M]: 0x80006DB4 (0x1C81AF07) flw ft10, 456(gp)
mem[R,0x800091D8] -> 0x0000BC00
f30 <- 0xFFFFFFFF0000BC00


mem[X,0x80006DB8] -> 0x81B3
mem[X,0x80006DBA] -> 0x4021
[7027] [M]: 0x80006DB8 (0x402181B3) sub gp, gp, sp
x3 <- 0x80008010


mem[X,0x80006DBC] -> 0x1137
mem[X,0x80006DBE] -> 0x0000
[7028] [M]: 0x80006DBC (0x00001137) lui sp, 1
x2 <- 0x00001000


mem[X,0x80006DC0] -> 0x81B3
mem[X,0x80006DC2] -> 0x0021
[7029] [M]: 0x80006DC0 (0x002181B3) add gp, gp, sp
x3 <- 0x80009010


mem[X,0x80006DC4] -> 0xAE87
mem[X,0x80006DC6] -> 0x1CC1
[7030] [M]: 0x80006DC4 (0x1CC1AE87) flw ft9, 460(gp)
mem[R,0x800091DC] -> 0x0000FE00
f29 <- 0xFFFFFFFF0000FE00


mem[X,0x80006DC8] -> 0x81B3
mem[X,0x80006DCA] -> 0x4021
[7031] [M]: 0x80006DC8 (0x402181B3) sub gp, gp, sp
x3 <- 0x80008010


mem[X,0x80006DCC] -> 0x0113
mem[X,0x80006DCE] -> 0x0000
[7032] [M]: 0x80006DCC (0x00000113) addi sp, zero, 0
x2 <- 0x00000000


mem[X,0x80006DD0] -> 0x1073
mem[X,0x80006DD2] -> 0x0031
[7033] [M]: 0x80006DD0 (0x00311073) csrrw zero, fcsr, sp
CSR fcsr -> 0x00000000
CSR fcsr <- 0x00000000 (input: 0x00000000)


mem[X,0x80006DD4] -> 0x7FD3
mem[X,0x80006DD6] -> 0x05DF
[7034] [M]: 0x80006DD4 (0x05DF7FD3) fadd.h ft11, ft10, ft9, dyn
f31 <- 0xFFFFFFFFFFFF7E00


mem[X,0x80006DD8] -> 0x2273
mem[X,0x80006DDA] -> 0x0030
[7035] [M]: 0x80006DD8 (0x00302273) csrrs tp, fcsr, zero
CSR fcsr -> 0x00000000
x4 <- 0x00000000


mem[X,0x80006DDC] -> 0xA427
mem[X,0x80006DDE] -> 0x1DF0
[7036] [M]: 0x80006DDC (0x1DF0A427) fsw ft11, 456(ra)
mem[0x8000A5DC] <- 0xFFFF7E00


mem[X,0x80006DE0] -> 0xA623
mem[X,0x80006DE2] -> 0x1C40
[7037] [M]: 0x80006DE0 (0x1C40A623) sw tp, 460(ra)
mem[0x8000A5E0] <- 0x00000000


mem[X,0x80006DE4] -> 0x1137
mem[X,0x80006DE6] -> 0x0000
[7038] [M]: 0x80006DE4 (0x00001137) lui sp, 1
x2 <- 0x00001000


mem[X,0x80006DE8] -> 0x81B3
mem[X,0x80006DEA] -> 0x0021
[7039] [M]: 0x80006DE8 (0x002181B3) add gp, gp, sp
x3 <- 0x80009010


mem[X,0x80006DEC] -> 0xAF07
mem[X,0x80006DEE] -> 0x1D01
[7040] [M]: 0x80006DEC (0x1D01AF07) flw ft10, 464(gp)
mem[R,0x800091E0] -> 0x0000BC00
f30 <- 0xFFFFFFFF0000BC00


mem[X,0x80006DF0] -> 0x81B3
mem[X,0x80006DF2] -> 0x4021
[7041] [M]: 0x80006DF0 (0x402181B3) sub gp, gp, sp
x3 <- 0x80008010


mem[X,0x80006DF4] -> 0x1137
mem[X,0x80006DF6] -> 0x0000
[7042] [M]: 0x80006DF4 (0x00001137) lui sp, 1
x2 <- 0x00001000


mem[X,0x80006DF8] -> 0x81B3
mem[X,0x80006DFA] -> 0x0021
[7043] [M]: 0x80006DF8 (0x002181B3) add gp, gp, sp
x3 <- 0x80009010


mem[X,0x80006DFC] -> 0xAE87
mem[X,0x80006DFE] -> 0x1D41
[7044] [M]: 0x80006DFC (0x1D41AE87) flw ft9, 468(gp)
mem[R,0x800091E4] -> 0x00007E01
f29 <- 0xFFFFFFFF00007E01


mem[X,0x80006E00] -> 0x81B3
mem[X,0x80006E02] -> 0x4021
[7045] [M]: 0x80006E00 (0x402181B3) sub gp, gp, sp
x3 <- 0x80008010


mem[X,0x80006E04] -> 0x0113
mem[X,0x80006E06] -> 0x0000
[7046] [M]: 0x80006E04 (0x00000113) addi sp, zero, 0
x2 <- 0x00000000


mem[X,0x80006E08] -> 0x1073
mem[X,0x80006E0A] -> 0x0031
[7047] [M]: 0x80006E08 (0x00311073) csrrw zero, fcsr, sp
CSR fcsr -> 0x00000000
CSR fcsr <- 0x00000000 (input: 0x00000000)


mem[X,0x80006E0C] -> 0x7FD3
mem[X,0x80006E0E] -> 0x05DF
[7048] [M]: 0x80006E0C (0x05DF7FD3) fadd.h ft11, ft10, ft9, dyn
f31 <- 0xFFFFFFFFFFFF7E00


mem[X,0x80006E10] -> 0x2273
mem[X,0x80006E12] -> 0x0030
[7049] [M]: 0x80006E10 (0x00302273) csrrs tp, fcsr, zero
CSR fcsr -> 0x00000000
x4 <- 0x00000000


mem[X,0x80006E14] -> 0xA827
mem[X,0x80006E16] -> 0x1DF0
[7050] [M]: 0x80006E14 (0x1DF0A827) fsw ft11, 464(ra)
mem[0x8000A5E4] <- 0xFFFF7E00


mem[X,0x80006E18] -> 0xAA23
mem[X,0x80006E1A] -> 0x1C40
[7051] [M]: 0x80006E18 (0x1C40AA23) sw tp, 468(ra)
mem[0x8000A5E8] <- 0x00000000


mem[X,0x80006E1C] -> 0x1137
mem[X,0x80006E1E] -> 0x0000
[7052] [M]: 0x80006E1C (0x00001137) lui sp, 1
x2 <- 0x00001000


mem[X,0x80006E20] -> 0x81B3
mem[X,0x80006E22] -> 0x0021
[7053] [M]: 0x80006E20 (0x002181B3) add gp, gp, sp
x3 <- 0x80009010


mem[X,0x80006E24] -> 0xAF07
mem[X,0x80006E26] -> 0x1D81
[7054] [M]: 0x80006E24 (0x1D81AF07) flw ft10, 472(gp)
mem[R,0x800091E8] -> 0x0000BC00
f30 <- 0xFFFFFFFF0000BC00


mem[X,0x80006E28] -> 0x81B3
mem[X,0x80006E2A] -> 0x4021
[7055] [M]: 0x80006E28 (0x402181B3) sub gp, gp, sp
x3 <- 0x80008010


mem[X,0x80006E2C] -> 0x1137
mem[X,0x80006E2E] -> 0x0000
[7056] [M]: 0x80006E2C (0x00001137) lui sp, 1
x2 <- 0x00001000


mem[X,0x80006E30] -> 0x81B3
mem[X,0x80006E32] -> 0x0021
[7057] [M]: 0x80006E30 (0x002181B3) add gp, gp, sp
x3 <- 0x80009010


mem[X,0x80006E34] -> 0xAE87
mem[X,0x80006E36] -> 0x1DC1
[7058] [M]: 0x80006E34 (0x1DC1AE87) flw ft9, 476(gp)
mem[R,0x800091EC] -> 0x0000FE55
f29 <- 0xFFFFFFFF0000FE55


mem[X,0x80006E38] -> 0x81B3
mem[X,0x80006E3A] -> 0x4021
[7059] [M]: 0x80006E38 (0x402181B3) sub gp, gp, sp
x3 <- 0x80008010


mem[X,0x80006E3C] -> 0x0113
mem[X,0x80006E3E] -> 0x0000
[7060] [M]: 0x80006E3C (0x00000113) addi sp, zero, 0
x2 <- 0x00000000


mem[X,0x80006E40] -> 0x1073
mem[X,0x80006E42] -> 0x0031
[7061] [M]: 0x80006E40 (0x00311073) csrrw zero, fcsr, sp
CSR fcsr -> 0x00000000
CSR fcsr <- 0x00000000 (input: 0x00000000)


mem[X,0x80006E44] -> 0x7FD3
mem[X,0x80006E46] -> 0x05DF
[7062] [M]: 0x80006E44 (0x05DF7FD3) fadd.h ft11, ft10, ft9, dyn
f31 <- 0xFFFFFFFFFFFF7E00


mem[X,0x80006E48] -> 0x2273
mem[X,0x80006E4A] -> 0x0030
[7063] [M]: 0x80006E48 (0x00302273) csrrs tp, fcsr, zero
CSR fcsr -> 0x00000000
x4 <- 0x00000000


mem[X,0x80006E4C] -> 0xAC27
mem[X,0x80006E4E] -> 0x1DF0
[7064] [M]: 0x80006E4C (0x1DF0AC27) fsw ft11, 472(ra)
mem[0x8000A5EC] <- 0xFFFF7E00


mem[X,0x80006E50] -> 0xAE23
mem[X,0x80006E52] -> 0x1C40
[7065] [M]: 0x80006E50 (0x1C40AE23) sw tp, 476(ra)
mem[0x8000A5F0] <- 0x00000000


mem[X,0x80006E54] -> 0x1137
mem[X,0x80006E56] -> 0x0000
[7066] [M]: 0x80006E54 (0x00001137) lui sp, 1
x2 <- 0x00001000


mem[X,0x80006E58] -> 0x81B3
mem[X,0x80006E5A] -> 0x0021
[7067] [M]: 0x80006E58 (0x002181B3) add gp, gp, sp
x3 <- 0x80009010


mem[X,0x80006E5C] -> 0xAF07
mem[X,0x80006E5E] -> 0x1E01
[7068] [M]: 0x80006E5C (0x1E01AF07) flw ft10, 480(gp)
mem[R,0x800091F0] -> 0x0000BC00
f30 <- 0xFFFFFFFF0000BC00


mem[X,0x80006E60] -> 0x81B3
mem[X,0x80006E62] -> 0x4021
[7069] [M]: 0x80006E60 (0x402181B3) sub gp, gp, sp
x3 <- 0x80008010


mem[X,0x80006E64] -> 0x1137
mem[X,0x80006E66] -> 0x0000
[7070] [M]: 0x80006E64 (0x00001137) lui sp, 1
x2 <- 0x00001000


mem[X,0x80006E68] -> 0x81B3
mem[X,0x80006E6A] -> 0x0021
[7071] [M]: 0x80006E68 (0x002181B3) add gp, gp, sp
x3 <- 0x80009010


mem[X,0x80006E6C] -> 0xAE87
mem[X,0x80006E6E] -> 0x1E41
[7072] [M]: 0x80006E6C (0x1E41AE87) flw ft9, 484(gp)
mem[R,0x800091F4] -> 0x00007C01
f29 <- 0xFFFFFFFF00007C01


mem[X,0x80006E70] -> 0x81B3
mem[X,0x80006E72] -> 0x4021
[7073] [M]: 0x80006E70 (0x402181B3) sub gp, gp, sp
x3 <- 0x80008010


mem[X,0x80006E74] -> 0x0113
mem[X,0x80006E76] -> 0x0000
[7074] [M]: 0x80006E74 (0x00000113) addi sp, zero, 0
x2 <- 0x00000000


mem[X,0x80006E78] -> 0x1073
mem[X,0x80006E7A] -> 0x0031
[7075] [M]: 0x80006E78 (0x00311073) csrrw zero, fcsr, sp
CSR fcsr -> 0x00000000
CSR fcsr <- 0x00000000 (input: 0x00000000)


mem[X,0x80006E7C] -> 0x7FD3
mem[X,0x80006E7E] -> 0x05DF
[7076] [M]: 0x80006E7C (0x05DF7FD3) fadd.h ft11, ft10, ft9, dyn
f31 <- 0xFFFFFFFFFFFF7E00


mem[X,0x80006E80] -> 0x2273
mem[X,0x80006E82] -> 0x0030
[7077] [M]: 0x80006E80 (0x00302273) csrrs tp, fcsr, zero
CSR fcsr -> 0x00000000
x4 <- 0x00000000


mem[X,0x80006E84] -> 0xA027
mem[X,0x80006E86] -> 0x1FF0
[7078] [M]: 0x80006E84 (0x1FF0A027) fsw ft11, 480(ra)
mem[0x8000A5F4] <- 0xFFFF7E00


mem[X,0x80006E88] -> 0xA223
mem[X,0x80006E8A] -> 0x1E40
[7079] [M]: 0x80006E88 (0x1E40A223) sw tp, 484(ra)
mem[0x8000A5F8] <- 0x00000000


mem[X,0x80006E8C] -> 0x1137
mem[X,0x80006E8E] -> 0x0000
[7080] [M]: 0x80006E8C (0x00001137) lui sp, 1
x2 <- 0x00001000


mem[X,0x80006E90] -> 0x81B3
mem[X,0x80006E92] -> 0x0021
[7081] [M]: 0x80006E90 (0x002181B3) add gp, gp, sp
x3 <- 0x80009010


mem[X,0x80006E94] -> 0xAF07
mem[X,0x80006E96] -> 0x1E81
[7082] [M]: 0x80006E94 (0x1E81AF07) flw ft10, 488(gp)
mem[R,0x800091F8] -> 0x0000BC00
f30 <- 0xFFFFFFFF0000BC00


mem[X,0x80006E98] -> 0x81B3
mem[X,0x80006E9A] -> 0x4021
[7083] [M]: 0x80006E98 (0x402181B3) sub gp, gp, sp
x3 <- 0x80008010


mem[X,0x80006E9C] -> 0x1137
mem[X,0x80006E9E] -> 0x0000
[7084] [M]: 0x80006E9C (0x00001137) lui sp, 1
x2 <- 0x00001000


mem[X,0x80006EA0] -> 0x81B3
mem[X,0x80006EA2] -> 0x0021
[7085] [M]: 0x80006EA0 (0x002181B3) add gp, gp, sp
x3 <- 0x80009010


mem[X,0x80006EA4] -> 0xAE87
mem[X,0x80006EA6] -> 0x1EC1
[7086] [M]: 0x80006EA4 (0x1EC1AE87) flw ft9, 492(gp)
mem[R,0x800091FC] -> 0x0000FD55
f29 <- 0xFFFFFFFF0000FD55


mem[X,0x80006EA8] -> 0x81B3
mem[X,0x80006EAA] -> 0x4021
[7087] [M]: 0x80006EA8 (0x402181B3) sub gp, gp, sp
x3 <- 0x80008010


mem[X,0x80006EAC] -> 0x0113
mem[X,0x80006EAE] -> 0x0000
[7088] [M]: 0x80006EAC (0x00000113) addi sp, zero, 0
x2 <- 0x00000000


mem[X,0x80006EB0] -> 0x1073
mem[X,0x80006EB2] -> 0x0031
[7089] [M]: 0x80006EB0 (0x00311073) csrrw zero, fcsr, sp
CSR fcsr -> 0x00000000
CSR fcsr <- 0x00000000 (input: 0x00000000)


mem[X,0x80006EB4] -> 0x7FD3
mem[X,0x80006EB6] -> 0x05DF
[7090] [M]: 0x80006EB4 (0x05DF7FD3) fadd.h ft11, ft10, ft9, dyn
f31 <- 0xFFFFFFFFFFFF7E00


mem[X,0x80006EB8] -> 0x2273
mem[X,0x80006EBA] -> 0x0030
[7091] [M]: 0x80006EB8 (0x00302273) csrrs tp, fcsr, zero
CSR fcsr -> 0x00000000
x4 <- 0x00000000


mem[X,0x80006EBC] -> 0xA427
mem[X,0x80006EBE] -> 0x1FF0
[7092] [M]: 0x80006EBC (0x1FF0A427) fsw ft11, 488(ra)
mem[0x8000A5FC] <- 0xFFFF7E00


mem[X,0x80006EC0] -> 0xA623
mem[X,0x80006EC2] -> 0x1E40
[7093] [M]: 0x80006EC0 (0x1E40A623) sw tp, 492(ra)
mem[0x8000A600] <- 0x00000000


mem[X,0x80006EC4] -> 0x1137
mem[X,0x80006EC6] -> 0x0000
[7094] [M]: 0x80006EC4 (0x00001137) lui sp, 1
x2 <- 0x00001000


mem[X,0x80006EC8] -> 0x81B3
mem[X,0x80006ECA] -> 0x0021
[7095] [M]: 0x80006EC8 (0x002181B3) add gp, gp, sp
x3 <- 0x80009010


mem[X,0x80006ECC] -> 0xAF07
mem[X,0x80006ECE] -> 0x1F01
[7096] [M]: 0x80006ECC (0x1F01AF07) flw ft10, 496(gp)
mem[R,0x80009200] -> 0x0000BC00
f30 <- 0xFFFFFFFF0000BC00


mem[X,0x80006ED0] -> 0x81B3
mem[X,0x80006ED2] -> 0x4021
[7097] [M]: 0x80006ED0 (0x402181B3) sub gp, gp, sp
x3 <- 0x80008010


mem[X,0x80006ED4] -> 0x1137
mem[X,0x80006ED6] -> 0x0000
[7098] [M]: 0x80006ED4 (0x00001137) lui sp, 1
x2 <- 0x00001000


mem[X,0x80006ED8] -> 0x81B3
mem[X,0x80006EDA] -> 0x0021
[7099] [M]: 0x80006ED8 (0x002181B3) add gp, gp, sp
x3 <- 0x80009010


clint::tick mtime <- 0x0000000000000047
 clint timer pending at mtime 0x0000000000000047
htif::tick 0x0000000000000000
mem[X,0x80006EDC] -> 0xAE87
mem[X,0x80006EDE] -> 0x1F41
[7100] [M]: 0x80006EDC (0x1F41AE87) flw ft9, 500(gp)
mem[R,0x80009204] -> 0x00003C00
f29 <- 0xFFFFFFFF00003C00


mem[X,0x80006EE0] -> 0x81B3
mem[X,0x80006EE2] -> 0x4021
[7101] [M]: 0x80006EE0 (0x402181B3) sub gp, gp, sp
x3 <- 0x80008010


mem[X,0x80006EE4] -> 0x0113
mem[X,0x80006EE6] -> 0x0000
[7102] [M]: 0x80006EE4 (0x00000113) addi sp, zero, 0
x2 <- 0x00000000


mem[X,0x80006EE8] -> 0x1073
mem[X,0x80006EEA] -> 0x0031
[7103] [M]: 0x80006EE8 (0x00311073) csrrw zero, fcsr, sp
CSR fcsr -> 0x00000000
CSR fcsr <- 0x00000000 (input: 0x00000000)


mem[X,0x80006EEC] -> 0x7FD3
mem[X,0x80006EEE] -> 0x05DF
[7104] [M]: 0x80006EEC (0x05DF7FD3) fadd.h ft11, ft10, ft9, dyn
f31 <- 0xFFFFFFFFFFFF7E00


mem[X,0x80006EF0] -> 0x2273
mem[X,0x80006EF2] -> 0x0030
[7105] [M]: 0x80006EF0 (0x00302273) csrrs tp, fcsr, zero
CSR fcsr -> 0x00000000
x4 <- 0x00000000


mem[X,0x80006EF4] -> 0xA827
mem[X,0x80006EF6] -> 0x1FF0
[7106] [M]: 0x80006EF4 (0x1FF0A827) fsw ft11, 496(ra)
mem[0x8000A604] <- 0xFFFF7E00


mem[X,0x80006EF8] -> 0xAA23
mem[X,0x80006EFA] -> 0x1E40
[7107] [M]: 0x80006EF8 (0x1E40AA23) sw tp, 500(ra)
mem[0x8000A608] <- 0x00000000


mem[X,0x80006EFC] -> 0x1137
mem[X,0x80006EFE] -> 0x0000
[7108] [M]: 0x80006EFC (0x00001137) lui sp, 1
x2 <- 0x00001000


mem[X,0x80006F00] -> 0x81B3
mem[X,0x80006F02] -> 0x0021
[7109] [M]: 0x80006F00 (0x002181B3) add gp, gp, sp
x3 <- 0x80009010


mem[X,0x80006F04] -> 0xAF07
mem[X,0x80006F06] -> 0x1F81
[7110] [M]: 0x80006F04 (0x1F81AF07) flw ft10, 504(gp)
mem[R,0x80009208] -> 0x0000BC00
f30 <- 0xFFFFFFFF0000BC00


mem[X,0x80006F08] -> 0x81B3
mem[X,0x80006F0A] -> 0x4021
[7111] [M]: 0x80006F08 (0x402181B3) sub gp, gp, sp
x3 <- 0x80008010


mem[X,0x80006F0C] -> 0x1137
mem[X,0x80006F0E] -> 0x0000
[7112] [M]: 0x80006F0C (0x00001137) lui sp, 1
x2 <- 0x00001000


mem[X,0x80006F10] -> 0x81B3
mem[X,0x80006F12] -> 0x0021
[7113] [M]: 0x80006F10 (0x002181B3) add gp, gp, sp
x3 <- 0x80009010


mem[X,0x80006F14] -> 0xAE87
mem[X,0x80006F16] -> 0x1FC1
[7114] [M]: 0x80006F14 (0x1FC1AE87) flw ft9, 508(gp)
mem[R,0x8000920C] -> 0x0000BC00
f29 <- 0xFFFFFFFF0000BC00


mem[X,0x80006F18] -> 0x81B3
mem[X,0x80006F1A] -> 0x4021
[7115] [M]: 0x80006F18 (0x402181B3) sub gp, gp, sp
x3 <- 0x80008010


mem[X,0x80006F1C] -> 0x0113
mem[X,0x80006F1E] -> 0x0000
[7116] [M]: 0x80006F1C (0x00000113) addi sp, zero, 0
x2 <- 0x00000000


mem[X,0x80006F20] -> 0x1073
mem[X,0x80006F22] -> 0x0031
[7117] [M]: 0x80006F20 (0x00311073) csrrw zero, fcsr, sp
CSR fcsr -> 0x00000000
CSR fcsr <- 0x00000000 (input: 0x00000000)


mem[X,0x80006F24] -> 0x7FD3
mem[X,0x80006F26] -> 0x05DF
[7118] [M]: 0x80006F24 (0x05DF7FD3) fadd.h ft11, ft10, ft9, dyn
f31 <- 0xFFFFFFFFFFFF7E00


mem[X,0x80006F28] -> 0x2273
mem[X,0x80006F2A] -> 0x0030
[7119] [M]: 0x80006F28 (0x00302273) csrrs tp, fcsr, zero
CSR fcsr -> 0x00000000
x4 <- 0x00000000


mem[X,0x80006F2C] -> 0xAC27
mem[X,0x80006F2E] -> 0x1FF0
[7120] [M]: 0x80006F2C (0x1FF0AC27) fsw ft11, 504(ra)
mem[0x8000A60C] <- 0xFFFF7E00


mem[X,0x80006F30] -> 0xAE23
mem[X,0x80006F32] -> 0x1E40
[7121] [M]: 0x80006F30 (0x1E40AE23) sw tp, 508(ra)
mem[0x8000A610] <- 0x00000000


mem[X,0x80006F34] -> 0x1137
mem[X,0x80006F36] -> 0x0000
[7122] [M]: 0x80006F34 (0x00001137) lui sp, 1
x2 <- 0x00001000


mem[X,0x80006F38] -> 0x81B3
mem[X,0x80006F3A] -> 0x0021
[7123] [M]: 0x80006F38 (0x002181B3) add gp, gp, sp
x3 <- 0x80009010


mem[X,0x80006F3C] -> 0xAF07
mem[X,0x80006F3E] -> 0x2001
[7124] [M]: 0x80006F3C (0x2001AF07) flw ft10, 512(gp)
mem[R,0x80009210] -> 0x00000000
f30 <- 0xFFFFFFFF00000000


mem[X,0x80006F40] -> 0x81B3
mem[X,0x80006F42] -> 0x4021
[7125] [M]: 0x80006F40 (0x402181B3) sub gp, gp, sp
x3 <- 0x80008010


mem[X,0x80006F44] -> 0x1137
mem[X,0x80006F46] -> 0x0000
[7126] [M]: 0x80006F44 (0x00001137) lui sp, 1
x2 <- 0x00001000


mem[X,0x80006F48] -> 0x81B3
mem[X,0x80006F4A] -> 0x0021
[7127] [M]: 0x80006F48 (0x002181B3) add gp, gp, sp
x3 <- 0x80009010


mem[X,0x80006F4C] -> 0xAE87
mem[X,0x80006F4E] -> 0x2041
[7128] [M]: 0x80006F4C (0x2041AE87) flw ft9, 516(gp)
mem[R,0x80009214] -> 0x00008000
f29 <- 0xFFFFFFFF00008000


mem[X,0x80006F50] -> 0x81B3
mem[X,0x80006F52] -> 0x4021
[7129] [M]: 0x80006F50 (0x402181B3) sub gp, gp, sp
x3 <- 0x80008010


mem[X,0x80006F54] -> 0x0113
mem[X,0x80006F56] -> 0x0000
[7130] [M]: 0x80006F54 (0x00000113) addi sp, zero, 0
x2 <- 0x00000000


mem[X,0x80006F58] -> 0x1073
mem[X,0x80006F5A] -> 0x0031
[7131] [M]: 0x80006F58 (0x00311073) csrrw zero, fcsr, sp
CSR fcsr -> 0x00000000
CSR fcsr <- 0x00000000 (input: 0x00000000)


mem[X,0x80006F5C] -> 0x7FD3
mem[X,0x80006F5E] -> 0x05DF
[7132] [M]: 0x80006F5C (0x05DF7FD3) fadd.h ft11, ft10, ft9, dyn
f31 <- 0xFFFFFFFFFFFF7E00


mem[X,0x80006F60] -> 0x2273
mem[X,0x80006F62] -> 0x0030
[7133] [M]: 0x80006F60 (0x00302273) csrrs tp, fcsr, zero
CSR fcsr -> 0x00000000
x4 <- 0x00000000


mem[X,0x80006F64] -> 0xA027
mem[X,0x80006F66] -> 0x21F0
[7134] [M]: 0x80006F64 (0x21F0A027) fsw ft11, 512(ra)
mem[0x8000A614] <- 0xFFFF7E00


mem[X,0x80006F68] -> 0xA223
mem[X,0x80006F6A] -> 0x2040
[7135] [M]: 0x80006F68 (0x2040A223) sw tp, 516(ra)
mem[0x8000A618] <- 0x00000000


mem[X,0x80006F6C] -> 0x1137
mem[X,0x80006F6E] -> 0x0000
[7136] [M]: 0x80006F6C (0x00001137) lui sp, 1
x2 <- 0x00001000


mem[X,0x80006F70] -> 0x81B3
mem[X,0x80006F72] -> 0x0021
[7137] [M]: 0x80006F70 (0x002181B3) add gp, gp, sp
x3 <- 0x80009010


mem[X,0x80006F74] -> 0xAF07
mem[X,0x80006F76] -> 0x2081
[7138] [M]: 0x80006F74 (0x2081AF07) flw ft10, 520(gp)
mem[R,0x80009218] -> 0x00000000
f30 <- 0xFFFFFFFF00000000


mem[X,0x80006F78] -> 0x81B3
mem[X,0x80006F7A] -> 0x4021
[7139] [M]: 0x80006F78 (0x402181B3) sub gp, gp, sp
x3 <- 0x80008010


mem[X,0x80006F7C] -> 0x1137
mem[X,0x80006F7E] -> 0x0000
[7140] [M]: 0x80006F7C (0x00001137) lui sp, 1
x2 <- 0x00001000


mem[X,0x80006F80] -> 0x81B3
mem[X,0x80006F82] -> 0x0021
[7141] [M]: 0x80006F80 (0x002181B3) add gp, gp, sp
x3 <- 0x80009010


mem[X,0x80006F84] -> 0xAE87
mem[X,0x80006F86] -> 0x20C1
[7142] [M]: 0x80006F84 (0x20C1AE87) flw ft9, 524(gp)
mem[R,0x8000921C] -> 0x00008001
f29 <- 0xFFFFFFFF00008001


mem[X,0x80006F88] -> 0x81B3
mem[X,0x80006F8A] -> 0x4021
[7143] [M]: 0x80006F88 (0x402181B3) sub gp, gp, sp
x3 <- 0x80008010


mem[X,0x80006F8C] -> 0x0113
mem[X,0x80006F8E] -> 0x0000
[7144] [M]: 0x80006F8C (0x00000113) addi sp, zero, 0
x2 <- 0x00000000


mem[X,0x80006F90] -> 0x1073
mem[X,0x80006F92] -> 0x0031
[7145] [M]: 0x80006F90 (0x00311073) csrrw zero, fcsr, sp
CSR fcsr -> 0x00000000
CSR fcsr <- 0x00000000 (input: 0x00000000)


mem[X,0x80006F94] -> 0x7FD3
mem[X,0x80006F96] -> 0x05DF
[7146] [M]: 0x80006F94 (0x05DF7FD3) fadd.h ft11, ft10, ft9, dyn
f31 <- 0xFFFFFFFFFFFF7E00


mem[X,0x80006F98] -> 0x2273
mem[X,0x80006F9A] -> 0x0030
[7147] [M]: 0x80006F98 (0x00302273) csrrs tp, fcsr, zero
CSR fcsr -> 0x00000000
x4 <- 0x00000000


mem[X,0x80006F9C] -> 0xA427
mem[X,0x80006F9E] -> 0x21F0
[7148] [M]: 0x80006F9C (0x21F0A427) fsw ft11, 520(ra)
mem[0x8000A61C] <- 0xFFFF7E00


mem[X,0x80006FA0] -> 0xA623
mem[X,0x80006FA2] -> 0x2040
[7149] [M]: 0x80006FA0 (0x2040A623) sw tp, 524(ra)
mem[0x8000A620] <- 0x00000000


mem[X,0x80006FA4] -> 0x0013
mem[X,0x80006FA6] -> 0x0000
[7150] [M]: 0x80006FA4 (0x00000013) addi zero, zero, 0


mem[X,0x80006FA8] -> 0x0013
mem[X,0x80006FAA] -> 0x0000
[7151] [M]: 0x80006FA8 (0x00000013) addi zero, zero, 0


mem[X,0x80006FAC] -> 0x0013
mem[X,0x80006FAE] -> 0x0000
[7152] [M]: 0x80006FAC (0x00000013) addi zero, zero, 0


mem[X,0x80006FB0] -> 0x0093
mem[X,0x80006FB2] -> 0x0010
[7153] [M]: 0x80006FB0 (0x00100093) addi ra, zero, 1
x1 <- 0x00000001


mem[X,0x80006FB4] -> 0x0F17
mem[X,0x80006FB6] -> 0x0000
[7154] [M]: 0x80006FB4 (0x00000F17) auipc t5, 0
x30 <- 0x80006FB4


mem[X,0x80006FB8] -> 0x2623
mem[X,0x80006FBA] -> 0x041F
[7155] [M]: 0x80006FB8 (0x041F2623) sw ra, 76(t5)
htif[0x80007000] <- 0x00000001


mem[X,0x80006FBC] -> 0xF06F
mem[X,0x80006FBE] -> 0xFF9F
[7156] [M]: 0x80006FBC (0xFF9FF06F) jal zero, 2097144


mem[X,0x80006FB4] -> 0x0F17
mem[X,0x80006FB6] -> 0x0000
[7157] [M]: 0x80006FB4 (0x00000F17) auipc t5, 0
x30 <- 0x80006FB4


mem[X,0x80006FB8] -> 0x2623
mem[X,0x80006FBA] -> 0x041F
[7158] [M]: 0x80006FB8 (0x041F2623) sw ra, 76(t5)
htif[0x80007000] <- 0x00000001


mem[X,0x80006FBC] -> 0xF06F
mem[X,0x80006FBE] -> 0xFF9F
[7159] [M]: 0x80006FBC (0xFF9FF06F) jal zero, 2097144


mem[X,0x80006FB4] -> 0x0F17
mem[X,0x80006FB6] -> 0x0000
[7160] [M]: 0x80006FB4 (0x00000F17) auipc t5, 0
x30 <- 0x80006FB4


mem[X,0x80006FB8] -> 0x2623
mem[X,0x80006FBA] -> 0x041F
[7161] [M]: 0x80006FB8 (0x041F2623) sw ra, 76(t5)
htif[0x80007000] <- 0x00000001
htif-syscall-proxy cmd: 0x000000000001

SUCCESS
