using Reference-sail_c_simulator.signature for test-signature output.
[Sail] Allocating new block 0x80000000
tohost located at 0x80001000
[Sail] Allocating new block 0x0

Running file ref.elf.
ELF Entry @ 0x80000000
begin_signature: 0x80002310
end_signature: 0x800025a0
CSR mstatus <- 0x00000000 (input: 0x00000000)
mem[X,0x00001000] -> 0x0297
mem[X,0x00001002] -> 0x0000
[0] [M]: 0x00001000 (0x00000297) auipc t0, 0
x5 <- 0x00001000


mem[X,0x00001004] -> 0x8593
mem[X,0x00001006] -> 0x0202
[1] [M]: 0x00001004 (0x02028593) addi a1, t0, 32
x11 <- 0x00001020


mem[X,0x00001008] -> 0x2573
mem[X,0x0000100A] -> 0xF140
[2] [M]: 0x00001008 (0xF1402573) csrrs a0, mhartid, zero
CSR mhartid -> 0x00000000
x10 <- 0x00000000


mem[X,0x0000100C] -> 0xA283
mem[X,0x0000100E] -> 0x0182
[3] [M]: 0x0000100C (0x0182A283) lw t0, 24(t0)
mem[R,0x00001018] -> 0x80000000
x5 <- 0x80000000


mem[X,0x00001010] -> 0x8067
mem[X,0x00001012] -> 0x0002
[4] [M]: 0x00001010 (0x00028067) jalr zero, t0, 0


mem[X,0x80000000] -> 0xC0B7
mem[X,0x80000002] -> 0xFEED
[5] [M]: 0x80000000 (0xFEEDC0B7) lui ra, 1044188
x1 <- 0xFEEDC000


mem[X,0x80000004] -> 0x8093
mem[X,0x80000006] -> 0xEAD0
[6] [M]: 0x80000004 (0xEAD08093) addi ra, ra, 3757
x1 <- 0xFEEDBEAD


mem[X,0x80000008] -> 0xE137
mem[X,0x8000000A] -> 0xFF76
[7] [M]: 0x80000008 (0xFF76E137) lui sp, 1046382
x2 <- 0xFF76E000


mem[X,0x8000000C] -> 0x0113
mem[X,0x8000000E] -> 0xF561
[8] [M]: 0x8000000C (0xF5610113) addi sp, sp, 3926
x2 <- 0xFF76DF56


mem[X,0x80000010] -> 0x71B7
mem[X,0x80000012] -> 0x7FBB
[9] [M]: 0x80000010 (0x7FBB71B7) lui gp, 523191
x3 <- 0x7FBB7000


mem[X,0x80000014] -> 0x8193
mem[X,0x80000016] -> 0xFAB1
[10] [M]: 0x80000014 (0xFAB18193) addi gp, gp, 4011
x3 <- 0x7FBB6FAB


mem[X,0x80000018] -> 0xB237
mem[X,0x8000001A] -> 0xBFDD
[11] [M]: 0x80000018 (0xBFDDB237) lui tp, 785883
x4 <- 0xBFDDB000


mem[X,0x8000001C] -> 0x0213
mem[X,0x8000001E] -> 0x7D52
[12] [M]: 0x8000001C (0x7D520213) addi tp, tp, 2005
x4 <- 0xBFDDB7D5


mem[X,0x80000020] -> 0x0297
mem[X,0x80000022] -> 0x0000
[13] [M]: 0x80000020 (0x00000297) auipc t0, 0
x5 <- 0x80000020


mem[X,0x80000024] -> 0x8293
mem[X,0x80000026] -> 0x0D82
[14] [M]: 0x80000024 (0x0D828293) addi t0, t0, 216
x5 <- 0x800000F8


mem[X,0x80000028] -> 0x2317
mem[X,0x8000002A] -> 0x0000
[15] [M]: 0x80000028 (0x00002317) auipc t1, 2
x6 <- 0x80002028


mem[X,0x8000002C] -> 0x0313
mem[X,0x8000002E] -> 0xFD83
[16] [M]: 0x8000002C (0xFD830313) addi t1, t1, 4056
x6 <- 0x80002000


mem[X,0x80000030] -> 0xB3B7
mem[X,0x80000032] -> 0xB7FB
[17] [M]: 0x80000030 (0xB7FBB3B7) lui t2, 753595
x7 <- 0xB7FBB000


mem[X,0x80000034] -> 0x8393
mem[X,0x80000036] -> 0x6FA3
[18] [M]: 0x80000034 (0x6FA38393) addi t2, t2, 1786
x7 <- 0xB7FBB6FA


mem[X,0x80000038] -> 0xE437
mem[X,0x8000003A] -> 0x5BFD
[19] [M]: 0x80000038 (0x5BFDE437) lui fp, 376798
x8 <- 0x5BFDE000


mem[X,0x8000003C] -> 0x0413
mem[X,0x8000003E] -> 0xB7D4
[20] [M]: 0x8000003C (0xB7D40413) addi fp, fp, 2941
x8 <- 0x5BFDDB7D


mem[X,0x80000040] -> 0xF4B7
mem[X,0x80000042] -> 0xADFE
[21] [M]: 0x80000040 (0xADFEF4B7) lui s1, 712687
x9 <- 0xADFEF000


mem[X,0x80000044] -> 0x8493
mem[X,0x80000046] -> 0xDBE4
[22] [M]: 0x80000044 (0xDBE48493) addi s1, s1, 3518
x9 <- 0xADFEEDBE


mem[X,0x80000048] -> 0x7537
mem[X,0x8000004A] -> 0x56FF
[23] [M]: 0x80000048 (0x56FF7537) lui a0, 356343
x10 <- 0x56FF7000


mem[X,0x8000004C] -> 0x0513
mem[X,0x8000004E] -> 0x6DF5
[24] [M]: 0x8000004C (0x6DF50513) addi a0, a0, 1759
x10 <- 0x56FF76DF


mem[X,0x80000050] -> 0xC5B7
mem[X,0x80000052] -> 0xAB7F
[25] [M]: 0x80000050 (0xAB7FC5B7) lui a1, 702460
x11 <- 0xAB7FC000


mem[X,0x80000054] -> 0x8593
mem[X,0x80000056] -> 0xB6F5
[26] [M]: 0x80000054 (0xB6F58593) addi a1, a1, 2927
x11 <- 0xAB7FBB6F


mem[X,0x80000058] -> 0xE637
mem[X,0x8000005A] -> 0xD5BF
[27] [M]: 0x80000058 (0xD5BFE637) lui a2, 875518
x12 <- 0xD5BFE000


mem[X,0x8000005C] -> 0x0613
mem[X,0x8000005E] -> 0xDB76
[28] [M]: 0x8000005C (0xDB760613) addi a2, a2, 3511
x12 <- 0xD5BFDDB7


mem[X,0x80000060] -> 0xF6B7
mem[X,0x80000062] -> 0xEADF
[29] [M]: 0x80000060 (0xEADFF6B7) lui a3, 962047
x13 <- 0xEADFF000


mem[X,0x80000064] -> 0x8693
mem[X,0x80000066] -> 0xEDB6
[30] [M]: 0x80000064 (0xEDB68693) addi a3, a3, 3803
x13 <- 0xEADFEEDB


mem[X,0x80000068] -> 0xF737
mem[X,0x8000006A] -> 0xF56F
[31] [M]: 0x80000068 (0xF56FF737) lui a4, 1005311
x14 <- 0xF56FF000


mem[X,0x8000006C] -> 0x0713
mem[X,0x8000006E] -> 0x76D7
[32] [M]: 0x8000006C (0x76D70713) addi a4, a4, 1901
x14 <- 0xF56FF76D


mem[X,0x80000070] -> 0x07B7
mem[X,0x80000072] -> 0xFAB8
[33] [M]: 0x80000070 (0xFAB807B7) lui a5, 1026944
x15 <- 0xFAB80000


mem[X,0x80000074] -> 0x8793
mem[X,0x80000076] -> 0xBB67
[34] [M]: 0x80000074 (0xBB678793) addi a5, a5, 2998
x15 <- 0xFAB7FBB6


mem[X,0x80000078] -> 0x0837
mem[X,0x8000007A] -> 0x7D5C
[35] [M]: 0x80000078 (0x7D5C0837) lui a6, 513472
x16 <- 0x7D5C0000


mem[X,0x8000007C] -> 0x0813
mem[X,0x8000007E] -> 0xDDB8
[36] [M]: 0x8000007C (0xDDB80813) addi a6, a6, 3547
x16 <- 0x7D5BFDDB


mem[X,0x80000080] -> 0x08B7
mem[X,0x80000082] -> 0xBEAE
[37] [M]: 0x80000080 (0xBEAE08B7) lui a7, 781024
x17 <- 0xBEAE0000


mem[X,0x80000084] -> 0x8893
mem[X,0x80000086] -> 0xEED8
[38] [M]: 0x80000084 (0xEED88893) addi a7, a7, 3821
x17 <- 0xBEADFEED


mem[X,0x80000088] -> 0x0937
mem[X,0x8000008A] -> 0xDF57
[39] [M]: 0x80000088 (0xDF570937) lui s2, 914800
x18 <- 0xDF570000


mem[X,0x8000008C] -> 0x0913
mem[X,0x8000008E] -> 0xF769
[40] [M]: 0x8000008C (0xF7690913) addi s2, s2, 3958
x18 <- 0xDF56FF76


mem[X,0x80000090] -> 0x89B7
mem[X,0x80000092] -> 0x6FAB
[41] [M]: 0x80000090 (0x6FAB89B7) lui s3, 457400
x19 <- 0x6FAB8000


mem[X,0x80000094] -> 0x8993
mem[X,0x80000096] -> 0xFBB9
[42] [M]: 0x80000094 (0xFBB98993) addi s3, s3, 4027
x19 <- 0x6FAB7FBB


mem[X,0x80000098] -> 0xCA37
mem[X,0x8000009A] -> 0xB7D5
[43] [M]: 0x80000098 (0xB7D5CA37) lui s4, 752988
x20 <- 0xB7D5C000


mem[X,0x8000009C] -> 0x0A13
mem[X,0x8000009E] -> 0xFDDA
[44] [M]: 0x8000009C (0xFDDA0A13) addi s4, s4, 4061
x20 <- 0xB7D5BFDD


mem[X,0x800000A0] -> 0xEAB7
mem[X,0x800000A2] -> 0xDBEA
[45] [M]: 0x800000A0 (0xDBEAEAB7) lui s5, 900782
x21 <- 0xDBEAE000


mem[X,0x800000A4] -> 0x8A93
mem[X,0x800000A6] -> 0xFEEA
[46] [M]: 0x800000A4 (0xFEEA8A93) addi s5, s5, 4078
x21 <- 0xDBEADFEE


mem[X,0x800000A8] -> 0x7B37
mem[X,0x800000AA] -> 0x6DF5
[47] [M]: 0x800000A8 (0x6DF57B37) lui s6, 450391
x22 <- 0x6DF57000


mem[X,0x800000AC] -> 0x0B13
mem[X,0x800000AE] -> 0xFF7B
[48] [M]: 0x800000AC (0xFF7B0B13) addi s6, s6, 4087
x22 <- 0x6DF56FF7


mem[X,0x800000B0] -> 0xBBB7
mem[X,0x800000B2] -> 0xB6FA
[49] [M]: 0x800000B0 (0xB6FABBB7) lui s7, 749483
x23 <- 0xB6FAB000


mem[X,0x800000B4] -> 0x8B93
mem[X,0x800000B6] -> 0x7FBB
[50] [M]: 0x800000B4 (0x7FBB8B93) addi s7, s7, 2043
x23 <- 0xB6FAB7FB


mem[X,0x800000B8] -> 0x6C37
mem[X,0x800000BA] -> 0xDB7D
[51] [M]: 0x800000B8 (0xDB7D6C37) lui s8, 899030
x24 <- 0xDB7D6000


mem[X,0x800000BC] -> 0x0C13
mem[X,0x800000BE] -> 0xBFDC
[52] [M]: 0x800000BC (0xBFDC0C13) addi s8, s8, 3069
x24 <- 0xDB7D5BFD


mem[X,0x800000C0] -> 0xBCB7
mem[X,0x800000C2] -> 0xEDBE
[53] [M]: 0x800000C0 (0xEDBEBCB7) lui s9, 973803
x25 <- 0xEDBEB000


mem[X,0x800000C4] -> 0x8C93
mem[X,0x800000C6] -> 0xDFEC
[54] [M]: 0x800000C4 (0xDFEC8C93) addi s9, s9, 3582
x25 <- 0xEDBEADFE


mem[X,0x800000C8] -> 0x5D37
mem[X,0x800000CA] -> 0x76DF
[55] [M]: 0x800000C8 (0x76DF5D37) lui s10, 486901
x26 <- 0x76DF5000


mem[X,0x800000CC] -> 0x0D13
mem[X,0x800000CE] -> 0x6FFD
[56] [M]: 0x800000CC (0x6FFD0D13) addi s10, s10, 1791
x26 <- 0x76DF56FF


mem[X,0x800000D0] -> 0xBDB7
mem[X,0x800000D2] -> 0xBB6F
[57] [M]: 0x800000D0 (0xBB6FBDB7) lui s11, 767739
x27 <- 0xBB6FB000


mem[X,0x800000D4] -> 0x8D93
mem[X,0x800000D6] -> 0xB7FD
[58] [M]: 0x800000D4 (0xB7FD8D93) addi s11, s11, 2943
x27 <- 0xBB6FAB7F


mem[X,0x800000D8] -> 0xDE37
mem[X,0x800000DA] -> 0xDDB7
[59] [M]: 0x800000D8 (0xDDB7DE37) lui t3, 908157
x28 <- 0xDDB7D000


mem[X,0x800000DC] -> 0x0E13
mem[X,0x800000DE] -> 0x5BFE
[60] [M]: 0x800000DC (0x5BFE0E13) addi t3, t3, 1471
x28 <- 0xDDB7D5BF


mem[X,0x800000E0] -> 0xFEB7
mem[X,0x800000E2] -> 0xEEDB
[61] [M]: 0x800000E0 (0xEEDBFEB7) lui t4, 978367
x29 <- 0xEEDBF000


mem[X,0x800000E4] -> 0x8E93
mem[X,0x800000E6] -> 0xADFE
[62] [M]: 0x800000E4 (0xADFE8E93) addi t4, t4, 2783
x29 <- 0xEEDBEADF


mem[X,0x800000E8] -> 0xFF37
mem[X,0x800000EA] -> 0xF76D
[63] [M]: 0x800000E8 (0xF76DFF37) lui t5, 1013471
x30 <- 0xF76DF000


mem[X,0x800000EC] -> 0x0F13
mem[X,0x800000EE] -> 0x56FF
[64] [M]: 0x800000EC (0x56FF0F13) addi t5, t5, 1391
x30 <- 0xF76DF56F


mem[X,0x800000F0] -> 0x0FB7
mem[X,0x800000F2] -> 0xFBB7
[65] [M]: 0x800000F0 (0xFBB70FB7) lui t6, 1031024
x31 <- 0xFBB70000


mem[X,0x800000F4] -> 0x8F93
mem[X,0x800000F6] -> 0xAB7F
[66] [M]: 0x800000F4 (0xAB7F8F93) addi t6, t6, 2743
x31 <- 0xFBB6FAB7


mem[X,0x800000F8] -> 0x2537
mem[X,0x800000FA] -> 0x0000
[67] [M]: 0x800000F8 (0x00002537) lui a0, 2
x10 <- 0x00002000


mem[X,0x800000FC] -> 0x2073
mem[X,0x800000FE] -> 0x3005
[68] [M]: 0x800000FC (0x30052073) csrrs zero, mstatus, a0
CSR mstatus -> 0x00000000
CSR mstatus <- 0x00002000 (input: 0x00002000)


mem[X,0x80000100] -> 0x5073
mem[X,0x80000102] -> 0x0030
[69] [M]: 0x80000100 (0x00305073) csrrwi zero, fcsr, 0
CSR fcsr -> 0x00000000
CSR fcsr <- 0x00000000 (input: 0x00000000)


mem[X,0x80000104] -> 0x2197
mem[X,0x80000106] -> 0x0000
[70] [M]: 0x80000104 (0x00002197) auipc gp, 2
x3 <- 0x80002104


mem[X,0x80000108] -> 0x8193
mem[X,0x8000010A] -> 0xF0C1
[71] [M]: 0x80000108 (0xF0C18193) addi gp, gp, 3852
x3 <- 0x80002010


mem[X,0x8000010C] -> 0x2097
mem[X,0x8000010E] -> 0x0000
[72] [M]: 0x8000010C (0x00002097) auipc ra, 2
x1 <- 0x8000210C


mem[X,0x80000110] -> 0x8093
mem[X,0x80000112] -> 0x2080
[73] [M]: 0x80000110 (0x20808093) addi ra, ra, 520
x1 <- 0x80002314


mem[X,0x80000114] -> 0xAF87
mem[X,0x80000116] -> 0x0001
[74] [M]: 0x80000114 (0x0001AF87) flw ft11, 0(gp)
mem[R,0x80002010] -> 0x00003248
f31 <- 0xFFFFFFFF00003248


mem[X,0x80000118] -> 0x0113
mem[X,0x8000011A] -> 0x0000
[75] [M]: 0x80000118 (0x00000113) addi sp, zero, 0
x2 <- 0x00000000


mem[X,0x8000011C] -> 0x1073
mem[X,0x8000011E] -> 0x0031
[76] [M]: 0x8000011C (0x00311073) csrrw zero, fcsr, sp
CSR fcsr -> 0x00000000
CSR fcsr <- 0x00000000 (input: 0x00000000)


mem[X,0x80000120] -> 0xFFD3
mem[X,0x80000122] -> 0xC41F
[77] [M]: 0x80000120 (0xC41FFFD3) fcvt.wu.h t6, ft11, dyn
x31 <- 0xFFFFFFFF


mem[X,0x80000124] -> 0x2273
mem[X,0x80000126] -> 0x0030
[78] [M]: 0x80000124 (0x00302273) csrrs tp, fcsr, zero
CSR fcsr -> 0x00000010
x4 <- 0x00000010


mem[X,0x80000128] -> 0xA023
mem[X,0x8000012A] -> 0x01F0
[79] [M]: 0x80000128 (0x01F0A023) sw t6, 0(ra)
mem[0x80002314] <- 0xFFFFFFFF


mem[X,0x8000012C] -> 0xA223
mem[X,0x8000012E] -> 0x0040
[80] [M]: 0x8000012C (0x0040A223) sw tp, 4(ra)
mem[0x80002318] <- 0x00000010


mem[X,0x80000130] -> 0xAF07
mem[X,0x80000132] -> 0x0041
[81] [M]: 0x80000130 (0x0041AF07) flw ft10, 4(gp)
mem[R,0x80002014] -> 0x00003248
f30 <- 0xFFFFFFFF00003248


mem[X,0x80000134] -> 0x0113
mem[X,0x80000136] -> 0x0200
[82] [M]: 0x80000134 (0x02000113) addi sp, zero, 32
x2 <- 0x00000020


mem[X,0x80000138] -> 0x1073
mem[X,0x8000013A] -> 0x0031
[83] [M]: 0x80000138 (0x00311073) csrrw zero, fcsr, sp
CSR fcsr -> 0x00000010
CSR fcsr <- 0x00000020 (input: 0x00000020)


mem[X,0x8000013C] -> 0x7F53
mem[X,0x8000013E] -> 0xC41F
[84] [M]: 0x8000013C (0xC41F7F53) fcvt.wu.h t5, ft10, dyn
x30 <- 0xFFFFFFFF


mem[X,0x80000140] -> 0x2273
mem[X,0x80000142] -> 0x0030
[85] [M]: 0x80000140 (0x00302273) csrrs tp, fcsr, zero
CSR fcsr -> 0x00000030
x4 <- 0x00000030


mem[X,0x80000144] -> 0xA423
mem[X,0x80000146] -> 0x01E0
[86] [M]: 0x80000144 (0x01E0A423) sw t5, 8(ra)
mem[0x8000231C] <- 0xFFFFFFFF


mem[X,0x80000148] -> 0xA623
mem[X,0x8000014A] -> 0x0040
[87] [M]: 0x80000148 (0x0040A623) sw tp, 12(ra)
mem[0x80002320] <- 0x00000030


mem[X,0x8000014C] -> 0xAE87
mem[X,0x8000014E] -> 0x0081
[88] [M]: 0x8000014C (0x0081AE87) flw ft9, 8(gp)
mem[R,0x80002018] -> 0x00003248
f29 <- 0xFFFFFFFF00003248


mem[X,0x80000150] -> 0x0113
mem[X,0x80000152] -> 0x0400
[89] [M]: 0x80000150 (0x04000113) addi sp, zero, 64
x2 <- 0x00000040


mem[X,0x80000154] -> 0x1073
mem[X,0x80000156] -> 0x0031
[90] [M]: 0x80000154 (0x00311073) csrrw zero, fcsr, sp
CSR fcsr -> 0x00000030
CSR fcsr <- 0x00000040 (input: 0x00000040)


mem[X,0x80000158] -> 0xFED3
mem[X,0x8000015A] -> 0xC41E
[91] [M]: 0x80000158 (0xC41EFED3) fcvt.wu.h t4, ft9, dyn
x29 <- 0xFFFFFFFF


mem[X,0x8000015C] -> 0x2273
mem[X,0x8000015E] -> 0x0030
[92] [M]: 0x8000015C (0x00302273) csrrs tp, fcsr, zero
CSR fcsr -> 0x00000050
x4 <- 0x00000050


mem[X,0x80000160] -> 0xA823
mem[X,0x80000162] -> 0x01D0
[93] [M]: 0x80000160 (0x01D0A823) sw t4, 16(ra)
mem[0x80002324] <- 0xFFFFFFFF


mem[X,0x80000164] -> 0xAA23
mem[X,0x80000166] -> 0x0040
[94] [M]: 0x80000164 (0x0040AA23) sw tp, 20(ra)
mem[0x80002328] <- 0x00000050


mem[X,0x80000168] -> 0xAE07
mem[X,0x8000016A] -> 0x00C1
[95] [M]: 0x80000168 (0x00C1AE07) flw ft8, 12(gp)
mem[R,0x8000201C] -> 0x00003248
f28 <- 0xFFFFFFFF00003248


mem[X,0x8000016C] -> 0x0113
mem[X,0x8000016E] -> 0x0600
[96] [M]: 0x8000016C (0x06000113) addi sp, zero, 96
x2 <- 0x00000060


mem[X,0x80000170] -> 0x1073
mem[X,0x80000172] -> 0x0031
[97] [M]: 0x80000170 (0x00311073) csrrw zero, fcsr, sp
CSR fcsr -> 0x00000050
CSR fcsr <- 0x00000060 (input: 0x00000060)


mem[X,0x80000174] -> 0x7E53
mem[X,0x80000176] -> 0xC41E
[98] [M]: 0x80000174 (0xC41E7E53) fcvt.wu.h t3, ft8, dyn
x28 <- 0xFFFFFFFF


mem[X,0x80000178] -> 0x2273
mem[X,0x8000017A] -> 0x0030
[99] [M]: 0x80000178 (0x00302273) csrrs tp, fcsr, zero
CSR fcsr -> 0x00000070
x4 <- 0x00000070


clint::tick mtime <- 0x0000000000000001
 clint timer pending at mtime 0x0000000000000001
htif::tick 0x0000000000000000
mem[X,0x8000017C] -> 0xAC23
mem[X,0x8000017E] -> 0x01C0
[100] [M]: 0x8000017C (0x01C0AC23) sw t3, 24(ra)
mem[0x8000232C] <- 0xFFFFFFFF


mem[X,0x80000180] -> 0xAE23
mem[X,0x80000182] -> 0x0040
[101] [M]: 0x80000180 (0x0040AE23) sw tp, 28(ra)
mem[0x80002330] <- 0x00000070


mem[X,0x80000184] -> 0xAD87
mem[X,0x80000186] -> 0x0101
[102] [M]: 0x80000184 (0x0101AD87) flw fs11, 16(gp)
mem[R,0x80002020] -> 0x00003248
f27 <- 0xFFFFFFFF00003248


mem[X,0x80000188] -> 0x0113
mem[X,0x8000018A] -> 0x0800
[103] [M]: 0x80000188 (0x08000113) addi sp, zero, 128
x2 <- 0x00000080


mem[X,0x8000018C] -> 0x1073
mem[X,0x8000018E] -> 0x0031
[104] [M]: 0x8000018C (0x00311073) csrrw zero, fcsr, sp
CSR fcsr -> 0x00000070
CSR fcsr <- 0x00000080 (input: 0x00000080)


mem[X,0x80000190] -> 0xFDD3
mem[X,0x80000192] -> 0xC41D
[105] [M]: 0x80000190 (0xC41DFDD3) fcvt.wu.h s11, fs11, dyn
x27 <- 0xFFFFFFFF


mem[X,0x80000194] -> 0x2273
mem[X,0x80000196] -> 0x0030
[106] [M]: 0x80000194 (0x00302273) csrrs tp, fcsr, zero
CSR fcsr -> 0x00000090
x4 <- 0x00000090


mem[X,0x80000198] -> 0xA023
mem[X,0x8000019A] -> 0x03B0
[107] [M]: 0x80000198 (0x03B0A023) sw s11, 32(ra)
mem[0x80002334] <- 0xFFFFFFFF


mem[X,0x8000019C] -> 0xA223
mem[X,0x8000019E] -> 0x0240
[108] [M]: 0x8000019C (0x0240A223) sw tp, 36(ra)
mem[0x80002338] <- 0x00000090


mem[X,0x800001A0] -> 0xAD07
mem[X,0x800001A2] -> 0x0141
[109] [M]: 0x800001A0 (0x0141AD07) flw fs10, 20(gp)
mem[R,0x80002024] -> 0x00003249
f26 <- 0xFFFFFFFF00003249


mem[X,0x800001A4] -> 0x0113
mem[X,0x800001A6] -> 0x0000
[110] [M]: 0x800001A4 (0x00000113) addi sp, zero, 0
x2 <- 0x00000000


mem[X,0x800001A8] -> 0x1073
mem[X,0x800001AA] -> 0x0031
[111] [M]: 0x800001A8 (0x00311073) csrrw zero, fcsr, sp
CSR fcsr -> 0x00000090
CSR fcsr <- 0x00000000 (input: 0x00000000)


mem[X,0x800001AC] -> 0x7D53
mem[X,0x800001AE] -> 0xC41D
[112] [M]: 0x800001AC (0xC41D7D53) fcvt.wu.h s10, fs10, dyn
x26 <- 0xFFFFFFFF


mem[X,0x800001B0] -> 0x2273
mem[X,0x800001B2] -> 0x0030
[113] [M]: 0x800001B0 (0x00302273) csrrs tp, fcsr, zero
CSR fcsr -> 0x00000010
x4 <- 0x00000010


mem[X,0x800001B4] -> 0xA423
mem[X,0x800001B6] -> 0x03A0
[114] [M]: 0x800001B4 (0x03A0A423) sw s10, 40(ra)
mem[0x8000233C] <- 0xFFFFFFFF


mem[X,0x800001B8] -> 0xA623
mem[X,0x800001BA] -> 0x0240
[115] [M]: 0x800001B8 (0x0240A623) sw tp, 44(ra)
mem[0x80002340] <- 0x00000010


mem[X,0x800001BC] -> 0xAC87
mem[X,0x800001BE] -> 0x0181
[116] [M]: 0x800001BC (0x0181AC87) flw fs9, 24(gp)
mem[R,0x80002028] -> 0x00003249
f25 <- 0xFFFFFFFF00003249


mem[X,0x800001C0] -> 0x0113
mem[X,0x800001C2] -> 0x0200
[117] [M]: 0x800001C0 (0x02000113) addi sp, zero, 32
x2 <- 0x00000020


mem[X,0x800001C4] -> 0x1073
mem[X,0x800001C6] -> 0x0031
[118] [M]: 0x800001C4 (0x00311073) csrrw zero, fcsr, sp
CSR fcsr -> 0x00000010
CSR fcsr <- 0x00000020 (input: 0x00000020)


mem[X,0x800001C8] -> 0xFCD3
mem[X,0x800001CA] -> 0xC41C
[119] [M]: 0x800001C8 (0xC41CFCD3) fcvt.wu.h s9, fs9, dyn
x25 <- 0xFFFFFFFF


mem[X,0x800001CC] -> 0x2273
mem[X,0x800001CE] -> 0x0030
[120] [M]: 0x800001CC (0x00302273) csrrs tp, fcsr, zero
CSR fcsr -> 0x00000030
x4 <- 0x00000030


mem[X,0x800001D0] -> 0xA823
mem[X,0x800001D2] -> 0x0390
[121] [M]: 0x800001D0 (0x0390A823) sw s9, 48(ra)
mem[0x80002344] <- 0xFFFFFFFF


mem[X,0x800001D4] -> 0xAA23
mem[X,0x800001D6] -> 0x0240
[122] [M]: 0x800001D4 (0x0240AA23) sw tp, 52(ra)
mem[0x80002348] <- 0x00000030


mem[X,0x800001D8] -> 0xAC07
mem[X,0x800001DA] -> 0x01C1
[123] [M]: 0x800001D8 (0x01C1AC07) flw fs8, 28(gp)
mem[R,0x8000202C] -> 0x00003249
f24 <- 0xFFFFFFFF00003249


mem[X,0x800001DC] -> 0x0113
mem[X,0x800001DE] -> 0x0400
[124] [M]: 0x800001DC (0x04000113) addi sp, zero, 64
x2 <- 0x00000040


mem[X,0x800001E0] -> 0x1073
mem[X,0x800001E2] -> 0x0031
[125] [M]: 0x800001E0 (0x00311073) csrrw zero, fcsr, sp
CSR fcsr -> 0x00000030
CSR fcsr <- 0x00000040 (input: 0x00000040)


mem[X,0x800001E4] -> 0x7C53
mem[X,0x800001E6] -> 0xC41C
[126] [M]: 0x800001E4 (0xC41C7C53) fcvt.wu.h s8, fs8, dyn
x24 <- 0xFFFFFFFF


mem[X,0x800001E8] -> 0x2273
mem[X,0x800001EA] -> 0x0030
[127] [M]: 0x800001E8 (0x00302273) csrrs tp, fcsr, zero
CSR fcsr -> 0x00000050
x4 <- 0x00000050


mem[X,0x800001EC] -> 0xAC23
mem[X,0x800001EE] -> 0x0380
[128] [M]: 0x800001EC (0x0380AC23) sw s8, 56(ra)
mem[0x8000234C] <- 0xFFFFFFFF


mem[X,0x800001F0] -> 0xAE23
mem[X,0x800001F2] -> 0x0240
[129] [M]: 0x800001F0 (0x0240AE23) sw tp, 60(ra)
mem[0x80002350] <- 0x00000050


mem[X,0x800001F4] -> 0xAB87
mem[X,0x800001F6] -> 0x0201
[130] [M]: 0x800001F4 (0x0201AB87) flw fs7, 32(gp)
mem[R,0x80002030] -> 0x00003249
f23 <- 0xFFFFFFFF00003249


mem[X,0x800001F8] -> 0x0113
mem[X,0x800001FA] -> 0x0600
[131] [M]: 0x800001F8 (0x06000113) addi sp, zero, 96
x2 <- 0x00000060


mem[X,0x800001FC] -> 0x1073
mem[X,0x800001FE] -> 0x0031
[132] [M]: 0x800001FC (0x00311073) csrrw zero, fcsr, sp
CSR fcsr -> 0x00000050
CSR fcsr <- 0x00000060 (input: 0x00000060)


mem[X,0x80000200] -> 0xFBD3
mem[X,0x80000202] -> 0xC41B
[133] [M]: 0x80000200 (0xC41BFBD3) fcvt.wu.h s7, fs7, dyn
x23 <- 0xFFFFFFFF


mem[X,0x80000204] -> 0x2273
mem[X,0x80000206] -> 0x0030
[134] [M]: 0x80000204 (0x00302273) csrrs tp, fcsr, zero
CSR fcsr -> 0x00000070
x4 <- 0x00000070


mem[X,0x80000208] -> 0xA023
mem[X,0x8000020A] -> 0x0570
[135] [M]: 0x80000208 (0x0570A023) sw s7, 64(ra)
mem[0x80002354] <- 0xFFFFFFFF


mem[X,0x8000020C] -> 0xA223
mem[X,0x8000020E] -> 0x0440
[136] [M]: 0x8000020C (0x0440A223) sw tp, 68(ra)
mem[0x80002358] <- 0x00000070


mem[X,0x80000210] -> 0xAB07
mem[X,0x80000212] -> 0x0241
[137] [M]: 0x80000210 (0x0241AB07) flw fs6, 36(gp)
mem[R,0x80002034] -> 0x00003249
f22 <- 0xFFFFFFFF00003249


mem[X,0x80000214] -> 0x0113
mem[X,0x80000216] -> 0x0800
[138] [M]: 0x80000214 (0x08000113) addi sp, zero, 128
x2 <- 0x00000080


mem[X,0x80000218] -> 0x1073
mem[X,0x8000021A] -> 0x0031
[139] [M]: 0x80000218 (0x00311073) csrrw zero, fcsr, sp
CSR fcsr -> 0x00000070
CSR fcsr <- 0x00000080 (input: 0x00000080)


mem[X,0x8000021C] -> 0x7B53
mem[X,0x8000021E] -> 0xC41B
[140] [M]: 0x8000021C (0xC41B7B53) fcvt.wu.h s6, fs6, dyn
x22 <- 0xFFFFFFFF


mem[X,0x80000220] -> 0x2273
mem[X,0x80000222] -> 0x0030
[141] [M]: 0x80000220 (0x00302273) csrrs tp, fcsr, zero
CSR fcsr -> 0x00000090
x4 <- 0x00000090


mem[X,0x80000224] -> 0xA423
mem[X,0x80000226] -> 0x0560
[142] [M]: 0x80000224 (0x0560A423) sw s6, 72(ra)
mem[0x8000235C] <- 0xFFFFFFFF


mem[X,0x80000228] -> 0xA623
mem[X,0x8000022A] -> 0x0440
[143] [M]: 0x80000228 (0x0440A623) sw tp, 76(ra)
mem[0x80002360] <- 0x00000090


mem[X,0x8000022C] -> 0xAA87
mem[X,0x8000022E] -> 0x0281
[144] [M]: 0x8000022C (0x0281AA87) flw fs5, 40(gp)
mem[R,0x80002038] -> 0x0000324A
f21 <- 0xFFFFFFFF0000324A


mem[X,0x80000230] -> 0x0113
mem[X,0x80000232] -> 0x0000
[145] [M]: 0x80000230 (0x00000113) addi sp, zero, 0
x2 <- 0x00000000


mem[X,0x80000234] -> 0x1073
mem[X,0x80000236] -> 0x0031
[146] [M]: 0x80000234 (0x00311073) csrrw zero, fcsr, sp
CSR fcsr -> 0x00000090
CSR fcsr <- 0x00000000 (input: 0x00000000)


mem[X,0x80000238] -> 0xFAD3
mem[X,0x8000023A] -> 0xC41A
[147] [M]: 0x80000238 (0xC41AFAD3) fcvt.wu.h s5, fs5, dyn
x21 <- 0xFFFFFFFF


mem[X,0x8000023C] -> 0x2273
mem[X,0x8000023E] -> 0x0030
[148] [M]: 0x8000023C (0x00302273) csrrs tp, fcsr, zero
CSR fcsr -> 0x00000010
x4 <- 0x00000010


mem[X,0x80000240] -> 0xA823
mem[X,0x80000242] -> 0x0550
[149] [M]: 0x80000240 (0x0550A823) sw s5, 80(ra)
mem[0x80002364] <- 0xFFFFFFFF


mem[X,0x80000244] -> 0xAA23
mem[X,0x80000246] -> 0x0440
[150] [M]: 0x80000244 (0x0440AA23) sw tp, 84(ra)
mem[0x80002368] <- 0x00000010


mem[X,0x80000248] -> 0xAA07
mem[X,0x8000024A] -> 0x02C1
[151] [M]: 0x80000248 (0x02C1AA07) flw fs4, 44(gp)
mem[R,0x8000203C] -> 0x0000324A
f20 <- 0xFFFFFFFF0000324A


mem[X,0x8000024C] -> 0x0113
mem[X,0x8000024E] -> 0x0200
[152] [M]: 0x8000024C (0x02000113) addi sp, zero, 32
x2 <- 0x00000020


mem[X,0x80000250] -> 0x1073
mem[X,0x80000252] -> 0x0031
[153] [M]: 0x80000250 (0x00311073) csrrw zero, fcsr, sp
CSR fcsr -> 0x00000010
CSR fcsr <- 0x00000020 (input: 0x00000020)


mem[X,0x80000254] -> 0x7A53
mem[X,0x80000256] -> 0xC41A
[154] [M]: 0x80000254 (0xC41A7A53) fcvt.wu.h s4, fs4, dyn
x20 <- 0xFFFFFFFF


mem[X,0x80000258] -> 0x2273
mem[X,0x8000025A] -> 0x0030
[155] [M]: 0x80000258 (0x00302273) csrrs tp, fcsr, zero
CSR fcsr -> 0x00000030
x4 <- 0x00000030


mem[X,0x8000025C] -> 0xAC23
mem[X,0x8000025E] -> 0x0540
[156] [M]: 0x8000025C (0x0540AC23) sw s4, 88(ra)
mem[0x8000236C] <- 0xFFFFFFFF


mem[X,0x80000260] -> 0xAE23
mem[X,0x80000262] -> 0x0440
[157] [M]: 0x80000260 (0x0440AE23) sw tp, 92(ra)
mem[0x80002370] <- 0x00000030


mem[X,0x80000264] -> 0xA987
mem[X,0x80000266] -> 0x0301
[158] [M]: 0x80000264 (0x0301A987) flw fs3, 48(gp)
mem[R,0x80002040] -> 0x0000324A
f19 <- 0xFFFFFFFF0000324A


mem[X,0x80000268] -> 0x0113
mem[X,0x8000026A] -> 0x0400
[159] [M]: 0x80000268 (0x04000113) addi sp, zero, 64
x2 <- 0x00000040


mem[X,0x8000026C] -> 0x1073
mem[X,0x8000026E] -> 0x0031
[160] [M]: 0x8000026C (0x00311073) csrrw zero, fcsr, sp
CSR fcsr -> 0x00000030
CSR fcsr <- 0x00000040 (input: 0x00000040)


mem[X,0x80000270] -> 0xF9D3
mem[X,0x80000272] -> 0xC419
[161] [M]: 0x80000270 (0xC419F9D3) fcvt.wu.h s3, fs3, dyn
x19 <- 0xFFFFFFFF


mem[X,0x80000274] -> 0x2273
mem[X,0x80000276] -> 0x0030
[162] [M]: 0x80000274 (0x00302273) csrrs tp, fcsr, zero
CSR fcsr -> 0x00000050
x4 <- 0x00000050


mem[X,0x80000278] -> 0xA023
mem[X,0x8000027A] -> 0x0730
[163] [M]: 0x80000278 (0x0730A023) sw s3, 96(ra)
mem[0x80002374] <- 0xFFFFFFFF


mem[X,0x8000027C] -> 0xA223
mem[X,0x8000027E] -> 0x0640
[164] [M]: 0x8000027C (0x0640A223) sw tp, 100(ra)
mem[0x80002378] <- 0x00000050


mem[X,0x80000280] -> 0xA907
mem[X,0x80000282] -> 0x0341
[165] [M]: 0x80000280 (0x0341A907) flw fs2, 52(gp)
mem[R,0x80002044] -> 0x0000324A
f18 <- 0xFFFFFFFF0000324A


mem[X,0x80000284] -> 0x0113
mem[X,0x80000286] -> 0x0600
[166] [M]: 0x80000284 (0x06000113) addi sp, zero, 96
x2 <- 0x00000060


mem[X,0x80000288] -> 0x1073
mem[X,0x8000028A] -> 0x0031
[167] [M]: 0x80000288 (0x00311073) csrrw zero, fcsr, sp
CSR fcsr -> 0x00000050
CSR fcsr <- 0x00000060 (input: 0x00000060)


mem[X,0x8000028C] -> 0x7953
mem[X,0x8000028E] -> 0xC419
[168] [M]: 0x8000028C (0xC4197953) fcvt.wu.h s2, fs2, dyn
x18 <- 0xFFFFFFFF


mem[X,0x80000290] -> 0x2273
mem[X,0x80000292] -> 0x0030
[169] [M]: 0x80000290 (0x00302273) csrrs tp, fcsr, zero
CSR fcsr -> 0x00000070
x4 <- 0x00000070


mem[X,0x80000294] -> 0xA423
mem[X,0x80000296] -> 0x0720
[170] [M]: 0x80000294 (0x0720A423) sw s2, 104(ra)
mem[0x8000237C] <- 0xFFFFFFFF


mem[X,0x80000298] -> 0xA623
mem[X,0x8000029A] -> 0x0640
[171] [M]: 0x80000298 (0x0640A623) sw tp, 108(ra)
mem[0x80002380] <- 0x00000070


mem[X,0x8000029C] -> 0xA887
mem[X,0x8000029E] -> 0x0381
[172] [M]: 0x8000029C (0x0381A887) flw fa7, 56(gp)
mem[R,0x80002048] -> 0x0000324A
f17 <- 0xFFFFFFFF0000324A


mem[X,0x800002A0] -> 0x0113
mem[X,0x800002A2] -> 0x0800
[173] [M]: 0x800002A0 (0x08000113) addi sp, zero, 128
x2 <- 0x00000080


mem[X,0x800002A4] -> 0x1073
mem[X,0x800002A6] -> 0x0031
[174] [M]: 0x800002A4 (0x00311073) csrrw zero, fcsr, sp
CSR fcsr -> 0x00000070
CSR fcsr <- 0x00000080 (input: 0x00000080)


mem[X,0x800002A8] -> 0xF8D3
mem[X,0x800002AA] -> 0xC418
[175] [M]: 0x800002A8 (0xC418F8D3) fcvt.wu.h a7, fa7, dyn
x17 <- 0xFFFFFFFF


mem[X,0x800002AC] -> 0x2273
mem[X,0x800002AE] -> 0x0030
[176] [M]: 0x800002AC (0x00302273) csrrs tp, fcsr, zero
CSR fcsr -> 0x00000090
x4 <- 0x00000090


mem[X,0x800002B0] -> 0xA823
mem[X,0x800002B2] -> 0x0710
[177] [M]: 0x800002B0 (0x0710A823) sw a7, 112(ra)
mem[0x80002384] <- 0xFFFFFFFF


mem[X,0x800002B4] -> 0xAA23
mem[X,0x800002B6] -> 0x0640
[178] [M]: 0x800002B4 (0x0640AA23) sw tp, 116(ra)
mem[0x80002388] <- 0x00000090


mem[X,0x800002B8] -> 0xA807
mem[X,0x800002BA] -> 0x03C1
[179] [M]: 0x800002B8 (0x03C1A807) flw fa6, 60(gp)
mem[R,0x8000204C] -> 0x0000324B
f16 <- 0xFFFFFFFF0000324B


mem[X,0x800002BC] -> 0x0113
mem[X,0x800002BE] -> 0x0000
[180] [M]: 0x800002BC (0x00000113) addi sp, zero, 0
x2 <- 0x00000000


mem[X,0x800002C0] -> 0x1073
mem[X,0x800002C2] -> 0x0031
[181] [M]: 0x800002C0 (0x00311073) csrrw zero, fcsr, sp
CSR fcsr -> 0x00000090
CSR fcsr <- 0x00000000 (input: 0x00000000)


mem[X,0x800002C4] -> 0x7853
mem[X,0x800002C6] -> 0xC418
[182] [M]: 0x800002C4 (0xC4187853) fcvt.wu.h a6, fa6, dyn
x16 <- 0xFFFFFFFF


mem[X,0x800002C8] -> 0x2273
mem[X,0x800002CA] -> 0x0030
[183] [M]: 0x800002C8 (0x00302273) csrrs tp, fcsr, zero
CSR fcsr -> 0x00000010
x4 <- 0x00000010


mem[X,0x800002CC] -> 0xAC23
mem[X,0x800002CE] -> 0x0700
[184] [M]: 0x800002CC (0x0700AC23) sw a6, 120(ra)
mem[0x8000238C] <- 0xFFFFFFFF


mem[X,0x800002D0] -> 0xAE23
mem[X,0x800002D2] -> 0x0640
[185] [M]: 0x800002D0 (0x0640AE23) sw tp, 124(ra)
mem[0x80002390] <- 0x00000010


mem[X,0x800002D4] -> 0xA787
mem[X,0x800002D6] -> 0x0401
[186] [M]: 0x800002D4 (0x0401A787) flw fa5, 64(gp)
mem[R,0x80002050] -> 0x0000324B
f15 <- 0xFFFFFFFF0000324B


mem[X,0x800002D8] -> 0x0113
mem[X,0x800002DA] -> 0x0200
[187] [M]: 0x800002D8 (0x02000113) addi sp, zero, 32
x2 <- 0x00000020


mem[X,0x800002DC] -> 0x1073
mem[X,0x800002DE] -> 0x0031
[188] [M]: 0x800002DC (0x00311073) csrrw zero, fcsr, sp
CSR fcsr -> 0x00000010
CSR fcsr <- 0x00000020 (input: 0x00000020)


mem[X,0x800002E0] -> 0xF7D3
mem[X,0x800002E2] -> 0xC417
[189] [M]: 0x800002E0 (0xC417F7D3) fcvt.wu.h a5, fa5, dyn
x15 <- 0xFFFFFFFF


mem[X,0x800002E4] -> 0x2273
mem[X,0x800002E6] -> 0x0030
[190] [M]: 0x800002E4 (0x00302273) csrrs tp, fcsr, zero
CSR fcsr -> 0x00000030
x4 <- 0x00000030


mem[X,0x800002E8] -> 0xA023
mem[X,0x800002EA] -> 0x08F0
[191] [M]: 0x800002E8 (0x08F0A023) sw a5, 128(ra)
mem[0x80002394] <- 0xFFFFFFFF


mem[X,0x800002EC] -> 0xA223
mem[X,0x800002EE] -> 0x0840
[192] [M]: 0x800002EC (0x0840A223) sw tp, 132(ra)
mem[0x80002398] <- 0x00000030


mem[X,0x800002F0] -> 0xA707
mem[X,0x800002F2] -> 0x0441
[193] [M]: 0x800002F0 (0x0441A707) flw fa4, 68(gp)
mem[R,0x80002054] -> 0x0000324B
f14 <- 0xFFFFFFFF0000324B


mem[X,0x800002F4] -> 0x0113
mem[X,0x800002F6] -> 0x0400
[194] [M]: 0x800002F4 (0x04000113) addi sp, zero, 64
x2 <- 0x00000040


mem[X,0x800002F8] -> 0x1073
mem[X,0x800002FA] -> 0x0031
[195] [M]: 0x800002F8 (0x00311073) csrrw zero, fcsr, sp
CSR fcsr -> 0x00000030
CSR fcsr <- 0x00000040 (input: 0x00000040)


mem[X,0x800002FC] -> 0x7753
mem[X,0x800002FE] -> 0xC417
[196] [M]: 0x800002FC (0xC4177753) fcvt.wu.h a4, fa4, dyn
x14 <- 0xFFFFFFFF


mem[X,0x80000300] -> 0x2273
mem[X,0x80000302] -> 0x0030
[197] [M]: 0x80000300 (0x00302273) csrrs tp, fcsr, zero
CSR fcsr -> 0x00000050
x4 <- 0x00000050


mem[X,0x80000304] -> 0xA423
mem[X,0x80000306] -> 0x08E0
[198] [M]: 0x80000304 (0x08E0A423) sw a4, 136(ra)
mem[0x8000239C] <- 0xFFFFFFFF


mem[X,0x80000308] -> 0xA623
mem[X,0x8000030A] -> 0x0840
[199] [M]: 0x80000308 (0x0840A623) sw tp, 140(ra)
mem[0x800023A0] <- 0x00000050


clint::tick mtime <- 0x0000000000000002
 clint timer pending at mtime 0x0000000000000002
htif::tick 0x0000000000000000
mem[X,0x8000030C] -> 0xA687
mem[X,0x8000030E] -> 0x0481
[200] [M]: 0x8000030C (0x0481A687) flw fa3, 72(gp)
mem[R,0x80002058] -> 0x0000324B
f13 <- 0xFFFFFFFF0000324B


mem[X,0x80000310] -> 0x0113
mem[X,0x80000312] -> 0x0600
[201] [M]: 0x80000310 (0x06000113) addi sp, zero, 96
x2 <- 0x00000060


mem[X,0x80000314] -> 0x1073
mem[X,0x80000316] -> 0x0031
[202] [M]: 0x80000314 (0x00311073) csrrw zero, fcsr, sp
CSR fcsr -> 0x00000050
CSR fcsr <- 0x00000060 (input: 0x00000060)


mem[X,0x80000318] -> 0xF6D3
mem[X,0x8000031A] -> 0xC416
[203] [M]: 0x80000318 (0xC416F6D3) fcvt.wu.h a3, fa3, dyn
x13 <- 0xFFFFFFFF


mem[X,0x8000031C] -> 0x2273
mem[X,0x8000031E] -> 0x0030
[204] [M]: 0x8000031C (0x00302273) csrrs tp, fcsr, zero
CSR fcsr -> 0x00000070
x4 <- 0x00000070


mem[X,0x80000320] -> 0xA823
mem[X,0x80000322] -> 0x08D0
[205] [M]: 0x80000320 (0x08D0A823) sw a3, 144(ra)
mem[0x800023A4] <- 0xFFFFFFFF


mem[X,0x80000324] -> 0xAA23
mem[X,0x80000326] -> 0x0840
[206] [M]: 0x80000324 (0x0840AA23) sw tp, 148(ra)
mem[0x800023A8] <- 0x00000070


mem[X,0x80000328] -> 0xA607
mem[X,0x8000032A] -> 0x04C1
[207] [M]: 0x80000328 (0x04C1A607) flw fa2, 76(gp)
mem[R,0x8000205C] -> 0x0000324B
f12 <- 0xFFFFFFFF0000324B


mem[X,0x8000032C] -> 0x0113
mem[X,0x8000032E] -> 0x0800
[208] [M]: 0x8000032C (0x08000113) addi sp, zero, 128
x2 <- 0x00000080


mem[X,0x80000330] -> 0x1073
mem[X,0x80000332] -> 0x0031
[209] [M]: 0x80000330 (0x00311073) csrrw zero, fcsr, sp
CSR fcsr -> 0x00000070
CSR fcsr <- 0x00000080 (input: 0x00000080)


mem[X,0x80000334] -> 0x7653
mem[X,0x80000336] -> 0xC416
[210] [M]: 0x80000334 (0xC4167653) fcvt.wu.h a2, fa2, dyn
x12 <- 0xFFFFFFFF


mem[X,0x80000338] -> 0x2273
mem[X,0x8000033A] -> 0x0030
[211] [M]: 0x80000338 (0x00302273) csrrs tp, fcsr, zero
CSR fcsr -> 0x00000090
x4 <- 0x00000090


mem[X,0x8000033C] -> 0xAC23
mem[X,0x8000033E] -> 0x08C0
[212] [M]: 0x8000033C (0x08C0AC23) sw a2, 152(ra)
mem[0x800023AC] <- 0xFFFFFFFF


mem[X,0x80000340] -> 0xAE23
mem[X,0x80000342] -> 0x0840
[213] [M]: 0x80000340 (0x0840AE23) sw tp, 156(ra)
mem[0x800023B0] <- 0x00000090


mem[X,0x80000344] -> 0xA587
mem[X,0x80000346] -> 0x0501
[214] [M]: 0x80000344 (0x0501A587) flw fa1, 80(gp)
mem[R,0x80002060] -> 0x0000324C
f11 <- 0xFFFFFFFF0000324C


mem[X,0x80000348] -> 0x0113
mem[X,0x8000034A] -> 0x0000
[215] [M]: 0x80000348 (0x00000113) addi sp, zero, 0
x2 <- 0x00000000


mem[X,0x8000034C] -> 0x1073
mem[X,0x8000034E] -> 0x0031
[216] [M]: 0x8000034C (0x00311073) csrrw zero, fcsr, sp
CSR fcsr -> 0x00000090
CSR fcsr <- 0x00000000 (input: 0x00000000)


mem[X,0x80000350] -> 0xF5D3
mem[X,0x80000352] -> 0xC415
[217] [M]: 0x80000350 (0xC415F5D3) fcvt.wu.h a1, fa1, dyn
x11 <- 0xFFFFFFFF


mem[X,0x80000354] -> 0x2273
mem[X,0x80000356] -> 0x0030
[218] [M]: 0x80000354 (0x00302273) csrrs tp, fcsr, zero
CSR fcsr -> 0x00000010
x4 <- 0x00000010


mem[X,0x80000358] -> 0xA023
mem[X,0x8000035A] -> 0x0AB0
[219] [M]: 0x80000358 (0x0AB0A023) sw a1, 160(ra)
mem[0x800023B4] <- 0xFFFFFFFF


mem[X,0x8000035C] -> 0xA223
mem[X,0x8000035E] -> 0x0A40
[220] [M]: 0x8000035C (0x0A40A223) sw tp, 164(ra)
mem[0x800023B8] <- 0x00000010


mem[X,0x80000360] -> 0xA507
mem[X,0x80000362] -> 0x0541
[221] [M]: 0x80000360 (0x0541A507) flw fa0, 84(gp)
mem[R,0x80002064] -> 0x0000324C
f10 <- 0xFFFFFFFF0000324C


mem[X,0x80000364] -> 0x0113
mem[X,0x80000366] -> 0x0200
[222] [M]: 0x80000364 (0x02000113) addi sp, zero, 32
x2 <- 0x00000020


mem[X,0x80000368] -> 0x1073
mem[X,0x8000036A] -> 0x0031
[223] [M]: 0x80000368 (0x00311073) csrrw zero, fcsr, sp
CSR fcsr -> 0x00000010
CSR fcsr <- 0x00000020 (input: 0x00000020)


mem[X,0x8000036C] -> 0x7553
mem[X,0x8000036E] -> 0xC415
[224] [M]: 0x8000036C (0xC4157553) fcvt.wu.h a0, fa0, dyn
x10 <- 0xFFFFFFFF


mem[X,0x80000370] -> 0x2273
mem[X,0x80000372] -> 0x0030
[225] [M]: 0x80000370 (0x00302273) csrrs tp, fcsr, zero
CSR fcsr -> 0x00000030
x4 <- 0x00000030


mem[X,0x80000374] -> 0xA423
mem[X,0x80000376] -> 0x0AA0
[226] [M]: 0x80000374 (0x0AA0A423) sw a0, 168(ra)
mem[0x800023BC] <- 0xFFFFFFFF


mem[X,0x80000378] -> 0xA623
mem[X,0x8000037A] -> 0x0A40
[227] [M]: 0x80000378 (0x0A40A623) sw tp, 172(ra)
mem[0x800023C0] <- 0x00000030


mem[X,0x8000037C] -> 0xA487
mem[X,0x8000037E] -> 0x0581
[228] [M]: 0x8000037C (0x0581A487) flw fs1, 88(gp)
mem[R,0x80002068] -> 0x0000324C
f9 <- 0xFFFFFFFF0000324C


mem[X,0x80000380] -> 0x0113
mem[X,0x80000382] -> 0x0400
[229] [M]: 0x80000380 (0x04000113) addi sp, zero, 64
x2 <- 0x00000040


mem[X,0x80000384] -> 0x1073
mem[X,0x80000386] -> 0x0031
[230] [M]: 0x80000384 (0x00311073) csrrw zero, fcsr, sp
CSR fcsr -> 0x00000030
CSR fcsr <- 0x00000040 (input: 0x00000040)


mem[X,0x80000388] -> 0xF4D3
mem[X,0x8000038A] -> 0xC414
[231] [M]: 0x80000388 (0xC414F4D3) fcvt.wu.h s1, fs1, dyn
x9 <- 0xFFFFFFFF


mem[X,0x8000038C] -> 0x2273
mem[X,0x8000038E] -> 0x0030
[232] [M]: 0x8000038C (0x00302273) csrrs tp, fcsr, zero
CSR fcsr -> 0x00000050
x4 <- 0x00000050


mem[X,0x80000390] -> 0xA823
mem[X,0x80000392] -> 0x0A90
[233] [M]: 0x80000390 (0x0A90A823) sw s1, 176(ra)
mem[0x800023C4] <- 0xFFFFFFFF


mem[X,0x80000394] -> 0xAA23
mem[X,0x80000396] -> 0x0A40
[234] [M]: 0x80000394 (0x0A40AA23) sw tp, 180(ra)
mem[0x800023C8] <- 0x00000050


mem[X,0x80000398] -> 0xA407
mem[X,0x8000039A] -> 0x05C1
[235] [M]: 0x80000398 (0x05C1A407) flw fs0, 92(gp)
mem[R,0x8000206C] -> 0x0000324C
f8 <- 0xFFFFFFFF0000324C


mem[X,0x8000039C] -> 0x0113
mem[X,0x8000039E] -> 0x0600
[236] [M]: 0x8000039C (0x06000113) addi sp, zero, 96
x2 <- 0x00000060


mem[X,0x800003A0] -> 0x1073
mem[X,0x800003A2] -> 0x0031
[237] [M]: 0x800003A0 (0x00311073) csrrw zero, fcsr, sp
CSR fcsr -> 0x00000050
CSR fcsr <- 0x00000060 (input: 0x00000060)


mem[X,0x800003A4] -> 0x7453
mem[X,0x800003A6] -> 0xC414
[238] [M]: 0x800003A4 (0xC4147453) fcvt.wu.h fp, fs0, dyn
x8 <- 0xFFFFFFFF


mem[X,0x800003A8] -> 0x2273
mem[X,0x800003AA] -> 0x0030
[239] [M]: 0x800003A8 (0x00302273) csrrs tp, fcsr, zero
CSR fcsr -> 0x00000070
x4 <- 0x00000070


mem[X,0x800003AC] -> 0xAC23
mem[X,0x800003AE] -> 0x0A80
[240] [M]: 0x800003AC (0x0A80AC23) sw fp, 184(ra)
mem[0x800023CC] <- 0xFFFFFFFF


mem[X,0x800003B0] -> 0xAE23
mem[X,0x800003B2] -> 0x0A40
[241] [M]: 0x800003B0 (0x0A40AE23) sw tp, 188(ra)
mem[0x800023D0] <- 0x00000070


mem[X,0x800003B4] -> 0x2417
mem[X,0x800003B6] -> 0x0000
[242] [M]: 0x800003B4 (0x00002417) auipc fp, 2
x8 <- 0x800023B4


mem[X,0x800003B8] -> 0x0413
mem[X,0x800003BA] -> 0xCBC4
[243] [M]: 0x800003B8 (0xCBC40413) addi fp, fp, 3260
x8 <- 0x80002070


mem[X,0x800003BC] -> 0x2387
mem[X,0x800003BE] -> 0x0004
[244] [M]: 0x800003BC (0x00042387) flw ft7, 0(fp)
mem[R,0x80002070] -> 0x0000324C
f7 <- 0xFFFFFFFF0000324C


mem[X,0x800003C0] -> 0x0113
mem[X,0x800003C2] -> 0x0800
[245] [M]: 0x800003C0 (0x08000113) addi sp, zero, 128
x2 <- 0x00000080


mem[X,0x800003C4] -> 0x1073
mem[X,0x800003C6] -> 0x0031
[246] [M]: 0x800003C4 (0x00311073) csrrw zero, fcsr, sp
CSR fcsr -> 0x00000070
CSR fcsr <- 0x00000080 (input: 0x00000080)


mem[X,0x800003C8] -> 0xF3D3
mem[X,0x800003CA] -> 0xC413
[247] [M]: 0x800003C8 (0xC413F3D3) fcvt.wu.h t2, ft7, dyn
x7 <- 0xFFFFFFFF


mem[X,0x800003CC] -> 0x24F3
mem[X,0x800003CE] -> 0x0030
[248] [M]: 0x800003CC (0x003024F3) csrrs s1, fcsr, zero
CSR fcsr -> 0x00000090
x9 <- 0x00000090


mem[X,0x800003D0] -> 0xA023
mem[X,0x800003D2] -> 0x0C70
[249] [M]: 0x800003D0 (0x0C70A023) sw t2, 192(ra)
mem[0x800023D4] <- 0xFFFFFFFF


mem[X,0x800003D4] -> 0xA223
mem[X,0x800003D6] -> 0x0C90
[250] [M]: 0x800003D4 (0x0C90A223) sw s1, 196(ra)
mem[0x800023D8] <- 0x00000090


mem[X,0x800003D8] -> 0x2307
mem[X,0x800003DA] -> 0x0044
[251] [M]: 0x800003D8 (0x00442307) flw ft6, 4(fp)
mem[R,0x80002074] -> 0x0000324D
f6 <- 0xFFFFFFFF0000324D


mem[X,0x800003DC] -> 0x0113
mem[X,0x800003DE] -> 0x0000
[252] [M]: 0x800003DC (0x00000113) addi sp, zero, 0
x2 <- 0x00000000


mem[X,0x800003E0] -> 0x1073
mem[X,0x800003E2] -> 0x0031
[253] [M]: 0x800003E0 (0x00311073) csrrw zero, fcsr, sp
CSR fcsr -> 0x00000090
CSR fcsr <- 0x00000000 (input: 0x00000000)


mem[X,0x800003E4] -> 0x7353
mem[X,0x800003E6] -> 0xC413
[254] [M]: 0x800003E4 (0xC4137353) fcvt.wu.h t1, ft6, dyn
x6 <- 0xFFFFFFFF


mem[X,0x800003E8] -> 0x24F3
mem[X,0x800003EA] -> 0x0030
[255] [M]: 0x800003E8 (0x003024F3) csrrs s1, fcsr, zero
CSR fcsr -> 0x00000010
x9 <- 0x00000010


mem[X,0x800003EC] -> 0xA423
mem[X,0x800003EE] -> 0x0C60
[256] [M]: 0x800003EC (0x0C60A423) sw t1, 200(ra)
mem[0x800023DC] <- 0xFFFFFFFF


mem[X,0x800003F0] -> 0xA623
mem[X,0x800003F2] -> 0x0C90
[257] [M]: 0x800003F0 (0x0C90A623) sw s1, 204(ra)
mem[0x800023E0] <- 0x00000010


mem[X,0x800003F4] -> 0x2287
mem[X,0x800003F6] -> 0x0084
[258] [M]: 0x800003F4 (0x00842287) flw ft5, 8(fp)
mem[R,0x80002078] -> 0x0000324D
f5 <- 0xFFFFFFFF0000324D


mem[X,0x800003F8] -> 0x0313
mem[X,0x800003FA] -> 0x0200
[259] [M]: 0x800003F8 (0x02000313) addi t1, zero, 32
x6 <- 0x00000020


mem[X,0x800003FC] -> 0x1073
mem[X,0x800003FE] -> 0x0033
[260] [M]: 0x800003FC (0x00331073) csrrw zero, fcsr, t1
CSR fcsr -> 0x00000010
CSR fcsr <- 0x00000020 (input: 0x00000020)


mem[X,0x80000400] -> 0xF2D3
mem[X,0x80000402] -> 0xC412
[261] [M]: 0x80000400 (0xC412F2D3) fcvt.wu.h t0, ft5, dyn
x5 <- 0xFFFFFFFF


mem[X,0x80000404] -> 0x24F3
mem[X,0x80000406] -> 0x0030
[262] [M]: 0x80000404 (0x003024F3) csrrs s1, fcsr, zero
CSR fcsr -> 0x00000030
x9 <- 0x00000030


mem[X,0x80000408] -> 0xA823
mem[X,0x8000040A] -> 0x0C50
[263] [M]: 0x80000408 (0x0C50A823) sw t0, 208(ra)
mem[0x800023E4] <- 0xFFFFFFFF


mem[X,0x8000040C] -> 0xAA23
mem[X,0x8000040E] -> 0x0C90
[264] [M]: 0x8000040C (0x0C90AA23) sw s1, 212(ra)
mem[0x800023E8] <- 0x00000030


mem[X,0x80000410] -> 0x2297
mem[X,0x80000412] -> 0x0000
[265] [M]: 0x80000410 (0x00002297) auipc t0, 2
x5 <- 0x80002410


mem[X,0x80000414] -> 0x8293
mem[X,0x80000416] -> 0xFDC2
[266] [M]: 0x80000414 (0xFDC28293) addi t0, t0, 4060
x5 <- 0x800023EC


mem[X,0x80000418] -> 0x2207
mem[X,0x8000041A] -> 0x00C4
[267] [M]: 0x80000418 (0x00C42207) flw ft4, 12(fp)
mem[R,0x8000207C] -> 0x0000324D
f4 <- 0xFFFFFFFF0000324D


mem[X,0x8000041C] -> 0x0313
mem[X,0x8000041E] -> 0x0400
[268] [M]: 0x8000041C (0x04000313) addi t1, zero, 64
x6 <- 0x00000040


mem[X,0x80000420] -> 0x1073
mem[X,0x80000422] -> 0x0033
[269] [M]: 0x80000420 (0x00331073) csrrw zero, fcsr, t1
CSR fcsr -> 0x00000030
CSR fcsr <- 0x00000040 (input: 0x00000040)


mem[X,0x80000424] -> 0x7253
mem[X,0x80000426] -> 0xC412
[270] [M]: 0x80000424 (0xC4127253) fcvt.wu.h tp, ft4, dyn
x4 <- 0xFFFFFFFF


mem[X,0x80000428] -> 0x24F3
mem[X,0x8000042A] -> 0x0030
[271] [M]: 0x80000428 (0x003024F3) csrrs s1, fcsr, zero
CSR fcsr -> 0x00000050
x9 <- 0x00000050


mem[X,0x8000042C] -> 0xA023
mem[X,0x8000042E] -> 0x0042
[272] [M]: 0x8000042C (0x0042A023) sw tp, 0(t0)
mem[0x800023EC] <- 0xFFFFFFFF


mem[X,0x80000430] -> 0xA223
mem[X,0x80000432] -> 0x0092
[273] [M]: 0x80000430 (0x0092A223) sw s1, 4(t0)
mem[0x800023F0] <- 0x00000050


mem[X,0x80000434] -> 0x2187
mem[X,0x80000436] -> 0x0104
[274] [M]: 0x80000434 (0x01042187) flw ft3, 16(fp)
mem[R,0x80002080] -> 0x0000324D
f3 <- 0xFFFFFFFF0000324D


mem[X,0x80000438] -> 0x0313
mem[X,0x8000043A] -> 0x0600
[275] [M]: 0x80000438 (0x06000313) addi t1, zero, 96
x6 <- 0x00000060


mem[X,0x8000043C] -> 0x1073
mem[X,0x8000043E] -> 0x0033
[276] [M]: 0x8000043C (0x00331073) csrrw zero, fcsr, t1
CSR fcsr -> 0x00000050
CSR fcsr <- 0x00000060 (input: 0x00000060)


mem[X,0x80000440] -> 0xF1D3
mem[X,0x80000442] -> 0xC411
[277] [M]: 0x80000440 (0xC411F1D3) fcvt.wu.h gp, ft3, dyn
x3 <- 0xFFFFFFFF


mem[X,0x80000444] -> 0x24F3
mem[X,0x80000446] -> 0x0030
[278] [M]: 0x80000444 (0x003024F3) csrrs s1, fcsr, zero
CSR fcsr -> 0x00000070
x9 <- 0x00000070


mem[X,0x80000448] -> 0xA423
mem[X,0x8000044A] -> 0x0032
[279] [M]: 0x80000448 (0x0032A423) sw gp, 8(t0)
mem[0x800023F4] <- 0xFFFFFFFF


mem[X,0x8000044C] -> 0xA623
mem[X,0x8000044E] -> 0x0092
[280] [M]: 0x8000044C (0x0092A623) sw s1, 12(t0)
mem[0x800023F8] <- 0x00000070


mem[X,0x80000450] -> 0x2107
mem[X,0x80000452] -> 0x0144
[281] [M]: 0x80000450 (0x01442107) flw ft2, 20(fp)
mem[R,0x80002084] -> 0x0000324D
f2 <- 0xFFFFFFFF0000324D


mem[X,0x80000454] -> 0x0313
mem[X,0x80000456] -> 0x0800
[282] [M]: 0x80000454 (0x08000313) addi t1, zero, 128
x6 <- 0x00000080


mem[X,0x80000458] -> 0x1073
mem[X,0x8000045A] -> 0x0033
[283] [M]: 0x80000458 (0x00331073) csrrw zero, fcsr, t1
CSR fcsr -> 0x00000070
CSR fcsr <- 0x00000080 (input: 0x00000080)


mem[X,0x8000045C] -> 0x7153
mem[X,0x8000045E] -> 0xC411
[284] [M]: 0x8000045C (0xC4117153) fcvt.wu.h sp, ft2, dyn
x2 <- 0xFFFFFFFF


mem[X,0x80000460] -> 0x24F3
mem[X,0x80000462] -> 0x0030
[285] [M]: 0x80000460 (0x003024F3) csrrs s1, fcsr, zero
CSR fcsr -> 0x00000090
x9 <- 0x00000090


mem[X,0x80000464] -> 0xA823
mem[X,0x80000466] -> 0x0022
[286] [M]: 0x80000464 (0x0022A823) sw sp, 16(t0)
mem[0x800023FC] <- 0xFFFFFFFF


mem[X,0x80000468] -> 0xAA23
mem[X,0x8000046A] -> 0x0092
[287] [M]: 0x80000468 (0x0092AA23) sw s1, 20(t0)
mem[0x80002400] <- 0x00000090


mem[X,0x8000046C] -> 0x2087
mem[X,0x8000046E] -> 0x0184
[288] [M]: 0x8000046C (0x01842087) flw ft1, 24(fp)
mem[R,0x80002088] -> 0x0000324E
f1 <- 0xFFFFFFFF0000324E


mem[X,0x80000470] -> 0x0313
mem[X,0x80000472] -> 0x0000
[289] [M]: 0x80000470 (0x00000313) addi t1, zero, 0
x6 <- 0x00000000


mem[X,0x80000474] -> 0x1073
mem[X,0x80000476] -> 0x0033
[290] [M]: 0x80000474 (0x00331073) csrrw zero, fcsr, t1
CSR fcsr -> 0x00000090
CSR fcsr <- 0x00000000 (input: 0x00000000)


mem[X,0x80000478] -> 0xF0D3
mem[X,0x8000047A] -> 0xC410
[291] [M]: 0x80000478 (0xC410F0D3) fcvt.wu.h ra, ft1, dyn
x1 <- 0xFFFFFFFF


mem[X,0x8000047C] -> 0x24F3
mem[X,0x8000047E] -> 0x0030
[292] [M]: 0x8000047C (0x003024F3) csrrs s1, fcsr, zero
CSR fcsr -> 0x00000010
x9 <- 0x00000010


mem[X,0x80000480] -> 0xAC23
mem[X,0x80000482] -> 0x0012
[293] [M]: 0x80000480 (0x0012AC23) sw ra, 24(t0)
mem[0x80002404] <- 0xFFFFFFFF


mem[X,0x80000484] -> 0xAE23
mem[X,0x80000486] -> 0x0092
[294] [M]: 0x80000484 (0x0092AE23) sw s1, 28(t0)
mem[0x80002408] <- 0x00000010


mem[X,0x80000488] -> 0x2007
mem[X,0x8000048A] -> 0x01C4
[295] [M]: 0x80000488 (0x01C42007) flw ft0, 28(fp)
mem[R,0x8000208C] -> 0x0000324E
f0 <- 0xFFFFFFFF0000324E


mem[X,0x8000048C] -> 0x0313
mem[X,0x8000048E] -> 0x0200
[296] [M]: 0x8000048C (0x02000313) addi t1, zero, 32
x6 <- 0x00000020


mem[X,0x80000490] -> 0x1073
mem[X,0x80000492] -> 0x0033
[297] [M]: 0x80000490 (0x00331073) csrrw zero, fcsr, t1
CSR fcsr -> 0x00000010
CSR fcsr <- 0x00000020 (input: 0x00000020)


mem[X,0x80000494] -> 0x7053
mem[X,0x80000496] -> 0xC410
[298] [M]: 0x80000494 (0xC4107053) fcvt.wu.h zero, ft0, dyn


mem[X,0x80000498] -> 0x24F3
mem[X,0x8000049A] -> 0x0030
[299] [M]: 0x80000498 (0x003024F3) csrrs s1, fcsr, zero
CSR fcsr -> 0x00000030
x9 <- 0x00000030


clint::tick mtime <- 0x0000000000000003
 clint timer pending at mtime 0x0000000000000003
htif::tick 0x0000000000000000
mem[X,0x8000049C] -> 0xA023
mem[X,0x8000049E] -> 0x0202
[300] [M]: 0x8000049C (0x0202A023) sw zero, 32(t0)
mem[0x8000240C] <- 0x00000000


mem[X,0x800004A0] -> 0xA223
mem[X,0x800004A2] -> 0x0292
[301] [M]: 0x800004A0 (0x0292A223) sw s1, 36(t0)
mem[0x80002410] <- 0x00000030


mem[X,0x800004A4] -> 0x2F87
mem[X,0x800004A6] -> 0x0204
[302] [M]: 0x800004A4 (0x02042F87) flw ft11, 32(fp)
mem[R,0x80002090] -> 0x0000324E
f31 <- 0xFFFFFFFF0000324E


mem[X,0x800004A8] -> 0x0313
mem[X,0x800004AA] -> 0x0400
[303] [M]: 0x800004A8 (0x04000313) addi t1, zero, 64
x6 <- 0x00000040


mem[X,0x800004AC] -> 0x1073
mem[X,0x800004AE] -> 0x0033
[304] [M]: 0x800004AC (0x00331073) csrrw zero, fcsr, t1
CSR fcsr -> 0x00000030
CSR fcsr <- 0x00000040 (input: 0x00000040)


mem[X,0x800004B0] -> 0xFFD3
mem[X,0x800004B2] -> 0xC41F
[305] [M]: 0x800004B0 (0xC41FFFD3) fcvt.wu.h t6, ft11, dyn
x31 <- 0xFFFFFFFF


mem[X,0x800004B4] -> 0x24F3
mem[X,0x800004B6] -> 0x0030
[306] [M]: 0x800004B4 (0x003024F3) csrrs s1, fcsr, zero
CSR fcsr -> 0x00000050
x9 <- 0x00000050


mem[X,0x800004B8] -> 0xA423
mem[X,0x800004BA] -> 0x03F2
[307] [M]: 0x800004B8 (0x03F2A423) sw t6, 40(t0)
mem[0x80002414] <- 0xFFFFFFFF


mem[X,0x800004BC] -> 0xA623
mem[X,0x800004BE] -> 0x0292
[308] [M]: 0x800004BC (0x0292A623) sw s1, 44(t0)
mem[0x80002418] <- 0x00000050


mem[X,0x800004C0] -> 0x2F87
mem[X,0x800004C2] -> 0x0244
[309] [M]: 0x800004C0 (0x02442F87) flw ft11, 36(fp)
mem[R,0x80002094] -> 0x0000324E
f31 <- 0xFFFFFFFF0000324E


mem[X,0x800004C4] -> 0x0313
mem[X,0x800004C6] -> 0x0600
[310] [M]: 0x800004C4 (0x06000313) addi t1, zero, 96
x6 <- 0x00000060


mem[X,0x800004C8] -> 0x1073
mem[X,0x800004CA] -> 0x0033
[311] [M]: 0x800004C8 (0x00331073) csrrw zero, fcsr, t1
CSR fcsr -> 0x00000050
CSR fcsr <- 0x00000060 (input: 0x00000060)


mem[X,0x800004CC] -> 0xFFD3
mem[X,0x800004CE] -> 0xC41F
[312] [M]: 0x800004CC (0xC41FFFD3) fcvt.wu.h t6, ft11, dyn
x31 <- 0xFFFFFFFF


mem[X,0x800004D0] -> 0x24F3
mem[X,0x800004D2] -> 0x0030
[313] [M]: 0x800004D0 (0x003024F3) csrrs s1, fcsr, zero
CSR fcsr -> 0x00000070
x9 <- 0x00000070


mem[X,0x800004D4] -> 0xA823
mem[X,0x800004D6] -> 0x03F2
[314] [M]: 0x800004D4 (0x03F2A823) sw t6, 48(t0)
mem[0x8000241C] <- 0xFFFFFFFF


mem[X,0x800004D8] -> 0xAA23
mem[X,0x800004DA] -> 0x0292
[315] [M]: 0x800004D8 (0x0292AA23) sw s1, 52(t0)
mem[0x80002420] <- 0x00000070


mem[X,0x800004DC] -> 0x2F87
mem[X,0x800004DE] -> 0x0284
[316] [M]: 0x800004DC (0x02842F87) flw ft11, 40(fp)
mem[R,0x80002098] -> 0x0000324E
f31 <- 0xFFFFFFFF0000324E


mem[X,0x800004E0] -> 0x0313
mem[X,0x800004E2] -> 0x0800
[317] [M]: 0x800004E0 (0x08000313) addi t1, zero, 128
x6 <- 0x00000080


mem[X,0x800004E4] -> 0x1073
mem[X,0x800004E6] -> 0x0033
[318] [M]: 0x800004E4 (0x00331073) csrrw zero, fcsr, t1
CSR fcsr -> 0x00000070
CSR fcsr <- 0x00000080 (input: 0x00000080)


mem[X,0x800004E8] -> 0xFFD3
mem[X,0x800004EA] -> 0xC41F
[319] [M]: 0x800004E8 (0xC41FFFD3) fcvt.wu.h t6, ft11, dyn
x31 <- 0xFFFFFFFF


mem[X,0x800004EC] -> 0x24F3
mem[X,0x800004EE] -> 0x0030
[320] [M]: 0x800004EC (0x003024F3) csrrs s1, fcsr, zero
CSR fcsr -> 0x00000090
x9 <- 0x00000090


mem[X,0x800004F0] -> 0xAC23
mem[X,0x800004F2] -> 0x03F2
[321] [M]: 0x800004F0 (0x03F2AC23) sw t6, 56(t0)
mem[0x80002424] <- 0xFFFFFFFF


mem[X,0x800004F4] -> 0xAE23
mem[X,0x800004F6] -> 0x0292
[322] [M]: 0x800004F4 (0x0292AE23) sw s1, 60(t0)
mem[0x80002428] <- 0x00000090


mem[X,0x800004F8] -> 0x2F87
mem[X,0x800004FA] -> 0x02C4
[323] [M]: 0x800004F8 (0x02C42F87) flw ft11, 44(fp)
mem[R,0x8000209C] -> 0x0000324F
f31 <- 0xFFFFFFFF0000324F


mem[X,0x800004FC] -> 0x0313
mem[X,0x800004FE] -> 0x0000
[324] [M]: 0x800004FC (0x00000313) addi t1, zero, 0
x6 <- 0x00000000


mem[X,0x80000500] -> 0x1073
mem[X,0x80000502] -> 0x0033
[325] [M]: 0x80000500 (0x00331073) csrrw zero, fcsr, t1
CSR fcsr -> 0x00000090
CSR fcsr <- 0x00000000 (input: 0x00000000)


mem[X,0x80000504] -> 0xFFD3
mem[X,0x80000506] -> 0xC41F
[326] [M]: 0x80000504 (0xC41FFFD3) fcvt.wu.h t6, ft11, dyn
x31 <- 0xFFFFFFFF


mem[X,0x80000508] -> 0x24F3
mem[X,0x8000050A] -> 0x0030
[327] [M]: 0x80000508 (0x003024F3) csrrs s1, fcsr, zero
CSR fcsr -> 0x00000010
x9 <- 0x00000010


mem[X,0x8000050C] -> 0xA023
mem[X,0x8000050E] -> 0x05F2
[328] [M]: 0x8000050C (0x05F2A023) sw t6, 64(t0)
mem[0x8000242C] <- 0xFFFFFFFF


mem[X,0x80000510] -> 0xA223
mem[X,0x80000512] -> 0x0492
[329] [M]: 0x80000510 (0x0492A223) sw s1, 68(t0)
mem[0x80002430] <- 0x00000010


mem[X,0x80000514] -> 0x2F87
mem[X,0x80000516] -> 0x0304
[330] [M]: 0x80000514 (0x03042F87) flw ft11, 48(fp)
mem[R,0x800020A0] -> 0x0000324F
f31 <- 0xFFFFFFFF0000324F


mem[X,0x80000518] -> 0x0313
mem[X,0x8000051A] -> 0x0200
[331] [M]: 0x80000518 (0x02000313) addi t1, zero, 32
x6 <- 0x00000020


mem[X,0x8000051C] -> 0x1073
mem[X,0x8000051E] -> 0x0033
[332] [M]: 0x8000051C (0x00331073) csrrw zero, fcsr, t1
CSR fcsr -> 0x00000010
CSR fcsr <- 0x00000020 (input: 0x00000020)


mem[X,0x80000520] -> 0xFFD3
mem[X,0x80000522] -> 0xC41F
[333] [M]: 0x80000520 (0xC41FFFD3) fcvt.wu.h t6, ft11, dyn
x31 <- 0xFFFFFFFF


mem[X,0x80000524] -> 0x24F3
mem[X,0x80000526] -> 0x0030
[334] [M]: 0x80000524 (0x003024F3) csrrs s1, fcsr, zero
CSR fcsr -> 0x00000030
x9 <- 0x00000030


mem[X,0x80000528] -> 0xA423
mem[X,0x8000052A] -> 0x05F2
[335] [M]: 0x80000528 (0x05F2A423) sw t6, 72(t0)
mem[0x80002434] <- 0xFFFFFFFF


mem[X,0x8000052C] -> 0xA623
mem[X,0x8000052E] -> 0x0492
[336] [M]: 0x8000052C (0x0492A623) sw s1, 76(t0)
mem[0x80002438] <- 0x00000030


mem[X,0x80000530] -> 0x2F87
mem[X,0x80000532] -> 0x0344
[337] [M]: 0x80000530 (0x03442F87) flw ft11, 52(fp)
mem[R,0x800020A4] -> 0x0000324F
f31 <- 0xFFFFFFFF0000324F


mem[X,0x80000534] -> 0x0313
mem[X,0x80000536] -> 0x0400
[338] [M]: 0x80000534 (0x04000313) addi t1, zero, 64
x6 <- 0x00000040


mem[X,0x80000538] -> 0x1073
mem[X,0x8000053A] -> 0x0033
[339] [M]: 0x80000538 (0x00331073) csrrw zero, fcsr, t1
CSR fcsr -> 0x00000030
CSR fcsr <- 0x00000040 (input: 0x00000040)


mem[X,0x8000053C] -> 0xFFD3
mem[X,0x8000053E] -> 0xC41F
[340] [M]: 0x8000053C (0xC41FFFD3) fcvt.wu.h t6, ft11, dyn
x31 <- 0xFFFFFFFF


mem[X,0x80000540] -> 0x24F3
mem[X,0x80000542] -> 0x0030
[341] [M]: 0x80000540 (0x003024F3) csrrs s1, fcsr, zero
CSR fcsr -> 0x00000050
x9 <- 0x00000050


mem[X,0x80000544] -> 0xA823
mem[X,0x80000546] -> 0x05F2
[342] [M]: 0x80000544 (0x05F2A823) sw t6, 80(t0)
mem[0x8000243C] <- 0xFFFFFFFF


mem[X,0x80000548] -> 0xAA23
mem[X,0x8000054A] -> 0x0492
[343] [M]: 0x80000548 (0x0492AA23) sw s1, 84(t0)
mem[0x80002440] <- 0x00000050


mem[X,0x8000054C] -> 0x2F87
mem[X,0x8000054E] -> 0x0384
[344] [M]: 0x8000054C (0x03842F87) flw ft11, 56(fp)
mem[R,0x800020A8] -> 0x0000324F
f31 <- 0xFFFFFFFF0000324F


mem[X,0x80000550] -> 0x0313
mem[X,0x80000552] -> 0x0600
[345] [M]: 0x80000550 (0x06000313) addi t1, zero, 96
x6 <- 0x00000060


mem[X,0x80000554] -> 0x1073
mem[X,0x80000556] -> 0x0033
[346] [M]: 0x80000554 (0x00331073) csrrw zero, fcsr, t1
CSR fcsr -> 0x00000050
CSR fcsr <- 0x00000060 (input: 0x00000060)


mem[X,0x80000558] -> 0xFFD3
mem[X,0x8000055A] -> 0xC41F
[347] [M]: 0x80000558 (0xC41FFFD3) fcvt.wu.h t6, ft11, dyn
x31 <- 0xFFFFFFFF


mem[X,0x8000055C] -> 0x24F3
mem[X,0x8000055E] -> 0x0030
[348] [M]: 0x8000055C (0x003024F3) csrrs s1, fcsr, zero
CSR fcsr -> 0x00000070
x9 <- 0x00000070


mem[X,0x80000560] -> 0xAC23
mem[X,0x80000562] -> 0x05F2
[349] [M]: 0x80000560 (0x05F2AC23) sw t6, 88(t0)
mem[0x80002444] <- 0xFFFFFFFF


mem[X,0x80000564] -> 0xAE23
mem[X,0x80000566] -> 0x0492
[350] [M]: 0x80000564 (0x0492AE23) sw s1, 92(t0)
mem[0x80002448] <- 0x00000070


mem[X,0x80000568] -> 0x2F87
mem[X,0x8000056A] -> 0x03C4
[351] [M]: 0x80000568 (0x03C42F87) flw ft11, 60(fp)
mem[R,0x800020AC] -> 0x0000324F
f31 <- 0xFFFFFFFF0000324F


mem[X,0x8000056C] -> 0x0313
mem[X,0x8000056E] -> 0x0800
[352] [M]: 0x8000056C (0x08000313) addi t1, zero, 128
x6 <- 0x00000080


mem[X,0x80000570] -> 0x1073
mem[X,0x80000572] -> 0x0033
[353] [M]: 0x80000570 (0x00331073) csrrw zero, fcsr, t1
CSR fcsr -> 0x00000070
CSR fcsr <- 0x00000080 (input: 0x00000080)


mem[X,0x80000574] -> 0xFFD3
mem[X,0x80000576] -> 0xC41F
[354] [M]: 0x80000574 (0xC41FFFD3) fcvt.wu.h t6, ft11, dyn
x31 <- 0xFFFFFFFF


mem[X,0x80000578] -> 0x24F3
mem[X,0x8000057A] -> 0x0030
[355] [M]: 0x80000578 (0x003024F3) csrrs s1, fcsr, zero
CSR fcsr -> 0x00000090
x9 <- 0x00000090


mem[X,0x8000057C] -> 0xA023
mem[X,0x8000057E] -> 0x07F2
[356] [M]: 0x8000057C (0x07F2A023) sw t6, 96(t0)
mem[0x8000244C] <- 0xFFFFFFFF


mem[X,0x80000580] -> 0xA223
mem[X,0x80000582] -> 0x0692
[357] [M]: 0x80000580 (0x0692A223) sw s1, 100(t0)
mem[0x80002450] <- 0x00000090


mem[X,0x80000584] -> 0x2F87
mem[X,0x80000586] -> 0x0404
[358] [M]: 0x80000584 (0x04042F87) flw ft11, 64(fp)
mem[R,0x800020B0] -> 0x0000B248
f31 <- 0xFFFFFFFF0000B248


mem[X,0x80000588] -> 0x0313
mem[X,0x8000058A] -> 0x0000
[359] [M]: 0x80000588 (0x00000313) addi t1, zero, 0
x6 <- 0x00000000


mem[X,0x8000058C] -> 0x1073
mem[X,0x8000058E] -> 0x0033
[360] [M]: 0x8000058C (0x00331073) csrrw zero, fcsr, t1
CSR fcsr -> 0x00000090
CSR fcsr <- 0x00000000 (input: 0x00000000)


mem[X,0x80000590] -> 0xFFD3
mem[X,0x80000592] -> 0xC41F
[361] [M]: 0x80000590 (0xC41FFFD3) fcvt.wu.h t6, ft11, dyn
x31 <- 0xFFFFFFFF


mem[X,0x80000594] -> 0x24F3
mem[X,0x80000596] -> 0x0030
[362] [M]: 0x80000594 (0x003024F3) csrrs s1, fcsr, zero
CSR fcsr -> 0x00000010
x9 <- 0x00000010


mem[X,0x80000598] -> 0xA423
mem[X,0x8000059A] -> 0x07F2
[363] [M]: 0x80000598 (0x07F2A423) sw t6, 104(t0)
mem[0x80002454] <- 0xFFFFFFFF


mem[X,0x8000059C] -> 0xA623
mem[X,0x8000059E] -> 0x0692
[364] [M]: 0x8000059C (0x0692A623) sw s1, 108(t0)
mem[0x80002458] <- 0x00000010


mem[X,0x800005A0] -> 0x2F87
mem[X,0x800005A2] -> 0x0444
[365] [M]: 0x800005A0 (0x04442F87) flw ft11, 68(fp)
mem[R,0x800020B4] -> 0x0000B248
f31 <- 0xFFFFFFFF0000B248


mem[X,0x800005A4] -> 0x0313
mem[X,0x800005A6] -> 0x0200
[366] [M]: 0x800005A4 (0x02000313) addi t1, zero, 32
x6 <- 0x00000020


mem[X,0x800005A8] -> 0x1073
mem[X,0x800005AA] -> 0x0033
[367] [M]: 0x800005A8 (0x00331073) csrrw zero, fcsr, t1
CSR fcsr -> 0x00000010
CSR fcsr <- 0x00000020 (input: 0x00000020)


mem[X,0x800005AC] -> 0xFFD3
mem[X,0x800005AE] -> 0xC41F
[368] [M]: 0x800005AC (0xC41FFFD3) fcvt.wu.h t6, ft11, dyn
x31 <- 0xFFFFFFFF


mem[X,0x800005B0] -> 0x24F3
mem[X,0x800005B2] -> 0x0030
[369] [M]: 0x800005B0 (0x003024F3) csrrs s1, fcsr, zero
CSR fcsr -> 0x00000030
x9 <- 0x00000030


mem[X,0x800005B4] -> 0xA823
mem[X,0x800005B6] -> 0x07F2
[370] [M]: 0x800005B4 (0x07F2A823) sw t6, 112(t0)
mem[0x8000245C] <- 0xFFFFFFFF


mem[X,0x800005B8] -> 0xAA23
mem[X,0x800005BA] -> 0x0692
[371] [M]: 0x800005B8 (0x0692AA23) sw s1, 116(t0)
mem[0x80002460] <- 0x00000030


mem[X,0x800005BC] -> 0x2F87
mem[X,0x800005BE] -> 0x0484
[372] [M]: 0x800005BC (0x04842F87) flw ft11, 72(fp)
mem[R,0x800020B8] -> 0x0000B248
f31 <- 0xFFFFFFFF0000B248


mem[X,0x800005C0] -> 0x0313
mem[X,0x800005C2] -> 0x0400
[373] [M]: 0x800005C0 (0x04000313) addi t1, zero, 64
x6 <- 0x00000040


mem[X,0x800005C4] -> 0x1073
mem[X,0x800005C6] -> 0x0033
[374] [M]: 0x800005C4 (0x00331073) csrrw zero, fcsr, t1
CSR fcsr -> 0x00000030
CSR fcsr <- 0x00000040 (input: 0x00000040)


mem[X,0x800005C8] -> 0xFFD3
mem[X,0x800005CA] -> 0xC41F
[375] [M]: 0x800005C8 (0xC41FFFD3) fcvt.wu.h t6, ft11, dyn
x31 <- 0xFFFFFFFF


mem[X,0x800005CC] -> 0x24F3
mem[X,0x800005CE] -> 0x0030
[376] [M]: 0x800005CC (0x003024F3) csrrs s1, fcsr, zero
CSR fcsr -> 0x00000050
x9 <- 0x00000050


mem[X,0x800005D0] -> 0xAC23
mem[X,0x800005D2] -> 0x07F2
[377] [M]: 0x800005D0 (0x07F2AC23) sw t6, 120(t0)
mem[0x80002464] <- 0xFFFFFFFF


mem[X,0x800005D4] -> 0xAE23
mem[X,0x800005D6] -> 0x0692
[378] [M]: 0x800005D4 (0x0692AE23) sw s1, 124(t0)
mem[0x80002468] <- 0x00000050


mem[X,0x800005D8] -> 0x2F87
mem[X,0x800005DA] -> 0x04C4
[379] [M]: 0x800005D8 (0x04C42F87) flw ft11, 76(fp)
mem[R,0x800020BC] -> 0x0000B248
f31 <- 0xFFFFFFFF0000B248


mem[X,0x800005DC] -> 0x0313
mem[X,0x800005DE] -> 0x0600
[380] [M]: 0x800005DC (0x06000313) addi t1, zero, 96
x6 <- 0x00000060


mem[X,0x800005E0] -> 0x1073
mem[X,0x800005E2] -> 0x0033
[381] [M]: 0x800005E0 (0x00331073) csrrw zero, fcsr, t1
CSR fcsr -> 0x00000050
CSR fcsr <- 0x00000060 (input: 0x00000060)


mem[X,0x800005E4] -> 0xFFD3
mem[X,0x800005E6] -> 0xC41F
[382] [M]: 0x800005E4 (0xC41FFFD3) fcvt.wu.h t6, ft11, dyn
x31 <- 0xFFFFFFFF


mem[X,0x800005E8] -> 0x24F3
mem[X,0x800005EA] -> 0x0030
[383] [M]: 0x800005E8 (0x003024F3) csrrs s1, fcsr, zero
CSR fcsr -> 0x00000070
x9 <- 0x00000070


mem[X,0x800005EC] -> 0xA023
mem[X,0x800005EE] -> 0x09F2
[384] [M]: 0x800005EC (0x09F2A023) sw t6, 128(t0)
mem[0x8000246C] <- 0xFFFFFFFF


mem[X,0x800005F0] -> 0xA223
mem[X,0x800005F2] -> 0x0892
[385] [M]: 0x800005F0 (0x0892A223) sw s1, 132(t0)
mem[0x80002470] <- 0x00000070


mem[X,0x800005F4] -> 0x2F87
mem[X,0x800005F6] -> 0x0504
[386] [M]: 0x800005F4 (0x05042F87) flw ft11, 80(fp)
mem[R,0x800020C0] -> 0x0000B248
f31 <- 0xFFFFFFFF0000B248


mem[X,0x800005F8] -> 0x0313
mem[X,0x800005FA] -> 0x0800
[387] [M]: 0x800005F8 (0x08000313) addi t1, zero, 128
x6 <- 0x00000080


mem[X,0x800005FC] -> 0x1073
mem[X,0x800005FE] -> 0x0033
[388] [M]: 0x800005FC (0x00331073) csrrw zero, fcsr, t1
CSR fcsr -> 0x00000070
CSR fcsr <- 0x00000080 (input: 0x00000080)


mem[X,0x80000600] -> 0xFFD3
mem[X,0x80000602] -> 0xC41F
[389] [M]: 0x80000600 (0xC41FFFD3) fcvt.wu.h t6, ft11, dyn
x31 <- 0xFFFFFFFF


mem[X,0x80000604] -> 0x24F3
mem[X,0x80000606] -> 0x0030
[390] [M]: 0x80000604 (0x003024F3) csrrs s1, fcsr, zero
CSR fcsr -> 0x00000090
x9 <- 0x00000090


mem[X,0x80000608] -> 0xA423
mem[X,0x8000060A] -> 0x09F2
[391] [M]: 0x80000608 (0x09F2A423) sw t6, 136(t0)
mem[0x80002474] <- 0xFFFFFFFF


mem[X,0x8000060C] -> 0xA623
mem[X,0x8000060E] -> 0x0892
[392] [M]: 0x8000060C (0x0892A623) sw s1, 140(t0)
mem[0x80002478] <- 0x00000090


mem[X,0x80000610] -> 0x2F87
mem[X,0x80000612] -> 0x0544
[393] [M]: 0x80000610 (0x05442F87) flw ft11, 84(fp)
mem[R,0x800020C4] -> 0x0000B249
f31 <- 0xFFFFFFFF0000B249


mem[X,0x80000614] -> 0x0313
mem[X,0x80000616] -> 0x0000
[394] [M]: 0x80000614 (0x00000313) addi t1, zero, 0
x6 <- 0x00000000


mem[X,0x80000618] -> 0x1073
mem[X,0x8000061A] -> 0x0033
[395] [M]: 0x80000618 (0x00331073) csrrw zero, fcsr, t1
CSR fcsr -> 0x00000090
CSR fcsr <- 0x00000000 (input: 0x00000000)


mem[X,0x8000061C] -> 0xFFD3
mem[X,0x8000061E] -> 0xC41F
[396] [M]: 0x8000061C (0xC41FFFD3) fcvt.wu.h t6, ft11, dyn
x31 <- 0xFFFFFFFF


mem[X,0x80000620] -> 0x24F3
mem[X,0x80000622] -> 0x0030
[397] [M]: 0x80000620 (0x003024F3) csrrs s1, fcsr, zero
CSR fcsr -> 0x00000010
x9 <- 0x00000010


mem[X,0x80000624] -> 0xA823
mem[X,0x80000626] -> 0x09F2
[398] [M]: 0x80000624 (0x09F2A823) sw t6, 144(t0)
mem[0x8000247C] <- 0xFFFFFFFF


mem[X,0x80000628] -> 0xAA23
mem[X,0x8000062A] -> 0x0892
[399] [M]: 0x80000628 (0x0892AA23) sw s1, 148(t0)
mem[0x80002480] <- 0x00000010


clint::tick mtime <- 0x0000000000000004
 clint timer pending at mtime 0x0000000000000004
htif::tick 0x0000000000000000
mem[X,0x8000062C] -> 0x2F87
mem[X,0x8000062E] -> 0x0584
[400] [M]: 0x8000062C (0x05842F87) flw ft11, 88(fp)
mem[R,0x800020C8] -> 0x0000B249
f31 <- 0xFFFFFFFF0000B249


mem[X,0x80000630] -> 0x0313
mem[X,0x80000632] -> 0x0200
[401] [M]: 0x80000630 (0x02000313) addi t1, zero, 32
x6 <- 0x00000020


mem[X,0x80000634] -> 0x1073
mem[X,0x80000636] -> 0x0033
[402] [M]: 0x80000634 (0x00331073) csrrw zero, fcsr, t1
CSR fcsr -> 0x00000010
CSR fcsr <- 0x00000020 (input: 0x00000020)


mem[X,0x80000638] -> 0xFFD3
mem[X,0x8000063A] -> 0xC41F
[403] [M]: 0x80000638 (0xC41FFFD3) fcvt.wu.h t6, ft11, dyn
x31 <- 0xFFFFFFFF


mem[X,0x8000063C] -> 0x24F3
mem[X,0x8000063E] -> 0x0030
[404] [M]: 0x8000063C (0x003024F3) csrrs s1, fcsr, zero
CSR fcsr -> 0x00000030
x9 <- 0x00000030


mem[X,0x80000640] -> 0xAC23
mem[X,0x80000642] -> 0x09F2
[405] [M]: 0x80000640 (0x09F2AC23) sw t6, 152(t0)
mem[0x80002484] <- 0xFFFFFFFF


mem[X,0x80000644] -> 0xAE23
mem[X,0x80000646] -> 0x0892
[406] [M]: 0x80000644 (0x0892AE23) sw s1, 156(t0)
mem[0x80002488] <- 0x00000030


mem[X,0x80000648] -> 0x2F87
mem[X,0x8000064A] -> 0x05C4
[407] [M]: 0x80000648 (0x05C42F87) flw ft11, 92(fp)
mem[R,0x800020CC] -> 0x0000B249
f31 <- 0xFFFFFFFF0000B249


mem[X,0x8000064C] -> 0x0313
mem[X,0x8000064E] -> 0x0400
[408] [M]: 0x8000064C (0x04000313) addi t1, zero, 64
x6 <- 0x00000040


mem[X,0x80000650] -> 0x1073
mem[X,0x80000652] -> 0x0033
[409] [M]: 0x80000650 (0x00331073) csrrw zero, fcsr, t1
CSR fcsr -> 0x00000030
CSR fcsr <- 0x00000040 (input: 0x00000040)


mem[X,0x80000654] -> 0xFFD3
mem[X,0x80000656] -> 0xC41F
[410] [M]: 0x80000654 (0xC41FFFD3) fcvt.wu.h t6, ft11, dyn
x31 <- 0xFFFFFFFF


mem[X,0x80000658] -> 0x24F3
mem[X,0x8000065A] -> 0x0030
[411] [M]: 0x80000658 (0x003024F3) csrrs s1, fcsr, zero
CSR fcsr -> 0x00000050
x9 <- 0x00000050


mem[X,0x8000065C] -> 0xA023
mem[X,0x8000065E] -> 0x0BF2
[412] [M]: 0x8000065C (0x0BF2A023) sw t6, 160(t0)
mem[0x8000248C] <- 0xFFFFFFFF


mem[X,0x80000660] -> 0xA223
mem[X,0x80000662] -> 0x0A92
[413] [M]: 0x80000660 (0x0A92A223) sw s1, 164(t0)
mem[0x80002490] <- 0x00000050


mem[X,0x80000664] -> 0x2F87
mem[X,0x80000666] -> 0x0604
[414] [M]: 0x80000664 (0x06042F87) flw ft11, 96(fp)
mem[R,0x800020D0] -> 0x0000B249
f31 <- 0xFFFFFFFF0000B249


mem[X,0x80000668] -> 0x0313
mem[X,0x8000066A] -> 0x0600
[415] [M]: 0x80000668 (0x06000313) addi t1, zero, 96
x6 <- 0x00000060


mem[X,0x8000066C] -> 0x1073
mem[X,0x8000066E] -> 0x0033
[416] [M]: 0x8000066C (0x00331073) csrrw zero, fcsr, t1
CSR fcsr -> 0x00000050
CSR fcsr <- 0x00000060 (input: 0x00000060)


mem[X,0x80000670] -> 0xFFD3
mem[X,0x80000672] -> 0xC41F
[417] [M]: 0x80000670 (0xC41FFFD3) fcvt.wu.h t6, ft11, dyn
x31 <- 0xFFFFFFFF


mem[X,0x80000674] -> 0x24F3
mem[X,0x80000676] -> 0x0030
[418] [M]: 0x80000674 (0x003024F3) csrrs s1, fcsr, zero
CSR fcsr -> 0x00000070
x9 <- 0x00000070


mem[X,0x80000678] -> 0xA423
mem[X,0x8000067A] -> 0x0BF2
[419] [M]: 0x80000678 (0x0BF2A423) sw t6, 168(t0)
mem[0x80002494] <- 0xFFFFFFFF


mem[X,0x8000067C] -> 0xA623
mem[X,0x8000067E] -> 0x0A92
[420] [M]: 0x8000067C (0x0A92A623) sw s1, 172(t0)
mem[0x80002498] <- 0x00000070


mem[X,0x80000680] -> 0x2F87
mem[X,0x80000682] -> 0x0644
[421] [M]: 0x80000680 (0x06442F87) flw ft11, 100(fp)
mem[R,0x800020D4] -> 0x0000B249
f31 <- 0xFFFFFFFF0000B249


mem[X,0x80000684] -> 0x0313
mem[X,0x80000686] -> 0x0800
[422] [M]: 0x80000684 (0x08000313) addi t1, zero, 128
x6 <- 0x00000080


mem[X,0x80000688] -> 0x1073
mem[X,0x8000068A] -> 0x0033
[423] [M]: 0x80000688 (0x00331073) csrrw zero, fcsr, t1
CSR fcsr -> 0x00000070
CSR fcsr <- 0x00000080 (input: 0x00000080)


mem[X,0x8000068C] -> 0xFFD3
mem[X,0x8000068E] -> 0xC41F
[424] [M]: 0x8000068C (0xC41FFFD3) fcvt.wu.h t6, ft11, dyn
x31 <- 0xFFFFFFFF


mem[X,0x80000690] -> 0x24F3
mem[X,0x80000692] -> 0x0030
[425] [M]: 0x80000690 (0x003024F3) csrrs s1, fcsr, zero
CSR fcsr -> 0x00000090
x9 <- 0x00000090


mem[X,0x80000694] -> 0xA823
mem[X,0x80000696] -> 0x0BF2
[426] [M]: 0x80000694 (0x0BF2A823) sw t6, 176(t0)
mem[0x8000249C] <- 0xFFFFFFFF


mem[X,0x80000698] -> 0xAA23
mem[X,0x8000069A] -> 0x0A92
[427] [M]: 0x80000698 (0x0A92AA23) sw s1, 180(t0)
mem[0x800024A0] <- 0x00000090


mem[X,0x8000069C] -> 0x2F87
mem[X,0x8000069E] -> 0x0684
[428] [M]: 0x8000069C (0x06842F87) flw ft11, 104(fp)
mem[R,0x800020D8] -> 0x0000B24A
f31 <- 0xFFFFFFFF0000B24A


mem[X,0x800006A0] -> 0x0313
mem[X,0x800006A2] -> 0x0000
[429] [M]: 0x800006A0 (0x00000313) addi t1, zero, 0
x6 <- 0x00000000


mem[X,0x800006A4] -> 0x1073
mem[X,0x800006A6] -> 0x0033
[430] [M]: 0x800006A4 (0x00331073) csrrw zero, fcsr, t1
CSR fcsr -> 0x00000090
CSR fcsr <- 0x00000000 (input: 0x00000000)


mem[X,0x800006A8] -> 0xFFD3
mem[X,0x800006AA] -> 0xC41F
[431] [M]: 0x800006A8 (0xC41FFFD3) fcvt.wu.h t6, ft11, dyn
x31 <- 0xFFFFFFFF


mem[X,0x800006AC] -> 0x24F3
mem[X,0x800006AE] -> 0x0030
[432] [M]: 0x800006AC (0x003024F3) csrrs s1, fcsr, zero
CSR fcsr -> 0x00000010
x9 <- 0x00000010


mem[X,0x800006B0] -> 0xAC23
mem[X,0x800006B2] -> 0x0BF2
[433] [M]: 0x800006B0 (0x0BF2AC23) sw t6, 184(t0)
mem[0x800024A4] <- 0xFFFFFFFF


mem[X,0x800006B4] -> 0xAE23
mem[X,0x800006B6] -> 0x0A92
[434] [M]: 0x800006B4 (0x0A92AE23) sw s1, 188(t0)
mem[0x800024A8] <- 0x00000010


mem[X,0x800006B8] -> 0x2F87
mem[X,0x800006BA] -> 0x06C4
[435] [M]: 0x800006B8 (0x06C42F87) flw ft11, 108(fp)
mem[R,0x800020DC] -> 0x0000B24A
f31 <- 0xFFFFFFFF0000B24A


mem[X,0x800006BC] -> 0x0313
mem[X,0x800006BE] -> 0x0200
[436] [M]: 0x800006BC (0x02000313) addi t1, zero, 32
x6 <- 0x00000020


mem[X,0x800006C0] -> 0x1073
mem[X,0x800006C2] -> 0x0033
[437] [M]: 0x800006C0 (0x00331073) csrrw zero, fcsr, t1
CSR fcsr -> 0x00000010
CSR fcsr <- 0x00000020 (input: 0x00000020)


mem[X,0x800006C4] -> 0xFFD3
mem[X,0x800006C6] -> 0xC41F
[438] [M]: 0x800006C4 (0xC41FFFD3) fcvt.wu.h t6, ft11, dyn
x31 <- 0xFFFFFFFF


mem[X,0x800006C8] -> 0x24F3
mem[X,0x800006CA] -> 0x0030
[439] [M]: 0x800006C8 (0x003024F3) csrrs s1, fcsr, zero
CSR fcsr -> 0x00000030
x9 <- 0x00000030


mem[X,0x800006CC] -> 0xA023
mem[X,0x800006CE] -> 0x0DF2
[440] [M]: 0x800006CC (0x0DF2A023) sw t6, 192(t0)
mem[0x800024AC] <- 0xFFFFFFFF


mem[X,0x800006D0] -> 0xA223
mem[X,0x800006D2] -> 0x0C92
[441] [M]: 0x800006D0 (0x0C92A223) sw s1, 196(t0)
mem[0x800024B0] <- 0x00000030


mem[X,0x800006D4] -> 0x2F87
mem[X,0x800006D6] -> 0x0704
[442] [M]: 0x800006D4 (0x07042F87) flw ft11, 112(fp)
mem[R,0x800020E0] -> 0x0000B24A
f31 <- 0xFFFFFFFF0000B24A


mem[X,0x800006D8] -> 0x0313
mem[X,0x800006DA] -> 0x0400
[443] [M]: 0x800006D8 (0x04000313) addi t1, zero, 64
x6 <- 0x00000040


mem[X,0x800006DC] -> 0x1073
mem[X,0x800006DE] -> 0x0033
[444] [M]: 0x800006DC (0x00331073) csrrw zero, fcsr, t1
CSR fcsr -> 0x00000030
CSR fcsr <- 0x00000040 (input: 0x00000040)


mem[X,0x800006E0] -> 0xFFD3
mem[X,0x800006E2] -> 0xC41F
[445] [M]: 0x800006E0 (0xC41FFFD3) fcvt.wu.h t6, ft11, dyn
x31 <- 0xFFFFFFFF


mem[X,0x800006E4] -> 0x24F3
mem[X,0x800006E6] -> 0x0030
[446] [M]: 0x800006E4 (0x003024F3) csrrs s1, fcsr, zero
CSR fcsr -> 0x00000050
x9 <- 0x00000050


mem[X,0x800006E8] -> 0xA423
mem[X,0x800006EA] -> 0x0DF2
[447] [M]: 0x800006E8 (0x0DF2A423) sw t6, 200(t0)
mem[0x800024B4] <- 0xFFFFFFFF


mem[X,0x800006EC] -> 0xA623
mem[X,0x800006EE] -> 0x0C92
[448] [M]: 0x800006EC (0x0C92A623) sw s1, 204(t0)
mem[0x800024B8] <- 0x00000050


mem[X,0x800006F0] -> 0x2F87
mem[X,0x800006F2] -> 0x0744
[449] [M]: 0x800006F0 (0x07442F87) flw ft11, 116(fp)
mem[R,0x800020E4] -> 0x0000B24A
f31 <- 0xFFFFFFFF0000B24A


mem[X,0x800006F4] -> 0x0313
mem[X,0x800006F6] -> 0x0600
[450] [M]: 0x800006F4 (0x06000313) addi t1, zero, 96
x6 <- 0x00000060


mem[X,0x800006F8] -> 0x1073
mem[X,0x800006FA] -> 0x0033
[451] [M]: 0x800006F8 (0x00331073) csrrw zero, fcsr, t1
CSR fcsr -> 0x00000050
CSR fcsr <- 0x00000060 (input: 0x00000060)


mem[X,0x800006FC] -> 0xFFD3
mem[X,0x800006FE] -> 0xC41F
[452] [M]: 0x800006FC (0xC41FFFD3) fcvt.wu.h t6, ft11, dyn
x31 <- 0xFFFFFFFF


mem[X,0x80000700] -> 0x24F3
mem[X,0x80000702] -> 0x0030
[453] [M]: 0x80000700 (0x003024F3) csrrs s1, fcsr, zero
CSR fcsr -> 0x00000070
x9 <- 0x00000070


mem[X,0x80000704] -> 0xA823
mem[X,0x80000706] -> 0x0DF2
[454] [M]: 0x80000704 (0x0DF2A823) sw t6, 208(t0)
mem[0x800024BC] <- 0xFFFFFFFF


mem[X,0x80000708] -> 0xAA23
mem[X,0x8000070A] -> 0x0C92
[455] [M]: 0x80000708 (0x0C92AA23) sw s1, 212(t0)
mem[0x800024C0] <- 0x00000070


mem[X,0x8000070C] -> 0x2F87
mem[X,0x8000070E] -> 0x0784
[456] [M]: 0x8000070C (0x07842F87) flw ft11, 120(fp)
mem[R,0x800020E8] -> 0x0000B24A
f31 <- 0xFFFFFFFF0000B24A


mem[X,0x80000710] -> 0x0313
mem[X,0x80000712] -> 0x0800
[457] [M]: 0x80000710 (0x08000313) addi t1, zero, 128
x6 <- 0x00000080


mem[X,0x80000714] -> 0x1073
mem[X,0x80000716] -> 0x0033
[458] [M]: 0x80000714 (0x00331073) csrrw zero, fcsr, t1
CSR fcsr -> 0x00000070
CSR fcsr <- 0x00000080 (input: 0x00000080)


mem[X,0x80000718] -> 0xFFD3
mem[X,0x8000071A] -> 0xC41F
[459] [M]: 0x80000718 (0xC41FFFD3) fcvt.wu.h t6, ft11, dyn
x31 <- 0xFFFFFFFF


mem[X,0x8000071C] -> 0x24F3
mem[X,0x8000071E] -> 0x0030
[460] [M]: 0x8000071C (0x003024F3) csrrs s1, fcsr, zero
CSR fcsr -> 0x00000090
x9 <- 0x00000090


mem[X,0x80000720] -> 0xAC23
mem[X,0x80000722] -> 0x0DF2
[461] [M]: 0x80000720 (0x0DF2AC23) sw t6, 216(t0)
mem[0x800024C4] <- 0xFFFFFFFF


mem[X,0x80000724] -> 0xAE23
mem[X,0x80000726] -> 0x0C92
[462] [M]: 0x80000724 (0x0C92AE23) sw s1, 220(t0)
mem[0x800024C8] <- 0x00000090


mem[X,0x80000728] -> 0x2F87
mem[X,0x8000072A] -> 0x07C4
[463] [M]: 0x80000728 (0x07C42F87) flw ft11, 124(fp)
mem[R,0x800020EC] -> 0x0000B24B
f31 <- 0xFFFFFFFF0000B24B


mem[X,0x8000072C] -> 0x0313
mem[X,0x8000072E] -> 0x0000
[464] [M]: 0x8000072C (0x00000313) addi t1, zero, 0
x6 <- 0x00000000


mem[X,0x80000730] -> 0x1073
mem[X,0x80000732] -> 0x0033
[465] [M]: 0x80000730 (0x00331073) csrrw zero, fcsr, t1
CSR fcsr -> 0x00000090
CSR fcsr <- 0x00000000 (input: 0x00000000)


mem[X,0x80000734] -> 0xFFD3
mem[X,0x80000736] -> 0xC41F
[466] [M]: 0x80000734 (0xC41FFFD3) fcvt.wu.h t6, ft11, dyn
x31 <- 0xFFFFFFFF


mem[X,0x80000738] -> 0x24F3
mem[X,0x8000073A] -> 0x0030
[467] [M]: 0x80000738 (0x003024F3) csrrs s1, fcsr, zero
CSR fcsr -> 0x00000010
x9 <- 0x00000010


mem[X,0x8000073C] -> 0xA023
mem[X,0x8000073E] -> 0x0FF2
[468] [M]: 0x8000073C (0x0FF2A023) sw t6, 224(t0)
mem[0x800024CC] <- 0xFFFFFFFF


mem[X,0x80000740] -> 0xA223
mem[X,0x80000742] -> 0x0E92
[469] [M]: 0x80000740 (0x0E92A223) sw s1, 228(t0)
mem[0x800024D0] <- 0x00000010


mem[X,0x80000744] -> 0x2F87
mem[X,0x80000746] -> 0x0804
[470] [M]: 0x80000744 (0x08042F87) flw ft11, 128(fp)
mem[R,0x800020F0] -> 0x0000B24B
f31 <- 0xFFFFFFFF0000B24B


mem[X,0x80000748] -> 0x0313
mem[X,0x8000074A] -> 0x0200
[471] [M]: 0x80000748 (0x02000313) addi t1, zero, 32
x6 <- 0x00000020


mem[X,0x8000074C] -> 0x1073
mem[X,0x8000074E] -> 0x0033
[472] [M]: 0x8000074C (0x00331073) csrrw zero, fcsr, t1
CSR fcsr -> 0x00000010
CSR fcsr <- 0x00000020 (input: 0x00000020)


mem[X,0x80000750] -> 0xFFD3
mem[X,0x80000752] -> 0xC41F
[473] [M]: 0x80000750 (0xC41FFFD3) fcvt.wu.h t6, ft11, dyn
x31 <- 0xFFFFFFFF


mem[X,0x80000754] -> 0x24F3
mem[X,0x80000756] -> 0x0030
[474] [M]: 0x80000754 (0x003024F3) csrrs s1, fcsr, zero
CSR fcsr -> 0x00000030
x9 <- 0x00000030


mem[X,0x80000758] -> 0xA423
mem[X,0x8000075A] -> 0x0FF2
[475] [M]: 0x80000758 (0x0FF2A423) sw t6, 232(t0)
mem[0x800024D4] <- 0xFFFFFFFF


mem[X,0x8000075C] -> 0xA623
mem[X,0x8000075E] -> 0x0E92
[476] [M]: 0x8000075C (0x0E92A623) sw s1, 236(t0)
mem[0x800024D8] <- 0x00000030


mem[X,0x80000760] -> 0x2F87
mem[X,0x80000762] -> 0x0844
[477] [M]: 0x80000760 (0x08442F87) flw ft11, 132(fp)
mem[R,0x800020F4] -> 0x0000B24B
f31 <- 0xFFFFFFFF0000B24B


mem[X,0x80000764] -> 0x0313
mem[X,0x80000766] -> 0x0400
[478] [M]: 0x80000764 (0x04000313) addi t1, zero, 64
x6 <- 0x00000040


mem[X,0x80000768] -> 0x1073
mem[X,0x8000076A] -> 0x0033
[479] [M]: 0x80000768 (0x00331073) csrrw zero, fcsr, t1
CSR fcsr -> 0x00000030
CSR fcsr <- 0x00000040 (input: 0x00000040)


mem[X,0x8000076C] -> 0xFFD3
mem[X,0x8000076E] -> 0xC41F
[480] [M]: 0x8000076C (0xC41FFFD3) fcvt.wu.h t6, ft11, dyn
x31 <- 0xFFFFFFFF


mem[X,0x80000770] -> 0x24F3
mem[X,0x80000772] -> 0x0030
[481] [M]: 0x80000770 (0x003024F3) csrrs s1, fcsr, zero
CSR fcsr -> 0x00000050
x9 <- 0x00000050


mem[X,0x80000774] -> 0xA823
mem[X,0x80000776] -> 0x0FF2
[482] [M]: 0x80000774 (0x0FF2A823) sw t6, 240(t0)
mem[0x800024DC] <- 0xFFFFFFFF


mem[X,0x80000778] -> 0xAA23
mem[X,0x8000077A] -> 0x0E92
[483] [M]: 0x80000778 (0x0E92AA23) sw s1, 244(t0)
mem[0x800024E0] <- 0x00000050


mem[X,0x8000077C] -> 0x2F87
mem[X,0x8000077E] -> 0x0884
[484] [M]: 0x8000077C (0x08842F87) flw ft11, 136(fp)
mem[R,0x800020F8] -> 0x0000B24B
f31 <- 0xFFFFFFFF0000B24B


mem[X,0x80000780] -> 0x0313
mem[X,0x80000782] -> 0x0600
[485] [M]: 0x80000780 (0x06000313) addi t1, zero, 96
x6 <- 0x00000060


mem[X,0x80000784] -> 0x1073
mem[X,0x80000786] -> 0x0033
[486] [M]: 0x80000784 (0x00331073) csrrw zero, fcsr, t1
CSR fcsr -> 0x00000050
CSR fcsr <- 0x00000060 (input: 0x00000060)


mem[X,0x80000788] -> 0xFFD3
mem[X,0x8000078A] -> 0xC41F
[487] [M]: 0x80000788 (0xC41FFFD3) fcvt.wu.h t6, ft11, dyn
x31 <- 0xFFFFFFFF


mem[X,0x8000078C] -> 0x24F3
mem[X,0x8000078E] -> 0x0030
[488] [M]: 0x8000078C (0x003024F3) csrrs s1, fcsr, zero
CSR fcsr -> 0x00000070
x9 <- 0x00000070


mem[X,0x80000790] -> 0xAC23
mem[X,0x80000792] -> 0x0FF2
[489] [M]: 0x80000790 (0x0FF2AC23) sw t6, 248(t0)
mem[0x800024E4] <- 0xFFFFFFFF


mem[X,0x80000794] -> 0xAE23
mem[X,0x80000796] -> 0x0E92
[490] [M]: 0x80000794 (0x0E92AE23) sw s1, 252(t0)
mem[0x800024E8] <- 0x00000070


mem[X,0x80000798] -> 0x2F87
mem[X,0x8000079A] -> 0x08C4
[491] [M]: 0x80000798 (0x08C42F87) flw ft11, 140(fp)
mem[R,0x800020FC] -> 0x0000B24B
f31 <- 0xFFFFFFFF0000B24B


mem[X,0x8000079C] -> 0x0313
mem[X,0x8000079E] -> 0x0800
[492] [M]: 0x8000079C (0x08000313) addi t1, zero, 128
x6 <- 0x00000080


mem[X,0x800007A0] -> 0x1073
mem[X,0x800007A2] -> 0x0033
[493] [M]: 0x800007A0 (0x00331073) csrrw zero, fcsr, t1
CSR fcsr -> 0x00000070
CSR fcsr <- 0x00000080 (input: 0x00000080)


mem[X,0x800007A4] -> 0xFFD3
mem[X,0x800007A6] -> 0xC41F
[494] [M]: 0x800007A4 (0xC41FFFD3) fcvt.wu.h t6, ft11, dyn
x31 <- 0xFFFFFFFF


mem[X,0x800007A8] -> 0x24F3
mem[X,0x800007AA] -> 0x0030
[495] [M]: 0x800007A8 (0x003024F3) csrrs s1, fcsr, zero
CSR fcsr -> 0x00000090
x9 <- 0x00000090


mem[X,0x800007AC] -> 0xA023
mem[X,0x800007AE] -> 0x11F2
[496] [M]: 0x800007AC (0x11F2A023) sw t6, 256(t0)
mem[0x800024EC] <- 0xFFFFFFFF


mem[X,0x800007B0] -> 0xA223
mem[X,0x800007B2] -> 0x1092
[497] [M]: 0x800007B0 (0x1092A223) sw s1, 260(t0)
mem[0x800024F0] <- 0x00000090


mem[X,0x800007B4] -> 0x2F87
mem[X,0x800007B6] -> 0x0904
[498] [M]: 0x800007B4 (0x09042F87) flw ft11, 144(fp)
mem[R,0x80002100] -> 0x0000B24C
f31 <- 0xFFFFFFFF0000B24C


mem[X,0x800007B8] -> 0x0313
mem[X,0x800007BA] -> 0x0000
[499] [M]: 0x800007B8 (0x00000313) addi t1, zero, 0
x6 <- 0x00000000


clint::tick mtime <- 0x0000000000000005
 clint timer pending at mtime 0x0000000000000005
htif::tick 0x0000000000000000
mem[X,0x800007BC] -> 0x1073
mem[X,0x800007BE] -> 0x0033
[500] [M]: 0x800007BC (0x00331073) csrrw zero, fcsr, t1
CSR fcsr -> 0x00000090
CSR fcsr <- 0x00000000 (input: 0x00000000)


mem[X,0x800007C0] -> 0xFFD3
mem[X,0x800007C2] -> 0xC41F
[501] [M]: 0x800007C0 (0xC41FFFD3) fcvt.wu.h t6, ft11, dyn
x31 <- 0xFFFFFFFF


mem[X,0x800007C4] -> 0x24F3
mem[X,0x800007C6] -> 0x0030
[502] [M]: 0x800007C4 (0x003024F3) csrrs s1, fcsr, zero
CSR fcsr -> 0x00000010
x9 <- 0x00000010


mem[X,0x800007C8] -> 0xA423
mem[X,0x800007CA] -> 0x11F2
[503] [M]: 0x800007C8 (0x11F2A423) sw t6, 264(t0)
mem[0x800024F4] <- 0xFFFFFFFF


mem[X,0x800007CC] -> 0xA623
mem[X,0x800007CE] -> 0x1092
[504] [M]: 0x800007CC (0x1092A623) sw s1, 268(t0)
mem[0x800024F8] <- 0x00000010


mem[X,0x800007D0] -> 0x2F87
mem[X,0x800007D2] -> 0x0944
[505] [M]: 0x800007D0 (0x09442F87) flw ft11, 148(fp)
mem[R,0x80002104] -> 0x0000B24C
f31 <- 0xFFFFFFFF0000B24C


mem[X,0x800007D4] -> 0x0313
mem[X,0x800007D6] -> 0x0200
[506] [M]: 0x800007D4 (0x02000313) addi t1, zero, 32
x6 <- 0x00000020


mem[X,0x800007D8] -> 0x1073
mem[X,0x800007DA] -> 0x0033
[507] [M]: 0x800007D8 (0x00331073) csrrw zero, fcsr, t1
CSR fcsr -> 0x00000010
CSR fcsr <- 0x00000020 (input: 0x00000020)


mem[X,0x800007DC] -> 0xFFD3
mem[X,0x800007DE] -> 0xC41F
[508] [M]: 0x800007DC (0xC41FFFD3) fcvt.wu.h t6, ft11, dyn
x31 <- 0xFFFFFFFF


mem[X,0x800007E0] -> 0x24F3
mem[X,0x800007E2] -> 0x0030
[509] [M]: 0x800007E0 (0x003024F3) csrrs s1, fcsr, zero
CSR fcsr -> 0x00000030
x9 <- 0x00000030


mem[X,0x800007E4] -> 0xA823
mem[X,0x800007E6] -> 0x11F2
[510] [M]: 0x800007E4 (0x11F2A823) sw t6, 272(t0)
mem[0x800024FC] <- 0xFFFFFFFF


mem[X,0x800007E8] -> 0xAA23
mem[X,0x800007EA] -> 0x1092
[511] [M]: 0x800007E8 (0x1092AA23) sw s1, 276(t0)
mem[0x80002500] <- 0x00000030


mem[X,0x800007EC] -> 0x2F87
mem[X,0x800007EE] -> 0x0984
[512] [M]: 0x800007EC (0x09842F87) flw ft11, 152(fp)
mem[R,0x80002108] -> 0x0000B24C
f31 <- 0xFFFFFFFF0000B24C


mem[X,0x800007F0] -> 0x0313
mem[X,0x800007F2] -> 0x0400
[513] [M]: 0x800007F0 (0x04000313) addi t1, zero, 64
x6 <- 0x00000040


mem[X,0x800007F4] -> 0x1073
mem[X,0x800007F6] -> 0x0033
[514] [M]: 0x800007F4 (0x00331073) csrrw zero, fcsr, t1
CSR fcsr -> 0x00000030
CSR fcsr <- 0x00000040 (input: 0x00000040)


mem[X,0x800007F8] -> 0xFFD3
mem[X,0x800007FA] -> 0xC41F
[515] [M]: 0x800007F8 (0xC41FFFD3) fcvt.wu.h t6, ft11, dyn
x31 <- 0xFFFFFFFF


mem[X,0x800007FC] -> 0x24F3
mem[X,0x800007FE] -> 0x0030
[516] [M]: 0x800007FC (0x003024F3) csrrs s1, fcsr, zero
CSR fcsr -> 0x00000050
x9 <- 0x00000050


mem[X,0x80000800] -> 0xAC23
mem[X,0x80000802] -> 0x11F2
[517] [M]: 0x80000800 (0x11F2AC23) sw t6, 280(t0)
mem[0x80002504] <- 0xFFFFFFFF


mem[X,0x80000804] -> 0xAE23
mem[X,0x80000806] -> 0x1092
[518] [M]: 0x80000804 (0x1092AE23) sw s1, 284(t0)
mem[0x80002508] <- 0x00000050


mem[X,0x80000808] -> 0x2F87
mem[X,0x8000080A] -> 0x09C4
[519] [M]: 0x80000808 (0x09C42F87) flw ft11, 156(fp)
mem[R,0x8000210C] -> 0x0000B24C
f31 <- 0xFFFFFFFF0000B24C


mem[X,0x8000080C] -> 0x0313
mem[X,0x8000080E] -> 0x0600
[520] [M]: 0x8000080C (0x06000313) addi t1, zero, 96
x6 <- 0x00000060


mem[X,0x80000810] -> 0x1073
mem[X,0x80000812] -> 0x0033
[521] [M]: 0x80000810 (0x00331073) csrrw zero, fcsr, t1
CSR fcsr -> 0x00000050
CSR fcsr <- 0x00000060 (input: 0x00000060)


mem[X,0x80000814] -> 0xFFD3
mem[X,0x80000816] -> 0xC41F
[522] [M]: 0x80000814 (0xC41FFFD3) fcvt.wu.h t6, ft11, dyn
x31 <- 0xFFFFFFFF


mem[X,0x80000818] -> 0x24F3
mem[X,0x8000081A] -> 0x0030
[523] [M]: 0x80000818 (0x003024F3) csrrs s1, fcsr, zero
CSR fcsr -> 0x00000070
x9 <- 0x00000070


mem[X,0x8000081C] -> 0xA023
mem[X,0x8000081E] -> 0x13F2
[524] [M]: 0x8000081C (0x13F2A023) sw t6, 288(t0)
mem[0x8000250C] <- 0xFFFFFFFF


mem[X,0x80000820] -> 0xA223
mem[X,0x80000822] -> 0x1292
[525] [M]: 0x80000820 (0x1292A223) sw s1, 292(t0)
mem[0x80002510] <- 0x00000070


mem[X,0x80000824] -> 0x2F87
mem[X,0x80000826] -> 0x0A04
[526] [M]: 0x80000824 (0x0A042F87) flw ft11, 160(fp)
mem[R,0x80002110] -> 0x0000B24C
f31 <- 0xFFFFFFFF0000B24C


mem[X,0x80000828] -> 0x0313
mem[X,0x8000082A] -> 0x0800
[527] [M]: 0x80000828 (0x08000313) addi t1, zero, 128
x6 <- 0x00000080


mem[X,0x8000082C] -> 0x1073
mem[X,0x8000082E] -> 0x0033
[528] [M]: 0x8000082C (0x00331073) csrrw zero, fcsr, t1
CSR fcsr -> 0x00000070
CSR fcsr <- 0x00000080 (input: 0x00000080)


mem[X,0x80000830] -> 0xFFD3
mem[X,0x80000832] -> 0xC41F
[529] [M]: 0x80000830 (0xC41FFFD3) fcvt.wu.h t6, ft11, dyn
x31 <- 0xFFFFFFFF


mem[X,0x80000834] -> 0x24F3
mem[X,0x80000836] -> 0x0030
[530] [M]: 0x80000834 (0x003024F3) csrrs s1, fcsr, zero
CSR fcsr -> 0x00000090
x9 <- 0x00000090


mem[X,0x80000838] -> 0xA423
mem[X,0x8000083A] -> 0x13F2
[531] [M]: 0x80000838 (0x13F2A423) sw t6, 296(t0)
mem[0x80002514] <- 0xFFFFFFFF


mem[X,0x8000083C] -> 0xA623
mem[X,0x8000083E] -> 0x1292
[532] [M]: 0x8000083C (0x1292A623) sw s1, 300(t0)
mem[0x80002518] <- 0x00000090


mem[X,0x80000840] -> 0x2F87
mem[X,0x80000842] -> 0x0A44
[533] [M]: 0x80000840 (0x0A442F87) flw ft11, 164(fp)
mem[R,0x80002114] -> 0x0000B24D
f31 <- 0xFFFFFFFF0000B24D


mem[X,0x80000844] -> 0x0313
mem[X,0x80000846] -> 0x0000
[534] [M]: 0x80000844 (0x00000313) addi t1, zero, 0
x6 <- 0x00000000


mem[X,0x80000848] -> 0x1073
mem[X,0x8000084A] -> 0x0033
[535] [M]: 0x80000848 (0x00331073) csrrw zero, fcsr, t1
CSR fcsr -> 0x00000090
CSR fcsr <- 0x00000000 (input: 0x00000000)


mem[X,0x8000084C] -> 0xFFD3
mem[X,0x8000084E] -> 0xC41F
[536] [M]: 0x8000084C (0xC41FFFD3) fcvt.wu.h t6, ft11, dyn
x31 <- 0xFFFFFFFF


mem[X,0x80000850] -> 0x24F3
mem[X,0x80000852] -> 0x0030
[537] [M]: 0x80000850 (0x003024F3) csrrs s1, fcsr, zero
CSR fcsr -> 0x00000010
x9 <- 0x00000010


mem[X,0x80000854] -> 0xA823
mem[X,0x80000856] -> 0x13F2
[538] [M]: 0x80000854 (0x13F2A823) sw t6, 304(t0)
mem[0x8000251C] <- 0xFFFFFFFF


mem[X,0x80000858] -> 0xAA23
mem[X,0x8000085A] -> 0x1292
[539] [M]: 0x80000858 (0x1292AA23) sw s1, 308(t0)
mem[0x80002520] <- 0x00000010


mem[X,0x8000085C] -> 0x2F87
mem[X,0x8000085E] -> 0x0A84
[540] [M]: 0x8000085C (0x0A842F87) flw ft11, 168(fp)
mem[R,0x80002118] -> 0x0000B24D
f31 <- 0xFFFFFFFF0000B24D


mem[X,0x80000860] -> 0x0313
mem[X,0x80000862] -> 0x0200
[541] [M]: 0x80000860 (0x02000313) addi t1, zero, 32
x6 <- 0x00000020


mem[X,0x80000864] -> 0x1073
mem[X,0x80000866] -> 0x0033
[542] [M]: 0x80000864 (0x00331073) csrrw zero, fcsr, t1
CSR fcsr -> 0x00000010
CSR fcsr <- 0x00000020 (input: 0x00000020)


mem[X,0x80000868] -> 0xFFD3
mem[X,0x8000086A] -> 0xC41F
[543] [M]: 0x80000868 (0xC41FFFD3) fcvt.wu.h t6, ft11, dyn
x31 <- 0xFFFFFFFF


mem[X,0x8000086C] -> 0x24F3
mem[X,0x8000086E] -> 0x0030
[544] [M]: 0x8000086C (0x003024F3) csrrs s1, fcsr, zero
CSR fcsr -> 0x00000030
x9 <- 0x00000030


mem[X,0x80000870] -> 0xAC23
mem[X,0x80000872] -> 0x13F2
[545] [M]: 0x80000870 (0x13F2AC23) sw t6, 312(t0)
mem[0x80002524] <- 0xFFFFFFFF


mem[X,0x80000874] -> 0xAE23
mem[X,0x80000876] -> 0x1292
[546] [M]: 0x80000874 (0x1292AE23) sw s1, 316(t0)
mem[0x80002528] <- 0x00000030


mem[X,0x80000878] -> 0x2F87
mem[X,0x8000087A] -> 0x0AC4
[547] [M]: 0x80000878 (0x0AC42F87) flw ft11, 172(fp)
mem[R,0x8000211C] -> 0x0000B24D
f31 <- 0xFFFFFFFF0000B24D


mem[X,0x8000087C] -> 0x0313
mem[X,0x8000087E] -> 0x0400
[548] [M]: 0x8000087C (0x04000313) addi t1, zero, 64
x6 <- 0x00000040


mem[X,0x80000880] -> 0x1073
mem[X,0x80000882] -> 0x0033
[549] [M]: 0x80000880 (0x00331073) csrrw zero, fcsr, t1
CSR fcsr -> 0x00000030
CSR fcsr <- 0x00000040 (input: 0x00000040)


mem[X,0x80000884] -> 0xFFD3
mem[X,0x80000886] -> 0xC41F
[550] [M]: 0x80000884 (0xC41FFFD3) fcvt.wu.h t6, ft11, dyn
x31 <- 0xFFFFFFFF


mem[X,0x80000888] -> 0x24F3
mem[X,0x8000088A] -> 0x0030
[551] [M]: 0x80000888 (0x003024F3) csrrs s1, fcsr, zero
CSR fcsr -> 0x00000050
x9 <- 0x00000050


mem[X,0x8000088C] -> 0xA023
mem[X,0x8000088E] -> 0x15F2
[552] [M]: 0x8000088C (0x15F2A023) sw t6, 320(t0)
mem[0x8000252C] <- 0xFFFFFFFF


mem[X,0x80000890] -> 0xA223
mem[X,0x80000892] -> 0x1492
[553] [M]: 0x80000890 (0x1492A223) sw s1, 324(t0)
mem[0x80002530] <- 0x00000050


mem[X,0x80000894] -> 0x2F87
mem[X,0x80000896] -> 0x0B04
[554] [M]: 0x80000894 (0x0B042F87) flw ft11, 176(fp)
mem[R,0x80002120] -> 0x0000B24D
f31 <- 0xFFFFFFFF0000B24D


mem[X,0x80000898] -> 0x0313
mem[X,0x8000089A] -> 0x0600
[555] [M]: 0x80000898 (0x06000313) addi t1, zero, 96
x6 <- 0x00000060


mem[X,0x8000089C] -> 0x1073
mem[X,0x8000089E] -> 0x0033
[556] [M]: 0x8000089C (0x00331073) csrrw zero, fcsr, t1
CSR fcsr -> 0x00000050
CSR fcsr <- 0x00000060 (input: 0x00000060)


mem[X,0x800008A0] -> 0xFFD3
mem[X,0x800008A2] -> 0xC41F
[557] [M]: 0x800008A0 (0xC41FFFD3) fcvt.wu.h t6, ft11, dyn
x31 <- 0xFFFFFFFF


mem[X,0x800008A4] -> 0x24F3
mem[X,0x800008A6] -> 0x0030
[558] [M]: 0x800008A4 (0x003024F3) csrrs s1, fcsr, zero
CSR fcsr -> 0x00000070
x9 <- 0x00000070


mem[X,0x800008A8] -> 0xA423
mem[X,0x800008AA] -> 0x15F2
[559] [M]: 0x800008A8 (0x15F2A423) sw t6, 328(t0)
mem[0x80002534] <- 0xFFFFFFFF


mem[X,0x800008AC] -> 0xA623
mem[X,0x800008AE] -> 0x1492
[560] [M]: 0x800008AC (0x1492A623) sw s1, 332(t0)
mem[0x80002538] <- 0x00000070


mem[X,0x800008B0] -> 0x2F87
mem[X,0x800008B2] -> 0x0B44
[561] [M]: 0x800008B0 (0x0B442F87) flw ft11, 180(fp)
mem[R,0x80002124] -> 0x0000B24D
f31 <- 0xFFFFFFFF0000B24D


mem[X,0x800008B4] -> 0x0313
mem[X,0x800008B6] -> 0x0800
[562] [M]: 0x800008B4 (0x08000313) addi t1, zero, 128
x6 <- 0x00000080


mem[X,0x800008B8] -> 0x1073
mem[X,0x800008BA] -> 0x0033
[563] [M]: 0x800008B8 (0x00331073) csrrw zero, fcsr, t1
CSR fcsr -> 0x00000070
CSR fcsr <- 0x00000080 (input: 0x00000080)


mem[X,0x800008BC] -> 0xFFD3
mem[X,0x800008BE] -> 0xC41F
[564] [M]: 0x800008BC (0xC41FFFD3) fcvt.wu.h t6, ft11, dyn
x31 <- 0xFFFFFFFF


mem[X,0x800008C0] -> 0x24F3
mem[X,0x800008C2] -> 0x0030
[565] [M]: 0x800008C0 (0x003024F3) csrrs s1, fcsr, zero
CSR fcsr -> 0x00000090
x9 <- 0x00000090


mem[X,0x800008C4] -> 0xA823
mem[X,0x800008C6] -> 0x15F2
[566] [M]: 0x800008C4 (0x15F2A823) sw t6, 336(t0)
mem[0x8000253C] <- 0xFFFFFFFF


mem[X,0x800008C8] -> 0xAA23
mem[X,0x800008CA] -> 0x1492
[567] [M]: 0x800008C8 (0x1492AA23) sw s1, 340(t0)
mem[0x80002540] <- 0x00000090


mem[X,0x800008CC] -> 0x2F87
mem[X,0x800008CE] -> 0x0B84
[568] [M]: 0x800008CC (0x0B842F87) flw ft11, 184(fp)
mem[R,0x80002128] -> 0x0000B24E
f31 <- 0xFFFFFFFF0000B24E


mem[X,0x800008D0] -> 0x0313
mem[X,0x800008D2] -> 0x0000
[569] [M]: 0x800008D0 (0x00000313) addi t1, zero, 0
x6 <- 0x00000000


mem[X,0x800008D4] -> 0x1073
mem[X,0x800008D6] -> 0x0033
[570] [M]: 0x800008D4 (0x00331073) csrrw zero, fcsr, t1
CSR fcsr -> 0x00000090
CSR fcsr <- 0x00000000 (input: 0x00000000)


mem[X,0x800008D8] -> 0xFFD3
mem[X,0x800008DA] -> 0xC41F
[571] [M]: 0x800008D8 (0xC41FFFD3) fcvt.wu.h t6, ft11, dyn
x31 <- 0xFFFFFFFF


mem[X,0x800008DC] -> 0x24F3
mem[X,0x800008DE] -> 0x0030
[572] [M]: 0x800008DC (0x003024F3) csrrs s1, fcsr, zero
CSR fcsr -> 0x00000010
x9 <- 0x00000010


mem[X,0x800008E0] -> 0xAC23
mem[X,0x800008E2] -> 0x15F2
[573] [M]: 0x800008E0 (0x15F2AC23) sw t6, 344(t0)
mem[0x80002544] <- 0xFFFFFFFF


mem[X,0x800008E4] -> 0xAE23
mem[X,0x800008E6] -> 0x1492
[574] [M]: 0x800008E4 (0x1492AE23) sw s1, 348(t0)
mem[0x80002548] <- 0x00000010


mem[X,0x800008E8] -> 0x2F87
mem[X,0x800008EA] -> 0x0BC4
[575] [M]: 0x800008E8 (0x0BC42F87) flw ft11, 188(fp)
mem[R,0x8000212C] -> 0x0000B24E
f31 <- 0xFFFFFFFF0000B24E


mem[X,0x800008EC] -> 0x0313
mem[X,0x800008EE] -> 0x0200
[576] [M]: 0x800008EC (0x02000313) addi t1, zero, 32
x6 <- 0x00000020


mem[X,0x800008F0] -> 0x1073
mem[X,0x800008F2] -> 0x0033
[577] [M]: 0x800008F0 (0x00331073) csrrw zero, fcsr, t1
CSR fcsr -> 0x00000010
CSR fcsr <- 0x00000020 (input: 0x00000020)


mem[X,0x800008F4] -> 0xFFD3
mem[X,0x800008F6] -> 0xC41F
[578] [M]: 0x800008F4 (0xC41FFFD3) fcvt.wu.h t6, ft11, dyn
x31 <- 0xFFFFFFFF


mem[X,0x800008F8] -> 0x24F3
mem[X,0x800008FA] -> 0x0030
[579] [M]: 0x800008F8 (0x003024F3) csrrs s1, fcsr, zero
CSR fcsr -> 0x00000030
x9 <- 0x00000030


mem[X,0x800008FC] -> 0xA023
mem[X,0x800008FE] -> 0x17F2
[580] [M]: 0x800008FC (0x17F2A023) sw t6, 352(t0)
mem[0x8000254C] <- 0xFFFFFFFF


mem[X,0x80000900] -> 0xA223
mem[X,0x80000902] -> 0x1692
[581] [M]: 0x80000900 (0x1692A223) sw s1, 356(t0)
mem[0x80002550] <- 0x00000030


mem[X,0x80000904] -> 0x2F87
mem[X,0x80000906] -> 0x0C04
[582] [M]: 0x80000904 (0x0C042F87) flw ft11, 192(fp)
mem[R,0x80002130] -> 0x0000B24E
f31 <- 0xFFFFFFFF0000B24E


mem[X,0x80000908] -> 0x0313
mem[X,0x8000090A] -> 0x0400
[583] [M]: 0x80000908 (0x04000313) addi t1, zero, 64
x6 <- 0x00000040


mem[X,0x8000090C] -> 0x1073
mem[X,0x8000090E] -> 0x0033
[584] [M]: 0x8000090C (0x00331073) csrrw zero, fcsr, t1
CSR fcsr -> 0x00000030
CSR fcsr <- 0x00000040 (input: 0x00000040)


mem[X,0x80000910] -> 0xFFD3
mem[X,0x80000912] -> 0xC41F
[585] [M]: 0x80000910 (0xC41FFFD3) fcvt.wu.h t6, ft11, dyn
x31 <- 0xFFFFFFFF


mem[X,0x80000914] -> 0x24F3
mem[X,0x80000916] -> 0x0030
[586] [M]: 0x80000914 (0x003024F3) csrrs s1, fcsr, zero
CSR fcsr -> 0x00000050
x9 <- 0x00000050


mem[X,0x80000918] -> 0xA423
mem[X,0x8000091A] -> 0x17F2
[587] [M]: 0x80000918 (0x17F2A423) sw t6, 360(t0)
mem[0x80002554] <- 0xFFFFFFFF


mem[X,0x8000091C] -> 0xA623
mem[X,0x8000091E] -> 0x1692
[588] [M]: 0x8000091C (0x1692A623) sw s1, 364(t0)
mem[0x80002558] <- 0x00000050


mem[X,0x80000920] -> 0x2F87
mem[X,0x80000922] -> 0x0C44
[589] [M]: 0x80000920 (0x0C442F87) flw ft11, 196(fp)
mem[R,0x80002134] -> 0x0000B24E
f31 <- 0xFFFFFFFF0000B24E


mem[X,0x80000924] -> 0x0313
mem[X,0x80000926] -> 0x0600
[590] [M]: 0x80000924 (0x06000313) addi t1, zero, 96
x6 <- 0x00000060


mem[X,0x80000928] -> 0x1073
mem[X,0x8000092A] -> 0x0033
[591] [M]: 0x80000928 (0x00331073) csrrw zero, fcsr, t1
CSR fcsr -> 0x00000050
CSR fcsr <- 0x00000060 (input: 0x00000060)


mem[X,0x8000092C] -> 0xFFD3
mem[X,0x8000092E] -> 0xC41F
[592] [M]: 0x8000092C (0xC41FFFD3) fcvt.wu.h t6, ft11, dyn
x31 <- 0xFFFFFFFF


mem[X,0x80000930] -> 0x24F3
mem[X,0x80000932] -> 0x0030
[593] [M]: 0x80000930 (0x003024F3) csrrs s1, fcsr, zero
CSR fcsr -> 0x00000070
x9 <- 0x00000070


mem[X,0x80000934] -> 0xA823
mem[X,0x80000936] -> 0x17F2
[594] [M]: 0x80000934 (0x17F2A823) sw t6, 368(t0)
mem[0x8000255C] <- 0xFFFFFFFF


mem[X,0x80000938] -> 0xAA23
mem[X,0x8000093A] -> 0x1692
[595] [M]: 0x80000938 (0x1692AA23) sw s1, 372(t0)
mem[0x80002560] <- 0x00000070


mem[X,0x8000093C] -> 0x2F87
mem[X,0x8000093E] -> 0x0C84
[596] [M]: 0x8000093C (0x0C842F87) flw ft11, 200(fp)
mem[R,0x80002138] -> 0x0000B24E
f31 <- 0xFFFFFFFF0000B24E


mem[X,0x80000940] -> 0x0313
mem[X,0x80000942] -> 0x0800
[597] [M]: 0x80000940 (0x08000313) addi t1, zero, 128
x6 <- 0x00000080


mem[X,0x80000944] -> 0x1073
mem[X,0x80000946] -> 0x0033
[598] [M]: 0x80000944 (0x00331073) csrrw zero, fcsr, t1
CSR fcsr -> 0x00000070
CSR fcsr <- 0x00000080 (input: 0x00000080)


mem[X,0x80000948] -> 0xFFD3
mem[X,0x8000094A] -> 0xC41F
[599] [M]: 0x80000948 (0xC41FFFD3) fcvt.wu.h t6, ft11, dyn
x31 <- 0xFFFFFFFF


clint::tick mtime <- 0x0000000000000006
 clint timer pending at mtime 0x0000000000000006
htif::tick 0x0000000000000000
mem[X,0x8000094C] -> 0x24F3
mem[X,0x8000094E] -> 0x0030
[600] [M]: 0x8000094C (0x003024F3) csrrs s1, fcsr, zero
CSR fcsr -> 0x00000090
x9 <- 0x00000090


mem[X,0x80000950] -> 0xAC23
mem[X,0x80000952] -> 0x17F2
[601] [M]: 0x80000950 (0x17F2AC23) sw t6, 376(t0)
mem[0x80002564] <- 0xFFFFFFFF


mem[X,0x80000954] -> 0xAE23
mem[X,0x80000956] -> 0x1692
[602] [M]: 0x80000954 (0x1692AE23) sw s1, 380(t0)
mem[0x80002568] <- 0x00000090


mem[X,0x80000958] -> 0x2F87
mem[X,0x8000095A] -> 0x0CC4
[603] [M]: 0x80000958 (0x0CC42F87) flw ft11, 204(fp)
mem[R,0x8000213C] -> 0x0000B24F
f31 <- 0xFFFFFFFF0000B24F


mem[X,0x8000095C] -> 0x0313
mem[X,0x8000095E] -> 0x0000
[604] [M]: 0x8000095C (0x00000313) addi t1, zero, 0
x6 <- 0x00000000


mem[X,0x80000960] -> 0x1073
mem[X,0x80000962] -> 0x0033
[605] [M]: 0x80000960 (0x00331073) csrrw zero, fcsr, t1
CSR fcsr -> 0x00000090
CSR fcsr <- 0x00000000 (input: 0x00000000)


mem[X,0x80000964] -> 0xFFD3
mem[X,0x80000966] -> 0xC41F
[606] [M]: 0x80000964 (0xC41FFFD3) fcvt.wu.h t6, ft11, dyn
x31 <- 0xFFFFFFFF


mem[X,0x80000968] -> 0x24F3
mem[X,0x8000096A] -> 0x0030
[607] [M]: 0x80000968 (0x003024F3) csrrs s1, fcsr, zero
CSR fcsr -> 0x00000010
x9 <- 0x00000010


mem[X,0x8000096C] -> 0xA023
mem[X,0x8000096E] -> 0x19F2
[608] [M]: 0x8000096C (0x19F2A023) sw t6, 384(t0)
mem[0x8000256C] <- 0xFFFFFFFF


mem[X,0x80000970] -> 0xA223
mem[X,0x80000972] -> 0x1892
[609] [M]: 0x80000970 (0x1892A223) sw s1, 388(t0)
mem[0x80002570] <- 0x00000010


mem[X,0x80000974] -> 0x2F87
mem[X,0x80000976] -> 0x0D04
[610] [M]: 0x80000974 (0x0D042F87) flw ft11, 208(fp)
mem[R,0x80002140] -> 0x0000B24F
f31 <- 0xFFFFFFFF0000B24F


mem[X,0x80000978] -> 0x0313
mem[X,0x8000097A] -> 0x0200
[611] [M]: 0x80000978 (0x02000313) addi t1, zero, 32
x6 <- 0x00000020


mem[X,0x8000097C] -> 0x1073
mem[X,0x8000097E] -> 0x0033
[612] [M]: 0x8000097C (0x00331073) csrrw zero, fcsr, t1
CSR fcsr -> 0x00000010
CSR fcsr <- 0x00000020 (input: 0x00000020)


mem[X,0x80000980] -> 0xFFD3
mem[X,0x80000982] -> 0xC41F
[613] [M]: 0x80000980 (0xC41FFFD3) fcvt.wu.h t6, ft11, dyn
x31 <- 0xFFFFFFFF


mem[X,0x80000984] -> 0x24F3
mem[X,0x80000986] -> 0x0030
[614] [M]: 0x80000984 (0x003024F3) csrrs s1, fcsr, zero
CSR fcsr -> 0x00000030
x9 <- 0x00000030


mem[X,0x80000988] -> 0xA423
mem[X,0x8000098A] -> 0x19F2
[615] [M]: 0x80000988 (0x19F2A423) sw t6, 392(t0)
mem[0x80002574] <- 0xFFFFFFFF


mem[X,0x8000098C] -> 0xA623
mem[X,0x8000098E] -> 0x1892
[616] [M]: 0x8000098C (0x1892A623) sw s1, 396(t0)
mem[0x80002578] <- 0x00000030


mem[X,0x80000990] -> 0x2F87
mem[X,0x80000992] -> 0x0D44
[617] [M]: 0x80000990 (0x0D442F87) flw ft11, 212(fp)
mem[R,0x80002144] -> 0x0000B24F
f31 <- 0xFFFFFFFF0000B24F


mem[X,0x80000994] -> 0x0313
mem[X,0x80000996] -> 0x0400
[618] [M]: 0x80000994 (0x04000313) addi t1, zero, 64
x6 <- 0x00000040


mem[X,0x80000998] -> 0x1073
mem[X,0x8000099A] -> 0x0033
[619] [M]: 0x80000998 (0x00331073) csrrw zero, fcsr, t1
CSR fcsr -> 0x00000030
CSR fcsr <- 0x00000040 (input: 0x00000040)


mem[X,0x8000099C] -> 0xFFD3
mem[X,0x8000099E] -> 0xC41F
[620] [M]: 0x8000099C (0xC41FFFD3) fcvt.wu.h t6, ft11, dyn
x31 <- 0xFFFFFFFF


mem[X,0x800009A0] -> 0x24F3
mem[X,0x800009A2] -> 0x0030
[621] [M]: 0x800009A0 (0x003024F3) csrrs s1, fcsr, zero
CSR fcsr -> 0x00000050
x9 <- 0x00000050


mem[X,0x800009A4] -> 0xA823
mem[X,0x800009A6] -> 0x19F2
[622] [M]: 0x800009A4 (0x19F2A823) sw t6, 400(t0)
mem[0x8000257C] <- 0xFFFFFFFF


mem[X,0x800009A8] -> 0xAA23
mem[X,0x800009AA] -> 0x1892
[623] [M]: 0x800009A8 (0x1892AA23) sw s1, 404(t0)
mem[0x80002580] <- 0x00000050


mem[X,0x800009AC] -> 0x2F87
mem[X,0x800009AE] -> 0x0D84
[624] [M]: 0x800009AC (0x0D842F87) flw ft11, 216(fp)
mem[R,0x80002148] -> 0x0000B24F
f31 <- 0xFFFFFFFF0000B24F


mem[X,0x800009B0] -> 0x0313
mem[X,0x800009B2] -> 0x0600
[625] [M]: 0x800009B0 (0x06000313) addi t1, zero, 96
x6 <- 0x00000060


mem[X,0x800009B4] -> 0x1073
mem[X,0x800009B6] -> 0x0033
[626] [M]: 0x800009B4 (0x00331073) csrrw zero, fcsr, t1
CSR fcsr -> 0x00000050
CSR fcsr <- 0x00000060 (input: 0x00000060)


mem[X,0x800009B8] -> 0xFFD3
mem[X,0x800009BA] -> 0xC41F
[627] [M]: 0x800009B8 (0xC41FFFD3) fcvt.wu.h t6, ft11, dyn
x31 <- 0xFFFFFFFF


mem[X,0x800009BC] -> 0x24F3
mem[X,0x800009BE] -> 0x0030
[628] [M]: 0x800009BC (0x003024F3) csrrs s1, fcsr, zero
CSR fcsr -> 0x00000070
x9 <- 0x00000070


mem[X,0x800009C0] -> 0xAC23
mem[X,0x800009C2] -> 0x19F2
[629] [M]: 0x800009C0 (0x19F2AC23) sw t6, 408(t0)
mem[0x80002584] <- 0xFFFFFFFF


mem[X,0x800009C4] -> 0xAE23
mem[X,0x800009C6] -> 0x1892
[630] [M]: 0x800009C4 (0x1892AE23) sw s1, 412(t0)
mem[0x80002588] <- 0x00000070


mem[X,0x800009C8] -> 0x2F87
mem[X,0x800009CA] -> 0x0DC4
[631] [M]: 0x800009C8 (0x0DC42F87) flw ft11, 220(fp)
mem[R,0x8000214C] -> 0x0000B24F
f31 <- 0xFFFFFFFF0000B24F


mem[X,0x800009CC] -> 0x0313
mem[X,0x800009CE] -> 0x0800
[632] [M]: 0x800009CC (0x08000313) addi t1, zero, 128
x6 <- 0x00000080


mem[X,0x800009D0] -> 0x1073
mem[X,0x800009D2] -> 0x0033
[633] [M]: 0x800009D0 (0x00331073) csrrw zero, fcsr, t1
CSR fcsr -> 0x00000070
CSR fcsr <- 0x00000080 (input: 0x00000080)


mem[X,0x800009D4] -> 0xFFD3
mem[X,0x800009D6] -> 0xC41F
[634] [M]: 0x800009D4 (0xC41FFFD3) fcvt.wu.h t6, ft11, dyn
x31 <- 0xFFFFFFFF


mem[X,0x800009D8] -> 0x24F3
mem[X,0x800009DA] -> 0x0030
[635] [M]: 0x800009D8 (0x003024F3) csrrs s1, fcsr, zero
CSR fcsr -> 0x00000090
x9 <- 0x00000090


mem[X,0x800009DC] -> 0xA023
mem[X,0x800009DE] -> 0x1BF2
[636] [M]: 0x800009DC (0x1BF2A023) sw t6, 416(t0)
mem[0x8000258C] <- 0xFFFFFFFF


mem[X,0x800009E0] -> 0xA223
mem[X,0x800009E2] -> 0x1A92
[637] [M]: 0x800009E0 (0x1A92A223) sw s1, 420(t0)
mem[0x80002590] <- 0x00000090


mem[X,0x800009E4] -> 0x2F87
mem[X,0x800009E6] -> 0x0E04
[638] [M]: 0x800009E4 (0x0E042F87) flw ft11, 224(fp)
mem[R,0x80002150] -> 0x0000324E
f31 <- 0xFFFFFFFF0000324E


mem[X,0x800009E8] -> 0x0313
mem[X,0x800009EA] -> 0x0200
[639] [M]: 0x800009E8 (0x02000313) addi t1, zero, 32
x6 <- 0x00000020


mem[X,0x800009EC] -> 0x1073
mem[X,0x800009EE] -> 0x0033
[640] [M]: 0x800009EC (0x00331073) csrrw zero, fcsr, t1
CSR fcsr -> 0x00000090
CSR fcsr <- 0x00000020 (input: 0x00000020)


mem[X,0x800009F0] -> 0xFFD3
mem[X,0x800009F2] -> 0xC41F
[641] [M]: 0x800009F0 (0xC41FFFD3) fcvt.wu.h t6, ft11, dyn
x31 <- 0xFFFFFFFF


mem[X,0x800009F4] -> 0x24F3
mem[X,0x800009F6] -> 0x0030
[642] [M]: 0x800009F4 (0x003024F3) csrrs s1, fcsr, zero
CSR fcsr -> 0x00000030
x9 <- 0x00000030


mem[X,0x800009F8] -> 0xA423
mem[X,0x800009FA] -> 0x1BF2
[643] [M]: 0x800009F8 (0x1BF2A423) sw t6, 424(t0)
mem[0x80002594] <- 0xFFFFFFFF


mem[X,0x800009FC] -> 0xA623
mem[X,0x800009FE] -> 0x1A92
[644] [M]: 0x800009FC (0x1A92A623) sw s1, 428(t0)
mem[0x80002598] <- 0x00000030


mem[X,0x80000A00] -> 0x0093
mem[X,0x80000A02] -> 0x0010
[645] [M]: 0x80000A00 (0x00100093) addi ra, zero, 1
x1 <- 0x00000001


mem[X,0x80000A04] -> 0x0F17
mem[X,0x80000A06] -> 0x0000
[646] [M]: 0x80000A04 (0x00000F17) auipc t5, 0
x30 <- 0x80000A04


mem[X,0x80000A08] -> 0x2E23
mem[X,0x80000A0A] -> 0x5E1F
[647] [M]: 0x80000A08 (0x5E1F2E23) sw ra, 1532(t5)
htif[0x80001000] <- 0x00000001


mem[X,0x80000A0C] -> 0xF06F
mem[X,0x80000A0E] -> 0xFF9F
[648] [M]: 0x80000A0C (0xFF9FF06F) jal zero, 2097144


mem[X,0x80000A04] -> 0x0F17
mem[X,0x80000A06] -> 0x0000
[649] [M]: 0x80000A04 (0x00000F17) auipc t5, 0
x30 <- 0x80000A04


mem[X,0x80000A08] -> 0x2E23
mem[X,0x80000A0A] -> 0x5E1F
[650] [M]: 0x80000A08 (0x5E1F2E23) sw ra, 1532(t5)
htif[0x80001000] <- 0x00000001


mem[X,0x80000A0C] -> 0xF06F
mem[X,0x80000A0E] -> 0xFF9F
[651] [M]: 0x80000A0C (0xFF9FF06F) jal zero, 2097144


mem[X,0x80000A04] -> 0x0F17
mem[X,0x80000A06] -> 0x0000
[652] [M]: 0x80000A04 (0x00000F17) auipc t5, 0
x30 <- 0x80000A04


mem[X,0x80000A08] -> 0x2E23
mem[X,0x80000A0A] -> 0x5E1F
[653] [M]: 0x80000A08 (0x5E1F2E23) sw ra, 1532(t5)
htif[0x80001000] <- 0x00000001
htif-syscall-proxy cmd: 0x000000000001

SUCCESS
