using Reference-sail_c_simulator.signature for test-signature output.
[Sail] Allocating new block 0x80000000
tohost located at 0x80001000
[Sail] Allocating new block 0x0

Running file ref.elf.
ELF Entry @ 0x80000000
begin_signature: 0x80002210
end_signature: 0x80002360
CSR mstatus <- 0x00000000 (input: 0x00000000)
mem[X,0x00001000] -> 0x0297
mem[X,0x00001002] -> 0x0000
[0] [M]: 0x00001000 (0x00000297) auipc t0, 0
x5 <- 0x00001000


mem[X,0x00001004] -> 0x8593
mem[X,0x00001006] -> 0x0202
[1] [M]: 0x00001004 (0x02028593) addi a1, t0, 32
x11 <- 0x00001020


mem[X,0x00001008] -> 0x2573
mem[X,0x0000100A] -> 0xF140
[2] [M]: 0x00001008 (0xF1402573) csrrs a0, mhartid, zero
CSR mhartid -> 0x00000000
x10 <- 0x00000000


mem[X,0x0000100C] -> 0xA283
mem[X,0x0000100E] -> 0x0182
[3] [M]: 0x0000100C (0x0182A283) lw t0, 24(t0)
mem[R,0x00001018] -> 0x80000000
x5 <- 0x80000000


mem[X,0x00001010] -> 0x8067
mem[X,0x00001012] -> 0x0002
[4] [M]: 0x00001010 (0x00028067) jalr zero, t0, 0


mem[X,0x80000000] -> 0xC0B7
mem[X,0x80000002] -> 0xFEED
[5] [M]: 0x80000000 (0xFEEDC0B7) lui ra, 1044188
x1 <- 0xFEEDC000


mem[X,0x80000004] -> 0x8093
mem[X,0x80000006] -> 0xEAD0
[6] [M]: 0x80000004 (0xEAD08093) addi ra, ra, 3757
x1 <- 0xFEEDBEAD


mem[X,0x80000008] -> 0xE137
mem[X,0x8000000A] -> 0xFF76
[7] [M]: 0x80000008 (0xFF76E137) lui sp, 1046382
x2 <- 0xFF76E000


mem[X,0x8000000C] -> 0x0113
mem[X,0x8000000E] -> 0xF561
[8] [M]: 0x8000000C (0xF5610113) addi sp, sp, 3926
x2 <- 0xFF76DF56


mem[X,0x80000010] -> 0x71B7
mem[X,0x80000012] -> 0x7FBB
[9] [M]: 0x80000010 (0x7FBB71B7) lui gp, 523191
x3 <- 0x7FBB7000


mem[X,0x80000014] -> 0x8193
mem[X,0x80000016] -> 0xFAB1
[10] [M]: 0x80000014 (0xFAB18193) addi gp, gp, 4011
x3 <- 0x7FBB6FAB


mem[X,0x80000018] -> 0xB237
mem[X,0x8000001A] -> 0xBFDD
[11] [M]: 0x80000018 (0xBFDDB237) lui tp, 785883
x4 <- 0xBFDDB000


mem[X,0x8000001C] -> 0x0213
mem[X,0x8000001E] -> 0x7D52
[12] [M]: 0x8000001C (0x7D520213) addi tp, tp, 2005
x4 <- 0xBFDDB7D5


mem[X,0x80000020] -> 0x0297
mem[X,0x80000022] -> 0x0000
[13] [M]: 0x80000020 (0x00000297) auipc t0, 0
x5 <- 0x80000020


mem[X,0x80000024] -> 0x8293
mem[X,0x80000026] -> 0x0D82
[14] [M]: 0x80000024 (0x0D828293) addi t0, t0, 216
x5 <- 0x800000F8


mem[X,0x80000028] -> 0x2317
mem[X,0x8000002A] -> 0x0000
[15] [M]: 0x80000028 (0x00002317) auipc t1, 2
x6 <- 0x80002028


mem[X,0x8000002C] -> 0x0313
mem[X,0x8000002E] -> 0xFD83
[16] [M]: 0x8000002C (0xFD830313) addi t1, t1, 4056
x6 <- 0x80002000


mem[X,0x80000030] -> 0xB3B7
mem[X,0x80000032] -> 0xB7FB
[17] [M]: 0x80000030 (0xB7FBB3B7) lui t2, 753595
x7 <- 0xB7FBB000


mem[X,0x80000034] -> 0x8393
mem[X,0x80000036] -> 0x6FA3
[18] [M]: 0x80000034 (0x6FA38393) addi t2, t2, 1786
x7 <- 0xB7FBB6FA


mem[X,0x80000038] -> 0xE437
mem[X,0x8000003A] -> 0x5BFD
[19] [M]: 0x80000038 (0x5BFDE437) lui fp, 376798
x8 <- 0x5BFDE000


mem[X,0x8000003C] -> 0x0413
mem[X,0x8000003E] -> 0xB7D4
[20] [M]: 0x8000003C (0xB7D40413) addi fp, fp, 2941
x8 <- 0x5BFDDB7D


mem[X,0x80000040] -> 0xF4B7
mem[X,0x80000042] -> 0xADFE
[21] [M]: 0x80000040 (0xADFEF4B7) lui s1, 712687
x9 <- 0xADFEF000


mem[X,0x80000044] -> 0x8493
mem[X,0x80000046] -> 0xDBE4
[22] [M]: 0x80000044 (0xDBE48493) addi s1, s1, 3518
x9 <- 0xADFEEDBE


mem[X,0x80000048] -> 0x7537
mem[X,0x8000004A] -> 0x56FF
[23] [M]: 0x80000048 (0x56FF7537) lui a0, 356343
x10 <- 0x56FF7000


mem[X,0x8000004C] -> 0x0513
mem[X,0x8000004E] -> 0x6DF5
[24] [M]: 0x8000004C (0x6DF50513) addi a0, a0, 1759
x10 <- 0x56FF76DF


mem[X,0x80000050] -> 0xC5B7
mem[X,0x80000052] -> 0xAB7F
[25] [M]: 0x80000050 (0xAB7FC5B7) lui a1, 702460
x11 <- 0xAB7FC000


mem[X,0x80000054] -> 0x8593
mem[X,0x80000056] -> 0xB6F5
[26] [M]: 0x80000054 (0xB6F58593) addi a1, a1, 2927
x11 <- 0xAB7FBB6F


mem[X,0x80000058] -> 0xE637
mem[X,0x8000005A] -> 0xD5BF
[27] [M]: 0x80000058 (0xD5BFE637) lui a2, 875518
x12 <- 0xD5BFE000


mem[X,0x8000005C] -> 0x0613
mem[X,0x8000005E] -> 0xDB76
[28] [M]: 0x8000005C (0xDB760613) addi a2, a2, 3511
x12 <- 0xD5BFDDB7


mem[X,0x80000060] -> 0xF6B7
mem[X,0x80000062] -> 0xEADF
[29] [M]: 0x80000060 (0xEADFF6B7) lui a3, 962047
x13 <- 0xEADFF000


mem[X,0x80000064] -> 0x8693
mem[X,0x80000066] -> 0xEDB6
[30] [M]: 0x80000064 (0xEDB68693) addi a3, a3, 3803
x13 <- 0xEADFEEDB


mem[X,0x80000068] -> 0xF737
mem[X,0x8000006A] -> 0xF56F
[31] [M]: 0x80000068 (0xF56FF737) lui a4, 1005311
x14 <- 0xF56FF000


mem[X,0x8000006C] -> 0x0713
mem[X,0x8000006E] -> 0x76D7
[32] [M]: 0x8000006C (0x76D70713) addi a4, a4, 1901
x14 <- 0xF56FF76D


mem[X,0x80000070] -> 0x07B7
mem[X,0x80000072] -> 0xFAB8
[33] [M]: 0x80000070 (0xFAB807B7) lui a5, 1026944
x15 <- 0xFAB80000


mem[X,0x80000074] -> 0x8793
mem[X,0x80000076] -> 0xBB67
[34] [M]: 0x80000074 (0xBB678793) addi a5, a5, 2998
x15 <- 0xFAB7FBB6


mem[X,0x80000078] -> 0x0837
mem[X,0x8000007A] -> 0x7D5C
[35] [M]: 0x80000078 (0x7D5C0837) lui a6, 513472
x16 <- 0x7D5C0000


mem[X,0x8000007C] -> 0x0813
mem[X,0x8000007E] -> 0xDDB8
[36] [M]: 0x8000007C (0xDDB80813) addi a6, a6, 3547
x16 <- 0x7D5BFDDB


mem[X,0x80000080] -> 0x08B7
mem[X,0x80000082] -> 0xBEAE
[37] [M]: 0x80000080 (0xBEAE08B7) lui a7, 781024
x17 <- 0xBEAE0000


mem[X,0x80000084] -> 0x8893
mem[X,0x80000086] -> 0xEED8
[38] [M]: 0x80000084 (0xEED88893) addi a7, a7, 3821
x17 <- 0xBEADFEED


mem[X,0x80000088] -> 0x0937
mem[X,0x8000008A] -> 0xDF57
[39] [M]: 0x80000088 (0xDF570937) lui s2, 914800
x18 <- 0xDF570000


mem[X,0x8000008C] -> 0x0913
mem[X,0x8000008E] -> 0xF769
[40] [M]: 0x8000008C (0xF7690913) addi s2, s2, 3958
x18 <- 0xDF56FF76


mem[X,0x80000090] -> 0x89B7
mem[X,0x80000092] -> 0x6FAB
[41] [M]: 0x80000090 (0x6FAB89B7) lui s3, 457400
x19 <- 0x6FAB8000


mem[X,0x80000094] -> 0x8993
mem[X,0x80000096] -> 0xFBB9
[42] [M]: 0x80000094 (0xFBB98993) addi s3, s3, 4027
x19 <- 0x6FAB7FBB


mem[X,0x80000098] -> 0xCA37
mem[X,0x8000009A] -> 0xB7D5
[43] [M]: 0x80000098 (0xB7D5CA37) lui s4, 752988
x20 <- 0xB7D5C000


mem[X,0x8000009C] -> 0x0A13
mem[X,0x8000009E] -> 0xFDDA
[44] [M]: 0x8000009C (0xFDDA0A13) addi s4, s4, 4061
x20 <- 0xB7D5BFDD


mem[X,0x800000A0] -> 0xEAB7
mem[X,0x800000A2] -> 0xDBEA
[45] [M]: 0x800000A0 (0xDBEAEAB7) lui s5, 900782
x21 <- 0xDBEAE000


mem[X,0x800000A4] -> 0x8A93
mem[X,0x800000A6] -> 0xFEEA
[46] [M]: 0x800000A4 (0xFEEA8A93) addi s5, s5, 4078
x21 <- 0xDBEADFEE


mem[X,0x800000A8] -> 0x7B37
mem[X,0x800000AA] -> 0x6DF5
[47] [M]: 0x800000A8 (0x6DF57B37) lui s6, 450391
x22 <- 0x6DF57000


mem[X,0x800000AC] -> 0x0B13
mem[X,0x800000AE] -> 0xFF7B
[48] [M]: 0x800000AC (0xFF7B0B13) addi s6, s6, 4087
x22 <- 0x6DF56FF7


mem[X,0x800000B0] -> 0xBBB7
mem[X,0x800000B2] -> 0xB6FA
[49] [M]: 0x800000B0 (0xB6FABBB7) lui s7, 749483
x23 <- 0xB6FAB000


mem[X,0x800000B4] -> 0x8B93
mem[X,0x800000B6] -> 0x7FBB
[50] [M]: 0x800000B4 (0x7FBB8B93) addi s7, s7, 2043
x23 <- 0xB6FAB7FB


mem[X,0x800000B8] -> 0x6C37
mem[X,0x800000BA] -> 0xDB7D
[51] [M]: 0x800000B8 (0xDB7D6C37) lui s8, 899030
x24 <- 0xDB7D6000


mem[X,0x800000BC] -> 0x0C13
mem[X,0x800000BE] -> 0xBFDC
[52] [M]: 0x800000BC (0xBFDC0C13) addi s8, s8, 3069
x24 <- 0xDB7D5BFD


mem[X,0x800000C0] -> 0xBCB7
mem[X,0x800000C2] -> 0xEDBE
[53] [M]: 0x800000C0 (0xEDBEBCB7) lui s9, 973803
x25 <- 0xEDBEB000


mem[X,0x800000C4] -> 0x8C93
mem[X,0x800000C6] -> 0xDFEC
[54] [M]: 0x800000C4 (0xDFEC8C93) addi s9, s9, 3582
x25 <- 0xEDBEADFE


mem[X,0x800000C8] -> 0x5D37
mem[X,0x800000CA] -> 0x76DF
[55] [M]: 0x800000C8 (0x76DF5D37) lui s10, 486901
x26 <- 0x76DF5000


mem[X,0x800000CC] -> 0x0D13
mem[X,0x800000CE] -> 0x6FFD
[56] [M]: 0x800000CC (0x6FFD0D13) addi s10, s10, 1791
x26 <- 0x76DF56FF


mem[X,0x800000D0] -> 0xBDB7
mem[X,0x800000D2] -> 0xBB6F
[57] [M]: 0x800000D0 (0xBB6FBDB7) lui s11, 767739
x27 <- 0xBB6FB000


mem[X,0x800000D4] -> 0x8D93
mem[X,0x800000D6] -> 0xB7FD
[58] [M]: 0x800000D4 (0xB7FD8D93) addi s11, s11, 2943
x27 <- 0xBB6FAB7F


mem[X,0x800000D8] -> 0xDE37
mem[X,0x800000DA] -> 0xDDB7
[59] [M]: 0x800000D8 (0xDDB7DE37) lui t3, 908157
x28 <- 0xDDB7D000


mem[X,0x800000DC] -> 0x0E13
mem[X,0x800000DE] -> 0x5BFE
[60] [M]: 0x800000DC (0x5BFE0E13) addi t3, t3, 1471
x28 <- 0xDDB7D5BF


mem[X,0x800000E0] -> 0xFEB7
mem[X,0x800000E2] -> 0xEEDB
[61] [M]: 0x800000E0 (0xEEDBFEB7) lui t4, 978367
x29 <- 0xEEDBF000


mem[X,0x800000E4] -> 0x8E93
mem[X,0x800000E6] -> 0xADFE
[62] [M]: 0x800000E4 (0xADFE8E93) addi t4, t4, 2783
x29 <- 0xEEDBEADF


mem[X,0x800000E8] -> 0xFF37
mem[X,0x800000EA] -> 0xF76D
[63] [M]: 0x800000E8 (0xF76DFF37) lui t5, 1013471
x30 <- 0xF76DF000


mem[X,0x800000EC] -> 0x0F13
mem[X,0x800000EE] -> 0x56FF
[64] [M]: 0x800000EC (0x56FF0F13) addi t5, t5, 1391
x30 <- 0xF76DF56F


mem[X,0x800000F0] -> 0x0FB7
mem[X,0x800000F2] -> 0xFBB7
[65] [M]: 0x800000F0 (0xFBB70FB7) lui t6, 1031024
x31 <- 0xFBB70000


mem[X,0x800000F4] -> 0x8F93
mem[X,0x800000F6] -> 0xAB7F
[66] [M]: 0x800000F4 (0xAB7F8F93) addi t6, t6, 2743
x31 <- 0xFBB6FAB7


mem[X,0x800000F8] -> 0x2537
mem[X,0x800000FA] -> 0x0000
[67] [M]: 0x800000F8 (0x00002537) lui a0, 2
x10 <- 0x00002000


mem[X,0x800000FC] -> 0x2073
mem[X,0x800000FE] -> 0x3005
[68] [M]: 0x800000FC (0x30052073) csrrs zero, mstatus, a0
CSR mstatus -> 0x00000000
CSR mstatus <- 0x00002000 (input: 0x00002000)


mem[X,0x80000100] -> 0x5073
mem[X,0x80000102] -> 0x0030
[69] [M]: 0x80000100 (0x00305073) csrrwi zero, fcsr, 0
CSR fcsr -> 0x00000000
CSR fcsr <- 0x00000000 (input: 0x00000000)


mem[X,0x80000104] -> 0x2197
mem[X,0x80000106] -> 0x0000
[70] [M]: 0x80000104 (0x00002197) auipc gp, 2
x3 <- 0x80002104


mem[X,0x80000108] -> 0x8193
mem[X,0x8000010A] -> 0xF0C1
[71] [M]: 0x80000108 (0xF0C18193) addi gp, gp, 3852
x3 <- 0x80002010


mem[X,0x8000010C] -> 0x2097
mem[X,0x8000010E] -> 0x0000
[72] [M]: 0x8000010C (0x00002097) auipc ra, 2
x1 <- 0x8000210C


mem[X,0x80000110] -> 0x8093
mem[X,0x80000112] -> 0x1080
[73] [M]: 0x80000110 (0x10808093) addi ra, ra, 264
x1 <- 0x80002214


mem[X,0x80000114] -> 0xAF87
mem[X,0x80000116] -> 0x0001
[74] [M]: 0x80000114 (0x0001AF87) flw ft11, 0(gp)
mem[R,0x80002010] -> 0x00003249
f31 <- 0xFFFFFFFF00003249


mem[X,0x80000118] -> 0x0113
mem[X,0x8000011A] -> 0x0000
[75] [M]: 0x80000118 (0x00000113) addi sp, zero, 0
x2 <- 0x00000000


mem[X,0x8000011C] -> 0x1073
mem[X,0x8000011E] -> 0x0031
[76] [M]: 0x8000011C (0x00311073) csrrw zero, fcsr, sp
CSR fcsr -> 0x00000000
CSR fcsr <- 0x00000000 (input: 0x00000000)


mem[X,0x80000120] -> 0xFFD3
mem[X,0x80000122] -> 0xC40F
[77] [M]: 0x80000120 (0xC40FFFD3) fcvt.w.h t6, ft11, dyn
x31 <- 0x7FFFFFFF


mem[X,0x80000124] -> 0x2273
mem[X,0x80000126] -> 0x0030
[78] [M]: 0x80000124 (0x00302273) csrrs tp, fcsr, zero
CSR fcsr -> 0x00000010
x4 <- 0x00000010


mem[X,0x80000128] -> 0xA023
mem[X,0x8000012A] -> 0x01F0
[79] [M]: 0x80000128 (0x01F0A023) sw t6, 0(ra)
mem[0x80002214] <- 0x7FFFFFFF


mem[X,0x8000012C] -> 0xA223
mem[X,0x8000012E] -> 0x0040
[80] [M]: 0x8000012C (0x0040A223) sw tp, 4(ra)
mem[0x80002218] <- 0x00000010


mem[X,0x80000130] -> 0xAF07
mem[X,0x80000132] -> 0x0041
[81] [M]: 0x80000130 (0x0041AF07) flw ft10, 4(gp)
mem[R,0x80002014] -> 0x000035B7
f30 <- 0xFFFFFFFF000035B7


mem[X,0x80000134] -> 0x0113
mem[X,0x80000136] -> 0x0000
[82] [M]: 0x80000134 (0x00000113) addi sp, zero, 0
x2 <- 0x00000000


mem[X,0x80000138] -> 0x1073
mem[X,0x8000013A] -> 0x0031
[83] [M]: 0x80000138 (0x00311073) csrrw zero, fcsr, sp
CSR fcsr -> 0x00000010
CSR fcsr <- 0x00000000 (input: 0x00000000)


mem[X,0x8000013C] -> 0x7F53
mem[X,0x8000013E] -> 0xC40F
[84] [M]: 0x8000013C (0xC40F7F53) fcvt.w.h t5, ft10, dyn
x30 <- 0x7FFFFFFF


mem[X,0x80000140] -> 0x2273
mem[X,0x80000142] -> 0x0030
[85] [M]: 0x80000140 (0x00302273) csrrs tp, fcsr, zero
CSR fcsr -> 0x00000010
x4 <- 0x00000010


mem[X,0x80000144] -> 0xA423
mem[X,0x80000146] -> 0x01E0
[86] [M]: 0x80000144 (0x01E0A423) sw t5, 8(ra)
mem[0x8000221C] <- 0x7FFFFFFF


mem[X,0x80000148] -> 0xA623
mem[X,0x8000014A] -> 0x0040
[87] [M]: 0x80000148 (0x0040A623) sw tp, 12(ra)
mem[0x80002220] <- 0x00000010


mem[X,0x8000014C] -> 0xAE87
mem[X,0x8000014E] -> 0x0081
[88] [M]: 0x8000014C (0x0081AE87) flw ft9, 8(gp)
mem[R,0x80002018] -> 0x00003A4F
f29 <- 0xFFFFFFFF00003A4F


mem[X,0x80000150] -> 0x0113
mem[X,0x80000152] -> 0x0000
[89] [M]: 0x80000150 (0x00000113) addi sp, zero, 0
x2 <- 0x00000000


mem[X,0x80000154] -> 0x1073
mem[X,0x80000156] -> 0x0031
[90] [M]: 0x80000154 (0x00311073) csrrw zero, fcsr, sp
CSR fcsr -> 0x00000010
CSR fcsr <- 0x00000000 (input: 0x00000000)


mem[X,0x80000158] -> 0xFED3
mem[X,0x8000015A] -> 0xC40E
[91] [M]: 0x80000158 (0xC40EFED3) fcvt.w.h t4, ft9, dyn
x29 <- 0x7FFFFFFF


mem[X,0x8000015C] -> 0x2273
mem[X,0x8000015E] -> 0x0030
[92] [M]: 0x8000015C (0x00302273) csrrs tp, fcsr, zero
CSR fcsr -> 0x00000010
x4 <- 0x00000010


mem[X,0x80000160] -> 0xA823
mem[X,0x80000162] -> 0x01D0
[93] [M]: 0x80000160 (0x01D0A823) sw t4, 16(ra)
mem[0x80002224] <- 0x7FFFFFFF


mem[X,0x80000164] -> 0xAA23
mem[X,0x80000166] -> 0x0040
[94] [M]: 0x80000164 (0x0040AA23) sw tp, 20(ra)
mem[0x80002228] <- 0x00000010


mem[X,0x80000168] -> 0xAE07
mem[X,0x8000016A] -> 0x00C1
[95] [M]: 0x80000168 (0x00C1AE07) flw ft8, 12(gp)
mem[R,0x8000201C] -> 0x00003CD3
f28 <- 0xFFFFFFFF00003CD3


mem[X,0x8000016C] -> 0x0113
mem[X,0x8000016E] -> 0x0000
[96] [M]: 0x8000016C (0x00000113) addi sp, zero, 0
x2 <- 0x00000000


mem[X,0x80000170] -> 0x1073
mem[X,0x80000172] -> 0x0031
[97] [M]: 0x80000170 (0x00311073) csrrw zero, fcsr, sp
CSR fcsr -> 0x00000010
CSR fcsr <- 0x00000000 (input: 0x00000000)


mem[X,0x80000174] -> 0x7E53
mem[X,0x80000176] -> 0xC40E
[98] [M]: 0x80000174 (0xC40E7E53) fcvt.w.h t3, ft8, dyn
x28 <- 0x7FFFFFFF


mem[X,0x80000178] -> 0x2273
mem[X,0x8000017A] -> 0x0030
[99] [M]: 0x80000178 (0x00302273) csrrs tp, fcsr, zero
CSR fcsr -> 0x00000010
x4 <- 0x00000010


clint::tick mtime <- 0x0000000000000001
 clint timer pending at mtime 0x0000000000000001
htif::tick 0x0000000000000000
mem[X,0x8000017C] -> 0xAC23
mem[X,0x8000017E] -> 0x01C0
[100] [M]: 0x8000017C (0x01C0AC23) sw t3, 24(ra)
mem[0x8000222C] <- 0x7FFFFFFF


mem[X,0x80000180] -> 0xAE23
mem[X,0x80000182] -> 0x0040
[101] [M]: 0x80000180 (0x0040AE23) sw tp, 28(ra)
mem[0x80002230] <- 0x00000010


mem[X,0x80000184] -> 0xAD87
mem[X,0x80000186] -> 0x0101
[102] [M]: 0x80000184 (0x0101AD87) flw fs11, 16(gp)
mem[R,0x80002020] -> 0x00004340
f27 <- 0xFFFFFFFF00004340


mem[X,0x80000188] -> 0x0113
mem[X,0x8000018A] -> 0x0000
[103] [M]: 0x80000188 (0x00000113) addi sp, zero, 0
x2 <- 0x00000000


mem[X,0x8000018C] -> 0x1073
mem[X,0x8000018E] -> 0x0031
[104] [M]: 0x8000018C (0x00311073) csrrw zero, fcsr, sp
CSR fcsr -> 0x00000010
CSR fcsr <- 0x00000000 (input: 0x00000000)


mem[X,0x80000190] -> 0xFDD3
mem[X,0x80000192] -> 0xC40D
[105] [M]: 0x80000190 (0xC40DFDD3) fcvt.w.h s11, fs11, dyn
x27 <- 0x7FFFFFFF


mem[X,0x80000194] -> 0x2273
mem[X,0x80000196] -> 0x0030
[106] [M]: 0x80000194 (0x00302273) csrrs tp, fcsr, zero
CSR fcsr -> 0x00000010
x4 <- 0x00000010


mem[X,0x80000198] -> 0xA023
mem[X,0x8000019A] -> 0x03B0
[107] [M]: 0x80000198 (0x03B0A023) sw s11, 32(ra)
mem[0x80002234] <- 0x7FFFFFFF


mem[X,0x8000019C] -> 0xA223
mem[X,0x8000019E] -> 0x0240
[108] [M]: 0x8000019C (0x0240A223) sw tp, 36(ra)
mem[0x80002238] <- 0x00000010


mem[X,0x800001A0] -> 0xAD07
mem[X,0x800001A2] -> 0x0141
[109] [M]: 0x800001A0 (0x0141AD07) flw fs10, 20(gp)
mem[R,0x80002024] -> 0x0000474B
f26 <- 0xFFFFFFFF0000474B


mem[X,0x800001A4] -> 0x0113
mem[X,0x800001A6] -> 0x0000
[110] [M]: 0x800001A4 (0x00000113) addi sp, zero, 0
x2 <- 0x00000000


mem[X,0x800001A8] -> 0x1073
mem[X,0x800001AA] -> 0x0031
[111] [M]: 0x800001A8 (0x00311073) csrrw zero, fcsr, sp
CSR fcsr -> 0x00000010
CSR fcsr <- 0x00000000 (input: 0x00000000)


mem[X,0x800001AC] -> 0x7D53
mem[X,0x800001AE] -> 0xC40D
[112] [M]: 0x800001AC (0xC40D7D53) fcvt.w.h s10, fs10, dyn
x26 <- 0x7FFFFFFF


mem[X,0x800001B0] -> 0x2273
mem[X,0x800001B2] -> 0x0030
[113] [M]: 0x800001B0 (0x00302273) csrrs tp, fcsr, zero
CSR fcsr -> 0x00000010
x4 <- 0x00000010


mem[X,0x800001B4] -> 0xA423
mem[X,0x800001B6] -> 0x03A0
[114] [M]: 0x800001B4 (0x03A0A423) sw s10, 40(ra)
mem[0x8000223C] <- 0x7FFFFFFF


mem[X,0x800001B8] -> 0xA623
mem[X,0x800001BA] -> 0x0240
[115] [M]: 0x800001B8 (0x0240A623) sw tp, 44(ra)
mem[0x80002240] <- 0x00000010


mem[X,0x800001BC] -> 0xAC87
mem[X,0x800001BE] -> 0x0181
[116] [M]: 0x800001BC (0x0181AC87) flw fs9, 24(gp)
mem[R,0x80002028] -> 0x0000CA9D
f25 <- 0xFFFFFFFF0000CA9D


mem[X,0x800001C0] -> 0x0113
mem[X,0x800001C2] -> 0x0000
[117] [M]: 0x800001C0 (0x00000113) addi sp, zero, 0
x2 <- 0x00000000


mem[X,0x800001C4] -> 0x1073
mem[X,0x800001C6] -> 0x0031
[118] [M]: 0x800001C4 (0x00311073) csrrw zero, fcsr, sp
CSR fcsr -> 0x00000010
CSR fcsr <- 0x00000000 (input: 0x00000000)


mem[X,0x800001C8] -> 0xFCD3
mem[X,0x800001CA] -> 0xC40C
[119] [M]: 0x800001C8 (0xC40CFCD3) fcvt.w.h s9, fs9, dyn
x25 <- 0x7FFFFFFF


mem[X,0x800001CC] -> 0x2273
mem[X,0x800001CE] -> 0x0030
[120] [M]: 0x800001CC (0x00302273) csrrs tp, fcsr, zero
CSR fcsr -> 0x00000010
x4 <- 0x00000010


mem[X,0x800001D0] -> 0xA823
mem[X,0x800001D2] -> 0x0390
[121] [M]: 0x800001D0 (0x0390A823) sw s9, 48(ra)
mem[0x80002244] <- 0x7FFFFFFF


mem[X,0x800001D4] -> 0xAA23
mem[X,0x800001D6] -> 0x0240
[122] [M]: 0x800001D4 (0x0240AA23) sw tp, 52(ra)
mem[0x80002248] <- 0x00000010


mem[X,0x800001D8] -> 0xAC07
mem[X,0x800001DA] -> 0x01C1
[123] [M]: 0x800001D8 (0x01C1AC07) flw fs8, 28(gp)
mem[R,0x8000202C] -> 0x00004CA4
f24 <- 0xFFFFFFFF00004CA4


mem[X,0x800001DC] -> 0x0113
mem[X,0x800001DE] -> 0x0000
[124] [M]: 0x800001DC (0x00000113) addi sp, zero, 0
x2 <- 0x00000000


mem[X,0x800001E0] -> 0x1073
mem[X,0x800001E2] -> 0x0031
[125] [M]: 0x800001E0 (0x00311073) csrrw zero, fcsr, sp
CSR fcsr -> 0x00000010
CSR fcsr <- 0x00000000 (input: 0x00000000)


mem[X,0x800001E4] -> 0x7C53
mem[X,0x800001E6] -> 0xC40C
[126] [M]: 0x800001E4 (0xC40C7C53) fcvt.w.h s8, fs8, dyn
x24 <- 0x7FFFFFFF


mem[X,0x800001E8] -> 0x2273
mem[X,0x800001EA] -> 0x0030
[127] [M]: 0x800001E8 (0x00302273) csrrs tp, fcsr, zero
CSR fcsr -> 0x00000010
x4 <- 0x00000010


mem[X,0x800001EC] -> 0xAC23
mem[X,0x800001EE] -> 0x0380
[128] [M]: 0x800001EC (0x0380AC23) sw s8, 56(ra)
mem[0x8000224C] <- 0x7FFFFFFF


mem[X,0x800001F0] -> 0xAE23
mem[X,0x800001F2] -> 0x0240
[129] [M]: 0x800001F0 (0x0240AE23) sw tp, 60(ra)
mem[0x80002250] <- 0x00000010


mem[X,0x800001F4] -> 0xAB87
mem[X,0x800001F6] -> 0x0201
[130] [M]: 0x800001F4 (0x0201AB87) flw fs7, 32(gp)
mem[R,0x80002030] -> 0x00005215
f23 <- 0xFFFFFFFF00005215


mem[X,0x800001F8] -> 0x0113
mem[X,0x800001FA] -> 0x0000
[131] [M]: 0x800001F8 (0x00000113) addi sp, zero, 0
x2 <- 0x00000000


mem[X,0x800001FC] -> 0x1073
mem[X,0x800001FE] -> 0x0031
[132] [M]: 0x800001FC (0x00311073) csrrw zero, fcsr, sp
CSR fcsr -> 0x00000010
CSR fcsr <- 0x00000000 (input: 0x00000000)


mem[X,0x80000200] -> 0xFBD3
mem[X,0x80000202] -> 0xC40B
[133] [M]: 0x80000200 (0xC40BFBD3) fcvt.w.h s7, fs7, dyn
x23 <- 0x7FFFFFFF


mem[X,0x80000204] -> 0x2273
mem[X,0x80000206] -> 0x0030
[134] [M]: 0x80000204 (0x00302273) csrrs tp, fcsr, zero
CSR fcsr -> 0x00000010
x4 <- 0x00000010


mem[X,0x80000208] -> 0xA023
mem[X,0x8000020A] -> 0x0570
[135] [M]: 0x80000208 (0x0570A023) sw s7, 64(ra)
mem[0x80002254] <- 0x7FFFFFFF


mem[X,0x8000020C] -> 0xA223
mem[X,0x8000020E] -> 0x0440
[136] [M]: 0x8000020C (0x0440A223) sw tp, 68(ra)
mem[0x80002258] <- 0x00000010


mem[X,0x80000210] -> 0xAB07
mem[X,0x80000212] -> 0x0241
[137] [M]: 0x80000210 (0x0241AB07) flw fs6, 36(gp)
mem[R,0x80002034] -> 0x0000554F
f22 <- 0xFFFFFFFF0000554F


mem[X,0x80000214] -> 0x0113
mem[X,0x80000216] -> 0x0000
[138] [M]: 0x80000214 (0x00000113) addi sp, zero, 0
x2 <- 0x00000000


mem[X,0x80000218] -> 0x1073
mem[X,0x8000021A] -> 0x0031
[139] [M]: 0x80000218 (0x00311073) csrrw zero, fcsr, sp
CSR fcsr -> 0x00000010
CSR fcsr <- 0x00000000 (input: 0x00000000)


mem[X,0x8000021C] -> 0x7B53
mem[X,0x8000021E] -> 0xC40B
[140] [M]: 0x8000021C (0xC40B7B53) fcvt.w.h s6, fs6, dyn
x22 <- 0x7FFFFFFF


mem[X,0x80000220] -> 0x2273
mem[X,0x80000222] -> 0x0030
[141] [M]: 0x80000220 (0x00302273) csrrs tp, fcsr, zero
CSR fcsr -> 0x00000010
x4 <- 0x00000010


mem[X,0x80000224] -> 0xA423
mem[X,0x80000226] -> 0x0560
[142] [M]: 0x80000224 (0x0560A423) sw s6, 72(ra)
mem[0x8000225C] <- 0x7FFFFFFF


mem[X,0x80000228] -> 0xA623
mem[X,0x8000022A] -> 0x0440
[143] [M]: 0x80000228 (0x0440A623) sw tp, 76(ra)
mem[0x80002260] <- 0x00000010


mem[X,0x8000022C] -> 0xAA87
mem[X,0x8000022E] -> 0x0281
[144] [M]: 0x8000022C (0x0281AA87) flw fs5, 40(gp)
mem[R,0x80002038] -> 0x0000D8FF
f21 <- 0xFFFFFFFF0000D8FF


mem[X,0x80000230] -> 0x0113
mem[X,0x80000232] -> 0x0000
[145] [M]: 0x80000230 (0x00000113) addi sp, zero, 0
x2 <- 0x00000000


mem[X,0x80000234] -> 0x1073
mem[X,0x80000236] -> 0x0031
[146] [M]: 0x80000234 (0x00311073) csrrw zero, fcsr, sp
CSR fcsr -> 0x00000010
CSR fcsr <- 0x00000000 (input: 0x00000000)


mem[X,0x80000238] -> 0xFAD3
mem[X,0x8000023A] -> 0xC40A
[147] [M]: 0x80000238 (0xC40AFAD3) fcvt.w.h s5, fs5, dyn
x21 <- 0x7FFFFFFF


mem[X,0x8000023C] -> 0x2273
mem[X,0x8000023E] -> 0x0030
[148] [M]: 0x8000023C (0x00302273) csrrs tp, fcsr, zero
CSR fcsr -> 0x00000010
x4 <- 0x00000010


mem[X,0x80000240] -> 0xA823
mem[X,0x80000242] -> 0x0550
[149] [M]: 0x80000240 (0x0550A823) sw s5, 80(ra)
mem[0x80002264] <- 0x7FFFFFFF


mem[X,0x80000244] -> 0xAA23
mem[X,0x80000246] -> 0x0440
[150] [M]: 0x80000244 (0x0440AA23) sw tp, 84(ra)
mem[0x80002268] <- 0x00000010


mem[X,0x80000248] -> 0xAA07
mem[X,0x8000024A] -> 0x02C1
[151] [M]: 0x80000248 (0x02C1AA07) flw fs4, 44(gp)
mem[R,0x8000203C] -> 0x0000DFCF
f20 <- 0xFFFFFFFF0000DFCF


mem[X,0x8000024C] -> 0x0113
mem[X,0x8000024E] -> 0x0000
[152] [M]: 0x8000024C (0x00000113) addi sp, zero, 0
x2 <- 0x00000000


mem[X,0x80000250] -> 0x1073
mem[X,0x80000252] -> 0x0031
[153] [M]: 0x80000250 (0x00311073) csrrw zero, fcsr, sp
CSR fcsr -> 0x00000010
CSR fcsr <- 0x00000000 (input: 0x00000000)


mem[X,0x80000254] -> 0x7A53
mem[X,0x80000256] -> 0xC40A
[154] [M]: 0x80000254 (0xC40A7A53) fcvt.w.h s4, fs4, dyn
x20 <- 0x7FFFFFFF


mem[X,0x80000258] -> 0x2273
mem[X,0x8000025A] -> 0x0030
[155] [M]: 0x80000258 (0x00302273) csrrs tp, fcsr, zero
CSR fcsr -> 0x00000010
x4 <- 0x00000010


mem[X,0x8000025C] -> 0xAC23
mem[X,0x8000025E] -> 0x0540
[156] [M]: 0x8000025C (0x0540AC23) sw s4, 88(ra)
mem[0x8000226C] <- 0x7FFFFFFF


mem[X,0x80000260] -> 0xAE23
mem[X,0x80000262] -> 0x0440
[157] [M]: 0x80000260 (0x0440AE23) sw tp, 92(ra)
mem[0x80002270] <- 0x00000010


mem[X,0x80000264] -> 0xA987
mem[X,0x80000266] -> 0x0301
[158] [M]: 0x80000264 (0x0301A987) flw fs3, 48(gp)
mem[R,0x80002040] -> 0x000063FC
f19 <- 0xFFFFFFFF000063FC


mem[X,0x80000268] -> 0x0113
mem[X,0x8000026A] -> 0x0000
[159] [M]: 0x80000268 (0x00000113) addi sp, zero, 0
x2 <- 0x00000000


mem[X,0x8000026C] -> 0x1073
mem[X,0x8000026E] -> 0x0031
[160] [M]: 0x8000026C (0x00311073) csrrw zero, fcsr, sp
CSR fcsr -> 0x00000010
CSR fcsr <- 0x00000000 (input: 0x00000000)


mem[X,0x80000270] -> 0xF9D3
mem[X,0x80000272] -> 0xC409
[161] [M]: 0x80000270 (0xC409F9D3) fcvt.w.h s3, fs3, dyn
x19 <- 0x7FFFFFFF


mem[X,0x80000274] -> 0x2273
mem[X,0x80000276] -> 0x0030
[162] [M]: 0x80000274 (0x00302273) csrrs tp, fcsr, zero
CSR fcsr -> 0x00000010
x4 <- 0x00000010


mem[X,0x80000278] -> 0xA023
mem[X,0x8000027A] -> 0x0730
[163] [M]: 0x80000278 (0x0730A023) sw s3, 96(ra)
mem[0x80002274] <- 0x7FFFFFFF


mem[X,0x8000027C] -> 0xA223
mem[X,0x8000027E] -> 0x0640
[164] [M]: 0x8000027C (0x0640A223) sw tp, 100(ra)
mem[0x80002278] <- 0x00000010


mem[X,0x80000280] -> 0xA907
mem[X,0x80000282] -> 0x0341
[165] [M]: 0x80000280 (0x0341A907) flw fs2, 52(gp)
mem[R,0x80002044] -> 0x0000642D
f18 <- 0xFFFFFFFF0000642D


mem[X,0x80000284] -> 0x0113
mem[X,0x80000286] -> 0x0000
[166] [M]: 0x80000284 (0x00000113) addi sp, zero, 0
x2 <- 0x00000000


mem[X,0x80000288] -> 0x1073
mem[X,0x8000028A] -> 0x0031
[167] [M]: 0x80000288 (0x00311073) csrrw zero, fcsr, sp
CSR fcsr -> 0x00000010
CSR fcsr <- 0x00000000 (input: 0x00000000)


mem[X,0x8000028C] -> 0x7953
mem[X,0x8000028E] -> 0xC409
[168] [M]: 0x8000028C (0xC4097953) fcvt.w.h s2, fs2, dyn
x18 <- 0x7FFFFFFF


mem[X,0x80000290] -> 0x2273
mem[X,0x80000292] -> 0x0030
[169] [M]: 0x80000290 (0x00302273) csrrs tp, fcsr, zero
CSR fcsr -> 0x00000010
x4 <- 0x00000010


mem[X,0x80000294] -> 0xA423
mem[X,0x80000296] -> 0x0720
[170] [M]: 0x80000294 (0x0720A423) sw s2, 104(ra)
mem[0x8000227C] <- 0x7FFFFFFF


mem[X,0x80000298] -> 0xA623
mem[X,0x8000029A] -> 0x0640
[171] [M]: 0x80000298 (0x0640A623) sw tp, 108(ra)
mem[0x80002280] <- 0x00000010


mem[X,0x8000029C] -> 0xA887
mem[X,0x8000029E] -> 0x0381
[172] [M]: 0x8000029C (0x0381A887) flw fa7, 56(gp)
mem[R,0x80002048] -> 0x00006B70
f17 <- 0xFFFFFFFF00006B70


mem[X,0x800002A0] -> 0x0113
mem[X,0x800002A2] -> 0x0000
[173] [M]: 0x800002A0 (0x00000113) addi sp, zero, 0
x2 <- 0x00000000


mem[X,0x800002A4] -> 0x1073
mem[X,0x800002A6] -> 0x0031
[174] [M]: 0x800002A4 (0x00311073) csrrw zero, fcsr, sp
CSR fcsr -> 0x00000010
CSR fcsr <- 0x00000000 (input: 0x00000000)


mem[X,0x800002A8] -> 0xF8D3
mem[X,0x800002AA] -> 0xC408
[175] [M]: 0x800002A8 (0xC408F8D3) fcvt.w.h a7, fa7, dyn
x17 <- 0x7FFFFFFF


mem[X,0x800002AC] -> 0x2273
mem[X,0x800002AE] -> 0x0030
[176] [M]: 0x800002AC (0x00302273) csrrs tp, fcsr, zero
CSR fcsr -> 0x00000010
x4 <- 0x00000010


mem[X,0x800002B0] -> 0xA823
mem[X,0x800002B2] -> 0x0710
[177] [M]: 0x800002B0 (0x0710A823) sw a7, 112(ra)
mem[0x80002284] <- 0x7FFFFFFF


mem[X,0x800002B4] -> 0xAA23
mem[X,0x800002B6] -> 0x0640
[178] [M]: 0x800002B4 (0x0640AA23) sw tp, 116(ra)
mem[0x80002288] <- 0x00000010


mem[X,0x800002B8] -> 0xA807
mem[X,0x800002BA] -> 0x03C1
[179] [M]: 0x800002B8 (0x03C1A807) flw fa6, 60(gp)
mem[R,0x8000204C] -> 0x00006E69
f16 <- 0xFFFFFFFF00006E69


mem[X,0x800002BC] -> 0x0113
mem[X,0x800002BE] -> 0x0000
[180] [M]: 0x800002BC (0x00000113) addi sp, zero, 0
x2 <- 0x00000000


mem[X,0x800002C0] -> 0x1073
mem[X,0x800002C2] -> 0x0031
[181] [M]: 0x800002C0 (0x00311073) csrrw zero, fcsr, sp
CSR fcsr -> 0x00000010
CSR fcsr <- 0x00000000 (input: 0x00000000)


mem[X,0x800002C4] -> 0x7853
mem[X,0x800002C6] -> 0xC408
[182] [M]: 0x800002C4 (0xC4087853) fcvt.w.h a6, fa6, dyn
x16 <- 0x7FFFFFFF


mem[X,0x800002C8] -> 0x2273
mem[X,0x800002CA] -> 0x0030
[183] [M]: 0x800002C8 (0x00302273) csrrs tp, fcsr, zero
CSR fcsr -> 0x00000010
x4 <- 0x00000010


mem[X,0x800002CC] -> 0xAC23
mem[X,0x800002CE] -> 0x0700
[184] [M]: 0x800002CC (0x0700AC23) sw a6, 120(ra)
mem[0x8000228C] <- 0x7FFFFFFF


mem[X,0x800002D0] -> 0xAE23
mem[X,0x800002D2] -> 0x0640
[185] [M]: 0x800002D0 (0x0640AE23) sw tp, 124(ra)
mem[0x80002290] <- 0x00000010


mem[X,0x800002D4] -> 0xA787
mem[X,0x800002D6] -> 0x0401
[186] [M]: 0x800002D4 (0x0401A787) flw fa5, 64(gp)
mem[R,0x80002050] -> 0x00007186
f15 <- 0xFFFFFFFF00007186


mem[X,0x800002D8] -> 0x0113
mem[X,0x800002DA] -> 0x0000
[187] [M]: 0x800002D8 (0x00000113) addi sp, zero, 0
x2 <- 0x00000000


mem[X,0x800002DC] -> 0x1073
mem[X,0x800002DE] -> 0x0031
[188] [M]: 0x800002DC (0x00311073) csrrw zero, fcsr, sp
CSR fcsr -> 0x00000010
CSR fcsr <- 0x00000000 (input: 0x00000000)


mem[X,0x800002E0] -> 0xF7D3
mem[X,0x800002E2] -> 0xC407
[189] [M]: 0x800002E0 (0xC407F7D3) fcvt.w.h a5, fa5, dyn
x15 <- 0x7FFFFFFF


mem[X,0x800002E4] -> 0x2273
mem[X,0x800002E6] -> 0x0030
[190] [M]: 0x800002E4 (0x00302273) csrrs tp, fcsr, zero
CSR fcsr -> 0x00000010
x4 <- 0x00000010


mem[X,0x800002E8] -> 0xA023
mem[X,0x800002EA] -> 0x08F0
[191] [M]: 0x800002E8 (0x08F0A023) sw a5, 128(ra)
mem[0x80002294] <- 0x7FFFFFFF


mem[X,0x800002EC] -> 0xA223
mem[X,0x800002EE] -> 0x0840
[192] [M]: 0x800002EC (0x0840A223) sw tp, 132(ra)
mem[0x80002298] <- 0x00000010


mem[X,0x800002F0] -> 0xA707
mem[X,0x800002F2] -> 0x0441
[193] [M]: 0x800002F0 (0x0441A707) flw fa4, 68(gp)
mem[R,0x80002054] -> 0x0000F522
f14 <- 0xFFFFFFFF0000F522


mem[X,0x800002F4] -> 0x0113
mem[X,0x800002F6] -> 0x0000
[194] [M]: 0x800002F4 (0x00000113) addi sp, zero, 0
x2 <- 0x00000000


mem[X,0x800002F8] -> 0x1073
mem[X,0x800002FA] -> 0x0031
[195] [M]: 0x800002F8 (0x00311073) csrrw zero, fcsr, sp
CSR fcsr -> 0x00000010
CSR fcsr <- 0x00000000 (input: 0x00000000)


mem[X,0x800002FC] -> 0x7753
mem[X,0x800002FE] -> 0xC407
[196] [M]: 0x800002FC (0xC4077753) fcvt.w.h a4, fa4, dyn
x14 <- 0x7FFFFFFF


mem[X,0x80000300] -> 0x2273
mem[X,0x80000302] -> 0x0030
[197] [M]: 0x80000300 (0x00302273) csrrs tp, fcsr, zero
CSR fcsr -> 0x00000010
x4 <- 0x00000010


mem[X,0x80000304] -> 0xA423
mem[X,0x80000306] -> 0x08E0
[198] [M]: 0x80000304 (0x08E0A423) sw a4, 136(ra)
mem[0x8000229C] <- 0x7FFFFFFF


mem[X,0x80000308] -> 0xA623
mem[X,0x8000030A] -> 0x0840
[199] [M]: 0x80000308 (0x0840A623) sw tp, 140(ra)
mem[0x800022A0] <- 0x00000010


clint::tick mtime <- 0x0000000000000002
 clint timer pending at mtime 0x0000000000000002
htif::tick 0x0000000000000000
mem[X,0x8000030C] -> 0xA687
mem[X,0x8000030E] -> 0x0481
[200] [M]: 0x8000030C (0x0481A687) flw fa3, 72(gp)
mem[R,0x80002058] -> 0x00007AB3
f13 <- 0xFFFFFFFF00007AB3


mem[X,0x80000310] -> 0x0113
mem[X,0x80000312] -> 0x0000
[201] [M]: 0x80000310 (0x00000113) addi sp, zero, 0
x2 <- 0x00000000


mem[X,0x80000314] -> 0x1073
mem[X,0x80000316] -> 0x0031
[202] [M]: 0x80000314 (0x00311073) csrrw zero, fcsr, sp
CSR fcsr -> 0x00000010
CSR fcsr <- 0x00000000 (input: 0x00000000)


mem[X,0x80000318] -> 0xF6D3
mem[X,0x8000031A] -> 0xC406
[203] [M]: 0x80000318 (0xC406F6D3) fcvt.w.h a3, fa3, dyn
x13 <- 0x7FFFFFFF


mem[X,0x8000031C] -> 0x2273
mem[X,0x8000031E] -> 0x0030
[204] [M]: 0x8000031C (0x00302273) csrrs tp, fcsr, zero
CSR fcsr -> 0x00000010
x4 <- 0x00000010


mem[X,0x80000320] -> 0xA823
mem[X,0x80000322] -> 0x08D0
[205] [M]: 0x80000320 (0x08D0A823) sw a3, 144(ra)
mem[0x800022A4] <- 0x7FFFFFFF


mem[X,0x80000324] -> 0xAA23
mem[X,0x80000326] -> 0x0840
[206] [M]: 0x80000324 (0x0840AA23) sw tp, 148(ra)
mem[0x800022A8] <- 0x00000010


mem[X,0x80000328] -> 0xA607
mem[X,0x8000032A] -> 0x04C1
[207] [M]: 0x80000328 (0x04C1A607) flw fa2, 76(gp)
mem[R,0x8000205C] -> 0x00007BFF
f12 <- 0xFFFFFFFF00007BFF


mem[X,0x8000032C] -> 0x0113
mem[X,0x8000032E] -> 0x0000
[208] [M]: 0x8000032C (0x00000113) addi sp, zero, 0
x2 <- 0x00000000


mem[X,0x80000330] -> 0x1073
mem[X,0x80000332] -> 0x0031
[209] [M]: 0x80000330 (0x00311073) csrrw zero, fcsr, sp
CSR fcsr -> 0x00000010
CSR fcsr <- 0x00000000 (input: 0x00000000)


mem[X,0x80000334] -> 0x7653
mem[X,0x80000336] -> 0xC406
[210] [M]: 0x80000334 (0xC4067653) fcvt.w.h a2, fa2, dyn
x12 <- 0x7FFFFFFF


mem[X,0x80000338] -> 0x2273
mem[X,0x8000033A] -> 0x0030
[211] [M]: 0x80000338 (0x00302273) csrrs tp, fcsr, zero
CSR fcsr -> 0x00000010
x4 <- 0x00000010


mem[X,0x8000033C] -> 0xAC23
mem[X,0x8000033E] -> 0x08C0
[212] [M]: 0x8000033C (0x08C0AC23) sw a2, 152(ra)
mem[0x800022AC] <- 0x7FFFFFFF


mem[X,0x80000340] -> 0xAE23
mem[X,0x80000342] -> 0x0840
[213] [M]: 0x80000340 (0x0840AE23) sw tp, 156(ra)
mem[0x800022B0] <- 0x00000010


mem[X,0x80000344] -> 0xA587
mem[X,0x80000346] -> 0x0501
[214] [M]: 0x80000344 (0x0501A587) flw fa1, 80(gp)
mem[R,0x80002060] -> 0x000082BE
f11 <- 0xFFFFFFFF000082BE


mem[X,0x80000348] -> 0x0113
mem[X,0x8000034A] -> 0x0000
[215] [M]: 0x80000348 (0x00000113) addi sp, zero, 0
x2 <- 0x00000000


mem[X,0x8000034C] -> 0x1073
mem[X,0x8000034E] -> 0x0031
[216] [M]: 0x8000034C (0x00311073) csrrw zero, fcsr, sp
CSR fcsr -> 0x00000010
CSR fcsr <- 0x00000000 (input: 0x00000000)


mem[X,0x80000350] -> 0xF5D3
mem[X,0x80000352] -> 0xC405
[217] [M]: 0x80000350 (0xC405F5D3) fcvt.w.h a1, fa1, dyn
x11 <- 0x7FFFFFFF


mem[X,0x80000354] -> 0x2273
mem[X,0x80000356] -> 0x0030
[218] [M]: 0x80000354 (0x00302273) csrrs tp, fcsr, zero
CSR fcsr -> 0x00000010
x4 <- 0x00000010


mem[X,0x80000358] -> 0xA023
mem[X,0x8000035A] -> 0x0AB0
[219] [M]: 0x80000358 (0x0AB0A023) sw a1, 160(ra)
mem[0x800022B4] <- 0x7FFFFFFF


mem[X,0x8000035C] -> 0xA223
mem[X,0x8000035E] -> 0x0A40
[220] [M]: 0x8000035C (0x0A40A223) sw tp, 164(ra)
mem[0x800022B8] <- 0x00000010


mem[X,0x80000360] -> 0xA507
mem[X,0x80000362] -> 0x0541
[221] [M]: 0x80000360 (0x0541A507) flw fa0, 84(gp)
mem[R,0x80002064] -> 0x000086A5
f10 <- 0xFFFFFFFF000086A5


mem[X,0x80000364] -> 0x0113
mem[X,0x80000366] -> 0x0000
[222] [M]: 0x80000364 (0x00000113) addi sp, zero, 0
x2 <- 0x00000000


mem[X,0x80000368] -> 0x1073
mem[X,0x8000036A] -> 0x0031
[223] [M]: 0x80000368 (0x00311073) csrrw zero, fcsr, sp
CSR fcsr -> 0x00000010
CSR fcsr <- 0x00000000 (input: 0x00000000)


mem[X,0x8000036C] -> 0x7553
mem[X,0x8000036E] -> 0xC405
[224] [M]: 0x8000036C (0xC4057553) fcvt.w.h a0, fa0, dyn
x10 <- 0x7FFFFFFF


mem[X,0x80000370] -> 0x2273
mem[X,0x80000372] -> 0x0030
[225] [M]: 0x80000370 (0x00302273) csrrs tp, fcsr, zero
CSR fcsr -> 0x00000010
x4 <- 0x00000010


mem[X,0x80000374] -> 0xA423
mem[X,0x80000376] -> 0x0AA0
[226] [M]: 0x80000374 (0x0AA0A423) sw a0, 168(ra)
mem[0x800022BC] <- 0x7FFFFFFF


mem[X,0x80000378] -> 0xA623
mem[X,0x8000037A] -> 0x0A40
[227] [M]: 0x80000378 (0x0A40A623) sw tp, 172(ra)
mem[0x800022C0] <- 0x00000010


mem[X,0x8000037C] -> 0xA487
mem[X,0x8000037E] -> 0x0581
[228] [M]: 0x8000037C (0x0581A487) flw fs1, 88(gp)
mem[R,0x80002068] -> 0x00008888
f9 <- 0xFFFFFFFF00008888


mem[X,0x80000380] -> 0x0113
mem[X,0x80000382] -> 0x0000
[229] [M]: 0x80000380 (0x00000113) addi sp, zero, 0
x2 <- 0x00000000


mem[X,0x80000384] -> 0x1073
mem[X,0x80000386] -> 0x0031
[230] [M]: 0x80000384 (0x00311073) csrrw zero, fcsr, sp
CSR fcsr -> 0x00000010
CSR fcsr <- 0x00000000 (input: 0x00000000)


mem[X,0x80000388] -> 0xF4D3
mem[X,0x8000038A] -> 0xC404
[231] [M]: 0x80000388 (0xC404F4D3) fcvt.w.h s1, fs1, dyn
x9 <- 0x7FFFFFFF


mem[X,0x8000038C] -> 0x2273
mem[X,0x8000038E] -> 0x0030
[232] [M]: 0x8000038C (0x00302273) csrrs tp, fcsr, zero
CSR fcsr -> 0x00000010
x4 <- 0x00000010


mem[X,0x80000390] -> 0xA823
mem[X,0x80000392] -> 0x0A90
[233] [M]: 0x80000390 (0x0A90A823) sw s1, 176(ra)
mem[0x800022C4] <- 0x7FFFFFFF


mem[X,0x80000394] -> 0xAA23
mem[X,0x80000396] -> 0x0A40
[234] [M]: 0x80000394 (0x0A40AA23) sw tp, 180(ra)
mem[0x800022C8] <- 0x00000010


mem[X,0x80000398] -> 0xA407
mem[X,0x8000039A] -> 0x05C1
[235] [M]: 0x80000398 (0x05C1A407) flw fs0, 92(gp)
mem[R,0x8000206C] -> 0x00008F12
f8 <- 0xFFFFFFFF00008F12


mem[X,0x8000039C] -> 0x0113
mem[X,0x8000039E] -> 0x0000
[236] [M]: 0x8000039C (0x00000113) addi sp, zero, 0
x2 <- 0x00000000


mem[X,0x800003A0] -> 0x1073
mem[X,0x800003A2] -> 0x0031
[237] [M]: 0x800003A0 (0x00311073) csrrw zero, fcsr, sp
CSR fcsr -> 0x00000010
CSR fcsr <- 0x00000000 (input: 0x00000000)


mem[X,0x800003A4] -> 0x7453
mem[X,0x800003A6] -> 0xC404
[238] [M]: 0x800003A4 (0xC4047453) fcvt.w.h fp, fs0, dyn
x8 <- 0x7FFFFFFF


mem[X,0x800003A8] -> 0x2273
mem[X,0x800003AA] -> 0x0030
[239] [M]: 0x800003A8 (0x00302273) csrrs tp, fcsr, zero
CSR fcsr -> 0x00000010
x4 <- 0x00000010


mem[X,0x800003AC] -> 0xAC23
mem[X,0x800003AE] -> 0x0A80
[240] [M]: 0x800003AC (0x0A80AC23) sw fp, 184(ra)
mem[0x800022CC] <- 0x7FFFFFFF


mem[X,0x800003B0] -> 0xAE23
mem[X,0x800003B2] -> 0x0A40
[241] [M]: 0x800003B0 (0x0A40AE23) sw tp, 188(ra)
mem[0x800022D0] <- 0x00000010


mem[X,0x800003B4] -> 0x2417
mem[X,0x800003B6] -> 0x0000
[242] [M]: 0x800003B4 (0x00002417) auipc fp, 2
x8 <- 0x800023B4


mem[X,0x800003B8] -> 0x0413
mem[X,0x800003BA] -> 0xCBC4
[243] [M]: 0x800003B8 (0xCBC40413) addi fp, fp, 3260
x8 <- 0x80002070


mem[X,0x800003BC] -> 0x2387
mem[X,0x800003BE] -> 0x0004
[244] [M]: 0x800003BC (0x00042387) flw ft7, 0(fp)
mem[R,0x80002070] -> 0x000093ED
f7 <- 0xFFFFFFFF000093ED


mem[X,0x800003C0] -> 0x0113
mem[X,0x800003C2] -> 0x0000
[245] [M]: 0x800003C0 (0x00000113) addi sp, zero, 0
x2 <- 0x00000000


mem[X,0x800003C4] -> 0x1073
mem[X,0x800003C6] -> 0x0031
[246] [M]: 0x800003C4 (0x00311073) csrrw zero, fcsr, sp
CSR fcsr -> 0x00000010
CSR fcsr <- 0x00000000 (input: 0x00000000)


mem[X,0x800003C8] -> 0xF3D3
mem[X,0x800003CA] -> 0xC403
[247] [M]: 0x800003C8 (0xC403F3D3) fcvt.w.h t2, ft7, dyn
x7 <- 0x7FFFFFFF


mem[X,0x800003CC] -> 0x24F3
mem[X,0x800003CE] -> 0x0030
[248] [M]: 0x800003CC (0x003024F3) csrrs s1, fcsr, zero
CSR fcsr -> 0x00000010
x9 <- 0x00000010


mem[X,0x800003D0] -> 0xA023
mem[X,0x800003D2] -> 0x0C70
[249] [M]: 0x800003D0 (0x0C70A023) sw t2, 192(ra)
mem[0x800022D4] <- 0x7FFFFFFF


mem[X,0x800003D4] -> 0xA223
mem[X,0x800003D6] -> 0x0C90
[250] [M]: 0x800003D4 (0x0C90A223) sw s1, 196(ra)
mem[0x800022D8] <- 0x00000010


mem[X,0x800003D8] -> 0x2307
mem[X,0x800003DA] -> 0x0044
[251] [M]: 0x800003D8 (0x00442307) flw ft6, 4(fp)
mem[R,0x80002074] -> 0x000097E0
f6 <- 0xFFFFFFFF000097E0


mem[X,0x800003DC] -> 0x0113
mem[X,0x800003DE] -> 0x0000
[252] [M]: 0x800003DC (0x00000113) addi sp, zero, 0
x2 <- 0x00000000


mem[X,0x800003E0] -> 0x1073
mem[X,0x800003E2] -> 0x0031
[253] [M]: 0x800003E0 (0x00311073) csrrw zero, fcsr, sp
CSR fcsr -> 0x00000010
CSR fcsr <- 0x00000000 (input: 0x00000000)


mem[X,0x800003E4] -> 0x7353
mem[X,0x800003E6] -> 0xC403
[254] [M]: 0x800003E4 (0xC4037353) fcvt.w.h t1, ft6, dyn
x6 <- 0x7FFFFFFF


mem[X,0x800003E8] -> 0x24F3
mem[X,0x800003EA] -> 0x0030
[255] [M]: 0x800003E8 (0x003024F3) csrrs s1, fcsr, zero
CSR fcsr -> 0x00000010
x9 <- 0x00000010


mem[X,0x800003EC] -> 0xA423
mem[X,0x800003EE] -> 0x0C60
[256] [M]: 0x800003EC (0x0C60A423) sw t1, 200(ra)
mem[0x800022DC] <- 0x7FFFFFFF


mem[X,0x800003F0] -> 0xA623
mem[X,0x800003F2] -> 0x0C90
[257] [M]: 0x800003F0 (0x0C90A623) sw s1, 204(ra)
mem[0x800022E0] <- 0x00000010


mem[X,0x800003F4] -> 0x2287
mem[X,0x800003F6] -> 0x0084
[258] [M]: 0x800003F4 (0x00842287) flw ft5, 8(fp)
mem[R,0x80002078] -> 0x00009A74
f5 <- 0xFFFFFFFF00009A74


mem[X,0x800003F8] -> 0x0313
mem[X,0x800003FA] -> 0x0000
[259] [M]: 0x800003F8 (0x00000313) addi t1, zero, 0
x6 <- 0x00000000


mem[X,0x800003FC] -> 0x1073
mem[X,0x800003FE] -> 0x0033
[260] [M]: 0x800003FC (0x00331073) csrrw zero, fcsr, t1
CSR fcsr -> 0x00000010
CSR fcsr <- 0x00000000 (input: 0x00000000)


mem[X,0x80000400] -> 0xF2D3
mem[X,0x80000402] -> 0xC402
[261] [M]: 0x80000400 (0xC402F2D3) fcvt.w.h t0, ft5, dyn
x5 <- 0x7FFFFFFF


mem[X,0x80000404] -> 0x24F3
mem[X,0x80000406] -> 0x0030
[262] [M]: 0x80000404 (0x003024F3) csrrs s1, fcsr, zero
CSR fcsr -> 0x00000010
x9 <- 0x00000010


mem[X,0x80000408] -> 0xA823
mem[X,0x8000040A] -> 0x0C50
[263] [M]: 0x80000408 (0x0C50A823) sw t0, 208(ra)
mem[0x800022E4] <- 0x7FFFFFFF


mem[X,0x8000040C] -> 0xAA23
mem[X,0x8000040E] -> 0x0C90
[264] [M]: 0x8000040C (0x0C90AA23) sw s1, 212(ra)
mem[0x800022E8] <- 0x00000010


mem[X,0x80000410] -> 0x2297
mem[X,0x80000412] -> 0x0000
[265] [M]: 0x80000410 (0x00002297) auipc t0, 2
x5 <- 0x80002410


mem[X,0x80000414] -> 0x8293
mem[X,0x80000416] -> 0xEDC2
[266] [M]: 0x80000414 (0xEDC28293) addi t0, t0, 3804
x5 <- 0x800022EC


mem[X,0x80000418] -> 0x2207
mem[X,0x8000041A] -> 0x00C4
[267] [M]: 0x80000418 (0x00C42207) flw ft4, 12(fp)
mem[R,0x8000207C] -> 0x00009C2D
f4 <- 0xFFFFFFFF00009C2D


mem[X,0x8000041C] -> 0x0313
mem[X,0x8000041E] -> 0x0000
[268] [M]: 0x8000041C (0x00000313) addi t1, zero, 0
x6 <- 0x00000000


mem[X,0x80000420] -> 0x1073
mem[X,0x80000422] -> 0x0033
[269] [M]: 0x80000420 (0x00331073) csrrw zero, fcsr, t1
CSR fcsr -> 0x00000010
CSR fcsr <- 0x00000000 (input: 0x00000000)


mem[X,0x80000424] -> 0x7253
mem[X,0x80000426] -> 0xC402
[270] [M]: 0x80000424 (0xC4027253) fcvt.w.h tp, ft4, dyn
x4 <- 0x7FFFFFFF


mem[X,0x80000428] -> 0x24F3
mem[X,0x8000042A] -> 0x0030
[271] [M]: 0x80000428 (0x003024F3) csrrs s1, fcsr, zero
CSR fcsr -> 0x00000010
x9 <- 0x00000010


mem[X,0x8000042C] -> 0xA023
mem[X,0x8000042E] -> 0x0042
[272] [M]: 0x8000042C (0x0042A023) sw tp, 0(t0)
mem[0x800022EC] <- 0x7FFFFFFF


mem[X,0x80000430] -> 0xA223
mem[X,0x80000432] -> 0x0092
[273] [M]: 0x80000430 (0x0092A223) sw s1, 4(t0)
mem[0x800022F0] <- 0x00000010


mem[X,0x80000434] -> 0x2187
mem[X,0x80000436] -> 0x0104
[274] [M]: 0x80000434 (0x01042187) flw ft3, 16(fp)
mem[R,0x80002080] -> 0x0000A004
f3 <- 0xFFFFFFFF0000A004


mem[X,0x80000438] -> 0x0313
mem[X,0x8000043A] -> 0x0000
[275] [M]: 0x80000438 (0x00000313) addi t1, zero, 0
x6 <- 0x00000000


mem[X,0x8000043C] -> 0x1073
mem[X,0x8000043E] -> 0x0033
[276] [M]: 0x8000043C (0x00331073) csrrw zero, fcsr, t1
CSR fcsr -> 0x00000010
CSR fcsr <- 0x00000000 (input: 0x00000000)


mem[X,0x80000440] -> 0xF1D3
mem[X,0x80000442] -> 0xC401
[277] [M]: 0x80000440 (0xC401F1D3) fcvt.w.h gp, ft3, dyn
x3 <- 0x7FFFFFFF


mem[X,0x80000444] -> 0x24F3
mem[X,0x80000446] -> 0x0030
[278] [M]: 0x80000444 (0x003024F3) csrrs s1, fcsr, zero
CSR fcsr -> 0x00000010
x9 <- 0x00000010


mem[X,0x80000448] -> 0xA423
mem[X,0x8000044A] -> 0x0032
[279] [M]: 0x80000448 (0x0032A423) sw gp, 8(t0)
mem[0x800022F4] <- 0x7FFFFFFF


mem[X,0x8000044C] -> 0xA623
mem[X,0x8000044E] -> 0x0092
[280] [M]: 0x8000044C (0x0092A623) sw s1, 12(t0)
mem[0x800022F8] <- 0x00000010


mem[X,0x80000450] -> 0x2107
mem[X,0x80000452] -> 0x0144
[281] [M]: 0x80000450 (0x01442107) flw ft2, 20(fp)
mem[R,0x80002084] -> 0x0000A489
f2 <- 0xFFFFFFFF0000A489


mem[X,0x80000454] -> 0x0313
mem[X,0x80000456] -> 0x0000
[282] [M]: 0x80000454 (0x00000313) addi t1, zero, 0
x6 <- 0x00000000


mem[X,0x80000458] -> 0x1073
mem[X,0x8000045A] -> 0x0033
[283] [M]: 0x80000458 (0x00331073) csrrw zero, fcsr, t1
CSR fcsr -> 0x00000010
CSR fcsr <- 0x00000000 (input: 0x00000000)


mem[X,0x8000045C] -> 0x7153
mem[X,0x8000045E] -> 0xC401
[284] [M]: 0x8000045C (0xC4017153) fcvt.w.h sp, ft2, dyn
x2 <- 0x7FFFFFFF


mem[X,0x80000460] -> 0x24F3
mem[X,0x80000462] -> 0x0030
[285] [M]: 0x80000460 (0x003024F3) csrrs s1, fcsr, zero
CSR fcsr -> 0x00000010
x9 <- 0x00000010


mem[X,0x80000464] -> 0xA823
mem[X,0x80000466] -> 0x0022
[286] [M]: 0x80000464 (0x0022A823) sw sp, 16(t0)
mem[0x800022FC] <- 0x7FFFFFFF


mem[X,0x80000468] -> 0xAA23
mem[X,0x8000046A] -> 0x0092
[287] [M]: 0x80000468 (0x0092AA23) sw s1, 20(t0)
mem[0x80002300] <- 0x00000010


mem[X,0x8000046C] -> 0x2087
mem[X,0x8000046E] -> 0x0184
[288] [M]: 0x8000046C (0x01842087) flw ft1, 24(fp)
mem[R,0x80002088] -> 0x0000ABC3
f1 <- 0xFFFFFFFF0000ABC3


mem[X,0x80000470] -> 0x0313
mem[X,0x80000472] -> 0x0000
[289] [M]: 0x80000470 (0x00000313) addi t1, zero, 0
x6 <- 0x00000000


mem[X,0x80000474] -> 0x1073
mem[X,0x80000476] -> 0x0033
[290] [M]: 0x80000474 (0x00331073) csrrw zero, fcsr, t1
CSR fcsr -> 0x00000010
CSR fcsr <- 0x00000000 (input: 0x00000000)


mem[X,0x80000478] -> 0xF0D3
mem[X,0x8000047A] -> 0xC400
[291] [M]: 0x80000478 (0xC400F0D3) fcvt.w.h ra, ft1, dyn
x1 <- 0x7FFFFFFF


mem[X,0x8000047C] -> 0x24F3
mem[X,0x8000047E] -> 0x0030
[292] [M]: 0x8000047C (0x003024F3) csrrs s1, fcsr, zero
CSR fcsr -> 0x00000010
x9 <- 0x00000010


mem[X,0x80000480] -> 0xAC23
mem[X,0x80000482] -> 0x0012
[293] [M]: 0x80000480 (0x0012AC23) sw ra, 24(t0)
mem[0x80002304] <- 0x7FFFFFFF


mem[X,0x80000484] -> 0xAE23
mem[X,0x80000486] -> 0x0092
[294] [M]: 0x80000484 (0x0092AE23) sw s1, 28(t0)
mem[0x80002308] <- 0x00000010


mem[X,0x80000488] -> 0x2007
mem[X,0x8000048A] -> 0x01C4
[295] [M]: 0x80000488 (0x01C42007) flw ft0, 28(fp)
mem[R,0x8000208C] -> 0x0000AD36
f0 <- 0xFFFFFFFF0000AD36


mem[X,0x8000048C] -> 0x0313
mem[X,0x8000048E] -> 0x0000
[296] [M]: 0x8000048C (0x00000313) addi t1, zero, 0
x6 <- 0x00000000


mem[X,0x80000490] -> 0x1073
mem[X,0x80000492] -> 0x0033
[297] [M]: 0x80000490 (0x00331073) csrrw zero, fcsr, t1
CSR fcsr -> 0x00000010
CSR fcsr <- 0x00000000 (input: 0x00000000)


mem[X,0x80000494] -> 0x7053
mem[X,0x80000496] -> 0xC400
[298] [M]: 0x80000494 (0xC4007053) fcvt.w.h zero, ft0, dyn


mem[X,0x80000498] -> 0x24F3
mem[X,0x8000049A] -> 0x0030
[299] [M]: 0x80000498 (0x003024F3) csrrs s1, fcsr, zero
CSR fcsr -> 0x00000010
x9 <- 0x00000010


clint::tick mtime <- 0x0000000000000003
 clint timer pending at mtime 0x0000000000000003
htif::tick 0x0000000000000000
mem[X,0x8000049C] -> 0xA023
mem[X,0x8000049E] -> 0x0202
[300] [M]: 0x8000049C (0x0202A023) sw zero, 32(t0)
mem[0x8000230C] <- 0x00000000


mem[X,0x800004A0] -> 0xA223
mem[X,0x800004A2] -> 0x0292
[301] [M]: 0x800004A0 (0x0292A223) sw s1, 36(t0)
mem[0x80002310] <- 0x00000010


mem[X,0x800004A4] -> 0x2F87
mem[X,0x800004A6] -> 0x0204
[302] [M]: 0x800004A4 (0x02042F87) flw ft11, 32(fp)
mem[R,0x80002090] -> 0x0000B176
f31 <- 0xFFFFFFFF0000B176


mem[X,0x800004A8] -> 0x0313
mem[X,0x800004AA] -> 0x0000
[303] [M]: 0x800004A8 (0x00000313) addi t1, zero, 0
x6 <- 0x00000000


mem[X,0x800004AC] -> 0x1073
mem[X,0x800004AE] -> 0x0033
[304] [M]: 0x800004AC (0x00331073) csrrw zero, fcsr, t1
CSR fcsr -> 0x00000010
CSR fcsr <- 0x00000000 (input: 0x00000000)


mem[X,0x800004B0] -> 0xFFD3
mem[X,0x800004B2] -> 0xC40F
[305] [M]: 0x800004B0 (0xC40FFFD3) fcvt.w.h t6, ft11, dyn
x31 <- 0x7FFFFFFF


mem[X,0x800004B4] -> 0x24F3
mem[X,0x800004B6] -> 0x0030
[306] [M]: 0x800004B4 (0x003024F3) csrrs s1, fcsr, zero
CSR fcsr -> 0x00000010
x9 <- 0x00000010


mem[X,0x800004B8] -> 0xA423
mem[X,0x800004BA] -> 0x03F2
[307] [M]: 0x800004B8 (0x03F2A423) sw t6, 40(t0)
mem[0x80002314] <- 0x7FFFFFFF


mem[X,0x800004BC] -> 0xA623
mem[X,0x800004BE] -> 0x0292
[308] [M]: 0x800004BC (0x0292A623) sw s1, 44(t0)
mem[0x80002318] <- 0x00000010


mem[X,0x800004C0] -> 0x2F87
mem[X,0x800004C2] -> 0x0244
[309] [M]: 0x800004C0 (0x02442F87) flw ft11, 36(fp)
mem[R,0x80002094] -> 0x0000B797
f31 <- 0xFFFFFFFF0000B797


mem[X,0x800004C4] -> 0x0313
mem[X,0x800004C6] -> 0x0000
[310] [M]: 0x800004C4 (0x00000313) addi t1, zero, 0
x6 <- 0x00000000


mem[X,0x800004C8] -> 0x1073
mem[X,0x800004CA] -> 0x0033
[311] [M]: 0x800004C8 (0x00331073) csrrw zero, fcsr, t1
CSR fcsr -> 0x00000010
CSR fcsr <- 0x00000000 (input: 0x00000000)


mem[X,0x800004CC] -> 0xFFD3
mem[X,0x800004CE] -> 0xC40F
[312] [M]: 0x800004CC (0xC40FFFD3) fcvt.w.h t6, ft11, dyn
x31 <- 0x7FFFFFFF


mem[X,0x800004D0] -> 0x24F3
mem[X,0x800004D2] -> 0x0030
[313] [M]: 0x800004D0 (0x003024F3) csrrs s1, fcsr, zero
CSR fcsr -> 0x00000010
x9 <- 0x00000010


mem[X,0x800004D4] -> 0xA823
mem[X,0x800004D6] -> 0x03F2
[314] [M]: 0x800004D4 (0x03F2A823) sw t6, 48(t0)
mem[0x8000231C] <- 0x7FFFFFFF


mem[X,0x800004D8] -> 0xAA23
mem[X,0x800004DA] -> 0x0292
[315] [M]: 0x800004D8 (0x0292AA23) sw s1, 52(t0)
mem[0x80002320] <- 0x00000010


mem[X,0x800004DC] -> 0x2F87
mem[X,0x800004DE] -> 0x0284
[316] [M]: 0x800004DC (0x02842F87) flw ft11, 40(fp)
mem[R,0x80002098] -> 0x0000B941
f31 <- 0xFFFFFFFF0000B941


mem[X,0x800004E0] -> 0x0313
mem[X,0x800004E2] -> 0x0000
[317] [M]: 0x800004E0 (0x00000313) addi t1, zero, 0
x6 <- 0x00000000


mem[X,0x800004E4] -> 0x1073
mem[X,0x800004E6] -> 0x0033
[318] [M]: 0x800004E4 (0x00331073) csrrw zero, fcsr, t1
CSR fcsr -> 0x00000010
CSR fcsr <- 0x00000000 (input: 0x00000000)


mem[X,0x800004E8] -> 0xFFD3
mem[X,0x800004EA] -> 0xC40F
[319] [M]: 0x800004E8 (0xC40FFFD3) fcvt.w.h t6, ft11, dyn
x31 <- 0x7FFFFFFF


mem[X,0x800004EC] -> 0x24F3
mem[X,0x800004EE] -> 0x0030
[320] [M]: 0x800004EC (0x003024F3) csrrs s1, fcsr, zero
CSR fcsr -> 0x00000010
x9 <- 0x00000010


mem[X,0x800004F0] -> 0xAC23
mem[X,0x800004F2] -> 0x03F2
[321] [M]: 0x800004F0 (0x03F2AC23) sw t6, 56(t0)
mem[0x80002324] <- 0x7FFFFFFF


mem[X,0x800004F4] -> 0xAE23
mem[X,0x800004F6] -> 0x0292
[322] [M]: 0x800004F4 (0x0292AE23) sw s1, 60(t0)
mem[0x80002328] <- 0x00000010


mem[X,0x800004F8] -> 0x2F87
mem[X,0x800004FA] -> 0x02C4
[323] [M]: 0x800004F8 (0x02C42F87) flw ft11, 44(fp)
mem[R,0x8000209C] -> 0x0000BE32
f31 <- 0xFFFFFFFF0000BE32


mem[X,0x800004FC] -> 0x0313
mem[X,0x800004FE] -> 0x0000
[324] [M]: 0x800004FC (0x00000313) addi t1, zero, 0
x6 <- 0x00000000


mem[X,0x80000500] -> 0x1073
mem[X,0x80000502] -> 0x0033
[325] [M]: 0x80000500 (0x00331073) csrrw zero, fcsr, t1
CSR fcsr -> 0x00000010
CSR fcsr <- 0x00000000 (input: 0x00000000)


mem[X,0x80000504] -> 0xFFD3
mem[X,0x80000506] -> 0xC40F
[326] [M]: 0x80000504 (0xC40FFFD3) fcvt.w.h t6, ft11, dyn
x31 <- 0x7FFFFFFF


mem[X,0x80000508] -> 0x24F3
mem[X,0x8000050A] -> 0x0030
[327] [M]: 0x80000508 (0x003024F3) csrrs s1, fcsr, zero
CSR fcsr -> 0x00000010
x9 <- 0x00000010


mem[X,0x8000050C] -> 0xA023
mem[X,0x8000050E] -> 0x05F2
[328] [M]: 0x8000050C (0x05F2A023) sw t6, 64(t0)
mem[0x8000232C] <- 0x7FFFFFFF


mem[X,0x80000510] -> 0xA223
mem[X,0x80000512] -> 0x0492
[329] [M]: 0x80000510 (0x0492A223) sw s1, 68(t0)
mem[0x80002330] <- 0x00000010


mem[X,0x80000514] -> 0x2F87
mem[X,0x80000516] -> 0x0304
[330] [M]: 0x80000514 (0x03042F87) flw ft11, 48(fp)
mem[R,0x800020A0] -> 0x0000C1BE
f31 <- 0xFFFFFFFF0000C1BE


mem[X,0x80000518] -> 0x0313
mem[X,0x8000051A] -> 0x0000
[331] [M]: 0x80000518 (0x00000313) addi t1, zero, 0
x6 <- 0x00000000


mem[X,0x8000051C] -> 0x1073
mem[X,0x8000051E] -> 0x0033
[332] [M]: 0x8000051C (0x00331073) csrrw zero, fcsr, t1
CSR fcsr -> 0x00000010
CSR fcsr <- 0x00000000 (input: 0x00000000)


mem[X,0x80000520] -> 0xFFD3
mem[X,0x80000522] -> 0xC40F
[333] [M]: 0x80000520 (0xC40FFFD3) fcvt.w.h t6, ft11, dyn
x31 <- 0x7FFFFFFF


mem[X,0x80000524] -> 0x24F3
mem[X,0x80000526] -> 0x0030
[334] [M]: 0x80000524 (0x003024F3) csrrs s1, fcsr, zero
CSR fcsr -> 0x00000010
x9 <- 0x00000010


mem[X,0x80000528] -> 0xA423
mem[X,0x8000052A] -> 0x05F2
[335] [M]: 0x80000528 (0x05F2A423) sw t6, 72(t0)
mem[0x80002334] <- 0x7FFFFFFF


mem[X,0x8000052C] -> 0xA623
mem[X,0x8000052E] -> 0x0492
[336] [M]: 0x8000052C (0x0492A623) sw s1, 76(t0)
mem[0x80002338] <- 0x00000010


mem[X,0x80000530] -> 0x2F87
mem[X,0x80000532] -> 0x0344
[337] [M]: 0x80000530 (0x03442F87) flw ft11, 52(fp)
mem[R,0x800020A4] -> 0x0000C442
f31 <- 0xFFFFFFFF0000C442


mem[X,0x80000534] -> 0x0313
mem[X,0x80000536] -> 0x0000
[338] [M]: 0x80000534 (0x00000313) addi t1, zero, 0
x6 <- 0x00000000


mem[X,0x80000538] -> 0x1073
mem[X,0x8000053A] -> 0x0033
[339] [M]: 0x80000538 (0x00331073) csrrw zero, fcsr, t1
CSR fcsr -> 0x00000010
CSR fcsr <- 0x00000000 (input: 0x00000000)


mem[X,0x8000053C] -> 0xFFD3
mem[X,0x8000053E] -> 0xC40F
[340] [M]: 0x8000053C (0xC40FFFD3) fcvt.w.h t6, ft11, dyn
x31 <- 0x7FFFFFFF


mem[X,0x80000540] -> 0x24F3
mem[X,0x80000542] -> 0x0030
[341] [M]: 0x80000540 (0x003024F3) csrrs s1, fcsr, zero
CSR fcsr -> 0x00000010
x9 <- 0x00000010


mem[X,0x80000544] -> 0xA823
mem[X,0x80000546] -> 0x05F2
[342] [M]: 0x80000544 (0x05F2A823) sw t6, 80(t0)
mem[0x8000233C] <- 0x7FFFFFFF


mem[X,0x80000548] -> 0xAA23
mem[X,0x8000054A] -> 0x0492
[343] [M]: 0x80000548 (0x0492AA23) sw s1, 84(t0)
mem[0x80002340] <- 0x00000010


mem[X,0x8000054C] -> 0x2F87
mem[X,0x8000054E] -> 0x0384
[344] [M]: 0x8000054C (0x03842F87) flw ft11, 56(fp)
mem[R,0x800020A8] -> 0x0000A656
f31 <- 0xFFFFFFFF0000A656


mem[X,0x80000550] -> 0x0313
mem[X,0x80000552] -> 0x0000
[345] [M]: 0x80000550 (0x00000313) addi t1, zero, 0
x6 <- 0x00000000


mem[X,0x80000554] -> 0x1073
mem[X,0x80000556] -> 0x0033
[346] [M]: 0x80000554 (0x00331073) csrrw zero, fcsr, t1
CSR fcsr -> 0x00000010
CSR fcsr <- 0x00000000 (input: 0x00000000)


mem[X,0x80000558] -> 0xFFD3
mem[X,0x8000055A] -> 0xC40F
[347] [M]: 0x80000558 (0xC40FFFD3) fcvt.w.h t6, ft11, dyn
x31 <- 0x7FFFFFFF


mem[X,0x8000055C] -> 0x24F3
mem[X,0x8000055E] -> 0x0030
[348] [M]: 0x8000055C (0x003024F3) csrrs s1, fcsr, zero
CSR fcsr -> 0x00000010
x9 <- 0x00000010


mem[X,0x80000560] -> 0xAC23
mem[X,0x80000562] -> 0x05F2
[349] [M]: 0x80000560 (0x05F2AC23) sw t6, 88(t0)
mem[0x80002344] <- 0x7FFFFFFF


mem[X,0x80000564] -> 0xAE23
mem[X,0x80000566] -> 0x0492
[350] [M]: 0x80000564 (0x0492AE23) sw s1, 92(t0)
mem[0x80002348] <- 0x00000010


mem[X,0x80000568] -> 0x2F87
mem[X,0x8000056A] -> 0x03C4
[351] [M]: 0x80000568 (0x03C42F87) flw ft11, 60(fp)
mem[R,0x800020AC] -> 0x0000DA01
f31 <- 0xFFFFFFFF0000DA01


mem[X,0x8000056C] -> 0x0313
mem[X,0x8000056E] -> 0x0000
[352] [M]: 0x8000056C (0x00000313) addi t1, zero, 0
x6 <- 0x00000000


mem[X,0x80000570] -> 0x1073
mem[X,0x80000572] -> 0x0033
[353] [M]: 0x80000570 (0x00331073) csrrw zero, fcsr, t1
CSR fcsr -> 0x00000010
CSR fcsr <- 0x00000000 (input: 0x00000000)


mem[X,0x80000574] -> 0xFFD3
mem[X,0x80000576] -> 0xC40F
[354] [M]: 0x80000574 (0xC40FFFD3) fcvt.w.h t6, ft11, dyn
x31 <- 0x7FFFFFFF


mem[X,0x80000578] -> 0x24F3
mem[X,0x8000057A] -> 0x0030
[355] [M]: 0x80000578 (0x003024F3) csrrs s1, fcsr, zero
CSR fcsr -> 0x00000010
x9 <- 0x00000010


mem[X,0x8000057C] -> 0xA023
mem[X,0x8000057E] -> 0x07F2
[356] [M]: 0x8000057C (0x07F2A023) sw t6, 96(t0)
mem[0x8000234C] <- 0x7FFFFFFF


mem[X,0x80000580] -> 0xA223
mem[X,0x80000582] -> 0x0692
[357] [M]: 0x80000580 (0x0692A223) sw s1, 100(t0)
mem[0x80002350] <- 0x00000010


mem[X,0x80000584] -> 0x2F87
mem[X,0x80000586] -> 0x0404
[358] [M]: 0x80000584 (0x04042F87) flw ft11, 64(fp)
mem[R,0x800020B0] -> 0x0000AD36
f31 <- 0xFFFFFFFF0000AD36


mem[X,0x80000588] -> 0x0313
mem[X,0x8000058A] -> 0x0000
[359] [M]: 0x80000588 (0x00000313) addi t1, zero, 0
x6 <- 0x00000000


mem[X,0x8000058C] -> 0x1073
mem[X,0x8000058E] -> 0x0033
[360] [M]: 0x8000058C (0x00331073) csrrw zero, fcsr, t1
CSR fcsr -> 0x00000010
CSR fcsr <- 0x00000000 (input: 0x00000000)


mem[X,0x80000590] -> 0xFFD3
mem[X,0x80000592] -> 0xC40F
[361] [M]: 0x80000590 (0xC40FFFD3) fcvt.w.h t6, ft11, dyn
x31 <- 0x7FFFFFFF


mem[X,0x80000594] -> 0x24F3
mem[X,0x80000596] -> 0x0030
[362] [M]: 0x80000594 (0x003024F3) csrrs s1, fcsr, zero
CSR fcsr -> 0x00000010
x9 <- 0x00000010


mem[X,0x80000598] -> 0xA423
mem[X,0x8000059A] -> 0x07F2
[363] [M]: 0x80000598 (0x07F2A423) sw t6, 104(t0)
mem[0x80002354] <- 0x7FFFFFFF


mem[X,0x8000059C] -> 0xA623
mem[X,0x8000059E] -> 0x0692
[364] [M]: 0x8000059C (0x0692A623) sw s1, 108(t0)
mem[0x80002358] <- 0x00000010


mem[X,0x800005A0] -> 0x0093
mem[X,0x800005A2] -> 0x0010
[365] [M]: 0x800005A0 (0x00100093) addi ra, zero, 1
x1 <- 0x00000001


mem[X,0x800005A4] -> 0x1F17
mem[X,0x800005A6] -> 0x0000
[366] [M]: 0x800005A4 (0x00001F17) auipc t5, 1
x30 <- 0x800015A4


mem[X,0x800005A8] -> 0x2E23
mem[X,0x800005AA] -> 0xA41F
[367] [M]: 0x800005A8 (0xA41F2E23) sw ra, 2652(t5)
htif[0x80001000] <- 0x00000001


mem[X,0x800005AC] -> 0xF06F
mem[X,0x800005AE] -> 0xFF9F
[368] [M]: 0x800005AC (0xFF9FF06F) jal zero, 2097144


mem[X,0x800005A4] -> 0x1F17
mem[X,0x800005A6] -> 0x0000
[369] [M]: 0x800005A4 (0x00001F17) auipc t5, 1
x30 <- 0x800015A4


mem[X,0x800005A8] -> 0x2E23
mem[X,0x800005AA] -> 0xA41F
[370] [M]: 0x800005A8 (0xA41F2E23) sw ra, 2652(t5)
htif[0x80001000] <- 0x00000001


mem[X,0x800005AC] -> 0xF06F
mem[X,0x800005AE] -> 0xFF9F
[371] [M]: 0x800005AC (0xFF9FF06F) jal zero, 2097144


mem[X,0x800005A4] -> 0x1F17
mem[X,0x800005A6] -> 0x0000
[372] [M]: 0x800005A4 (0x00001F17) auipc t5, 1
x30 <- 0x800015A4


mem[X,0x800005A8] -> 0x2E23
mem[X,0x800005AA] -> 0xA41F
[373] [M]: 0x800005A8 (0xA41F2E23) sw ra, 2652(t5)
htif[0x80001000] <- 0x00000001
htif-syscall-proxy cmd: 0x000000000001

SUCCESS
